
======================================================================
  NEW TASK RECEIVED
  Version: 882063e
======================================================================
  Prompt: The payment from Windmill Ltd (org no. 858237033) for the invoice "Consulting Hours" (25500 NOK excl. VAT) was returned by the bank. Reverse the payment so the invoice shows the outstanding amount again.
  Files:  0
  URL:    https://tx-proxy-jwanbnu3pq-lz.a.run.app/v2
──────────────────────────────────────────────────────────────────────
  [pre] Invoice/credit/payment task detected — ensuring bank account...
    ┌─ API GET /invoice/settings
  [github] Conflict (409), retry in 3.6s (attempt 1/4)...
  [github] Log pushed: 20260322_012407_5515_invoice_ok_8iter_du_har_mottatt.log (attempt 1)
    └─ 200 OK (4.2s) id=781847
  [bank] already ready
  [pre] Bank account setup: OK

──────────────────────────────────────────────────
  ITERATION 1/25
──────────────────────────────────────────────────
  Tokens: prompt=18272 completion=45 total_session=18317
  Messages: 3 (68,106 chars)
  Tool calls (1):
    [1] tripletex_api({"method":"GET","path":"/invoice","params":{"invoiceDateFrom":"2000-01-01","invoiceDateTo":"2030-12-31"}})
    ┌─ API GET /invoice
    │  params: {"invoiceDateFrom": "2000-01-01", "invoiceDateTo": "2030-12-31"}
  [github] Log pushed: 20260322_012436_9254_supplier_invoice_ok_8iter_me_har_motteke.log (attempt 2)
    └─ 200 OK (4.7s) [2 items]
    │  response: {"fullResultSize": 2, "from": 0, "count": 2, "versionDigest": "'If-None-Match' header not specified", "values": [{"id": 2147576730, "version": 3, "url": "kkpqfuj-amager.tripletex.dev/v2/invoice/2147576730", "invoiceNumber": 1, "invoiceDate": "2026-03-01", "customer": {"id": 108331387, "url": "kkpqfuj-amager.tripletex.dev/v2/customer/108331387"}, "creditedInvoice": 0, "isCredited": false, "invoiceDueDate": "2026-03-31", "kid": "", "invoiceComment": "", "comment": "", "orders": [{"id": 401995469, "url": "kkpqfuj-amager.tripletex.dev/v2/order/401995469"}], "orderLines": [{"id": 1607537449, "url": "kkpqfuj-amager.tripletex.dev/v2/order/orderline/1607537449"}], "travelReports": [], "projectInvoiceDetails": [{"id": 1965759931, "url": "kkpqfuj-amager.tripletex.dev/v2/invoice/details/1965759931"}], "voucher": {"id": 608893537, "url": "kkpqfuj-amager.tripletex.dev/v2/ledger/voucher/608893537"}, "deliveryDate": "2026-03-01", "amount": 19000.0, "amountCurrency": 19000.0, "amountExcludingVat": 15200.0, "amountExcludingVatCurrency": 15200.0, "amountRoundoff": 0.0, "amountRoundoffCurrency": 0.0, "amountOutstanding": 19000.0, "amountCurrencyOutstanding": 19000.0, "amountOutstandingTotal": 19000.0, "amountCurrencyOutstandingTotal": 19000.0, "sumRemits": 0, "currency": {"id": 1, "url": "kkpqfuj-amager.tripletex.dev/v2/currency/1"}, "isCreditNote": false, "isCharged": true, "isApproved": false, "postings": [{"id": 3845099827, "url": "kkpqfuj-amager.tripletex.dev/v2/ledger/posting/3845099827"}]…
  Iteration 1 took 5.6s

──────────────────────────────────────────────────
  ITERATION 2/25
──────────────────────────────────────────────────
  Tokens: prompt=19473 completion=23 total_session=37813
  Messages: 5 (71,313 chars)
  Tool calls (1):
    [1] tripletex_api({"method":"GET","path":"/invoice/paymentType"})
    ┌─ API GET /invoice/paymentType
    └─ 200 OK (4.7s) [2 items]
    │  response: {"fullResultSize": 2, "from": 0, "count": 2, "versionDigest": "'If-None-Match' header not specified", "values": [{"id": 28512331, "version": 0, "url": "kkpqfuj-amager.tripletex.dev/v2/invoice/paymentType/28512331", "description": "Kontant", "displayName": "Kontant", "debitAccount": {"id": 377751361, "url": "kkpqfuj-amager.tripletex.dev/v2/ledger/account/377751361"}, "creditAccount": null, "vatType": {"id": 0, "url": "kkpqfuj-amager.tripletex.dev/v2/ledger/vatType/0"}, "sequence": 1, "customer": null, "supplier": null, "currencyId": 1, "currencyCode": "NOK"}, {"id": 28512332, "version": 0, "url": "kkpqfuj-amager.tripletex.dev/v2/invoice/paymentType/28512332", "description": "Betalt til bank", "displayName": "Betalt til bank", "debitAccount": {"id": 377751364, "url": "kkpqfuj-amager.tripletex.dev/v2/ledger/account/377751364"}, "creditAccount": null, "vatType": {"id": 0, "url": "kkpqfuj-amager.tripletex.dev/v2/ledger/vatType/0"}, "sequence": 2, "customer": null, "supplier": null, "currencyId": 1, "currencyCode": "NOK"}]}
  Iteration 2 took 5.5s

──────────────────────────────────────────────────
  ITERATION 3/25
──────────────────────────────────────────────────
  Tokens: prompt=19873 completion=63 total_session=57749
  Messages: 7 (72,346 chars)
  Tool calls (1):
    [1] tripletex_api({"method":"PUT","path":"/invoice/2147576742/:payment","params":{"paymentDate":"2026-03-22","paymentTypeId":28512332,"paidAmount":-31875,"paidAmountCurrency":-31875}})
    ┌─ API PUT /invoice/2147576742/:payment
    │  params: {"paymentDate": "2026-03-22", "paymentTypeId": 28512332, "paidAmount": -31875, "paidAmountCurrency": -31875}
    └─ 200 OK (5.0s) id=2147576742
    │  response: {"value": {"id": 2147576742, "version": 3, "url": "kkpqfuj-amager.tripletex.dev/v2/invoice/2147576742", "invoiceNumber": 2, "invoiceDate": "2026-03-01", "customer": {"id": 108331400, "url": "kkpqfuj-amager.tripletex.dev/v2/customer/108331400"}, "creditedInvoice": 0, "isCredited": false, "invoiceDueDate": "2026-03-31", "kid": "", "invoiceComment": "", "comment": "", "orders": [{"id": 401995476, "url": "kkpqfuj-amager.tripletex.dev/v2/order/401995476"}], "orderLines": [{"id": 1607537455, "url": "kkpqfuj-amager.tripletex.dev/v2/order/orderline/1607537455"}], "travelReports": [], "projectInvoiceDetails": [{"id": 1965759937, "url": "kkpqfuj-amager.tripletex.dev/v2/invoice/details/1965759937"}], "voucher": {"id": 608893543, "url": "kkpqfuj-amager.tripletex.dev/v2/ledger/voucher/608893543"}, "deliveryDate": "2026-03-01", "amount": 31875.0, "amountCurrency": 31875.0, "amountExcludingVat": 25500.0, "amountExcludingVatCurrency": 25500.0, "amountRoundoff": 0.0, "amountRoundoffCurrency": 0.0, "amountOutstanding": 31875.0, "amountCurrencyOutstanding": 31875.0, "amountOutstandingTotal": 31875.0, "amountCurrencyOutstandingTotal": 31875.0, "sumRemits": 0, "currency": {"id": 1, "url": "kkpqfuj-amager.tripletex.dev/v2/currency/1"}, "isCreditNote": false, "isCharged": true, "isApproved": false, "postings": [{"id": 3845099844, "url": "kkpqfuj-amager.tripletex.dev/v2/ledger/posting/3845099844"}, {"id": 3845099861, "url": "kkpqfuj-amager.tripletex.dev/v2/ledger/posting/3845099861"}, {"id": 3846092…
  Iteration 3 took 6.3s

──────────────────────────────────────────────────
  ITERATION 4/25
──────────────────────────────────────────────────
  Tokens: prompt=20557 completion=9 total_session=78315
  Messages: 9 (74,042 chars)
  Tool calls (1):
    [1] done()

  ⏳ Verifying task completion (267s remaining)...
  📋 Verification prompt (3057 chars):
    │ TASK: The payment from Windmill Ltd (org no. 858237033) for the invoice "Consulting Hours" (25500 NOK excl. VAT) was returned by the bank. Reverse the payment so the invoice shows the outstanding amount again.
    │ 
    │ 
    │ ACTION LOG (chronological):
    │ CALL: tripletex_api({"method":"GET","path":"/invoice","params":{"invoiceDateFrom":"2000-01-01","invoiceDateTo":"2030-12-31"}})
    │ status=ok
    │ CALL: tripletex_api({"method":"GET","path":"/invoice/paymentType"})
    │ status=ok
    │ CALL: tripletex_api({"method":"PUT","path":"/invoice/2147576742/:payment","params":{"paymentDate":"2026-03-22","paymentTypeId":28512332,"paidAmount":-31875,"paidAmountCurrency":-31875}})
    │ status=ok id=2147576742 amount=31875.0 amountCurrency=31875.0 invoiceNumber=2
    │ CALL: done({})
    │ 
    │ You are an accounting verification agent. Based ONLY on the action log above, check:
    │ 1. MATH: All amounts, percentages, VAT calculations correct? (e.g. if task says 50% of 274950, invoice total incl VAT must be 137475)
    │ 2. COMPLETENESS: Were all steps in the task done? Look at the CALL entries — if the action log shows the step was performed with status=ok, it WAS done. Do NOT say a step is missing if you can see it in the log!
    │ IMPORTANT: 'Fakturer'/'Invoice' just means create an invoice — do NOT require sending unless the task explicitly says send/sende/enviar/envoyer/senden!
    │ 3. DATA: Names, org numbers, dates match the task?
    │ 4. AMOUNTS: If any created entity shows amount=0 or totalAmount=0 in the response, that is WRONG — the postings failed silently. EXCEPTION: Supplier invoice (supplierInvoice) responses normally show amount=0 — this is OK.
    │ 5. BUDGET vs INVOICE: NEVER flag a mismatch between project budget and invoice total. For fixed-price projects the invoice excl. VAT matches the fixedprice — this is CORRECT. For other projects, invoice is based on actual work/costs. Either way, do NOT fail on budget vs invoice differences.
    │ 6. PAYMENT AMOUNTS: Invoice payments and reversals use the FULL amount INCLUDING VAT, not excl. VAT. If the task says 'X NOK excl. VAT', the correct payment/reversal amount is X × 1.25 (Norwegian 25% VAT). Do NOT flag a mismatch between excl. VAT amounts in the task and incl. VAT payment amounts.
    │ 7. VAT BREAKDOWN: If the total invoice amount matches the expected sum, do NOT fail on 'VAT breakdown not reflected' or similar vague VAT concerns. Only fail if a specific line item has the WRONG VAT rate applied.
    │ 
    │ CRITICAL: Be CONSERVATIVE. When in doubt, say PASS.
    │ Only say FAIL for CLEAR, OBJECTIVE, SPECIFIC errors (wrong math, completely missing step, wrong name).
    │ Do NOT say FAIL for: vague concerns, 'might be wrong', uncertain issues, minor stylistic differences, or steps you cannot confirm from the log (absence of evidence is NOT evidence of absence).
    │ A false FAIL causes MORE damage than a missed error. When uncertain, ALWAYS say PASS.
    │ If the action log shows all main steps completed with status=ok, say PASS.
    │ 
    │ Reply ONLY with either:
    │ - 'PASS' if everything looks correct or you are unsure
    │ - 'FAIL: <specific issue>' ONLY if there is an obvious, objective error
  🔍 Verification (864 tokens): FAIL: Payment reversal amount is incorrect. The task specifies 25500 NOK excl. VAT, which should be reversed as 25500 × 1.25 = 31875 NOK incl. VAT. The log shows a reversal of -31875, which is correct, but the task states the invoice amount is 25500 NOK excl. VAT, not the total amount. The invoice should reflect the outstanding amount of 25500 NOK excl. VAT, not the total amount.
  ⚠ Verifier said FAIL but proceeding (logged only): FAIL: Payment reversal amount is incorrect. The task specifies 25500 NOK excl. VAT, which should be reversed as 25500 × 1.25 = 31875 NOK incl. VAT. The log shows a reversal of -31875, which is correct, but the task states the invoice amount is 25500 NOK excl. VAT, not the total amount. The invoice should reflect the outstanding amount of 25500 NOK excl. VAT, not the total amount.

  ✓ DONE — 4 iterations, 78315 tokens, 22.7s

======================================================================
  TASK COMPLETE — total 25.0s
======================================================================

