
======================================================================
  NEW TASK RECEIVED
  Version: unknown
======================================================================
  Prompt: Fixez un prix forfaitaire de 342600 NOK sur le projet "Sécurité des données" pour Forêt SARL (nº org. 855570742). Le chef de projet est Lucas Leroy (lucas.leroy@example.org). Facturez au client 75 % du prix fixe comme paiement d'étape.
  Files:  0
  URL:    https://tx-proxy-jwanbnu3pq-lz.a.run.app/v2
──────────────────────────────────────────────────────────────────────
  [pre] Invoice/credit/payment task detected — ensuring bank account...
    ┌─ API GET /invoice/settings
  [gcs] Upload failed: 403 POST https://storage.googleapis.com/upload/storage/v1/b/tripletex-agent-logs/o?uploadType=multipart: {
  "error": {
    "code": 403,
    "message": "52373769937-compute@developer.gserviceaccount.com does not have storage.objects.create access to the Google Cloud Storage object. Permission 'storage.objects.create' denied on resource (or it may not exist).",
    "errors": [
      {
        "message": "52373769937-compute@developer.gserviceaccount.com does not have storage.objects.create access to the Google Cloud Storage object. Permission 'storage.objects.create' denied on resource (or it may not exist).",
        "domain": "global",
        "reason": "forbidden"
      }
    ]
  }
}
: ('Request failed with status code', 403, 'Expected one of', <HTTPStatus.OK: 200>)
    └─ 200 OK (0.7s) id=966982
    ┌─ API GET /ledger/account
    │  params: {"isBankAccount": "true", "count": 10}
  [github] Log pushed: 20260321_223738_8253_invoice_ok_11iter_registre_39_horas.log (attempt 1)
    └─ 200 OK (1.0s) [2 items]
  [bank] found account 1920 id=475608743 v=0
    ┌─ API PUT /ledger/account/475608743
    │  body:   {"id": 475608743, "version": 0, "number": 1920, "name": "Bankinnskudd", "bankAccountNumber": "15030100112"}
    └─ 200 OK (1.0s) id=475608743 name=Bankinnskudd
  [bank] bank account set OK
  [pre] Bank account setup: OK
  [pre] Employee/salary task detected — scanning employees and employment...
    ┌─ API GET /employee
    │  params: {"fields": "*"}
    └─ 200 OK (0.8s) [2 items]
    ┌─ API GET /employee/employment
    │  params: {"employeeId": 18681920, "fields": "*"}
    └─ 200 OK (0.9s) [1 items]
    ┌─ API GET /employee/employment
    │  params: {"employeeId": 18681943, "fields": "*"}
    └─ 200 OK (0.4s) [0 items]
    ┌─ API GET /company/>withLoginAccess
    └─ 200 OK (0.5s) [0 items]
    ┌─ API GET /department
    └─ 200 OK (0.4s) [1 items]
  [pre] Pre-scan complete: 2 employees found

──────────────────────────────────────────────────
  ITERATION 1/25
──────────────────────────────────────────────────
  Tokens: prompt=16725 completion=21 total_session=16746
  Messages: 3 (62,738 chars)
  Tool calls (1):
    [1] tripletex_api({"method":"POST","path":"/customer"})
    │  [fix] blocked POST without body: /customer
  Iteration 1 took 1.2s

──────────────────────────────────────────────────
  ITERATION 2/25
──────────────────────────────────────────────────
  Tokens: prompt=16812 completion=42 total_session=33600
  Messages: 5 (62,948 chars)
  Tool calls (1):
    [1] tripletex_api({"method":"POST","path":"/customer","body":{"name":"Forêt SARL","isCustomer":true,"organizationNumber":"855570742"}})
    ┌─ API POST /customer
    │  body:   {"name": "Forêt SARL", "isCustomer": true, "organizationNumber": "855570742"}
    └─ 201 OK (0.7s) id=108444436 name=Forêt SARL
    │  response: {"value": {"id": 108444436, "version": 1, "url": "kkpqfuj-amager.tripletex.dev/v2/customer/108444436", "name": "Forêt SARL", "organizationNumber": "855570742", "globalLocationNumber": 0, "supplierNumber": 0, "customerNumber": 10002, "isSupplier": false, "isCustomer": true, "isInactive": false, "accountManager": null, "department": null, "email": "", "invoiceEmail": "", "overdueNoticeEmail": "", "phoneNumber": "", "phoneNumberMobile": "", "description": "", "language": "NO", "displayName": "Forêt SARL (10002)", "isPrivateIndividual": false, "singleCustomerInvoice": false, "invoiceSendMethod": "EMAIL", "emailAttachmentType": "ATTACHMENT", "postalAddress": {"id": 405736455, "url": "kkpqfuj-amager.tripletex.dev/v2/address/405736455"}, "physicalAddress": {"id": 405736454, "url": "kkpqfuj-amager.tripletex.dev/v2/address/405736454"}, "deliveryAddress": null, "category1": null, "category2": null, "category3": null, "invoicesDueIn": 14, "invoicesDueInType": "DAYS", "currency": {"id": 1, "url": "kkpqfuj-amager.tripletex.dev/v2/currency/1"}, "bankAccountPresentation": [], "ledgerAccount": {"id": 475608687, "url": "kkpqfuj-amager.tripletex.dev/v2/ledger/account/475608687"}, "isFactoring": false, "invoiceSendSMSNotification": false, "invoiceSMSNotificationNumber": "", "isAutomaticSoftReminderEnabled": false, "isAutomaticReminderEnabled": false, "isAutomaticNoticeOfDebtCollectionEnabled": false, "discountPercentage": 0, "website": ""}}
  Iteration 2 took 1.7s

──────────────────────────────────────────────────
  ITERATION 3/25
──────────────────────────────────────────────────
  Tokens: prompt=17301 completion=60 total_session=50961
  Messages: 7 (64,393 chars)
  Tool calls (1):
    [1] tripletex_api({"method":"PUT","path":"/employee/18681943","body":{"id":18681943,"version":1,"firstName":"Lucas","lastName":"Leroy","dateOfBirth":"1990-01-01"}})
    ┌─ API PUT /employee/18681943
    │  body:   {"id": 18681943, "version": 1, "firstName": "Lucas", "lastName": "Leroy", "dateOfBirth": "1990-01-01"}
    └─ 409 ERR (0.5s) {"status": 409, "code": 8000, "message": "RevisionException", "link": "https://tripletex.no/v2-docs/", "developerMessage": null, "validationMessages": null, "requestId": "873e28c5-a2f8-42cf-802e-a70bfee0a008", "_status_code": 409}
    │  response: {"status": 409, "code": 8000, "message": "RevisionException", "link": "https://tripletex.no/v2-docs/", "developerMessage": null, "validationMessages": null, "requestId": "873e28c5-a2f8-42cf-802e-a70bfee0a008", "_status_code": 409}
  Iteration 3 took 1.5s

──────────────────────────────────────────────────
  ITERATION 4/25
──────────────────────────────────────────────────
  Tokens: prompt=17453 completion=25 total_session=68439
  Messages: 9 (64,623 chars)
  Tool calls (1):
    [1] tripletex_api({"method":"GET","path":"/employee/18681943"})
    ┌─ API GET /employee/18681943
    └─ 200 OK (0.4s) id=18681943 name=Lucas
    │  response: {"value": {"id": 18681943, "version": 2, "url": "kkpqfuj-amager.tripletex.dev/v2/employee/18681943", "firstName": "Lucas", "lastName": "Leroy", "displayName": "Lucas Leroy", "employeeNumber": "", "dateOfBirth": null, "email": "lucas.leroy@example.org", "phoneNumberMobileCountry": {"id": 161, "url": "kkpqfuj-amager.tripletex.dev/v2/country/161"}, "phoneNumberMobile": "", "phoneNumberHome": "", "phoneNumberWork": "", "nationalIdentityNumber": "", "dnumber": "", "internationalId": {"intAmeldingType": null, "country": null, "number": ""}, "bankAccountNumber": "", "iban": "", "bic": "", "creditorBankCountryId": 0, "usesAbroadPayment": false, "userType": null, "allowInformationRegistration": true, "isContact": false, "isProxy": false, "comments": "", "address": null, "department": {"id": 966149, "url": "kkpqfuj-amager.tripletex.dev/v2/department/966149"}, "employments": [], "holidayAllowanceEarned": {"year": 0, "amount": 0.0, "basis": 0.0, "amountExtraHolidayWeek": 0.0}, "employeeCategory": null, "isAuthProjectOverviewURL": true, "pictureId": 0, "companyId": 108444108, "vismaConnect2FAactive": false}}
  Iteration 4 took 1.6s

──────────────────────────────────────────────────
  ITERATION 5/25
──────────────────────────────────────────────────
  Tokens: prompt=17844 completion=60 total_session=86343
  Messages: 11 (65,735 chars)
  Tool calls (1):
    [1] tripletex_api({"method":"PUT","path":"/employee/18681943","body":{"id":18681943,"version":2,"firstName":"Lucas","lastName":"Leroy","dateOfBirth":"1990-01-01"}})
    ┌─ API PUT /employee/18681943
    │  body:   {"id": 18681943, "version": 2, "firstName": "Lucas", "lastName": "Leroy", "dateOfBirth": "1990-01-01"}
    └─ 200 OK (0.9s) id=18681943 name=Lucas
    │  [track] employee renamed successfully via PUT
    │  response: {"value": {"id": 18681943, "version": 3, "url": "kkpqfuj-amager.tripletex.dev/v2/employee/18681943", "firstName": "Lucas", "lastName": "Leroy", "displayName": "Lucas Leroy", "employeeNumber": "", "dateOfBirth": "1990-01-01", "email": "lucas.leroy@example.org", "phoneNumberMobileCountry": {"id": 161, "url": "kkpqfuj-amager.tripletex.dev/v2/country/161"}, "phoneNumberMobile": "", "phoneNumberHome": "", "phoneNumberWork": "", "nationalIdentityNumber": "", "dnumber": "", "internationalId": {"intAmeldingType": null, "country": null, "number": ""}, "bankAccountNumber": "", "iban": "", "bic": "", "creditorBankCountryId": 0, "usesAbroadPayment": false, "userType": null, "allowInformationRegistration": true, "isContact": false, "isProxy": false, "comments": "", "address": null, "department": {"id": 966149, "url": "kkpqfuj-amager.tripletex.dev/v2/department/966149"}, "employments": [], "holidayAllowanceEarned": {"year": 0, "amount": 0.0, "basis": 0.0, "amountExtraHolidayWeek": 0.0}, "employeeCategory": null, "isAuthProjectOverviewURL": true, "pictureId": 0, "companyId": 108444108, "vismaConnect2FAactive": false}}
  Iteration 5 took 1.8s

──────────────────────────────────────────────────
  ITERATION 6/25
──────────────────────────────────────────────────
  Tokens: prompt=18276 completion=52 total_session=104671
  Messages: 13 (66,855 chars)
  Tool calls (1):
    [1] tripletex_api({"method":"POST","path":"/employee/employment","body":{"employee":{"id":18681943},"startDate":"2026-03-01","division":{"id":108444108}}})
    ┌─ API GET /employee/18681943
    │  params: {"fields": "id,version,firstName,lastName,dateOfBirth"}
    └─ 200 OK (0.4s) id=18681943 name=Lucas
    ┌─ API POST /employee/employment
    │  body:   {"employee": {"id": 18681943}, "startDate": "2026-03-01", "division": {"id": 108444108}}
    └─ 422 ERR (0.4s) {"status": 422, "code": 18000, "message": "Validering feilet.", "link": "https://tripletex.no/v2-docs/", "developerMessage": "VALIDATION_ERROR", "validationMessages": [{"field": "division.id", "message": "Det er ikke mulig å knytte arbeidsforholdet til den juridiske enheten.", "path": null, "rootId": null}], "requestId": "6ca824cb-7c66-460c-b1df-1ef55cefdd2a", "_status_code": 422}
    │  [auto-fix] division.id rejected — retrying without division
    ┌─ API POST /employee/employment
    │  body:   {"employee": {"id": 18681943}, "startDate": "2026-03-01"}
    └─ 201 OK (0.5s) id=2843699
    │  [auto-fix] employment created without division OK
    │  response: {"value": {"id": 2843699, "version": 0, "url": "kkpqfuj-amager.tripletex.dev/v2/employee/employment/2843699", "employee": {"id": 18681943, "url": "kkpqfuj-amager.tripletex.dev/v2/employee/18681943"}, "employmentId": "", "startDate": "2026-03-01", "endDate": null, "employmentEndReason": null, "division": null, "lastSalaryChangeDate": null, "noEmploymentRelationship": false, "isMainEmployer": true, "taxDeductionCode": "loennFraHovedarbeidsgiver", "employmentDetails": [], "isRemoveAccessAtEmploymentEnded": false, "latestSalary": null}}
  Iteration 6 took 2.4s

──────────────────────────────────────────────────
  ITERATION 7/25
──────────────────────────────────────────────────
  Tokens: prompt=18509 completion=77 total_session=123257
  Messages: 15 (67,393 chars)
  Tool calls (1):
    [1] tripletex_api({"method":"POST","path":"/project","body":{"name":"Sécurité des données","number":"PRJ-5147","projectManager":{"id":18681943},"startDate":"2026-03-21","customer":{"id":108444436},"isFixedPrice":true,"fixedprice":342600}})
    ┌─ API POST /project
    │  body:   {"name": "Sécurité des données", "number": "PRJ-5147", "projectManager": {"id": 18681943}, "startDate": "2026-03-21", "customer": {"id": 108444436}, "isFixedPrice": true, "fixedprice": 342600}
    └─ 201 OK (0.7s) id=402042754 name=Sécurité des données
    │  [track] fixedprice project: 342600.0
    ┌─ API GET /project/402042754
    │  params: {"fields": "*"}
    └─ 200 OK (0.5s) id=402042754 name=Sécurité des données
    │  [diag] GET /project/402042754: fixedprice=342600.0, isFixedPrice=True
    │  response: {"value": {"id": 402042754, "version": 0, "url": "kkpqfuj-amager.tripletex.dev/v2/project/402042754", "name": "Sécurité des données", "number": "PRJ-5147", "displayName": "PRJ-5147 Sécurité des données", "description": "", "projectManager": {"id": 18681943, "url": "kkpqfuj-amager.tripletex.dev/v2/employee/18681943"}, "department": null, "mainProject": null, "startDate": "2026-03-21", "endDate": null, "customer": {"id": 108444436, "url": "kkpqfuj-amager.tripletex.dev/v2/customer/108444436"}, "isClosed": false, "isReadyForInvoicing": false, "isInternal": false, "isOffer": false, "isFixedPrice": true, "projectCategory": null, "deliveryAddress": null, "boligmappaAddress": null, "displayNameFormat": "NAME_STANDARD", "reference": "", "externalAccountsNumber": "", "discountPercentage": 0, "vatType": {"id": 3, "url": "kkpqfuj-amager.tripletex.dev/v2/ledger/vatType/3"}, "fixedprice": 342600, "contributionMarginPercent": 0, "numberOfSubProjects": 0, "numberOfProjectParticipants": 1, "orderLines": [], "currency": {"id": 1, "url": "kkpqfuj-amager.tripletex.dev/v2/currency/1"}, "markUpOrderLines": 0, "markUpFeesEarned": 0, "isPriceCeiling": false, "priceCeilingAmount": 0, "projectHourlyRates": [{"id": 11091368, "url": "kkpqfuj-amager.tripletex.dev/v2/project/hourlyRates/11091368"}], "forParticipantsOnly": false, "participants": [{"id": 15646249, "url": "kkpqfuj-amager.tripletex.dev/v2/project/participant/15646249"}], "contact": null, "attention": null, "invoiceComment": "", "invoicingPlan…
  Iteration 7 took 2.2s

──────────────────────────────────────────────────
  ITERATION 8/25
──────────────────────────────────────────────────
  Tokens: prompt=19263 completion=24 total_session=142544
  Messages: 17 (69,529 chars)
  Tool calls (1):
    [1] tripletex_api({"method":"GET","path":"/ledger/vatType"})
    ┌─ API GET /ledger/vatType
    └─ 200 OK (0.4s) [56 items]
    │  response: {"fullResultSize": 56, "from": 0, "count": 56, "versionDigest": "'If-None-Match' header not specified", "values": [{"id": 1, "version": 0, "url": "kkpqfuj-amager.tripletex.dev/v2/ledger/vatType/1", "name": "Fradrag inngående avgift, høy sats", "number": "1", "displayName": "1: (25%) Fradrag inngående avgift, høy sats", "percentage": 25, "deductionPercentage": 100.0, "parentType": {"id": 0, "url": "kkpqfuj-amager.tripletex.dev/v2/ledger/vatType/0"}}, {"id": 2, "version": 0, "url": "kkpqfuj-amager.tripletex.dev/v2/ledger/vatType/2", "name": "Direktepostert fradrag inngående avgift, høy sats (mva-kode utgikk 01.01.2017)", "number": "UT-2", "displayName": "UT-2: (100%) Direktepostert fradrag inngående avgift, høy sats (mva-kode utgikk 01.01.2017)", "percentage": 100.0, "deductionPercentage": 100.0, "parentType": {"id": 0, "url": "kkpqfuj-amager.tripletex.dev/v2/ledger/vatType/0"}}, {"id": 3, "version": 0, "url": "kkpqfuj-amager.tripletex.dev/v2/ledger/vatType/3", "name": "Utgående avgift, høy sats", "number": "3", "displayName": "3: (25%) Utgående avgift, høy sats", "percentage": 25, "deductionPercentage": 100.0, "parentType": {"id": 0, "url": "kkpqfuj-amager.tripletex.dev/v2/ledger/vatType/0"}}, {"id": 4, "version": 0, "url": "kkpqfuj-amager.tripletex.dev/v2/ledger/vatType/4", "name": "Direktepostert utgående avgift, høy sats", "number": "4", "displayName": "4: (100%) Direktepostert utgående avgift, høy sats", "percentage": 100.0, "deductionPercentage": 100.0, "parentType": {"id…
  Iteration 8 took 1.2s

──────────────────────────────────────────────────
  ITERATION 9/25
──────────────────────────────────────────────────
  Tokens: prompt=22294 completion=50 total_session=164888
  Messages: 19 (77,543 chars)
  Tool calls (1):
    [1] tripletex_api({"method":"POST","path":"/product","body":{"name":"Delbetaling - Sécurité des données","priceExcludingVatCurrency":205560,"vatType":{"id":3}}})
    ┌─ API POST /product
    │  body:   {"name": "Delbetaling - Sécurité des données", "priceExcludingVatCurrency": 205560, "vatType": {"id": 3}}
    └─ 201 OK (0.8s) id=84422618 name=Delbetaling - Sécurité des données
    │  response: {"value": {"id": 84422618, "version": 0, "url": "kkpqfuj-amager.tripletex.dev/v2/product/84422618", "name": "Delbetaling - Sécurité des données", "number": "", "displayNumber": "", "description": "", "orderLineDescription": "", "costExcludingVatCurrency": 0, "costPrice": 0, "priceExcludingVatCurrency": 205560, "priceIncludingVatCurrency": 256950.0, "isInactive": false, "productUnit": null, "incomingStock": 0, "outgoingStock": 0, "vatType": {"id": 3, "url": "kkpqfuj-amager.tripletex.dev/v2/ledger/vatType/3"}, "currency": {"id": 1, "url": "kkpqfuj-amager.tripletex.dev/v2/currency/1"}, "department": null, "account": null, "supplier": null, "resaleProduct": null, "isDeletable": false, "hasSupplierProductConnected": false, "image": null, "displayName": "Delbetaling - Sécurité des données", "mainSupplierProduct": null, "isRoundPriceIncVat": false, "priceInTargetCurrency": 0, "purchasePriceCurrency": 0}}
  Iteration 9 took 1.8s

──────────────────────────────────────────────────
  ITERATION 10/25
──────────────────────────────────────────────────
  Tokens: prompt=22644 completion=60 total_session=187592
  Messages: 21 (78,453 chars)
  Tool calls (1):
    [1] tripletex_api({"method":"POST","path":"/order","body":{"customer":{"id":108444436},"orderDate":"2026-03-21","deliveryDate":"2026-03-21","project":{"id":402042754}}})
    ┌─ API POST /order
    │  body:   {"customer": {"id": 108444436}, "orderDate": "2026-03-21", "deliveryDate": "2026-03-21", "project": {"id": 402042754}}
    └─ 201 OK (3.4s) id=402042767
    │  response: {"value": {"id": 402042767, "version": 0, "url": "kkpqfuj-amager.tripletex.dev/v2/order/402042767", "customer": {"id": 108444436, "url": "kkpqfuj-amager.tripletex.dev/v2/customer/108444436"}, "contact": null, "attn": null, "displayName": "2 Ordre", "receiverEmail": "", "overdueNoticeEmail": "", "number": "2", "reference": "", "department": null, "orderDate": "2026-03-21", "project": {"id": 402042754, "url": "kkpqfuj-amager.tripletex.dev/v2/project/402042754"}, "invoiceComment": "", "currency": {"id": 1, "url": "kkpqfuj-amager.tripletex.dev/v2/currency/1"}, "invoicesDueIn": 14, "invoicesDueInType": "DAYS", "isShowOpenPostsOnInvoices": false, "isClosed": false, "deliveryDate": "2026-03-21", "deliveryAddress": null, "deliveryComment": "", "isPrioritizeAmountsIncludingVat": false, "orderLineSorting": "PRODUCT", "orderGroups": [], "orderLines": [], "isSubscription": false, "subscriptionDuration": 0, "subscriptionDurationType": "MONTHS", "subscriptionPeriodsOnInvoice": 0, "subscriptionPeriodsOnInvoiceType": "MONTHS", "subscriptionInvoicingTimeInAdvanceOrArrears": "ADVANCE", "subscriptionInvoicingTime": 0, "subscriptionInvoicingTimeType": "MONTHS", "isSubscriptionAutoInvoicing": false, "preliminaryInvoice": {"id": 2147646423, "url": "kkpqfuj-amager.tripletex.dev/v2/invoice/2147646423"}, "attachment": [], "sendMethodDescription": "Faktura må sendes manuelt.", "invoiceOnAccountVatHigh": false, "totalInvoicedOnAccountAmountAbsoluteCurrency": 0.0, "invoiceSendSMSNotification": false, "i…
  Iteration 10 took 5.3s

──────────────────────────────────────────────────
  ITERATION 11/25
──────────────────────────────────────────────────
  Tokens: prompt=23237 completion=45 total_session=210874
  Messages: 23 (80,156 chars)
  Tool calls (1):
    [1] tripletex_api({"method":"POST","path":"/order/orderline","body":{"order":{"id":402042767},"product":{"id":84422618},"count":1}})
    ┌─ API POST /order/orderline
    │  body:   {"order": {"id": 402042767}, "product": {"id": 84422618}, "count": 1}
    └─ 201 OK (1.0s) id=1607580082
    │  response: {"value": {"id": 1607580082, "version": 1, "url": "kkpqfuj-amager.tripletex.dev/v2/order/orderline/1607580082", "product": {"id": 84422618, "url": "kkpqfuj-amager.tripletex.dev/v2/product/84422618"}, "inventory": null, "description": "", "displayName": "Delbetaling - Sécurité des données", "count": 1.0, "unitCostCurrency": 0.0, "unitPriceExcludingVatCurrency": 205560.0, "currency": {"id": 1, "url": "kkpqfuj-amager.tripletex.dev/v2/currency/1"}, "markup": 0.0, "discount": 0.0, "vatType": {"id": 3, "url": "kkpqfuj-amager.tripletex.dev/v2/ledger/vatType/3"}, "amountExcludingVatCurrency": 205560.0, "amountIncludingVatCurrency": 256950.0, "vendor": null, "order": {"id": 402042767, "url": "kkpqfuj-amager.tripletex.dev/v2/order/402042767"}, "unitPriceIncludingVatCurrency": 256950.0, "isSubscription": false, "subscriptionPeriodStart": null, "subscriptionPeriodEnd": null, "orderGroup": null, "sortIndex": 0, "isPicked": false, "pickedDate": null, "orderedQuantity": 0, "isCharged": false}}
  Iteration 11 took 2.0s

──────────────────────────────────────────────────
  ITERATION 12/25
──────────────────────────────────────────────────
  Tokens: prompt=23637 completion=54 total_session=234565
  Messages: 25 (81,149 chars)
  Tool calls (1):
    [1] tripletex_api({"method":"POST","path":"/invoice","body":{"invoiceDate":"2026-03-21","invoiceDueDate":"2026-04-04","orders":[{"id":402042767}]}})
    ┌─ API POST /invoice
    │  body:   {"invoiceDate": "2026-03-21", "invoiceDueDate": "2026-04-04", "orders": [{"id": 402042767}]}
    └─ 201 OK (2.1s) id=2147646443
    │  response: {"value": {"id": 2147646443, "version": 3, "url": "kkpqfuj-amager.tripletex.dev/v2/invoice/2147646443", "invoiceNumber": 1, "invoiceDate": "2026-03-21", "customer": {"id": 108444436, "url": "kkpqfuj-amager.tripletex.dev/v2/customer/108444436"}, "creditedInvoice": 0, "isCredited": false, "invoiceDueDate": "2026-04-04", "kid": "", "invoiceComment": "", "comment": "", "orders": [{"id": 402042767, "url": "kkpqfuj-amager.tripletex.dev/v2/order/402042767"}], "orderLines": [{"id": 1607580082, "url": "kkpqfuj-amager.tripletex.dev/v2/order/orderline/1607580082"}], "travelReports": [], "projectInvoiceDetails": [{"id": 1965799424, "url": "kkpqfuj-amager.tripletex.dev/v2/invoice/details/1965799424"}], "voucher": {"id": 609190936, "url": "kkpqfuj-amager.tripletex.dev/v2/ledger/voucher/609190936"}, "deliveryDate": "2026-03-21", "amount": 256950.0, "amountCurrency": 256950.0, "amountExcludingVat": 205560.0, "amountExcludingVatCurrency": 205560.0, "amountRoundoff": 0, "amountRoundoffCurrency": 0, "amountOutstanding": 256950.0, "amountCurrencyOutstanding": 256950.0, "amountOutstandingTotal": 256950.0, "amountCurrencyOutstandingTotal": 256950.0, "sumRemits": 0, "currency": {"id": 1, "url": "kkpqfuj-amager.tripletex.dev/v2/currency/1"}, "isCreditNote": false, "isCharged": true, "isApproved": false, "postings": [{"id": 3845910524, "url": "kkpqfuj-amager.tripletex.dev/v2/ledger/posting/3845910524"}], "reminders": [], "invoiceRemarks": "", "invoiceRemark": null, "isPeriodizationPossible": true, "d…
  Iteration 12 took 3.2s

──────────────────────────────────────────────────
  ITERATION 13/25
──────────────────────────────────────────────────
  Tokens: prompt=24238 completion=9 total_session=258812
  Messages: 27 (82,673 chars)
  Tool calls (1):
    [1] done()

  ⏳ Verifying task completion (258s remaining)...
  📋 Verification prompt (5434 chars):
    │ TASK: Fixez un prix forfaitaire de 342600 NOK sur le projet "Sécurité des données" pour Forêt SARL (nº org. 855570742). Le chef de projet est Lucas Leroy (lucas.leroy@example.org). Facturez au client 75 % du prix fixe comme paiement d'étape.
    │ 
    │ TASK TYPE: Fixed-price project + milestone invoice.
    │ Check these SPECIFIC things:
    │ - Customer created with correct name and org number?
    │ - Project created with isFixedPrice=true AND fixedprice=AMOUNT (lowercase 'fixedprice')?
    │ - Project linked to customer (customer.id set on project)?
    │ - Project manager set correctly?
    │ - Milestone amount = fixedprice × percentage. This is the TOTAL invoice amount incl. VAT.
    │ - Product priceExcludingVatCurrency = milestoneAmount / 1.25 (for 25% VAT)?
    │ - Invoice created from order linked to the project?
    │ - Invoice NOT sent unless task explicitly says send/sende/enviar/envoyer?
    │   'Fakturer'/'fakturér' means CREATE invoice, NOT send it!
    │ 
    │ ACTION LOG (chronological):
    │ CALL: tripletex_api({"method":"POST","path":"/customer"})
    │ status=400
    │ CALL: tripletex_api({"method":"POST","path":"/customer","body":{"name":"Forêt SARL","isCustomer":true,"organizationNumber":"855570742"}})
    │ status=ok id=108444436 name=Forêt SARL
    │ CALL: tripletex_api({"method":"PUT","path":"/employee/18681943","body":{"id":18681943,"version":1,"firstName":"Lucas","lastName":"Leroy","dateOfBirth":"1990-01-01"}})
    │ status=409
    │ CALL: tripletex_api({"method":"GET","path":"/employee/18681943"})
    │ status=ok id=18681943
    │ CALL: tripletex_api({"method":"PUT","path":"/employee/18681943","body":{"id":18681943,"version":2,"firstName":"Lucas","lastName":"Leroy","dateOfBirth":"1990-01-01"}})
    │ status=ok id=18681943
    │ CALL: tripletex_api({"method":"POST","path":"/employee/employment","body":{"employee":{"id":18681943},"startDate":"2026-03-01","division":{"id":108444108}}})
    │ status=ok id=2843699
    │ CALL: tripletex_api({"method":"POST","path":"/project","body":{"name":"Sécurité des données","number":"PRJ-5147","projectManager":{"id":18681943},"startDate":"2026-03-21","customer":{"id":108444436},"isFixedPrice":true,"fixedprice":342600}})
    │ status=ok id=402042754 name=Sécurité des données fixedprice=342600 isFixedPrice=True
    │ CALL: tripletex_api({"method":"GET","path":"/ledger/vatType"})
    │ CALL: tripletex_api({"method":"POST","path":"/product","body":{"name":"Delbetaling - Sécurité des données","priceExcludingVatCurrency":205560,"vatType":{"id":3}}})
    │ status=ok id=84422618 name=Delbetaling - Sécurité des données priceExcludingVatCurrency=205560 priceIncludingVatCurrency=256950.0
    │ CALL: tripletex_api({"method":"POST","path":"/order","body":{"customer":{"id":108444436},"orderDate":"2026-03-21","deliveryDate":"2026-03-21","project":{"id":402042754}}})
    │ status=ok id=402042767
    │ CALL: tripletex_api({"method":"POST","path":"/order/orderline","body":{"order":{"id":402042767},"product":{"id":84422618},"count":1}})
    │ status=ok id=1607580082 count=1.0
    │ CALL: tripletex_api({"method":"POST","path":"/invoice","body":{"invoiceDate":"2026-03-21","invoiceDueDate":"2026-04-04","orders":[{"id":402042767}]}})
    │ status=ok id=2147646443 amount=256950.0 amountCurrency=256950.0 invoiceNumber=1
    │ CALL: done({})
    │ 
    │ You are an accounting verification agent. Based ONLY on the action log above, check:
    │ 1. MATH: All amounts, percentages, VAT calculations correct? (e.g. if task says 50% of 274950, invoice total incl VAT must be 137475)
    │ 2. COMPLETENESS: Were all steps in the task done? Look at the CALL entries — if the action log shows the step was performed with status=ok, it WAS done. Do NOT say a step is missing if you can see it in the log!
    │ IMPORTANT: 'Fakturer'/'Invoice' just means create an invoice — do NOT require sending unless the task explicitly says send/sende/enviar/envoyer/senden!
    │ 3. DATA: Names, org numbers, dates match the task?
    │ 4. AMOUNTS: If any created entity shows amount=0 or totalAmount=0 in the response, that is WRONG — the postings failed silently. EXCEPTION: Supplier invoice (supplierInvoice) responses normally show amount=0 — this is OK.
    │ 5. BUDGET vs INVOICE: NEVER flag a mismatch between project budget and invoice total. For fixed-price projects the invoice excl. VAT matches the fixedprice — this is CORRECT. For other projects, invoice is based on actual work/costs. Either way, do NOT fail on budget vs invoice differences.
    │ 6. PAYMENT AMOUNTS: Invoice payments and reversals use the FULL amount INCLUDING VAT, not excl. VAT. If the task says 'X NOK excl. VAT', the correct payment/reversal amount is X × 1.25 (Norwegian 25% VAT). Do NOT flag a mismatch between excl. VAT amounts in the task and incl. VAT payment amounts.
    │ 7. VAT BREAKDOWN: If the total invoice amount matches the expected sum, do NOT fail on 'VAT breakdown not reflected' or similar vague VAT concerns. Only fail if a specific line item has the WRONG VAT rate applied.
    │ 
    │ CRITICAL: Be CONSERVATIVE. When in doubt, say PASS.
    │ Only say FAIL for CLEAR, OBJECTIVE, SPECIFIC errors (wrong math, completely missing step, wrong name).
    │ Do NOT say FAIL for: vague concerns, 'might be wrong', uncertain issues, minor stylistic differences, or steps you cannot confirm from the log (absence of evidence is NOT evidence of absence).
    │ A false FAIL causes MORE damage than a missed error. When uncertain, ALWAYS say PASS.
    │ If the action log shows all main steps completed with status=ok, say PASS.
    │ 
    │ Reply ONLY with either:
    │ - 'PASS' if everything looks correct or you are unsure
    │ - 'FAIL: <specific issue>' ONLY if there is an obvious, objective error
  🔍 Verification (1460 tokens): PASS

  ✓ DONE — 13 iterations, 258812 tokens, 32.4s

======================================================================
  TASK COMPLETE — total 32.9s
======================================================================

