
======================================================================
  NEW TASK RECEIVED
  Version: 9bd08b2
======================================================================
  Prompt: Le paiement de Colline SARL (nº org. 804499180) pour la facture "Heures de conseil" (8850 NOK HT) a été retourné par la banque. Annulez le paiement afin que la facture affiche à nouveau le montant impayé.
  Files:  0
  URL:    https://tx-proxy-jwanbnu3pq-lz.a.run.app/v2
──────────────────────────────────────────────────────────────────────
  [pre] Invoice/credit/payment task detected — ensuring bank account...
    ┌─ API GET /invoice/settings
    └─ 200 OK (2.1s) id=1020403
  [bank] already ready
  [pre] Bank account setup: OK
  [pre] Employee/salary task detected — scanning employees and employment...
    ┌─ API GET /employee
    │  params: {"fields": "*"}
    └─ 200 OK (3.3s) [1 items]
    ┌─ API GET /employee/employment
    │  params: {"employeeId": 18806432, "fields": "*"}
    └─ 200 OK (3.7s) [1 items]
    ┌─ API GET /company/>withLoginAccess
    ┌─ API GET /department
    └─ 200 OK (2.8s) [1 items]
    └─ 200 OK (3.1s) [0 items]
  [pre] Pre-scan complete: 1 employees found
  [pre] Pre-scans completed in 12.2s

──────────────────────────────────────────────────
  ITERATION 1/25
──────────────────────────────────────────────────
  Tokens: prompt=20274 completion=45 total_session=20319
  Messages: 3 (75,607 chars)
  Tool calls (1):
    [1] tripletex_api({"method":"GET","path":"/invoice","params":{"invoiceDateFrom":"2000-01-01","invoiceDateTo":"2030-12-31"}})
    ┌─ API GET /invoice
    │  params: {"invoiceDateFrom": "2000-01-01", "invoiceDateTo": "2030-12-31"}
    └─ 200 OK (4.6s) [1 items]
    │  response: {"fullResultSize": 1, "from": 0, "count": 1, "versionDigest": "'If-None-Match' header not specified", "values": [{"id": 2147707294, "version": 3, "url": "kkpqfuj-amager.tripletex.dev/v2/invoice/2147707294", "invoiceNumber": 1, "invoiceDate": "2026-03-01", "customer": {"id": 108613743, "url": "kkpqfuj-amager.tripletex.dev/v2/customer/108613743"}, "creditedInvoice": 0, "isCredited": false, "invoiceDueDate": "2026-03-31", "kid": "", "invoiceComment": "", "comment": "", "orders": [{"id": 402085733, "url": "kkpqfuj-amager.tripletex.dev/v2/order/402085733"}], "orderLines": [{"id": 1607618566, "url": "kkpqfuj-amager.tripletex.dev/v2/order/orderline/1607618566"}], "travelReports": [], "projectInvoiceDetails": [{"id": 1965833303, "url": "kkpqfuj-amager.tripletex.dev/v2/invoice/details/1965833303"}], "voucher": {"id": 609452641, "url": "kkpqfuj-amager.tripletex.dev/v2/ledger/voucher/609452641"}, "deliveryDate": "2026-03-01", "amount": 11062.5, "amountCurrency": 11062.5, "amountExcludingVat": 8850.0, "amountExcludingVatCurrency": 8850.0, "amountRoundoff": 0.0, "amountRoundoffCurrency": 0.0, "amountOutstanding": 0.0, "amountCurrencyOutstanding": 0.0, "amountOutstandingTotal": 0.0, "amountCurrencyOutstandingTotal": 0.0, "sumRemits": 0, "currency": {"id": 1, "url": "kkpqfuj-amager.tripletex.dev/v2/currency/1"}, "isCreditNote": false, "isCharged": true, "isApproved": false, "postings": [{"id": 3846599865, "url": "kkpqfuj-amager.tripletex.dev/v2/ledger/posting/3846599865"}, {"id": 3846600004…
  Iteration 1 took 5.6s

──────────────────────────────────────────────────
  ITERATION 2/25
──────────────────────────────────────────────────
  Tokens: prompt=20937 completion=23 total_session=41279
  Messages: 5 (77,301 chars)
  Tool calls (1):
    [1] tripletex_api({"method":"GET","path":"/invoice/paymentType"})
    ┌─ API GET /invoice/paymentType
    └─ 200 OK (4.6s) [2 items]
    │  response: {"fullResultSize": 2, "from": 0, "count": 2, "versionDigest": "'If-None-Match' header not specified", "values": [{"id": 40173847, "version": 0, "url": "kkpqfuj-amager.tripletex.dev/v2/invoice/paymentType/40173847", "description": "Kontant", "displayName": "Kontant", "debitAccount": {"id": 503662567, "url": "kkpqfuj-amager.tripletex.dev/v2/ledger/account/503662567"}, "creditAccount": null, "vatType": {"id": 0, "url": "kkpqfuj-amager.tripletex.dev/v2/ledger/vatType/0"}, "sequence": 1, "customer": null, "supplier": null, "currencyId": 1, "currencyCode": "NOK"}, {"id": 40173848, "version": 0, "url": "kkpqfuj-amager.tripletex.dev/v2/invoice/paymentType/40173848", "description": "Betalt til bank", "displayName": "Betalt til bank", "debitAccount": {"id": 503662570, "url": "kkpqfuj-amager.tripletex.dev/v2/ledger/account/503662570"}, "creditAccount": null, "vatType": {"id": 0, "url": "kkpqfuj-amager.tripletex.dev/v2/ledger/vatType/0"}, "sequence": 2, "customer": null, "supplier": null, "currencyId": 1, "currencyCode": "NOK"}]}
  Iteration 2 took 5.3s

──────────────────────────────────────────────────
  ITERATION 3/25
──────────────────────────────────────────────────
  Tokens: prompt=21337 completion=67 total_session=62683
  Messages: 7 (78,334 chars)
  Tool calls (1):
    [1] tripletex_api({"method":"PUT","path":"/invoice/2147707294/:payment","params":{"paymentDate":"2026-03-22","paymentTypeId":40173848,"paidAmount":-11062.5,"paidAmountCurrency":-11062.5}})
    ┌─ API PUT /invoice/2147707294/:payment
    │  params: {"paymentDate": "2026-03-22", "paymentTypeId": 40173848, "paidAmount": -11062.5, "paidAmountCurrency": -11062.5}
    └─ 200 OK (4.4s) id=2147707294
    │  response: {"value": {"id": 2147707294, "version": 3, "url": "kkpqfuj-amager.tripletex.dev/v2/invoice/2147707294", "invoiceNumber": 1, "invoiceDate": "2026-03-01", "customer": {"id": 108613743, "url": "kkpqfuj-amager.tripletex.dev/v2/customer/108613743"}, "creditedInvoice": 0, "isCredited": false, "invoiceDueDate": "2026-03-31", "kid": "", "invoiceComment": "", "comment": "", "orders": [{"id": 402085733, "url": "kkpqfuj-amager.tripletex.dev/v2/order/402085733"}], "orderLines": [{"id": 1607618566, "url": "kkpqfuj-amager.tripletex.dev/v2/order/orderline/1607618566"}], "travelReports": [], "projectInvoiceDetails": [{"id": 1965833303, "url": "kkpqfuj-amager.tripletex.dev/v2/invoice/details/1965833303"}], "voucher": {"id": 609452641, "url": "kkpqfuj-amager.tripletex.dev/v2/ledger/voucher/609452641"}, "deliveryDate": "2026-03-01", "amount": 11062.5, "amountCurrency": 11062.5, "amountExcludingVat": 8850.0, "amountExcludingVatCurrency": 8850.0, "amountRoundoff": 0.0, "amountRoundoffCurrency": 0.0, "amountOutstanding": 11062.5, "amountCurrencyOutstanding": 11062.5, "amountOutstandingTotal": 11062.5, "amountCurrencyOutstandingTotal": 11062.5, "sumRemits": 0, "currency": {"id": 1, "url": "kkpqfuj-amager.tripletex.dev/v2/currency/1"}, "isCreditNote": false, "isCharged": true, "isApproved": false, "postings": [{"id": 3846599865, "url": "kkpqfuj-amager.tripletex.dev/v2/ledger/posting/3846599865"}, {"id": 3846600004, "url": "kkpqfuj-amager.tripletex.dev/v2/ledger/posting/3846600004"}, {"id": 384660371…
  Iteration 3 took 5.3s

──────────────────────────────────────────────────
  ITERATION 4/25
──────────────────────────────────────────────────
  Tokens: prompt=22025 completion=9 total_session=84717
  Messages: 9 (80,028 chars)
  Tool calls (1):
    [1] done()

  ⏳ Verifying task completion (211s remaining)...
  📋 Verification prompt (3207 chars):
    │ TASK: Le paiement de Colline SARL (nº org. 804499180) pour la facture "Heures de conseil" (8850 NOK HT) a été retourné par la banque. Annulez le paiement afin que la facture affiche à nouveau le montant impayé.
    │ 
    │ TASK TYPE: Salary/payroll.
    │ Check: employee name correct, employment exists, salary transaction has correct base salary and bonus amounts.
    │ 
    │ ACTION LOG (chronological):
    │ CALL: tripletex_api({"method":"GET","path":"/invoice","params":{"invoiceDateFrom":"2000-01-01","invoiceDateTo":"2030-12-31"}})
    │ status=ok
    │ CALL: tripletex_api({"method":"GET","path":"/invoice/paymentType"})
    │ status=ok
    │ CALL: tripletex_api({"method":"PUT","path":"/invoice/2147707294/:payment","params":{"paymentDate":"2026-03-22","paymentTypeId":40173848,"paidAmount":-11062.5,"paidAmountCurrency":-11062.5}})
    │ status=ok id=2147707294 amount=11062.5 amountCurrency=11062.5 invoiceNumber=1
    │ CALL: done({})
    │ 
    │ You are an accounting verification agent. Based ONLY on the action log above, check:
    │ 1. MATH: All amounts, percentages, VAT calculations correct? (e.g. if task says 50% of 274950, invoice total incl VAT must be 137475)
    │ 2. COMPLETENESS: Were all steps in the task done? Look at the CALL entries — if the action log shows the step was performed with status=ok, it WAS done. Do NOT say a step is missing if you can see it in the log!
    │ IMPORTANT: 'Fakturer'/'Invoice' just means create an invoice — do NOT require sending unless the task explicitly says send/sende/enviar/envoyer/senden!
    │ 3. DATA: Names, org numbers, dates match the task?
    │ 4. AMOUNTS: If any created entity shows amount=0 or totalAmount=0 in the response, that is WRONG — the postings failed silently. For supplier invoices: amount=0 with amountExcludingVat=0 means postings were MISSING or malformed.
    │ 5. BUDGET vs INVOICE: NEVER flag a mismatch between project budget and invoice total. For fixed-price projects the invoice excl. VAT matches the fixedprice — this is CORRECT. For other projects, invoice is based on actual work/costs. Either way, do NOT fail on budget vs invoice differences.
    │ 6. PAYMENT AMOUNTS: Invoice payments and reversals use the FULL amount INCLUDING VAT, not excl. VAT. If the task says 'X NOK excl. VAT', the correct payment/reversal amount is X × 1.25 (Norwegian 25% VAT). Do NOT flag a mismatch between excl. VAT amounts in the task and incl. VAT payment amounts.
    │ 7. VAT BREAKDOWN: If the total invoice amount matches the expected sum, do NOT fail on 'VAT breakdown not reflected' or similar vague VAT concerns. Only fail if a specific line item has the WRONG VAT rate applied.
    │ 
    │ CRITICAL: Be CONSERVATIVE. When in doubt, say PASS.
    │ Only say FAIL for CLEAR, OBJECTIVE, SPECIFIC errors (wrong math, completely missing step, wrong name).
    │ Do NOT say FAIL for: vague concerns, 'might be wrong', uncertain issues, minor stylistic differences, or steps you cannot confirm from the log (absence of evidence is NOT evidence of absence).
    │ A false FAIL causes MORE damage than a missed error. When uncertain, ALWAYS say PASS.
    │ If the action log shows all main steps completed with status=ok, say PASS.
    │ 
    │ Reply ONLY with either:
    │ - 'PASS' if everything looks correct or you are unsure
    │ - 'FAIL: <specific issue>' ONLY if there is an obvious, objective error
  🔍 Verification (809 tokens): PASS

  ✓ DONE — 4 iterations, 84717 tokens, 16.9s

======================================================================
  TASK COMPLETE — total 29.4s
======================================================================

