
======================================================================
  NEW TASK RECEIVED
  Version: 9000e37
======================================================================
  Prompt: Set a fixed price of 428550 NOK on the project "CRM Integration" for Ironbridge Ltd (org no. 832020141). The project manager is Ella Williams (ella.williams@example.org). Invoice the customer for 25% of the fixed price as a milestone payment.
  Files:  0
  URL:    https://tx-proxy-jwanbnu3pq-lz.a.run.app/v2
──────────────────────────────────────────────────────────────────────
  [pre] Invoice/credit/payment task detected — ensuring bank account...
    ┌─ API GET /invoice/settings
    └─ 200 OK (1.6s) id=1015599
    ┌─ API GET /ledger/account
    │  params: {"isBankAccount": "true", "count": 10}
    └─ 200 OK (1.3s) [2 items]
  [bank] found account 1920 id=501129971 v=0
    ┌─ API PUT /ledger/account/501129971
    │  body:   {"id": 501129971, "version": 0, "number": 1920, "name": "Bankinnskudd", "bankAccountNumber": "15030100112"}
    └─ 200 OK (2.9s) id=501129971 name=Bankinnskudd
  [bank] bank account set OK
  [pre] Bank account setup: OK
  [pre] Pre-scans completed in 5.9s

──────────────────────────────────────────────────
  ITERATION 1/25
──────────────────────────────────────────────────
  Tokens: prompt=20082 completion=41 total_session=20123
  Messages: 3 (74,907 chars)
  Tool calls (1):
    [1] tripletex_api({"method":"POST","path":"/customer","body":{"name":"Ironbridge Ltd","isCustomer":true,"organizationNumber":"832020141"}})
    ┌─ API POST /customer
    │  body:   {"name": "Ironbridge Ltd", "isCustomer": true, "organizationNumber": "832020141"}
    └─ 201 OK (1.8s) id=108598649 name=Ironbridge Ltd
    │  response: {"value": {"id": 108598649, "version": 1, "url": "kkpqfuj-amager.tripletex.dev/v2/customer/108598649", "name": "Ironbridge Ltd", "organizationNumber": "832020141", "globalLocationNumber": 0, "supplierNumber": 0, "customerNumber": 10002, "isSupplier": false, "isCustomer": true, "isInactive": false, "accountManager": null, "department": null, "email": "", "invoiceEmail": "", "overdueNoticeEmail": "", "phoneNumber": "", "phoneNumberMobile": "", "description": "", "language": "NO", "displayName": "Ironbridge Ltd (10002)", "isPrivateIndividual": false, "singleCustomerInvoice": false, "invoiceSendMethod": "EMAIL", "emailAttachmentType": "ATTACHMENT", "postalAddress": {"id": 406042360, "url": "kkpqfuj-amager.tripletex.dev/v2/address/406042360"}, "physicalAddress": {"id": 406042359, "url": "kkpqfuj-amager.tripletex.dev/v2/address/406042359"}, "deliveryAddress": null, "category1": null, "category2": null, "category3": null, "invoicesDueIn": 14, "invoicesDueInType": "DAYS", "currency": {"id": 1, "url": "kkpqfuj-amager.tripletex.dev/v2/currency/1"}, "bankAccountPresentation": [], "ledgerAccount": {"id": 501129915, "url": "kkpqfuj-amager.tripletex.dev/v2/ledger/account/501129915"}, "isFactoring": false, "invoiceSendSMSNotification": false, "invoiceSMSNotificationNumber": "", "isAutomaticSoftReminderEnabled": false, "isAutomaticReminderEnabled": false, "isAutomaticNoticeOfDebtCollectionEnabled": false, "discountPercentage": 0, "website": ""}}
  Iteration 1 took 2.7s

──────────────────────────────────────────────────
  ITERATION 2/25
──────────────────────────────────────────────────
  Tokens: prompt=20568 completion=41 total_session=40732
  Messages: 5 (76,360 chars)
  Tool calls (1):
    [1] tripletex_api({"method":"POST","path":"/employee","body":{"firstName":"Ella","lastName":"Williams","email":"ella.williams@example.org"}})
    │  [reject] 1 rule violation(s):
    │    • [employee-post-dateOfBirth] POST /employee should include 'dateOfBirth' (YYYY-MM-DD). Without it, employment creation will fail. Use a reasonable date like 1990-01-01 if the task doesn't specify. (missing: dateOfBirth)
  Iteration 2 took 0.8s

──────────────────────────────────────────────────
  ITERATION 3/25
──────────────────────────────────────────────────
  Tokens: prompt=20763 completion=52 total_session=61547
  Messages: 7 (76,913 chars)
  Tool calls (1):
    [1] tripletex_api({"method":"POST","path":"/employee","body":{"firstName":"Ella","lastName":"Williams","email":"ella.williams@example.org","dateOfBirth":"1990-01-01"}})
    ┌─ API POST /employee
    │  body:   {"firstName": "Ella", "lastName": "Williams", "email": "ella.williams@example.org", "dateOfBirth": "1990-01-01"}
    └─ 422 ERR (1.8s) {"status": 422, "code": 18000, "message": "Validering feilet.", "link": "https://tripletex.no/v2-docs/", "developerMessage": "VALIDATION_ERROR", "validationMessages": [{"field": null, "message": "Brukertype kan ikke være \"0\" eller tom.", "path": null, "rootId": null}], "requestId": "5989fbf6-a2c7-47e6-a1f5-260b75d5295e", "_status_code": 422}
    │  [auto-fix] POST /employee failed — searching for existing employee to rename as Ella Williams
    ┌─ API GET /employee
    │  params: {"fields": "*"}
    └─ 200 OK (1.1s) [2 items]
    │  [auto-fix] matched employee 18795324 by email ella.williams@example.org
    ┌─ API PUT /employee/18795324
    │  body:   {"id": 18795324, "version": 2, "firstName": "Ella", "lastName": "Williams", "dateOfBirth": "1990-01-01"}
    └─ 200 OK (2.0s) id=18795324 name=Ella
    │  [auto-fix] employee 18795324 renamed to Ella Williams — returning as created
    │  response: {"value": {"id": 18795324, "version": 3, "url": "kkpqfuj-amager.tripletex.dev/v2/employee/18795324", "firstName": "Ella", "lastName": "Williams", "displayName": "Ella Williams", "employeeNumber": "", "dateOfBirth": "1990-01-01", "email": "ella.williams@example.org", "phoneNumberMobileCountry": {"id": 161, "url": "kkpqfuj-amager.tripletex.dev/v2/country/161"}, "phoneNumberMobile": "", "phoneNumberHome": "", "phoneNumberWork": "", "nationalIdentityNumber": "", "dnumber": "", "internationalId": {"intAmeldingType": null, "country": null, "number": ""}, "bankAccountNumber": "", "iban": "", "bic": "", "creditorBankCountryId": 0, "usesAbroadPayment": false, "userType": null, "allowInformationRegistration": true, "isContact": false, "isProxy": false, "comments": "", "address": null, "department": {"id": 1023585, "url": "kkpqfuj-amager.tripletex.dev/v2/department/1023585"}, "employments": [], "holidayAllowanceEarned": {"year": 0, "amount": 0.0, "basis": 0.0, "amountExtraHolidayWeek": 0.0}, "employeeCategory": null, "isAuthProjectOverviewURL": true, "pictureId": 0, "companyId": 108597971, "vismaConnect2FAactive": false}, "_status_code": 201}
  Iteration 3 took 5.8s

──────────────────────────────────────────────────
  ITERATION 4/25
──────────────────────────────────────────────────
  Tokens: prompt=21192 completion=75 total_session=82814
  Messages: 9 (78,062 chars)
  Tool calls (1):
    [1] tripletex_api({"method":"POST","path":"/project","body":{"name":"CRM Integration","number":"PRJ-5947","projectManager":{"id":18795324},"startDate":"2026-03-22","customer":{"id":108598649},"isFixedPrice":true,"fixedprice":428550}})
    ┌─ API POST /project
    │  body:   {"name": "CRM Integration", "number": "PRJ-5947", "projectManager": {"id": 18795324}, "startDate": "2026-03-22", "customer": {"id": 108598649}, "isFixedPrice": true, "fixedprice": 428550}
    └─ 201 OK (1.5s) id=402081716 name=CRM Integration
    │  [track] fixedprice project: 428550.0
    │  response: {"value": {"id": 402081716, "version": 0, "url": "kkpqfuj-amager.tripletex.dev/v2/project/402081716", "name": "CRM Integration", "number": "PRJ-5947", "displayName": "PRJ-5947 CRM Integration", "description": "", "projectManager": {"id": 18795324, "url": "kkpqfuj-amager.tripletex.dev/v2/employee/18795324"}, "department": null, "mainProject": null, "startDate": "2026-03-22", "endDate": null, "customer": {"id": 108598649, "url": "kkpqfuj-amager.tripletex.dev/v2/customer/108598649"}, "isClosed": false, "isReadyForInvoicing": false, "isInternal": false, "isOffer": false, "isFixedPrice": true, "projectCategory": null, "deliveryAddress": null, "boligmappaAddress": null, "displayNameFormat": "NAME_STANDARD", "reference": "", "externalAccountsNumber": "", "discountPercentage": 0, "vatType": {"id": 3, "url": "kkpqfuj-amager.tripletex.dev/v2/ledger/vatType/3"}, "fixedprice": 428550, "contributionMarginPercent": 0, "numberOfSubProjects": 0, "numberOfProjectParticipants": 1, "orderLines": [], "currency": {"id": 1, "url": "kkpqfuj-amager.tripletex.dev/v2/currency/1"}, "markUpOrderLines": 0, "markUpFeesEarned": 0, "isPriceCeiling": false, "priceCeilingAmount": 0, "projectHourlyRates": [{"id": 11102504, "url": "kkpqfuj-amager.tripletex.dev/v2/project/hourlyRates/11102504"}], "forParticipantsOnly": false, "participants": [{"id": 15657762, "url": "kkpqfuj-amager.tripletex.dev/v2/project/participant/15657762"}], "contact": null, "attention": null, "invoiceComment": "", "invoicingPlan": [], "pr…
  Iteration 4 took 2.5s

──────────────────────────────────────────────────
  ITERATION 5/25
──────────────────────────────────────────────────
  Tokens: prompt=21937 completion=24 total_session=104775
  Messages: 11 (80,189 chars)
  Tool calls (1):
    [1] tripletex_api({"method":"GET","path":"/ledger/vatType"})
    ┌─ API GET /ledger/vatType
    └─ 200 OK (1.7s) [56 items]
    │  [trim] condensed 56 items → key fields (10092 chars)
    │  response: {"fullResultSize": 56, "from": 0, "count": 56, "versionDigest": "'If-None-Match' header not specified", "values": [{"displayName": "1: (25%) Fradrag inngående avgift, høy sats", "name": "Fradrag inngående avgift, høy sats", "number": "1", "id": 1, "version": 0}, {"displayName": "UT-2: (100%) Direktepostert fradrag inngående avgift, høy sats (mva-kode utgikk 01.01.2017)", "name": "Direktepostert fradrag inngående avgift, høy sats (mva-kode utgikk 01.01.2017)", "number": "UT-2", "id": 2, "version": 0}, {"displayName": "3: (25%) Utgående avgift, høy sats", "name": "Utgående avgift, høy sats", "number": "3", "id": 3, "version": 0}, {"displayName": "4: (100%) Direktepostert utgående avgift, høy sats", "name": "Direktepostert utgående avgift, høy sats", "number": "4", "id": 4, "version": 0}, {"displayName": "5: (0%) Ingen utgående avgift (innenfor mva-loven)", "name": "Ingen utgående avgift (innenfor mva-loven)", "number": "5", "id": 5, "version": 0}, {"displayName": "6: (0%) Ingen utgående avgift (utenfor mva-loven)", "name": "Ingen utgående avgift (utenfor mva-loven)", "number": "6", "id": 6, "version": 0}, {"displayName": "7: (0%) Ingen avgiftsbehandling (inntekter)", "name": "Ingen avgiftsbehandling (inntekter)", "number": "7", "id": 7, "version": 0}, {"displayName": "11: (15%) Fradrag inngående avgift, middels sats", "name": "Fradrag inngående avgift, middels sats", "number": "11", "id": 11, "version": 0}, {"displayName": "13: (12%) Fradrag inngående avgift, lav sats", "name":…
  Iteration 5 took 2.4s

──────────────────────────────────────────────────
  ITERATION 6/25
──────────────────────────────────────────────────
  Tokens: prompt=23721 completion=50 total_session=128546
  Messages: 13 (85,203 chars)
  Tool calls (1):
    [1] tripletex_api({"method":"POST","path":"/product","body":{"name":"Delbetaling - CRM Integration","priceExcludingVatCurrency":107137.5,"vatType":{"id":3}}})
    ┌─ API POST /product
    │  body:   {"name": "Delbetaling - CRM Integration", "priceExcludingVatCurrency": 107137.5, "vatType": {"id": 3}}
    └─ 201 OK (2.1s) id=84440211 name=Delbetaling - CRM Integration
    │  response: {"value": {"id": 84440211, "version": 0, "url": "kkpqfuj-amager.tripletex.dev/v2/product/84440211", "name": "Delbetaling - CRM Integration", "number": "", "displayNumber": "", "description": "", "orderLineDescription": "", "costExcludingVatCurrency": 0, "costPrice": 0, "priceExcludingVatCurrency": 107137.5, "priceIncludingVatCurrency": 133921.88, "isInactive": false, "productUnit": null, "incomingStock": 0, "outgoingStock": 0, "vatType": {"id": 3, "url": "kkpqfuj-amager.tripletex.dev/v2/ledger/vatType/3"}, "currency": {"id": 1, "url": "kkpqfuj-amager.tripletex.dev/v2/currency/1"}, "department": null, "account": null, "supplier": null, "resaleProduct": null, "isDeletable": false, "hasSupplierProductConnected": false, "image": null, "displayName": "Delbetaling - CRM Integration", "mainSupplierProduct": null, "isRoundPriceIncVat": false, "priceInTargetCurrency": 0, "purchasePriceCurrency": 0}}
  Iteration 6 took 3.0s

──────────────────────────────────────────────────
  ITERATION 7/25
──────────────────────────────────────────────────
  Tokens: prompt=24069 completion=60 total_session=152675
  Messages: 15 (86,106 chars)
  Tool calls (1):
    [1] tripletex_api({"method":"POST","path":"/order","body":{"customer":{"id":108598649},"orderDate":"2026-03-22","deliveryDate":"2026-03-22","project":{"id":402081716}}})
    ┌─ API POST /order
    │  body:   {"customer": {"id": 108598649}, "orderDate": "2026-03-22", "deliveryDate": "2026-03-22", "project": {"id": 402081716}}
    └─ 201 OK (2.6s) id=402081720
    │  response: {"value": {"id": 402081720, "version": 0, "url": "kkpqfuj-amager.tripletex.dev/v2/order/402081720", "customer": {"id": 108598649, "url": "kkpqfuj-amager.tripletex.dev/v2/customer/108598649"}, "contact": null, "attn": null, "displayName": "2 Ordre", "receiverEmail": "", "overdueNoticeEmail": "", "number": "2", "reference": "", "department": null, "orderDate": "2026-03-22", "project": {"id": 402081716, "url": "kkpqfuj-amager.tripletex.dev/v2/project/402081716"}, "invoiceComment": "", "currency": {"id": 1, "url": "kkpqfuj-amager.tripletex.dev/v2/currency/1"}, "invoicesDueIn": 14, "invoicesDueInType": "DAYS", "isShowOpenPostsOnInvoices": false, "isClosed": false, "deliveryDate": "2026-03-22", "deliveryAddress": null, "deliveryComment": "", "isPrioritizeAmountsIncludingVat": false, "orderLineSorting": "PRODUCT", "orderGroups": [], "orderLines": [], "isSubscription": false, "subscriptionDuration": 0, "subscriptionDurationType": "MONTHS", "subscriptionPeriodsOnInvoice": 0, "subscriptionPeriodsOnInvoiceType": "MONTHS", "subscriptionInvoicingTimeInAdvanceOrArrears": "ADVANCE", "subscriptionInvoicingTime": 0, "subscriptionInvoicingTimeType": "MONTHS", "isSubscriptionAutoInvoicing": false, "preliminaryInvoice": {"id": 2147701539, "url": "kkpqfuj-amager.tripletex.dev/v2/invoice/2147701539"}, "attachment": [], "sendMethodDescription": "Faktura må sendes manuelt.", "invoiceOnAccountVatHigh": false, "totalInvoicedOnAccountAmountAbsoluteCurrency": 0.0, "invoiceSendSMSNotification": false, "i…
  Iteration 7 took 3.7s
  [trim] Compressed 3 old tool responses to save tokens

──────────────────────────────────────────────────
  ITERATION 8/25
──────────────────────────────────────────────────
  Tokens: prompt=23765 completion=45 total_session=176485
  Messages: 17 (84,813 chars)
  Tool calls (1):
    [1] tripletex_api({"method":"POST","path":"/order/orderline","body":{"order":{"id":402081720},"product":{"id":84440211},"count":1}})
    ┌─ API POST /order/orderline
    │  body:   {"order": {"id": 402081720}, "product": {"id": 84440211}, "count": 1}
    └─ 201 OK (1.8s) id=1607615032
    │  response: {"value": {"id": 1607615032, "version": 1, "url": "kkpqfuj-amager.tripletex.dev/v2/order/orderline/1607615032", "product": {"id": 84440211, "url": "kkpqfuj-amager.tripletex.dev/v2/product/84440211"}, "inventory": null, "description": "", "displayName": "Delbetaling - CRM Integration", "count": 1.0, "unitCostCurrency": 0.0, "unitPriceExcludingVatCurrency": 107137.5, "currency": {"id": 1, "url": "kkpqfuj-amager.tripletex.dev/v2/currency/1"}, "markup": 0.0, "discount": 0.0, "vatType": {"id": 3, "url": "kkpqfuj-amager.tripletex.dev/v2/ledger/vatType/3"}, "amountExcludingVatCurrency": 107137.5, "amountIncludingVatCurrency": 133921.88, "vendor": null, "order": {"id": 402081720, "url": "kkpqfuj-amager.tripletex.dev/v2/order/402081720"}, "unitPriceIncludingVatCurrency": 133921.88, "isSubscription": false, "subscriptionPeriodStart": null, "subscriptionPeriodEnd": null, "orderGroup": null, "sortIndex": 0, "isPicked": false, "pickedDate": null, "orderedQuantity": 0, "isCharged": false}}
  Iteration 8 took 2.8s
  [trim] Compressed 1 old tool responses to save tokens

──────────────────────────────────────────────────
  ITERATION 9/25
──────────────────────────────────────────────────
  Tokens: prompt=23528 completion=54 total_session=200067
  Messages: 19 (83,751 chars)
  Tool calls (1):
    [1] tripletex_api({"method":"POST","path":"/invoice","body":{"invoiceDate":"2026-03-22","invoiceDueDate":"2026-04-05","orders":[{"id":402081720}]}})
    ┌─ API POST /invoice
    │  body:   {"invoiceDate": "2026-03-22", "invoiceDueDate": "2026-04-05", "orders": [{"id": 402081720}]}
    └─ 201 OK (5.5s) id=2147701543
    │  response: {"value": {"id": 2147701543, "version": 3, "url": "kkpqfuj-amager.tripletex.dev/v2/invoice/2147701543", "invoiceNumber": 1, "invoiceDate": "2026-03-22", "customer": {"id": 108598649, "url": "kkpqfuj-amager.tripletex.dev/v2/customer/108598649"}, "creditedInvoice": 0, "isCredited": false, "invoiceDueDate": "2026-04-05", "kid": "", "invoiceComment": "", "comment": "", "orders": [{"id": 402081720, "url": "kkpqfuj-amager.tripletex.dev/v2/order/402081720"}], "orderLines": [{"id": 1607615032, "url": "kkpqfuj-amager.tripletex.dev/v2/order/orderline/1607615032"}], "travelReports": [], "projectInvoiceDetails": [{"id": 1965830119, "url": "kkpqfuj-amager.tripletex.dev/v2/invoice/details/1965830119"}], "voucher": {"id": 609428025, "url": "kkpqfuj-amager.tripletex.dev/v2/ledger/voucher/609428025"}, "deliveryDate": "2026-03-22", "amount": 133921.88, "amountCurrency": 133921.88, "amountExcludingVat": 107137.5, "amountExcludingVatCurrency": 107137.5, "amountRoundoff": 0, "amountRoundoffCurrency": 0, "amountOutstanding": 133921.88, "amountCurrencyOutstanding": 133921.88, "amountOutstandingTotal": 133921.88, "amountCurrencyOutstandingTotal": 133921.88, "sumRemits": 0, "currency": {"id": 1, "url": "kkpqfuj-amager.tripletex.dev/v2/currency/1"}, "isCreditNote": false, "isCharged": true, "isApproved": false, "postings": [{"id": 3846533860, "url": "kkpqfuj-amager.tripletex.dev/v2/ledger/posting/3846533860"}], "reminders": [], "invoiceRemarks": "", "invoiceRemark": null, "isPeriodizationPossible": tr…
  Iteration 9 took 6.7s
  [trim] Compressed 1 old tool responses to save tokens

──────────────────────────────────────────────────
  ITERATION 10/25
──────────────────────────────────────────────────
  Tokens: prompt=22451 completion=9 total_session=222527
  Messages: 21 (80,479 chars)
  Tool calls (1):
    [1] done()

  ⏳ Verifying task completion (203s remaining)...
  📋 Verification prompt (5038 chars):
    │ TASK: Set a fixed price of 428550 NOK on the project "CRM Integration" for Ironbridge Ltd (org no. 832020141). The project manager is Ella Williams (ella.williams@example.org). Invoice the customer for 25% of the fixed price as a milestone payment.
    │ 
    │ TASK TYPE: Fixed-price project + milestone invoice.
    │ Check these SPECIFIC things:
    │ - Customer created with correct name and org number?
    │ - Project created with isFixedPrice=true AND fixedprice=AMOUNT (lowercase 'fixedprice')?
    │ - Project linked to customer (customer.id set on project)?
    │ - Project manager set correctly?
    │ - fixedprice is EXCLUDING VAT. Milestone excl. VAT = fixedprice × percentage.
    │ - Product priceExcludingVatCurrency = fixedprice × percentage (already ex-VAT, NOT divided by 1.25)?
    │ - Invoice total incl. VAT = milestoneExclVat × 1.25?
    │ - Invoice created from order linked to the project?
    │ - Invoice NOT sent unless task explicitly says send/sende/enviar/envoyer?
    │   'Fakturer'/'fakturér' means CREATE invoice, NOT send it!
    │ 
    │ ACTION LOG (chronological):
    │ CALL: tripletex_api({"method":"POST","path":"/customer","body":{"name":"Ironbridge Ltd","isCustomer":true,"organizationNumber":"832020141"}})
    │ status=ok
    │ CALL: tripletex_api({"method":"POST","path":"/employee","body":{"firstName":"Ella","lastName":"Williams","email":"ella.williams@example.org"}})
    │ status=ok
    │ CALL: tripletex_api({"method":"POST","path":"/employee","body":{"firstName":"Ella","lastName":"Williams","email":"ella.williams@example.org","dateOfBirth":"1990-01-01"}})
    │ status=ok
    │ CALL: tripletex_api({"method":"POST","path":"/project","body":{"name":"CRM Integration","number":"PRJ-5947","projectManager":{"id":18795324},"startDate":"2026-03-22","customer":{"id":108598649},"isFixedPrice":true,"fixedprice":428550}})
    │ status=ok
    │ CALL: tripletex_api({"method":"GET","path":"/ledger/vatType"})
    │ CALL: tripletex_api({"method":"POST","path":"/product","body":{"name":"Delbetaling - CRM Integration","priceExcludingVatCurrency":107137.5,"vatType":{"id":3}}})
    │ status=ok id=84440211 name=Delbetaling - CRM Integration priceExcludingVatCurrency=107137.5 priceIncludingVatCurrency=133921.88
    │ CALL: tripletex_api({"method":"POST","path":"/order","body":{"customer":{"id":108598649},"orderDate":"2026-03-22","deliveryDate":"2026-03-22","project":{"id":402081716}}})
    │ status=ok id=402081720
    │ CALL: tripletex_api({"method":"POST","path":"/order/orderline","body":{"order":{"id":402081720},"product":{"id":84440211},"count":1}})
    │ status=ok id=1607615032 count=1.0
    │ CALL: tripletex_api({"method":"POST","path":"/invoice","body":{"invoiceDate":"2026-03-22","invoiceDueDate":"2026-04-05","orders":[{"id":402081720}]}})
    │ status=ok id=2147701543 amount=133921.88 amountCurrency=133921.88 invoiceNumber=1
    │ CALL: done({})
    │ 
    │ You are an accounting verification agent. Based ONLY on the action log above, check:
    │ 1. MATH: All amounts, percentages, VAT calculations correct? (e.g. if task says 50% of 274950, invoice total incl VAT must be 137475)
    │ 2. COMPLETENESS: Were all steps in the task done? Look at the CALL entries — if the action log shows the step was performed with status=ok, it WAS done. Do NOT say a step is missing if you can see it in the log!
    │ IMPORTANT: 'Fakturer'/'Invoice' just means create an invoice — do NOT require sending unless the task explicitly says send/sende/enviar/envoyer/senden!
    │ 3. DATA: Names, org numbers, dates match the task?
    │ 4. AMOUNTS: If any created entity shows amount=0 or totalAmount=0 in the response, that is WRONG — the postings failed silently. For supplier invoices: amount=0 with amountExcludingVat=0 means postings were MISSING or malformed.
    │ 5. BUDGET vs INVOICE: NEVER flag a mismatch between project budget and invoice total. For fixed-price projects the invoice excl. VAT matches the fixedprice — this is CORRECT. For other projects, invoice is based on actual work/costs. Either way, do NOT fail on budget vs invoice differences.
    │ 6. PAYMENT AMOUNTS: Invoice payments and reversals use the FULL amount INCLUDING VAT, not excl. VAT. If the task says 'X NOK excl. VAT', the correct payment/reversal amount is X × 1.25 (Norwegian 25% VAT). Do NOT flag a mismatch between excl. VAT amounts in the task and incl. VAT payment amounts.
    │ 7. VAT BREAKDOWN: If the total invoice amount matches the expected sum, do NOT fail on 'VAT breakdown not reflected' or similar vague VAT concerns. Only fail if a specific line item has the WRONG VAT rate applied.
    │ 
    │ CRITICAL: Be CONSERVATIVE. When in doubt, say PASS.
    │ Only say FAIL for CLEAR, OBJECTIVE, SPECIFIC errors (wrong math, completely missing step, wrong name).
    │ Do NOT say FAIL for: vague concerns, 'might be wrong', uncertain issues, minor stylistic differences, or steps you cannot confirm from the log (absence of evidence is NOT evidence of absence).
    │ A false FAIL causes MORE damage than a missed error. When uncertain, ALWAYS say PASS.
    │ If the action log shows all main steps completed with status=ok, say PASS.
    │ 
    │ Reply ONLY with either:
    │ - 'PASS' if everything looks correct or you are unsure
    │ - 'FAIL: <specific issue>' ONLY if there is an obvious, objective error
  🔍 Verification (1302 tokens): PASS

  ✓ DONE — 10 iterations, 222527 tokens, 31.0s

======================================================================
  TASK COMPLETE — total 37.5s
======================================================================

