
======================================================================
  NEW TASK RECEIVED
  Version: unknown
======================================================================
  Prompt: Enregistrez 12 heures pour Louis Petit (louis.petit@example.org) sur l'activité "Design" du projet "Configuration cloud" pour Soleil SARL (nº org. 933986861). Taux horaire : 1450 NOK/h. Générez une facture de projet au client basée sur les heures enregistrées.
  Files:  0
  URL:    https://tx-proxy-jwanbnu3pq-lz.a.run.app/v2
──────────────────────────────────────────────────────────────────────
  [pre] Invoice/credit/payment task detected — ensuring bank account...
    ┌─ API GET /invoice/settings
    └─ 200 OK (2.2s) id=773233
    ┌─ API GET /ledger/account
    │  params: {"isBankAccount": "true", "count": 10}
    └─ 200 OK (4.0s) [2 items]
  [bank] found account 1920 id=373194558 v=0
    ┌─ API PUT /ledger/account/373194558
    │  body:   {"id": 373194558, "version": 0, "number": 1920, "name": "Bankinnskudd", "bankAccountNumber": "15030100112"}
    └─ 200 OK (2.8s) id=373194558 name=Bankinnskudd
  [bank] bank account set OK
  [pre] Bank account setup: OK

──────────────────────────────────────────────────
  ITERATION 1/25
──────────────────────────────────────────────────
  Tokens: prompt=14566 completion=21 total_session=14587
  Messages: 3 (54,411 chars)
  Tool calls (1):
    [1] tripletex_api({"method":"POST","path":"/customer"})
    │  [fix] blocked POST without body: /customer
  Iteration 1 took 0.9s

──────────────────────────────────────────────────
  ITERATION 2/25
──────────────────────────────────────────────────
  Tokens: prompt=14653 completion=43 total_session=29283
  Messages: 5 (54,621 chars)
  Tool calls (1):
    [1] tripletex_api({"method":"POST","path":"/customer","body":{"name":"Soleil SARL","isCustomer":true,"organizationNumber":"933986861"}})
    ┌─ API POST /customer
    │  body:   {"name": "Soleil SARL", "isCustomer": true, "organizationNumber": "933986861"}
    └─ 201 OK (3.0s) id=108391721 name=Soleil SARL
    │  response: {"value": {"id": 108391721, "version": 1, "url": "kkpqfuj-amager.tripletex.dev/v2/customer/108391721", "name": "Soleil SARL", "organizationNumber": "933986861", "globalLocationNumber": 0, "supplierNumber": 0, "customerNumber": 10002, "isSupplier": false, "isCustomer": true, "isInactive": false, "accountManager": null, "department": null, "email": "", "invoiceEmail": "", "overdueNoticeEmail": "", "phoneNumber": "", "phoneNumberMobile": "", "description": "", "language": "NO", "displayName": "Soleil SARL (10002)", "isPrivateIndividual": false, "singleCustomerInvoice": false, "invoiceSendMethod": "EMAIL", "emailAttachmentType": "ATTACHMENT", "postalAddress": {"id": 405632596, "url": "kkpqfuj-amager.tripletex.dev/v2/address/405632596"}, "physicalAddress": {"id": 405632595, "url": "kkpqfuj-amager.tripletex.dev/v2/address/405632595"}, "deliveryAddress": null, "category1": null, "category2": null, "category3": null, "invoicesDueIn": 14, "invoicesDueInType": "DAYS", "currency": {"id": 1, "url": "kkpqfuj-amager.tripletex.dev/v2/currency/1"}, "bankAccountPresentation": [], "ledgerAccount": {"id": 373194502, "url": "kkpqfuj-amager.tripletex.dev/v2/ledger/account/373194502"}, "isFactoring": false, "invoiceSendSMSNotification": false, "invoiceSMSNotificationNumber": "", "isAutomaticSoftReminderEnabled": false, "isAutomaticReminderEnabled": false, "isAutomaticNoticeOfDebtCollectionEnabled": false, "discountPercentage": 0, "website": ""}}
  Iteration 2 took 3.9s

──────────────────────────────────────────────────
  ITERATION 3/25
──────────────────────────────────────────────────
  Tokens: prompt=15145 completion=42 total_session=44470
  Messages: 7 (56,068 chars)
  Tool calls (1):
    [1] tripletex_api({"method":"POST","path":"/employee","body":{"firstName":"Louis","lastName":"Petit","email":"louis.petit@example.org"}})
    ┌─ API POST /employee
    │  body:   {"firstName": "Louis", "lastName": "Petit", "email": "louis.petit@example.org"}
    └─ 422 ERR (2.6s) {"status": 422, "code": 18000, "message": "Validering feilet.", "link": "https://tripletex.no/v2-docs/", "developerMessage": "VALIDATION_ERROR", "validationMessages": [{"field": null, "message": "Brukertype kan ikke være \"0\" eller tom.", "path": null, "rootId": null}], "requestId": "7fe40edc-e6f9-4df3-a3f5-cc0c55596099", "_status_code": 422}
    │  [track] employee rename pending: Louis Petit
    │  response: {"status": 422, "code": 18000, "message": "Validering feilet.", "link": "https://tripletex.no/v2-docs/", "developerMessage": "VALIDATION_ERROR", "validationMessages": [{"field": null, "message": "Brukertype kan ikke være \"0\" eller tom.", "path": null, "rootId": null}], "requestId": "7fe40edc-e6f9-4df3-a3f5-cc0c55596099", "_status_code": 422}
  Iteration 3 took 4.1s

──────────────────────────────────────────────────
  ITERATION 4/25
──────────────────────────────────────────────────
  Tokens: prompt=15317 completion=24 total_session=59811
  Messages: 9 (56,413 chars)
  Tool calls (1):
    [1] tripletex_api({"method":"GET","path":"/employee?fields=*"})
    │  [fix] extracted query params from path: {'fields': '*'}
    ┌─ API GET /employee
    │  params: {"fields": "*"}
    └─ 200 OK (3.0s) [2 items]
    │  response: {"fullResultSize": 2, "from": 0, "count": 2, "versionDigest": "Checksum not yet supported for this endpoint", "values": [{"id": 18248844, "version": 1, "url": "kkpqfuj-amager.tripletex.dev/v2/employee/18248844", "firstName": "Admin", "lastName": "NM", "displayName": "Admin NM", "employeeNumber": "", "dateOfBirth": null, "email": "nmiai-pool@test.no", "phoneNumberMobileCountry": {"id": 161, "url": "kkpqfuj-amager.tripletex.dev/v2/country/161"}, "phoneNumberMobile": "", "phoneNumberHome": "", "phoneNumberWork": "", "nationalIdentityNumber": "", "dnumber": "", "internationalId": {"intAmeldingType": null, "country": null, "number": ""}, "bankAccountNumber": "", "iban": "", "bic": "", "creditorBankCountryId": 0, "usesAbroadPayment": false, "userType": null, "allowInformationRegistration": true, "isContact": false, "isProxy": false, "comments": "", "address": null, "department": {"id": 736918, "url": "kkpqfuj-amager.tripletex.dev/v2/department/736918"}, "employments": [{"id": 2640833, "url": "kkpqfuj-amager.tripletex.dev/v2/employee/employment/2640833"}], "holidayAllowanceEarned": {"year": 0, "amount": 0.0, "basis": 0.0, "amountExtraHolidayWeek": 0.0}, "employeeCategory": null, "isAuthProjectOverviewURL": true, "pictureId": 0, "companyId": 107911706, "vismaConnect2FAactive": false}, {"id": 18613416, "version": 2, "url": "kkpqfuj-amager.tripletex.dev/v2/employee/18613416", "firstName": "Louis", "lastName": "Petit", "displayName": "Louis Petit", "employeeNumber": "", "dateOfBirth": n…
  Iteration 4 took 3.7s

──────────────────────────────────────────────────
  ITERATION 5/25
──────────────────────────────────────────────────
  Tokens: prompt=16121 completion=58 total_session=75990
  Messages: 11 (58,814 chars)
  Tool calls (1):
    [1] tripletex_api({"method":"PUT","path":"/employee/18613416","body":{"id":18613416,"version":2,"firstName":"Louis","lastName":"Petit","dateOfBirth":"1990-01-01"}})
    ┌─ API PUT /employee/18613416
    │  body:   {"id": 18613416, "version": 2, "firstName": "Louis", "lastName": "Petit", "dateOfBirth": "1990-01-01"}
    └─ 200 OK (4.3s) id=18613416 name=Louis
    │  [track] employee renamed successfully via PUT
    │  response: {"value": {"id": 18613416, "version": 3, "url": "kkpqfuj-amager.tripletex.dev/v2/employee/18613416", "firstName": "Louis", "lastName": "Petit", "displayName": "Louis Petit", "employeeNumber": "", "dateOfBirth": "1990-01-01", "email": "louis.petit@example.org", "phoneNumberMobileCountry": {"id": 161, "url": "kkpqfuj-amager.tripletex.dev/v2/country/161"}, "phoneNumberMobile": "", "phoneNumberHome": "", "phoneNumberWork": "", "nationalIdentityNumber": "", "dnumber": "", "internationalId": {"intAmeldingType": null, "country": null, "number": ""}, "bankAccountNumber": "", "iban": "", "bic": "", "creditorBankCountryId": 0, "usesAbroadPayment": false, "userType": null, "allowInformationRegistration": true, "isContact": false, "isProxy": false, "comments": "", "address": null, "department": {"id": 736918, "url": "kkpqfuj-amager.tripletex.dev/v2/department/736918"}, "employments": [], "holidayAllowanceEarned": {"year": 0, "amount": 0.0, "basis": 0.0, "amountExtraHolidayWeek": 0.0}, "employeeCategory": null, "isAuthProjectOverviewURL": true, "pictureId": 0, "companyId": 107911706, "vismaConnect2FAactive": false}}
  Iteration 5 took 5.4s

──────────────────────────────────────────────────
  ITERATION 6/25
──────────────────────────────────────────────────
  Tokens: prompt=16548 completion=64 total_session=92602
  Messages: 13 (59,934 chars)
  Tool calls (1):
    [1] tripletex_api({"method":"POST","path":"/project","body":{"name":"Configuration cloud","number":"PRJ-8251","projectManager":{"id":18613416},"startDate":"2026-03-21","customer":{"id":108391721}}})
    ┌─ API POST /project
    │  body:   {"name": "Configuration cloud", "number": "PRJ-8251", "projectManager": {"id": 18613416}, "startDate": "2026-03-21", "customer": {"id": 108391721}}
    └─ 201 OK (3.8s) id=402026131 name=Configuration cloud
    │  response: {"value": {"id": 402026131, "version": 0, "url": "kkpqfuj-amager.tripletex.dev/v2/project/402026131", "name": "Configuration cloud", "number": "PRJ-8251", "displayName": "PRJ-8251 Configuration cloud", "description": "", "projectManager": {"id": 18613416, "url": "kkpqfuj-amager.tripletex.dev/v2/employee/18613416"}, "department": null, "mainProject": null, "startDate": "2026-03-21", "endDate": null, "customer": {"id": 108391721, "url": "kkpqfuj-amager.tripletex.dev/v2/customer/108391721"}, "isClosed": false, "isReadyForInvoicing": false, "isInternal": false, "isOffer": false, "isFixedPrice": false, "projectCategory": null, "deliveryAddress": null, "boligmappaAddress": null, "displayNameFormat": "NAME_STANDARD", "reference": "", "externalAccountsNumber": "", "discountPercentage": 0, "vatType": {"id": 3, "url": "kkpqfuj-amager.tripletex.dev/v2/ledger/vatType/3"}, "fixedprice": 0, "contributionMarginPercent": 0, "numberOfSubProjects": 0, "numberOfProjectParticipants": 1, "orderLines": [], "currency": {"id": 1, "url": "kkpqfuj-amager.tripletex.dev/v2/currency/1"}, "markUpOrderLines": 0, "markUpFeesEarned": 0, "isPriceCeiling": false, "priceCeilingAmount": 0, "projectHourlyRates": [{"id": 11087107, "url": "kkpqfuj-amager.tripletex.dev/v2/project/hourlyRates/11087107"}], "forParticipantsOnly": false, "participants": [{"id": 15641815, "url": "kkpqfuj-amager.tripletex.dev/v2/project/participant/15641815"}], "contact": null, "attention": null, "invoiceComment": "", "invoicingPlan": [],…
  Iteration 6 took 4.8s

──────────────────────────────────────────────────
  ITERATION 7/25
──────────────────────────────────────────────────
  Tokens: prompt=17282 completion=21 total_session=109905
  Messages: 15 (62,059 chars)
  Tool calls (1):
    [1] tripletex_api({"method":"GET","path":"/activity"})
    ┌─ API GET /activity
    └─ 200 OK (2.4s) [5 items]
    │  response: {"fullResultSize": 5, "from": 0, "count": 5, "versionDigest": "'If-None-Match' header not specified", "values": [{"id": 5202944, "version": 0, "url": "kkpqfuj-amager.tripletex.dev/v2/activity/5202944", "name": "Administrasjon", "number": "", "description": "", "activityType": "GENERAL_ACTIVITY", "isProjectActivity": false, "isGeneral": true, "isTask": false, "isDisabled": false, "isChargeable": false, "rate": 0.0, "costPercentage": 0.0, "displayName": "Administrasjon", "deletable": true}, {"id": 5202945, "version": 0, "url": "kkpqfuj-amager.tripletex.dev/v2/activity/5202945", "name": "Ferie", "number": "", "description": "", "activityType": "GENERAL_ACTIVITY", "isProjectActivity": false, "isGeneral": true, "isTask": false, "isDisabled": false, "isChargeable": false, "rate": 0.0, "costPercentage": 0.0, "displayName": "Ferie", "deletable": false}, {"id": 5202946, "version": 0, "url": "kkpqfuj-amager.tripletex.dev/v2/activity/5202946", "name": "Prosjektadministrasjon", "number": "", "description": "", "activityType": "PROJECT_GENERAL_ACTIVITY", "isProjectActivity": true, "isGeneral": true, "isTask": false, "isDisabled": false, "isChargeable": false, "rate": 0.0, "costPercentage": 0.0, "displayName": "Prosjektadministrasjon", "deletable": true}, {"id": 5202947, "version": 0, "url": "kkpqfuj-amager.tripletex.dev/v2/activity/5202947", "name": "Fakturerbart arbeid", "number": "", "description": "", "activityType": "PROJECT_GENERAL_ACTIVITY", "isProjectActivity": true, "isGeneral": t…
  Iteration 7 took 3.9s

──────────────────────────────────────────────────
  ITERATION 8/25
──────────────────────────────────────────────────
  Tokens: prompt=17978 completion=71 total_session=127954
  Messages: 17 (64,090 chars)
  Tool calls (1):
    [1] tripletex_api({"method":"POST","path":"/timesheet/entry","body":{"employee":{"id":18613416},"project":{"id":402026131},"activity":{"id":5878390},"date":"2026-03-21","hours":12,"comment":"Design work for cloud configuration"}})
    ┌─ API POST /timesheet/entry
    │  body:   {"employee": {"id": 18613416}, "project": {"id": 402026131}, "activity": {"id": 5878390}, "date": "2026-03-21", "hours": 12, "comment": "Design work for cloud configuration"}
    └─ 201 OK (2.2s) id=175909851
    │  response: {"value": {"id": 175909851, "version": 0, "url": "kkpqfuj-amager.tripletex.dev/v2/timesheet/entry/175909851", "project": {"id": 402026131, "url": "kkpqfuj-amager.tripletex.dev/v2/project/402026131"}, "activity": {"id": 5878390, "url": "kkpqfuj-amager.tripletex.dev/v2/activity/5878390"}, "date": "2026-03-21", "hours": 12.0, "chargeableHours": 12.0, "employee": {"id": 18613416, "url": "kkpqfuj-amager.tripletex.dev/v2/employee/18613416"}, "timeClocks": [], "comment": "Design work for cloud configuration", "locked": false, "chargeable": false, "invoice": null, "hourlyRate": 0.0, "hourlyCost": 0.0, "hourlyCostPercentage": 0, "projectChargeableHours": 12.0}}
  Iteration 8 took 3.4s

──────────────────────────────────────────────────
  ITERATION 9/25
──────────────────────────────────────────────────
  Tokens: prompt=18303 completion=24 total_session=146281
  Messages: 19 (64,750 chars)
  Tool calls (1):
    [1] tripletex_api({"method":"GET","path":"/ledger/vatType"})
    ┌─ API GET /ledger/vatType
    └─ 200 OK (2.4s) [56 items]
    │  response: {"fullResultSize": 56, "from": 0, "count": 56, "versionDigest": "'If-None-Match' header not specified", "values": [{"id": 1, "version": 0, "url": "kkpqfuj-amager.tripletex.dev/v2/ledger/vatType/1", "name": "Fradrag inngående avgift, høy sats", "number": "1", "displayName": "1: (25%) Fradrag inngående avgift, høy sats", "percentage": 25, "deductionPercentage": 100.0, "parentType": {"id": 0, "url": "kkpqfuj-amager.tripletex.dev/v2/ledger/vatType/0"}}, {"id": 2, "version": 0, "url": "kkpqfuj-amager.tripletex.dev/v2/ledger/vatType/2", "name": "Direktepostert fradrag inngående avgift, høy sats (mva-kode utgikk 01.01.2017)", "number": "UT-2", "displayName": "UT-2: (100%) Direktepostert fradrag inngående avgift, høy sats (mva-kode utgikk 01.01.2017)", "percentage": 100.0, "deductionPercentage": 100.0, "parentType": {"id": 0, "url": "kkpqfuj-amager.tripletex.dev/v2/ledger/vatType/0"}}, {"id": 3, "version": 0, "url": "kkpqfuj-amager.tripletex.dev/v2/ledger/vatType/3", "name": "Utgående avgift, høy sats", "number": "3", "displayName": "3: (25%) Utgående avgift, høy sats", "percentage": 25, "deductionPercentage": 100.0, "parentType": {"id": 0, "url": "kkpqfuj-amager.tripletex.dev/v2/ledger/vatType/0"}}, {"id": 4, "version": 0, "url": "kkpqfuj-amager.tripletex.dev/v2/ledger/vatType/4", "name": "Direktepostert utgående avgift, høy sats", "number": "4", "displayName": "4: (100%) Direktepostert utgående avgift, høy sats", "percentage": 100.0, "deductionPercentage": 100.0, "parentType": {"id…
  Iteration 9 took 3.4s

──────────────────────────────────────────────────
  ITERATION 10/25
──────────────────────────────────────────────────
  Tokens: prompt=21334 completion=48 total_session=167663
  Messages: 21 (72,764 chars)
  Tool calls (1):
    [1] tripletex_api({"method":"POST","path":"/product","body":{"name":"Design work for cloud configuration","priceExcludingVatCurrency":1450,"vatType":{"id":3}}})
    ┌─ API POST /product
    │  body:   {"name": "Design work for cloud configuration", "priceExcludingVatCurrency": 1450, "vatType": {"id": 3}}
    └─ 201 OK (2.9s) id=84417958 name=Design work for cloud configuration
    │  response: {"value": {"id": 84417958, "version": 0, "url": "kkpqfuj-amager.tripletex.dev/v2/product/84417958", "name": "Design work for cloud configuration", "number": "", "displayNumber": "", "description": "", "orderLineDescription": "", "costExcludingVatCurrency": 0, "costPrice": 0, "priceExcludingVatCurrency": 1450, "priceIncludingVatCurrency": 1812.5, "isInactive": false, "productUnit": null, "incomingStock": 0, "outgoingStock": 0, "vatType": {"id": 3, "url": "kkpqfuj-amager.tripletex.dev/v2/ledger/vatType/3"}, "currency": {"id": 1, "url": "kkpqfuj-amager.tripletex.dev/v2/currency/1"}, "department": null, "account": null, "supplier": null, "resaleProduct": null, "isDeletable": false, "hasSupplierProductConnected": false, "image": null, "displayName": "Design work for cloud configuration", "mainSupplierProduct": null, "isRoundPriceIncVat": false, "priceInTargetCurrency": 0, "purchasePriceCurrency": 0}}
  Iteration 10 took 4.0s

──────────────────────────────────────────────────
  ITERATION 11/25
──────────────────────────────────────────────────
  Tokens: prompt=21678 completion=60 total_session=189401
  Messages: 23 (73,672 chars)
  Tool calls (1):
    [1] tripletex_api({"method":"POST","path":"/order","body":{"customer":{"id":108391721},"orderDate":"2026-03-21","deliveryDate":"2026-03-21","project":{"id":402026131}}})
    ┌─ API POST /order
    │  body:   {"customer": {"id": 108391721}, "orderDate": "2026-03-21", "deliveryDate": "2026-03-21", "project": {"id": 402026131}}
    └─ 201 OK (3.4s) id=402026148
    │  response: {"value": {"id": 402026148, "version": 0, "url": "kkpqfuj-amager.tripletex.dev/v2/order/402026148", "customer": {"id": 108391721, "url": "kkpqfuj-amager.tripletex.dev/v2/customer/108391721"}, "contact": null, "attn": null, "displayName": "2 Ordre", "receiverEmail": "", "overdueNoticeEmail": "", "number": "2", "reference": "", "department": null, "orderDate": "2026-03-21", "project": {"id": 402026131, "url": "kkpqfuj-amager.tripletex.dev/v2/project/402026131"}, "invoiceComment": "", "currency": {"id": 1, "url": "kkpqfuj-amager.tripletex.dev/v2/currency/1"}, "invoicesDueIn": 14, "invoicesDueInType": "DAYS", "isShowOpenPostsOnInvoices": false, "isClosed": false, "deliveryDate": "2026-03-21", "deliveryAddress": null, "deliveryComment": "", "isPrioritizeAmountsIncludingVat": false, "orderLineSorting": "PRODUCT", "orderGroups": [], "orderLines": [], "isSubscription": false, "subscriptionDuration": 0, "subscriptionDurationType": "MONTHS", "subscriptionPeriodsOnInvoice": 0, "subscriptionPeriodsOnInvoiceType": "MONTHS", "subscriptionInvoicingTimeInAdvanceOrArrears": "ADVANCE", "subscriptionInvoicingTime": 0, "subscriptionInvoicingTimeType": "MONTHS", "isSubscriptionAutoInvoicing": false, "preliminaryInvoice": {"id": 2147622260, "url": "kkpqfuj-amager.tripletex.dev/v2/invoice/2147622260"}, "attachment": [], "sendMethodDescription": "Faktura må sendes manuelt.", "invoiceOnAccountVatHigh": false, "totalInvoicedOnAccountAmountAbsoluteCurrency": 0.0, "invoiceSendSMSNotification": false, "i…
  Iteration 11 took 4.5s

──────────────────────────────────────────────────
  ITERATION 12/25
──────────────────────────────────────────────────
  Tokens: prompt=22272 completion=45 total_session=211718
  Messages: 25 (75,376 chars)
  Tool calls (1):
    [1] tripletex_api({"method":"POST","path":"/order/orderline","body":{"order":{"id":402026148},"product":{"id":84417958},"count":12}})
    ┌─ API POST /order/orderline
    │  body:   {"order": {"id": 402026148}, "product": {"id": 84417958}, "count": 12}
    └─ 201 OK (3.3s) id=1607564601
    │  response: {"value": {"id": 1607564601, "version": 1, "url": "kkpqfuj-amager.tripletex.dev/v2/order/orderline/1607564601", "product": {"id": 84417958, "url": "kkpqfuj-amager.tripletex.dev/v2/product/84417958"}, "inventory": null, "description": "", "displayName": "Design work for cloud configuration", "count": 12.0, "unitCostCurrency": 0.0, "unitPriceExcludingVatCurrency": 1450.0, "currency": {"id": 1, "url": "kkpqfuj-amager.tripletex.dev/v2/currency/1"}, "markup": 0.0, "discount": 0.0, "vatType": {"id": 3, "url": "kkpqfuj-amager.tripletex.dev/v2/ledger/vatType/3"}, "amountExcludingVatCurrency": 17400.0, "amountIncludingVatCurrency": 21750.0, "vendor": null, "order": {"id": 402026148, "url": "kkpqfuj-amager.tripletex.dev/v2/order/402026148"}, "unitPriceIncludingVatCurrency": 1812.5, "isSubscription": false, "subscriptionPeriodStart": null, "subscriptionPeriodEnd": null, "orderGroup": null, "sortIndex": 0, "isPicked": false, "pickedDate": null, "orderedQuantity": 0, "isCharged": false}}
  Iteration 12 took 4.3s

──────────────────────────────────────────────────
  ITERATION 13/25
──────────────────────────────────────────────────
  Tokens: prompt=22670 completion=54 total_session=234442
  Messages: 27 (76,365 chars)
  Tool calls (1):
    [1] tripletex_api({"method":"POST","path":"/invoice","body":{"invoiceDate":"2026-03-21","invoiceDueDate":"2026-04-04","orders":[{"id":402026148}]}})
    ┌─ API POST /invoice
    │  body:   {"invoiceDate": "2026-03-21", "invoiceDueDate": "2026-04-04", "orders": [{"id": 402026148}]}
    └─ 201 OK (2.3s) id=2147622274
    │  response: {"value": {"id": 2147622274, "version": 3, "url": "kkpqfuj-amager.tripletex.dev/v2/invoice/2147622274", "invoiceNumber": 1, "invoiceDate": "2026-03-21", "customer": {"id": 108391721, "url": "kkpqfuj-amager.tripletex.dev/v2/customer/108391721"}, "creditedInvoice": 0, "isCredited": false, "invoiceDueDate": "2026-04-04", "kid": "", "invoiceComment": "", "comment": "", "orders": [{"id": 402026148, "url": "kkpqfuj-amager.tripletex.dev/v2/order/402026148"}], "orderLines": [{"id": 1607564601, "url": "kkpqfuj-amager.tripletex.dev/v2/order/orderline/1607564601"}], "travelReports": [], "projectInvoiceDetails": [{"id": 1965785696, "url": "kkpqfuj-amager.tripletex.dev/v2/invoice/details/1965785696"}], "voucher": {"id": 609081633, "url": "kkpqfuj-amager.tripletex.dev/v2/ledger/voucher/609081633"}, "deliveryDate": "2026-03-21", "amount": 21750.0, "amountCurrency": 21750.0, "amountExcludingVat": 17400.0, "amountExcludingVatCurrency": 17400.0, "amountRoundoff": 0, "amountRoundoffCurrency": 0, "amountOutstanding": 21750.0, "amountCurrencyOutstanding": 21750.0, "amountOutstandingTotal": 21750.0, "amountCurrencyOutstandingTotal": 21750.0, "sumRemits": 0, "currency": {"id": 1, "url": "kkpqfuj-amager.tripletex.dev/v2/currency/1"}, "isCreditNote": false, "isCharged": true, "isApproved": false, "postings": [{"id": 3845620804, "url": "kkpqfuj-amager.tripletex.dev/v2/ledger/posting/3845620804"}], "reminders": [], "invoiceRemarks": "", "invoiceRemark": null, "isPeriodizationPossible": true, "documentI…
  Iteration 13 took 3.7s

──────────────────────────────────────────────────
  ITERATION 14/25
──────────────────────────────────────────────────
  Tokens: prompt=23271 completion=9 total_session=257722
  Messages: 29 (77,881 chars)
  Tool calls (1):
    [1] done()

  ⏳ Verifying task completion (220s remaining)...
  📋 Verification prompt (4252 chars):
    │ TASK: Enregistrez 12 heures pour Louis Petit (louis.petit@example.org) sur l'activité "Design" du projet "Configuration cloud" pour Soleil SARL (nº org. 933986861). Taux horaire : 1450 NOK/h. Générez une facture de projet au client basée sur les heures enregistrées.
    │ 
    │ 
    │ ACTION LOG (chronological):
    │ CALL: tripletex_api({"method":"POST","path":"/customer"})
    │ status=400
    │ CALL: tripletex_api({"method":"POST","path":"/customer","body":{"name":"Soleil SARL","isCustomer":true,"organizationNumber":"933986861"}})
    │ status=ok id=108391721 name=Soleil SARL
    │ CALL: tripletex_api({"method":"POST","path":"/employee","body":{"firstName":"Louis","lastName":"Petit","email":"louis.petit@example.org"}})
    │ status=422
    │ CALL: tripletex_api({"method":"GET","path":"/employee?fields=*"})
    │ status=ok
    │ CALL: tripletex_api({"method":"PUT","path":"/employee/18613416","body":{"id":18613416,"version":2,"firstName":"Louis","lastName":"Petit","dateOfBirth":"1990-01-01"}})
    │ status=ok id=18613416
    │ CALL: tripletex_api({"method":"POST","path":"/project","body":{"name":"Configuration cloud","number":"PRJ-8251","projectManager":{"id":18613416},"startDate":"2026-03-21","customer":{"id":108391721}}})
    │ status=ok id=402026131 name=Configuration cloud fixedprice=0 isFixedPrice=False
    │ CALL: tripletex_api({"method":"GET","path":"/activity"})
    │ status=ok
    │ CALL: tripletex_api({"method":"POST","path":"/timesheet/entry","body":{"employee":{"id":18613416},"project":{"id":402026131},"activity":{"id":5878390},"date":"2026-03-21","hours":12,"comment":"Design work for cloud configuration"}})
    │ status=ok id=175909851
    │ CALL: tripletex_api({"method":"GET","path":"/ledger/vatType"})
    │ CALL: tripletex_api({"method":"POST","path":"/product","body":{"name":"Design work for cloud configuration","priceExcludingVatCurrency":1450,"vatType":{"id":3}}})
    │ status=ok id=84417958 name=Design work for cloud configuration priceExcludingVatCurrency=1450 priceIncludingVatCurrency=1812.5
    │ CALL: tripletex_api({"method":"POST","path":"/order","body":{"customer":{"id":108391721},"orderDate":"2026-03-21","deliveryDate":"2026-03-21","project":{"id":402026131}}})
    │ status=ok id=402026148
    │ CALL: tripletex_api({"method":"POST","path":"/order/orderline","body":{"order":{"id":402026148},"product":{"id":84417958},"count":12}})
    │ status=ok id=1607564601 count=12.0
    │ CALL: tripletex_api({"method":"POST","path":"/invoice","body":{"invoiceDate":"2026-03-21","invoiceDueDate":"2026-04-04","orders":[{"id":402026148}]}})
    │ status=ok id=2147622274 amount=21750.0 amountCurrency=21750.0 invoiceNumber=1
    │ CALL: done({})
    │ 
    │ You are an accounting verification agent. Based ONLY on the action log above, check:
    │ 1. MATH: All amounts, percentages, VAT calculations correct? (e.g. if task says 50% of 274950, invoice total incl VAT must be 137475)
    │ 2. COMPLETENESS: Were all steps in the task done? Look at the CALL entries — if the action log shows the step was performed with status=ok, it WAS done. Do NOT say a step is missing if you can see it in the log!
    │ IMPORTANT: 'Fakturer'/'Invoice' just means create an invoice — do NOT require sending unless the task explicitly says send/sende/enviar/envoyer/senden!
    │ 3. DATA: Names, org numbers, dates match the task?
    │ 4. AMOUNTS: If any created entity shows amount=0 or totalAmount=0 in the response, that is WRONG — the postings failed silently. EXCEPTION: Supplier invoice (supplierInvoice) responses normally show amount=0 — this is OK.
    │ 5. BUDGET vs INVOICE: NEVER flag a mismatch between project budget and invoice total. For fixed-price projects the invoice excl. VAT matches the fixedprice — this is CORRECT. For other projects, invoice is based on actual work/costs. Either way, do NOT fail on budget vs invoice differences.
    │ 
    │ CRITICAL: Be CONSERVATIVE. When in doubt, say PASS.
    │ Only say FAIL for CLEAR, OBJECTIVE, SPECIFIC errors (wrong math, completely missing step, wrong name).
    │ Do NOT say FAIL for: vague concerns, 'might be wrong', uncertain issues, minor stylistic differences, or steps you cannot confirm from the log (absence of evidence is NOT evidence of absence).
    │ If the action log shows all main steps completed with status=ok, say PASS.
    │ 
    │ Reply ONLY with either:
    │ - 'PASS' if everything looks correct or you are unsure
    │ - 'FAIL: <specific issue>' ONLY if there is an obvious, objective error
  🔍 Verification (1166 tokens): PASS

  ✓ DONE — 14 iterations, 257722 tokens, 60.0s

======================================================================
  TASK COMPLETE — total 60.3s
======================================================================

