
======================================================================
  NEW TASK RECEIVED
  Version: unknown
======================================================================
  Prompt: Wir haben die Rechnung INV-2026-6337 vom Lieferanten Waldstein GmbH (Org.-Nr. 927720523) über 55950 NOK einschließlich MwSt. erhalten. Der Betrag betrifft Bürodienstleistungen (Konto 7000). Erfassen Sie die Lieferantenrechnung mit der korrekten Vorsteuer (25 %).
  Files:  0
  URL:    https://tx-proxy-jwanbnu3pq-lz.a.run.app/v2
──────────────────────────────────────────────────────────────────────
  [pre] Invoice/credit/payment task detected — ensuring bank account...
    ┌─ API GET /invoice/settings
    └─ 200 OK (0.3s) id=969950
    ┌─ API GET /ledger/account
    │  params: {"isBankAccount": "true", "count": 10}
    └─ 200 OK (0.3s) [2 items]
  [bank] found account 1920 id=477173178 v=0
    ┌─ API PUT /ledger/account/477173178
    │  body:   {"id": 477173178, "version": 0, "number": 1920, "name": "Bankinnskudd", "bankAccountNumber": "15030100112"}
    └─ 200 OK (0.3s) id=477173178 name=Bankinnskudd
  [bank] bank account set OK
  [pre] Bank account setup: OK

──────────────────────────────────────────────────
  ITERATION 1/25
──────────────────────────────────────────────────
  [gcs] Upload failed: 403 POST https://storage.googleapis.com/upload/storage/v1/b/tripletex-agent-logs/o?uploadType=multipart: {
  "error": {
    "code": 403,
    "message": "52373769937-compute@developer.gserviceaccount.com does not have storage.objects.create access to the Google Cloud Storage object. Permission 'storage.objects.create' denied on resource (or it may not exist).",
    "errors": [
      {
        "message": "52373769937-compute@developer.gserviceaccount.com does not have storage.objects.create access to the Google Cloud Storage object. Permission 'storage.objects.create' denied on resource (or it may not exist).",
        "domain": "global",
        "reason": "forbidden"
      }
    ]
  }
}
: ('Request failed with status code', 403, 'Expected one of', <HTTPStatus.OK: 200>)
  Tokens: prompt=16587 completion=154 total_session=16741
  GPT says: To complete the task of registering a supplier invoice for Waldstein GmbH, we must ensure the appropriate VAT type and account are used. Here's the plan:

1. **Create Supplier:** First, ensure Waldstein GmbH is registered as a supplier.
2. **VAT and Account Lookup:** Identify the correct VAT type for 25% incoming VAT and the correct account for office services (account 7000).
3. **Calculate Amounts:** Calculate the net amount excluding VAT and the VAT amount.
4. **Register Supplier Invoice:** Fi
  Messages: 3 (62,938 chars)
  Tool calls (1):
    [1] tripletex_api({"method":"GET","path":"/supplier"})
    ┌─ API GET /supplier
    └─ 200 OK (0.3s) [1 items]
    │  response: {"fullResultSize": 1, "from": 0, "count": 1, "versionDigest": "'If-None-Match' header not specified", "values": [{"id": 108454048, "version": 1, "url": "kkpqfuj-amager.tripletex.dev/v2/supplier/108454048", "name": "Waldstein GmbH", "organizationNumber": "927720523", "supplierNumber": 20001, "customerNumber": 0, "isSupplier": true, "isCustomer": false, "isInactive": false, "email": "", "invoiceEmail": "", "overdueNoticeEmail": "", "phoneNumber": "", "phoneNumberMobile": "", "description": "", "isPrivateIndividual": false, "showProducts": false, "accountManager": null, "postalAddress": {"id": 405755483, "url": "kkpqfuj-amager.tripletex.dev/v2/address/405755483"}, "physicalAddress": {"id": 405755482, "url": "kkpqfuj-amager.tripletex.dev/v2/address/405755482"}, "deliveryAddress": null, "category1": null, "category2": null, "category3": null, "bankAccountPresentation": [], "currency": {"id": 1, "url": "kkpqfuj-amager.tripletex.dev/v2/currency/1"}, "ledgerAccount": {"id": 477173237, "url": "kkpqfuj-amager.tripletex.dev/v2/ledger/account/477173237"}, "language": "NO", "isWholesaler": false, "displayName": "Waldstein GmbH (20001)", "locale": "no_NO", "website": ""}]}
  Iteration 1 took 2.1s

──────────────────────────────────────────────────
  ITERATION 2/25
──────────────────────────────────────────────────
  [github] Log pushed: 20260321_231005_9943_salary_ok_11iter_voce_recebeu_um.log (attempt 1)
  Tokens: prompt=17136 completion=62 total_session=33939
  GPT says: Waldstein GmbH is already registered as a supplier. Next, let's look up the 25% incoming VAT type and verify the account for office services (account 7000).
  Messages: 5 (64,271 chars)
  Tool calls (1):
    [1] tripletex_api({"method":"GET","path":"/ledger/vatType"})
    ┌─ API GET /ledger/vatType
    └─ 200 OK (0.3s) [56 items]
    │  response: {"fullResultSize": 56, "from": 0, "count": 56, "versionDigest": "'If-None-Match' header not specified", "values": [{"id": 1, "version": 0, "url": "kkpqfuj-amager.tripletex.dev/v2/ledger/vatType/1", "name": "Fradrag inngående avgift, høy sats", "number": "1", "displayName": "1: (25%) Fradrag inngående avgift, høy sats", "percentage": 25, "deductionPercentage": 100.0, "parentType": {"id": 0, "url": "kkpqfuj-amager.tripletex.dev/v2/ledger/vatType/0"}}, {"id": 2, "version": 0, "url": "kkpqfuj-amager.tripletex.dev/v2/ledger/vatType/2", "name": "Direktepostert fradrag inngående avgift, høy sats (mva-kode utgikk 01.01.2017)", "number": "UT-2", "displayName": "UT-2: (100%) Direktepostert fradrag inngående avgift, høy sats (mva-kode utgikk 01.01.2017)", "percentage": 100.0, "deductionPercentage": 100.0, "parentType": {"id": 0, "url": "kkpqfuj-amager.tripletex.dev/v2/ledger/vatType/0"}}, {"id": 3, "version": 0, "url": "kkpqfuj-amager.tripletex.dev/v2/ledger/vatType/3", "name": "Utgående avgift, høy sats", "number": "3", "displayName": "3: (25%) Utgående avgift, høy sats", "percentage": 25, "deductionPercentage": 100.0, "parentType": {"id": 0, "url": "kkpqfuj-amager.tripletex.dev/v2/ledger/vatType/0"}}, {"id": 4, "version": 0, "url": "kkpqfuj-amager.tripletex.dev/v2/ledger/vatType/4", "name": "Direktepostert utgående avgift, høy sats", "number": "4", "displayName": "4: (100%) Direktepostert utgående avgift, høy sats", "percentage": 100.0, "deductionPercentage": 100.0, "parentType": {"id…
  Iteration 2 took 1.7s

──────────────────────────────────────────────────
  ITERATION 3/25
──────────────────────────────────────────────────
  Tokens: prompt=20208 completion=29 total_session=54176
  Messages: 7 (72,285 chars)
  Tool calls (1):
    [1] tripletex_api({"method":"GET","path":"/ledger/account","params":{"number":"7000"}})
    ┌─ API GET /ledger/account
    │  params: {"number": "7000"}
    └─ 200 OK (0.3s) [1 items]
    │  response: {"fullResultSize": 1, "from": 0, "count": 1, "versionDigest": "'If-None-Match' header not specified", "values": [{"id": 477173474, "version": 0, "url": "kkpqfuj-amager.tripletex.dev/v2/ledger/account/477173474", "number": 7000, "numberPretty": "7000", "name": "Drivstoff, selskapets transportmidler", "description": "", "type": "OPERATING_EXPENSES", "legalVatTypes": [{"id": 0, "url": "kkpqfuj-amager.tripletex.dev/v2/ledger/vatType/0"}, {"id": 1, "url": "kkpqfuj-amager.tripletex.dev/v2/ledger/vatType/1"}, {"id": 11, "url": "kkpqfuj-amager.tripletex.dev/v2/ledger/vatType/11"}, {"id": 12, "url": "kkpqfuj-amager.tripletex.dev/v2/ledger/vatType/12"}, {"id": 230, "url": "kkpqfuj-amager.tripletex.dev/v2/ledger/vatType/230"}, {"id": 13, "url": "kkpqfuj-amager.tripletex.dev/v2/ledger/vatType/13"}, {"id": 14, "url": "kkpqfuj-amager.tripletex.dev/v2/ledger/vatType/14"}, {"id": 34, "url": "kkpqfuj-amager.tripletex.dev/v2/ledger/vatType/34"}, {"id": 35, "url": "kkpqfuj-amager.tripletex.dev/v2/ledger/vatType/35"}, {"id": 559, "url": "kkpqfuj-amager.tripletex.dev/v2/ledger/vatType/559"}, {"id": 550, "url": "kkpqfuj-amager.tripletex.dev/v2/ledger/vatType/550"}, {"id": 551, "url": "kkpqfuj-amager.tripletex.dev/v2/ledger/vatType/551"}, {"id": 553, "url": "kkpqfuj-amager.tripletex.dev/v2/ledger/vatType/553"}, {"id": 560, "url": "kkpqfuj-amager.tripletex.dev/v2/ledger/vatType/560"}], "ledgerType": "GENERAL", "balanceGroup": "Ikke i en saldogruppe.", "vatType": {"id": 1, "url": "kkpqfuj-amager.trip…
  Iteration 3 took 1.1s

──────────────────────────────────────────────────
  ITERATION 4/25
──────────────────────────────────────────────────
  Tokens: prompt=21017 completion=299 total_session=75492
  GPT says: We have the necessary information to register the supplier invoice:

- Supplier: Waldstein GmbH (ID: 108454048)
- Incoming 25% VAT Type: "Fradrag inngående avgift, høy sats" (ID: 1)
- Account for Bürodienstleistungen (Konto 7000): ID 477173474

**Calculated Amounts:**
- The total invoice amount including VAT is 55,950 NOK.
- VAT Amount: \( \frac{55,950}{1.25} \times 0.25 = 11,190 \) NOK
- Amount excluding VAT: \( 55,950 - 11,190 = 44,760 \) NOK

Let's proceed to register this supplier invoice. 
  Messages: 9 (74,917 chars)
  Tool calls (1):
    [1] tripletex_api({"method":"POST","path":"/incomingInvoice","params":{"sendTo":"ledger"},"body":{"invoiceHeader":{"vendorId":108454048,"invoiceDate":"2026-03-21","dueDate":"2026-04-20","invoiceAmount":55950,"invoiceNumber":"INV-2026-6337","description":"Supplier invoice INV-2026-6337 from Waldstein GmbH"},"orderLines":[{"externalId":"line-1","row":1,"accountId":477173474,"amountInclVat":55950,"vatTypeId":1,"description":"Bürodienstleistungen"}]}})
    ┌─ API POST /incomingInvoice
    │  params: {"sendTo": "ledger"}
    │  body:   {"invoiceHeader": {"vendorId": 108454048, "invoiceDate": "2026-03-21", "dueDate": "2026-04-20", "invoiceAmount": 55950, "invoiceNumber": "INV-2026-6337", "description": "Supplier invoice INV-2026-6337 from Waldstein GmbH"}, "orderLines": [{"externalId": "line-1", "row": 1, "accountId": 477173474, "amountInclVat": 55950, "vatTypeId": 1, "description": "Bürodienstleistungen"}]}
    └─ 403 ERR (1.1s) {"status": 403, "code": 9000, "message": "You do not have permission to access this feature.", "link": "https://tripletex.no/v2-docs/", "developerMessage": null, "validationMessages": null, "requestId": "9e12f336-5a90-443b-8bf5-93ab5a1bee5c", "_status_code": 403}
    │  response: {"status": 403, "code": 9000, "message": "You do not have permission to access this feature.", "link": "https://tripletex.no/v2-docs/", "developerMessage": null, "validationMessages": null, "requestId": "9e12f336-5a90-443b-8bf5-93ab5a1bee5c", "_status_code": 403}
  Iteration 4 took 5.9s

──────────────────────────────────────────────────
  ITERATION 5/25
──────────────────────────────────────────────────
  Tokens: prompt=21421 completion=80 total_session=96993
  GPT says: It appears we do not have permission to use the `/incomingInvoice` endpoint. Let's attempt to register the supplier invoice using the `/supplierInvoice` endpoint instead.

We'll need to register the invoice with appropriate voucher postings. Let's proceed with this approach. 
  Messages: 11 (75,456 chars)
  Tool calls (1):
    [1] tripletex_api({"method":"GET","path":"/ledger/account","params":{"number":"2400"}})
    ┌─ API GET /ledger/account
    │  params: {"number": "2400"}
    └─ 200 OK (0.4s) [1 items]
    │  response: {"fullResultSize": 1, "from": 0, "count": 1, "versionDigest": "'If-None-Match' header not specified", "values": [{"id": 477173237, "version": 0, "url": "kkpqfuj-amager.tripletex.dev/v2/ledger/account/477173237", "number": 2400, "numberPretty": "2400", "name": "Leverandørgjeld", "description": "", "type": "LIABILITIES", "legalVatTypes": [{"id": 0, "url": "kkpqfuj-amager.tripletex.dev/v2/ledger/vatType/0"}], "ledgerType": "VENDOR", "balanceGroup": "Ikke i en saldogruppe.", "vatType": {"id": 0, "url": "kkpqfuj-amager.tripletex.dev/v2/ledger/vatType/0"}, "vatLocked": true, "currency": null, "isCloseable": true, "isApplicableForSupplierInvoice": true, "requireReconciliation": false, "isInactive": false, "isBankAccount": false, "isInvoiceAccount": false, "bankAccountNumber": "", "bankAccountCountry": null, "bankName": "", "bankAccountIBAN": "", "bankAccountSWIFT": "", "saftCode": "24", "groupingCode": "2400", "displayName": "2400 Leverandørgjeld", "requiresDepartment": false, "requiresProject": false, "invoicingDepartment": null, "isPostingsExist": false, "quantityType1": null, "quantityType2": null, "department": null}]}
  Iteration 5 took 4.1s

──────────────────────────────────────────────────
  ITERATION 6/25
──────────────────────────────────────────────────
  Tokens: prompt=21883 completion=185 total_session=119061
  Messages: 13 (76,589 chars)
  Tool calls (1):
    [1] tripletex_api({"method":"POST","path":"/supplierInvoice","body":{"invoiceNumber":"INV-2026-6337","invoiceDate":"2026-03-21","invoiceDueDate":"2026-04-20","supplier":{"id":108454048},"voucher":{"date":"2026-03-21","description":"Supplier invoice INV-2026-6337 from Waldstein GmbH","postings":[{"row":1,"date":"2026-03-21","amountGross":55950,"amountGrossCurrency":55950,"account":{"id":477173474},"vatType":{"id":1}},{"row":2,"date":"2026-03-21","amountGross":-55950,"amountGrossCurrency":-55950,"account":{"id":477173237},"supplier":{"id":108454048}}]}}})
    ┌─ API POST /supplierInvoice
    │  body:   {"invoiceNumber": "INV-2026-6337", "invoiceDate": "2026-03-21", "invoiceDueDate": "2026-04-20", "supplier": {"id": 108454048}, "voucher": {"date": "2026-03-21", "description": "Supplier invoice INV-2026-6337 from Waldstein GmbH", "postings": [{"row": 1, "date": "2026-03-21", "amountGross": 55950, "amountGrossCurrency": 55950, "account": {"id": 477173474}, "vatType": {"id": 1}}, {"row": 2, "date": "2026-03-21", "amountGross": -55950, "amountGrossCurrency": -55950, "account": {"id": 477173237}, "supplier": {"id": 108454048}}]}}
    └─ 201 OK (0.4s) id=2147649798
    │  response: {"value": {"id": 2147649798, "version": 0, "url": "kkpqfuj-amager.tripletex.dev/v2/supplierInvoice/2147649798", "invoiceNumber": "INV-2026-6337", "invoiceDate": "2026-03-21", "supplier": {"id": 108454048, "url": "kkpqfuj-amager.tripletex.dev/v2/supplier/108454048"}, "invoiceDueDate": "2026-04-20", "kidOrReceiverReference": "", "voucher": {"id": 609206160, "url": "kkpqfuj-amager.tripletex.dev/v2/ledger/voucher/609206160"}, "amount": 0, "amountCurrency": 0, "amountExcludingVat": 0, "amountExcludingVatCurrency": 0, "currency": null, "isCreditNote": false, "orderLines": [], "payments": [], "originalInvoiceDocumentId": 0, "approvalListElements": [{"id": 647229559, "url": "kkpqfuj-amager.tripletex.dev/v2/voucherApprovalListElement/647229559"}, {"id": 647229558, "url": "kkpqfuj-amager.tripletex.dev/v2/voucherApprovalListElement/647229558"}], "outstandingAmount": 0.0}}
  Iteration 6 took 2.3s

──────────────────────────────────────────────────
  ITERATION 7/25
──────────────────────────────────────────────────
  Tokens: prompt=22382 completion=9 total_session=141452
  Messages: 15 (77,462 chars)
  Tool calls (1):
    [1] done()

  ⏳ Verifying task completion (271s remaining)...
  📋 Verification prompt (3699 chars):
    │ TASK: Wir haben die Rechnung INV-2026-6337 vom Lieferanten Waldstein GmbH (Org.-Nr. 927720523) über 55950 NOK einschließlich MwSt. erhalten. Der Betrag betrifft Bürodienstleistungen (Konto 7000). Erfassen Sie die Lieferantenrechnung mit der korrekten Vorsteuer (25 %).
    │ 
    │ 
    │ ACTION LOG (chronological):
    │ CALL: tripletex_api({"method":"GET","path":"/supplier"})
    │ status=ok
    │ CALL: tripletex_api({"method":"GET","path":"/ledger/vatType"})
    │ CALL: tripletex_api({"method":"GET","path":"/ledger/account","params":{"number":"7000"}})
    │ status=ok
    │ CALL: tripletex_api({"method":"POST","path":"/incomingInvoice","params":{"sendTo":"ledger"},"body":{"invoiceHeader":{"vendorId":108454048,"invoiceDate":"2026-03-21","dueDate":"2026-04-20","invoiceAmount":55950,"invoiceNumber":"INV-2026-6337","description":"Supplier invoice INV-2026-6337 from Waldstein GmbH"},"orderLine)
    │ status=403
    │ CALL: tripletex_api({"method":"GET","path":"/ledger/account","params":{"number":"2400"}})
    │ status=ok
    │ CALL: tripletex_api({"method":"POST","path":"/supplierInvoice","body":{"invoiceNumber":"INV-2026-6337","invoiceDate":"2026-03-21","invoiceDueDate":"2026-04-20","supplier":{"id":108454048},"voucher":{"date":"2026-03-21","description":"Supplier invoice INV-2026-6337 from Waldstein GmbH","postings":[{"row":1,"date":"2026-)
    │ status=ok id=2147649798 amount=0 amountCurrency=0 invoiceNumber=INV-2026-6337
    │ CALL: done({})
    │ 
    │ You are an accounting verification agent. Based ONLY on the action log above, check:
    │ 1. MATH: All amounts, percentages, VAT calculations correct? (e.g. if task says 50% of 274950, invoice total incl VAT must be 137475)
    │ 2. COMPLETENESS: Were all steps in the task done? Look at the CALL entries — if the action log shows the step was performed with status=ok, it WAS done. Do NOT say a step is missing if you can see it in the log!
    │ IMPORTANT: 'Fakturer'/'Invoice' just means create an invoice — do NOT require sending unless the task explicitly says send/sende/enviar/envoyer/senden!
    │ 3. DATA: Names, org numbers, dates match the task?
    │ 4. AMOUNTS: If any created entity shows amount=0 or totalAmount=0 in the response, that is WRONG — the postings failed silently. EXCEPTION: Supplier invoice (supplierInvoice) responses normally show amount=0 — this is OK.
    │ 5. BUDGET vs INVOICE: NEVER flag a mismatch between project budget and invoice total. For fixed-price projects the invoice excl. VAT matches the fixedprice — this is CORRECT. For other projects, invoice is based on actual work/costs. Either way, do NOT fail on budget vs invoice differences.
    │ 6. PAYMENT AMOUNTS: Invoice payments and reversals use the FULL amount INCLUDING VAT, not excl. VAT. If the task says 'X NOK excl. VAT', the correct payment/reversal amount is X × 1.25 (Norwegian 25% VAT). Do NOT flag a mismatch between excl. VAT amounts in the task and incl. VAT payment amounts.
    │ 7. VAT BREAKDOWN: If the total invoice amount matches the expected sum, do NOT fail on 'VAT breakdown not reflected' or similar vague VAT concerns. Only fail if a specific line item has the WRONG VAT rate applied.
    │ 
    │ CRITICAL: Be CONSERVATIVE. When in doubt, say PASS.
    │ Only say FAIL for CLEAR, OBJECTIVE, SPECIFIC errors (wrong math, completely missing step, wrong name).
    │ Do NOT say FAIL for: vague concerns, 'might be wrong', uncertain issues, minor stylistic differences, or steps you cannot confirm from the log (absence of evidence is NOT evidence of absence).
    │ A false FAIL causes MORE damage than a missed error. When uncertain, ALWAYS say PASS.
    │ If the action log shows all main steps completed with status=ok, say PASS.
    │ 
    │ Reply ONLY with either:
    │ - 'PASS' if everything looks correct or you are unsure
    │ - 'FAIL: <specific issue>' ONLY if there is an obvious, objective error
  🔍 Verification (962 tokens): PASS

  ✓ DONE — 7 iterations, 141452 tokens, 19.2s

======================================================================
  TASK COMPLETE — total 19.6s
======================================================================

