
======================================================================
  NEW TASK RECEIVED
  Version: efb32e8
======================================================================
  Prompt: Enregistrez une note de frais de déplacement pour Adam Martin (adam.martin@example.org) pour "Visite client Oslo". Le voyage a duré 3 jours avec indemnités journalières (taux journalier 800 NOK). Dépenses : billet d'avion 7550 NOK et taxi 600 NOK.
  Files:  0
  URL:    https://tx-proxy-jwanbnu3pq-lz.a.run.app/v2
──────────────────────────────────────────────────────────────────────

──────────────────────────────────────────────────
  ITERATION 1/25
──────────────────────────────────────────────────
  [github] Log pushed: 20260322_014042_8417_payment_ok_4iter_el_cliente_solmar.log (attempt 1)
  Tokens: prompt=18205 completion=125 total_session=18330
  GPT says: Let's begin by handling this task which requires creating a travel expense report for Adam Martin. Here's the plan:

1. Create or update the employee profile for Adam Martin.
2. Create the travel expense for the stated trip.
3. Add the travel costs: a flight ticket and a taxi fare.
4. Add per diem compensation for the daily allowance.

Let's execute these steps.

### Step 1: Create or Update Employee
First, let's create an employee profile (or update if already exists) for Adam Martin.
  Messages: 3 (68,333 chars)
  Tool calls (1):
    [1] tripletex_api({"method":"POST","path":"/employee"})
    │  [fix] blocked POST without body: /employee
  Iteration 1 took 2.1s

──────────────────────────────────────────────────
  ITERATION 2/25
──────────────────────────────────────────────────
  [github] Log pushed: 20260322_014034_8262_salary_ok_11iter_processe_o_salário.log (attempt 1)
  Tokens: prompt=18399 completion=59 total_session=36788
  GPT says: I neglected to include the employee details. Let's add the details for Adam Martin.
  Messages: 5 (68,626 chars)
  Tool calls (1):
    [1] tripletex_api({"method":"POST","path":"/employee","body":{"firstName":"Adam","lastName":"Martin","email":"adam.martin@example.org"}})
    ┌─ API POST /employee
    │  body:   {"firstName": "Adam", "lastName": "Martin", "email": "adam.martin@example.org"}
    └─ 422 ERR (0.6s) {"status": 422, "code": 18000, "message": "Validering feilet.", "link": "https://tripletex.no/v2-docs/", "developerMessage": "VALIDATION_ERROR", "validationMessages": [{"field": null, "message": "Brukertype kan ikke være \"0\" eller tom.", "path": null, "rootId": null}], "requestId": "12d7b9a3-add1-43b9-959a-2215f4cc6d2a", "_status_code": 422}
    │  [auto-fix] POST /employee failed — searching for existing employee to rename as Adam Martin
    ┌─ API GET /employee
    │  params: {"fields": "*"}
    └─ 200 OK (0.5s) [2 items]
    ┌─ API PUT /employee/18719597
    │  body:   {"id": 18719597, "version": 2, "firstName": "Adam", "lastName": "Martin", "dateOfBirth": "1990-01-01"}
    └─ 200 OK (0.9s) id=18719597 name=Adam
    │  [auto-fix] employee 18719597 renamed to Adam Martin — returning as created
    │  response: {"value": {"id": 18719597, "version": 3, "url": "kkpqfuj-amager.tripletex.dev/v2/employee/18719597", "firstName": "Adam", "lastName": "Martin", "displayName": "Adam Martin", "employeeNumber": "", "dateOfBirth": "1990-01-01", "email": "adam.martin@example.org", "phoneNumberMobileCountry": {"id": 161, "url": "kkpqfuj-amager.tripletex.dev/v2/country/161"}, "phoneNumberMobile": "", "phoneNumberHome": "", "phoneNumberWork": "", "nationalIdentityNumber": "", "dnumber": "", "internationalId": {"intAmeldingType": null, "country": null, "number": ""}, "bankAccountNumber": "", "iban": "", "bic": "", "creditorBankCountryId": 0, "usesAbroadPayment": false, "userType": null, "allowInformationRegistration": true, "isContact": false, "isProxy": false, "comments": "", "address": null, "department": {"id": 985768, "url": "kkpqfuj-amager.tripletex.dev/v2/department/985768"}, "employments": [], "holidayAllowanceEarned": {"year": 0, "amount": 0.0, "basis": 0.0, "amountExtraHolidayWeek": 0.0}, "employeeCategory": null, "isAuthProjectOverviewURL": true, "pictureId": 0, "companyId": 108495955, "vismaConnect2FAactive": false}, "_status_code": 201}
  Iteration 2 took 3.2s

──────────────────────────────────────────────────
  ITERATION 3/25
──────────────────────────────────────────────────
  Tokens: prompt=18837 completion=152 total_session=55777
  GPT says: The employee profile for Adam Martin has been successfully created. Now, let's proceed to create the travel expense report for the customer visit to Oslo. 

### Step 2: Create the Travel Expense Report
Let's create the travel expense report for "Visite client Oslo". The trip duration is 3 days.
  Messages: 7 (70,062 chars)
  Tool calls (1):
    [1] tripletex_api({"method":"POST","path":"/travelExpense","body":{"employee":{"id":18719597},"title":"Visite client Oslo","date":"2026-03-22","travelDetails":{"departureDate":"2026-03-19","returnDate":"2026-03-22","destination":"Oslo","purpose":"Customer visit in Oslo","isDayTrip":false}}})
    ┌─ API POST /travelExpense
    │  body:   {"employee": {"id": 18719597}, "title": "Visite client Oslo", "date": "2026-03-22", "travelDetails": {"departureDate": "2026-03-19", "returnDate": "2026-03-22", "destination": "Oslo", "purpose": "Customer visit in Oslo", "isDayTrip": false}}
    └─ 201 OK (0.7s) id=11151460
    │  response: {"value": {"id": 11151460, "version": 2, "url": "kkpqfuj-amager.tripletex.dev/v2/travelExpense/11151460", "attestationSteps": [], "attestation": null, "project": null, "employee": {"id": 18719597, "url": "kkpqfuj-amager.tripletex.dev/v2/employee/18719597"}, "approvedBy": null, "completedBy": null, "rejectedBy": null, "department": {"id": 985768, "url": "kkpqfuj-amager.tripletex.dev/v2/department/985768"}, "freeDimension1": null, "freeDimension2": null, "freeDimension3": null, "payslip": null, "vatType": {"id": 0, "url": "kkpqfuj-amager.tripletex.dev/v2/ledger/vatType/0"}, "paymentCurrency": {"id": 1, "url": "kkpqfuj-amager.tripletex.dev/v2/currency/1"}, "travelDetails": {"isForeignTravel": false, "isDayTrip": false, "isCompensationFromRates": false, "departureDate": "2026-03-19", "returnDate": "2026-03-22", "detailedJourneyDescription": "", "departureFrom": "", "destination": "Oslo", "departureTime": "", "returnTime": "", "purpose": "Customer visit in Oslo"}, "voucher": null, "attachment": null, "isCompleted": false, "isApproved": false, "rejectedComment": "", "isChargeable": false, "isFixedInvoicedAmount": false, "isMarkupInvoicedPercent": false, "isIncludeAttachedReceiptsWhenReinvoicing": false, "completedDate": null, "approvedDate": null, "date": "2026-03-22", "travelAdvance": 0, "fixedInvoicedAmount": 0, "markupInvoicedPercent": 0, "amount": 0, "chargeableAmountCurrency": 0.0, "paymentAmount": 0.0, "chargeableAmount": 0, "lowRateVAT": 0, "mediumRateVAT": 0, "highRateVAT":…
  Iteration 3 took 3.0s

──────────────────────────────────────────────────
  ITERATION 4/25
──────────────────────────────────────────────────
  Tokens: prompt=19781 completion=105 total_session=75663
  GPT says: The travel expense report for "Visite client Oslo" has been successfully created. Now, let's proceed to add the travel costs: the flight ticket and taxi fare. 

### Step 3: Add Travel Costs
We'll add a flight ticket of 7550 NOK and a taxi fare of 600 NOK. First, I'll fetch the available cost categories and payment types to match the expenses correctly.
  Messages: 9 (72,751 chars)
  Tool calls (1):
    [1] tripletex_api({"method":"GET","path":"/travelExpense/costCategory"})
    ┌─ API GET /travelExpense/costCategory
    └─ 200 OK (0.9s) [36 items]
    │  [trim] condensed 36 items → key fields (3711 chars)
    │  response: {"fullResultSize": 36, "from": 0, "count": 36, "versionDigest": "'If-None-Match' header not specified", "values": [{"id": 38361100, "version": 0, "displayName": "Bredbånd", "description": "Bredbånd"}, {"id": 38361101, "version": 0, "displayName": "Kontorrekvisita", "description": "Kontorrekvisita"}, {"id": 38361102, "version": 0, "displayName": "Data/EDB-kostnad", "description": "Data/EDB-kostnad"}, {"id": 38361103, "version": 0, "displayName": "Aviser, tidsskrifter, bøker o.l.", "description": "Aviser, tidsskrifter, bøker o.l."}, {"id": 38361104, "version": 0, "displayName": "Møte, kurs, oppdatering o.l.", "description": "Møte, kurs, oppdatering o.l."}, {"id": 38361105, "version": 0, "displayName": "Annen kontorkostnad", "description": "Annen kontorkostnad"}, {"id": 38361106, "version": 0, "displayName": "Telefon", "description": "Telefon"}, {"id": 38361107, "version": 0, "displayName": "Porto", "description": "Porto"}, {"id": 38361108, "version": 0, "displayName": "Bomavgift", "description": "Bomavgift"}, {"id": 38361109, "version": 0, "displayName": "Buss", "description": "Buss"}, {"id": 38361110, "version": 0, "displayName": "Båt", "description": "Båt"}, {"id": 38361111, "version": 0, "displayName": "Drivstoff", "description": "Drivstoff"}, {"id": 38361112, "version": 0, "displayName": "Drivstoff - leiebil", "description": "Drivstoff - leiebil"}, {"id": 38361113, "version": 0, "displayName": "Drivstoff - selskapets transportmiddel", "description": "Drivstoff - selskapets …
  Iteration 4 took 2.9s

──────────────────────────────────────────────────
  ITERATION 5/25
──────────────────────────────────────────────────
  Tokens: prompt=21190 completion=24 total_session=96877
  Messages: 11 (76,462 chars)
  Tool calls (1):
    [1] tripletex_api({"method":"GET","path":"/travelExpense/paymentType"})
    ┌─ API GET /travelExpense/paymentType
    └─ 200 OK (0.7s) [1 items]
    │  response: {"fullResultSize": 1, "from": 0, "count": 1, "versionDigest": "'If-None-Match' header not specified", "values": [{"id": 38361099, "version": 0, "url": "kkpqfuj-amager.tripletex.dev/v2/travelExpense/paymentType/38361099", "description": "Privat utlegg", "account": {"id": 484091074, "url": "kkpqfuj-amager.tripletex.dev/v2/ledger/account/484091074"}, "showOnTravelExpenses": true, "showOnEmployeeExpenses": true, "isInactive": false, "displayName": "Privat utlegg"}]}
  Iteration 5 took 1.4s

──────────────────────────────────────────────────
  ITERATION 6/25
──────────────────────────────────────────────────
  Tokens: prompt=21379 completion=126 total_session=118382
  GPT says: We now have the relevant data. Let's add the travel costs for the flight and taxi:

- **Flight Ticket:** Category "Fly", Amount 7550 NOK.
- **Taxi Fare:** Category "Taxi", Amount 600 NOK.

We'll use the payment type "Privat utlegg" for both. Let's proceed.
  Messages: 13 (77,184 chars)
  Tool calls (1):
    [1] tripletex_api({"method":"POST","path":"/travelExpense/cost","body":{"travelExpense":{"id":11151460},"costCategory":{"id":38361115},"paymentType":{"id":38361099},"amountCurrencyIncVat":7550}})
    ┌─ API POST /travelExpense/cost
    │  body:   {"travelExpense": {"id": 11151460}, "costCategory": {"id": 38361115}, "paymentType": {"id": 38361099}, "amountCurrencyIncVat": 7550}
    └─ 201 OK (1.0s)
    │  response: {"value": {"url": "kkpqfuj-amager.tripletex.dev/v2/travelExpense/cost/20258822"}}
  Iteration 6 took 2.9s

──────────────────────────────────────────────────
  ITERATION 7/25
──────────────────────────────────────────────────
  Tokens: prompt=21547 completion=60 total_session=139989
  Messages: 15 (77,265 chars)
  Tool calls (1):
    [1] tripletex_api({"method":"POST","path":"/travelExpense/cost","body":{"travelExpense":{"id":11151460},"costCategory":{"id":38361130},"paymentType":{"id":38361099},"amountCurrencyIncVat":600}})
    ┌─ API POST /travelExpense/cost
    │  body:   {"travelExpense": {"id": 11151460}, "costCategory": {"id": 38361130}, "paymentType": {"id": 38361099}, "amountCurrencyIncVat": 600}
    └─ 201 OK (0.6s)
    │  response: {"value": {"url": "kkpqfuj-amager.tripletex.dev/v2/travelExpense/cost/20258823"}}
  Iteration 7 took 1.6s

──────────────────────────────────────────────────
  ITERATION 8/25
──────────────────────────────────────────────────
  Tokens: prompt=21646 completion=95 total_session=161730
  GPT says: The travel costs for both the flight ticket and the taxi fare have been successfully added. Finally, let's proceed to add per diem compensation for the daily allowance.

### Step 4: Add Per Diem Compensation
We'll fetch the appropriate rate category for the per diem, and then add it for the 3-day trip with the daily rate specified.
  Messages: 17 (77,679 chars)
  Tool calls (1):
    [1] tripletex_api({"method":"GET","path":"/travelExpense/rateCategory"})
    ┌─ API GET /travelExpense/rateCategory
    └─ 200 OK (0.8s) [459 items]
    │  [filter] rateCategory: 459 → 109 domestic entries
    │  [trim] condensed 109 items → key fields (16080 chars)
    │  response: {"fullResultSize": 109, "from": 0, "count": 459, "versionDigest": "'If-None-Match' header not specified", "_note": "Condensed 109 items to key fields. Use ?query= or ?name= or ?number= to filter, or GET /.../<id> for full details.", "values": [{"id": 2, "version": 0, "type": "PER_DIEM", "fromDate": null, "name": "Dagsreise 5-9 timer - innland", "toDate": "2008-05-01"}, {"id": 3, "version": 0, "type": "PER_DIEM", "fromDate": null, "name": "Dagsreise 9-12 timer - innland", "toDate": "2008-05-01"}, {"id": 4, "version": 0, "type": "PER_DIEM", "fromDate": null, "name": "Dagsreise over 12 timer - innland", "toDate": "2008-05-01"}, {"id": 10, "version": 0, "type": "PER_DIEM", "fromDate": null, "name": "Overnatting 8-12 timer - innland", "toDate": "2008-05-01"}, {"id": 11, "version": 0, "type": "PER_DIEM", "fromDate": null, "name": "Overnatting over 12 timer - innland", "toDate": "2008-05-01"}, {"id": 15, "version": 0, "type": "PER_DIEM", "fromDate": null, "name": "Overnatting over 28 døgn - innland", "toDate": "2008-05-01"}, {"id": 19, "version": 0, "type": "PER_DIEM", "fromDate": null, "name": "Administrativ forpleining - innland", "toDate": "2008-05-01"}, {"id": 20, "version": 0, "type": "PER_DIEM", "fromDate": null, "name": "Administrativ forpleining for pendler - innland", "toDate": "2008-05-01"}, {"id": 60, "version": 0, "type": "ACCOMMODATION_ALLOWANCE", "fromDate": null, "name": "Ulegitimert - innland", "toDate": "2012-12-31"}, {"id": 61, "version": 0, "type": "ACCOMMODATION_…
  Iteration 8 took 2.3s

──────────────────────────────────────────────────
  ITERATION 9/25
──────────────────────────────────────────────────
  Tokens: prompt=25033 completion=106 total_session=186869
  GPT says: We've found the appropriate per diem rate category for the multi-day trip:

- **Rate Category:** "Overnatting over 12 timer - innland"

Let's add this per diem compensation for the 3-day trip.
  Messages: 19 (85,885 chars)
  Tool calls (1):
    [1] tripletex_api({"method":"POST","path":"/travelExpense/perDiemCompensation","body":{"travelExpense":{"id":11151460},"rateCategory":{"id":467},"location":"Oslo","overnightAccommodation":"HOTEL","count":3}})
    ┌─ API GET /travelExpense/11151460
    │  params: {"fields": "date,travelDetails"}
    └─ 200 OK (0.8s)
    ┌─ API GET /travelExpense/rateCategory
    │  params: {"count": 1000}
    └─ 200 OK (0.7s) [459 items]
    │  [fix] perDiem rateCategory 467 → 740 (Overnatting over 12 timer - innland)
    ┌─ API POST /travelExpense/perDiemCompensation
    │  body:   {"travelExpense": {"id": 11151460}, "rateCategory": {"id": 740}, "location": "Oslo", "overnightAccommodation": "HOTEL", "count": 3}
    └─ 201 OK (1.2s)
    │  response: {"value": {"url": "kkpqfuj-amager.tripletex.dev/v2/travelExpense/perDiemCompensation/1596316"}}
  Iteration 9 took 4.4s

──────────────────────────────────────────────────
  ITERATION 10/25
──────────────────────────────────────────────────
  Tokens: prompt=25184 completion=9 total_session=212062
  Messages: 21 (85,980 chars)
  Tool calls (1):
    [1] done()

  ⏳ Verifying task completion (265s remaining)...
  📋 Verification prompt (4690 chars):
    │ TASK: Enregistrez une note de frais de déplacement pour Adam Martin (adam.martin@example.org) pour "Visite client Oslo". Le voyage a duré 3 jours avec indemnités journalières (taux journalier 800 NOK). Dépenses : billet d'avion 7550 NOK et taxi 600 NOK.
    │ 
    │ TASK TYPE: Travel expense.Check these SPECIFIC things:
    │ - Employee created/found with correct name?
    │ - Travel expense created with correct destination and travel dates?
    │ - Cost lines added for each expense (plane, taxi, hotel, etc.) with correct amounts?
    │ - Per diem compensation added if task mentions daily allowance/diett/dietas?
    │   Per diem rateCategory MUST match the travel year (2026 date range, NOT old 2008 category)!
    │ - Payment type set (typically 'Privat utlegg')?
    │ - Travel expense amount > 0 after adding costs?
    │ - Do NOT require 'completing' or 'delivering' the travel expense — just creating it with costs is enough.
    │ 
    │ ACTION LOG (chronological):
    │ CALL: tripletex_api({"method":"POST","path":"/employee"})
    │ status=400
    │ CALL: tripletex_api({"method":"POST","path":"/employee","body":{"firstName":"Adam","lastName":"Martin","email":"adam.martin@example.org"}})
    │ status=201 id=18719597
    │ CALL: tripletex_api({"method":"POST","path":"/travelExpense","body":{"employee":{"id":18719597},"title":"Visite client Oslo","date":"2026-03-22","travelDetails":{"departureDate":"2026-03-19","returnDate":"2026-03-22","destination":"Oslo","purpose":"Customer visit in Oslo","isDayTrip":false}}})
    │ status=ok id=11151460 amount=0
    │ CALL: tripletex_api({"method":"GET","path":"/travelExpense/costCategory"})
    │ status=ok
    │ CALL: tripletex_api({"method":"GET","path":"/travelExpense/paymentType"})
    │ status=ok
    │ CALL: tripletex_api({"method":"POST","path":"/travelExpense/cost","body":{"travelExpense":{"id":11151460},"costCategory":{"id":38361115},"paymentType":{"id":38361099},"amountCurrencyIncVat":7550}})
    │ status=ok
    │ CALL: tripletex_api({"method":"POST","path":"/travelExpense/cost","body":{"travelExpense":{"id":11151460},"costCategory":{"id":38361130},"paymentType":{"id":38361099},"amountCurrencyIncVat":600}})
    │ status=ok
    │ CALL: tripletex_api({"method":"GET","path":"/travelExpense/rateCategory"})
    │ CALL: tripletex_api({"method":"POST","path":"/travelExpense/perDiemCompensation","body":{"travelExpense":{"id":11151460},"rateCategory":{"id":467},"location":"Oslo","overnightAccommodation":"HOTEL","count":3}})
    │ status=ok
    │ CALL: done({})
    │ 
    │ You are an accounting verification agent. Based ONLY on the action log above, check:
    │ 1. MATH: All amounts, percentages, VAT calculations correct? (e.g. if task says 50% of 274950, invoice total incl VAT must be 137475)
    │ 2. COMPLETENESS: Were all steps in the task done? Look at the CALL entries — if the action log shows the step was performed with status=ok, it WAS done. Do NOT say a step is missing if you can see it in the log!
    │ IMPORTANT: 'Fakturer'/'Invoice' just means create an invoice — do NOT require sending unless the task explicitly says send/sende/enviar/envoyer/senden!
    │ 3. DATA: Names, org numbers, dates match the task?
    │ 4. AMOUNTS: If any created entity shows amount=0 or totalAmount=0 in the response, that is WRONG — the postings failed silently. For supplier invoices: amount=0 with amountExcludingVat=0 means postings were MISSING or malformed.
    │ 5. BUDGET vs INVOICE: NEVER flag a mismatch between project budget and invoice total. For fixed-price projects the invoice excl. VAT matches the fixedprice — this is CORRECT. For other projects, invoice is based on actual work/costs. Either way, do NOT fail on budget vs invoice differences.
    │ 6. PAYMENT AMOUNTS: Invoice payments and reversals use the FULL amount INCLUDING VAT, not excl. VAT. If the task says 'X NOK excl. VAT', the correct payment/reversal amount is X × 1.25 (Norwegian 25% VAT). Do NOT flag a mismatch between excl. VAT amounts in the task and incl. VAT payment amounts.
    │ 7. VAT BREAKDOWN: If the total invoice amount matches the expected sum, do NOT fail on 'VAT breakdown not reflected' or similar vague VAT concerns. Only fail if a specific line item has the WRONG VAT rate applied.
    │ 
    │ CRITICAL: Be CONSERVATIVE. When in doubt, say PASS.
    │ Only say FAIL for CLEAR, OBJECTIVE, SPECIFIC errors (wrong math, completely missing step, wrong name).
    │ Do NOT say FAIL for: vague concerns, 'might be wrong', uncertain issues, minor stylistic differences, or steps you cannot confirm from the log (absence of evidence is NOT evidence of absence).
    │ A false FAIL causes MORE damage than a missed error. When uncertain, ALWAYS say PASS.
    │ If the action log shows all main steps completed with status=ok, say PASS.
    │ 
    │ Reply ONLY with either:
    │ - 'PASS' if everything looks correct or you are unsure
    │ - 'FAIL: <specific issue>' ONLY if there is an obvious, objective error
  🔍 Verification (1188 tokens): PASS

  ✓ DONE — 10 iterations, 212062 tokens, 24.6s

======================================================================
  TASK COMPLETE — total 25.0s
======================================================================

