
======================================================================
  NEW TASK RECEIVED
  Version: b49df29
======================================================================
  Prompt: Opprett kunden Snøhetta AS med organisasjonsnummer 969719878. Adressen er Industriveien 148, 2317 Hamar. E-post: post@snhetta.no.
  Files:  0
  URL:    https://tx-proxy-jwanbnu3pq-lz.a.run.app/v2
──────────────────────────────────────────────────────────────────────
  [pre] Pre-scans completed in 0.0s

──────────────────────────────────────────────────
  ITERATION 1/25
──────────────────────────────────────────────────
  Tokens: prompt=20457 completion=124 total_session=20581
  Messages: 3 (76,323 chars)
  Tool calls (1):
    [1] tripletex_api({"method":"POST","path":"/customer","body":{"name":"Snøhetta AS","isCustomer":true,"organizationNumber":"969719878","email":"post@snhetta.no","invoiceEmail":"post@snhetta.no","overdueNoticeEmail":"post@snhetta.no","physicalAddress":{"addressLine1":"Industriveien 148","postalCode":"2317","city":"Hamar"},"postalAddress":{"addressLine1":"Industriveien 148","postalCode":"2317","city":"Hamar"}}})
    ┌─ API POST /customer
    │  body:   {"name": "Snøhetta AS", "isCustomer": true, "organizationNumber": "969719878", "email": "post@snhetta.no", "invoiceEmail": "post@snhetta.no", "overdueNoticeEmail": "post@snhetta.no", "physicalAddress": {"addressLine1": "Industriveien 148", "postalCode": "2317", "city": "Hamar"}, "postalAddress": {"addressLine1": "Industriveien 148", "postalCode": "2317", "city": "Hamar"}}
  [github] Log pushed: 20260322_125758_1481_payment_ok_17iter_um_dos_seus.log (attempt 1)
    └─ 201 OK (2.3s) id=108616480 name=Snøhetta AS
    │  response: {"value": {"id": 108616480, "version": 1, "url": "kkpqfuj-amager.tripletex.dev/v2/customer/108616480", "name": "Snøhetta AS", "organizationNumber": "969719878", "globalLocationNumber": 0, "supplierNumber": 0, "customerNumber": 10001, "isSupplier": false, "isCustomer": true, "isInactive": false, "accountManager": null, "department": null, "email": "post@snhetta.no", "invoiceEmail": "post@snhetta.no", "overdueNoticeEmail": "post@snhetta.no", "phoneNumber": "", "phoneNumberMobile": "", "description": "", "language": "NO", "displayName": "Snøhetta AS (10001)", "isPrivateIndividual": false, "singleCustomerInvoice": false, "invoiceSendMethod": "EMAIL", "emailAttachmentType": "ATTACHMENT", "postalAddress": {"id": 406077694, "version": 0, "url": "kkpqfuj-amager.tripletex.dev/v2/address/406077694", "addressLine1": "Industriveien 148", "addressLine2": "", "postalCode": "2317", "city": "Hamar", "country": {"id": 161, "url": "kkpqfuj-amager.tripletex.dev/v2/country/161"}, "displayName": "Snøhetta AS, Industriveien 148, 2317 Hamar, Norge", "addressAsString": "Industriveien 148, 2317 Hamar, Norge", "displayNameInklMatrikkel": "Snøhetta AS, Industriveien 148, 2317 Hamar, Norge", "knr": 0, "gnr": 0, "bnr": 0, "fnr": 0, "snr": 0, "unitNumber": ""}, "physicalAddress": {"id": 406077693, "version": 0, "url": "kkpqfuj-amager.tripletex.dev/v2/address/406077693", "addressLine1": "Industriveien 148", "addressLine2": "", "postalCode": "2317", "city": "Hamar", "country": {"id": 161, "url": "kkpqfuj-am…
  Iteration 1 took 4.0s

──────────────────────────────────────────────────
  ITERATION 2/25
──────────────────────────────────────────────────
  Tokens: prompt=21421 completion=9 total_session=42011
  Messages: 5 (78,743 chars)
  Tool calls (1):
    [1] done()

  ⏳ Verifying task completion (235s remaining)...
  📋 Verification prompt (2872 chars):
    │ TASK: Opprett kunden Snøhetta AS med organisasjonsnummer 969719878. Adressen er Industriveien 148, 2317 Hamar. E-post: post@snhetta.no.
    │ 
    │ 
    │ ACTION LOG (chronological):
    │ CALL: tripletex_api({"method":"POST","path":"/customer","body":{"name":"Snøhetta AS","isCustomer":true,"organizationNumber":"969719878","email":"post@snhetta.no","invoiceEmail":"post@snhetta.no","overdueNoticeEmail":"post@snhetta.no","physicalAddress":{"addressLine1":"Industriveien 148","postalCode":"2317","city":"Hama)
    │ status=ok id=108616480 name=Snøhetta AS
    │ CALL: done({})
    │ 
    │ You are an accounting verification agent. Based ONLY on the action log above, check:
    │ 1. MATH: All amounts, percentages, VAT calculations correct? (e.g. if task says 50% of 274950, invoice total incl VAT must be 137475)
    │ 2. COMPLETENESS: Were all steps in the task done? Look at the CALL entries — if the action log shows the step was performed with status=ok, it WAS done. Do NOT say a step is missing if you can see it in the log!
    │ IMPORTANT: 'Fakturer'/'Invoice' just means create an invoice — do NOT require sending unless the task explicitly says send/sende/enviar/envoyer/senden!
    │ 3. DATA: Names, org numbers, dates match the task?
    │ 4. AMOUNTS: If any created entity shows amount=0 or totalAmount=0 in the response, that is WRONG — the postings failed silently. For supplier invoices: amount=0 with amountExcludingVat=0 means postings were MISSING or malformed.
    │ 5. BUDGET vs INVOICE: NEVER flag a mismatch between project budget and invoice total. For fixed-price projects the invoice excl. VAT matches the fixedprice — this is CORRECT. For other projects, invoice is based on actual work/costs. Either way, do NOT fail on budget vs invoice differences.
    │ 6. PAYMENT AMOUNTS: Invoice payments and reversals use the FULL amount INCLUDING VAT, not excl. VAT. If the task says 'X NOK excl. VAT', the correct payment/reversal amount is X × 1.25 (Norwegian 25% VAT). Do NOT flag a mismatch between excl. VAT amounts in the task and incl. VAT payment amounts.
    │ 7. VAT BREAKDOWN: If the total invoice amount matches the expected sum, do NOT fail on 'VAT breakdown not reflected' or similar vague VAT concerns. Only fail if a specific line item has the WRONG VAT rate applied.
    │ 
    │ CRITICAL: Be CONSERVATIVE. When in doubt, say PASS.
    │ Only say FAIL for CLEAR, OBJECTIVE, SPECIFIC errors (wrong math, completely missing step, wrong name).
    │ Do NOT say FAIL for: vague concerns, 'might be wrong', uncertain issues, minor stylistic differences, or steps you cannot confirm from the log (absence of evidence is NOT evidence of absence).
    │ A false FAIL causes MORE damage than a missed error. When uncertain, ALWAYS say PASS.
    │ If the action log shows all main steps completed with status=ok, say PASS.
    │ 
    │ Reply ONLY with either:
    │ - 'PASS' if everything looks correct or you are unsure
    │ - 'FAIL: <specific issue>' ONLY if there is an obvious, objective error
  🔍 Verification (721 tokens): PASS

  ✓ DONE — 2 iterations, 42011 tokens, 4.7s

======================================================================
  TASK COMPLETE — total 5.2s
======================================================================

