
======================================================================
  NEW TASK RECEIVED
  Version: a9374da
======================================================================
  Prompt: Precisamos da despesa de Kundemøte lunsj deste recibo registada no departamento Økonomi. Use a conta de despesas correta e garanta o tratamento correto do IVA.
  Files:  1
  URL:    https://tx-proxy-jwanbnu3pq-lz.a.run.app/v2
    - files/kvittering_pt_01.pdf (application/pdf)
──────────────────────────────────────────────────────────────────────
    [file] Extracted 209 chars from PDF: files/kvittering_pt_01.pdf

──────────────────────────────────────────────────
  ITERATION 1/25
──────────────────────────────────────────────────
  Tokens: prompt=20118 completion=210 total_session=20328
  GPT says: To register the expense for "Kundemøte lunsj" in the Tripletex system under the "Økonomi" department, we first need to find the correct expense account for this type of expense (typically representational expenses). Once we have the account, we will create a journal voucher with the appropriate VAT treatment.

Let's proceed with the following steps:

1. Find the correct expense account ID for "Kundemøte lunsj" (likely representational expenses).
2. Check if the "Økonomi" department exists, and f
  Messages: 3 (75,738 chars)
  Tool calls (1):
    [1] tripletex_api({"method":"GET","path":"/ledger/account?number=7350"})
    │  [fix] extracted query params from path: {'number': '7350'}
    ┌─ API GET /ledger/account
    │  params: {"number": "7350"}
    └─ 200 OK (1.7s) [1 items]
    │  response: {"fullResultSize": 1, "from": 0, "count": 1, "versionDigest": "'If-None-Match' header not specified", "values": [{"id": 498662714, "version": 0, "url": "kkpqfuj-amager.tripletex.dev/v2/ledger/account/498662714", "number": 7350, "numberPretty": "7350", "name": "Representasjon, fradragsberettiget", "description": "", "type": "OPERATING_EXPENSES", "legalVatTypes": [{"id": 0, "url": "kkpqfuj-amager.tripletex.dev/v2/ledger/vatType/0"}], "ledgerType": "GENERAL", "balanceGroup": "Ikke i en saldogruppe.", "vatType": {"id": 0, "url": "kkpqfuj-amager.tripletex.dev/v2/ledger/vatType/0"}, "vatLocked": true, "currency": null, "isCloseable": false, "isApplicableForSupplierInvoice": true, "requireReconciliation": false, "isInactive": false, "isBankAccount": false, "isInvoiceAccount": false, "bankAccountNumber": "", "bankAccountCountry": null, "bankName": "", "bankAccountIBAN": "", "bankAccountSWIFT": "", "saftCode": "73", "groupingCode": "7350", "displayName": "7350 Representasjon, fradragsberettiget", "requiresDepartment": false, "requiresProject": false, "invoicingDepartment": null, "isPostingsExist": false, "quantityType1": null, "quantityType2": null, "department": null}]}
  Iteration 1 took 4.0s

──────────────────────────────────────────────────
  ITERATION 2/25
──────────────────────────────────────────────────
  Tokens: prompt=20719 completion=27 total_session=41074
  Messages: 5 (76,918 chars)
  Tool calls (1):
    [1] tripletex_api({"method":"GET","path":"/department?name=Økonomi"})
    │  [fix] extracted query params from path: {'name': 'Økonomi'}
    ┌─ API GET /department
    │  params: {"name": "Økonomi"}
    └─ 200 OK (2.0s) [1 items]
    │  response: {"fullResultSize": 1, "from": 0, "count": 1, "versionDigest": "'If-None-Match' header not specified", "values": [{"id": 1018074, "version": 0, "url": "kkpqfuj-amager.tripletex.dev/v2/department/1018074", "name": "Økonomi", "departmentNumber": "", "departmentManager": null, "displayName": "Økonomi", "isInactive": false, "businessActivityTypeId": 0}]}
  Iteration 2 took 2.8s

──────────────────────────────────────────────────
  ITERATION 3/25
──────────────────────────────────────────────────
  Tokens: prompt=20875 completion=27 total_session=61976
  Messages: 7 (77,269 chars)
  Tool calls (1):
    [1] tripletex_api({"method":"GET","path":"/ledger/account?number=1920"})
    │  [fix] extracted query params from path: {'number': '1920'}
    ┌─ API GET /ledger/account
    │  params: {"number": "1920"}
    └─ 200 OK (2.1s) [1 items]
    │  response: {"fullResultSize": 1, "from": 0, "count": 1, "versionDigest": "'If-None-Match' header not specified", "values": [{"id": 498662403, "version": 0, "url": "kkpqfuj-amager.tripletex.dev/v2/ledger/account/498662403", "number": 1920, "numberPretty": "1920", "name": "Bankinnskudd", "description": "", "type": "ASSETS", "legalVatTypes": [{"id": 0, "url": "kkpqfuj-amager.tripletex.dev/v2/ledger/vatType/0"}], "ledgerType": "GENERAL", "balanceGroup": "Ikke i en saldogruppe.", "vatType": {"id": 0, "url": "kkpqfuj-amager.tripletex.dev/v2/ledger/vatType/0"}, "vatLocked": true, "currency": {"id": 1, "url": "kkpqfuj-amager.tripletex.dev/v2/currency/1"}, "isCloseable": false, "isApplicableForSupplierInvoice": false, "requireReconciliation": true, "isInactive": false, "isBankAccount": true, "isInvoiceAccount": true, "bankAccountNumber": "", "bankAccountCountry": {"id": 161, "url": "kkpqfuj-amager.tripletex.dev/v2/country/161"}, "bankName": "", "bankAccountIBAN": "", "bankAccountSWIFT": "", "saftCode": "19", "groupingCode": "1920", "displayName": "1920 Bankinnskudd", "requiresDepartment": false, "requiresProject": false, "invoicingDepartment": null, "isPostingsExist": false, "quantityType1": null, "quantityType2": null, "department": null}]}
  Iteration 3 took 2.9s

──────────────────────────────────────────────────
  ITERATION 4/25
──────────────────────────────────────────────────
  Tokens: prompt=21327 completion=23 total_session=83326
  Messages: 9 (78,510 chars)
  Tool calls (1):
    [1] tripletex_api({"method":"POST","path":"/ledger/voucher"})
    │  [fix] blocked POST without body: /ledger/voucher
  Iteration 4 took 0.7s

──────────────────────────────────────────────────
  ITERATION 5/25
──────────────────────────────────────────────────
  Tokens: prompt=21420 completion=147 total_session=104893
  Messages: 11 (78,732 chars)
  Tool calls (1):
    [1] tripletex_api({"method":"POST","path":"/ledger/voucher","body":{"date":"2026-03-22","description":"Kundemøte lunsj at Peppes Pizza","postings":[{"row":1,"date":"2026-03-22","amountGross":4100,"amountGrossCurrency":4100,"account":{"id":498662714},"vatType":{"id":0},"department":{"id":1018074}},{"row":2,"date":"2026-03-22","amountGross":-4100,"amountGrossCurrency":-4100,"account":{"id":498662403},"vatType":{"id":0}}]}})
    ┌─ API POST /ledger/voucher
    │  body:   {"date": "2026-03-22", "description": "Kundemøte lunsj at Peppes Pizza", "postings": [{"row": 1, "date": "2026-03-22", "amountGross": 4100, "amountGrossCurrency": 4100, "account": {"id": 498662714}, "vatType": {"id": 0}, "department": {"id": 1018074}}, {"row": 2, "date": "2026-03-22", "amountGross": -4100, "amountGrossCurrency": -4100, "account": {"id": 498662403}, "vatType": {"id": 0}}]}
    └─ 201 OK (2.5s) id=609399871
    │  response: {"value": {"id": 609399871, "version": 5, "url": "kkpqfuj-amager.tripletex.dev/v2/ledger/voucher/609399871", "date": "2026-03-22", "number": 1, "tempNumber": 0, "year": 2026, "description": "Kundemøte lunsj at Peppes Pizza", "voucherType": null, "reverseVoucher": null, "postings": [{"id": 3846459430, "version": 1, "url": "kkpqfuj-amager.tripletex.dev/v2/ledger/posting/3846459430", "voucher": {"id": 609399871, "url": "kkpqfuj-amager.tripletex.dev/v2/ledger/voucher/609399871"}, "date": "2026-03-22", "description": "Kundemøte lunsj at Peppes Pizza", "account": {"id": 498662714, "url": "kkpqfuj-amager.tripletex.dev/v2/ledger/account/498662714"}, "amortizationAccount": null, "amortizationStartDate": null, "amortizationEndDate": null, "customer": null, "supplier": null, "employee": null, "project": null, "product": null, "department": {"id": 1018074, "url": "kkpqfuj-amager.tripletex.dev/v2/department/1018074"}, "vatType": {"id": 0, "url": "kkpqfuj-amager.tripletex.dev/v2/ledger/vatType/0"}, "amount": 4100.0, "amountCurrency": 4100.0, "amountGross": 4100, "amountGrossCurrency": 4100, "currency": {"id": 1, "url": "kkpqfuj-amager.tripletex.dev/v2/currency/1"}, "closeGroup": null, "invoiceNumber": "", "termOfPayment": null, "row": 1, "type": null, "externalRef": "", "systemGenerated": false, "taxTransactionType": "(Ikke valgt)", "taxTransactionTypeId": 0, "matched": false, "quantityAmount1": 0, "quantityType1": null, "quantityAmount2": 0, "quantityType2": null, "isVatReadonly": true, "…
  Iteration 5 took 3.9s

──────────────────────────────────────────────────
  ITERATION 6/25
──────────────────────────────────────────────────
  Tokens: prompt=22651 completion=9 total_session=127553
  Messages: 13 (81,915 chars)
  Tool calls (1):
    [1] done()

  ⏳ Verifying task completion (275s remaining)...
  📋 Verification prompt (3594 chars):
    │ TASK: Precisamos da despesa de Kundemøte lunsj deste recibo registada no departamento Økonomi. Use a conta de despesas correta e garanta o tratamento correto do IVA.
    │ 
    │ TASK TYPE: Expense/voucher registration with department assignment.
    │ Check these SPECIFIC things:
    │ - Correct expense account used for the item described?
    │ - Correct VAT type (inngående MVA for purchases)?
    │ - Department assigned on voucher postings or supplier invoice?
    │ - Amounts correct (incl/excl VAT)?
    │ - If supplier invoice amount=0 AND amountExcludingVat=0, the postings were WRONG.
    │ 
    │ ACTION LOG (chronological):
    │ CALL: tripletex_api({"method":"GET","path":"/ledger/account?number=7350"})
    │ status=ok
    │ CALL: tripletex_api({"method":"GET","path":"/department?name=Økonomi"})
    │ status=ok
    │ CALL: tripletex_api({"method":"GET","path":"/ledger/account?number=1920"})
    │ status=ok
    │ CALL: tripletex_api({"method":"POST","path":"/ledger/voucher"})
    │ status=400
    │ CALL: tripletex_api({"method":"POST","path":"/ledger/voucher","body":{"date":"2026-03-22","description":"Kundemøte lunsj at Peppes Pizza","postings":[{"row":1,"date":"2026-03-22","amountGross":4100,"amountGrossCurrency":4100,"account":{"id":498662714},"vatType":{"id":0},"department":{"id":1018074}},{"row":2,"date":"202)
    │ status=ok id=609399871
    │ CALL: done({})
    │ 
    │ You are an accounting verification agent. Based ONLY on the action log above, check:
    │ 1. MATH: All amounts, percentages, VAT calculations correct? (e.g. if task says 50% of 274950, invoice total incl VAT must be 137475)
    │ 2. COMPLETENESS: Were all steps in the task done? Look at the CALL entries — if the action log shows the step was performed with status=ok, it WAS done. Do NOT say a step is missing if you can see it in the log!
    │ IMPORTANT: 'Fakturer'/'Invoice' just means create an invoice — do NOT require sending unless the task explicitly says send/sende/enviar/envoyer/senden!
    │ 3. DATA: Names, org numbers, dates match the task?
    │ 4. AMOUNTS: If any created entity shows amount=0 or totalAmount=0 in the response, that is WRONG — the postings failed silently. For supplier invoices: amount=0 with amountExcludingVat=0 means postings were MISSING or malformed.
    │ 5. BUDGET vs INVOICE: NEVER flag a mismatch between project budget and invoice total. For fixed-price projects the invoice excl. VAT matches the fixedprice — this is CORRECT. For other projects, invoice is based on actual work/costs. Either way, do NOT fail on budget vs invoice differences.
    │ 6. PAYMENT AMOUNTS: Invoice payments and reversals use the FULL amount INCLUDING VAT, not excl. VAT. If the task says 'X NOK excl. VAT', the correct payment/reversal amount is X × 1.25 (Norwegian 25% VAT). Do NOT flag a mismatch between excl. VAT amounts in the task and incl. VAT payment amounts.
    │ 7. VAT BREAKDOWN: If the total invoice amount matches the expected sum, do NOT fail on 'VAT breakdown not reflected' or similar vague VAT concerns. Only fail if a specific line item has the WRONG VAT rate applied.
    │ 
    │ CRITICAL: Be CONSERVATIVE. When in doubt, say PASS.
    │ Only say FAIL for CLEAR, OBJECTIVE, SPECIFIC errors (wrong math, completely missing step, wrong name).
    │ Do NOT say FAIL for: vague concerns, 'might be wrong', uncertain issues, minor stylistic differences, or steps you cannot confirm from the log (absence of evidence is NOT evidence of absence).
    │ A false FAIL causes MORE damage than a missed error. When uncertain, ALWAYS say PASS.
    │ If the action log shows all main steps completed with status=ok, say PASS.
    │ 
    │ Reply ONLY with either:
    │ - 'PASS' if everything looks correct or you are unsure
    │ - 'FAIL: <specific issue>' ONLY if there is an obvious, objective error
  🔍 Verification (900 tokens): PASS

  ✓ DONE — 6 iterations, 127553 tokens, 15.2s

======================================================================
  TASK COMPLETE — total 16.0s
======================================================================

