
======================================================================
  NEW TASK RECEIVED
  Version: unknown
======================================================================
  Prompt: Die Zahlung von Nordlicht GmbH (Org.-Nr. 985405077) für die Rechnung "Wartung" (42200 NOK ohne MwSt.) wurde von der Bank zurückgebucht. Stornieren Sie die Zahlung, damit die Rechnung wieder den offenen Betrag anzeigt.
  Files:  0
  URL:    https://tx-proxy-jwanbnu3pq-lz.a.run.app/v2
──────────────────────────────────────────────────────────────────────
  [pre] Invoice/credit/payment task detected — ensuring bank account...
    ┌─ API GET /invoice/settings
    └─ 200 OK (2.0s) id=772262
  [bank] already ready
  [pre] Bank account setup: OK

──────────────────────────────────────────────────
  ITERATION 1/25
──────────────────────────────────────────────────
  Tokens: prompt=14948 completion=179 total_session=15127
  GPT says: To handle this task, we need to find the invoice related to "Wartung" (42200 NOK excluding VAT) issued to Nordlicht GmbH and then reverse the payment that was made. Here's the step-by-step plan:

1. **Find the Invoice:** Search for the invoice with the name "Wartung" by Nordlicht GmbH issued before today.
2. **Get Payment Types:** Identify available payment types, specifically "Betalt til bank" for bank payments.
3. **Reverse the Payment:** Register a negative payment on the identified invoice t
  Messages: 3 (56,769 chars)
  Tool calls (1):
    [1] tripletex_api({"method":"GET","path":"/invoice","params":{"invoiceDateFrom":"2000-01-01","invoiceDateTo":"2030-12-31"}})
    ┌─ API GET /invoice
    │  params: {"invoiceDateFrom": "2000-01-01", "invoiceDateTo": "2030-12-31"}
    └─ 200 OK (1.6s) [2 items]
    │  response: {"fullResultSize": 2, "from": 0, "count": 2, "versionDigest": "'If-None-Match' header not specified", "values": [{"id": 2147569941, "version": 3, "url": "kkpqfuj-amager.tripletex.dev/v2/invoice/2147569941", "invoiceNumber": 1, "invoiceDate": "2026-03-01", "customer": {"id": 108321107, "url": "kkpqfuj-amager.tripletex.dev/v2/customer/108321107"}, "creditedInvoice": 0, "isCredited": false, "invoiceDueDate": "2026-03-31", "kid": "", "invoiceComment": "", "comment": "", "orders": [{"id": 401989868, "url": "kkpqfuj-amager.tripletex.dev/v2/order/401989868"}], "orderLines": [{"id": 1607533696, "url": "kkpqfuj-amager.tripletex.dev/v2/order/orderline/1607533696"}], "travelReports": [], "projectInvoiceDetails": [{"id": 1965756269, "url": "kkpqfuj-amager.tripletex.dev/v2/invoice/details/1965756269"}], "voucher": {"id": 608888850, "url": "kkpqfuj-amager.tripletex.dev/v2/ledger/voucher/608888850"}, "deliveryDate": "2026-03-01", "amount": 17062.5, "amountCurrency": 17062.5, "amountExcludingVat": 13650.0, "amountExcludingVatCurrency": 13650.0, "amountRoundoff": 0.0, "amountRoundoffCurrency": 0.0, "amountOutstanding": 17062.5, "amountCurrencyOutstanding": 17062.5, "amountOutstandingTotal": 17062.5, "amountCurrencyOutstandingTotal": 17062.5, "sumRemits": 0, "currency": {"id": 1, "url": "kkpqfuj-amager.tripletex.dev/v2/currency/1"}, "isCreditNote": false, "isCharged": true, "isApproved": false, "postings": [{"id": 3845086953, "url": "kkpqfuj-amager.tripletex.dev/v2/ledger/posting/3845086953"}]…
  Iteration 1 took 5.5s

──────────────────────────────────────────────────
  ITERATION 2/25
──────────────────────────────────────────────────
  Tokens: prompt=16286 completion=126 total_session=31539
  GPT says: We have found the relevant invoice for "Wartung" with the following details:

- **Invoice ID**: 2147569954
- **Amount Excluding VAT**: 42200 NOK
- **Amount Including VAT**: 52750 NOK
- **Amount Outstanding**: 0 NOK (indicating it was fully paid)

Next, we need to check the available payment types to determine the ID for the payment type associated with the bank before creating a negative payment to reverse it.
  Messages: 5 (60,389 chars)
  Tool calls (1):
    [1] tripletex_api({"method":"GET","path":"/invoice/paymentType"})
    ┌─ API GET /invoice/paymentType
    └─ 200 OK (1.7s) [2 items]
    │  response: {"fullResultSize": 2, "from": 0, "count": 2, "versionDigest": "'If-None-Match' header not specified", "values": [{"id": 28042666, "version": 0, "url": "kkpqfuj-amager.tripletex.dev/v2/invoice/paymentType/28042666", "description": "Kontant", "displayName": "Kontant", "debitAccount": {"id": 372680896, "url": "kkpqfuj-amager.tripletex.dev/v2/ledger/account/372680896"}, "creditAccount": null, "vatType": {"id": 0, "url": "kkpqfuj-amager.tripletex.dev/v2/ledger/vatType/0"}, "sequence": 1, "customer": null, "supplier": null, "currencyId": 1, "currencyCode": "NOK"}, {"id": 28042667, "version": 0, "url": "kkpqfuj-amager.tripletex.dev/v2/invoice/paymentType/28042667", "description": "Betalt til bank", "displayName": "Betalt til bank", "debitAccount": {"id": 372680899, "url": "kkpqfuj-amager.tripletex.dev/v2/ledger/account/372680899"}, "creditAccount": null, "vatType": {"id": 0, "url": "kkpqfuj-amager.tripletex.dev/v2/ledger/vatType/0"}, "sequence": 2, "customer": null, "supplier": null, "currencyId": 1, "currencyCode": "NOK"}]}
  Iteration 2 took 5.0s

──────────────────────────────────────────────────
  ITERATION 3/25
──────────────────────────────────────────────────
  Tokens: prompt=16792 completion=125 total_session=48456
  GPT says: The payment type "Betalt til bank" is available with ID **28042667**. Now, we will proceed to reverse the payment for the invoice ID 2147569954.

We will make a negative payment entry with the same amount to reflect the reversal. Let's proceed.
  Messages: 7 (61,666 chars)
  Tool calls (1):
    [1] tripletex_api({"method":"PUT","path":"/invoice/2147569954/:payment","params":{"paymentDate":"2026-03-21","paymentTypeId":28042667,"paidAmount":-52750.0,"paidAmountCurrency":-52750.0}})
    ┌─ API PUT /invoice/2147569954/:payment
    │  params: {"paymentDate": "2026-03-21", "paymentTypeId": 28042667, "paidAmount": -52750.0, "paidAmountCurrency": -52750.0}
    └─ 200 OK (1.9s) id=2147569954
    │  response: {"value": {"id": 2147569954, "version": 3, "url": "kkpqfuj-amager.tripletex.dev/v2/invoice/2147569954", "invoiceNumber": 2, "invoiceDate": "2026-03-01", "customer": {"id": 108321112, "url": "kkpqfuj-amager.tripletex.dev/v2/customer/108321112"}, "creditedInvoice": 0, "isCredited": false, "invoiceDueDate": "2026-03-31", "kid": "", "invoiceComment": "", "comment": "", "orders": [{"id": 401989876, "url": "kkpqfuj-amager.tripletex.dev/v2/order/401989876"}], "orderLines": [{"id": 1607533704, "url": "kkpqfuj-amager.tripletex.dev/v2/order/orderline/1607533704"}], "travelReports": [], "projectInvoiceDetails": [{"id": 1965756276, "url": "kkpqfuj-amager.tripletex.dev/v2/invoice/details/1965756276"}], "voucher": {"id": 608888856, "url": "kkpqfuj-amager.tripletex.dev/v2/ledger/voucher/608888856"}, "deliveryDate": "2026-03-01", "amount": 52750.0, "amountCurrency": 52750.0, "amountExcludingVat": 42200.0, "amountExcludingVatCurrency": 42200.0, "amountRoundoff": 0.0, "amountRoundoffCurrency": 0.0, "amountOutstanding": 52750.0, "amountCurrencyOutstanding": 52750.0, "amountOutstandingTotal": 52750.0, "amountCurrencyOutstandingTotal": 52750.0, "sumRemits": 0, "currency": {"id": 1, "url": "kkpqfuj-amager.tripletex.dev/v2/currency/1"}, "isCreditNote": false, "isCharged": true, "isApproved": false, "postings": [{"id": 3845086972, "url": "kkpqfuj-amager.tripletex.dev/v2/ledger/posting/3845086972"}, {"id": 3845086985, "url": "kkpqfuj-amager.tripletex.dev/v2/ledger/posting/3845086985"}, {"id": 3845745…
  Iteration 3 took 3.9s

──────────────────────────────────────────────────
  ITERATION 4/25
──────────────────────────────────────────────────
  Tokens: prompt=17541 completion=9 total_session=66006
  Messages: 9 (63,362 chars)
  Tool calls (1):
    [1] done()

  ⏳ Verifying task completion (273s remaining)...
  📋 Verification prompt (3075 chars):
    │ TASK: Die Zahlung von Nordlicht GmbH (Org.-Nr. 985405077) für die Rechnung "Wartung" (42200 NOK ohne MwSt.) wurde von der Bank zurückgebucht. Stornieren Sie die Zahlung, damit die Rechnung wieder den offenen Betrag anzeigt.
    │ 
    │ 
    │ ACTION LOG (chronological):
    │ CALL: tripletex_api({"method":"GET","path":"/invoice","params":{"invoiceDateFrom":"2000-01-01","invoiceDateTo":"2030-12-31"}})
    │ status=ok
    │ CALL: tripletex_api({"method":"GET","path":"/invoice/paymentType"})
    │ status=ok
    │ CALL: tripletex_api({"method":"PUT","path":"/invoice/2147569954/:payment","params":{"paymentDate":"2026-03-21","paymentTypeId":28042667,"paidAmount":-52750.0,"paidAmountCurrency":-52750.0}})
    │ status=ok id=2147569954 amount=52750.0 amountCurrency=52750.0 invoiceNumber=2
    │ CALL: done({})
    │ 
    │ You are an accounting verification agent. Based ONLY on the action log above, check:
    │ 1. MATH: All amounts, percentages, VAT calculations correct? (e.g. if task says 50% of 274950, invoice total incl VAT must be 137475)
    │ 2. COMPLETENESS: Were all steps in the task done? Look at the CALL entries — if the action log shows the step was performed with status=ok, it WAS done. Do NOT say a step is missing if you can see it in the log!
    │ IMPORTANT: 'Fakturer'/'Invoice' just means create an invoice — do NOT require sending unless the task explicitly says send/sende/enviar/envoyer/senden!
    │ 3. DATA: Names, org numbers, dates match the task?
    │ 4. AMOUNTS: If any created entity shows amount=0 or totalAmount=0 in the response, that is WRONG — the postings failed silently. EXCEPTION: Supplier invoice (supplierInvoice) responses normally show amount=0 — this is OK.
    │ 5. BUDGET vs INVOICE: NEVER flag a mismatch between project budget and invoice total. For fixed-price projects the invoice excl. VAT matches the fixedprice — this is CORRECT. For other projects, invoice is based on actual work/costs. Either way, do NOT fail on budget vs invoice differences.
    │ 6. PAYMENT AMOUNTS: Invoice payments and reversals use the FULL amount INCLUDING VAT, not excl. VAT. If the task says 'X NOK excl. VAT', the correct payment/reversal amount is X × 1.25 (Norwegian 25% VAT). Do NOT flag a mismatch between excl. VAT amounts in the task and incl. VAT payment amounts.
    │ 7. VAT BREAKDOWN: If the total invoice amount matches the expected sum, do NOT fail on 'VAT breakdown not reflected' or similar vague VAT concerns. Only fail if a specific line item has the WRONG VAT rate applied.
    │ 
    │ CRITICAL: Be CONSERVATIVE. When in doubt, say PASS.
    │ Only say FAIL for CLEAR, OBJECTIVE, SPECIFIC errors (wrong math, completely missing step, wrong name).
    │ Do NOT say FAIL for: vague concerns, 'might be wrong', uncertain issues, minor stylistic differences, or steps you cannot confirm from the log (absence of evidence is NOT evidence of absence).
    │ A false FAIL causes MORE damage than a missed error. When uncertain, ALWAYS say PASS.
    │ If the action log shows all main steps completed with status=ok, say PASS.
    │ 
    │ Reply ONLY with either:
    │ - 'PASS' if everything looks correct or you are unsure
    │ - 'FAIL: <specific issue>' ONLY if there is an obvious, objective error
  🔍 Verification (781 tokens): PASS

  ✓ DONE — 4 iterations, 66006 tokens, 17.3s

======================================================================
  TASK COMPLETE — total 18.0s
======================================================================

