
======================================================================
  NEW TASK RECEIVED
  Version: 6906e87
======================================================================
  Prompt: Kunden Lysgård AS (org.nr 866100829) har reklamert på fakturaen for "Webdesign" (9900 kr ekskl. MVA). Opprett en fullstendig kreditnota som reverserer hele fakturaen.
  Files:  0
  URL:    https://tx-proxy-jwanbnu3pq-lz.a.run.app/v2
──────────────────────────────────────────────────────────────────────
  [pre] Invoice/credit/payment task detected — ensuring bank account...
    ┌─ API GET /invoice/settings
    └─ 200 OK (1.9s) id=1013630
  [bank] already ready
  [pre] Bank account setup: OK
  [pre] Pre-scans completed in 1.9s

──────────────────────────────────────────────────
  ITERATION 1/25
──────────────────────────────────────────────────
  Tokens: prompt=20076 completion=45 total_session=20121
  Messages: 3 (74,831 chars)
  Tool calls (1):
    [1] tripletex_api({"method":"GET","path":"/invoice","params":{"invoiceDateFrom":"2000-01-01","invoiceDateTo":"2030-12-31"}})
    ┌─ API GET /invoice
    │  params: {"invoiceDateFrom": "2000-01-01", "invoiceDateTo": "2030-12-31"}
    └─ 200 OK (1.7s) [1 items]
    │  response: {"fullResultSize": 1, "from": 0, "count": 1, "versionDigest": "'If-None-Match' header not specified", "values": [{"id": 2147698926, "version": 3, "url": "kkpqfuj-amager.tripletex.dev/v2/invoice/2147698926", "invoiceNumber": 1, "invoiceDate": "2026-03-01", "customer": {"id": 108591660, "url": "kkpqfuj-amager.tripletex.dev/v2/customer/108591660"}, "creditedInvoice": 0, "isCredited": false, "invoiceDueDate": "2026-03-31", "kid": "", "invoiceComment": "", "comment": "", "orders": [{"id": 402079883, "url": "kkpqfuj-amager.tripletex.dev/v2/order/402079883"}], "orderLines": [{"id": 1607613422, "url": "kkpqfuj-amager.tripletex.dev/v2/order/orderline/1607613422"}], "travelReports": [], "projectInvoiceDetails": [{"id": 1965828681, "url": "kkpqfuj-amager.tripletex.dev/v2/invoice/details/1965828681"}], "voucher": {"id": 609415168, "url": "kkpqfuj-amager.tripletex.dev/v2/ledger/voucher/609415168"}, "deliveryDate": "2026-03-01", "amount": 12375.0, "amountCurrency": 12375.0, "amountExcludingVat": 9900.0, "amountExcludingVatCurrency": 9900.0, "amountRoundoff": 0.0, "amountRoundoffCurrency": 0.0, "amountOutstanding": 12375.0, "amountCurrencyOutstanding": 12375.0, "amountOutstandingTotal": 12375.0, "amountCurrencyOutstandingTotal": 12375.0, "sumRemits": 0, "currency": {"id": 1, "url": "kkpqfuj-amager.tripletex.dev/v2/currency/1"}, "isCreditNote": false, "isCharged": true, "isApproved": false, "postings": [{"id": 3846499922, "url": "kkpqfuj-amager.tripletex.dev/v2/ledger/posting/3846499922"}], …
  Iteration 1 took 2.9s

──────────────────────────────────────────────────
  ITERATION 2/25
──────────────────────────────────────────────────
  Tokens: prompt=20708 completion=41 total_session=40870
  Messages: 5 (76,453 chars)
  Tool calls (1):
    [1] tripletex_api({"method":"PUT","path":"/invoice/2147698926/:createCreditNote","params":{"date":"2026-03-22"}})
    ┌─ API PUT /invoice/2147698926/:createCreditNote
    │  params: {"date": "2026-03-22"}
    └─ 200 OK (3.6s) id=2147698940
    │  response: {"value": {"id": 2147698940, "version": 2, "url": "kkpqfuj-amager.tripletex.dev/v2/invoice/2147698940", "invoiceNumber": 2, "invoiceDate": "2026-03-22", "customer": {"id": 108591660, "url": "kkpqfuj-amager.tripletex.dev/v2/customer/108591660"}, "creditedInvoice": 2147698926, "isCredited": false, "invoiceDueDate": "2026-03-22", "kid": "", "invoiceComment": "", "comment": "", "orders": [{"id": 402079883, "url": "kkpqfuj-amager.tripletex.dev/v2/order/402079883"}], "orderLines": [{"id": 1607613436, "url": "kkpqfuj-amager.tripletex.dev/v2/order/orderline/1607613436"}], "travelReports": [], "projectInvoiceDetails": [{"id": 1965828690, "url": "kkpqfuj-amager.tripletex.dev/v2/invoice/details/1965828690"}], "voucher": {"id": 609415263, "url": "kkpqfuj-amager.tripletex.dev/v2/ledger/voucher/609415263"}, "deliveryDate": "2026-03-01", "amount": -12375.0, "amountCurrency": -12375.0, "amountExcludingVat": -9900.0, "amountExcludingVatCurrency": -9900.0, "amountRoundoff": 0.0, "amountRoundoffCurrency": 0.0, "amountOutstanding": 0.0, "amountCurrencyOutstanding": 0.0, "amountOutstandingTotal": 0.0, "amountCurrencyOutstandingTotal": 0.0, "sumRemits": 0, "currency": {"id": 1, "url": "kkpqfuj-amager.tripletex.dev/v2/currency/1"}, "isCreditNote": true, "isCharged": true, "isApproved": false, "postings": [{"id": 3846499922, "url": "kkpqfuj-amager.tripletex.dev/v2/ledger/posting/3846499922"}, {"id": 3846500140, "url": "kkpqfuj-amager.tripletex.dev/v2/ledger/posting/3846500140"}], "reminders": [], "i…
  Iteration 2 took 4.4s

──────────────────────────────────────────────────
  ITERATION 3/25
──────────────────────────────────────────────────
  Tokens: prompt=21334 completion=9 total_session=62213
  Messages: 7 (78,055 chars)
  Tool calls (1):
    [1] done()

  ⏳ Verifying task completion (230s remaining)...
  📋 Verification prompt (2981 chars):
    │ TASK: Kunden Lysgård AS (org.nr 866100829) har reklamert på fakturaen for "Webdesign" (9900 kr ekskl. MVA). Opprett en fullstendig kreditnota som reverserer hele fakturaen.
    │ 
    │ TASK TYPE: Credit note.
    │ Check: original invoice found, credit note created referencing it, date set.
    │ 
    │ ACTION LOG (chronological):
    │ CALL: tripletex_api({"method":"GET","path":"/invoice","params":{"invoiceDateFrom":"2000-01-01","invoiceDateTo":"2030-12-31"}})
    │ status=ok
    │ CALL: tripletex_api({"method":"PUT","path":"/invoice/2147698926/:createCreditNote","params":{"date":"2026-03-22"}})
    │ status=ok id=2147698940 amount=-12375.0 amountCurrency=-12375.0 invoiceNumber=2
    │ CALL: done({})
    │ 
    │ You are an accounting verification agent. Based ONLY on the action log above, check:
    │ 1. MATH: All amounts, percentages, VAT calculations correct? (e.g. if task says 50% of 274950, invoice total incl VAT must be 137475)
    │ 2. COMPLETENESS: Were all steps in the task done? Look at the CALL entries — if the action log shows the step was performed with status=ok, it WAS done. Do NOT say a step is missing if you can see it in the log!
    │ IMPORTANT: 'Fakturer'/'Invoice' just means create an invoice — do NOT require sending unless the task explicitly says send/sende/enviar/envoyer/senden!
    │ 3. DATA: Names, org numbers, dates match the task?
    │ 4. AMOUNTS: If any created entity shows amount=0 or totalAmount=0 in the response, that is WRONG — the postings failed silently. For supplier invoices: amount=0 with amountExcludingVat=0 means postings were MISSING or malformed.
    │ 5. BUDGET vs INVOICE: NEVER flag a mismatch between project budget and invoice total. For fixed-price projects the invoice excl. VAT matches the fixedprice — this is CORRECT. For other projects, invoice is based on actual work/costs. Either way, do NOT fail on budget vs invoice differences.
    │ 6. PAYMENT AMOUNTS: Invoice payments and reversals use the FULL amount INCLUDING VAT, not excl. VAT. If the task says 'X NOK excl. VAT', the correct payment/reversal amount is X × 1.25 (Norwegian 25% VAT). Do NOT flag a mismatch between excl. VAT amounts in the task and incl. VAT payment amounts.
    │ 7. VAT BREAKDOWN: If the total invoice amount matches the expected sum, do NOT fail on 'VAT breakdown not reflected' or similar vague VAT concerns. Only fail if a specific line item has the WRONG VAT rate applied.
    │ 
    │ CRITICAL: Be CONSERVATIVE. When in doubt, say PASS.
    │ Only say FAIL for CLEAR, OBJECTIVE, SPECIFIC errors (wrong math, completely missing step, wrong name).
    │ Do NOT say FAIL for: vague concerns, 'might be wrong', uncertain issues, minor stylistic differences, or steps you cannot confirm from the log (absence of evidence is NOT evidence of absence).
    │ A false FAIL causes MORE damage than a missed error. When uncertain, ALWAYS say PASS.
    │ If the action log shows all main steps completed with status=ok, say PASS.
    │ 
    │ Reply ONLY with either:
    │ - 'PASS' if everything looks correct or you are unsure
    │ - 'FAIL: <specific issue>' ONLY if there is an obvious, objective error
  🔍 Verification (750 tokens): PASS

  ✓ DONE — 3 iterations, 62213 tokens, 8.0s

======================================================================
  TASK COMPLETE — total 10.3s
======================================================================

