
======================================================================
  NEW TASK RECEIVED
  Version: unknown
======================================================================
  Prompt: Sie haben eine Lieferantenrechnung erhalten (siehe beigefugte PDF). Registrieren Sie die Rechnung in Tripletex. Erstellen Sie den Lieferanten, falls er nicht existiert. Verwenden Sie das richtige Aufwandskonto und die Vorsteuer.
  Files:  1
  URL:    https://tx-proxy-jwanbnu3pq-lz.a.run.app/v2
    - files/leverandorfaktura_de_02.pdf (application/pdf)
──────────────────────────────────────────────────────────────────────
  [pre] Invoice/credit/payment task detected — ensuring bank account...
    ┌─ API GET /invoice/settings
    └─ 200 OK (0.3s) id=953796
    ┌─ API GET /ledger/account
    │  params: {"isBankAccount": "true", "count": 10}
    └─ 200 OK (0.5s) [2 items]
  [bank] found account 1920 id=468640714 v=0
    ┌─ API PUT /ledger/account/468640714
    │  body:   {"id": 468640714, "version": 0, "number": 1920, "name": "Bankinnskudd", "bankAccountNumber": "15030100112"}
    └─ 200 OK (0.3s) id=468640714 name=Bankinnskudd
  [bank] bank account set OK
  [pre] Bank account setup: OK
    [file] Extracted 281 chars from PDF: files/leverandorfaktura_de_02.pdf

──────────────────────────────────────────────────
  ITERATION 1/25
──────────────────────────────────────────────────
  Tokens: prompt=14819 completion=21 total_session=14840
  Messages: 3 (55,336 chars)
  Tool calls (1):
    [1] tripletex_api({"method":"GET","path":"/supplier"})
    ┌─ API GET /supplier
    └─ 200 OK (0.3s) [0 items]
    │  response: {"fullResultSize": 0, "from": 0, "count": 0, "versionDigest": "'If-None-Match' header not specified", "values": []}
  Iteration 1 took 1.1s

──────────────────────────────────────────────────
  ITERATION 2/25
──────────────────────────────────────────────────
  Tokens: prompt=14890 completion=21 total_session=29751
  Messages: 5 (55,451 chars)
  Tool calls (1):
    [1] tripletex_api({"method":"POST","path":"/supplier"})
    │  [fix] blocked POST without body: /supplier
  Iteration 2 took 0.8s

──────────────────────────────────────────────────
  ITERATION 3/25
──────────────────────────────────────────────────
  Tokens: prompt=14977 completion=112 total_session=44840
  Messages: 7 (55,661 chars)
  Tool calls (1):
    [1] tripletex_api({"method":"POST","path":"/supplier","body":{"name":"Brückentor GmbH","organizationNumber":"923405070","email":"placeholder@example.com","invoiceEmail":"placeholder@example.com","overdueNoticeEmail":"placeholder@example.com","physicalAddress":{"addressLine1":"Industriveien 49","postalCode":"9008","city":"Tromsø"},"postalAddress":{"addressLine1":"Industriveien 49","postalCode":"9008","city":"Tromsø"}}})
    ┌─ API POST /supplier
    │  body:   {"name": "Brückentor GmbH", "organizationNumber": "923405070", "email": "placeholder@example.com", "invoiceEmail": "placeholder@example.com", "overdueNoticeEmail": "placeholder@example.com", "physicalAddress": {"addressLine1": "Industriveien 49", "postalCode": "9008", "city": "Tromsø"}, "postalAddress": {"addressLine1": "Industriveien 49", "postalCode": "9008", "city": "Tromsø"}, "isSupplier": true}
    └─ 201 OK (0.4s) id=108400997 name=Brückentor GmbH
    │  response: {"value": {"id": 108400997, "version": 1, "url": "kkpqfuj-amager.tripletex.dev/v2/supplier/108400997", "name": "Brückentor GmbH", "organizationNumber": "923405070", "supplierNumber": 20001, "customerNumber": 0, "isSupplier": true, "isCustomer": false, "isInactive": false, "email": "placeholder@example.com", "invoiceEmail": "placeholder@example.com", "overdueNoticeEmail": "placeholder@example.com", "phoneNumber": "", "phoneNumberMobile": "", "description": "", "isPrivateIndividual": false, "showProducts": false, "accountManager": null, "postalAddress": {"id": 405650958, "version": 0, "url": "kkpqfuj-amager.tripletex.dev/v2/address/405650958", "addressLine1": "Industriveien 49", "addressLine2": "", "postalCode": "9008", "city": "Tromsø", "country": {"id": 161, "url": "kkpqfuj-amager.tripletex.dev/v2/country/161"}, "displayName": "Brückentor GmbH, Industriveien 49, 9008 Tromsø, Norge", "addressAsString": "Industriveien 49, 9008 Tromsø, Norge", "displayNameInklMatrikkel": "Brückentor GmbH, Industriveien 49, 9008 Tromsø, Norge", "knr": 0, "gnr": 0, "bnr": 0, "fnr": 0, "snr": 0, "unitNumber": ""}, "physicalAddress": {"id": 405650957, "version": 0, "url": "kkpqfuj-amager.tripletex.dev/v2/address/405650957", "addressLine1": "Industriveien 49", "addressLine2": "", "postalCode": "9008", "city": "Tromsø", "country": {"id": 161, "url": "kkpqfuj-amager.tripletex.dev/v2/country/161"}, "displayName": "Brückentor GmbH, Industriveien 49, 9008 Tromsø, Norge", "addressAsString": "Industriveien …
  Iteration 3 took 2.0s

──────────────────────────────────────────────────
  ITERATION 4/25
──────────────────────────────────────────────────
  Tokens: prompt=15829 completion=24 total_session=60693
  Messages: 9 (57,749 chars)
  Tool calls (1):
    [1] tripletex_api({"method":"GET","path":"/ledger/vatType"})
    ┌─ API GET /ledger/vatType
    └─ 200 OK (0.3s) [56 items]
    │  response: {"fullResultSize": 56, "from": 0, "count": 56, "versionDigest": "'If-None-Match' header not specified", "values": [{"id": 1, "version": 0, "url": "kkpqfuj-amager.tripletex.dev/v2/ledger/vatType/1", "name": "Fradrag inngående avgift, høy sats", "number": "1", "displayName": "1: (25%) Fradrag inngående avgift, høy sats", "percentage": 25, "deductionPercentage": 100.0, "parentType": {"id": 0, "url": "kkpqfuj-amager.tripletex.dev/v2/ledger/vatType/0"}}, {"id": 2, "version": 0, "url": "kkpqfuj-amager.tripletex.dev/v2/ledger/vatType/2", "name": "Direktepostert fradrag inngående avgift, høy sats (mva-kode utgikk 01.01.2017)", "number": "UT-2", "displayName": "UT-2: (100%) Direktepostert fradrag inngående avgift, høy sats (mva-kode utgikk 01.01.2017)", "percentage": 100.0, "deductionPercentage": 100.0, "parentType": {"id": 0, "url": "kkpqfuj-amager.tripletex.dev/v2/ledger/vatType/0"}}, {"id": 3, "version": 0, "url": "kkpqfuj-amager.tripletex.dev/v2/ledger/vatType/3", "name": "Utgående avgift, høy sats", "number": "3", "displayName": "3: (25%) Utgående avgift, høy sats", "percentage": 25, "deductionPercentage": 100.0, "parentType": {"id": 0, "url": "kkpqfuj-amager.tripletex.dev/v2/ledger/vatType/0"}}, {"id": 4, "version": 0, "url": "kkpqfuj-amager.tripletex.dev/v2/ledger/vatType/4", "name": "Direktepostert utgående avgift, høy sats", "number": "4", "displayName": "4: (100%) Direktepostert utgående avgift, høy sats", "percentage": 100.0, "deductionPercentage": 100.0, "parentType": {"id…
  Iteration 4 took 1.1s

──────────────────────────────────────────────────
  ITERATION 5/25
──────────────────────────────────────────────────
  Tokens: prompt=18860 completion=29 total_session=79582
  Messages: 11 (65,763 chars)
  Tool calls (1):
    [1] tripletex_api({"method":"GET","path":"/ledger/account","params":{"number":"6300"}})
    ┌─ API GET /ledger/account
    │  params: {"number": "6300"}
    └─ 200 OK (0.3s) [1 items]
    │  response: {"fullResultSize": 1, "from": 0, "count": 1, "versionDigest": "'If-None-Match' header not specified", "values": [{"id": 468640969, "version": 0, "url": "kkpqfuj-amager.tripletex.dev/v2/ledger/account/468640969", "number": 6300, "numberPretty": "6300", "name": "Leie lokale", "description": "", "type": "OPERATING_EXPENSES", "legalVatTypes": [{"id": 0, "url": "kkpqfuj-amager.tripletex.dev/v2/ledger/vatType/0"}, {"id": 1, "url": "kkpqfuj-amager.tripletex.dev/v2/ledger/vatType/1"}, {"id": 11, "url": "kkpqfuj-amager.tripletex.dev/v2/ledger/vatType/11"}, {"id": 12, "url": "kkpqfuj-amager.tripletex.dev/v2/ledger/vatType/12"}, {"id": 230, "url": "kkpqfuj-amager.tripletex.dev/v2/ledger/vatType/230"}, {"id": 13, "url": "kkpqfuj-amager.tripletex.dev/v2/ledger/vatType/13"}, {"id": 14, "url": "kkpqfuj-amager.tripletex.dev/v2/ledger/vatType/14"}, {"id": 34, "url": "kkpqfuj-amager.tripletex.dev/v2/ledger/vatType/34"}, {"id": 35, "url": "kkpqfuj-amager.tripletex.dev/v2/ledger/vatType/35"}, {"id": 559, "url": "kkpqfuj-amager.tripletex.dev/v2/ledger/vatType/559"}, {"id": 550, "url": "kkpqfuj-amager.tripletex.dev/v2/ledger/vatType/550"}, {"id": 551, "url": "kkpqfuj-amager.tripletex.dev/v2/ledger/vatType/551"}, {"id": 553, "url": "kkpqfuj-amager.tripletex.dev/v2/ledger/vatType/553"}, {"id": 560, "url": "kkpqfuj-amager.tripletex.dev/v2/ledger/vatType/560"}], "ledgerType": "GENERAL", "balanceGroup": "Ikke i en saldogruppe.", "vatType": {"id": 0, "url": "kkpqfuj-amager.tripletex.dev/v2/ledger/vatTyp…
  Iteration 5 took 1.5s

──────────────────────────────────────────────────
  ITERATION 6/25
──────────────────────────────────────────────────
  Tokens: prompt=19655 completion=143 total_session=99380
  Messages: 13 (67,844 chars)
  Tool calls (1):
    [1] tripletex_api({"method":"POST","path":"/incomingInvoice","params":{"sendTo":"ledger"},"body":{"invoiceHeader":{"vendorId":108400997,"invoiceDate":"2026-03-21","dueDate":"2026-02-22","invoiceAmount":64250,"invoiceNumber":"INV-2026-4342","description":"Supplier invoice INV-2026-4342 from Brückentor GmbH"},"orderLines":[{"externalId":"line-1","row":1,"description":"Nettverkstjenester","accountId":468640969,"amountInclVat":64250,"vatTypeId":1}]}})
    ┌─ API POST /incomingInvoice
    │  params: {"sendTo": "ledger"}
    │  body:   {"invoiceHeader": {"vendorId": 108400997, "invoiceDate": "2026-03-21", "dueDate": "2026-02-22", "invoiceAmount": 64250, "invoiceNumber": "INV-2026-4342", "description": "Supplier invoice INV-2026-4342 from Brückentor GmbH"}, "orderLines": [{"externalId": "line-1", "row": 1, "description": "Nettverkstjenester", "accountId": 468640969, "amountInclVat": 64250, "vatTypeId": 1}]}
    └─ 403 ERR (0.9s) {"status": 403, "code": 9000, "message": "You do not have permission to access this feature.", "link": "https://tripletex.no/v2-docs/", "developerMessage": null, "validationMessages": null, "requestId": "70965c93-02d9-4d60-909f-29de7bd05972", "_status_code": 403}
    │  response: {"status": 403, "code": 9000, "message": "You do not have permission to access this feature.", "link": "https://tripletex.no/v2-docs/", "developerMessage": null, "validationMessages": null, "requestId": "70965c93-02d9-4d60-909f-29de7bd05972", "_status_code": 403}
  Iteration 6 took 5.9s

──────────────────────────────────────────────────
  ITERATION 7/25
──────────────────────────────────────────────────
  Tokens: prompt=19897 completion=29 total_session=119306
  Messages: 15 (68,107 chars)
  Tool calls (1):
    [1] tripletex_api({"method":"GET","path":"/ledger/account","params":{"number":"2400"}})
    ┌─ API GET /ledger/account
    │  params: {"number": "2400"}
    └─ 200 OK (0.2s) [1 items]
    │  response: {"fullResultSize": 1, "from": 0, "count": 1, "versionDigest": "'If-None-Match' header not specified", "values": [{"id": 468640773, "version": 0, "url": "kkpqfuj-amager.tripletex.dev/v2/ledger/account/468640773", "number": 2400, "numberPretty": "2400", "name": "Leverandørgjeld", "description": "", "type": "LIABILITIES", "legalVatTypes": [{"id": 0, "url": "kkpqfuj-amager.tripletex.dev/v2/ledger/vatType/0"}], "ledgerType": "VENDOR", "balanceGroup": "Ikke i en saldogruppe.", "vatType": {"id": 0, "url": "kkpqfuj-amager.tripletex.dev/v2/ledger/vatType/0"}, "vatLocked": true, "currency": null, "isCloseable": true, "isApplicableForSupplierInvoice": true, "requireReconciliation": false, "isInactive": false, "isBankAccount": false, "isInvoiceAccount": false, "bankAccountNumber": "", "bankAccountCountry": null, "bankName": "", "bankAccountIBAN": "", "bankAccountSWIFT": "", "saftCode": "24", "groupingCode": "2400", "displayName": "2400 Leverandørgjeld", "requiresDepartment": false, "requiresProject": false, "invoicingDepartment": null, "isPostingsExist": false, "quantityType1": null, "quantityType2": null, "department": null}]}
  Iteration 7 took 2.2s

──────────────────────────────────────────────────
  ITERATION 8/25
──────────────────────────────────────────────────
  Tokens: prompt=20305 completion=186 total_session=139797
  Messages: 17 (69,240 chars)
  Tool calls (1):
    [1] tripletex_api({"method":"POST","path":"/supplierInvoice","body":{"invoiceNumber":"INV-2026-4342","invoiceDate":"2026-03-21","invoiceDueDate":"2026-02-22","supplier":{"id":108400997},"voucher":{"date":"2026-03-21","description":"Supplier invoice INV-2026-4342 from Brückentor GmbH","postings":[{"row":1,"date":"2026-03-21","amountGross":64250,"amountGrossCurrency":64250,"account":{"id":468640969},"vatType":{"id":1}},{"row":2,"date":"2026-03-21","amountGross":-64250,"amountGrossCurrency":-64250,"account":{"id":468640773},"supplier":{"id":108400997}}]}}})
    ┌─ API POST /supplierInvoice
    │  body:   {"invoiceNumber": "INV-2026-4342", "invoiceDate": "2026-03-21", "invoiceDueDate": "2026-02-22", "supplier": {"id": 108400997}, "voucher": {"date": "2026-03-21", "description": "Supplier invoice INV-2026-4342 from Brückentor GmbH", "postings": [{"row": 1, "date": "2026-03-21", "amountGross": 64250, "amountGrossCurrency": 64250, "account": {"id": 468640969}, "vatType": {"id": 1}}, {"row": 2, "date": "2026-03-21", "amountGross": -64250, "amountGrossCurrency": -64250, "account": {"id": 468640773}, "supplier": {"id": 108400997}}]}}
    └─ 201 OK (0.3s) id=2147628049
    │  response: {"value": {"id": 2147628049, "version": 0, "url": "kkpqfuj-amager.tripletex.dev/v2/supplierInvoice/2147628049", "invoiceNumber": "INV-2026-4342", "invoiceDate": "2026-03-21", "supplier": {"id": 108400997, "url": "kkpqfuj-amager.tripletex.dev/v2/supplier/108400997"}, "invoiceDueDate": "2026-02-22", "kidOrReceiverReference": "", "voucher": {"id": 609102918, "url": "kkpqfuj-amager.tripletex.dev/v2/ledger/voucher/609102918"}, "amount": 0, "amountCurrency": 0, "amountExcludingVat": 0, "amountExcludingVatCurrency": 0, "currency": null, "isCreditNote": false, "orderLines": [], "payments": [], "originalInvoiceDocumentId": 0, "approvalListElements": [{"id": 647046894, "url": "kkpqfuj-amager.tripletex.dev/v2/voucherApprovalListElement/647046894"}, {"id": 647046893, "url": "kkpqfuj-amager.tripletex.dev/v2/voucherApprovalListElement/647046893"}], "outstandingAmount": 0.0}}
  Iteration 8 took 2.8s

──────────────────────────────────────────────────
  ITERATION 9/25
──────────────────────────────────────────────────
  Tokens: prompt=20805 completion=9 total_session=160611
  Messages: 19 (70,113 chars)
  Tool calls (1):
    [1] done()

  ⏳ Verifying task completion (270s remaining)...
  📋 Verification prompt (4100 chars):
    │ TASK: Sie haben eine Lieferantenrechnung erhalten (siehe beigefugte PDF). Registrieren Sie die Rechnung in Tripletex. Erstellen Sie den Lieferanten, falls er nicht existiert. Verwenden Sie das richtige Aufwandskonto und die Vorsteuer.
    │ 
    │ 
    │ ACTION LOG (chronological):
    │ CALL: tripletex_api({"method":"GET","path":"/supplier"})
    │ status=ok
    │ CALL: tripletex_api({"method":"POST","path":"/supplier"})
    │ status=400
    │ CALL: tripletex_api({"method":"POST","path":"/supplier","body":{"name":"Brückentor GmbH","organizationNumber":"923405070","email":"placeholder@example.com","invoiceEmail":"placeholder@example.com","overdueNoticeEmail":"placeholder@example.com","physicalAddress":{"addressLine1":"Industriveien 49","postalCode":"9008","ci)
    │ status=ok id=108400997 name=Brückentor GmbH
    │ CALL: tripletex_api({"method":"GET","path":"/ledger/vatType"})
    │ CALL: tripletex_api({"method":"GET","path":"/ledger/account","params":{"number":"6300"}})
    │ status=ok
    │ CALL: tripletex_api({"method":"POST","path":"/incomingInvoice","params":{"sendTo":"ledger"},"body":{"invoiceHeader":{"vendorId":108400997,"invoiceDate":"2026-03-21","dueDate":"2026-02-22","invoiceAmount":64250,"invoiceNumber":"INV-2026-4342","description":"Supplier invoice INV-2026-4342 from Brückentor GmbH"},"orderLin)
    │ status=403
    │ CALL: tripletex_api({"method":"GET","path":"/ledger/account","params":{"number":"2400"}})
    │ status=ok
    │ CALL: tripletex_api({"method":"POST","path":"/supplierInvoice","body":{"invoiceNumber":"INV-2026-4342","invoiceDate":"2026-03-21","invoiceDueDate":"2026-02-22","supplier":{"id":108400997},"voucher":{"date":"2026-03-21","description":"Supplier invoice INV-2026-4342 from Brückentor GmbH","postings":[{"row":1,"date":"2026)
    │ status=ok id=2147628049 amount=0 amountCurrency=0 invoiceNumber=INV-2026-4342
    │ CALL: done({})
    │ 
    │ You are an accounting verification agent. Based ONLY on the action log above, check:
    │ 1. MATH: All amounts, percentages, VAT calculations correct? (e.g. if task says 50% of 274950, invoice total incl VAT must be 137475)
    │ 2. COMPLETENESS: Were all steps in the task done? Look at the CALL entries — if the action log shows the step was performed with status=ok, it WAS done. Do NOT say a step is missing if you can see it in the log!
    │ IMPORTANT: 'Fakturer'/'Invoice' just means create an invoice — do NOT require sending unless the task explicitly says send/sende/enviar/envoyer/senden!
    │ 3. DATA: Names, org numbers, dates match the task?
    │ 4. AMOUNTS: If any created entity shows amount=0 or totalAmount=0 in the response, that is WRONG — the postings failed silently. EXCEPTION: Supplier invoice (supplierInvoice) responses normally show amount=0 — this is OK.
    │ 5. BUDGET vs INVOICE: NEVER flag a mismatch between project budget and invoice total. For fixed-price projects the invoice excl. VAT matches the fixedprice — this is CORRECT. For other projects, invoice is based on actual work/costs. Either way, do NOT fail on budget vs invoice differences.
    │ 6. PAYMENT AMOUNTS: Invoice payments and reversals use the FULL amount INCLUDING VAT, not excl. VAT. If the task says 'X NOK excl. VAT', the correct payment/reversal amount is X × 1.25 (Norwegian 25% VAT). Do NOT flag a mismatch between excl. VAT amounts in the task and incl. VAT payment amounts.
    │ 7. VAT BREAKDOWN: If the total invoice amount matches the expected sum, do NOT fail on 'VAT breakdown not reflected' or similar vague VAT concerns. Only fail if a specific line item has the WRONG VAT rate applied.
    │ 
    │ CRITICAL: Be CONSERVATIVE. When in doubt, say PASS.
    │ Only say FAIL for CLEAR, OBJECTIVE, SPECIFIC errors (wrong math, completely missing step, wrong name).
    │ Do NOT say FAIL for: vague concerns, 'might be wrong', uncertain issues, minor stylistic differences, or steps you cannot confirm from the log (absence of evidence is NOT evidence of absence).
    │ A false FAIL causes MORE damage than a missed error. When uncertain, ALWAYS say PASS.
    │ If the action log shows all main steps completed with status=ok, say PASS.
    │ 
    │ Reply ONLY with either:
    │ - 'PASS' if everything looks correct or you are unsure
    │ - 'FAIL: <specific issue>' ONLY if there is an obvious, objective error
  🔍 Verification (1056 tokens): PASS

  ✓ DONE — 9 iterations, 160611 tokens, 19.5s

======================================================================
  TASK COMPLETE — total 20.4s
======================================================================

