
======================================================================
  NEW TASK RECEIVED
  Version: unknown
======================================================================
  Prompt: Cree una dimensión contable personalizada "Region" con los valores "Nord-Norge" y "Vestlandet". Luego registre un asiento en la cuenta 7100 por 34350 NOK, vinculado al valor de dimensión "Nord-Norge".
  Files:  0
  URL:    https://tx-proxy-jwanbnu3pq-lz.a.run.app/v2
──────────────────────────────────────────────────────────────────────

──────────────────────────────────────────────────
  ITERATION 1/25
──────────────────────────────────────────────────
  Tokens: prompt=16566 completion=25 total_session=16591
  Messages: 3 (62,245 chars)
  Tool calls (1):
    [1] tripletex_api({"method":"GET","path":"/ledger/accountingDimensionName"})
    ┌─ API GET /ledger/accountingDimensionName
    └─ 200 OK (0.3s) [0 items]
    │  response: {"fullResultSize": 0, "from": 0, "count": 0, "versionDigest": null, "values": []}
  Iteration 1 took 1.0s

──────────────────────────────────────────────────
  ITERATION 2/25
──────────────────────────────────────────────────
  Tokens: prompt=16632 completion=25 total_session=33248
  Messages: 5 (62,326 chars)
  Tool calls (1):
    [1] tripletex_api({"method":"POST","path":"/ledger/accountingDimensionName"})
    │  [fix] blocked POST without body: /ledger/accountingDimensionName
  Iteration 2 took 0.8s

──────────────────────────────────────────────────
  ITERATION 3/25
──────────────────────────────────────────────────
  Tokens: prompt=16731 completion=32 total_session=50011
  Messages: 7 (62,580 chars)
  Tool calls (1):
    [1] tripletex_api({"method":"POST","path":"/ledger/accountingDimensionName","body":{"dimensionName":"Region"}})
    ┌─ API POST /ledger/accountingDimensionName
    │  body:   {"dimensionName": "Region"}
    └─ 201 OK (0.3s) id=2709
    │  response: {"value": {"id": 2709, "version": 0, "url": "kkpqfuj-amager.tripletex.dev/v2/ledger/accountingDimensionName/2709", "dimensionName": "Region", "description": null, "dimensionIndex": 1, "active": true}}
  Iteration 3 took 1.3s

──────────────────────────────────────────────────
  ITERATION 4/25
──────────────────────────────────────────────────
  Tokens: prompt=16839 completion=41 total_session=66891
  Messages: 9 (62,780 chars)
  Tool calls (1):
    [1] tripletex_api({"method":"POST","path":"/ledger/accountingDimensionValue?dimensionNameId=2709","body":{"displayName":"Nord-Norge"}})
    │  [fix] extracted query params from path: {'dimensionNameId': '2709'}
    ┌─ API POST /ledger/accountingDimensionValue
    │  params: {"dimensionNameId": "2709"}
    │  body:   {"displayName": "Nord-Norge"}
    └─ 201 OK (0.3s) id=19405
    │  response: {"value": {"id": 19405, "version": 0, "url": "kkpqfuj-amager.tripletex.dev/v2/ledger/accountingDimensionValue/19405", "displayName": "Nord-Norge", "nameAndNumber": "Nord-Norge", "dimensionIndex": 0, "active": true, "number": null, "showInVoucherRegistration": true, "position": 1}}
  Iteration 4 took 1.3s

──────────────────────────────────────────────────
  ITERATION 5/25
──────────────────────────────────────────────────
  Tokens: prompt=16982 completion=40 total_session=83913
  Messages: 11 (63,061 chars)
  Tool calls (1):
    [1] tripletex_api({"method":"POST","path":"/ledger/accountingDimensionValue?dimensionNameId=2709","body":{"displayName":"Vestlandet"}})
    │  [fix] extracted query params from path: {'dimensionNameId': '2709'}
    ┌─ API POST /ledger/accountingDimensionValue
    │  params: {"dimensionNameId": "2709"}
    │  body:   {"displayName": "Vestlandet"}
    └─ 201 OK (0.3s) id=19406
    │  response: {"value": {"id": 19406, "version": 0, "url": "kkpqfuj-amager.tripletex.dev/v2/ledger/accountingDimensionValue/19406", "displayName": "Vestlandet", "nameAndNumber": "Vestlandet", "dimensionIndex": 0, "active": true, "number": null, "showInVoucherRegistration": true, "position": 2}}
  Iteration 5 took 1.6s

──────────────────────────────────────────────────
  ITERATION 6/25
──────────────────────────────────────────────────
  Tokens: prompt=17122 completion=22 total_session=101057
  Messages: 13 (63,342 chars)
  Tool calls (1):
    [1] tripletex_api({"method":"GET","path":"/ledger/account"})
    ┌─ API GET /ledger/account
    └─ 200 OK (1.6s) [529 items]
    │  response: {"fullResultSize": 529, "from": 0, "count": 529, "versionDigest": "'If-None-Match' header not specified", "values": [{"id": 477397896, "version": 0, "url": "kkpqfuj-amager.tripletex.dev/v2/ledger/account/477397896", "number": 1000, "numberPretty": "1000", "name": "Forskning og utvikling, ervervet", "description": "", "type": "ASSETS", "legalVatTypes": [{"id": 0, "url": "kkpqfuj-amager.tripletex.dev/v2/ledger/vatType/0"}, {"id": 1, "url": "kkpqfuj-amager.tripletex.dev/v2/ledger/vatType/1"}, {"id": 11, "url": "kkpqfuj-amager.tripletex.dev/v2/ledger/vatType/11"}, {"id": 12, "url": "kkpqfuj-amager.tripletex.dev/v2/ledger/vatType/12"}, {"id": 230, "url": "kkpqfuj-amager.tripletex.dev/v2/ledger/vatType/230"}, {"id": 13, "url": "kkpqfuj-amager.tripletex.dev/v2/ledger/vatType/13"}, {"id": 14, "url": "kkpqfuj-amager.tripletex.dev/v2/ledger/vatType/14"}, {"id": 34, "url": "kkpqfuj-amager.tripletex.dev/v2/ledger/vatType/34"}, {"id": 35, "url": "kkpqfuj-amager.tripletex.dev/v2/ledger/vatType/35"}, {"id": 559, "url": "kkpqfuj-amager.tripletex.dev/v2/ledger/vatType/559"}, {"id": 550, "url": "kkpqfuj-amager.tripletex.dev/v2/ledger/vatType/550"}, {"id": 551, "url": "kkpqfuj-amager.tripletex.dev/v2/ledger/vatType/551"}, {"id": 553, "url": "kkpqfuj-amager.tripletex.dev/v2/ledger/vatType/553"}, {"id": 560, "url": "kkpqfuj-amager.tripletex.dev/v2/ledger/vatType/560"}], "ledgerType": "GENERAL", "balanceGroup": "Ikke avskrivbart driftsmiddel", "vatType": {"id": 0, "url": "kkpqfuj-amager.tripletex.…
  Iteration 6 took 2.2s

──────────────────────────────────────────────────
  ITERATION 7/25
──────────────────────────────────────────────────
  Tokens: prompt=20075 completion=27 total_session=121159
  Messages: 15 (71,356 chars)
  Tool calls (1):
    [1] tripletex_api({"method":"GET","path":"/ledger/account?number=7100"})
    │  [fix] extracted query params from path: {'number': '7100'}
    ┌─ API GET /ledger/account
    │  params: {"number": "7100"}
    └─ 200 OK (0.3s) [1 items]
    │  response: {"fullResultSize": 1, "from": 0, "count": 1, "versionDigest": "'If-None-Match' header not specified", "values": [{"id": 477398330, "version": 0, "url": "kkpqfuj-amager.tripletex.dev/v2/ledger/account/477398330", "number": 7100, "numberPretty": "7100", "name": "Bilgodtgjørelse oppgavepliktig", "description": "", "type": "OPERATING_EXPENSES", "legalVatTypes": [{"id": 0, "url": "kkpqfuj-amager.tripletex.dev/v2/ledger/vatType/0"}], "ledgerType": "GENERAL", "balanceGroup": "Ikke i en saldogruppe.", "vatType": {"id": 0, "url": "kkpqfuj-amager.tripletex.dev/v2/ledger/vatType/0"}, "vatLocked": true, "currency": null, "isCloseable": false, "isApplicableForSupplierInvoice": false, "requireReconciliation": false, "isInactive": false, "isBankAccount": false, "isInvoiceAccount": false, "bankAccountNumber": "", "bankAccountCountry": null, "bankName": "", "bankAccountIBAN": "", "bankAccountSWIFT": "", "saftCode": "71", "groupingCode": "7155", "displayName": "7100 Bilgodtgjørelse oppgavepliktig", "requiresDepartment": false, "requiresProject": false, "invoicingDepartment": null, "isPostingsExist": false, "quantityType1": null, "quantityType2": null, "department": null}]}
  Iteration 7 took 1.2s

──────────────────────────────────────────────────
  ITERATION 8/25
──────────────────────────────────────────────────
  Tokens: prompt=20492 completion=101 total_session=141752
  Messages: 17 (72,529 chars)
  Tool calls (1):
    [1] tripletex_api({"method":"POST","path":"/ledger/voucher","body":{"date":"2026-03-21","description":"Registering amount for Nord-Norge","postings":[{"row":1,"date":"2026-03-21","amountGross":34350,"amountGrossCurrency":34350,"account":{"id":477398330},"vatType":{"id":0},"accountingDimensionValue":{"id":19405}}]}})
    │  [reject] 1 rule violation(s):
    │    • [voucher-min-postings] Voucher must have at least 2 postings (one debit, one credit). A single posting will result in amount=0. Add both a debit (positive) AND a credit (negative) posting that sum to zero.
  Iteration 8 took 1.3s

──────────────────────────────────────────────────
  ITERATION 9/25
──────────────────────────────────────────────────
  Tokens: prompt=20737 completion=145 total_session=162634
  Messages: 19 (73,056 chars)
  Tool calls (1):
    [1] tripletex_api({"method":"POST","path":"/ledger/voucher","body":{"date":"2026-03-21","description":"Registering amount for Nord-Norge","postings":[{"row":1,"date":"2026-03-21","amountGross":34350,"amountGrossCurrency":34350,"account":{"id":477398330},"vatType":{"id":0},"accountingDimensionValue":{"id":19405}},{"row":2,"date":"2026-03-21","amountGross":-34350,"amountGrossCurrency":-34350,"account":{"id":477397896},"vatType":{"id":0}}]}})
    ┌─ API POST /ledger/voucher
    │  body:   {"date": "2026-03-21", "description": "Registering amount for Nord-Norge", "postings": [{"row": 1, "date": "2026-03-21", "amountGross": 34350, "amountGrossCurrency": 34350, "account": {"id": 477398330}, "vatType": {"id": 0}, "accountingDimensionValue": {"id": 19405}}, {"row": 2, "date": "2026-03-21", "amountGross": -34350, "amountGrossCurrency": -34350, "account": {"id": 477397896}, "vatType": {"id": 0}}]}
    └─ 422 ERR (0.3s) {"status": 422, "code": 16000, "message": "Request mapping failed", "link": "https://tripletex.no/v2-docs/", "developerMessage": null, "validationMessages": [{"field": "accountingDimensionValue", "message": "Feltet eksisterer ikke i objektet.", "path": null, "rootId": null}], "requestId": "47bce13b-1ee0-4c71-9a19-e0fc9c324d82", "_status_code": 422}
    │  response: {"status": 422, "code": 16000, "message": "Request mapping failed", "link": "https://tripletex.no/v2-docs/", "developerMessage": null, "validationMessages": [{"field": "accountingDimensionValue", "message": "Feltet eksisterer ikke i objektet.", "path": null, "rootId": null}], "requestId": "47bce13b-1ee0-4c71-9a19-e0fc9c324d82", "_status_code": 422}
  Iteration 9 took 1.8s

──────────────────────────────────────────────────
  ITERATION 10/25
──────────────────────────────────────────────────
  Tokens: prompt=21010 completion=146 total_session=183790
  Messages: 21 (73,406 chars)
  Tool calls (1):
    [1] tripletex_api({"method":"POST","path":"/ledger/voucher","body":{"date":"2026-03-21","description":"Registering amount for Nord-Norge","postings":[{"row":1,"date":"2026-03-21","amountGross":34350,"amountGrossCurrency":34350,"account":{"id":477398330},"vatType":{"id":0}},{"row":2,"date":"2026-03-21","amountGross":-34350,"amountGrossCurrency":-34350,"account":{"id":477397896},"vatType":{"id":0}}],"accountingDimensionValues":[{"id":19405}]}})
    ┌─ API POST /ledger/voucher
    │  body:   {"date": "2026-03-21", "description": "Registering amount for Nord-Norge", "postings": [{"row": 1, "date": "2026-03-21", "amountGross": 34350, "amountGrossCurrency": 34350, "account": {"id": 477398330}, "vatType": {"id": 0}}, {"row": 2, "date": "2026-03-21", "amountGross": -34350, "amountGrossCurrency": -34350, "account": {"id": 477397896}, "vatType": {"id": 0}}], "accountingDimensionValues": [{"id": 19405}]}
    └─ 422 ERR (0.3s) {"status": 422, "code": 16000, "message": "Request mapping failed", "link": "https://tripletex.no/v2-docs/", "developerMessage": null, "validationMessages": [{"field": "accountingDimensionValues", "message": "Feltet eksisterer ikke i objektet.", "path": null, "rootId": null}], "requestId": "0c079def-a299-45d4-b793-8af573a38701", "_status_code": 422}
    │  response: {"status": 422, "code": 16000, "message": "Request mapping failed", "link": "https://tripletex.no/v2-docs/", "developerMessage": null, "validationMessages": [{"field": "accountingDimensionValues", "message": "Feltet eksisterer ikke i objektet.", "path": null, "rootId": null}], "requestId": "0c079def-a299-45d4-b793-8af573a38701", "_status_code": 422}
  Iteration 10 took 1.8s

──────────────────────────────────────────────────
  ITERATION 11/25
──────────────────────────────────────────────────
  Tokens: prompt=21278 completion=25 total_session=205093
  Messages: 23 (73,757 chars)
  Tool calls (1):
    [1] tripletex_api({"method":"GET","path":"/ledger/voucher/documentation"})
    ┌─ API GET /ledger/voucher/documentation
    └─ 422 ERR (0.3s) {"status": 422, "code": 21000, "message": "Wrong data format! Expected number. For input string: \"documentation\"", "link": "https://tripletex.no/v2-docs/", "developerMessage": null, "validationMessages": null, "requestId": "5e9e7954-a9ce-401a-b0f9-44219d2f474e", "_status_code": 422}
    │  response: {"status": 422, "code": 21000, "message": "Wrong data format! Expected number. For input string: \"documentation\"", "link": "https://tripletex.no/v2-docs/", "developerMessage": null, "validationMessages": null, "requestId": "5e9e7954-a9ce-401a-b0f9-44219d2f474e", "_status_code": 422}
  Iteration 11 took 1.7s

──────────────────────────────────────────────────
  ITERATION 12/25
──────────────────────────────────────────────────
  Tokens: prompt=21408 completion=154 total_session=226655
  Messages: 25 (74,042 chars)
  Tool calls (1):
    [1] tripletex_api({"method":"POST","path":"/ledger/voucher","body":{"date":"2026-03-21","description":"Registering amount for Nord-Norge","postings":[{"row":1,"date":"2026-03-21","amountGross":34350,"amountGrossCurrency":34350,"account":{"id":477398330},"vatType":{"id":0}},{"row":2,"date":"2026-03-21","amountGross":-34350,"amountGrossCurrency":-34350,"account":{"id":477397896},"vatType":{"id":0}}],"dimensions":[{"name":"Region","values":[{"displayName":"Nord-Norge"}]}]}})
    ┌─ API POST /ledger/voucher
    │  body:   {"date": "2026-03-21", "description": "Registering amount for Nord-Norge", "postings": [{"row": 1, "date": "2026-03-21", "amountGross": 34350, "amountGrossCurrency": 34350, "account": {"id": 477398330}, "vatType": {"id": 0}}, {"row": 2, "date": "2026-03-21", "amountGross": -34350, "amountGrossCurrency": -34350, "account": {"id": 477397896}, "vatType": {"id": 0}}], "dimensions": [{"name": "Region", "values": [{"displayName": "Nord-Norge"}]}]}
    └─ 422 ERR (0.3s) {"status": 422, "code": 16000, "message": "Request mapping failed", "link": "https://tripletex.no/v2-docs/", "developerMessage": null, "validationMessages": [{"field": "dimensions", "message": "Feltet eksisterer ikke i objektet.", "path": null, "rootId": null}], "requestId": "5c255acb-6fa6-47e1-b194-f8cc7acde995", "_status_code": 422}
    │  response: {"status": 422, "code": 16000, "message": "Request mapping failed", "link": "https://tripletex.no/v2-docs/", "developerMessage": null, "validationMessages": [{"field": "dimensions", "message": "Feltet eksisterer ikke i objektet.", "path": null, "rootId": null}], "requestId": "5c255acb-6fa6-47e1-b194-f8cc7acde995", "_status_code": 422}
  Iteration 12 took 2.2s

──────────────────────────────────────────────────
  ITERATION 13/25
──────────────────────────────────────────────────
  Tokens: prompt=21684 completion=114 total_session=248453
  GPT says: It seems there's a restriction on applying accounting dimension values directly in the voucher posting. The Tripletex API documentation or endpoint might have specific requirements for such integrations that are not being met with the current attempts.

Unfortunately, I'm unable to apply the accounting dimension "Region" with the value "Nord-Norge" directly to the voucher due to these limitations. I recommend consulting the Tripletex API documentation for more details on how to correctly include
  Messages: 27 (74,982 chars)
  Tool calls (1):
    [1] done()

  ⏳ Verifying task completion (269s remaining)...
  📋 Verification prompt (4766 chars):
    │ TASK: Cree una dimensión contable personalizada "Region" con los valores "Nord-Norge" y "Vestlandet". Luego registre un asiento en la cuenta 7100 por 34350 NOK, vinculado al valor de dimensión "Nord-Norge".
    │ 
    │ 
    │ ACTION LOG (chronological):
    │ CALL: tripletex_api({"method":"GET","path":"/ledger/accountingDimensionName"})
    │ status=ok
    │ CALL: tripletex_api({"method":"POST","path":"/ledger/accountingDimensionName"})
    │ status=400
    │ CALL: tripletex_api({"method":"POST","path":"/ledger/accountingDimensionName","body":{"dimensionName":"Region"}})
    │ status=ok id=2709
    │ CALL: tripletex_api({"method":"POST","path":"/ledger/accountingDimensionValue?dimensionNameId=2709","body":{"displayName":"Nord-Norge"}})
    │ status=ok id=19405
    │ CALL: tripletex_api({"method":"POST","path":"/ledger/accountingDimensionValue?dimensionNameId=2709","body":{"displayName":"Vestlandet"}})
    │ status=ok id=19406
    │ CALL: tripletex_api({"method":"GET","path":"/ledger/account"})
    │ CALL: tripletex_api({"method":"GET","path":"/ledger/account?number=7100"})
    │ status=ok
    │ CALL: tripletex_api({"method":"POST","path":"/ledger/voucher","body":{"date":"2026-03-21","description":"Registering amount for Nord-Norge","postings":[{"row":1,"date":"2026-03-21","amountGross":34350,"amountGrossCurrency":34350,"account":{"id":477398330},"vatType":{"id":0},"accountingDimensionValue":{"id":19405}}]}})
    │ status=400
    │ CALL: tripletex_api({"method":"POST","path":"/ledger/voucher","body":{"date":"2026-03-21","description":"Registering amount for Nord-Norge","postings":[{"row":1,"date":"2026-03-21","amountGross":34350,"amountGrossCurrency":34350,"account":{"id":477398330},"vatType":{"id":0},"accountingDimensionValue":{"id":19405}},{"ro)
    │ status=422
    │ CALL: tripletex_api({"method":"POST","path":"/ledger/voucher","body":{"date":"2026-03-21","description":"Registering amount for Nord-Norge","postings":[{"row":1,"date":"2026-03-21","amountGross":34350,"amountGrossCurrency":34350,"account":{"id":477398330},"vatType":{"id":0}},{"row":2,"date":"2026-03-21","amountGross":-)
    │ status=422
    │ CALL: tripletex_api({"method":"GET","path":"/ledger/voucher/documentation"})
    │ status=422
    │ CALL: tripletex_api({"method":"POST","path":"/ledger/voucher","body":{"date":"2026-03-21","description":"Registering amount for Nord-Norge","postings":[{"row":1,"date":"2026-03-21","amountGross":34350,"amountGrossCurrency":34350,"account":{"id":477398330},"vatType":{"id":0}},{"row":2,"date":"2026-03-21","amountGross":-)
    │ status=422
    │ CALL: done({})
    │ 
    │ You are an accounting verification agent. Based ONLY on the action log above, check:
    │ 1. MATH: All amounts, percentages, VAT calculations correct? (e.g. if task says 50% of 274950, invoice total incl VAT must be 137475)
    │ 2. COMPLETENESS: Were all steps in the task done? Look at the CALL entries — if the action log shows the step was performed with status=ok, it WAS done. Do NOT say a step is missing if you can see it in the log!
    │ IMPORTANT: 'Fakturer'/'Invoice' just means create an invoice — do NOT require sending unless the task explicitly says send/sende/enviar/envoyer/senden!
    │ 3. DATA: Names, org numbers, dates match the task?
    │ 4. AMOUNTS: If any created entity shows amount=0 or totalAmount=0 in the response, that is WRONG — the postings failed silently. EXCEPTION: Supplier invoice (supplierInvoice) responses normally show amount=0 — this is OK.
    │ 5. BUDGET vs INVOICE: NEVER flag a mismatch between project budget and invoice total. For fixed-price projects the invoice excl. VAT matches the fixedprice — this is CORRECT. For other projects, invoice is based on actual work/costs. Either way, do NOT fail on budget vs invoice differences.
    │ 6. PAYMENT AMOUNTS: Invoice payments and reversals use the FULL amount INCLUDING VAT, not excl. VAT. If the task says 'X NOK excl. VAT', the correct payment/reversal amount is X × 1.25 (Norwegian 25% VAT). Do NOT flag a mismatch between excl. VAT amounts in the task and incl. VAT payment amounts.
    │ 7. VAT BREAKDOWN: If the total invoice amount matches the expected sum, do NOT fail on 'VAT breakdown not reflected' or similar vague VAT concerns. Only fail if a specific line item has the WRONG VAT rate applied.
    │ 
    │ CRITICAL: Be CONSERVATIVE. When in doubt, say PASS.
    │ Only say FAIL for CLEAR, OBJECTIVE, SPECIFIC errors (wrong math, completely missing step, wrong name).
    │ Do NOT say FAIL for: vague concerns, 'might be wrong', uncertain issues, minor stylistic differences, or steps you cannot confirm from the log (absence of evidence is NOT evidence of absence).
    │ A false FAIL causes MORE damage than a missed error. When uncertain, ALWAYS say PASS.
    │ If the action log shows all main steps completed with status=ok, say PASS.
    │ 
    │ Reply ONLY with either:
    │ - 'PASS' if everything looks correct or you are unsure
    │ - 'FAIL: <specific issue>' ONLY if there is an obvious, objective error
  🔍 Verification (1292 tokens): FAIL: Posting registration failed with status=400 and 422, indicating issues with the voucher creation process.
  ⚠ Verifier said FAIL but proceeding (logged only): FAIL: Posting registration failed with status=400 and 422, indicating issues with the voucher creation process.

  ✓ DONE — 13 iterations, 248453 tokens, 20.8s

======================================================================
  TASK COMPLETE — total 21.6s
======================================================================

