
======================================================================
  NEW TASK RECEIVED
  Version: unknown
======================================================================
  Prompt: We have discovered errors in the general ledger for January and February 2026. Review all vouchers and find the 4 errors: a posting to the wrong account (account 7300 used instead of 7000, amount 1650 NOK), a duplicate voucher (account 6500, amount 3100 NOK), a missing VAT line (account 6540, amount excl. 20950 NOK missing VAT on account 2710), and an incorrect amount (account 6340, 18100 NOK posted instead of 6050 NOK). Correct all errors with appropriate correction vouchers.
  Files:  0
  URL:    https://tx-proxy-jwanbnu3pq-lz.a.run.app/v2
──────────────────────────────────────────────────────────────────────

──────────────────────────────────────────────────
  ITERATION 1/25
──────────────────────────────────────────────────
  Tokens: prompt=15010 completion=46 total_session=15056
  Messages: 3 (56,423 chars)
  Tool calls (1):
    [1] tripletex_api({"method":"GET","path":"/ledger/voucher?dateFrom=2026-01-01&dateTo=2026-02-29&fields=*"})
    │  [fix] extracted query params from path: {'dateFrom': '2026-01-01', 'dateTo': '2026-02-29', 'fields': '*'}
    ┌─ API GET /ledger/voucher
    │  params: {"dateFrom": "2026-01-01", "dateTo": "2026-02-29", "fields": "*"}
    └─ 200 OK (0.5s) [30 items]
    │  response: {"fullResultSize": 30, "from": 0, "count": 30, "versionDigest": "'If-None-Match' header not specified", "values": [{"id": 609129642, "version": 5, "url": "kkpqfuj-amager.tripletex.dev/v2/ledger/voucher/609129642", "date": "2026-01-05", "number": 1, "tempNumber": 0, "year": 2026, "description": "Kontorrekvisita", "voucherType": null, "reverseVoucher": null, "postings": [{"id": 3845748004, "url": "kkpqfuj-amager.tripletex.dev/v2/ledger/posting/3845748004"}, {"id": 3845748005, "url": "kkpqfuj-amager.tripletex.dev/v2/ledger/posting/3845748005"}], "document": null, "attachment": null, "externalVoucherNumber": "", "ediDocument": null, "supplierVoucherType": null, "wasAutoMatched": false, "vendorInvoiceNumber": null, "numberAsString": "1-2026"}, {"id": 609129654, "version": 5, "url": "kkpqfuj-amager.tripletex.dev/v2/ledger/voucher/609129654", "date": "2026-01-07", "number": 2, "tempNumber": 0, "year": 2026, "description": "Renhold kontor", "voucherType": null, "reverseVoucher": null, "postings": [{"id": 3845748036, "url": "kkpqfuj-amager.tripletex.dev/v2/ledger/posting/3845748036"}, {"id": 3845748038, "url": "kkpqfuj-amager.tripletex.dev/v2/ledger/posting/3845748038"}, {"id": 3845748040, "url": "kkpqfuj-amager.tripletex.dev/v2/ledger/posting/3845748040"}, {"id": 3845748041, "url": "kkpqfuj-amager.tripletex.dev/v2/ledger/posting/3845748041"}], "document": null, "attachment": null, "externalVoucherNumber": "", "ediDocument": null, "supplierVoucherType": null, "wasAutoMatched": false, …
  Iteration 1 took 1.9s

──────────────────────────────────────────────────
  ITERATION 2/25
──────────────────────────────────────────────────
  Tokens: prompt=17927 completion=28 total_session=33011
  Messages: 5 (64,437 chars)
  Tool calls (1):
    [1] tripletex_api({"method":"GET","path":"/ledger/posting/3845748004"})
    ┌─ API GET /ledger/posting/3845748004
    └─ 200 OK (0.3s) id=3845748004
    │  response: {"value": {"id": 3845748004, "version": 1, "url": "kkpqfuj-amager.tripletex.dev/v2/ledger/posting/3845748004", "voucher": {"id": 609129642, "url": "kkpqfuj-amager.tripletex.dev/v2/ledger/voucher/609129642"}, "date": "2026-01-05", "description": "Kontorrekvisita", "account": {"id": 470846717, "url": "kkpqfuj-amager.tripletex.dev/v2/ledger/account/470846717"}, "amortizationAccount": null, "amortizationStartDate": null, "amortizationEndDate": null, "customer": null, "supplier": null, "employee": null, "project": null, "product": null, "department": null, "vatType": {"id": 0, "url": "kkpqfuj-amager.tripletex.dev/v2/ledger/vatType/0"}, "amount": 800.0, "amountCurrency": 800.0, "amountGross": 800.0, "amountGrossCurrency": 800.0, "currency": {"id": 1, "url": "kkpqfuj-amager.tripletex.dev/v2/currency/1"}, "closeGroup": null, "invoiceNumber": "", "termOfPayment": null, "row": 1, "type": null, "externalRef": "", "systemGenerated": false, "taxTransactionType": "(Ikke valgt)", "taxTransactionTypeId": 0, "matched": false, "quantityAmount1": 0, "quantityType1": null, "quantityAmount2": 0, "quantityType2": null, "isVatReadonly": false, "isAmountVatClosed": false, "postingRuleId": 0, "freeAccountingDimension1": null, "freeAccountingDimension2": null, "freeAccountingDimension3": null, "asset": null}}
  Iteration 2 took 1.3s

──────────────────────────────────────────────────
  ITERATION 3/25
──────────────────────────────────────────────────
  Tokens: prompt=18403 completion=28 total_session=51442
  Messages: 7 (65,741 chars)
  Tool calls (1):
    [1] tripletex_api({"method":"GET","path":"/ledger/posting/3845748005"})
    ┌─ API GET /ledger/posting/3845748005
    └─ 200 OK (0.3s) id=3845748005
    │  response: {"value": {"id": 3845748005, "version": 1, "url": "kkpqfuj-amager.tripletex.dev/v2/ledger/posting/3845748005", "voucher": {"id": 609129642, "url": "kkpqfuj-amager.tripletex.dev/v2/ledger/voucher/609129642"}, "date": "2026-01-05", "description": "Kontorrekvisita", "account": {"id": 470846462, "url": "kkpqfuj-amager.tripletex.dev/v2/ledger/account/470846462"}, "amortizationAccount": null, "amortizationStartDate": null, "amortizationEndDate": null, "customer": null, "supplier": null, "employee": null, "project": null, "product": null, "department": null, "vatType": {"id": 0, "url": "kkpqfuj-amager.tripletex.dev/v2/ledger/vatType/0"}, "amount": -800.0, "amountCurrency": -800.0, "amountGross": -800.0, "amountGrossCurrency": -800.0, "currency": {"id": 1, "url": "kkpqfuj-amager.tripletex.dev/v2/currency/1"}, "closeGroup": null, "invoiceNumber": "", "termOfPayment": null, "row": 2, "type": null, "externalRef": "", "systemGenerated": false, "taxTransactionType": "(Ikke valgt)", "taxTransactionTypeId": 0, "matched": false, "quantityAmount1": 0, "quantityType1": null, "quantityAmount2": 0, "quantityType2": null, "isVatReadonly": true, "isAmountVatClosed": false, "postingRuleId": 0, "freeAccountingDimension1": null, "freeAccountingDimension2": null, "freeAccountingDimension3": null, "asset": null}}
  Iteration 3 took 1.4s

──────────────────────────────────────────────────
  ITERATION 4/25
──────────────────────────────────────────────────
  Tokens: prompt=18879 completion=28 total_session=70349
  Messages: 9 (67,048 chars)
  Tool calls (1):
    [1] tripletex_api({"method":"GET","path":"/ledger/posting/3845748036"})
    ┌─ API GET /ledger/posting/3845748036
    └─ 200 OK (0.5s) id=3845748036
    │  response: {"value": {"id": 3845748036, "version": 1, "url": "kkpqfuj-amager.tripletex.dev/v2/ledger/posting/3845748036", "voucher": {"id": 609129654, "url": "kkpqfuj-amager.tripletex.dev/v2/ledger/voucher/609129654"}, "date": "2026-01-07", "description": "Renhold kontor", "account": {"id": 470846721, "url": "kkpqfuj-amager.tripletex.dev/v2/ledger/account/470846721"}, "amortizationAccount": null, "amortizationStartDate": null, "amortizationEndDate": null, "customer": null, "supplier": null, "employee": null, "project": null, "product": null, "department": null, "vatType": {"id": 1, "url": "kkpqfuj-amager.tripletex.dev/v2/ledger/vatType/1"}, "amount": 2400.0, "amountCurrency": 2400.0, "amountGross": 3000.0, "amountGrossCurrency": 3000.0, "currency": {"id": 1, "url": "kkpqfuj-amager.tripletex.dev/v2/currency/1"}, "closeGroup": null, "invoiceNumber": "", "termOfPayment": null, "row": 1, "type": null, "externalRef": "", "systemGenerated": false, "taxTransactionType": "(Ikke valgt)", "taxTransactionTypeId": 0, "matched": false, "quantityAmount1": 0, "quantityType1": null, "quantityAmount2": 0, "quantityType2": null, "isVatReadonly": false, "isAmountVatClosed": false, "postingRuleId": 0, "freeAccountingDimension1": null, "freeAccountingDimension2": null, "freeAccountingDimension3": null, "asset": null}}
  Iteration 4 took 1.8s

──────────────────────────────────────────────────
  ITERATION 5/25
──────────────────────────────────────────────────
  Tokens: prompt=19358 completion=28 total_session=89735
  Messages: 11 (68,355 chars)
  Tool calls (1):
    [1] tripletex_api({"method":"GET","path":"/ledger/posting/3845748038"})
    ┌─ API GET /ledger/posting/3845748038
    └─ 200 OK (0.4s) id=3845748038
    │  response: {"value": {"id": 3845748038, "version": 1, "url": "kkpqfuj-amager.tripletex.dev/v2/ledger/posting/3845748038", "voucher": {"id": 609129654, "url": "kkpqfuj-amager.tripletex.dev/v2/ledger/voucher/609129654"}, "date": "2026-01-07", "description": "Renhold kontor", "account": {"id": 470846543, "url": "kkpqfuj-amager.tripletex.dev/v2/ledger/account/470846543"}, "amortizationAccount": null, "amortizationStartDate": null, "amortizationEndDate": null, "customer": null, "supplier": null, "employee": null, "project": null, "product": null, "department": null, "vatType": {"id": 0, "url": "kkpqfuj-amager.tripletex.dev/v2/ledger/vatType/0"}, "amount": 750.0, "amountCurrency": 750.0, "amountGross": 750.0, "amountGrossCurrency": 750.0, "currency": {"id": 1, "url": "kkpqfuj-amager.tripletex.dev/v2/currency/1"}, "closeGroup": null, "invoiceNumber": "", "termOfPayment": null, "row": 2, "type": null, "externalRef": "", "systemGenerated": false, "taxTransactionType": "(Ikke valgt)", "taxTransactionTypeId": 0, "matched": false, "quantityAmount1": 0, "quantityType1": null, "quantityAmount2": 0, "quantityType2": null, "isVatReadonly": true, "isAmountVatClosed": false, "postingRuleId": 0, "freeAccountingDimension1": null, "freeAccountingDimension2": null, "freeAccountingDimension3": null, "asset": null}}
  Iteration 5 took 1.4s

──────────────────────────────────────────────────
  ITERATION 6/25
──────────────────────────────────────────────────
  Tokens: prompt=19833 completion=28 total_session=109596
  Messages: 13 (69,657 chars)
  Tool calls (1):
    [1] tripletex_api({"method":"GET","path":"/ledger/posting/3845748040"})
    ┌─ API GET /ledger/posting/3845748040
    └─ 200 OK (0.4s) id=3845748040
    │  response: {"value": {"id": 3845748040, "version": 1, "url": "kkpqfuj-amager.tripletex.dev/v2/ledger/posting/3845748040", "voucher": {"id": 609129654, "url": "kkpqfuj-amager.tripletex.dev/v2/ledger/voucher/609129654"}, "date": "2026-01-07", "description": "Renhold kontor", "account": {"id": 470846521, "url": "kkpqfuj-amager.tripletex.dev/v2/ledger/account/470846521"}, "amortizationAccount": null, "amortizationStartDate": null, "amortizationEndDate": null, "customer": null, "supplier": {"id": 108414220, "url": "kkpqfuj-amager.tripletex.dev/v2/supplier/108414220"}, "employee": null, "project": null, "product": null, "department": null, "vatType": {"id": 0, "url": "kkpqfuj-amager.tripletex.dev/v2/ledger/vatType/0"}, "amount": -3750.0, "amountCurrency": -3750.0, "amountGross": -3750.0, "amountGrossCurrency": -3750.0, "currency": {"id": 1, "url": "kkpqfuj-amager.tripletex.dev/v2/currency/1"}, "closeGroup": null, "invoiceNumber": "", "termOfPayment": null, "row": 3, "type": null, "externalRef": "", "systemGenerated": false, "taxTransactionType": "(Ikke valgt)", "taxTransactionTypeId": 0, "matched": false, "quantityAmount1": 0, "quantityType1": null, "quantityAmount2": 0, "quantityType2": null, "isVatReadonly": true, "isAmountVatClosed": false, "postingRuleId": 0, "freeAccountingDimension1": null, "freeAccountingDimension2": null, "freeAccountingDimension3": null, "asset": null}}
  Iteration 6 took 1.2s

──────────────────────────────────────────────────
  ITERATION 7/25
──────────────────────────────────────────────────
  Tokens: prompt=20341 completion=28 total_session=129965
  Messages: 15 (71,041 chars)
  Tool calls (1):
    [1] tripletex_api({"method":"GET","path":"/ledger/posting/3845748041"})
    ┌─ API GET /ledger/posting/3845748041
    └─ 200 OK (0.3s) id=3845748041
    │  response: {"value": {"id": 3845748041, "version": 0, "url": "kkpqfuj-amager.tripletex.dev/v2/ledger/posting/3845748041", "voucher": {"id": 609129654, "url": "kkpqfuj-amager.tripletex.dev/v2/ledger/voucher/609129654"}, "date": "2026-01-07", "description": "Renhold kontor", "account": {"id": 470846543, "url": "kkpqfuj-amager.tripletex.dev/v2/ledger/account/470846543"}, "amortizationAccount": null, "amortizationStartDate": null, "amortizationEndDate": null, "customer": null, "supplier": null, "employee": null, "project": null, "product": null, "department": null, "vatType": {"id": 0, "url": "kkpqfuj-amager.tripletex.dev/v2/ledger/vatType/0"}, "amount": 600.0, "amountCurrency": 600.0, "amountGross": 600.0, "amountGrossCurrency": 600.0, "currency": {"id": 1, "url": "kkpqfuj-amager.tripletex.dev/v2/currency/1"}, "closeGroup": null, "invoiceNumber": "", "termOfPayment": null, "row": 0, "type": null, "externalRef": "", "systemGenerated": true, "taxTransactionType": "(Ikke valgt)", "taxTransactionTypeId": 0, "matched": false, "quantityAmount1": 0, "quantityType1": null, "quantityAmount2": 0, "quantityType2": null, "isVatReadonly": true, "isAmountVatClosed": false, "postingRuleId": 0, "freeAccountingDimension1": null, "freeAccountingDimension2": null, "freeAccountingDimension3": null, "asset": null}}
  Iteration 7 took 1.1s

──────────────────────────────────────────────────
  ITERATION 8/25
──────────────────────────────────────────────────
  Tokens: prompt=20816 completion=28 total_session=150809
  Messages: 17 (72,342 chars)
  Tool calls (1):
    [1] tripletex_api({"method":"GET","path":"/ledger/posting/3845748067"})
    ┌─ API GET /ledger/posting/3845748067
    └─ 200 OK (0.5s) id=3845748067
    │  response: {"value": {"id": 3845748067, "version": 1, "url": "kkpqfuj-amager.tripletex.dev/v2/ledger/posting/3845748067", "voucher": {"id": 609129664, "url": "kkpqfuj-amager.tripletex.dev/v2/ledger/voucher/609129664"}, "date": "2026-01-10", "description": "Salgsinntekt", "account": {"id": 470846406, "url": "kkpqfuj-amager.tripletex.dev/v2/ledger/account/470846406"}, "amortizationAccount": null, "amortizationStartDate": null, "amortizationEndDate": null, "customer": {"id": 108414241, "url": "kkpqfuj-amager.tripletex.dev/v2/customer/108414241"}, "supplier": null, "employee": null, "project": null, "product": null, "department": null, "vatType": {"id": 0, "url": "kkpqfuj-amager.tripletex.dev/v2/ledger/vatType/0"}, "amount": 50000.0, "amountCurrency": 50000.0, "amountGross": 50000.0, "amountGrossCurrency": 50000.0, "currency": {"id": 1, "url": "kkpqfuj-amager.tripletex.dev/v2/currency/1"}, "closeGroup": null, "invoiceNumber": "", "termOfPayment": null, "row": 1, "type": null, "externalRef": "", "systemGenerated": false, "taxTransactionType": "(Ikke valgt)", "taxTransactionTypeId": 0, "matched": false, "quantityAmount1": 0, "quantityType1": null, "quantityAmount2": 0, "quantityType2": null, "isVatReadonly": true, "isAmountVatClosed": false, "postingRuleId": 0, "freeAccountingDimension1": null, "freeAccountingDimension2": null, "freeAccountingDimension3": null, "asset": null}}
  Iteration 8 took 1.9s

──────────────────────────────────────────────────
  ITERATION 9/25
──────────────────────────────────────────────────
  Tokens: prompt=21324 completion=28 total_session=172161
  Messages: 19 (73,724 chars)
  Tool calls (1):
    [1] tripletex_api({"method":"GET","path":"/ledger/posting/3845748068"})
    ┌─ API GET /ledger/posting/3845748068
    └─ 200 OK (0.3s) id=3845748068
    │  response: {"value": {"id": 3845748068, "version": 1, "url": "kkpqfuj-amager.tripletex.dev/v2/ledger/posting/3845748068", "voucher": {"id": 609129664, "url": "kkpqfuj-amager.tripletex.dev/v2/ledger/voucher/609129664"}, "date": "2026-01-10", "description": "Salgsinntekt", "account": {"id": 470846573, "url": "kkpqfuj-amager.tripletex.dev/v2/ledger/account/470846573"}, "amortizationAccount": null, "amortizationStartDate": null, "amortizationEndDate": null, "customer": null, "supplier": null, "employee": null, "project": null, "product": null, "department": null, "vatType": {"id": 3, "url": "kkpqfuj-amager.tripletex.dev/v2/ledger/vatType/3"}, "amount": -32000.0, "amountCurrency": -32000.0, "amountGross": -40000.0, "amountGrossCurrency": -40000.0, "currency": {"id": 1, "url": "kkpqfuj-amager.tripletex.dev/v2/currency/1"}, "closeGroup": null, "invoiceNumber": "", "termOfPayment": null, "row": 2, "type": null, "externalRef": "", "systemGenerated": false, "taxTransactionType": "(Ikke valgt)", "taxTransactionTypeId": 0, "matched": false, "quantityAmount1": 0, "quantityType1": null, "quantityAmount2": 0, "quantityType2": null, "isVatReadonly": true, "isAmountVatClosed": false, "postingRuleId": 0, "freeAccountingDimension1": null, "freeAccountingDimension2": null, "freeAccountingDimension3": null, "asset": null}}
  Iteration 9 took 1.2s

──────────────────────────────────────────────────
  ITERATION 10/25
──────────────────────────────────────────────────
  Tokens: prompt=21804 completion=28 total_session=193993
  Messages: 21 (75,036 chars)
  Tool calls (1):
    [1] tripletex_api({"method":"GET","path":"/ledger/posting/3845748069"})
    ┌─ API GET /ledger/posting/3845748069
    └─ 200 OK (0.3s) id=3845748069
    │  response: {"value": {"id": 3845748069, "version": 1, "url": "kkpqfuj-amager.tripletex.dev/v2/ledger/posting/3845748069", "voucher": {"id": 609129664, "url": "kkpqfuj-amager.tripletex.dev/v2/ledger/voucher/609129664"}, "date": "2026-01-10", "description": "Salgsinntekt", "account": {"id": 470846535, "url": "kkpqfuj-amager.tripletex.dev/v2/ledger/account/470846535"}, "amortizationAccount": null, "amortizationStartDate": null, "amortizationEndDate": null, "customer": null, "supplier": null, "employee": null, "project": null, "product": null, "department": null, "vatType": {"id": 0, "url": "kkpqfuj-amager.tripletex.dev/v2/ledger/vatType/0"}, "amount": -10000.0, "amountCurrency": -10000.0, "amountGross": -10000.0, "amountGrossCurrency": -10000.0, "currency": {"id": 1, "url": "kkpqfuj-amager.tripletex.dev/v2/currency/1"}, "closeGroup": null, "invoiceNumber": "", "termOfPayment": null, "row": 3, "type": null, "externalRef": "", "systemGenerated": false, "taxTransactionType": "(Ikke valgt)", "taxTransactionTypeId": 0, "matched": false, "quantityAmount1": 0, "quantityType1": null, "quantityAmount2": 0, "quantityType2": null, "isVatReadonly": true, "isAmountVatClosed": false, "postingRuleId": 0, "freeAccountingDimension1": null, "freeAccountingDimension2": null, "freeAccountingDimension3": null, "asset": null}}
  Iteration 10 took 1.4s

──────────────────────────────────────────────────
  ITERATION 11/25
──────────────────────────────────────────────────
  Tokens: prompt=22284 completion=28 total_session=216305
  Messages: 23 (76,348 chars)
  Tool calls (1):
    [1] tripletex_api({"method":"GET","path":"/ledger/posting/3845748070"})
    ┌─ API GET /ledger/posting/3845748070
    └─ 200 OK (0.3s) id=3845748070
    │  response: {"value": {"id": 3845748070, "version": 0, "url": "kkpqfuj-amager.tripletex.dev/v2/ledger/posting/3845748070", "voucher": {"id": 609129664, "url": "kkpqfuj-amager.tripletex.dev/v2/ledger/voucher/609129664"}, "date": "2026-01-10", "description": "Salgsinntekt", "account": {"id": 470846535, "url": "kkpqfuj-amager.tripletex.dev/v2/ledger/account/470846535"}, "amortizationAccount": null, "amortizationStartDate": null, "amortizationEndDate": null, "customer": null, "supplier": null, "employee": null, "project": null, "product": null, "department": null, "vatType": {"id": 0, "url": "kkpqfuj-amager.tripletex.dev/v2/ledger/vatType/0"}, "amount": -8000.0, "amountCurrency": -8000.0, "amountGross": -8000.0, "amountGrossCurrency": -8000.0, "currency": {"id": 1, "url": "kkpqfuj-amager.tripletex.dev/v2/currency/1"}, "closeGroup": null, "invoiceNumber": "", "termOfPayment": null, "row": 0, "type": null, "externalRef": "", "systemGenerated": true, "taxTransactionType": "(Ikke valgt)", "taxTransactionTypeId": 0, "matched": false, "quantityAmount1": 0, "quantityType1": null, "quantityAmount2": 0, "quantityType2": null, "isVatReadonly": true, "isAmountVatClosed": false, "postingRuleId": 0, "freeAccountingDimension1": null, "freeAccountingDimension2": null, "freeAccountingDimension3": null, "asset": null}}
  Iteration 11 took 1.5s

──────────────────────────────────────────────────
  ITERATION 12/25
──────────────────────────────────────────────────
  Tokens: prompt=22764 completion=28 total_session=239097
  Messages: 25 (77,655 chars)
  Tool calls (1):
    [1] tripletex_api({"method":"GET","path":"/ledger/posting/3845748075"})
    ┌─ API GET /ledger/posting/3845748075
    └─ 200 OK (0.3s) id=3845748075
    │  response: {"value": {"id": 3845748075, "version": 1, "url": "kkpqfuj-amager.tripletex.dev/v2/ledger/posting/3845748075", "voucher": {"id": 609129667, "url": "kkpqfuj-amager.tripletex.dev/v2/ledger/voucher/609129667"}, "date": "2026-01-12", "description": "Reisekostnad", "account": {"id": 470846765, "url": "kkpqfuj-amager.tripletex.dev/v2/ledger/account/470846765"}, "amortizationAccount": null, "amortizationStartDate": null, "amortizationEndDate": null, "customer": null, "supplier": null, "employee": null, "project": null, "product": null, "department": null, "vatType": {"id": 12, "url": "kkpqfuj-amager.tripletex.dev/v2/ledger/vatType/12"}, "amount": 2232.14, "amountCurrency": 2232.14, "amountGross": 2500.0, "amountGrossCurrency": 2500.0, "currency": {"id": 1, "url": "kkpqfuj-amager.tripletex.dev/v2/currency/1"}, "closeGroup": null, "invoiceNumber": "", "termOfPayment": null, "row": 1, "type": null, "externalRef": "", "systemGenerated": false, "taxTransactionType": "(Ikke valgt)", "taxTransactionTypeId": 0, "matched": false, "quantityAmount1": 0, "quantityType1": null, "quantityAmount2": 0, "quantityType2": null, "isVatReadonly": false, "isAmountVatClosed": false, "postingRuleId": 0, "freeAccountingDimension1": null, "freeAccountingDimension2": null, "freeAccountingDimension3": null, "asset": null}}
  Iteration 12 took 1.3s

──────────────────────────────────────────────────
  ITERATION 13/25
──────────────────────────────────────────────────
  Tokens: prompt=23243 completion=28 total_session=262368
  Messages: 27 (78,964 chars)
  Tool calls (1):
    [1] tripletex_api({"method":"GET","path":"/ledger/posting/3845748076"})
    ┌─ API GET /ledger/posting/3845748076
    └─ 200 OK (0.3s) id=3845748076
    │  response: {"value": {"id": 3845748076, "version": 1, "url": "kkpqfuj-amager.tripletex.dev/v2/ledger/posting/3845748076", "voucher": {"id": 609129667, "url": "kkpqfuj-amager.tripletex.dev/v2/ledger/voucher/609129667"}, "date": "2026-01-12", "description": "Reisekostnad", "account": {"id": 470846462, "url": "kkpqfuj-amager.tripletex.dev/v2/ledger/account/470846462"}, "amortizationAccount": null, "amortizationStartDate": null, "amortizationEndDate": null, "customer": null, "supplier": null, "employee": null, "project": null, "product": null, "department": null, "vatType": {"id": 0, "url": "kkpqfuj-amager.tripletex.dev/v2/ledger/vatType/0"}, "amount": -2500.0, "amountCurrency": -2500.0, "amountGross": -2500.0, "amountGrossCurrency": -2500.0, "currency": {"id": 1, "url": "kkpqfuj-amager.tripletex.dev/v2/currency/1"}, "closeGroup": null, "invoiceNumber": "", "termOfPayment": null, "row": 2, "type": null, "externalRef": "", "systemGenerated": false, "taxTransactionType": "(Ikke valgt)", "taxTransactionTypeId": 0, "matched": false, "quantityAmount1": 0, "quantityType1": null, "quantityAmount2": 0, "quantityType2": null, "isVatReadonly": true, "isAmountVatClosed": false, "postingRuleId": 0, "freeAccountingDimension1": null, "freeAccountingDimension2": null, "freeAccountingDimension3": null, "asset": null}}
  Iteration 13 took 1.2s

──────────────────────────────────────────────────
  ITERATION 14/25
──────────────────────────────────────────────────
  Tokens: prompt=23722 completion=28 total_session=286118
  Messages: 29 (80,272 chars)
  Tool calls (1):
    [1] tripletex_api({"method":"GET","path":"/ledger/posting/3845748078"})
    ┌─ API GET /ledger/posting/3845748078
    └─ 200 OK (0.3s) id=3845748078
    │  response: {"value": {"id": 3845748078, "version": 0, "url": "kkpqfuj-amager.tripletex.dev/v2/ledger/posting/3845748078", "voucher": {"id": 609129667, "url": "kkpqfuj-amager.tripletex.dev/v2/ledger/voucher/609129667"}, "date": "2026-01-12", "description": "Reisekostnad", "account": {"id": 470846545, "url": "kkpqfuj-amager.tripletex.dev/v2/ledger/account/470846545"}, "amortizationAccount": null, "amortizationStartDate": null, "amortizationEndDate": null, "customer": null, "supplier": null, "employee": null, "project": null, "product": null, "department": null, "vatType": {"id": 0, "url": "kkpqfuj-amager.tripletex.dev/v2/ledger/vatType/0"}, "amount": 267.86, "amountCurrency": 267.86, "amountGross": 267.86, "amountGrossCurrency": 267.86, "currency": {"id": 1, "url": "kkpqfuj-amager.tripletex.dev/v2/currency/1"}, "closeGroup": null, "invoiceNumber": "", "termOfPayment": null, "row": 0, "type": null, "externalRef": "", "systemGenerated": true, "taxTransactionType": "(Ikke valgt)", "taxTransactionTypeId": 0, "matched": false, "quantityAmount1": 0, "quantityType1": null, "quantityAmount2": 0, "quantityType2": null, "isVatReadonly": true, "isAmountVatClosed": false, "postingRuleId": 0, "freeAccountingDimension1": null, "freeAccountingDimension2": null, "freeAccountingDimension3": null, "asset": null}}
  Iteration 14 took 1.5s

──────────────────────────────────────────────────
  ITERATION 15/25
──────────────────────────────────────────────────
  Tokens: prompt=24197 completion=28 total_session=310343
  Messages: 31 (81,575 chars)
  Tool calls (1):
    [1] tripletex_api({"method":"GET","path":"/ledger/posting/3845748083"})
    ┌─ API GET /ledger/posting/3845748083
    └─ 200 OK (0.2s) id=3845748083
    │  response: {"value": {"id": 3845748083, "version": 1, "url": "kkpqfuj-amager.tripletex.dev/v2/ledger/posting/3845748083", "voucher": {"id": 609129670, "url": "kkpqfuj-amager.tripletex.dev/v2/ledger/voucher/609129670"}, "date": "2026-01-14", "description": "Strøm kontor", "account": {"id": 470846719, "url": "kkpqfuj-amager.tripletex.dev/v2/ledger/account/470846719"}, "amortizationAccount": null, "amortizationStartDate": null, "amortizationEndDate": null, "customer": null, "supplier": null, "employee": null, "project": null, "product": null, "department": null, "vatType": {"id": 1, "url": "kkpqfuj-amager.tripletex.dev/v2/ledger/vatType/1"}, "amount": 3200.0, "amountCurrency": 3200.0, "amountGross": 4000.0, "amountGrossCurrency": 4000.0, "currency": {"id": 1, "url": "kkpqfuj-amager.tripletex.dev/v2/currency/1"}, "closeGroup": null, "invoiceNumber": "", "termOfPayment": null, "row": 1, "type": null, "externalRef": "", "systemGenerated": false, "taxTransactionType": "(Ikke valgt)", "taxTransactionTypeId": 0, "matched": false, "quantityAmount1": 0, "quantityType1": null, "quantityAmount2": 0, "quantityType2": null, "isVatReadonly": false, "isAmountVatClosed": false, "postingRuleId": 0, "freeAccountingDimension1": null, "freeAccountingDimension2": null, "freeAccountingDimension3": null, "asset": null}}
  Iteration 15 took 1.2s

──────────────────────────────────────────────────
  ITERATION 16/25
──────────────────────────────────────────────────
  Tokens: prompt=24676 completion=28 total_session=335047
  Messages: 33 (82,880 chars)
  Tool calls (1):
    [1] tripletex_api({"method":"GET","path":"/ledger/posting/3845748084"})
    ┌─ API GET /ledger/posting/3845748084
    └─ 200 OK (0.3s) id=3845748084
    │  response: {"value": {"id": 3845748084, "version": 1, "url": "kkpqfuj-amager.tripletex.dev/v2/ledger/posting/3845748084", "voucher": {"id": 609129670, "url": "kkpqfuj-amager.tripletex.dev/v2/ledger/voucher/609129670"}, "date": "2026-01-14", "description": "Strøm kontor", "account": {"id": 470846543, "url": "kkpqfuj-amager.tripletex.dev/v2/ledger/account/470846543"}, "amortizationAccount": null, "amortizationStartDate": null, "amortizationEndDate": null, "customer": null, "supplier": null, "employee": null, "project": null, "product": null, "department": null, "vatType": {"id": 0, "url": "kkpqfuj-amager.tripletex.dev/v2/ledger/vatType/0"}, "amount": 1000.0, "amountCurrency": 1000.0, "amountGross": 1000.0, "amountGrossCurrency": 1000.0, "currency": {"id": 1, "url": "kkpqfuj-amager.tripletex.dev/v2/currency/1"}, "closeGroup": null, "invoiceNumber": "", "termOfPayment": null, "row": 2, "type": null, "externalRef": "", "systemGenerated": false, "taxTransactionType": "(Ikke valgt)", "taxTransactionTypeId": 0, "matched": false, "quantityAmount1": 0, "quantityType1": null, "quantityAmount2": 0, "quantityType2": null, "isVatReadonly": true, "isAmountVatClosed": false, "postingRuleId": 0, "freeAccountingDimension1": null, "freeAccountingDimension2": null, "freeAccountingDimension3": null, "asset": null}}
  Iteration 16 took 1.3s

──────────────────────────────────────────────────
  ITERATION 17/25
──────────────────────────────────────────────────
  Tokens: prompt=25155 completion=28 total_session=360230
  Messages: 35 (84,184 chars)
  Tool calls (1):
    [1] tripletex_api({"method":"GET","path":"/ledger/posting/3845748085"})
    ┌─ API GET /ledger/posting/3845748085
    └─ 200 OK (0.3s) id=3845748085
    │  response: {"value": {"id": 3845748085, "version": 1, "url": "kkpqfuj-amager.tripletex.dev/v2/ledger/posting/3845748085", "voucher": {"id": 609129670, "url": "kkpqfuj-amager.tripletex.dev/v2/ledger/voucher/609129670"}, "date": "2026-01-14", "description": "Strøm kontor", "account": {"id": 470846521, "url": "kkpqfuj-amager.tripletex.dev/v2/ledger/account/470846521"}, "amortizationAccount": null, "amortizationStartDate": null, "amortizationEndDate": null, "customer": null, "supplier": {"id": 108414220, "url": "kkpqfuj-amager.tripletex.dev/v2/supplier/108414220"}, "employee": null, "project": null, "product": null, "department": null, "vatType": {"id": 0, "url": "kkpqfuj-amager.tripletex.dev/v2/ledger/vatType/0"}, "amount": -5000.0, "amountCurrency": -5000.0, "amountGross": -5000.0, "amountGrossCurrency": -5000.0, "currency": {"id": 1, "url": "kkpqfuj-amager.tripletex.dev/v2/currency/1"}, "closeGroup": null, "invoiceNumber": "", "termOfPayment": null, "row": 3, "type": null, "externalRef": "", "systemGenerated": false, "taxTransactionType": "(Ikke valgt)", "taxTransactionTypeId": 0, "matched": false, "quantityAmount1": 0, "quantityType1": null, "quantityAmount2": 0, "quantityType2": null, "isVatReadonly": true, "isAmountVatClosed": false, "postingRuleId": 0, "freeAccountingDimension1": null, "freeAccountingDimension2": null, "freeAccountingDimension3": null, "asset": null}}
  Iteration 17 took 1.5s

──────────────────────────────────────────────────
  ITERATION 18/25
──────────────────────────────────────────────────
  Tokens: prompt=25663 completion=28 total_session=385921
  Messages: 37 (85,566 chars)
  Tool calls (1):
    [1] tripletex_api({"method":"GET","path":"/ledger/posting/3845748086"})
    ┌─ API GET /ledger/posting/3845748086
    └─ 200 OK (0.3s) id=3845748086
    │  response: {"value": {"id": 3845748086, "version": 0, "url": "kkpqfuj-amager.tripletex.dev/v2/ledger/posting/3845748086", "voucher": {"id": 609129670, "url": "kkpqfuj-amager.tripletex.dev/v2/ledger/voucher/609129670"}, "date": "2026-01-14", "description": "Strøm kontor", "account": {"id": 470846543, "url": "kkpqfuj-amager.tripletex.dev/v2/ledger/account/470846543"}, "amortizationAccount": null, "amortizationStartDate": null, "amortizationEndDate": null, "customer": null, "supplier": null, "employee": null, "project": null, "product": null, "department": null, "vatType": {"id": 0, "url": "kkpqfuj-amager.tripletex.dev/v2/ledger/vatType/0"}, "amount": 800.0, "amountCurrency": 800.0, "amountGross": 800.0, "amountGrossCurrency": 800.0, "currency": {"id": 1, "url": "kkpqfuj-amager.tripletex.dev/v2/currency/1"}, "closeGroup": null, "invoiceNumber": "", "termOfPayment": null, "row": 0, "type": null, "externalRef": "", "systemGenerated": true, "taxTransactionType": "(Ikke valgt)", "taxTransactionTypeId": 0, "matched": false, "quantityAmount1": 0, "quantityType1": null, "quantityAmount2": 0, "quantityType2": null, "isVatReadonly": true, "isAmountVatClosed": false, "postingRuleId": 0, "freeAccountingDimension1": null, "freeAccountingDimension2": null, "freeAccountingDimension3": null, "asset": null}}
  Iteration 18 took 1.2s

──────────────────────────────────────────────────
  ITERATION 19/25
──────────────────────────────────────────────────
  Tokens: prompt=26138 completion=28 total_session=412087
  Messages: 39 (86,865 chars)
  Tool calls (1):
    [1] tripletex_api({"method":"GET","path":"/ledger/posting/3845748183"})
    ┌─ API GET /ledger/posting/3845748183
    └─ 200 OK (0.3s) id=3845748183
    │  response: {"value": {"id": 3845748183, "version": 1, "url": "kkpqfuj-amager.tripletex.dev/v2/ledger/posting/3845748183", "voucher": {"id": 609129709, "url": "kkpqfuj-amager.tripletex.dev/v2/ledger/voucher/609129709"}, "date": "2026-01-25", "description": "Kontorutstyr", "account": {"id": 470846717, "url": "kkpqfuj-amager.tripletex.dev/v2/ledger/account/470846717"}, "amortizationAccount": null, "amortizationStartDate": null, "amortizationEndDate": null, "customer": null, "supplier": null, "employee": null, "project": null, "product": null, "department": null, "vatType": {"id": 0, "url": "kkpqfuj-amager.tripletex.dev/v2/ledger/vatType/0"}, "amount": 2200.0, "amountCurrency": 2200.0, "amountGross": 2200.0, "amountGrossCurrency": 2200.0, "currency": {"id": 1, "url": "kkpqfuj-amager.tripletex.dev/v2/currency/1"}, "closeGroup": null, "invoiceNumber": "", "termOfPayment": null, "row": 1, "type": null, "externalRef": "", "systemGenerated": false, "taxTransactionType": "(Ikke valgt)", "taxTransactionTypeId": 0, "matched": false, "quantityAmount1": 0, "quantityType1": null, "quantityAmount2": 0, "quantityType2": null, "isVatReadonly": false, "isAmountVatClosed": false, "postingRuleId": 0, "freeAccountingDimension1": null, "freeAccountingDimension2": null, "freeAccountingDimension3": null, "asset": null}}
  Iteration 19 took 1.3s

──────────────────────────────────────────────────
  ITERATION 20/25
──────────────────────────────────────────────────
  Tokens: prompt=26617 completion=28 total_session=438732
  Messages: 41 (88,170 chars)
  Tool calls (1):
    [1] tripletex_api({"method":"GET","path":"/ledger/posting/3845748185"})
    ┌─ API GET /ledger/posting/3845748185
    └─ 200 OK (0.3s) id=3845748185
    │  response: {"value": {"id": 3845748185, "version": 1, "url": "kkpqfuj-amager.tripletex.dev/v2/ledger/posting/3845748185", "voucher": {"id": 609129709, "url": "kkpqfuj-amager.tripletex.dev/v2/ledger/voucher/609129709"}, "date": "2026-01-25", "description": "Kontorutstyr", "account": {"id": 470846543, "url": "kkpqfuj-amager.tripletex.dev/v2/ledger/account/470846543"}, "amortizationAccount": null, "amortizationStartDate": null, "amortizationEndDate": null, "customer": null, "supplier": null, "employee": null, "project": null, "product": null, "department": null, "vatType": {"id": 0, "url": "kkpqfuj-amager.tripletex.dev/v2/ledger/vatType/0"}, "amount": 550.0, "amountCurrency": 550.0, "amountGross": 550.0, "amountGrossCurrency": 550.0, "currency": {"id": 1, "url": "kkpqfuj-amager.tripletex.dev/v2/currency/1"}, "closeGroup": null, "invoiceNumber": "", "termOfPayment": null, "row": 2, "type": null, "externalRef": "", "systemGenerated": false, "taxTransactionType": "(Ikke valgt)", "taxTransactionTypeId": 0, "matched": false, "quantityAmount1": 0, "quantityType1": null, "quantityAmount2": 0, "quantityType2": null, "isVatReadonly": true, "isAmountVatClosed": false, "postingRuleId": 0, "freeAccountingDimension1": null, "freeAccountingDimension2": null, "freeAccountingDimension3": null, "asset": null}}
  Iteration 20 took 2.2s

──────────────────────────────────────────────────
  ITERATION 21/25
──────────────────────────────────────────────────
  Tokens: prompt=27092 completion=33 total_session=465857
  Messages: 43 (89,470 chars)
  Tool calls (1):
    [1] tripletex_api({"method":"GET","path":"/ledger/account?fields=id,number,name&number=7300"})
    │  [fix] extracted query params from path: {'fields': 'id,number,name', 'number': '7300'}
    ┌─ API GET /ledger/account
    │  params: {"fields": "id,number,name", "number": "7300"}
    └─ 200 OK (0.2s) [1 items]
    │  response: {"fullResultSize": 1, "from": 0, "count": 1, "versionDigest": "'If-None-Match' header not specified", "values": [{"id": 470846771, "number": 7300, "name": "Salgskostnad"}]}
  Iteration 21 took 1.4s

──────────────────────────────────────────────────
  ITERATION 22/25
──────────────────────────────────────────────────
  Tokens: prompt=27199 completion=33 total_session=493089
  Messages: 45 (89,642 chars)
  Tool calls (1):
    [1] tripletex_api({"method":"GET","path":"/ledger/account?fields=id,number,name&number=7000"})
    │  [fix] extracted query params from path: {'fields': 'id,number,name', 'number': '7000'}
    ┌─ API GET /ledger/account
    │  params: {"fields": "id,number,name", "number": "7000"}
    └─ 200 OK (0.2s) [1 items]
    │  response: {"fullResultSize": 1, "from": 0, "count": 1, "versionDigest": "'If-None-Match' header not specified", "values": [{"id": 470846758, "number": 7000, "name": "Drivstoff, selskapets transportmidler"}]}
  Iteration 22 took 1.5s

──────────────────────────────────────────────────
  ITERATION 23/25
──────────────────────────────────────────────────
  Tokens: prompt=27311 completion=23 total_session=520423
  Messages: 47 (89,839 chars)
  Tool calls (1):
    [1] tripletex_api({"method":"POST","path":"/ledger/voucher"})
    │  [fix] blocked POST without body: /ledger/voucher
  Iteration 23 took 1.2s

──────────────────────────────────────────────────
  ITERATION 24/25
──────────────────────────────────────────────────
  Tokens: prompt=27404 completion=121 total_session=547948
  Messages: 49 (90,061 chars)
  Tool calls (1):
    [1] tripletex_api({"method":"POST","path":"/ledger/voucher","body":{"date":"2026-03-21","description":"Correction for wrong account 7300 to 7000","postings":[{"row":1,"date":"2026-03-21","amount":-1650,"amountCurrency":-1650,"account":{"id":470846771}},{"row":2,"date":"2026-03-21","amount":1650,"amountCurrency":1650,"account":{"id":470846758}}]}})
    ┌─ API POST /ledger/voucher
    │  body:   {"date": "2026-03-21", "description": "Correction for wrong account 7300 to 7000", "postings": [{"row": 1, "date": "2026-03-21", "amount": -1650, "amountCurrency": -1650, "account": {"id": 470846771}}, {"row": 2, "date": "2026-03-21", "amount": 1650, "amountCurrency": 1650, "account": {"id": 470846758}}]}
    └─ 201 OK (0.5s) id=609130388
    │  response: {"value": {"id": 609130388, "version": 5, "url": "kkpqfuj-amager.tripletex.dev/v2/ledger/voucher/609130388", "date": "2026-03-21", "number": 31, "tempNumber": 0, "year": 2026, "description": "Correction for wrong account 7300 to 7000", "voucherType": null, "reverseVoucher": null, "postings": [{"id": 3845749908, "version": 1, "url": "kkpqfuj-amager.tripletex.dev/v2/ledger/posting/3845749908", "voucher": {"id": 609130388, "url": "kkpqfuj-amager.tripletex.dev/v2/ledger/voucher/609130388"}, "date": "2026-03-21", "description": "Correction for wrong account 7300 to 7000", "account": {"id": 470846771, "url": "kkpqfuj-amager.tripletex.dev/v2/ledger/account/470846771"}, "amortizationAccount": null, "amortizationStartDate": null, "amortizationEndDate": null, "customer": null, "supplier": null, "employee": null, "project": null, "product": null, "department": null, "vatType": {"id": 0, "url": "kkpqfuj-amager.tripletex.dev/v2/ledger/vatType/0"}, "amount": 0.0, "amountCurrency": 0.0, "amountGross": 0.0, "amountGrossCurrency": 0.0, "currency": {"id": 1, "url": "kkpqfuj-amager.tripletex.dev/v2/currency/1"}, "closeGroup": null, "invoiceNumber": "", "termOfPayment": null, "row": 1, "type": null, "externalRef": "", "systemGenerated": false, "taxTransactionType": "(Ikke valgt)", "taxTransactionTypeId": 0, "matched": false, "quantityAmount1": 0, "quantityType1": null, "quantityAmount2": 0, "quantityType2": null, "isVatReadonly": false, "isAmountVatClosed": false, "postingRuleId": 0, "freeAccoun…
  Iteration 24 took 1.9s

──────────────────────────────────────────────────
  ITERATION 25/25
──────────────────────────────────────────────────
  Tokens: prompt=28576 completion=27 total_session=576551
  Messages: 51 (93,182 chars)
  Tool calls (1):
    [1] tripletex_api({"method":"GET","path":"/ledger/account?number=6500"})
    │  [fix] extracted query params from path: {'number': '6500'}
    ┌─ API GET /ledger/account
    │  params: {"number": "6500"}
    └─ 200 OK (0.3s) [1 items]
    │  response: {"fullResultSize": 1, "from": 0, "count": 1, "versionDigest": "'If-None-Match' header not specified", "values": [{"id": 470846728, "version": 0, "url": "kkpqfuj-amager.tripletex.dev/v2/ledger/account/470846728", "number": 6500, "numberPretty": "6500", "name": "Motordrevet verktøy", "description": "", "type": "OPERATING_EXPENSES", "legalVatTypes": [{"id": 0, "url": "kkpqfuj-amager.tripletex.dev/v2/ledger/vatType/0"}, {"id": 1, "url": "kkpqfuj-amager.tripletex.dev/v2/ledger/vatType/1"}, {"id": 11, "url": "kkpqfuj-amager.tripletex.dev/v2/ledger/vatType/11"}, {"id": 12, "url": "kkpqfuj-amager.tripletex.dev/v2/ledger/vatType/12"}, {"id": 230, "url": "kkpqfuj-amager.tripletex.dev/v2/ledger/vatType/230"}, {"id": 13, "url": "kkpqfuj-amager.tripletex.dev/v2/ledger/vatType/13"}, {"id": 14, "url": "kkpqfuj-amager.tripletex.dev/v2/ledger/vatType/14"}, {"id": 34, "url": "kkpqfuj-amager.tripletex.dev/v2/ledger/vatType/34"}, {"id": 35, "url": "kkpqfuj-amager.tripletex.dev/v2/ledger/vatType/35"}, {"id": 559, "url": "kkpqfuj-amager.tripletex.dev/v2/ledger/vatType/559"}, {"id": 550, "url": "kkpqfuj-amager.tripletex.dev/v2/ledger/vatType/550"}, {"id": 551, "url": "kkpqfuj-amager.tripletex.dev/v2/ledger/vatType/551"}, {"id": 553, "url": "kkpqfuj-amager.tripletex.dev/v2/ledger/vatType/553"}, {"id": 560, "url": "kkpqfuj-amager.tripletex.dev/v2/ledger/vatType/560"}], "ledgerType": "GENERAL", "balanceGroup": "Ikke i en saldogruppe.", "vatType": {"id": 1, "url": "kkpqfuj-amager.tripletex.dev/v2/ledge…
  Iteration 25 took 1.5s

  ⚠ Max iterations reached. Elapsed: 36.3s, Tokens: 576551

======================================================================
  TASK COMPLETE — total 36.3s
======================================================================

