
======================================================================
  NEW TASK RECEIVED
  Version: unknown
======================================================================
  Prompt: O cliente Floresta Lda (org. nº 864828442) tem uma fatura pendente de 29100 NOK sem IVA por "Design web". Registe o pagamento total desta fatura.
  Files:  0
  URL:    https://tx-proxy-jwanbnu3pq-lz.a.run.app/v2
──────────────────────────────────────────────────────────────────────
  [pre] Invoice/credit/payment task detected — ensuring bank account...
    ┌─ API GET /invoice/settings
    └─ 200 OK (2.2s) id=772924
  [bank] already ready
  [pre] Bank account setup: OK

──────────────────────────────────────────────────
  ITERATION 1/25
──────────────────────────────────────────────────
  Tokens: prompt=14933 completion=45 total_session=14978
  Messages: 3 (56,087 chars)
  Tool calls (1):
    [1] tripletex_api({"method":"GET","path":"/invoice","params":{"invoiceDateFrom":"2000-01-01","invoiceDateTo":"2030-12-31"}})
    ┌─ API GET /invoice
    │  params: {"invoiceDateFrom": "2000-01-01", "invoiceDateTo": "2030-12-31"}
    └─ 200 OK (1.9s) [1 items]
    │  response: {"fullResultSize": 1, "from": 0, "count": 1, "versionDigest": "'If-None-Match' header not specified", "values": [{"id": 2147570454, "version": 3, "url": "kkpqfuj-amager.tripletex.dev/v2/invoice/2147570454", "invoiceNumber": 1, "invoiceDate": "2026-03-01", "customer": {"id": 108321836, "url": "kkpqfuj-amager.tripletex.dev/v2/customer/108321836"}, "creditedInvoice": 0, "isCredited": false, "invoiceDueDate": "2026-03-31", "kid": "", "invoiceComment": "", "comment": "", "orders": [{"id": 401990282, "url": "kkpqfuj-amager.tripletex.dev/v2/order/401990282"}], "orderLines": [{"id": 1607533974, "url": "kkpqfuj-amager.tripletex.dev/v2/order/orderline/1607533974"}], "travelReports": [], "projectInvoiceDetails": [{"id": 1965756545, "url": "kkpqfuj-amager.tripletex.dev/v2/invoice/details/1965756545"}], "voucher": {"id": 608889200, "url": "kkpqfuj-amager.tripletex.dev/v2/ledger/voucher/608889200"}, "deliveryDate": "2026-03-01", "amount": 36375.0, "amountCurrency": 36375.0, "amountExcludingVat": 29100.0, "amountExcludingVatCurrency": 29100.0, "amountRoundoff": 0.0, "amountRoundoffCurrency": 0.0, "amountOutstanding": 36375.0, "amountCurrencyOutstanding": 36375.0, "amountOutstandingTotal": 36375.0, "amountCurrencyOutstandingTotal": 36375.0, "sumRemits": 0, "currency": {"id": 1, "url": "kkpqfuj-amager.tripletex.dev/v2/currency/1"}, "isCreditNote": false, "isCharged": true, "isApproved": false, "postings": [{"id": 3845087917, "url": "kkpqfuj-amager.tripletex.dev/v2/ledger/posting/3845087917"}]…
  Iteration 1 took 3.5s

──────────────────────────────────────────────────
  ITERATION 2/25
──────────────────────────────────────────────────
  Tokens: prompt=15565 completion=23 total_session=30566
  Messages: 5 (57,711 chars)
  Tool calls (1):
    [1] tripletex_api({"method":"GET","path":"/invoice/paymentType"})
    ┌─ API GET /invoice/paymentType
    └─ 200 OK (2.5s) [2 items]
    │  response: {"fullResultSize": 2, "from": 0, "count": 2, "versionDigest": "'If-None-Match' header not specified", "values": [{"id": 28075104, "version": 0, "url": "kkpqfuj-amager.tripletex.dev/v2/invoice/paymentType/28075104", "description": "Kontant", "displayName": "Kontant", "debitAccount": {"id": 373031094, "url": "kkpqfuj-amager.tripletex.dev/v2/ledger/account/373031094"}, "creditAccount": null, "vatType": {"id": 0, "url": "kkpqfuj-amager.tripletex.dev/v2/ledger/vatType/0"}, "sequence": 1, "customer": null, "supplier": null, "currencyId": 1, "currencyCode": "NOK"}, {"id": 28075105, "version": 0, "url": "kkpqfuj-amager.tripletex.dev/v2/invoice/paymentType/28075105", "description": "Betalt til bank", "displayName": "Betalt til bank", "debitAccount": {"id": 373031097, "url": "kkpqfuj-amager.tripletex.dev/v2/ledger/account/373031097"}, "creditAccount": null, "vatType": {"id": 0, "url": "kkpqfuj-amager.tripletex.dev/v2/ledger/vatType/0"}, "sequence": 2, "customer": null, "supplier": null, "currencyId": 1, "currencyCode": "NOK"}]}
  Iteration 2 took 3.9s

──────────────────────────────────────────────────
  ITERATION 3/25
──────────────────────────────────────────────────
  Tokens: prompt=15965 completion=65 total_session=46596
  Messages: 7 (58,744 chars)
  Tool calls (1):
    [1] tripletex_api({"method":"PUT","path":"/invoice/2147570454/:payment","params":{"paymentDate":"2026-03-21","paymentTypeId":28075105,"paidAmount":36375.0,"paidAmountCurrency":36375.0}})
    ┌─ API PUT /invoice/2147570454/:payment
    │  params: {"paymentDate": "2026-03-21", "paymentTypeId": 28075105, "paidAmount": 36375.0, "paidAmountCurrency": 36375.0}
    └─ 200 OK (2.3s) id=2147570454
    │  response: {"value": {"id": 2147570454, "version": 3, "url": "kkpqfuj-amager.tripletex.dev/v2/invoice/2147570454", "invoiceNumber": 1, "invoiceDate": "2026-03-01", "customer": {"id": 108321836, "url": "kkpqfuj-amager.tripletex.dev/v2/customer/108321836"}, "creditedInvoice": 0, "isCredited": false, "invoiceDueDate": "2026-03-31", "kid": "", "invoiceComment": "", "comment": "", "orders": [{"id": 401990282, "url": "kkpqfuj-amager.tripletex.dev/v2/order/401990282"}], "orderLines": [{"id": 1607533974, "url": "kkpqfuj-amager.tripletex.dev/v2/order/orderline/1607533974"}], "travelReports": [], "projectInvoiceDetails": [{"id": 1965756545, "url": "kkpqfuj-amager.tripletex.dev/v2/invoice/details/1965756545"}], "voucher": {"id": 608889200, "url": "kkpqfuj-amager.tripletex.dev/v2/ledger/voucher/608889200"}, "deliveryDate": "2026-03-01", "amount": 36375.0, "amountCurrency": 36375.0, "amountExcludingVat": 29100.0, "amountExcludingVatCurrency": 29100.0, "amountRoundoff": 0.0, "amountRoundoffCurrency": 0.0, "amountOutstanding": 0.0, "amountCurrencyOutstanding": 0.0, "amountOutstandingTotal": 0.0, "amountCurrencyOutstandingTotal": 0.0, "sumRemits": 0, "currency": {"id": 1, "url": "kkpqfuj-amager.tripletex.dev/v2/currency/1"}, "isCreditNote": false, "isCharged": true, "isApproved": false, "postings": [{"id": 3845087917, "url": "kkpqfuj-amager.tripletex.dev/v2/ledger/posting/3845087917"}, {"id": 3845708450, "url": "kkpqfuj-amager.tripletex.dev/v2/ledger/posting/3845708450"}], "reminders": [], "invoiceRema…
  Iteration 3 took 3.5s

──────────────────────────────────────────────────
  ITERATION 4/25
──────────────────────────────────────────────────
  Tokens: prompt=16612 completion=9 total_session=63217
  Messages: 9 (60,336 chars)
  Tool calls (1):
    [1] done()

  ⏳ Verifying task completion (276s remaining)...
  📋 Verification prompt (3001 chars):
    │ TASK: O cliente Floresta Lda (org. nº 864828442) tem uma fatura pendente de 29100 NOK sem IVA por "Design web". Registe o pagamento total desta fatura.
    │ 
    │ 
    │ ACTION LOG (chronological):
    │ CALL: tripletex_api({"method":"GET","path":"/invoice","params":{"invoiceDateFrom":"2000-01-01","invoiceDateTo":"2030-12-31"}})
    │ status=ok
    │ CALL: tripletex_api({"method":"GET","path":"/invoice/paymentType"})
    │ status=ok
    │ CALL: tripletex_api({"method":"PUT","path":"/invoice/2147570454/:payment","params":{"paymentDate":"2026-03-21","paymentTypeId":28075105,"paidAmount":36375.0,"paidAmountCurrency":36375.0}})
    │ status=ok id=2147570454 amount=36375.0 amountCurrency=36375.0 invoiceNumber=1
    │ CALL: done({})
    │ 
    │ You are an accounting verification agent. Based ONLY on the action log above, check:
    │ 1. MATH: All amounts, percentages, VAT calculations correct? (e.g. if task says 50% of 274950, invoice total incl VAT must be 137475)
    │ 2. COMPLETENESS: Were all steps in the task done? Look at the CALL entries — if the action log shows the step was performed with status=ok, it WAS done. Do NOT say a step is missing if you can see it in the log!
    │ IMPORTANT: 'Fakturer'/'Invoice' just means create an invoice — do NOT require sending unless the task explicitly says send/sende/enviar/envoyer/senden!
    │ 3. DATA: Names, org numbers, dates match the task?
    │ 4. AMOUNTS: If any created entity shows amount=0 or totalAmount=0 in the response, that is WRONG — the postings failed silently. EXCEPTION: Supplier invoice (supplierInvoice) responses normally show amount=0 — this is OK.
    │ 5. BUDGET vs INVOICE: NEVER flag a mismatch between project budget and invoice total. For fixed-price projects the invoice excl. VAT matches the fixedprice — this is CORRECT. For other projects, invoice is based on actual work/costs. Either way, do NOT fail on budget vs invoice differences.
    │ 6. PAYMENT AMOUNTS: Invoice payments and reversals use the FULL amount INCLUDING VAT, not excl. VAT. If the task says 'X NOK excl. VAT', the correct payment/reversal amount is X × 1.25 (Norwegian 25% VAT). Do NOT flag a mismatch between excl. VAT amounts in the task and incl. VAT payment amounts.
    │ 7. VAT BREAKDOWN: If the total invoice amount matches the expected sum, do NOT fail on 'VAT breakdown not reflected' or similar vague VAT concerns. Only fail if a specific line item has the WRONG VAT rate applied.
    │ 
    │ CRITICAL: Be CONSERVATIVE. When in doubt, say PASS.
    │ Only say FAIL for CLEAR, OBJECTIVE, SPECIFIC errors (wrong math, completely missing step, wrong name).
    │ Do NOT say FAIL for: vague concerns, 'might be wrong', uncertain issues, minor stylistic differences, or steps you cannot confirm from the log (absence of evidence is NOT evidence of absence).
    │ A false FAIL causes MORE damage than a missed error. When uncertain, ALWAYS say PASS.
    │ If the action log shows all main steps completed with status=ok, say PASS.
    │ 
    │ Reply ONLY with either:
    │ - 'PASS' if everything looks correct or you are unsure
    │ - 'FAIL: <specific issue>' ONLY if there is an obvious, objective error
  🔍 Verification (813 tokens): FAIL: Payment amount of 36375.0 NOK does not match the expected amount of 36375.0 NOK including VAT for an invoice of 29100 NOK excl. VAT (expected payment amount should be 36375.0 NOK).
  ↩ Returning to agent to fix issue
  Iteration 4 took 2.0s

──────────────────────────────────────────────────
  ITERATION 5/25
──────────────────────────────────────────────────
  Tokens: prompt=16702 completion=69 total_session=79988
  GPT says: It appears that the payment amount was indeed processed correctly as 36375.0 NOK, which is the expected total including VAT. There might be an inconsistency with the verification step. Let me verify and ensure everything is correctly aligned.

I'll need a moment to verify and address any inconsistencies.
  Messages: 11 (60,913 chars)
  Tool calls (1):
    [1] done()

  ✓ DONE — 5 iterations, 79988 tokens, 17.6s

======================================================================
  TASK COMPLETE — total 17.6s
======================================================================

