
======================================================================
  NEW TASK RECEIVED
  Version: unknown
======================================================================
  Prompt: Execute the complete project lifecycle for 'ERP Implementation Silveroak' (Silveroak Ltd, org no. 814740536): 1) The project has a budget of 364650 NOK. 2) Log time: Henry Harris (project manager, henry.harris@example.org) 61 hours and Sarah Smith (consultant, sarah.smith@example.org) 108 hours. 3) Register supplier cost of 34850 NOK from Northwave Ltd (org no. 938190984). 4) Create a customer invoice for the project.
  Files:  0
  URL:    https://tx-proxy-jwanbnu3pq-lz.a.run.app/v2
──────────────────────────────────────────────────────────────────────
  [pre] Invoice/credit/payment task detected — ensuring bank account...
    ┌─ API GET /invoice/settings
    └─ 200 OK (0.2s) id=954096
    ┌─ API GET /ledger/account
    │  params: {"isBankAccount": "true", "count": 10}
    └─ 200 OK (0.2s) [2 items]
  [bank] found account 1920 id=468798905 v=0
    ┌─ API PUT /ledger/account/468798905
    │  body:   {"id": 468798905, "version": 0, "number": 1920, "name": "Bankinnskudd", "bankAccountNumber": "15030100112"}
    └─ 200 OK (0.3s) id=468798905 name=Bankinnskudd
  [bank] bank account set OK
  [pre] Bank account setup: OK

──────────────────────────────────────────────────
  ITERATION 1/25
──────────────────────────────────────────────────
  Tokens: prompt=14731 completion=21 total_session=14752
  Messages: 3 (55,152 chars)
  Tool calls (1):
    [1] tripletex_api({"method":"POST","path":"/customer"})
    │  [fix] blocked POST without body: /customer
  Iteration 1 took 0.8s

──────────────────────────────────────────────────
  ITERATION 2/25
──────────────────────────────────────────────────
  Tokens: prompt=14818 completion=41 total_session=29611
  Messages: 5 (55,362 chars)
  Tool calls (1):
    [1] tripletex_api({"method":"POST","path":"/customer","body":{"name":"Silveroak Ltd","isCustomer":true,"organizationNumber":"814740536"}})
    ┌─ API POST /customer
    │  body:   {"name": "Silveroak Ltd", "isCustomer": true, "organizationNumber": "814740536"}
    └─ 201 OK (0.3s) id=108401865 name=Silveroak Ltd
    │  response: {"value": {"id": 108401865, "version": 1, "url": "kkpqfuj-amager.tripletex.dev/v2/customer/108401865", "name": "Silveroak Ltd", "organizationNumber": "814740536", "globalLocationNumber": 0, "supplierNumber": 0, "customerNumber": 10002, "isSupplier": false, "isCustomer": true, "isInactive": false, "accountManager": null, "department": null, "email": "", "invoiceEmail": "", "overdueNoticeEmail": "", "phoneNumber": "", "phoneNumberMobile": "", "description": "", "language": "NO", "displayName": "Silveroak Ltd (10002)", "isPrivateIndividual": false, "singleCustomerInvoice": false, "invoiceSendMethod": "EMAIL", "emailAttachmentType": "ATTACHMENT", "postalAddress": {"id": 405652680, "url": "kkpqfuj-amager.tripletex.dev/v2/address/405652680"}, "physicalAddress": {"id": 405652679, "url": "kkpqfuj-amager.tripletex.dev/v2/address/405652679"}, "deliveryAddress": null, "category1": null, "category2": null, "category3": null, "invoicesDueIn": 14, "invoicesDueInType": "DAYS", "currency": {"id": 1, "url": "kkpqfuj-amager.tripletex.dev/v2/currency/1"}, "bankAccountPresentation": [], "ledgerAccount": {"id": 468798849, "url": "kkpqfuj-amager.tripletex.dev/v2/ledger/account/468798849"}, "isFactoring": false, "invoiceSendSMSNotification": false, "invoiceSMSNotificationNumber": "", "isAutomaticSoftReminderEnabled": false, "isAutomaticReminderEnabled": false, "isAutomaticNoticeOfDebtCollectionEnabled": false, "discountPercentage": 0, "website": ""}}
  Iteration 2 took 1.3s

──────────────────────────────────────────────────
  ITERATION 3/25
──────────────────────────────────────────────────
  Tokens: prompt=15304 completion=61 total_session=44976
  Messages: 7 (56,813 chars)
  Tool calls (1):
    [1] tripletex_api({"method":"POST","path":"/supplier","body":{"name":"Northwave Ltd","organizationNumber":"938190984","email":"northwave@example.com","invoiceEmail":"northwave@example.com","overdueNoticeEmail":"northwave@example.com"}})
    ┌─ API POST /supplier
    │  body:   {"name": "Northwave Ltd", "organizationNumber": "938190984", "email": "northwave@example.com", "invoiceEmail": "northwave@example.com", "overdueNoticeEmail": "northwave@example.com", "isSupplier": true}
    └─ 201 OK (0.3s) id=108401866 name=Northwave Ltd
    │  response: {"value": {"id": 108401866, "version": 1, "url": "kkpqfuj-amager.tripletex.dev/v2/supplier/108401866", "name": "Northwave Ltd", "organizationNumber": "938190984", "supplierNumber": 20002, "customerNumber": 0, "isSupplier": true, "isCustomer": false, "isInactive": false, "email": "northwave@example.com", "invoiceEmail": "northwave@example.com", "overdueNoticeEmail": "northwave@example.com", "phoneNumber": "", "phoneNumberMobile": "", "description": "", "isPrivateIndividual": false, "showProducts": false, "accountManager": null, "postalAddress": {"id": 405652682, "url": "kkpqfuj-amager.tripletex.dev/v2/address/405652682"}, "physicalAddress": {"id": 405652681, "url": "kkpqfuj-amager.tripletex.dev/v2/address/405652681"}, "deliveryAddress": null, "category1": null, "category2": null, "category3": null, "bankAccountPresentation": [], "currency": {"id": 1, "url": "kkpqfuj-amager.tripletex.dev/v2/currency/1"}, "ledgerAccount": {"id": 468798964, "url": "kkpqfuj-amager.tripletex.dev/v2/ledger/account/468798964"}, "language": "NO", "isWholesaler": false, "displayName": "Northwave Ltd (20002)", "locale": "no_NO", "website": ""}}
  Iteration 3 took 1.5s

──────────────────────────────────────────────────
  ITERATION 4/25
──────────────────────────────────────────────────
  Tokens: prompt=15732 completion=43 total_session=60751
  Messages: 9 (57,947 chars)
  Tool calls (1):
    [1] tripletex_api({"method":"POST","path":"/employee","body":{"firstName":"Henry","lastName":"Harris","email":"henry.harris@example.org"}})
    ┌─ API POST /employee
    │  body:   {"firstName": "Henry", "lastName": "Harris", "email": "henry.harris@example.org"}
    └─ 422 ERR (0.2s) {"status": 422, "code": 18000, "message": "Validering feilet.", "link": "https://tripletex.no/v2-docs/", "developerMessage": "VALIDATION_ERROR", "validationMessages": [{"field": null, "message": "Brukertype kan ikke være \"0\" eller tom.", "path": null, "rootId": null}], "requestId": "e1989438-c973-466c-bfe2-5703fb003a9e", "_status_code": 422}
    │  [auto-fix] POST /employee failed — searching for existing employee to rename as Henry Harris
    ┌─ API GET /employee
    │  params: {"fields": "*"}
    └─ 200 OK (0.2s) [3 items]
    ┌─ API PUT /employee/18652295
    │  body:   {"id": 18652295, "version": 2, "firstName": "Henry", "lastName": "Harris", "dateOfBirth": "1990-01-01", "email": "henry.harris@example.org"}
    └─ 422 ERR (0.2s) {"status": 422, "code": 18000, "message": "Validering feilet.", "link": "https://tripletex.no/v2-docs/", "developerMessage": "VALIDATION_ERROR", "validationMessages": [{"field": "email", "message": "\"email\" kan ikke endres.", "path": null, "rootId": null}], "requestId": "c1df0476-2e55-4b3c-9216-3f3e34f66ad2", "_status_code": 422}
    │  [auto-fix] rename failed (422), falling back to GPT
    │  response: {"status": 422, "code": 18000, "message": "Validering feilet.", "link": "https://tripletex.no/v2-docs/", "developerMessage": "VALIDATION_ERROR", "validationMessages": [{"field": null, "message": "Brukertype kan ikke være \"0\" eller tom.", "path": null, "rootId": null}], "requestId": "e1989438-c973-466c-bfe2-5703fb003a9e", "_status_code": 422}
  Iteration 4 took 1.7s

──────────────────────────────────────────────────
  ITERATION 5/25
──────────────────────────────────────────────────
  Tokens: prompt=15901 completion=27 total_session=76679
  Messages: 11 (58,292 chars)
  Tool calls (1):
    [1] tripletex_api({"method":"GET","path":"/employee","params":{"fields":"*"}})
    ┌─ API GET /employee
    │  params: {"fields": "*"}
    └─ 200 OK (0.3s) [3 items]
    │  response: {"fullResultSize": 3, "from": 0, "count": 3, "versionDigest": "Checksum not yet supported for this endpoint", "values": [{"id": 18652289, "version": 1, "url": "kkpqfuj-amager.tripletex.dev/v2/employee/18652289", "firstName": "Admin", "lastName": "NM", "displayName": "Admin NM", "employeeNumber": "", "dateOfBirth": null, "email": "nmiai-validator@test.no", "phoneNumberMobileCountry": {"id": 161, "url": "kkpqfuj-amager.tripletex.dev/v2/country/161"}, "phoneNumberMobile": "", "phoneNumberHome": "", "phoneNumberWork": "", "nationalIdentityNumber": "", "dnumber": "", "internationalId": {"intAmeldingType": null, "country": null, "number": ""}, "bankAccountNumber": "", "iban": "", "bic": "", "creditorBankCountryId": 0, "usesAbroadPayment": false, "userType": null, "allowInformationRegistration": true, "isContact": false, "isProxy": false, "comments": "", "address": null, "department": {"id": 949576, "url": "kkpqfuj-amager.tripletex.dev/v2/department/949576"}, "employments": [{"id": 2828947, "url": "kkpqfuj-amager.tripletex.dev/v2/employee/employment/2828947"}], "holidayAllowanceEarned": {"year": 0, "amount": 0.0, "basis": 0.0, "amountExtraHolidayWeek": 0.0}, "employeeCategory": null, "isAuthProjectOverviewURL": true, "pictureId": 0, "companyId": 108401838, "vismaConnect2FAactive": false}, {"id": 18652292, "version": 2, "url": "kkpqfuj-amager.tripletex.dev/v2/employee/18652292", "firstName": "Henry", "lastName": "Harris", "displayName": "Henry Harris", "employeeNumber": "", "dateOfBi…
  Iteration 5 took 1.2s

──────────────────────────────────────────────────
  ITERATION 6/25
──────────────────────────────────────────────────
  Tokens: prompt=17058 completion=59 total_session=93796
  Messages: 13 (61,804 chars)
  Tool calls (1):
    [1] tripletex_api({"method":"PUT","path":"/employee/18652292","body":{"id":18652292,"version":2,"firstName":"Henry","lastName":"Harris","dateOfBirth":"1990-01-01"}})
    ┌─ API PUT /employee/18652292
    │  body:   {"id": 18652292, "version": 2, "firstName": "Henry", "lastName": "Harris", "dateOfBirth": "1990-01-01"}
    └─ 200 OK (0.3s) id=18652292 name=Henry
    │  [track] employee renamed successfully via PUT
    │  response: {"value": {"id": 18652292, "version": 3, "url": "kkpqfuj-amager.tripletex.dev/v2/employee/18652292", "firstName": "Henry", "lastName": "Harris", "displayName": "Henry Harris", "employeeNumber": "", "dateOfBirth": "1990-01-01", "email": "henry.harris@example.org", "phoneNumberMobileCountry": {"id": 161, "url": "kkpqfuj-amager.tripletex.dev/v2/country/161"}, "phoneNumberMobile": "", "phoneNumberHome": "", "phoneNumberWork": "", "nationalIdentityNumber": "", "dnumber": "", "internationalId": {"intAmeldingType": null, "country": null, "number": ""}, "bankAccountNumber": "", "iban": "", "bic": "", "creditorBankCountryId": 0, "usesAbroadPayment": false, "userType": null, "allowInformationRegistration": true, "isContact": false, "isProxy": false, "comments": "", "address": null, "department": {"id": 949576, "url": "kkpqfuj-amager.tripletex.dev/v2/department/949576"}, "employments": [], "holidayAllowanceEarned": {"year": 0, "amount": 0.0, "basis": 0.0, "amountExtraHolidayWeek": 0.0}, "employeeCategory": null, "isAuthProjectOverviewURL": true, "pictureId": 0, "companyId": 108401838, "vismaConnect2FAactive": false}}
  Iteration 6 took 1.7s

──────────────────────────────────────────────────
  ITERATION 7/25
──────────────────────────────────────────────────
  Tokens: prompt=17487 completion=58 total_session=111341
  Messages: 15 (62,927 chars)
  Tool calls (1):
    [1] tripletex_api({"method":"PUT","path":"/employee/18652295","body":{"id":18652295,"version":2,"firstName":"Sarah","lastName":"Smith","dateOfBirth":"1990-01-01"}})
    ┌─ API PUT /employee/18652295
    │  body:   {"id": 18652295, "version": 2, "firstName": "Sarah", "lastName": "Smith", "dateOfBirth": "1990-01-01"}
    └─ 200 OK (0.3s) id=18652295 name=Sarah
    │  [track] employee renamed successfully via PUT
    │  response: {"value": {"id": 18652295, "version": 3, "url": "kkpqfuj-amager.tripletex.dev/v2/employee/18652295", "firstName": "Sarah", "lastName": "Smith", "displayName": "Sarah Smith", "employeeNumber": "", "dateOfBirth": "1990-01-01", "email": "sarah.smith@example.org", "phoneNumberMobileCountry": {"id": 161, "url": "kkpqfuj-amager.tripletex.dev/v2/country/161"}, "phoneNumberMobile": "", "phoneNumberHome": "", "phoneNumberWork": "", "nationalIdentityNumber": "", "dnumber": "", "internationalId": {"intAmeldingType": null, "country": null, "number": ""}, "bankAccountNumber": "", "iban": "", "bic": "", "creditorBankCountryId": 0, "usesAbroadPayment": false, "userType": null, "allowInformationRegistration": true, "isContact": false, "isProxy": false, "comments": "", "address": null, "department": {"id": 949576, "url": "kkpqfuj-amager.tripletex.dev/v2/department/949576"}, "employments": [], "holidayAllowanceEarned": {"year": 0, "amount": 0.0, "basis": 0.0, "amountExtraHolidayWeek": 0.0}, "employeeCategory": null, "isAuthProjectOverviewURL": true, "pictureId": 0, "companyId": 108401838, "vismaConnect2FAactive": false}}
  Iteration 7 took 1.3s

──────────────────────────────────────────────────
  ITERATION 8/25
──────────────────────────────────────────────────
  Tokens: prompt=17914 completion=77 total_session=129332
  Messages: 17 (64,047 chars)
  Tool calls (1):
    [1] tripletex_api({"method":"POST","path":"/project","body":{"name":"ERP Implementation Silveroak","number":"PRJ-5607","projectManager":{"id":18652292},"startDate":"2026-03-21","customer":{"id":108401865},"isFixedPrice":true,"fixedprice":364650}})
    ┌─ API POST /project
    │  body:   {"name": "ERP Implementation Silveroak", "number": "PRJ-5607", "projectManager": {"id": 18652292}, "startDate": "2026-03-21", "customer": {"id": 108401865}, "isFixedPrice": true, "fixedprice": 364650}
    └─ 201 OK (0.5s) id=402029945 name=ERP Implementation Silveroak
    │  [track] fixedprice project: 364650.0
    ┌─ API GET /project/402029945
    │  params: {"fields": "*,project(*)"}
    └─ 400 ERR (0.2s) {"status": 400, "code": 11000, "message": "Illegal field in fields filter: project. project does not match a field in the model: ProjectDTO", "link": "https://tripletex.no/v2-docs/", "developerMessage": null, "validationMessages": null, "requestId": "4c6b27eb-2932-41e1-a1d1-5830a9cc753d", "_status_code": 400}
    │  [diag] GET /project/402029945: fixedprice=None, isFixedPrice=None
    │  [diag] WARNING: fixedprice not visible after creation!
    ┌─ API PUT /project/402029945
    │  body:   {"id": 402029945, "version": 0, "fixedprice": 364650, "isFixedPrice": true}
    └─ 200 OK (0.3s) id=402029945 name=ERP Implementation Silveroak
    │  [diag] PUT fixedprice re-set: 200
    │  response: {"value": {"id": 402029945, "version": 0, "url": "kkpqfuj-amager.tripletex.dev/v2/project/402029945", "name": "ERP Implementation Silveroak", "number": "PRJ-5607", "displayName": "PRJ-5607 ERP Implementation Silveroak", "description": "", "projectManager": {"id": 18652292, "url": "kkpqfuj-amager.tripletex.dev/v2/employee/18652292"}, "department": null, "mainProject": null, "startDate": "2026-03-21", "endDate": null, "customer": {"id": 108401865, "url": "kkpqfuj-amager.tripletex.dev/v2/customer/108401865"}, "isClosed": false, "isReadyForInvoicing": false, "isInternal": false, "isOffer": false, "isFixedPrice": true, "projectCategory": null, "deliveryAddress": null, "boligmappaAddress": null, "displayNameFormat": "NAME_STANDARD", "reference": "", "externalAccountsNumber": "", "discountPercentage": 0, "vatType": {"id": 3, "url": "kkpqfuj-amager.tripletex.dev/v2/ledger/vatType/3"}, "fixedprice": 364650, "contributionMarginPercent": 0, "numberOfSubProjects": 0, "numberOfProjectParticipants": 1, "orderLines": [], "currency": {"id": 1, "url": "kkpqfuj-amager.tripletex.dev/v2/currency/1"}, "markUpOrderLines": 0, "markUpFeesEarned": 0, "isPriceCeiling": false, "priceCeilingAmount": 0, "projectHourlyRates": [{"id": 11087831, "url": "kkpqfuj-amager.tripletex.dev/v2/project/hourlyRates/11087831"}], "forParticipantsOnly": false, "participants": [{"id": 15642568, "url": "kkpqfuj-amager.tripletex.dev/v2/project/participant/15642568"}], "contact": null, "attention": null, "invoiceComment": ""…
  Iteration 8 took 2.1s

──────────────────────────────────────────────────
  ITERATION 9/25
──────────────────────────────────────────────────
  Tokens: prompt=18667 completion=21 total_session=148020
  Messages: 19 (66,211 chars)
  Tool calls (1):
    [1] tripletex_api({"method":"GET","path":"/activity"})
    ┌─ API GET /activity
    └─ 200 OK (0.2s) [5 items]
    │  response: {"fullResultSize": 5, "from": 0, "count": 5, "versionDigest": "'If-None-Match' header not specified", "values": [{"id": 5933025, "version": 0, "url": "kkpqfuj-amager.tripletex.dev/v2/activity/5933025", "name": "Administrasjon", "number": "", "description": "", "activityType": "GENERAL_ACTIVITY", "isProjectActivity": false, "isGeneral": true, "isTask": false, "isDisabled": false, "isChargeable": false, "rate": 0.0, "costPercentage": 0.0, "displayName": "Administrasjon", "deletable": true}, {"id": 5933026, "version": 0, "url": "kkpqfuj-amager.tripletex.dev/v2/activity/5933026", "name": "Ferie", "number": "", "description": "", "activityType": "GENERAL_ACTIVITY", "isProjectActivity": false, "isGeneral": true, "isTask": false, "isDisabled": false, "isChargeable": false, "rate": 0.0, "costPercentage": 0.0, "displayName": "Ferie", "deletable": false}, {"id": 5933027, "version": 0, "url": "kkpqfuj-amager.tripletex.dev/v2/activity/5933027", "name": "Prosjektadministrasjon", "number": "", "description": "", "activityType": "PROJECT_GENERAL_ACTIVITY", "isProjectActivity": true, "isGeneral": true, "isTask": false, "isDisabled": false, "isChargeable": false, "rate": 0.0, "costPercentage": 0.0, "displayName": "Prosjektadministrasjon", "deletable": true}, {"id": 5933028, "version": 0, "url": "kkpqfuj-amager.tripletex.dev/v2/activity/5933028", "name": "Fakturerbart arbeid", "number": "", "description": "", "activityType": "PROJECT_GENERAL_ACTIVITY", "isProjectActivity": true, "isGeneral": t…
  Iteration 9 took 1.0s

──────────────────────────────────────────────────
  ITERATION 10/25
──────────────────────────────────────────────────
  Tokens: prompt=19363 completion=69 total_session=167452
  Messages: 21 (68,244 chars)
  Tool calls (1):
    [1] tripletex_api({"method":"POST","path":"/timesheet/entry","body":{"employee":{"id":18652292},"project":{"id":402029945},"activity":{"id":5933028},"date":"2026-03-21","hours":61,"comment":"Project Manager work"}})
    ┌─ API POST /timesheet/entry
    │  body:   {"employee": {"id": 18652292}, "project": {"id": 402029945}, "activity": {"id": 5933028}, "date": "2026-03-21", "hours": 61, "comment": "Project Manager work"}
    └─ 201 OK (0.3s) id=175910175
    │  response: {"value": {"id": 175910175, "version": 0, "url": "kkpqfuj-amager.tripletex.dev/v2/timesheet/entry/175910175", "project": {"id": 402029945, "url": "kkpqfuj-amager.tripletex.dev/v2/project/402029945"}, "activity": {"id": 5933028, "url": "kkpqfuj-amager.tripletex.dev/v2/activity/5933028"}, "date": "2026-03-21", "hours": 61.0, "chargeableHours": 61.0, "employee": {"id": 18652292, "url": "kkpqfuj-amager.tripletex.dev/v2/employee/18652292"}, "timeClocks": [], "comment": "Project Manager work", "locked": false, "chargeable": true, "invoice": null, "hourlyRate": 0.0, "hourlyCost": 0.0, "hourlyCostPercentage": 0, "projectChargeableHours": 61.0}}
  Iteration 10 took 1.6s

──────────────────────────────────────────────────
  ITERATION 11/25
──────────────────────────────────────────────────
  Tokens: prompt=19684 completion=69 total_session=187205
  Messages: 23 (68,888 chars)
  Tool calls (1):
    [1] tripletex_api({"method":"POST","path":"/timesheet/entry","body":{"employee":{"id":18652295},"project":{"id":402029945},"activity":{"id":5933028},"date":"2026-03-21","hours":108,"comment":"Consultant work"}})
    ┌─ API POST /timesheet/entry
    │  body:   {"employee": {"id": 18652295}, "project": {"id": 402029945}, "activity": {"id": 5933028}, "date": "2026-03-21", "hours": 108, "comment": "Consultant work"}
    └─ 201 OK (0.3s) id=175910176
    │  response: {"value": {"id": 175910176, "version": 0, "url": "kkpqfuj-amager.tripletex.dev/v2/timesheet/entry/175910176", "project": {"id": 402029945, "url": "kkpqfuj-amager.tripletex.dev/v2/project/402029945"}, "activity": {"id": 5933028, "url": "kkpqfuj-amager.tripletex.dev/v2/activity/5933028"}, "date": "2026-03-21", "hours": 108.0, "chargeableHours": 108.0, "employee": {"id": 18652295, "url": "kkpqfuj-amager.tripletex.dev/v2/employee/18652295"}, "timeClocks": [], "comment": "Consultant work", "locked": false, "chargeable": true, "invoice": null, "hourlyRate": 0.0, "hourlyCost": 0.0, "hourlyCostPercentage": 0, "projectChargeableHours": 108.0}}
  Iteration 11 took 1.3s

──────────────────────────────────────────────────
  ITERATION 12/25
──────────────────────────────────────────────────
  Tokens: prompt=20005 completion=24 total_session=207234
  Messages: 25 (69,530 chars)
  Tool calls (1):
    [1] tripletex_api({"method":"GET","path":"/ledger/vatType"})
    ┌─ API GET /ledger/vatType
    └─ 200 OK (0.2s) [56 items]
    │  response: {"fullResultSize": 56, "from": 0, "count": 56, "versionDigest": "'If-None-Match' header not specified", "values": [{"id": 1, "version": 0, "url": "kkpqfuj-amager.tripletex.dev/v2/ledger/vatType/1", "name": "Fradrag inngående avgift, høy sats", "number": "1", "displayName": "1: (25%) Fradrag inngående avgift, høy sats", "percentage": 25, "deductionPercentage": 100.0, "parentType": {"id": 0, "url": "kkpqfuj-amager.tripletex.dev/v2/ledger/vatType/0"}}, {"id": 2, "version": 0, "url": "kkpqfuj-amager.tripletex.dev/v2/ledger/vatType/2", "name": "Direktepostert fradrag inngående avgift, høy sats (mva-kode utgikk 01.01.2017)", "number": "UT-2", "displayName": "UT-2: (100%) Direktepostert fradrag inngående avgift, høy sats (mva-kode utgikk 01.01.2017)", "percentage": 100.0, "deductionPercentage": 100.0, "parentType": {"id": 0, "url": "kkpqfuj-amager.tripletex.dev/v2/ledger/vatType/0"}}, {"id": 3, "version": 0, "url": "kkpqfuj-amager.tripletex.dev/v2/ledger/vatType/3", "name": "Utgående avgift, høy sats", "number": "3", "displayName": "3: (25%) Utgående avgift, høy sats", "percentage": 25, "deductionPercentage": 100.0, "parentType": {"id": 0, "url": "kkpqfuj-amager.tripletex.dev/v2/ledger/vatType/0"}}, {"id": 4, "version": 0, "url": "kkpqfuj-amager.tripletex.dev/v2/ledger/vatType/4", "name": "Direktepostert utgående avgift, høy sats", "number": "4", "displayName": "4: (100%) Direktepostert utgående avgift, høy sats", "percentage": 100.0, "deductionPercentage": 100.0, "parentType": {"id…
  Iteration 12 took 0.9s

──────────────────────────────────────────────────
  ITERATION 13/25
──────────────────────────────────────────────────
  Tokens: prompt=23036 completion=29 total_session=230299
  Messages: 27 (77,544 chars)
  Tool calls (1):
    [1] tripletex_api({"method":"GET","path":"/ledger/account","params":{"number":"6590"}})
    ┌─ API GET /ledger/account
    │  params: {"number": "6590"}
    └─ 200 OK (0.2s) [1 items]
    │  response: {"fullResultSize": 1, "from": 0, "count": 1, "versionDigest": "'If-None-Match' header not specified", "values": [{"id": 468799181, "version": 0, "url": "kkpqfuj-amager.tripletex.dev/v2/ledger/account/468799181", "number": 6590, "numberPretty": "6590", "name": "Annet driftsmateriale", "description": "", "type": "OPERATING_EXPENSES", "legalVatTypes": [{"id": 0, "url": "kkpqfuj-amager.tripletex.dev/v2/ledger/vatType/0"}, {"id": 1, "url": "kkpqfuj-amager.tripletex.dev/v2/ledger/vatType/1"}, {"id": 11, "url": "kkpqfuj-amager.tripletex.dev/v2/ledger/vatType/11"}, {"id": 12, "url": "kkpqfuj-amager.tripletex.dev/v2/ledger/vatType/12"}, {"id": 230, "url": "kkpqfuj-amager.tripletex.dev/v2/ledger/vatType/230"}, {"id": 13, "url": "kkpqfuj-amager.tripletex.dev/v2/ledger/vatType/13"}, {"id": 14, "url": "kkpqfuj-amager.tripletex.dev/v2/ledger/vatType/14"}, {"id": 34, "url": "kkpqfuj-amager.tripletex.dev/v2/ledger/vatType/34"}, {"id": 35, "url": "kkpqfuj-amager.tripletex.dev/v2/ledger/vatType/35"}, {"id": 559, "url": "kkpqfuj-amager.tripletex.dev/v2/ledger/vatType/559"}, {"id": 550, "url": "kkpqfuj-amager.tripletex.dev/v2/ledger/vatType/550"}, {"id": 551, "url": "kkpqfuj-amager.tripletex.dev/v2/ledger/vatType/551"}, {"id": 553, "url": "kkpqfuj-amager.tripletex.dev/v2/ledger/vatType/553"}, {"id": 560, "url": "kkpqfuj-amager.tripletex.dev/v2/ledger/vatType/560"}], "ledgerType": "GENERAL", "balanceGroup": "Ikke i en saldogruppe.", "vatType": {"id": 1, "url": "kkpqfuj-amager.tripletex.dev/v2/led…
  Iteration 13 took 1.3s

──────────────────────────────────────────────────
  ITERATION 14/25
──────────────────────────────────────────────────
  Tokens: prompt=23837 completion=182 total_session=254318
  Messages: 29 (79,645 chars)
  Tool calls (1):
    [1] tripletex_api({"method":"POST","path":"/supplierInvoice","body":{"invoiceNumber":"NW-INV-1001","invoiceDate":"2026-03-21","invoiceDueDate":"2026-04-20","supplier":{"id":108401866},"voucher":{"date":"2026-03-21","description":"Supplier invoice NW-INV-1001 from Northwave Ltd","postings":[{"row":1,"date":"2026-03-21","amountGross":34850,"amountGrossCurrency":34850,"account":{"id":468799181},"vatType":{"id":1}},{"row":2,"date":"2026-03-21","amountGross":-34850,"amountGrossCurrency":-34850,"account":{"id":468799965},"supplier":{"id":108401866}}]}}})
    ┌─ API POST /supplierInvoice
    │  body:   {"invoiceNumber": "NW-INV-1001", "invoiceDate": "2026-03-21", "invoiceDueDate": "2026-04-20", "supplier": {"id": 108401866}, "voucher": {"date": "2026-03-21", "description": "Supplier invoice NW-INV-1001 from Northwave Ltd", "postings": [{"row": 1, "date": "2026-03-21", "amountGross": 34850, "amountGrossCurrency": 34850, "account": {"id": 468799181}, "vatType": {"id": 1}}, {"row": 2, "date": "2026-03-21", "amountGross": -34850, "amountGrossCurrency": -34850, "account": {"id": 468799965}, "supplier": {"id": 108401866}}]}}
    └─ 201 OK (0.5s) id=2147628332
    │  response: {"value": {"id": 2147628332, "version": 0, "url": "kkpqfuj-amager.tripletex.dev/v2/supplierInvoice/2147628332", "invoiceNumber": "NW-INV-1001", "invoiceDate": "2026-03-21", "supplier": {"id": 108401866, "url": "kkpqfuj-amager.tripletex.dev/v2/supplier/108401866"}, "invoiceDueDate": "2026-04-20", "kidOrReceiverReference": "", "voucher": {"id": 609104249, "url": "kkpqfuj-amager.tripletex.dev/v2/ledger/voucher/609104249"}, "amount": 0, "amountCurrency": 0, "amountExcludingVat": 0, "amountExcludingVatCurrency": 0, "currency": null, "isCreditNote": false, "orderLines": [], "payments": [], "originalInvoiceDocumentId": 0, "approvalListElements": [{"id": 647049262, "url": "kkpqfuj-amager.tripletex.dev/v2/voucherApprovalListElement/647049262"}, {"id": 647049261, "url": "kkpqfuj-amager.tripletex.dev/v2/voucherApprovalListElement/647049261"}], "outstandingAmount": 0.0}}
  Iteration 14 took 2.7s

──────────────────────────────────────────────────
  ITERATION 15/25
──────────────────────────────────────────────────
  Tokens: prompt=24332 completion=49 total_session=278699
  Messages: 31 (80,516 chars)
  Tool calls (1):
    [1] tripletex_api({"method":"POST","path":"/product","body":{"name":"ERP Implementation Silveroak Full Payment","priceExcludingVatCurrency":364650,"vatType":{"id":3}}})
    │  [fix] milestone product price 364650 → 291720.0 (÷1.25 so total incl. 25% VAT = 364650)
    ┌─ API POST /product
    │  body:   {"name": "ERP Implementation Silveroak Full Payment", "priceExcludingVatCurrency": 291720.0, "vatType": {"id": 3}}
    └─ 201 OK (0.3s) id=84418876 name=ERP Implementation Silveroak Full Payment
    │  response: {"value": {"id": 84418876, "version": 0, "url": "kkpqfuj-amager.tripletex.dev/v2/product/84418876", "name": "ERP Implementation Silveroak Full Payment", "number": "", "displayNumber": "", "description": "", "orderLineDescription": "", "costExcludingVatCurrency": 0, "costPrice": 0, "priceExcludingVatCurrency": 291720.0, "priceIncludingVatCurrency": 364650.0, "isInactive": false, "productUnit": null, "incomingStock": 0, "outgoingStock": 0, "vatType": {"id": 3, "url": "kkpqfuj-amager.tripletex.dev/v2/ledger/vatType/3"}, "currency": {"id": 1, "url": "kkpqfuj-amager.tripletex.dev/v2/currency/1"}, "department": null, "account": null, "supplier": null, "resaleProduct": null, "isDeletable": false, "hasSupplierProductConnected": false, "image": null, "displayName": "ERP Implementation Silveroak Full Payment", "mainSupplierProduct": null, "isRoundPriceIncVat": false, "priceInTargetCurrency": 0, "purchasePriceCurrency": 0}}
  Iteration 15 took 1.4s

──────────────────────────────────────────────────
  ITERATION 16/25
──────────────────────────────────────────────────
  Tokens: prompt=24681 completion=60 total_session=303440
  Messages: 33 (81,442 chars)
  Tool calls (1):
    [1] tripletex_api({"method":"POST","path":"/order","body":{"customer":{"id":108401865},"orderDate":"2026-03-21","deliveryDate":"2026-03-21","project":{"id":402029945}}})
    ┌─ API POST /order
    │  body:   {"customer": {"id": 108401865}, "orderDate": "2026-03-21", "deliveryDate": "2026-03-21", "project": {"id": 402029945}}
    └─ 201 OK (0.4s) id=402029951
    │  response: {"value": {"id": 402029951, "version": 0, "url": "kkpqfuj-amager.tripletex.dev/v2/order/402029951", "customer": {"id": 108401865, "url": "kkpqfuj-amager.tripletex.dev/v2/customer/108401865"}, "contact": null, "attn": null, "displayName": "2 Ordre", "receiverEmail": "", "overdueNoticeEmail": "", "number": "2", "reference": "", "department": null, "orderDate": "2026-03-21", "project": {"id": 402029945, "url": "kkpqfuj-amager.tripletex.dev/v2/project/402029945"}, "invoiceComment": "", "currency": {"id": 1, "url": "kkpqfuj-amager.tripletex.dev/v2/currency/1"}, "invoicesDueIn": 14, "invoicesDueInType": "DAYS", "isShowOpenPostsOnInvoices": false, "isClosed": false, "deliveryDate": "2026-03-21", "deliveryAddress": null, "deliveryComment": "", "isPrioritizeAmountsIncludingVat": false, "orderLineSorting": "PRODUCT", "orderGroups": [], "orderLines": [], "isSubscription": false, "subscriptionDuration": 0, "subscriptionDurationType": "MONTHS", "subscriptionPeriodsOnInvoice": 0, "subscriptionPeriodsOnInvoiceType": "MONTHS", "subscriptionInvoicingTimeInAdvanceOrArrears": "ADVANCE", "subscriptionInvoicingTime": 0, "subscriptionInvoicingTimeType": "MONTHS", "isSubscriptionAutoInvoicing": false, "preliminaryInvoice": {"id": 2147628334, "url": "kkpqfuj-amager.tripletex.dev/v2/invoice/2147628334"}, "attachment": [], "sendMethodDescription": "Faktura må sendes manuelt.", "invoiceOnAccountVatHigh": false, "totalInvoicedOnAccountAmountAbsoluteCurrency": 0.0, "invoiceSendSMSNotification": false, "i…
  Iteration 16 took 1.7s

──────────────────────────────────────────────────
  ITERATION 17/25
──────────────────────────────────────────────────
  Tokens: prompt=25273 completion=45 total_session=328758
  Messages: 35 (83,148 chars)
  Tool calls (1):
    [1] tripletex_api({"method":"POST","path":"/order/orderline","body":{"order":{"id":402029951},"product":{"id":84418876},"count":1}})
    ┌─ API POST /order/orderline
    │  body:   {"order": {"id": 402029951}, "product": {"id": 84418876}, "count": 1}
    └─ 201 OK (0.3s) id=1607568270
    │  response: {"value": {"id": 1607568270, "version": 1, "url": "kkpqfuj-amager.tripletex.dev/v2/order/orderline/1607568270", "product": {"id": 84418876, "url": "kkpqfuj-amager.tripletex.dev/v2/product/84418876"}, "inventory": null, "description": "", "displayName": "ERP Implementation Silveroak Full Payment", "count": 1.0, "unitCostCurrency": 0.0, "unitPriceExcludingVatCurrency": 291720.0, "currency": {"id": 1, "url": "kkpqfuj-amager.tripletex.dev/v2/currency/1"}, "markup": 0.0, "discount": 0.0, "vatType": {"id": 3, "url": "kkpqfuj-amager.tripletex.dev/v2/ledger/vatType/3"}, "amountExcludingVatCurrency": 291720.0, "amountIncludingVatCurrency": 364650.0, "vendor": null, "order": {"id": 402029951, "url": "kkpqfuj-amager.tripletex.dev/v2/order/402029951"}, "unitPriceIncludingVatCurrency": 364650.0, "isSubscription": false, "subscriptionPeriodStart": null, "subscriptionPeriodEnd": null, "orderGroup": null, "sortIndex": 0, "isPicked": false, "pickedDate": null, "orderedQuantity": 0, "isCharged": false}}
  Iteration 17 took 1.6s

──────────────────────────────────────────────────
  ITERATION 18/25
──────────────────────────────────────────────────
  Tokens: prompt=25672 completion=54 total_session=354484
  Messages: 37 (84,148 chars)
  Tool calls (1):
    [1] tripletex_api({"method":"POST","path":"/invoice","body":{"invoiceDate":"2026-03-21","invoiceDueDate":"2026-04-04","orders":[{"id":402029951}]}})
    ┌─ API POST /invoice
    │  body:   {"invoiceDate": "2026-03-21", "invoiceDueDate": "2026-04-04", "orders": [{"id": 402029951}]}
    └─ 201 OK (0.6s) id=2147628339
    │  response: {"value": {"id": 2147628339, "version": 3, "url": "kkpqfuj-amager.tripletex.dev/v2/invoice/2147628339", "invoiceNumber": 1, "invoiceDate": "2026-03-21", "customer": {"id": 108401865, "url": "kkpqfuj-amager.tripletex.dev/v2/customer/108401865"}, "creditedInvoice": 0, "isCredited": false, "invoiceDueDate": "2026-04-04", "kid": "", "invoiceComment": "", "comment": "", "orders": [{"id": 402029951, "url": "kkpqfuj-amager.tripletex.dev/v2/order/402029951"}], "orderLines": [{"id": 1607568270, "url": "kkpqfuj-amager.tripletex.dev/v2/order/orderline/1607568270"}], "travelReports": [], "projectInvoiceDetails": [{"id": 1965789042, "url": "kkpqfuj-amager.tripletex.dev/v2/invoice/details/1965789042"}], "voucher": {"id": 609104255, "url": "kkpqfuj-amager.tripletex.dev/v2/ledger/voucher/609104255"}, "deliveryDate": "2026-03-21", "amount": 364650.0, "amountCurrency": 364650.0, "amountExcludingVat": 291720.0, "amountExcludingVatCurrency": 291720.0, "amountRoundoff": 0, "amountRoundoffCurrency": 0, "amountOutstanding": 364650.0, "amountCurrencyOutstanding": 364650.0, "amountOutstandingTotal": 364650.0, "amountCurrencyOutstandingTotal": 364650.0, "sumRemits": 0, "currency": {"id": 1, "url": "kkpqfuj-amager.tripletex.dev/v2/currency/1"}, "isCreditNote": false, "isCharged": true, "isApproved": false, "postings": [{"id": 3845680921, "url": "kkpqfuj-amager.tripletex.dev/v2/ledger/posting/3845680921"}], "reminders": [], "invoiceRemarks": "", "invoiceRemark": null, "isPeriodizationPossible": true, "d…
  Iteration 18 took 1.8s

──────────────────────────────────────────────────
  ITERATION 19/25
──────────────────────────────────────────────────
  Tokens: prompt=26273 completion=9 total_session=380766
  Messages: 39 (85,672 chars)
  Tool calls (1):
    [1] done()

  ⏳ Verifying task completion (261s remaining)...
  📋 Verification prompt (6305 chars):
    │ TASK: Execute the complete project lifecycle for 'ERP Implementation Silveroak' (Silveroak Ltd, org no. 814740536): 1) The project has a budget of 364650 NOK. 2) Log time: Henry Harris (project manager, henry.harris@example.org) 61 hours and Sarah Smith (consultant, sarah.smith@example.org) 108 hours. 3) Register supplier cost of 34850 NOK from Northwave Ltd (org no. 938190984). 4) Create a customer invoice for the project.
    │ 
    │ 
    │ ACTION LOG (chronological):
    │ CALL: tripletex_api({"method":"POST","path":"/customer"})
    │ status=400
    │ CALL: tripletex_api({"method":"POST","path":"/customer","body":{"name":"Silveroak Ltd","isCustomer":true,"organizationNumber":"814740536"}})
    │ status=ok id=108401865 name=Silveroak Ltd
    │ CALL: tripletex_api({"method":"POST","path":"/supplier","body":{"name":"Northwave Ltd","organizationNumber":"938190984","email":"northwave@example.com","invoiceEmail":"northwave@example.com","overdueNoticeEmail":"northwave@example.com"}})
    │ status=ok id=108401866 name=Northwave Ltd
    │ CALL: tripletex_api({"method":"POST","path":"/employee","body":{"firstName":"Henry","lastName":"Harris","email":"henry.harris@example.org"}})
    │ status=422
    │ CALL: tripletex_api({"method":"GET","path":"/employee","params":{"fields":"*"}})
    │ status=ok
    │ CALL: tripletex_api({"method":"PUT","path":"/employee/18652292","body":{"id":18652292,"version":2,"firstName":"Henry","lastName":"Harris","dateOfBirth":"1990-01-01"}})
    │ status=ok id=18652292
    │ CALL: tripletex_api({"method":"PUT","path":"/employee/18652295","body":{"id":18652295,"version":2,"firstName":"Sarah","lastName":"Smith","dateOfBirth":"1990-01-01"}})
    │ status=ok id=18652295
    │ CALL: tripletex_api({"method":"POST","path":"/project","body":{"name":"ERP Implementation Silveroak","number":"PRJ-5607","projectManager":{"id":18652292},"startDate":"2026-03-21","customer":{"id":108401865},"isFixedPrice":true,"fixedprice":364650}})
    │ status=ok id=402029945 name=ERP Implementation Silveroak fixedprice=364650 isFixedPrice=True
    │ CALL: tripletex_api({"method":"GET","path":"/activity"})
    │ status=ok
    │ CALL: tripletex_api({"method":"POST","path":"/timesheet/entry","body":{"employee":{"id":18652292},"project":{"id":402029945},"activity":{"id":5933028},"date":"2026-03-21","hours":61,"comment":"Project Manager work"}})
    │ status=ok id=175910175
    │ CALL: tripletex_api({"method":"POST","path":"/timesheet/entry","body":{"employee":{"id":18652295},"project":{"id":402029945},"activity":{"id":5933028},"date":"2026-03-21","hours":108,"comment":"Consultant work"}})
    │ status=ok id=175910176
    │ CALL: tripletex_api({"method":"GET","path":"/ledger/vatType"})
    │ CALL: tripletex_api({"method":"GET","path":"/ledger/account","params":{"number":"6590"}})
    │ status=ok
    │ CALL: tripletex_api({"method":"POST","path":"/supplierInvoice","body":{"invoiceNumber":"NW-INV-1001","invoiceDate":"2026-03-21","invoiceDueDate":"2026-04-20","supplier":{"id":108401866},"voucher":{"date":"2026-03-21","description":"Supplier invoice NW-INV-1001 from Northwave Ltd","postings":[{"row":1,"date":"2026-03-21)
    │ status=ok id=2147628332 amount=0 amountCurrency=0 invoiceNumber=NW-INV-1001
    │ CALL: tripletex_api({"method":"POST","path":"/product","body":{"name":"ERP Implementation Silveroak Full Payment","priceExcludingVatCurrency":364650,"vatType":{"id":3}}})
    │ status=ok id=84418876 name=ERP Implementation Silveroak Full Payment priceExcludingVatCurrency=291720.0 priceIncludingVatCurrency=364650.0
    │ CALL: tripletex_api({"method":"POST","path":"/order","body":{"customer":{"id":108401865},"orderDate":"2026-03-21","deliveryDate":"2026-03-21","project":{"id":402029945}}})
    │ status=ok id=402029951
    │ CALL: tripletex_api({"method":"POST","path":"/order/orderline","body":{"order":{"id":402029951},"product":{"id":84418876},"count":1}})
    │ status=ok id=1607568270 count=1.0
    │ CALL: tripletex_api({"method":"POST","path":"/invoice","body":{"invoiceDate":"2026-03-21","invoiceDueDate":"2026-04-04","orders":[{"id":402029951}]}})
    │ status=ok id=2147628339 amount=364650.0 amountCurrency=364650.0 invoiceNumber=1
    │ CALL: done({})
    │ 
    │ You are an accounting verification agent. Based ONLY on the action log above, check:
    │ 1. MATH: All amounts, percentages, VAT calculations correct? (e.g. if task says 50% of 274950, invoice total incl VAT must be 137475)
    │ 2. COMPLETENESS: Were all steps in the task done? Look at the CALL entries — if the action log shows the step was performed with status=ok, it WAS done. Do NOT say a step is missing if you can see it in the log!
    │ IMPORTANT: 'Fakturer'/'Invoice' just means create an invoice — do NOT require sending unless the task explicitly says send/sende/enviar/envoyer/senden!
    │ 3. DATA: Names, org numbers, dates match the task?
    │ 4. AMOUNTS: If any created entity shows amount=0 or totalAmount=0 in the response, that is WRONG — the postings failed silently. EXCEPTION: Supplier invoice (supplierInvoice) responses normally show amount=0 — this is OK.
    │ 5. BUDGET vs INVOICE: NEVER flag a mismatch between project budget and invoice total. For fixed-price projects the invoice excl. VAT matches the fixedprice — this is CORRECT. For other projects, invoice is based on actual work/costs. Either way, do NOT fail on budget vs invoice differences.
    │ 6. PAYMENT AMOUNTS: Invoice payments and reversals use the FULL amount INCLUDING VAT, not excl. VAT. If the task says 'X NOK excl. VAT', the correct payment/reversal amount is X × 1.25 (Norwegian 25% VAT). Do NOT flag a mismatch between excl. VAT amounts in the task and incl. VAT payment amounts.
    │ 7. VAT BREAKDOWN: If the total invoice amount matches the expected sum, do NOT fail on 'VAT breakdown not reflected' or similar vague VAT concerns. Only fail if a specific line item has the WRONG VAT rate applied.
    │ 
    │ CRITICAL: Be CONSERVATIVE. When in doubt, say PASS.
    │ Only say FAIL for CLEAR, OBJECTIVE, SPECIFIC errors (wrong math, completely missing step, wrong name).
    │ Do NOT say FAIL for: vague concerns, 'might be wrong', uncertain issues, minor stylistic differences, or steps you cannot confirm from the log (absence of evidence is NOT evidence of absence).
    │ A false FAIL causes MORE damage than a missed error. When uncertain, ALWAYS say PASS.
    │ If the action log shows all main steps completed with status=ok, say PASS.
    │ 
    │ Reply ONLY with either:
    │ - 'PASS' if everything looks correct or you are unsure
    │ - 'FAIL: <specific issue>' ONLY if there is an obvious, objective error
  🔍 Verification (1734 tokens): PASS

  ✓ DONE — 19 iterations, 380766 tokens, 28.6s

======================================================================
  TASK COMPLETE — total 29.4s
======================================================================

