
======================================================================
  NEW TASK RECEIVED
  Version: unknown
======================================================================
  Prompt: Créez et envoyez une facture au client Prairie SARL (nº org. 818016662) de 7200 NOK hors TVA. La facture concerne Rapport d'analyse.
  Files:  0
  URL:    https://tx-proxy-jwanbnu3pq-lz.a.run.app/v2
──────────────────────────────────────────────────────────────────────
  [pre] Invoice/credit/payment task detected — ensuring bank account...
    ┌─ API GET /invoice/settings
    └─ 200 OK (0.4s) id=977858
    ┌─ API GET /ledger/account
    │  params: {"isBankAccount": "true", "count": 10}
    └─ 200 OK (0.4s) [2 items]
  [bank] found account 1920 id=481328291 v=0
    ┌─ API PUT /ledger/account/481328291
    │  body:   {"id": 481328291, "version": 0, "number": 1920, "name": "Bankinnskudd", "bankAccountNumber": "15030100112"}
    └─ 200 OK (0.4s) id=481328291 name=Bankinnskudd
  [bank] bank account set OK
  [pre] Bank account setup: OK

──────────────────────────────────────────────────
  ITERATION 1/25
──────────────────────────────────────────────────
  Tokens: prompt=16881 completion=21 total_session=16902
  Messages: 3 (63,361 chars)
  Tool calls (1):
    [1] tripletex_api({"method":"POST","path":"/customer"})
    │  [fix] blocked POST without body: /customer
  Iteration 1 took 2.1s

──────────────────────────────────────────────────
  ITERATION 2/25
──────────────────────────────────────────────────
  Tokens: prompt=16968 completion=42 total_session=33912
  Messages: 5 (63,571 chars)
  Tool calls (1):
    [1] tripletex_api({"method":"POST","path":"/customer","body":{"name":"Prairie SARL","isCustomer":true,"organizationNumber":"818016662"}})
    ┌─ API POST /customer
    │  body:   {"name": "Prairie SARL", "isCustomer": true, "organizationNumber": "818016662"}
    └─ 201 OK (0.4s) id=108477670 name=Prairie SARL
    │  response: {"value": {"id": 108477670, "version": 1, "url": "kkpqfuj-amager.tripletex.dev/v2/customer/108477670", "name": "Prairie SARL", "organizationNumber": "818016662", "globalLocationNumber": 0, "supplierNumber": 0, "customerNumber": 10002, "isSupplier": false, "isCustomer": true, "isInactive": false, "accountManager": null, "department": null, "email": "", "invoiceEmail": "", "overdueNoticeEmail": "", "phoneNumber": "", "phoneNumberMobile": "", "description": "", "language": "NO", "displayName": "Prairie SARL (10002)", "isPrivateIndividual": false, "singleCustomerInvoice": false, "invoiceSendMethod": "EMAIL", "emailAttachmentType": "ATTACHMENT", "postalAddress": {"id": 405802309, "url": "kkpqfuj-amager.tripletex.dev/v2/address/405802309"}, "physicalAddress": {"id": 405802308, "url": "kkpqfuj-amager.tripletex.dev/v2/address/405802308"}, "deliveryAddress": null, "category1": null, "category2": null, "category3": null, "invoicesDueIn": 14, "invoicesDueInType": "DAYS", "currency": {"id": 1, "url": "kkpqfuj-amager.tripletex.dev/v2/currency/1"}, "bankAccountPresentation": [], "ledgerAccount": {"id": 481328235, "url": "kkpqfuj-amager.tripletex.dev/v2/ledger/account/481328235"}, "isFactoring": false, "invoiceSendSMSNotification": false, "invoiceSMSNotificationNumber": "", "isAutomaticSoftReminderEnabled": false, "isAutomaticReminderEnabled": false, "isAutomaticNoticeOfDebtCollectionEnabled": false, "discountPercentage": 0, "website": ""}}
  Iteration 2 took 1.4s

──────────────────────────────────────────────────
  ITERATION 3/25
──────────────────────────────────────────────────
  Tokens: prompt=17457 completion=21 total_session=51390
  Messages: 7 (65,020 chars)
  Tool calls (1):
    [1] tripletex_api({"method":"GET","path":"/product"})
    ┌─ API GET /product
    └─ 200 OK (0.3s) [0 items]
    │  response: {"fullResultSize": 0, "from": 0, "count": 0, "versionDigest": "'If-None-Match' header not specified", "values": []}
  Iteration 3 took 1.0s

──────────────────────────────────────────────────
  ITERATION 4/25
──────────────────────────────────────────────────
  Tokens: prompt=17528 completion=24 total_session=68942
  Messages: 9 (65,135 chars)
  Tool calls (1):
    [1] tripletex_api({"method":"GET","path":"/ledger/vatType"})
    ┌─ API GET /ledger/vatType
    └─ 200 OK (0.3s) [56 items]
    │  [trim] condensed 56 items → key fields (10092 chars)
    │  response: {"fullResultSize": 56, "from": 0, "count": 56, "versionDigest": "'If-None-Match' header not specified", "values": [{"number": "1", "displayName": "1: (25%) Fradrag inngående avgift, høy sats", "id": 1, "version": 0, "name": "Fradrag inngående avgift, høy sats"}, {"number": "UT-2", "displayName": "UT-2: (100%) Direktepostert fradrag inngående avgift, høy sats (mva-kode utgikk 01.01.2017)", "id": 2, "version": 0, "name": "Direktepostert fradrag inngående avgift, høy sats (mva-kode utgikk 01.01.2017)"}, {"number": "3", "displayName": "3: (25%) Utgående avgift, høy sats", "id": 3, "version": 0, "name": "Utgående avgift, høy sats"}, {"number": "4", "displayName": "4: (100%) Direktepostert utgående avgift, høy sats", "id": 4, "version": 0, "name": "Direktepostert utgående avgift, høy sats"}, {"number": "5", "displayName": "5: (0%) Ingen utgående avgift (innenfor mva-loven)", "id": 5, "version": 0, "name": "Ingen utgående avgift (innenfor mva-loven)"}, {"number": "6", "displayName": "6: (0%) Ingen utgående avgift (utenfor mva-loven)", "id": 6, "version": 0, "name": "Ingen utgående avgift (utenfor mva-loven)"}, {"number": "7", "displayName": "7: (0%) Ingen avgiftsbehandling (inntekter)", "id": 7, "version": 0, "name": "Ingen avgiftsbehandling (inntekter)"}, {"number": "11", "displayName": "11: (15%) Fradrag inngående avgift, middels sats", "id": 11, "version": 0, "name": "Fradrag inngående avgift, middels sats"}, {"number": "13", "displayName": "13: (12%) Fradrag inngående avgift, la…
  Iteration 4 took 1.0s

──────────────────────────────────────────────────
  ITERATION 5/25
──────────────────────────────────────────────────
  Tokens: prompt=20473 completion=47 total_session=89462
  Messages: 11 (73,149 chars)
  Tool calls (1):
    [1] tripletex_api({"method":"POST","path":"/product","body":{"name":"Rapport d'analyse","priceExcludingVatCurrency":7200,"vatType":{"id":3}}})
    ┌─ API POST /product
    │  body:   {"name": "Rapport d'analyse", "priceExcludingVatCurrency": 7200, "vatType": {"id": 3}}
    └─ 201 OK (0.4s) id=84426127 name=Rapport d'analyse
    │  response: {"value": {"id": 84426127, "version": 0, "url": "kkpqfuj-amager.tripletex.dev/v2/product/84426127", "name": "Rapport d'analyse", "number": "", "displayNumber": "", "description": "", "orderLineDescription": "", "costExcludingVatCurrency": 0, "costPrice": 0, "priceExcludingVatCurrency": 7200, "priceIncludingVatCurrency": 9000.0, "isInactive": false, "productUnit": null, "incomingStock": 0, "outgoingStock": 0, "vatType": {"id": 3, "url": "kkpqfuj-amager.tripletex.dev/v2/ledger/vatType/3"}, "currency": {"id": 1, "url": "kkpqfuj-amager.tripletex.dev/v2/currency/1"}, "department": null, "account": null, "supplier": null, "resaleProduct": null, "isDeletable": false, "hasSupplierProductConnected": false, "image": null, "displayName": "Rapport d'analyse", "mainSupplierProduct": null, "isRoundPriceIncVat": false, "priceInTargetCurrency": 0, "purchasePriceCurrency": 0}}
  Iteration 5 took 1.5s

──────────────────────────────────────────────────
  ITERATION 6/25
──────────────────────────────────────────────────
  Tokens: prompt=20814 completion=51 total_session=110327
  Messages: 13 (74,021 chars)
  Tool calls (1):
    [1] tripletex_api({"method":"POST","path":"/order","body":{"customer":{"id":108477670},"orderDate":"2026-03-22","deliveryDate":"2026-03-22"}})
    ┌─ API POST /order
    │  body:   {"customer": {"id": 108477670}, "orderDate": "2026-03-22", "deliveryDate": "2026-03-22"}
    └─ 201 OK (0.4s) id=402050749
    │  response: {"value": {"id": 402050749, "version": 0, "url": "kkpqfuj-amager.tripletex.dev/v2/order/402050749", "customer": {"id": 108477670, "url": "kkpqfuj-amager.tripletex.dev/v2/customer/108477670"}, "contact": null, "attn": null, "displayName": "1 Ordre", "receiverEmail": "", "overdueNoticeEmail": "", "number": "1", "reference": "", "department": null, "orderDate": "2026-03-22", "project": null, "invoiceComment": "", "currency": {"id": 1, "url": "kkpqfuj-amager.tripletex.dev/v2/currency/1"}, "invoicesDueIn": 14, "invoicesDueInType": "DAYS", "isShowOpenPostsOnInvoices": false, "isClosed": false, "deliveryDate": "2026-03-22", "deliveryAddress": null, "deliveryComment": "", "isPrioritizeAmountsIncludingVat": false, "orderLineSorting": "PRODUCT", "orderGroups": [], "orderLines": [], "isSubscription": false, "subscriptionDuration": 0, "subscriptionDurationType": "MONTHS", "subscriptionPeriodsOnInvoice": 0, "subscriptionPeriodsOnInvoiceType": "MONTHS", "subscriptionInvoicingTimeInAdvanceOrArrears": "ADVANCE", "subscriptionInvoicingTime": 0, "subscriptionInvoicingTimeType": "MONTHS", "isSubscriptionAutoInvoicing": false, "preliminaryInvoice": {"id": 2147657705, "url": "kkpqfuj-amager.tripletex.dev/v2/invoice/2147657705"}, "attachment": [], "sendMethodDescription": "Faktura må sendes manuelt.", "invoiceOnAccountVatHigh": false, "totalInvoicedOnAccountAmountAbsoluteCurrency": 0.0, "invoiceSendSMSNotification": false, "invoiceSMSNotificationNumber": "", "markUpOrderLines": 0, "discountPercent…
  Iteration 6 took 1.3s

──────────────────────────────────────────────────
  ITERATION 7/25
──────────────────────────────────────────────────
  Tokens: prompt=21370 completion=45 total_session=131742
  Messages: 15 (75,653 chars)
  Tool calls (1):
    [1] tripletex_api({"method":"POST","path":"/order/orderline","body":{"order":{"id":402050749},"product":{"id":84426127},"count":1}})
    ┌─ API POST /order/orderline
    │  body:   {"order": {"id": 402050749}, "product": {"id": 84426127}, "count": 1}
    └─ 201 OK (0.4s) id=1607587522
    │  response: {"value": {"id": 1607587522, "version": 1, "url": "kkpqfuj-amager.tripletex.dev/v2/order/orderline/1607587522", "product": {"id": 84426127, "url": "kkpqfuj-amager.tripletex.dev/v2/product/84426127"}, "inventory": null, "description": "", "displayName": "Rapport d'analyse", "count": 1.0, "unitCostCurrency": 0.0, "unitPriceExcludingVatCurrency": 7200.0, "currency": {"id": 1, "url": "kkpqfuj-amager.tripletex.dev/v2/currency/1"}, "markup": 0.0, "discount": 0.0, "vatType": {"id": 3, "url": "kkpqfuj-amager.tripletex.dev/v2/ledger/vatType/3"}, "amountExcludingVatCurrency": 7200.0, "amountIncludingVatCurrency": 9000.0, "vendor": null, "order": {"id": 402050749, "url": "kkpqfuj-amager.tripletex.dev/v2/order/402050749"}, "unitPriceIncludingVatCurrency": 9000.0, "isSubscription": false, "subscriptionPeriodStart": null, "subscriptionPeriodEnd": null, "orderGroup": null, "sortIndex": 0, "isPicked": false, "pickedDate": null, "orderedQuantity": 0, "isCharged": false}}
  Iteration 7 took 1.4s

──────────────────────────────────────────────────
  ITERATION 8/25
──────────────────────────────────────────────────
  Tokens: prompt=21767 completion=54 total_session=153563
  Messages: 17 (76,621 chars)
  Tool calls (1):
    [1] tripletex_api({"method":"POST","path":"/invoice","body":{"invoiceDate":"2026-03-22","invoiceDueDate":"2026-04-05","orders":[{"id":402050749}]}})
    ┌─ API POST /invoice
    │  body:   {"invoiceDate": "2026-03-22", "invoiceDueDate": "2026-04-05", "orders": [{"id": 402050749}]}
    └─ 201 OK (0.6s) id=2147657708
    │  response: {"value": {"id": 2147657708, "version": 3, "url": "kkpqfuj-amager.tripletex.dev/v2/invoice/2147657708", "invoiceNumber": 1, "invoiceDate": "2026-03-22", "customer": {"id": 108477670, "url": "kkpqfuj-amager.tripletex.dev/v2/customer/108477670"}, "creditedInvoice": 0, "isCredited": false, "invoiceDueDate": "2026-04-05", "kid": "", "invoiceComment": "", "comment": "", "orders": [{"id": 402050749, "url": "kkpqfuj-amager.tripletex.dev/v2/order/402050749"}], "orderLines": [{"id": 1607587522, "url": "kkpqfuj-amager.tripletex.dev/v2/order/orderline/1607587522"}], "travelReports": [], "projectInvoiceDetails": [{"id": 1965805867, "url": "kkpqfuj-amager.tripletex.dev/v2/invoice/details/1965805867"}], "voucher": {"id": 609238859, "url": "kkpqfuj-amager.tripletex.dev/v2/ledger/voucher/609238859"}, "deliveryDate": "2026-03-22", "amount": 9000.0, "amountCurrency": 9000.0, "amountExcludingVat": 7200.0, "amountExcludingVatCurrency": 7200.0, "amountRoundoff": 0, "amountRoundoffCurrency": 0, "amountOutstanding": 9000.0, "amountCurrencyOutstanding": 9000.0, "amountOutstandingTotal": 9000.0, "amountCurrencyOutstandingTotal": 9000.0, "sumRemits": 0, "currency": {"id": 1, "url": "kkpqfuj-amager.tripletex.dev/v2/currency/1"}, "isCreditNote": false, "isCharged": true, "isApproved": false, "postings": [{"id": 3846036626, "url": "kkpqfuj-amager.tripletex.dev/v2/ledger/posting/3846036626"}], "reminders": [], "invoiceRemarks": "", "invoiceRemark": null, "isPeriodizationPossible": true, "documentId": 1024…
  Iteration 8 took 1.6s

──────────────────────────────────────────────────
  ITERATION 9/25
──────────────────────────────────────────────────
  Tokens: prompt=22368 completion=35 total_session=175966
  Messages: 19 (78,129 chars)
  Tool calls (1):
    [1] tripletex_api({"method":"PUT","path":"/invoice/2147657708/:send","params":{"sendType":"EMAIL"}})
    ┌─ API PUT /invoice/2147657708/:send
    │  params: {"sendType": "EMAIL"}
    └─ 204 OK (0.5s)
    │  response: {"raw": ""}
  Iteration 9 took 1.4s

──────────────────────────────────────────────────
  ITERATION 10/25
──────────────────────────────────────────────────
  Tokens: prompt=22418 completion=9 total_session=198393
  Messages: 21 (78,140 chars)
  Tool calls (1):
    [1] done()

  ⏳ Verifying task completion (275s remaining)...
  📋 Verification prompt (3816 chars):
    │ TASK: Créez et envoyez une facture au client Prairie SARL (nº org. 818016662) de 7200 NOK hors TVA. La facture concerne Rapport d'analyse.
    │ 
    │ 
    │ ACTION LOG (chronological):
    │ CALL: tripletex_api({"method":"POST","path":"/customer"})
    │ status=400
    │ CALL: tripletex_api({"method":"POST","path":"/customer","body":{"name":"Prairie SARL","isCustomer":true,"organizationNumber":"818016662"}})
    │ status=ok id=108477670 name=Prairie SARL
    │ CALL: tripletex_api({"method":"GET","path":"/product"})
    │ status=ok
    │ CALL: tripletex_api({"method":"GET","path":"/ledger/vatType"})
    │ CALL: tripletex_api({"method":"POST","path":"/product","body":{"name":"Rapport d'analyse","priceExcludingVatCurrency":7200,"vatType":{"id":3}}})
    │ status=ok id=84426127 name=Rapport d'analyse priceExcludingVatCurrency=7200 priceIncludingVatCurrency=9000.0
    │ CALL: tripletex_api({"method":"POST","path":"/order","body":{"customer":{"id":108477670},"orderDate":"2026-03-22","deliveryDate":"2026-03-22"}})
    │ status=ok id=402050749
    │ CALL: tripletex_api({"method":"POST","path":"/order/orderline","body":{"order":{"id":402050749},"product":{"id":84426127},"count":1}})
    │ status=ok id=1607587522 count=1.0
    │ CALL: tripletex_api({"method":"POST","path":"/invoice","body":{"invoiceDate":"2026-03-22","invoiceDueDate":"2026-04-05","orders":[{"id":402050749}]}})
    │ status=ok id=2147657708 amount=9000.0 amountCurrency=9000.0 invoiceNumber=1
    │ CALL: tripletex_api({"method":"PUT","path":"/invoice/2147657708/:send","params":{"sendType":"EMAIL"}})
    │ status=ok
    │ CALL: done({})
    │ 
    │ You are an accounting verification agent. Based ONLY on the action log above, check:
    │ 1. MATH: All amounts, percentages, VAT calculations correct? (e.g. if task says 50% of 274950, invoice total incl VAT must be 137475)
    │ 2. COMPLETENESS: Were all steps in the task done? Look at the CALL entries — if the action log shows the step was performed with status=ok, it WAS done. Do NOT say a step is missing if you can see it in the log!
    │ IMPORTANT: 'Fakturer'/'Invoice' just means create an invoice — do NOT require sending unless the task explicitly says send/sende/enviar/envoyer/senden!
    │ 3. DATA: Names, org numbers, dates match the task?
    │ 4. AMOUNTS: If any created entity shows amount=0 or totalAmount=0 in the response, that is WRONG — the postings failed silently. EXCEPTION: Supplier invoice (supplierInvoice) responses normally show amount=0 — this is OK.
    │ 5. BUDGET vs INVOICE: NEVER flag a mismatch between project budget and invoice total. For fixed-price projects the invoice excl. VAT matches the fixedprice — this is CORRECT. For other projects, invoice is based on actual work/costs. Either way, do NOT fail on budget vs invoice differences.
    │ 6. PAYMENT AMOUNTS: Invoice payments and reversals use the FULL amount INCLUDING VAT, not excl. VAT. If the task says 'X NOK excl. VAT', the correct payment/reversal amount is X × 1.25 (Norwegian 25% VAT). Do NOT flag a mismatch between excl. VAT amounts in the task and incl. VAT payment amounts.
    │ 7. VAT BREAKDOWN: If the total invoice amount matches the expected sum, do NOT fail on 'VAT breakdown not reflected' or similar vague VAT concerns. Only fail if a specific line item has the WRONG VAT rate applied.
    │ 
    │ CRITICAL: Be CONSERVATIVE. When in doubt, say PASS.
    │ Only say FAIL for CLEAR, OBJECTIVE, SPECIFIC errors (wrong math, completely missing step, wrong name).
    │ Do NOT say FAIL for: vague concerns, 'might be wrong', uncertain issues, minor stylistic differences, or steps you cannot confirm from the log (absence of evidence is NOT evidence of absence).
    │ A false FAIL causes MORE damage than a missed error. When uncertain, ALWAYS say PASS.
    │ If the action log shows all main steps completed with status=ok, say PASS.
    │ 
    │ Reply ONLY with either:
    │ - 'PASS' if everything looks correct or you are unsure
    │ - 'FAIL: <specific issue>' ONLY if there is an obvious, objective error
  🔍 Verification (1013 tokens): PASS

  ✓ DONE — 10 iterations, 198393 tokens, 14.6s

======================================================================
  TASK COMPLETE — total 15.2s
======================================================================

