
======================================================================
  NEW TASK RECEIVED
  Version: unknown
======================================================================
  Prompt: Wir haben Fehler im Hauptbuch für Januar und Februar 2026 entdeckt. Überprüfen Sie alle Belege und finden Sie die 4 Fehler: eine Buchung auf das falsche Konto (Konto 6540 statt 6860, Betrag 3150 NOK), ein doppelter Beleg (Konto 6500, Betrag 1500 NOK), eine fehlende MwSt.-Zeile (Konto 6300, Betrag ohne MwSt. 22350 NOK, fehlende MwSt. auf Konto 2710), und ein falscher Betrag (Konto 6540, 11400 NOK gebucht statt 8550 NOK). Korrigieren Sie alle Fehler mit entsprechenden Korrekturbuchungen.
  Files:  0
  URL:    https://tx-proxy-jwanbnu3pq-lz.a.run.app/v2
──────────────────────────────────────────────────────────────────────

──────────────────────────────────────────────────
  ITERATION 1/25
──────────────────────────────────────────────────
  Tokens: prompt=14767 completion=180 total_session=14947
  GPT says: To handle the task, we need to check the ledger for entries that match the described errors. We'll need to find and correct:

1. A posting to the wrong account (6540 instead of 6860) of 3150 NOK.
2. A duplicate voucher on account 6500 with an amount of 1500 NOK.
3. A missing VAT line for an entry on account 6300, where the base amount is 22,350 NOK and the VAT line is missing on account 2710.
4. A wrong amount posted to account 6540 (11,400 NOK instead of the correct 8,550 NOK).

Let's start by 
  Messages: 3 (55,832 chars)
  Tool calls (1):
    [1] tripletex_api({"method":"GET","path":"/ledger/voucher?fields=*"})
    │  [fix] extracted query params from path: {'fields': '*'}
    ┌─ API GET /ledger/voucher
    │  params: {"fields": "*"}
    └─ 422 ERR (0.3s) {"status": 422, "code": 15000, "message": "Validation failed", "link": "https://tripletex.no/v2-docs/", "developerMessage": null, "validationMessages": [{"field": "dateFrom", "message": "Kan ikke være null.", "path": null, "rootId": null}, {"field": "dateTo", "message": "Kan ikke være null.", "path": null, "rootId": null}], "requestId": "4ad30baf-c422-4b2a-8d89-9bd4c62330b4", "_status_code": 422}
    │  response: {"status": 422, "code": 15000, "message": "Validation failed", "link": "https://tripletex.no/v2-docs/", "developerMessage": null, "validationMessages": [{"field": "dateFrom", "message": "Kan ikke være null.", "path": null, "rootId": null}, {"field": "dateTo", "message": "Kan ikke være null.", "path": null, "rootId": null}], "requestId": "4ad30baf-c422-4b2a-8d89-9bd4c62330b4", "_status_code": 422}
  Iteration 1 took 3.5s

──────────────────────────────────────────────────
  ITERATION 2/25
──────────────────────────────────────────────────
  Tokens: prompt=15097 completion=122 total_session=30166
  GPT says: To find the necessary vouchers, we'll need to specify a date range. Since the task is to correct errors for January and February 2026, let's retrieve vouchers posted within that time frame. We'll use `2026-01-01` to `2026-02-29` as the date range.

Let's retrieve the vouchers from this period and identify the erroneous entries.
  Messages: 5 (56,560 chars)
  Tool calls (1):
    [1] tripletex_api({"method":"GET","path":"/ledger/voucher?dateFrom=2026-01-01&dateTo=2026-02-29&fields=*"})
    │  [fix] extracted query params from path: {'dateFrom': '2026-01-01', 'dateTo': '2026-02-29', 'fields': '*'}
    ┌─ API GET /ledger/voucher
    │  params: {"dateFrom": "2026-01-01", "dateTo": "2026-02-29", "fields": "*"}
    └─ 200 OK (0.4s) [30 items]
    │  response: {"fullResultSize": 30, "from": 0, "count": 30, "versionDigest": "'If-None-Match' header not specified", "values": [{"id": 609091275, "version": 5, "url": "kkpqfuj-amager.tripletex.dev/v2/ledger/voucher/609091275", "date": "2026-01-05", "number": 1, "tempNumber": 0, "year": 2026, "description": "Kontorrekvisita", "voucherType": null, "reverseVoucher": null, "postings": [{"id": 3845646905, "url": "kkpqfuj-amager.tripletex.dev/v2/ledger/posting/3845646905"}, {"id": 3845646906, "url": "kkpqfuj-amager.tripletex.dev/v2/ledger/posting/3845646906"}], "document": null, "attachment": null, "externalVoucherNumber": "", "ediDocument": null, "supplierVoucherType": null, "wasAutoMatched": false, "vendorInvoiceNumber": null, "numberAsString": "1-2026"}, {"id": 609091294, "version": 5, "url": "kkpqfuj-amager.tripletex.dev/v2/ledger/voucher/609091294", "date": "2026-01-07", "number": 2, "tempNumber": 0, "year": 2026, "description": "Renhold kontor", "voucherType": null, "reverseVoucher": null, "postings": [{"id": 3845646956, "url": "kkpqfuj-amager.tripletex.dev/v2/ledger/posting/3845646956"}, {"id": 3845646957, "url": "kkpqfuj-amager.tripletex.dev/v2/ledger/posting/3845646957"}, {"id": 3845646958, "url": "kkpqfuj-amager.tripletex.dev/v2/ledger/posting/3845646958"}, {"id": 3845646961, "url": "kkpqfuj-amager.tripletex.dev/v2/ledger/posting/3845646961"}], "document": null, "attachment": null, "externalVoucherNumber": "", "ediDocument": null, "supplierVoucherType": null, "wasAutoMatched": false, …
  Iteration 2 took 2.5s

──────────────────────────────────────────────────
  ITERATION 3/25
──────────────────────────────────────────────────
  Tokens: prompt=18093 completion=167 total_session=48426
  GPT says: We've successfully retrieved the vouchers from January and February 2026. Now, let's review these vouchers to identify the ones that match the errors described:

1. **Wrong Account Posting:** Posting to account 6540 instead of 6860 for 3150 NOK.
2. **Duplicate Voucher:** A voucher on account 6500 with an amount of 1500 NOK.
3. **Missing VAT Line:** On account 6300, a base amount of 22,350 NOK without corresponding VAT on account 2710.
4. **Wrong Amount:** Posted on account 6540 as 11,400 NOK ins
  Messages: 7 (65,140 chars)
  Tool calls (1):
    [1] tripletex_api({"method":"GET","path":"/ledger/account?fields=*"})
    │  [fix] extracted query params from path: {'fields': '*'}
    ┌─ API GET /ledger/account
    │  params: {"fields": "*"}
    └─ 200 OK (1.2s) [530 items]
    │  response: {"fullResultSize": 530, "from": 0, "count": 530, "versionDigest": "'If-None-Match' header not specified", "values": [{"id": 467633749, "version": 0, "url": "kkpqfuj-amager.tripletex.dev/v2/ledger/account/467633749", "number": 1000, "numberPretty": "1000", "name": "Forskning og utvikling, ervervet", "description": "", "type": "ASSETS", "legalVatTypes": [{"id": 0, "url": "kkpqfuj-amager.tripletex.dev/v2/ledger/vatType/0"}, {"id": 1, "url": "kkpqfuj-amager.tripletex.dev/v2/ledger/vatType/1"}, {"id": 11, "url": "kkpqfuj-amager.tripletex.dev/v2/ledger/vatType/11"}, {"id": 12, "url": "kkpqfuj-amager.tripletex.dev/v2/ledger/vatType/12"}, {"id": 230, "url": "kkpqfuj-amager.tripletex.dev/v2/ledger/vatType/230"}, {"id": 13, "url": "kkpqfuj-amager.tripletex.dev/v2/ledger/vatType/13"}, {"id": 14, "url": "kkpqfuj-amager.tripletex.dev/v2/ledger/vatType/14"}, {"id": 34, "url": "kkpqfuj-amager.tripletex.dev/v2/ledger/vatType/34"}, {"id": 35, "url": "kkpqfuj-amager.tripletex.dev/v2/ledger/vatType/35"}, {"id": 559, "url": "kkpqfuj-amager.tripletex.dev/v2/ledger/vatType/559"}, {"id": 550, "url": "kkpqfuj-amager.tripletex.dev/v2/ledger/vatType/550"}, {"id": 551, "url": "kkpqfuj-amager.tripletex.dev/v2/ledger/vatType/551"}, {"id": 553, "url": "kkpqfuj-amager.tripletex.dev/v2/ledger/vatType/553"}, {"id": 560, "url": "kkpqfuj-amager.tripletex.dev/v2/ledger/vatType/560"}], "ledgerType": "GENERAL", "balanceGroup": "Ikke avskrivbart driftsmiddel", "vatType": {"id": 0, "url": "kkpqfuj-amager.tripletex.…
  Iteration 3 took 5.8s

──────────────────────────────────────────────────
  ITERATION 4/25
──────────────────────────────────────────────────
  Tokens: prompt=21194 completion=166 total_session=69786
  GPT says: We have retrieved the list of ledger accounts. Now, let's match each error to the corresponding ledger account ID and select the correct account for the needed corrections:

1. **Account 6540 and 6860** are associated with expenses such as postage and losses, respectively.
2. **Account 6500** could be typically used for office supplies or similar overhead expenses.
3. **Account 6300** is generally used for travel expenses.
4. **Account 2710** is used for VAT.

Next, I'll identify the errored pos
  Messages: 9 (73,803 chars)
  Tool calls (1):
    [1] tripletex_api({"method":"GET","path":"/ledger/voucher/609091275?fields=*"})
    │  [fix] extracted query params from path: {'fields': '*'}
    ┌─ API GET /ledger/voucher/609091275
    │  params: {"fields": "*"}
    └─ 200 OK (0.2s) id=609091275
    │  response: {"value": {"id": 609091275, "version": 5, "url": "kkpqfuj-amager.tripletex.dev/v2/ledger/voucher/609091275", "date": "2026-01-05", "number": 1, "tempNumber": 0, "year": 2026, "description": "Kontorrekvisita", "voucherType": null, "reverseVoucher": null, "postings": [{"id": 3845646905, "url": "kkpqfuj-amager.tripletex.dev/v2/ledger/posting/3845646905"}, {"id": 3845646906, "url": "kkpqfuj-amager.tripletex.dev/v2/ledger/posting/3845646906"}], "document": null, "attachment": null, "externalVoucherNumber": "", "ediDocument": null, "supplierVoucherType": null, "wasAutoMatched": false, "vendorInvoiceNumber": null, "numberAsString": "1-2026"}}
  Iteration 4 took 3.6s

──────────────────────────────────────────────────
  ITERATION 5/25
──────────────────────────────────────────────────
  Tokens: prompt=21597 completion=67 total_session=91450
  GPT says: We retrieved the details for voucher number 1 with the description "Kontorrekvisita". Now, let's examine the specific postings within this voucher to check for any errors.
  Messages: 11 (74,617 chars)
  Tool calls (1):
    [1] tripletex_api({"method":"GET","path":"/ledger/posting/3845646905?fields=*"})
    │  [fix] extracted query params from path: {'fields': '*'}
    ┌─ API GET /ledger/posting/3845646905
    │  params: {"fields": "*"}
    └─ 200 OK (0.2s) id=3845646905
    │  response: {"value": {"id": 3845646905, "version": 1, "url": "kkpqfuj-amager.tripletex.dev/v2/ledger/posting/3845646905", "voucher": {"id": 609091275, "url": "kkpqfuj-amager.tripletex.dev/v2/ledger/voucher/609091275"}, "date": "2026-01-05", "description": "Kontorrekvisita", "account": {"id": 467634137, "url": "kkpqfuj-amager.tripletex.dev/v2/ledger/account/467634137"}, "amortizationAccount": null, "amortizationStartDate": null, "amortizationEndDate": null, "customer": null, "supplier": null, "employee": null, "project": null, "product": null, "department": null, "vatType": {"id": 0, "url": "kkpqfuj-amager.tripletex.dev/v2/ledger/vatType/0"}, "amount": 800.0, "amountCurrency": 800.0, "amountGross": 800.0, "amountGrossCurrency": 800.0, "currency": {"id": 1, "url": "kkpqfuj-amager.tripletex.dev/v2/currency/1"}, "closeGroup": null, "invoiceNumber": "", "termOfPayment": null, "row": 1, "type": null, "externalRef": "", "systemGenerated": false, "taxTransactionType": "(Ikke valgt)", "taxTransactionTypeId": 0, "matched": false, "quantityAmount1": 0, "quantityType1": null, "quantityAmount2": 0, "quantityType2": null, "isVatReadonly": false, "isAmountVatClosed": false, "postingRuleId": 0, "freeAccountingDimension1": null, "freeAccountingDimension2": null, "freeAccountingDimension3": null, "asset": null}}
  Iteration 5 took 2.0s

──────────────────────────────────────────────────
  ITERATION 6/25
──────────────────────────────────────────────────
  Tokens: prompt=22115 completion=71 total_session=113636
  GPT says: The posting retrieved from voucher 1 has an amount of 800 NOK, which does not match any of the errors specified. Let's move on and check the next voucher to find the specific problematic cases.
  Messages: 13 (76,114 chars)
  Tool calls (1):
    [1] tripletex_api({"method":"GET","path":"/ledger/voucher/609091294?fields=*"})
    │  [fix] extracted query params from path: {'fields': '*'}
    ┌─ API GET /ledger/voucher/609091294
    │  params: {"fields": "*"}
    └─ 200 OK (0.2s) id=609091294
    │  response: {"value": {"id": 609091294, "version": 5, "url": "kkpqfuj-amager.tripletex.dev/v2/ledger/voucher/609091294", "date": "2026-01-07", "number": 2, "tempNumber": 0, "year": 2026, "description": "Renhold kontor", "voucherType": null, "reverseVoucher": null, "postings": [{"id": 3845646956, "url": "kkpqfuj-amager.tripletex.dev/v2/ledger/posting/3845646956"}, {"id": 3845646957, "url": "kkpqfuj-amager.tripletex.dev/v2/ledger/posting/3845646957"}, {"id": 3845646958, "url": "kkpqfuj-amager.tripletex.dev/v2/ledger/posting/3845646958"}, {"id": 3845646961, "url": "kkpqfuj-amager.tripletex.dev/v2/ledger/posting/3845646961"}], "document": null, "attachment": null, "externalVoucherNumber": "", "ediDocument": null, "supplierVoucherType": null, "wasAutoMatched": false, "vendorInvoiceNumber": null, "numberAsString": "2-2026"}}
  Iteration 6 took 2.2s

──────────────────────────────────────────────────
  ITERATION 7/25
──────────────────────────────────────────────────
  Tokens: prompt=22492 completion=67 total_session=136195
  GPT says: We obtained the details of voucher number 2 with the description "Renhold kontor" which contains four postings. Let's check these postings to identify any of the specified errors.
  Messages: 15 (77,111 chars)
  Tool calls (1):
    [1] tripletex_api({"method":"GET","path":"/ledger/posting/3845646956?fields=*"})
    │  [fix] extracted query params from path: {'fields': '*'}
    ┌─ API GET /ledger/posting/3845646956
    │  params: {"fields": "*"}
    └─ 200 OK (0.2s) id=3845646956
    │  response: {"value": {"id": 3845646956, "version": 1, "url": "kkpqfuj-amager.tripletex.dev/v2/ledger/posting/3845646956", "voucher": {"id": 609091294, "url": "kkpqfuj-amager.tripletex.dev/v2/ledger/voucher/609091294"}, "date": "2026-01-07", "description": "Renhold kontor", "account": {"id": 467634141, "url": "kkpqfuj-amager.tripletex.dev/v2/ledger/account/467634141"}, "amortizationAccount": null, "amortizationStartDate": null, "amortizationEndDate": null, "customer": null, "supplier": null, "employee": null, "project": null, "product": null, "department": null, "vatType": {"id": 1, "url": "kkpqfuj-amager.tripletex.dev/v2/ledger/vatType/1"}, "amount": 2400.0, "amountCurrency": 2400.0, "amountGross": 3000.0, "amountGrossCurrency": 3000.0, "currency": {"id": 1, "url": "kkpqfuj-amager.tripletex.dev/v2/currency/1"}, "closeGroup": null, "invoiceNumber": "", "termOfPayment": null, "row": 1, "type": null, "externalRef": "", "systemGenerated": false, "taxTransactionType": "(Ikke valgt)", "taxTransactionTypeId": 0, "matched": false, "quantityAmount1": 0, "quantityType1": null, "quantityAmount2": 0, "quantityType2": null, "isVatReadonly": false, "isAmountVatClosed": false, "postingRuleId": 0, "freeAccountingDimension1": null, "freeAccountingDimension2": null, "freeAccountingDimension3": null, "asset": null}}
  Iteration 7 took 2.4s

──────────────────────────────────────────────────
  ITERATION 8/25
──────────────────────────────────────────────────
  Tokens: prompt=23013 completion=76 total_session=159284
  GPT says: The first posting in voucher 2 is for 3000 NOK gross (2400 NOK net) but does not match the error amounts we are searching for. Let's check the remaining postings in this voucher for potential errors.
  Messages: 17 (78,617 chars)
  Tool calls (1):
    [1] tripletex_api({"method":"GET","path":"/ledger/posting/3845646957?fields=*"})
    │  [fix] extracted query params from path: {'fields': '*'}
    ┌─ API GET /ledger/posting/3845646957
    │  params: {"fields": "*"}
    └─ 200 OK (0.2s) id=3845646957
    │  response: {"value": {"id": 3845646957, "version": 1, "url": "kkpqfuj-amager.tripletex.dev/v2/ledger/posting/3845646957", "voucher": {"id": 609091294, "url": "kkpqfuj-amager.tripletex.dev/v2/ledger/voucher/609091294"}, "date": "2026-01-07", "description": "Renhold kontor", "account": {"id": 467633963, "url": "kkpqfuj-amager.tripletex.dev/v2/ledger/account/467633963"}, "amortizationAccount": null, "amortizationStartDate": null, "amortizationEndDate": null, "customer": null, "supplier": null, "employee": null, "project": null, "product": null, "department": null, "vatType": {"id": 0, "url": "kkpqfuj-amager.tripletex.dev/v2/ledger/vatType/0"}, "amount": 750.0, "amountCurrency": 750.0, "amountGross": 750.0, "amountGrossCurrency": 750.0, "currency": {"id": 1, "url": "kkpqfuj-amager.tripletex.dev/v2/currency/1"}, "closeGroup": null, "invoiceNumber": "", "termOfPayment": null, "row": 2, "type": null, "externalRef": "", "systemGenerated": false, "taxTransactionType": "(Ikke valgt)", "taxTransactionTypeId": 0, "matched": false, "quantityAmount1": 0, "quantityType1": null, "quantityAmount2": 0, "quantityType2": null, "isVatReadonly": true, "isAmountVatClosed": false, "postingRuleId": 0, "freeAccountingDimension1": null, "freeAccountingDimension2": null, "freeAccountingDimension3": null, "asset": null}}
  Iteration 8 took 2.2s

──────────────────────────────────────────────────
  ITERATION 9/25
──────────────────────────────────────────────────
  Tokens: prompt=23539 completion=76 total_session=182899
  GPT says: The second posting from voucher 2 is for 750 NOK and uses account 467633963. This does not match the error amounts or descriptions specified. Let's continue examining the other postings in the voucher to find errors.
  Messages: 19 (80,135 chars)
  Tool calls (1):
    [1] tripletex_api({"method":"GET","path":"/ledger/posting/3845646958?fields=*"})
    │  [fix] extracted query params from path: {'fields': '*'}
    ┌─ API GET /ledger/posting/3845646958
    │  params: {"fields": "*"}
    └─ 200 OK (0.2s) id=3845646958
    │  response: {"value": {"id": 3845646958, "version": 1, "url": "kkpqfuj-amager.tripletex.dev/v2/ledger/posting/3845646958", "voucher": {"id": 609091294, "url": "kkpqfuj-amager.tripletex.dev/v2/ledger/voucher/609091294"}, "date": "2026-01-07", "description": "Renhold kontor", "account": {"id": 467633941, "url": "kkpqfuj-amager.tripletex.dev/v2/ledger/account/467633941"}, "amortizationAccount": null, "amortizationStartDate": null, "amortizationEndDate": null, "customer": null, "supplier": {"id": 108395048, "url": "kkpqfuj-amager.tripletex.dev/v2/supplier/108395048"}, "employee": null, "project": null, "product": null, "department": null, "vatType": {"id": 0, "url": "kkpqfuj-amager.tripletex.dev/v2/ledger/vatType/0"}, "amount": -3750.0, "amountCurrency": -3750.0, "amountGross": -3750.0, "amountGrossCurrency": -3750.0, "currency": {"id": 1, "url": "kkpqfuj-amager.tripletex.dev/v2/currency/1"}, "closeGroup": null, "invoiceNumber": "", "termOfPayment": null, "row": 3, "type": null, "externalRef": "", "systemGenerated": false, "taxTransactionType": "(Ikke valgt)", "taxTransactionTypeId": 0, "matched": false, "quantityAmount1": 0, "quantityType1": null, "quantityAmount2": 0, "quantityType2": null, "isVatReadonly": true, "isAmountVatClosed": false, "postingRuleId": 0, "freeAccountingDimension1": null, "freeAccountingDimension2": null, "freeAccountingDimension3": null, "asset": null}}
  Iteration 9 took 2.4s

──────────────────────────────────────────────────
  ITERATION 10/25
──────────────────────────────────────────────────
  Tokens: prompt=24098 completion=74 total_session=207071
  GPT says: The third posting from voucher 2 has an amount of -3,750 NOK, which does not match the specified error amounts. I will check the last posting in this voucher to ensure we cover all possibilities.
  Messages: 21 (81,714 chars)
  Tool calls (1):
    [1] tripletex_api({"method":"GET","path":"/ledger/posting/3845646961?fields=*"})
    │  [fix] extracted query params from path: {'fields': '*'}
    ┌─ API GET /ledger/posting/3845646961
    │  params: {"fields": "*"}
    └─ 200 OK (0.2s) id=3845646961
    │  response: {"value": {"id": 3845646961, "version": 0, "url": "kkpqfuj-amager.tripletex.dev/v2/ledger/posting/3845646961", "voucher": {"id": 609091294, "url": "kkpqfuj-amager.tripletex.dev/v2/ledger/voucher/609091294"}, "date": "2026-01-07", "description": "Renhold kontor", "account": {"id": 467633963, "url": "kkpqfuj-amager.tripletex.dev/v2/ledger/account/467633963"}, "amortizationAccount": null, "amortizationStartDate": null, "amortizationEndDate": null, "customer": null, "supplier": null, "employee": null, "project": null, "product": null, "department": null, "vatType": {"id": 0, "url": "kkpqfuj-amager.tripletex.dev/v2/ledger/vatType/0"}, "amount": 600.0, "amountCurrency": 600.0, "amountGross": 600.0, "amountGrossCurrency": 600.0, "currency": {"id": 1, "url": "kkpqfuj-amager.tripletex.dev/v2/currency/1"}, "closeGroup": null, "invoiceNumber": "", "termOfPayment": null, "row": 0, "type": null, "externalRef": "", "systemGenerated": true, "taxTransactionType": "(Ikke valgt)", "taxTransactionTypeId": 0, "matched": false, "quantityAmount1": 0, "quantityType1": null, "quantityAmount2": 0, "quantityType2": null, "isVatReadonly": true, "isAmountVatClosed": false, "postingRuleId": 0, "freeAccountingDimension1": null, "freeAccountingDimension2": null, "freeAccountingDimension3": null, "asset": null}}
  Iteration 10 took 2.8s

──────────────────────────────────────────────────
  ITERATION 11/25
──────────────────────────────────────────────────
  Tokens: prompt=24622 completion=67 total_session=231760
  GPT says: The fourth posting in voucher 2 with amount 600 NOK also does not match the error we're looking for. I'll proceed to check the next voucher to find where the errors reside.
  Messages: 23 (83,187 chars)
  Tool calls (1):
    [1] tripletex_api({"method":"GET","path":"/ledger/voucher/609091313?fields=*"})
    │  [fix] extracted query params from path: {'fields': '*'}
    ┌─ API GET /ledger/voucher/609091313
    │  params: {"fields": "*"}
    └─ 200 OK (0.4s) id=609091313
    │  response: {"value": {"id": 609091313, "version": 5, "url": "kkpqfuj-amager.tripletex.dev/v2/ledger/voucher/609091313", "date": "2026-01-10", "number": 3, "tempNumber": 0, "year": 2026, "description": "Salgsinntekt", "voucherType": null, "reverseVoucher": null, "postings": [{"id": 3845647008, "url": "kkpqfuj-amager.tripletex.dev/v2/ledger/posting/3845647008"}, {"id": 3845647010, "url": "kkpqfuj-amager.tripletex.dev/v2/ledger/posting/3845647010"}, {"id": 3845647012, "url": "kkpqfuj-amager.tripletex.dev/v2/ledger/posting/3845647012"}, {"id": 3845647015, "url": "kkpqfuj-amager.tripletex.dev/v2/ledger/posting/3845647015"}], "document": null, "attachment": null, "externalVoucherNumber": "", "ediDocument": null, "supplierVoucherType": null, "wasAutoMatched": false, "vendorInvoiceNumber": null, "numberAsString": "3-2026"}}
  Iteration 11 took 2.1s

──────────────────────────────────────────────────
  ITERATION 12/25
──────────────────────────────────────────────────
  Tokens: prompt=24996 completion=30 total_session=256786
  Messages: 25 (84,003 chars)
  Tool calls (1):
    [1] tripletex_api({"method":"GET","path":"/ledger/voucher/609091320?fields=*"})
    │  [fix] extracted query params from path: {'fields': '*'}
    ┌─ API GET /ledger/voucher/609091320
    │  params: {"fields": "*"}
    └─ 200 OK (0.2s) id=609091320
    │  response: {"value": {"id": 609091320, "version": 5, "url": "kkpqfuj-amager.tripletex.dev/v2/ledger/voucher/609091320", "date": "2026-01-12", "number": 4, "tempNumber": 0, "year": 2026, "description": "Reisekostnad", "voucherType": null, "reverseVoucher": null, "postings": [{"id": 3845647029, "url": "kkpqfuj-amager.tripletex.dev/v2/ledger/posting/3845647029"}, {"id": 3845647030, "url": "kkpqfuj-amager.tripletex.dev/v2/ledger/posting/3845647030"}, {"id": 3845647033, "url": "kkpqfuj-amager.tripletex.dev/v2/ledger/posting/3845647033"}], "document": null, "attachment": null, "externalVoucherNumber": "", "ediDocument": null, "supplierVoucherType": null, "wasAutoMatched": false, "vendorInvoiceNumber": null, "numberAsString": "4-2026"}}
  Iteration 12 took 1.7s

──────────────────────────────────────────────────
  ITERATION 13/25
──────────────────────────────────────────────────
  Tokens: prompt=25294 completion=89 total_session=282169
  GPT says: We've retrieved the details for voucher number 4 titled "Reisekostnad", which includes three postings. Let's investigate these postings to see if any coincide with the ledger errors specified, especially looking for 6300, 6540, 6860, and mismatches in amounts.
  Messages: 27 (84,991 chars)
  Tool calls (1):
    [1] tripletex_api({"method":"GET","path":"/ledger/posting/3845647029?fields=*"})
    │  [fix] extracted query params from path: {'fields': '*'}
    ┌─ API GET /ledger/posting/3845647029
    │  params: {"fields": "*"}
    └─ 200 OK (0.2s) id=3845647029
    │  response: {"value": {"id": 3845647029, "version": 1, "url": "kkpqfuj-amager.tripletex.dev/v2/ledger/posting/3845647029", "voucher": {"id": 609091320, "url": "kkpqfuj-amager.tripletex.dev/v2/ledger/voucher/609091320"}, "date": "2026-01-12", "description": "Reisekostnad", "account": {"id": 467634185, "url": "kkpqfuj-amager.tripletex.dev/v2/ledger/account/467634185"}, "amortizationAccount": null, "amortizationStartDate": null, "amortizationEndDate": null, "customer": null, "supplier": null, "employee": null, "project": null, "product": null, "department": null, "vatType": {"id": 12, "url": "kkpqfuj-amager.tripletex.dev/v2/ledger/vatType/12"}, "amount": 2232.14, "amountCurrency": 2232.14, "amountGross": 2500.0, "amountGrossCurrency": 2500.0, "currency": {"id": 1, "url": "kkpqfuj-amager.tripletex.dev/v2/currency/1"}, "closeGroup": null, "invoiceNumber": "", "termOfPayment": null, "row": 1, "type": null, "externalRef": "", "systemGenerated": false, "taxTransactionType": "(Ikke valgt)", "taxTransactionTypeId": 0, "matched": false, "quantityAmount1": 0, "quantityType1": null, "quantityAmount2": 0, "quantityType2": null, "isVatReadonly": false, "isAmountVatClosed": false, "postingRuleId": 0, "freeAccountingDimension1": null, "freeAccountingDimension2": null, "freeAccountingDimension3": null, "asset": null}}
  Iteration 13 took 2.7s

──────────────────────────────────────────────────
  ITERATION 14/25
──────────────────────────────────────────────────
  Tokens: prompt=25837 completion=67 total_session=308073
  GPT says: The first posting is for 2500 NOK with an account different from the error description accounts. Let's check the next posting to see if it matches any of the specified errors.
  Messages: 29 (86,475 chars)
  Tool calls (1):
    [1] tripletex_api({"method":"GET","path":"/ledger/posting/3845647030?fields=*"})
    │  [fix] extracted query params from path: {'fields': '*'}
    ┌─ API GET /ledger/posting/3845647030
    │  params: {"fields": "*"}
    └─ 200 OK (0.2s) id=3845647030
    │  response: {"value": {"id": 3845647030, "version": 1, "url": "kkpqfuj-amager.tripletex.dev/v2/ledger/posting/3845647030", "voucher": {"id": 609091320, "url": "kkpqfuj-amager.tripletex.dev/v2/ledger/voucher/609091320"}, "date": "2026-01-12", "description": "Reisekostnad", "account": {"id": 467633882, "url": "kkpqfuj-amager.tripletex.dev/v2/ledger/account/467633882"}, "amortizationAccount": null, "amortizationStartDate": null, "amortizationEndDate": null, "customer": null, "supplier": null, "employee": null, "project": null, "product": null, "department": null, "vatType": {"id": 0, "url": "kkpqfuj-amager.tripletex.dev/v2/ledger/vatType/0"}, "amount": -2500.0, "amountCurrency": -2500.0, "amountGross": -2500.0, "amountGrossCurrency": -2500.0, "currency": {"id": 1, "url": "kkpqfuj-amager.tripletex.dev/v2/currency/1"}, "closeGroup": null, "invoiceNumber": "", "termOfPayment": null, "row": 2, "type": null, "externalRef": "", "systemGenerated": false, "taxTransactionType": "(Ikke valgt)", "taxTransactionTypeId": 0, "matched": false, "quantityAmount1": 0, "quantityType1": null, "quantityAmount2": 0, "quantityType2": null, "isVatReadonly": true, "isAmountVatClosed": false, "postingRuleId": 0, "freeAccountingDimension1": null, "freeAccountingDimension2": null, "freeAccountingDimension3": null, "asset": null}}
  Iteration 14 took 2.7s

──────────────────────────────────────────────────
  ITERATION 15/25
──────────────────────────────────────────────────
  Tokens: prompt=26358 completion=64 total_session=334495
  GPT says: The second posting is also on an account that doesn't match the specified issues. Since these postings haven't matched our errors, let's verify the last posting in this voucher.
  Messages: 31 (87,960 chars)
  Tool calls (1):
    [1] tripletex_api({"method":"GET","path":"/ledger/posting/3845647033?fields=*"})
    │  [fix] extracted query params from path: {'fields': '*'}
    ┌─ API GET /ledger/posting/3845647033
    │  params: {"fields": "*"}
    └─ 200 OK (0.2s) id=3845647033
    │  response: {"value": {"id": 3845647033, "version": 0, "url": "kkpqfuj-amager.tripletex.dev/v2/ledger/posting/3845647033", "voucher": {"id": 609091320, "url": "kkpqfuj-amager.tripletex.dev/v2/ledger/voucher/609091320"}, "date": "2026-01-12", "description": "Reisekostnad", "account": {"id": 467633965, "url": "kkpqfuj-amager.tripletex.dev/v2/ledger/account/467633965"}, "amortizationAccount": null, "amortizationStartDate": null, "amortizationEndDate": null, "customer": null, "supplier": null, "employee": null, "project": null, "product": null, "department": null, "vatType": {"id": 0, "url": "kkpqfuj-amager.tripletex.dev/v2/ledger/vatType/0"}, "amount": 267.86, "amountCurrency": 267.86, "amountGross": 267.86, "amountGrossCurrency": 267.86, "currency": {"id": 1, "url": "kkpqfuj-amager.tripletex.dev/v2/currency/1"}, "closeGroup": null, "invoiceNumber": "", "termOfPayment": null, "row": 0, "type": null, "externalRef": "", "systemGenerated": true, "taxTransactionType": "(Ikke valgt)", "taxTransactionTypeId": 0, "matched": false, "quantityAmount1": 0, "quantityType1": null, "quantityAmount2": 0, "quantityType2": null, "isVatReadonly": true, "isAmountVatClosed": false, "postingRuleId": 0, "freeAccountingDimension1": null, "freeAccountingDimension2": null, "freeAccountingDimension3": null, "asset": null}}
  Iteration 15 took 2.2s

──────────────────────────────────────────────────
  ITERATION 16/25
──────────────────────────────────────────────────
  Tokens: prompt=26872 completion=30 total_session=361397
  Messages: 33 (89,263 chars)
  Tool calls (1):
    [1] tripletex_api({"method":"GET","path":"/ledger/voucher/609091331?fields=*"})
    │  [fix] extracted query params from path: {'fields': '*'}
    ┌─ API GET /ledger/voucher/609091331
    │  params: {"fields": "*"}
    └─ 200 OK (0.4s) id=609091331
    │  response: {"value": {"id": 609091331, "version": 5, "url": "kkpqfuj-amager.tripletex.dev/v2/ledger/voucher/609091331", "date": "2026-01-14", "number": 5, "tempNumber": 0, "year": 2026, "description": "Strøm kontor", "voucherType": null, "reverseVoucher": null, "postings": [{"id": 3845647059, "url": "kkpqfuj-amager.tripletex.dev/v2/ledger/posting/3845647059"}, {"id": 3845647061, "url": "kkpqfuj-amager.tripletex.dev/v2/ledger/posting/3845647061"}, {"id": 3845647064, "url": "kkpqfuj-amager.tripletex.dev/v2/ledger/posting/3845647064"}, {"id": 3845647067, "url": "kkpqfuj-amager.tripletex.dev/v2/ledger/posting/3845647067"}], "document": null, "attachment": null, "externalVoucherNumber": "", "ediDocument": null, "supplierVoucherType": null, "wasAutoMatched": false, "vendorInvoiceNumber": null, "numberAsString": "5-2026"}}
  Iteration 16 took 1.5s

──────────────────────────────────────────────────
  ITERATION 17/25
──────────────────────────────────────────────────
  Tokens: prompt=27205 completion=75 total_session=388677
  GPT says: We have now loaded voucher number 5 ("Strøm kontor") which contains four postings. Let's check these postings to see if they match with the specified errors, especially those involving the wrong account or amount errors.
  Messages: 35 (90,299 chars)
  Tool calls (1):
    [1] tripletex_api({"method":"GET","path":"/ledger/posting/3845647059?fields=*"})
    │  [fix] extracted query params from path: {'fields': '*'}
    ┌─ API GET /ledger/posting/3845647059
    │  params: {"fields": "*"}
    └─ 200 OK (0.3s) id=3845647059
    │  response: {"value": {"id": 3845647059, "version": 1, "url": "kkpqfuj-amager.tripletex.dev/v2/ledger/posting/3845647059", "voucher": {"id": 609091331, "url": "kkpqfuj-amager.tripletex.dev/v2/ledger/voucher/609091331"}, "date": "2026-01-14", "description": "Strøm kontor", "account": {"id": 467634139, "url": "kkpqfuj-amager.tripletex.dev/v2/ledger/account/467634139"}, "amortizationAccount": null, "amortizationStartDate": null, "amortizationEndDate": null, "customer": null, "supplier": null, "employee": null, "project": null, "product": null, "department": null, "vatType": {"id": 1, "url": "kkpqfuj-amager.tripletex.dev/v2/ledger/vatType/1"}, "amount": 3200.0, "amountCurrency": 3200.0, "amountGross": 4000.0, "amountGrossCurrency": 4000.0, "currency": {"id": 1, "url": "kkpqfuj-amager.tripletex.dev/v2/currency/1"}, "closeGroup": null, "invoiceNumber": "", "termOfPayment": null, "row": 1, "type": null, "externalRef": "", "systemGenerated": false, "taxTransactionType": "(Ikke valgt)", "taxTransactionTypeId": 0, "matched": false, "quantityAmount1": 0, "quantityType1": null, "quantityAmount2": 0, "quantityType2": null, "isVatReadonly": false, "isAmountVatClosed": false, "postingRuleId": 0, "freeAccountingDimension1": null, "freeAccountingDimension2": null, "freeAccountingDimension3": null, "asset": null}}
  Iteration 17 took 2.4s

──────────────────────────────────────────────────
  ITERATION 18/25
──────────────────────────────────────────────────
  Tokens: prompt=27734 completion=72 total_session=416483
  GPT says: The first posting in voucher 5 is for 4,000 NOK gross and does not match the errors we are searching for. Let's continue checking the remaining postings in this voucher to find matching errors.
  Messages: 37 (91,797 chars)
  Tool calls (1):
    [1] tripletex_api({"method":"GET","path":"/ledger/posting/3845647061?fields=*"})
    │  [fix] extracted query params from path: {'fields': '*'}
    ┌─ API GET /ledger/posting/3845647061
    │  params: {"fields": "*"}
    └─ 200 OK (0.2s) id=3845647061
    │  response: {"value": {"id": 3845647061, "version": 1, "url": "kkpqfuj-amager.tripletex.dev/v2/ledger/posting/3845647061", "voucher": {"id": 609091331, "url": "kkpqfuj-amager.tripletex.dev/v2/ledger/voucher/609091331"}, "date": "2026-01-14", "description": "Strøm kontor", "account": {"id": 467633963, "url": "kkpqfuj-amager.tripletex.dev/v2/ledger/account/467633963"}, "amortizationAccount": null, "amortizationStartDate": null, "amortizationEndDate": null, "customer": null, "supplier": null, "employee": null, "project": null, "product": null, "department": null, "vatType": {"id": 0, "url": "kkpqfuj-amager.tripletex.dev/v2/ledger/vatType/0"}, "amount": 1000.0, "amountCurrency": 1000.0, "amountGross": 1000.0, "amountGrossCurrency": 1000.0, "currency": {"id": 1, "url": "kkpqfuj-amager.tripletex.dev/v2/currency/1"}, "closeGroup": null, "invoiceNumber": "", "termOfPayment": null, "row": 2, "type": null, "externalRef": "", "systemGenerated": false, "taxTransactionType": "(Ikke valgt)", "taxTransactionTypeId": 0, "matched": false, "quantityAmount1": 0, "quantityType1": null, "quantityAmount2": 0, "quantityType2": null, "isVatReadonly": true, "isAmountVatClosed": false, "postingRuleId": 0, "freeAccountingDimension1": null, "freeAccountingDimension2": null, "freeAccountingDimension3": null, "asset": null}}
  Iteration 18 took 2.6s

──────────────────────────────────────────────────
  ITERATION 19/25
──────────────────────────────────────────────────
  Tokens: prompt=28260 completion=69 total_session=444812
  GPT says: The second posting in voucher 5 is for 1,000 NOK. This does not match the error amounts or account issues we are looking for. Let's continue with the next posting.
  Messages: 39 (93,264 chars)
  Tool calls (1):
    [1] tripletex_api({"method":"GET","path":"/ledger/posting/3845647064?fields=*"})
    │  [fix] extracted query params from path: {'fields': '*'}
    ┌─ API GET /ledger/posting/3845647064
    │  params: {"fields": "*"}
    └─ 200 OK (0.3s) id=3845647064
    │  response: {"value": {"id": 3845647064, "version": 1, "url": "kkpqfuj-amager.tripletex.dev/v2/ledger/posting/3845647064", "voucher": {"id": 609091331, "url": "kkpqfuj-amager.tripletex.dev/v2/ledger/voucher/609091331"}, "date": "2026-01-14", "description": "Strøm kontor", "account": {"id": 467633941, "url": "kkpqfuj-amager.tripletex.dev/v2/ledger/account/467633941"}, "amortizationAccount": null, "amortizationStartDate": null, "amortizationEndDate": null, "customer": null, "supplier": {"id": 108395048, "url": "kkpqfuj-amager.tripletex.dev/v2/supplier/108395048"}, "employee": null, "project": null, "product": null, "department": null, "vatType": {"id": 0, "url": "kkpqfuj-amager.tripletex.dev/v2/ledger/vatType/0"}, "amount": -5000.0, "amountCurrency": -5000.0, "amountGross": -5000.0, "amountGrossCurrency": -5000.0, "currency": {"id": 1, "url": "kkpqfuj-amager.tripletex.dev/v2/currency/1"}, "closeGroup": null, "invoiceNumber": "", "termOfPayment": null, "row": 3, "type": null, "externalRef": "", "systemGenerated": false, "taxTransactionType": "(Ikke valgt)", "taxTransactionTypeId": 0, "matched": false, "quantityAmount1": 0, "quantityType1": null, "quantityAmount2": 0, "quantityType2": null, "isVatReadonly": true, "isAmountVatClosed": false, "postingRuleId": 0, "freeAccountingDimension1": null, "freeAccountingDimension2": null, "freeAccountingDimension3": null, "asset": null}}
  Iteration 19 took 2.4s

──────────────────────────────────────────────────
  ITERATION 20/25
──────────────────────────────────────────────────
  Tokens: prompt=28812 completion=72 total_session=473696
  GPT says: The third posting here is for -5,000 NOK, which does not align with the specified errors (no specific matching account or wrong amount identified). Let’s inspect the final posting in this voucher.
  Messages: 41 (94,842 chars)
  Tool calls (1):
    [1] tripletex_api({"method":"GET","path":"/ledger/posting/3845647067?fields=*"})
    │  [fix] extracted query params from path: {'fields': '*'}
    ┌─ API GET /ledger/posting/3845647067
    │  params: {"fields": "*"}
    └─ 200 OK (0.2s) id=3845647067
    │  response: {"value": {"id": 3845647067, "version": 0, "url": "kkpqfuj-amager.tripletex.dev/v2/ledger/posting/3845647067", "voucher": {"id": 609091331, "url": "kkpqfuj-amager.tripletex.dev/v2/ledger/voucher/609091331"}, "date": "2026-01-14", "description": "Strøm kontor", "account": {"id": 467633963, "url": "kkpqfuj-amager.tripletex.dev/v2/ledger/account/467633963"}, "amortizationAccount": null, "amortizationStartDate": null, "amortizationEndDate": null, "customer": null, "supplier": null, "employee": null, "project": null, "product": null, "department": null, "vatType": {"id": 0, "url": "kkpqfuj-amager.tripletex.dev/v2/ledger/vatType/0"}, "amount": 800.0, "amountCurrency": 800.0, "amountGross": 800.0, "amountGrossCurrency": 800.0, "currency": {"id": 1, "url": "kkpqfuj-amager.tripletex.dev/v2/currency/1"}, "closeGroup": null, "invoiceNumber": "", "termOfPayment": null, "row": 0, "type": null, "externalRef": "", "systemGenerated": true, "taxTransactionType": "(Ikke valgt)", "taxTransactionTypeId": 0, "matched": false, "quantityAmount1": 0, "quantityType1": null, "quantityAmount2": 0, "quantityType2": null, "isVatReadonly": true, "isAmountVatClosed": false, "postingRuleId": 0, "freeAccountingDimension1": null, "freeAccountingDimension2": null, "freeAccountingDimension3": null, "asset": null}}
  Iteration 20 took 2.7s

──────────────────────────────────────────────────
  ITERATION 21/25
──────────────────────────────────────────────────
  Tokens: prompt=29334 completion=30 total_session=503060
  Messages: 43 (96,141 chars)
  Tool calls (1):
    [1] tripletex_api({"method":"GET","path":"/ledger/voucher/609091343?fields=*"})
    │  [fix] extracted query params from path: {'fields': '*'}
    ┌─ API GET /ledger/voucher/609091343
    │  params: {"fields": "*"}
    └─ 200 OK (0.3s) id=609091343
    │  response: {"value": {"id": 609091343, "version": 5, "url": "kkpqfuj-amager.tripletex.dev/v2/ledger/voucher/609091343", "date": "2026-01-16", "number": 6, "tempNumber": 0, "year": 2026, "description": "Porto og frakt", "voucherType": null, "reverseVoucher": null, "postings": [{"id": 3845647091, "url": "kkpqfuj-amager.tripletex.dev/v2/ledger/posting/3845647091"}, {"id": 3845647094, "url": "kkpqfuj-amager.tripletex.dev/v2/ledger/posting/3845647094"}, {"id": 3845647095, "url": "kkpqfuj-amager.tripletex.dev/v2/ledger/posting/3845647095"}], "document": null, "attachment": null, "externalVoucherNumber": "", "ediDocument": null, "supplierVoucherType": null, "wasAutoMatched": false, "vendorInvoiceNumber": null, "numberAsString": "6-2026"}}
  Iteration 21 took 1.4s

──────────────────────────────────────────────────
  ITERATION 22/25
──────────────────────────────────────────────────
  Tokens: prompt=29633 completion=78 total_session=532771
  GPT says: We now have voucher number 6 titled "Porto og frakt" containing several postings. Let's examine these postings in detail to identify errors, focusing on the wrong accounts (6540 or 6860) or duplicate amounts.
  Messages: 45 (97,079 chars)
  Tool calls (1):
    [1] tripletex_api({"method":"GET","path":"/ledger/posting/3845647091?fields=*"})
    │  [fix] extracted query params from path: {'fields': '*'}
    ┌─ API GET /ledger/posting/3845647091
    │  params: {"fields": "*"}
    └─ 200 OK (0.3s) id=3845647091
    │  response: {"value": {"id": 3845647091, "version": 1, "url": "kkpqfuj-amager.tripletex.dev/v2/ledger/posting/3845647091", "voucher": {"id": 609091343, "url": "kkpqfuj-amager.tripletex.dev/v2/ledger/voucher/609091343"}, "date": "2026-01-16", "description": "Porto og frakt", "account": {"id": 467634191, "url": "kkpqfuj-amager.tripletex.dev/v2/ledger/account/467634191"}, "amortizationAccount": null, "amortizationStartDate": null, "amortizationEndDate": null, "customer": null, "supplier": null, "employee": null, "project": null, "product": null, "department": null, "vatType": {"id": 1, "url": "kkpqfuj-amager.tripletex.dev/v2/ledger/vatType/1"}, "amount": 960.0, "amountCurrency": 960.0, "amountGross": 1200.0, "amountGrossCurrency": 1200.0, "currency": {"id": 1, "url": "kkpqfuj-amager.tripletex.dev/v2/currency/1"}, "closeGroup": null, "invoiceNumber": "", "termOfPayment": null, "row": 1, "type": null, "externalRef": "", "systemGenerated": false, "taxTransactionType": "(Ikke valgt)", "taxTransactionTypeId": 0, "matched": false, "quantityAmount1": 0, "quantityType1": null, "quantityAmount2": 0, "quantityType2": null, "isVatReadonly": false, "isAmountVatClosed": false, "postingRuleId": 0, "freeAccountingDimension1": null, "freeAccountingDimension2": null, "freeAccountingDimension3": null, "asset": null}}
  Iteration 22 took 3.1s

──────────────────────────────────────────────────
  ITERATION 23/25
──────────────────────────────────────────────────
  Tokens: prompt=30164 completion=98 total_session=563033
  GPT says: This first posting in voucher 6 is for 1,200 NOK gross and does not match any of the errors. Let's check the next postings to identify further errors, specifically looking for postings on accounts 6540, 6860, 6500, or incorrect amounts like 3150 NOK or 1500 NOK.
  Messages: 47 (98,646 chars)
  Tool calls (1):
    [1] tripletex_api({"method":"GET","path":"/ledger/posting/3845647094?fields=*"})
    │  [fix] extracted query params from path: {'fields': '*'}
    ┌─ API GET /ledger/posting/3845647094
    │  params: {"fields": "*"}
    └─ 200 OK (0.3s) id=3845647094
    │  response: {"value": {"id": 3845647094, "version": 1, "url": "kkpqfuj-amager.tripletex.dev/v2/ledger/posting/3845647094", "voucher": {"id": 609091343, "url": "kkpqfuj-amager.tripletex.dev/v2/ledger/voucher/609091343"}, "date": "2026-01-16", "description": "Porto og frakt", "account": {"id": 467633882, "url": "kkpqfuj-amager.tripletex.dev/v2/ledger/account/467633882"}, "amortizationAccount": null, "amortizationStartDate": null, "amortizationEndDate": null, "customer": null, "supplier": null, "employee": null, "project": null, "product": null, "department": null, "vatType": {"id": 0, "url": "kkpqfuj-amager.tripletex.dev/v2/ledger/vatType/0"}, "amount": -1200.0, "amountCurrency": -1200.0, "amountGross": -1200.0, "amountGrossCurrency": -1200.0, "currency": {"id": 1, "url": "kkpqfuj-amager.tripletex.dev/v2/currency/1"}, "closeGroup": null, "invoiceNumber": "", "termOfPayment": null, "row": 2, "type": null, "externalRef": "", "systemGenerated": false, "taxTransactionType": "(Ikke valgt)", "taxTransactionTypeId": 0, "matched": false, "quantityAmount1": 0, "quantityType1": null, "quantityAmount2": 0, "quantityType2": null, "isVatReadonly": true, "isAmountVatClosed": false, "postingRuleId": 0, "freeAccountingDimension1": null, "freeAccountingDimension2": null, "freeAccountingDimension3": null, "asset": null}}
  Iteration 23 took 3.8s

──────────────────────────────────────────────────
  ITERATION 24/25
──────────────────────────────────────────────────
  Tokens: prompt=30717 completion=73 total_session=593823
  GPT says: The second posting in this voucher is negative for -1,200 NOK, an adjustment or offsetting entry, still not aligning with the errors mentioned. We have one more posting in this voucher to check.
  Messages: 49 (100,150 chars)
  Tool calls (1):
    [1] tripletex_api({"method":"GET","path":"/ledger/posting/3845647095?fields=*"})
    │  [fix] extracted query params from path: {'fields': '*'}
    ┌─ API GET /ledger/posting/3845647095
    │  params: {"fields": "*"}
    └─ 200 OK (0.2s) id=3845647095
    │  response: {"value": {"id": 3845647095, "version": 0, "url": "kkpqfuj-amager.tripletex.dev/v2/ledger/posting/3845647095", "voucher": {"id": 609091343, "url": "kkpqfuj-amager.tripletex.dev/v2/ledger/voucher/609091343"}, "date": "2026-01-16", "description": "Porto og frakt", "account": {"id": 467633963, "url": "kkpqfuj-amager.tripletex.dev/v2/ledger/account/467633963"}, "amortizationAccount": null, "amortizationStartDate": null, "amortizationEndDate": null, "customer": null, "supplier": null, "employee": null, "project": null, "product": null, "department": null, "vatType": {"id": 0, "url": "kkpqfuj-amager.tripletex.dev/v2/ledger/vatType/0"}, "amount": 240.0, "amountCurrency": 240.0, "amountGross": 240.0, "amountGrossCurrency": 240.0, "currency": {"id": 1, "url": "kkpqfuj-amager.tripletex.dev/v2/currency/1"}, "closeGroup": null, "invoiceNumber": "", "termOfPayment": null, "row": 0, "type": null, "externalRef": "", "systemGenerated": true, "taxTransactionType": "(Ikke valgt)", "taxTransactionTypeId": 0, "matched": false, "quantityAmount1": 0, "quantityType1": null, "quantityAmount2": 0, "quantityType2": null, "isVatReadonly": true, "isAmountVatClosed": false, "postingRuleId": 0, "freeAccountingDimension1": null, "freeAccountingDimension2": null, "freeAccountingDimension3": null, "asset": null}}
  Iteration 24 took 2.9s

──────────────────────────────────────────────────
  ITERATION 25/25
──────────────────────────────────────────────────
  Tokens: prompt=31241 completion=151 total_session=625215
  GPT says: The final posting of voucher 6 is only 240 NOK. Having reviewed several vouchers, I have not yet identified postings in accounts 6540 (for mistakes) or 6500 (for duplicates).

- Let us take another approach by looking directly for any account that precisely aligns with mistakes: like 3150 NOK for wrong accounts, 1500 NOK for duplicates, a posting of 22,350 NOK related to VAT, or a clear mismatch of an actual incorrect amount either recorded on 6540 meant for 6860.
  
I'll carry on exploring the 
  Messages: 51 (101,984 chars)
  Tool calls (1):
    [1] tripletex_api({"method":"GET","path":"/ledger/voucher/609091356?fields=*"})
    │  [fix] extracted query params from path: {'fields': '*'}
    ┌─ API GET /ledger/voucher/609091356
    │  params: {"fields": "*"}
    └─ 200 OK (0.3s) id=609091356
    │  response: {"value": {"id": 609091356, "version": 5, "url": "kkpqfuj-amager.tripletex.dev/v2/ledger/voucher/609091356", "date": "2026-01-18", "number": 7, "tempNumber": 0, "year": 2026, "description": "IT-tjenester", "voucherType": null, "reverseVoucher": null, "postings": [{"id": 3845647123, "url": "kkpqfuj-amager.tripletex.dev/v2/ledger/posting/3845647123"}, {"id": 3845647125, "url": "kkpqfuj-amager.tripletex.dev/v2/ledger/posting/3845647125"}, {"id": 3845647126, "url": "kkpqfuj-amager.tripletex.dev/v2/ledger/posting/3845647126"}, {"id": 3845647131, "url": "kkpqfuj-amager.tripletex.dev/v2/ledger/posting/3845647131"}], "document": null, "attachment": null, "externalVoucherNumber": "", "ediDocument": null, "supplierVoucherType": null, "wasAutoMatched": false, "vendorInvoiceNumber": null, "numberAsString": "7-2026"}}
  Iteration 25 took 3.4s

  ⚠ Max iterations reached. Elapsed: 66.8s, Tokens: 625215

======================================================================
  TASK COMPLETE — total 66.8s
======================================================================

