
======================================================================
  NEW TASK RECEIVED
  Version: 8ce6ae1
======================================================================
  Prompt: Opprett og send ein faktura til kunden Fjelltopp AS (org.nr 845696993) på 38150 kr eksklusiv MVA. Fakturaen gjeld Programvarelisens.
  Files:  0
  URL:    https://tx-proxy-jwanbnu3pq-lz.a.run.app/v2
──────────────────────────────────────────────────────────────────────
  [pre] Invoice/credit/payment task detected — ensuring bank account...
    ┌─ API GET /invoice/settings
    └─ 200 OK (1.0s) id=1016801
    ┌─ API GET /ledger/account
    │  params: {"isBankAccount": "true", "count": 10}
    └─ 200 OK (1.2s) [2 items]
  [bank] found account 1920 id=501765368 v=0
    ┌─ API PUT /ledger/account/501765368
    │  body:   {"id": 501765368, "version": 0, "number": 1920, "name": "Bankinnskudd", "bankAccountNumber": "15030100112"}
  [github] Log pushed: 20260322_115610_4547_payment_ok_15iter_lun_de_vos.log (attempt 1)
    └─ 200 OK (1.5s) id=501765368 name=Bankinnskudd
  [bank] bank account set OK
  [pre] Bank account setup: OK
  [pre] Pre-scans completed in 3.8s

──────────────────────────────────────────────────
  ITERATION 1/25
──────────────────────────────────────────────────
  Tokens: prompt=20093 completion=21 total_session=20114
  Messages: 3 (74,927 chars)
  Tool calls (1):
    [1] tripletex_api({"method":"GET","path":"/product"})
    ┌─ API GET /product
    └─ 200 OK (2.1s) [0 items]
    │  response: {"fullResultSize": 0, "from": 0, "count": 0, "versionDigest": "'If-None-Match' header not specified", "values": []}
  Iteration 1 took 2.8s

──────────────────────────────────────────────────
  ITERATION 2/25
──────────────────────────────────────────────────
  Tokens: prompt=20164 completion=24 total_session=40302
  Messages: 5 (75,042 chars)
  Tool calls (1):
    [1] tripletex_api({"method":"GET","path":"/ledger/vatType"})
    ┌─ API GET /ledger/vatType
    └─ 200 OK (1.5s) [56 items]
    │  [trim] condensed 56 items → key fields (10092 chars)
    │  response: {"fullResultSize": 56, "from": 0, "count": 56, "versionDigest": "'If-None-Match' header not specified", "values": [{"displayName": "1: (25%) Fradrag inngående avgift, høy sats", "id": 1, "number": "1", "version": 0, "name": "Fradrag inngående avgift, høy sats"}, {"displayName": "UT-2: (100%) Direktepostert fradrag inngående avgift, høy sats (mva-kode utgikk 01.01.2017)", "id": 2, "number": "UT-2", "version": 0, "name": "Direktepostert fradrag inngående avgift, høy sats (mva-kode utgikk 01.01.2017)"}, {"displayName": "3: (25%) Utgående avgift, høy sats", "id": 3, "number": "3", "version": 0, "name": "Utgående avgift, høy sats"}, {"displayName": "4: (100%) Direktepostert utgående avgift, høy sats", "id": 4, "number": "4", "version": 0, "name": "Direktepostert utgående avgift, høy sats"}, {"displayName": "5: (0%) Ingen utgående avgift (innenfor mva-loven)", "id": 5, "number": "5", "version": 0, "name": "Ingen utgående avgift (innenfor mva-loven)"}, {"displayName": "6: (0%) Ingen utgående avgift (utenfor mva-loven)", "id": 6, "number": "6", "version": 0, "name": "Ingen utgående avgift (utenfor mva-loven)"}, {"displayName": "7: (0%) Ingen avgiftsbehandling (inntekter)", "id": 7, "number": "7", "version": 0, "name": "Ingen avgiftsbehandling (inntekter)"}, {"displayName": "11: (15%) Fradrag inngående avgift, middels sats", "id": 11, "number": "11", "version": 0, "name": "Fradrag inngående avgift, middels sats"}, {"displayName": "13: (12%) Fradrag inngående avgift, lav sats", "id": 1…
  Iteration 2 took 2.2s

──────────────────────────────────────────────────
  ITERATION 3/25
──────────────────────────────────────────────────
  Tokens: prompt=21954 completion=21 total_session=62277
  Messages: 7 (80,056 chars)
  Tool calls (1):
    [1] tripletex_api({"method":"POST","path":"/product"})
    │  [fix] blocked POST without body: /product
  Iteration 3 took 0.9s

──────────────────────────────────────────────────
  ITERATION 4/25
──────────────────────────────────────────────────
  Tokens: prompt=22041 completion=47 total_session=84365
  Messages: 9 (80,264 chars)
  Tool calls (1):
    [1] tripletex_api({"method":"POST","path":"/product","body":{"name":"Programvarelisens","priceExcludingVatCurrency":38150,"vatType":{"id":3}}})
    ┌─ API POST /product
    │  body:   {"name": "Programvarelisens", "priceExcludingVatCurrency": 38150, "vatType": {"id": 3}}
    └─ 201 OK (2.0s) id=84440477 name=Programvarelisens
    │  response: {"value": {"id": 84440477, "version": 0, "url": "kkpqfuj-amager.tripletex.dev/v2/product/84440477", "name": "Programvarelisens", "number": "", "displayNumber": "", "description": "", "orderLineDescription": "", "costExcludingVatCurrency": 0, "costPrice": 0, "priceExcludingVatCurrency": 38150, "priceIncludingVatCurrency": 47687.5, "isInactive": false, "productUnit": null, "incomingStock": 0, "outgoingStock": 0, "vatType": {"id": 3, "url": "kkpqfuj-amager.tripletex.dev/v2/ledger/vatType/3"}, "currency": {"id": 1, "url": "kkpqfuj-amager.tripletex.dev/v2/currency/1"}, "department": null, "account": null, "supplier": null, "resaleProduct": null, "isDeletable": false, "hasSupplierProductConnected": false, "image": null, "displayName": "Programvarelisens", "mainSupplierProduct": null, "isRoundPriceIncVat": false, "priceInTargetCurrency": 0, "purchasePriceCurrency": 0}}
  Iteration 4 took 2.8s

──────────────────────────────────────────────────
  ITERATION 5/25
──────────────────────────────────────────────────
  Tokens: prompt=22382 completion=43 total_session=106790
  Messages: 11 (81,138 chars)
  Tool calls (1):
    [1] tripletex_api({"method":"POST","path":"/customer","body":{"name":"Fjelltopp AS","isCustomer":true,"organizationNumber":"845696993"}})
    ┌─ API POST /customer
    │  body:   {"name": "Fjelltopp AS", "isCustomer": true, "organizationNumber": "845696993"}
    └─ 201 OK (1.7s) id=108602817 name=Fjelltopp AS
    │  response: {"value": {"id": 108602817, "version": 1, "url": "kkpqfuj-amager.tripletex.dev/v2/customer/108602817", "name": "Fjelltopp AS", "organizationNumber": "845696993", "globalLocationNumber": 0, "supplierNumber": 0, "customerNumber": 10002, "isSupplier": false, "isCustomer": true, "isInactive": false, "accountManager": null, "department": null, "email": "", "invoiceEmail": "", "overdueNoticeEmail": "", "phoneNumber": "", "phoneNumberMobile": "", "description": "", "language": "NO", "displayName": "Fjelltopp AS (10002)", "isPrivateIndividual": false, "singleCustomerInvoice": false, "invoiceSendMethod": "EMAIL", "emailAttachmentType": "ATTACHMENT", "postalAddress": {"id": 406050641, "url": "kkpqfuj-amager.tripletex.dev/v2/address/406050641"}, "physicalAddress": {"id": 406050640, "url": "kkpqfuj-amager.tripletex.dev/v2/address/406050640"}, "deliveryAddress": null, "category1": null, "category2": null, "category3": null, "invoicesDueIn": 14, "invoicesDueInType": "DAYS", "currency": {"id": 1, "url": "kkpqfuj-amager.tripletex.dev/v2/currency/1"}, "bankAccountPresentation": [], "ledgerAccount": {"id": 501765312, "url": "kkpqfuj-amager.tripletex.dev/v2/ledger/account/501765312"}, "isFactoring": false, "invoiceSendSMSNotification": false, "invoiceSMSNotificationNumber": "", "isAutomaticSoftReminderEnabled": false, "isAutomaticReminderEnabled": false, "isAutomaticNoticeOfDebtCollectionEnabled": false, "discountPercentage": 0, "website": ""}}
  Iteration 5 took 2.6s

──────────────────────────────────────────────────
  ITERATION 6/25
──────────────────────────────────────────────────
  Tokens: prompt=22874 completion=51 total_session=129715
  Messages: 13 (82,587 chars)
  Tool calls (1):
    [1] tripletex_api({"method":"POST","path":"/order","body":{"customer":{"id":108602817},"orderDate":"2026-03-22","deliveryDate":"2026-03-22"}})
    ┌─ API POST /order
    │  body:   {"customer": {"id": 108602817}, "orderDate": "2026-03-22", "deliveryDate": "2026-03-22"}
    └─ 201 OK (3.2s) id=402082696
    │  response: {"value": {"id": 402082696, "version": 0, "url": "kkpqfuj-amager.tripletex.dev/v2/order/402082696", "customer": {"id": 108602817, "url": "kkpqfuj-amager.tripletex.dev/v2/customer/108602817"}, "contact": null, "attn": null, "displayName": "1 Ordre", "receiverEmail": "", "overdueNoticeEmail": "", "number": "1", "reference": "", "department": null, "orderDate": "2026-03-22", "project": null, "invoiceComment": "", "currency": {"id": 1, "url": "kkpqfuj-amager.tripletex.dev/v2/currency/1"}, "invoicesDueIn": 14, "invoicesDueInType": "DAYS", "isShowOpenPostsOnInvoices": false, "isClosed": false, "deliveryDate": "2026-03-22", "deliveryAddress": null, "deliveryComment": "", "isPrioritizeAmountsIncludingVat": false, "orderLineSorting": "PRODUCT", "orderGroups": [], "orderLines": [], "isSubscription": false, "subscriptionDuration": 0, "subscriptionDurationType": "MONTHS", "subscriptionPeriodsOnInvoice": 0, "subscriptionPeriodsOnInvoiceType": "MONTHS", "subscriptionInvoicingTimeInAdvanceOrArrears": "ADVANCE", "subscriptionInvoicingTime": 0, "subscriptionInvoicingTimeType": "MONTHS", "isSubscriptionAutoInvoicing": false, "preliminaryInvoice": {"id": 2147702900, "url": "kkpqfuj-amager.tripletex.dev/v2/invoice/2147702900"}, "attachment": [], "sendMethodDescription": "Faktura må sendes manuelt.", "invoiceOnAccountVatHigh": false, "totalInvoicedOnAccountAmountAbsoluteCurrency": 0.0, "invoiceSendSMSNotification": false, "invoiceSMSNotificationNumber": "", "markUpOrderLines": 0, "discountPercent…
  Iteration 6 took 3.9s

──────────────────────────────────────────────────
  ITERATION 7/25
──────────────────────────────────────────────────
  Tokens: prompt=23431 completion=45 total_session=153191
  Messages: 15 (84,219 chars)
  Tool calls (1):
    [1] tripletex_api({"method":"POST","path":"/order/orderline","body":{"order":{"id":402082696},"product":{"id":84440477},"count":1}})
    ┌─ API POST /order/orderline
    │  body:   {"order": {"id": 402082696}, "product": {"id": 84440477}, "count": 1}
    └─ 201 OK (1.9s) id=1607615900
    │  response: {"value": {"id": 1607615900, "version": 1, "url": "kkpqfuj-amager.tripletex.dev/v2/order/orderline/1607615900", "product": {"id": 84440477, "url": "kkpqfuj-amager.tripletex.dev/v2/product/84440477"}, "inventory": null, "description": "", "displayName": "Programvarelisens", "count": 1.0, "unitCostCurrency": 0.0, "unitPriceExcludingVatCurrency": 38150.0, "currency": {"id": 1, "url": "kkpqfuj-amager.tripletex.dev/v2/currency/1"}, "markup": 0.0, "discount": 0.0, "vatType": {"id": 3, "url": "kkpqfuj-amager.tripletex.dev/v2/ledger/vatType/3"}, "amountExcludingVatCurrency": 38150.0, "amountIncludingVatCurrency": 47687.5, "vendor": null, "order": {"id": 402082696, "url": "kkpqfuj-amager.tripletex.dev/v2/order/402082696"}, "unitPriceIncludingVatCurrency": 47687.5, "isSubscription": false, "subscriptionPeriodStart": null, "subscriptionPeriodEnd": null, "orderGroup": null, "sortIndex": 0, "isPicked": false, "pickedDate": null, "orderedQuantity": 0, "isCharged": false}}
  Iteration 7 took 2.7s
  [trim] Compressed 1 old tool responses to save tokens

──────────────────────────────────────────────────
  ITERATION 8/25
──────────────────────────────────────────────────
  Tokens: prompt=22147 completion=54 total_session=175392
  Messages: 17 (80,389 chars)
  Tool calls (1):
    [1] tripletex_api({"method":"POST","path":"/invoice","body":{"invoiceDate":"2026-03-22","invoiceDueDate":"2026-04-05","orders":[{"id":402082696}]}})
    ┌─ API POST /invoice
    │  body:   {"invoiceDate": "2026-03-22", "invoiceDueDate": "2026-04-05", "orders": [{"id": 402082696}]}
    └─ 201 OK (2.2s) id=2147702909
    │  response: {"value": {"id": 2147702909, "version": 3, "url": "kkpqfuj-amager.tripletex.dev/v2/invoice/2147702909", "invoiceNumber": 1, "invoiceDate": "2026-03-22", "customer": {"id": 108602817, "url": "kkpqfuj-amager.tripletex.dev/v2/customer/108602817"}, "creditedInvoice": 0, "isCredited": false, "invoiceDueDate": "2026-04-05", "kid": "", "invoiceComment": "", "comment": "", "orders": [{"id": 402082696, "url": "kkpqfuj-amager.tripletex.dev/v2/order/402082696"}], "orderLines": [{"id": 1607615900, "url": "kkpqfuj-amager.tripletex.dev/v2/order/orderline/1607615900"}], "travelReports": [], "projectInvoiceDetails": [{"id": 1965830882, "url": "kkpqfuj-amager.tripletex.dev/v2/invoice/details/1965830882"}], "voucher": {"id": 609434237, "url": "kkpqfuj-amager.tripletex.dev/v2/ledger/voucher/609434237"}, "deliveryDate": "2026-03-22", "amount": 47687.5, "amountCurrency": 47687.5, "amountExcludingVat": 38150.0, "amountExcludingVatCurrency": 38150.0, "amountRoundoff": 0, "amountRoundoffCurrency": 0, "amountOutstanding": 47687.5, "amountCurrencyOutstanding": 47687.5, "amountOutstandingTotal": 47687.5, "amountCurrencyOutstandingTotal": 47687.5, "sumRemits": 0, "currency": {"id": 1, "url": "kkpqfuj-amager.tripletex.dev/v2/currency/1"}, "isCreditNote": false, "isCharged": true, "isApproved": false, "postings": [{"id": 3846550435, "url": "kkpqfuj-amager.tripletex.dev/v2/ledger/posting/3846550435"}], "reminders": [], "invoiceRemarks": "", "invoiceRemark": null, "isPeriodizationPossible": true, "documentI…
  Iteration 8 took 3.1s
  [trim] Compressed 1 old tool responses to save tokens

──────────────────────────────────────────────────
  ITERATION 9/25
──────────────────────────────────────────────────
  Tokens: prompt=22486 completion=35 total_session=197913
  Messages: 19 (81,099 chars)
  Tool calls (1):
    [1] tripletex_api({"method":"PUT","path":"/invoice/2147702909/:send","params":{"sendType":"EMAIL"}})
    ┌─ API PUT /invoice/2147702909/:send
    │  params: {"sendType": "EMAIL"}
    └─ 204 OK (1.6s)
    │  response: {"raw": ""}
  Iteration 9 took 2.5s
  [trim] Compressed 1 old tool responses to save tokens

──────────────────────────────────────────────────
  ITERATION 10/25
──────────────────────────────────────────────────
  Tokens: prompt=22118 completion=9 total_session=220040
  Messages: 21 (79,717 chars)
  Tool calls (1):
    [1] done()

  ⏳ Verifying task completion (212s remaining)...
  📋 Verification prompt (3695 chars):
    │ TASK: Opprett og send ein faktura til kunden Fjelltopp AS (org.nr 845696993) på 38150 kr eksklusiv MVA. Fakturaen gjeld Programvarelisens.
    │ 
    │ 
    │ ACTION LOG (chronological):
    │ CALL: tripletex_api({"method":"GET","path":"/product"})
    │ status=ok
    │ CALL: tripletex_api({"method":"GET","path":"/ledger/vatType"})
    │ CALL: tripletex_api({"method":"POST","path":"/product"})
    │ status=400
    │ CALL: tripletex_api({"method":"POST","path":"/product","body":{"name":"Programvarelisens","priceExcludingVatCurrency":38150,"vatType":{"id":3}}})
    │ status=ok
    │ CALL: tripletex_api({"method":"POST","path":"/customer","body":{"name":"Fjelltopp AS","isCustomer":true,"organizationNumber":"845696993"}})
    │ status=ok
    │ CALL: tripletex_api({"method":"POST","path":"/order","body":{"customer":{"id":108602817},"orderDate":"2026-03-22","deliveryDate":"2026-03-22"}})
    │ status=ok id=402082696
    │ CALL: tripletex_api({"method":"POST","path":"/order/orderline","body":{"order":{"id":402082696},"product":{"id":84440477},"count":1}})
    │ status=ok id=1607615900 count=1.0
    │ CALL: tripletex_api({"method":"POST","path":"/invoice","body":{"invoiceDate":"2026-03-22","invoiceDueDate":"2026-04-05","orders":[{"id":402082696}]}})
    │ status=ok id=2147702909 amount=47687.5 amountCurrency=47687.5 invoiceNumber=1
    │ CALL: tripletex_api({"method":"PUT","path":"/invoice/2147702909/:send","params":{"sendType":"EMAIL"}})
    │ status=ok
    │ CALL: done({})
    │ 
    │ You are an accounting verification agent. Based ONLY on the action log above, check:
    │ 1. MATH: All amounts, percentages, VAT calculations correct? (e.g. if task says 50% of 274950, invoice total incl VAT must be 137475)
    │ 2. COMPLETENESS: Were all steps in the task done? Look at the CALL entries — if the action log shows the step was performed with status=ok, it WAS done. Do NOT say a step is missing if you can see it in the log!
    │ IMPORTANT: 'Fakturer'/'Invoice' just means create an invoice — do NOT require sending unless the task explicitly says send/sende/enviar/envoyer/senden!
    │ 3. DATA: Names, org numbers, dates match the task?
    │ 4. AMOUNTS: If any created entity shows amount=0 or totalAmount=0 in the response, that is WRONG — the postings failed silently. For supplier invoices: amount=0 with amountExcludingVat=0 means postings were MISSING or malformed.
    │ 5. BUDGET vs INVOICE: NEVER flag a mismatch between project budget and invoice total. For fixed-price projects the invoice excl. VAT matches the fixedprice — this is CORRECT. For other projects, invoice is based on actual work/costs. Either way, do NOT fail on budget vs invoice differences.
    │ 6. PAYMENT AMOUNTS: Invoice payments and reversals use the FULL amount INCLUDING VAT, not excl. VAT. If the task says 'X NOK excl. VAT', the correct payment/reversal amount is X × 1.25 (Norwegian 25% VAT). Do NOT flag a mismatch between excl. VAT amounts in the task and incl. VAT payment amounts.
    │ 7. VAT BREAKDOWN: If the total invoice amount matches the expected sum, do NOT fail on 'VAT breakdown not reflected' or similar vague VAT concerns. Only fail if a specific line item has the WRONG VAT rate applied.
    │ 
    │ CRITICAL: Be CONSERVATIVE. When in doubt, say PASS.
    │ Only say FAIL for CLEAR, OBJECTIVE, SPECIFIC errors (wrong math, completely missing step, wrong name).
    │ Do NOT say FAIL for: vague concerns, 'might be wrong', uncertain issues, minor stylistic differences, or steps you cannot confirm from the log (absence of evidence is NOT evidence of absence).
    │ A false FAIL causes MORE damage than a missed error. When uncertain, ALWAYS say PASS.
    │ If the action log shows all main steps completed with status=ok, say PASS.
    │ 
    │ Reply ONLY with either:
    │ - 'PASS' if everything looks correct or you are unsure
    │ - 'FAIL: <specific issue>' ONLY if there is an obvious, objective error
  🔍 Verification (981 tokens): PASS

  ✓ DONE — 10 iterations, 220040 tokens, 24.1s

======================================================================
  TASK COMPLETE — total 28.6s
======================================================================

