
======================================================================
  NEW TASK RECEIVED
  Version: unknown
======================================================================
  Prompt: You received a supplier invoice (see attached PDF). Register the invoice in Tripletex. Create the supplier if it does not exist. Use the correct expense account and input VAT.
  Files:  1
  URL:    https://tx-proxy-jwanbnu3pq-lz.a.run.app/v2
    - files/leverandorfaktura_en_02.pdf (application/pdf)
──────────────────────────────────────────────────────────────────────
  [pre] Invoice/credit/payment task detected — ensuring bank account...
    ┌─ API GET /invoice/settings
    └─ 200 OK (0.3s) id=976097
    ┌─ API GET /ledger/account
    │  params: {"isBankAccount": "true", "count": 10}
    └─ 200 OK (0.3s) [2 items]
  [bank] found account 1920 id=480406166 v=0
    ┌─ API PUT /ledger/account/480406166
    │  body:   {"id": 480406166, "version": 0, "number": 1920, "name": "Bankinnskudd", "bankAccountNumber": "15030100112"}
    └─ 200 OK (0.3s) id=480406166 name=Bankinnskudd
  [bank] bank account set OK
  [pre] Bank account setup: OK
    [file] Extracted 278 chars from PDF: files/leverandorfaktura_en_02.pdf

──────────────────────────────────────────────────
  ITERATION 1/25
──────────────────────────────────────────────────
  Tokens: prompt=17026 completion=21 total_session=17047
  Messages: 3 (63,778 chars)
  Tool calls (1):
    [1] tripletex_api({"method":"GET","path":"/supplier"})
    ┌─ API GET /supplier
    └─ 200 OK (0.3s) [0 items]
    │  response: {"fullResultSize": 0, "from": 0, "count": 0, "versionDigest": "'If-None-Match' header not specified", "values": []}
  Iteration 1 took 1.0s

──────────────────────────────────────────────────
  ITERATION 2/25
──────────────────────────────────────────────────
  [github] Log pushed: 20260322_000327_3477_invoice_ok_12iter_log_15_hours.log (attempt 1)
  Tokens: prompt=17097 completion=21 total_session=34165
  Messages: 5 (63,893 chars)
  Tool calls (1):
    [1] tripletex_api({"method":"POST","path":"/supplier"})
    │  [fix] blocked POST without body: /supplier
  Iteration 2 took 0.7s

──────────────────────────────────────────────────
  ITERATION 3/25
──────────────────────────────────────────────────
  Tokens: prompt=17184 completion=124 total_session=51473
  Messages: 7 (64,103 chars)
  Tool calls (1):
    [1] tripletex_api({"method":"POST","path":"/supplier","body":{"name":"Silveroak Ltd","organizationNumber":"945217456","email":"info@silveroak.com","invoiceEmail":"info@silveroak.com","overdueNoticeEmail":"info@silveroak.com","physicalAddress":{"addressLine1":"Sjøgata 101","postalCode":"3015","city":"Drammen"},"postalAddress":{"addressLine1":"Sjøgata 101","postalCode":"3015","city":"Drammen"},"phoneNumber":"69416043353"}})
    ┌─ API POST /supplier
    │  body:   {"name": "Silveroak Ltd", "organizationNumber": "945217456", "email": "info@silveroak.com", "invoiceEmail": "info@silveroak.com", "overdueNoticeEmail": "info@silveroak.com", "physicalAddress": {"addressLine1": "Sjøgata 101", "postalCode": "3015", "city": "Drammen"}, "postalAddress": {"addressLine1": "Sjøgata 101", "postalCode": "3015", "city": "Drammen"}, "phoneNumber": "69416043353", "isSupplier": true}
    └─ 201 OK (0.4s) id=108472491 name=Silveroak Ltd
    │  response: {"value": {"id": 108472491, "version": 1, "url": "kkpqfuj-amager.tripletex.dev/v2/supplier/108472491", "name": "Silveroak Ltd", "organizationNumber": "945217456", "supplierNumber": 20001, "customerNumber": 0, "isSupplier": true, "isCustomer": false, "isInactive": false, "email": "info@silveroak.com", "invoiceEmail": "info@silveroak.com", "overdueNoticeEmail": "info@silveroak.com", "phoneNumber": "69416043353", "phoneNumberMobile": "", "description": "", "isPrivateIndividual": false, "showProducts": false, "accountManager": null, "postalAddress": {"id": 405792015, "version": 0, "url": "kkpqfuj-amager.tripletex.dev/v2/address/405792015", "addressLine1": "Sjøgata 101", "addressLine2": "", "postalCode": "3015", "city": "Drammen", "country": {"id": 161, "url": "kkpqfuj-amager.tripletex.dev/v2/country/161"}, "displayName": "Silveroak Ltd, Sjøgata 101, 3015 Drammen, Norge", "addressAsString": "Sjøgata 101, 3015 Drammen, Norge", "displayNameInklMatrikkel": "Silveroak Ltd, Sjøgata 101, 3015 Drammen, Norge", "knr": 0, "gnr": 0, "bnr": 0, "fnr": 0, "snr": 0, "unitNumber": ""}, "physicalAddress": {"id": 405792014, "version": 0, "url": "kkpqfuj-amager.tripletex.dev/v2/address/405792014", "addressLine1": "Sjøgata 101", "addressLine2": "", "postalCode": "3015", "city": "Drammen", "country": {"id": 161, "url": "kkpqfuj-amager.tripletex.dev/v2/country/161"}, "displayName": "Silveroak Ltd, Sjøgata 101, 3015 Drammen, Norge", "addressAsString": "Sjøgata 101, 3015 Drammen, Norge", "displayNameInk…
  Iteration 3 took 1.8s

──────────────────────────────────────────────────
  ITERATION 4/25
──────────────────────────────────────────────────
  Tokens: prompt=18047 completion=24 total_session=69544
  Messages: 9 (66,143 chars)
  Tool calls (1):
    [1] tripletex_api({"method":"GET","path":"/ledger/vatType"})
    ┌─ API GET /ledger/vatType
    └─ 200 OK (0.3s) [56 items]
    │  [trim] condensed 56 items → key fields (10092 chars)
    │  response: {"fullResultSize": 56, "from": 0, "count": 56, "versionDigest": "'If-None-Match' header not specified", "values": [{"id": 1, "number": "1", "version": 0, "displayName": "1: (25%) Fradrag inngående avgift, høy sats", "name": "Fradrag inngående avgift, høy sats"}, {"id": 2, "number": "UT-2", "version": 0, "displayName": "UT-2: (100%) Direktepostert fradrag inngående avgift, høy sats (mva-kode utgikk 01.01.2017)", "name": "Direktepostert fradrag inngående avgift, høy sats (mva-kode utgikk 01.01.2017)"}, {"id": 3, "number": "3", "version": 0, "displayName": "3: (25%) Utgående avgift, høy sats", "name": "Utgående avgift, høy sats"}, {"id": 4, "number": "4", "version": 0, "displayName": "4: (100%) Direktepostert utgående avgift, høy sats", "name": "Direktepostert utgående avgift, høy sats"}, {"id": 5, "number": "5", "version": 0, "displayName": "5: (0%) Ingen utgående avgift (innenfor mva-loven)", "name": "Ingen utgående avgift (innenfor mva-loven)"}, {"id": 6, "number": "6", "version": 0, "displayName": "6: (0%) Ingen utgående avgift (utenfor mva-loven)", "name": "Ingen utgående avgift (utenfor mva-loven)"}, {"id": 7, "number": "7", "version": 0, "displayName": "7: (0%) Ingen avgiftsbehandling (inntekter)", "name": "Ingen avgiftsbehandling (inntekter)"}, {"id": 11, "number": "11", "version": 0, "displayName": "11: (15%) Fradrag inngående avgift, middels sats", "name": "Fradrag inngående avgift, middels sats"}, {"id": 12, "number": "13", "version": 0, "displayName": "13: (12%) Frad…
  Iteration 4 took 1.0s

──────────────────────────────────────────────────
  ITERATION 5/25
──────────────────────────────────────────────────
  Tokens: prompt=20993 completion=29 total_session=90566
  Messages: 11 (74,157 chars)
  Tool calls (1):
    [1] tripletex_api({"method":"GET","path":"/ledger/account","params":{"number":"6340"}})
    ┌─ API GET /ledger/account
    │  params: {"number": "6340"}
    └─ 200 OK (0.3s) [1 items]
    │  response: {"fullResultSize": 1, "from": 0, "count": 1, "versionDigest": "'If-None-Match' header not specified", "values": [{"id": 480406423, "version": 0, "url": "kkpqfuj-amager.tripletex.dev/v2/ledger/account/480406423", "number": 6340, "numberPretty": "6340", "name": "Lys, varme", "description": "", "type": "OPERATING_EXPENSES", "legalVatTypes": [{"id": 0, "url": "kkpqfuj-amager.tripletex.dev/v2/ledger/vatType/0"}, {"id": 1, "url": "kkpqfuj-amager.tripletex.dev/v2/ledger/vatType/1"}, {"id": 11, "url": "kkpqfuj-amager.tripletex.dev/v2/ledger/vatType/11"}, {"id": 12, "url": "kkpqfuj-amager.tripletex.dev/v2/ledger/vatType/12"}, {"id": 230, "url": "kkpqfuj-amager.tripletex.dev/v2/ledger/vatType/230"}, {"id": 13, "url": "kkpqfuj-amager.tripletex.dev/v2/ledger/vatType/13"}, {"id": 14, "url": "kkpqfuj-amager.tripletex.dev/v2/ledger/vatType/14"}, {"id": 34, "url": "kkpqfuj-amager.tripletex.dev/v2/ledger/vatType/34"}, {"id": 35, "url": "kkpqfuj-amager.tripletex.dev/v2/ledger/vatType/35"}, {"id": 559, "url": "kkpqfuj-amager.tripletex.dev/v2/ledger/vatType/559"}, {"id": 550, "url": "kkpqfuj-amager.tripletex.dev/v2/ledger/vatType/550"}, {"id": 551, "url": "kkpqfuj-amager.tripletex.dev/v2/ledger/vatType/551"}, {"id": 553, "url": "kkpqfuj-amager.tripletex.dev/v2/ledger/vatType/553"}, {"id": 560, "url": "kkpqfuj-amager.tripletex.dev/v2/ledger/vatType/560"}], "ledgerType": "GENERAL", "balanceGroup": "Ikke i en saldogruppe.", "vatType": {"id": 1, "url": "kkpqfuj-amager.tripletex.dev/v2/ledger/vatType…
  Iteration 5 took 1.2s

──────────────────────────────────────────────────
  ITERATION 6/25
──────────────────────────────────────────────────
  Tokens: prompt=21789 completion=29 total_session=112384
  Messages: 13 (76,236 chars)
  Tool calls (1):
    [1] tripletex_api({"method":"GET","path":"/ledger/account","params":{"number":"2400"}})
    ┌─ API GET /ledger/account
    │  params: {"number": "2400"}
    └─ 200 OK (0.3s) [1 items]
    │  response: {"fullResultSize": 1, "from": 0, "count": 1, "versionDigest": "'If-None-Match' header not specified", "values": [{"id": 480406225, "version": 0, "url": "kkpqfuj-amager.tripletex.dev/v2/ledger/account/480406225", "number": 2400, "numberPretty": "2400", "name": "Leverandørgjeld", "description": "", "type": "LIABILITIES", "legalVatTypes": [{"id": 0, "url": "kkpqfuj-amager.tripletex.dev/v2/ledger/vatType/0"}], "ledgerType": "VENDOR", "balanceGroup": "Ikke i en saldogruppe.", "vatType": {"id": 0, "url": "kkpqfuj-amager.tripletex.dev/v2/ledger/vatType/0"}, "vatLocked": true, "currency": null, "isCloseable": true, "isApplicableForSupplierInvoice": true, "requireReconciliation": false, "isInactive": false, "isBankAccount": false, "isInvoiceAccount": false, "bankAccountNumber": "", "bankAccountCountry": null, "bankName": "", "bankAccountIBAN": "", "bankAccountSWIFT": "", "saftCode": "24", "groupingCode": "2400", "displayName": "2400 Leverandørgjeld", "requiresDepartment": false, "requiresProject": false, "invoicingDepartment": null, "isPostingsExist": false, "quantityType1": null, "quantityType2": null, "department": null}]}
  Iteration 6 took 1.1s

──────────────────────────────────────────────────
  ITERATION 7/25
──────────────────────────────────────────────────
  Tokens: prompt=22197 completion=140 total_session=134721
  Messages: 15 (77,369 chars)
  Tool calls (1):
    [1] tripletex_api({"method":"POST","path":"/incomingInvoice","params":{"sendTo":"ledger"},"body":{"invoiceHeader":{"vendorId":108472491,"invoiceDate":"2026-03-22","dueDate":"2026-03-30","invoiceAmount":83812,"invoiceNumber":"INV-2026-5539","description":"Supplier invoice INV-2026-5539 from Silveroak Ltd"},"orderLines":[{"externalId":"line-1","row":1,"description":"Sikkerhetsprogramvare","accountId":480406423,"amountInclVat":83812,"vatTypeId":1}]}})
    ┌─ API POST /incomingInvoice
    │  params: {"sendTo": "ledger"}
    │  body:   {"invoiceHeader": {"vendorId": 108472491, "invoiceDate": "2026-03-22", "dueDate": "2026-03-30", "invoiceAmount": 83812, "invoiceNumber": "INV-2026-5539", "description": "Supplier invoice INV-2026-5539 from Silveroak Ltd"}, "orderLines": [{"externalId": "line-1", "row": 1, "description": "Sikkerhetsprogramvare", "accountId": 480406423, "amountInclVat": 83812, "vatTypeId": 1}]}
    └─ 403 ERR (1.1s) {"status": 403, "code": 9000, "message": "You do not have permission to access this feature.", "link": "https://tripletex.no/v2-docs/", "developerMessage": null, "validationMessages": null, "requestId": "87775415-e638-432a-bc29-656e000a9209", "_status_code": 403}
    │  response: {"status": 403, "code": 9000, "message": "You do not have permission to access this feature.", "link": "https://tripletex.no/v2-docs/", "developerMessage": null, "validationMessages": null, "requestId": "87775415-e638-432a-bc29-656e000a9209", "_status_code": 403}
  Iteration 7 took 2.7s

──────────────────────────────────────────────────
  ITERATION 8/25
──────────────────────────────────────────────────
  Tokens: prompt=22432 completion=184 total_session=157337
  Messages: 17 (77,632 chars)
  Tool calls (1):
    [1] tripletex_api({"method":"POST","path":"/supplierInvoice","body":{"invoiceNumber":"INV-2026-5539","invoiceDate":"2026-03-22","invoiceDueDate":"2026-03-30","supplier":{"id":108472491},"voucher":{"date":"2026-03-22","description":"Supplier invoice INV-2026-5539 from Silveroak Ltd","postings":[{"row":1,"date":"2026-03-22","amountGross":83812,"amountGrossCurrency":83812,"account":{"id":480406423},"vatType":{"id":1}},{"row":2,"date":"2026-03-22","amountGross":-83812,"amountGrossCurrency":-83812,"account":{"id":480406225},"supplier":{"id":108472491}}]}}})
    ┌─ API POST /supplierInvoice
    │  body:   {"invoiceNumber": "INV-2026-5539", "invoiceDate": "2026-03-22", "invoiceDueDate": "2026-03-30", "supplier": {"id": 108472491}, "voucher": {"date": "2026-03-22", "description": "Supplier invoice INV-2026-5539 from Silveroak Ltd", "postings": [{"row": 1, "date": "2026-03-22", "amountGross": 83812, "amountGrossCurrency": 83812, "account": {"id": 480406423}, "vatType": {"id": 1}}, {"row": 2, "date": "2026-03-22", "amountGross": -83812, "amountGrossCurrency": -83812, "account": {"id": 480406225}, "supplier": {"id": 108472491}}]}}
    └─ 201 OK (0.5s) id=2147655881
    │  response: {"value": {"id": 2147655881, "version": 0, "url": "kkpqfuj-amager.tripletex.dev/v2/supplierInvoice/2147655881", "invoiceNumber": "INV-2026-5539", "invoiceDate": "2026-03-22", "supplier": {"id": 108472491, "url": "kkpqfuj-amager.tripletex.dev/v2/supplier/108472491"}, "invoiceDueDate": "2026-03-30", "kidOrReceiverReference": "", "voucher": {"id": 609231553, "url": "kkpqfuj-amager.tripletex.dev/v2/ledger/voucher/609231553"}, "amount": 0, "amountCurrency": 0, "amountExcludingVat": 0, "amountExcludingVatCurrency": 0, "currency": null, "isCreditNote": false, "orderLines": [], "payments": [], "originalInvoiceDocumentId": 0, "approvalListElements": [{"id": 647273715, "url": "kkpqfuj-amager.tripletex.dev/v2/voucherApprovalListElement/647273715"}, {"id": 647273713, "url": "kkpqfuj-amager.tripletex.dev/v2/voucherApprovalListElement/647273713"}], "outstandingAmount": 0.0}}
  Iteration 8 took 2.9s

──────────────────────────────────────────────────
  ITERATION 9/25
──────────────────────────────────────────────────
  Tokens: prompt=22930 completion=9 total_session=180276
  Messages: 19 (78,505 chars)
  Tool calls (1):
    [1] done()

  ⏳ Verifying task completion (276s remaining)...
  📋 Verification prompt (4473 chars):
    │ TASK: You received a supplier invoice (see attached PDF). Register the invoice in Tripletex. Create the supplier if it does not exist. Use the correct expense account and input VAT.
    │ 
    │ TASK TYPE: Supplier invoice.
    │ Check these SPECIFIC things:
    │ - Supplier created with correct name and org number?
    │ - Correct expense account used (typically 4000-7999 range, NOT 1000-range asset accounts)?
    │ - Correct input VAT type (inngående MVA, typically vatType 1 for 25%)?
    │ - Invoice amounts NOT zero — if amount=0 or amountCurrency=0 in the response, the postings were WRONG
    │ - Invoice number, date, due date match the PDF/task?
    │ 
    │ ACTION LOG (chronological):
    │ CALL: tripletex_api({"method":"GET","path":"/supplier"})
    │ status=ok
    │ CALL: tripletex_api({"method":"POST","path":"/supplier"})
    │ status=400
    │ CALL: tripletex_api({"method":"POST","path":"/supplier","body":{"name":"Silveroak Ltd","organizationNumber":"945217456","email":"info@silveroak.com","invoiceEmail":"info@silveroak.com","overdueNoticeEmail":"info@silveroak.com","physicalAddress":{"addressLine1":"Sjøgata 101","postalCode":"3015","city":"Drammen"},"postal)
    │ status=ok id=108472491 name=Silveroak Ltd
    │ CALL: tripletex_api({"method":"GET","path":"/ledger/vatType"})
    │ CALL: tripletex_api({"method":"GET","path":"/ledger/account","params":{"number":"6340"}})
    │ status=ok
    │ CALL: tripletex_api({"method":"GET","path":"/ledger/account","params":{"number":"2400"}})
    │ status=ok
    │ CALL: tripletex_api({"method":"POST","path":"/incomingInvoice","params":{"sendTo":"ledger"},"body":{"invoiceHeader":{"vendorId":108472491,"invoiceDate":"2026-03-22","dueDate":"2026-03-30","invoiceAmount":83812,"invoiceNumber":"INV-2026-5539","description":"Supplier invoice INV-2026-5539 from Silveroak Ltd"},"orderLines)
    │ status=403
    │ CALL: tripletex_api({"method":"POST","path":"/supplierInvoice","body":{"invoiceNumber":"INV-2026-5539","invoiceDate":"2026-03-22","invoiceDueDate":"2026-03-30","supplier":{"id":108472491},"voucher":{"date":"2026-03-22","description":"Supplier invoice INV-2026-5539 from Silveroak Ltd","postings":[{"row":1,"date":"2026-0)
    │ status=ok id=2147655881 amount=0 amountCurrency=0 invoiceNumber=INV-2026-5539
    │ CALL: done({})
    │ 
    │ You are an accounting verification agent. Based ONLY on the action log above, check:
    │ 1. MATH: All amounts, percentages, VAT calculations correct? (e.g. if task says 50% of 274950, invoice total incl VAT must be 137475)
    │ 2. COMPLETENESS: Were all steps in the task done? Look at the CALL entries — if the action log shows the step was performed with status=ok, it WAS done. Do NOT say a step is missing if you can see it in the log!
    │ IMPORTANT: 'Fakturer'/'Invoice' just means create an invoice — do NOT require sending unless the task explicitly says send/sende/enviar/envoyer/senden!
    │ 3. DATA: Names, org numbers, dates match the task?
    │ 4. AMOUNTS: If any created entity shows amount=0 or totalAmount=0 in the response, that is WRONG — the postings failed silently. EXCEPTION: Supplier invoice (supplierInvoice) responses normally show amount=0 — this is OK.
    │ 5. BUDGET vs INVOICE: NEVER flag a mismatch between project budget and invoice total. For fixed-price projects the invoice excl. VAT matches the fixedprice — this is CORRECT. For other projects, invoice is based on actual work/costs. Either way, do NOT fail on budget vs invoice differences.
    │ 6. PAYMENT AMOUNTS: Invoice payments and reversals use the FULL amount INCLUDING VAT, not excl. VAT. If the task says 'X NOK excl. VAT', the correct payment/reversal amount is X × 1.25 (Norwegian 25% VAT). Do NOT flag a mismatch between excl. VAT amounts in the task and incl. VAT payment amounts.
    │ 7. VAT BREAKDOWN: If the total invoice amount matches the expected sum, do NOT fail on 'VAT breakdown not reflected' or similar vague VAT concerns. Only fail if a specific line item has the WRONG VAT rate applied.
    │ 
    │ CRITICAL: Be CONSERVATIVE. When in doubt, say PASS.
    │ Only say FAIL for CLEAR, OBJECTIVE, SPECIFIC errors (wrong math, completely missing step, wrong name).
    │ Do NOT say FAIL for: vague concerns, 'might be wrong', uncertain issues, minor stylistic differences, or steps you cannot confirm from the log (absence of evidence is NOT evidence of absence).
    │ A false FAIL causes MORE damage than a missed error. When uncertain, ALWAYS say PASS.
    │ If the action log shows all main steps completed with status=ok, say PASS.
    │ 
    │ Reply ONLY with either:
    │ - 'PASS' if everything looks correct or you are unsure
    │ - 'FAIL: <specific issue>' ONLY if there is an obvious, objective error
  🔍 Verification (1164 tokens): FAIL: Invoice amount is 0, indicating that the postings failed silently.
  ⚠ Verifier said FAIL but proceeding (logged only): FAIL: Invoice amount is 0, indicating that the postings failed silently.

  ✓ DONE — 9 iterations, 180276 tokens, 14.3s

======================================================================
  TASK COMPLETE — total 15.0s
======================================================================

