
======================================================================
  NEW TASK RECEIVED
  Version: e8dd227
======================================================================
  Prompt: Os custos totais aumentaram significativamente de janeiro a fevereiro de 2026. Analise o livro razão e identifique as três contas de despesa com o maior aumento em valor. Crie um projeto interno para cada uma das três contas com o nome da conta. Também crie uma atividade para cada projeto.
  Files:  0
  URL:    https://tx-proxy-jwanbnu3pq-lz.a.run.app/v2
──────────────────────────────────────────────────────────────────────
  [pre] Pre-scans completed in 0.0s

──────────────────────────────────────────────────
  ITERATION 1/25
──────────────────────────────────────────────────
  Tokens: prompt=20477 completion=46 total_session=20523
  Messages: 3 (76,484 chars)
  Tool calls (1):
    [1] tripletex_api({"method":"GET","path":"/ledger/voucher?dateFrom=2026-01-01&dateTo=2026-02-29&fields=*"})
    │  [fix] extracted query params from path: {'dateFrom': '2026-01-01', 'dateTo': '2026-02-29', 'fields': '*'}
    ┌─ API GET /ledger/voucher
    │  params: {"dateFrom": "2026-01-01", "dateTo": "2026-02-29", "fields": "*"}
    └─ 200 OK (12.3s) [16 items]
    │  [trim] condensed 16 items → key fields (1954 chars)
    │  response: {"fullResultSize": 16, "from": 0, "count": 16, "versionDigest": "'If-None-Match' header not specified", "totalNumberOfPostings": 42, "values": [{"number": 1, "version": 5, "id": 609459904, "description": "Lønn januar", "date": "2026-01-10"}, {"number": 2, "version": 5, "id": 609460003, "description": "Kontorrekvisita jan", "date": "2026-01-12"}, {"number": 3, "version": 5, "id": 609460220, "description": "IT-utstyr jan", "date": "2026-01-14"}, {"number": 4, "version": 5, "id": 609460264, "description": "Leiekostnader jan", "date": "2026-01-16"}, {"number": 5, "version": 5, "id": 609460358, "description": "Bilkostnader jan", "date": "2026-01-18"}, {"number": 6, "version": 5, "id": 609460514, "description": "Reklame jan", "date": "2026-01-20"}, {"number": 7, "version": 5, "id": 609460608, "description": "Forsikring jan", "date": "2026-01-22"}, {"number": 8, "version": 5, "id": 609460827, "description": "Salgsinntekt jan", "date": "2026-01-25"}, {"number": 9, "version": 5, "id": 609460869, "description": "Lønn februar", "date": "2026-02-10"}, {"number": 10, "version": 5, "id": 609460932, "description": "Kontorrekvisita feb", "date": "2026-02-12"}, {"number": 11, "version": 5, "id": 609461027, "description": "IT-utstyr feb - nytt serverutstyr", "date": "2026-02-14"}, {"number": 12, "version": 5, "id": 609461082, "description": "Leiekostnader feb", "date": "2026-02-16"}, {"number": 13, "version": 5, "id": 609461132, "description": "Bilkostnader feb - nye leasingbiler", "date": "20…
  Iteration 1 took 14.9s

──────────────────────────────────────────────────
  ITERATION 2/25
──────────────────────────────────────────────────
  Tokens: prompt=21287 completion=42 total_session=41852
  Messages: 5 (78,438 chars)
  Tool calls (1):
    [1] tripletex_api({"method":"GET","path":"/ledger/posting?fields=id,account,amountGross,amountGrossCurrency,voucher(id,description,date)"})
    │  [fix] extracted query params from path: {'fields': 'id,account,amountGross,amountGrossCurrency,voucher(id,description,date)'}
    ┌─ API GET /ledger/posting
    │  params: {"fields": "id,account,amountGross,amountGrossCurrency,voucher(id,description,date)"}
    └─ 422 ERR (10.3s) {"status": 422, "code": 15000, "message": "Validation failed", "link": "https://tripletex.no/v2-docs/", "developerMessage": null, "validationMessages": [{"field": "dateFrom", "message": "Kan ikke være null.", "path": null, "rootId": null}, {"field": "dateTo", "message": "Kan ikke være null.", "path": null, "rootId": null}], "requestId": "169f7184-9024-44d7-9e07-4a415b6a71dd", "_status_code": 422}
    │  response: {"status": 422, "code": 15000, "message": "Validation failed", "link": "https://tripletex.no/v2-docs/", "developerMessage": null, "validationMessages": [{"field": "dateFrom", "message": "Kan ikke være null.", "path": null, "rootId": null}, {"field": "dateTo", "message": "Kan ikke være null.", "path": null, "rootId": null}], "requestId": "169f7184-9024-44d7-9e07-4a415b6a71dd", "_status_code": 422}
  Iteration 2 took 11.3s

──────────────────────────────────────────────────
  ITERATION 3/25
──────────────────────────────────────────────────
  Tokens: prompt=21475 completion=61 total_session=63388
  Messages: 7 (78,837 chars)
  Tool calls (1):
    [1] tripletex_api({"method":"GET","path":"/ledger/voucher?dateFrom=2026-01-01&dateTo=2026-02-29&fields=postings(account(id,number,name),amountGross,amountGrossCurrency)"})
    │  [fix] extracted query params from path: {'dateFrom': '2026-01-01', 'dateTo': '2026-02-29', 'fields': 'postings(account(id,number,name),amountGross,amountGrossCurrency)'}
    ┌─ API GET /ledger/voucher
    │  params: {"dateFrom": "2026-01-01", "dateTo": "2026-02-29", "fields": "postings(account(id,number,name),amountGross,amountGrossCurrency)"}
    └─ 200 OK (13.0s) [16 items]
    │  [trim] condensed 16 items → key fields (334 chars)
    │  response: {"fullResultSize": 16, "from": 0, "count": 16, "versionDigest": "'If-None-Match' header not specified", "totalNumberOfPostings": 42, "values": [{}, {}, {}, {}, {}, {}, {}, {}, {}, {}, {}, {}, {}, {}, {}, {}], "_note": "Condensed 16 items to key fields. Use ?query= or ?name= or ?number= to filter, or GET /.../<id> for full details."}
  Iteration 3 took 14.1s

──────────────────────────────────────────────────
  ITERATION 4/25
──────────────────────────────────────────────────
  Tokens: prompt=21652 completion=101 total_session=85141
  GPT says: It seems there was an issue retrieving the detailed postings for the vouchers. I will attempt to fetch the postings again to identify the accounts with the largest increase in expenses.
  Messages: 9 (79,356 chars)
  Tool calls (1):
    [1] tripletex_api({"method":"GET","path":"/ledger/voucher?dateFrom=2026-01-01&dateTo=2026-02-29&fields=postings(account(id,number,name),amountGross,amountGrossCurrency,voucher(id,description,date))"})
    │  [fix] extracted query params from path: {'dateFrom': '2026-01-01', 'dateTo': '2026-02-29', 'fields': 'postings(account(id,number,name),amountGross,amountGrossCurrency,voucher(id,description,date))'}
    ┌─ API GET /ledger/voucher
    │  params: {"dateFrom": "2026-01-01", "dateTo": "2026-02-29", "fields": "postings(account(id,number,name),amountGross,amountGrossCurrency,voucher(id,description,date))"}
    └─ 200 OK (13.4s) [16 items]
    │  [trim] condensed 16 items → key fields (334 chars)
    │  response: {"fullResultSize": 16, "from": 0, "count": 16, "versionDigest": "'If-None-Match' header not specified", "totalNumberOfPostings": 42, "values": [{}, {}, {}, {}, {}, {}, {}, {}, {}, {}, {}, {}, {}, {}, {}, {}], "_note": "Condensed 16 items to key fields. Use ?query= or ?name= or ?number= to filter, or GET /.../<id> for full details."}
  Iteration 4 took 14.9s

──────────────────────────────────────────────────
  ITERATION 5/25
──────────────────────────────────────────────────
  Tokens: prompt=21872 completion=81 total_session=107094
  GPT says: I encountered an issue retrieving the detailed postings for the vouchers. I will attempt a different approach to gather the necessary data to identify the accounts with the largest increase in expenses.
  Messages: 11 (79,892 chars)
  Tool calls (1):
    [1] tripletex_api({"method":"GET","path":"/ledger/voucher?dateFrom=2026-01-01&dateTo=2026-02-29&fields=*"})
    │  [fix] extracted query params from path: {'dateFrom': '2026-01-01', 'dateTo': '2026-02-29', 'fields': '*'}
    ┌─ API GET /ledger/voucher
    │  params: {"dateFrom": "2026-01-01", "dateTo": "2026-02-29", "fields": "*"}
    └─ 200 OK (12.8s) [16 items]
    │  [trim] condensed 16 items → key fields (1954 chars)
    │  response: {"fullResultSize": 16, "from": 0, "count": 16, "versionDigest": "'If-None-Match' header not specified", "totalNumberOfPostings": 42, "values": [{"number": 1, "version": 5, "id": 609459904, "description": "Lønn januar", "date": "2026-01-10"}, {"number": 2, "version": 5, "id": 609460003, "description": "Kontorrekvisita jan", "date": "2026-01-12"}, {"number": 3, "version": 5, "id": 609460220, "description": "IT-utstyr jan", "date": "2026-01-14"}, {"number": 4, "version": 5, "id": 609460264, "description": "Leiekostnader jan", "date": "2026-01-16"}, {"number": 5, "version": 5, "id": 609460358, "description": "Bilkostnader jan", "date": "2026-01-18"}, {"number": 6, "version": 5, "id": 609460514, "description": "Reklame jan", "date": "2026-01-20"}, {"number": 7, "version": 5, "id": 609460608, "description": "Forsikring jan", "date": "2026-01-22"}, {"number": 8, "version": 5, "id": 609460827, "description": "Salgsinntekt jan", "date": "2026-01-25"}, {"number": 9, "version": 5, "id": 609460869, "description": "Lønn februar", "date": "2026-02-10"}, {"number": 10, "version": 5, "id": 609460932, "description": "Kontorrekvisita feb", "date": "2026-02-12"}, {"number": 11, "version": 5, "id": 609461027, "description": "IT-utstyr feb - nytt serverutstyr", "date": "2026-02-14"}, {"number": 12, "version": 5, "id": 609461082, "description": "Leiekostnader feb", "date": "2026-02-16"}, {"number": 13, "version": 5, "id": 609461132, "description": "Bilkostnader feb - nye leasingbiler", "date": "20…
  Iteration 5 took 14.8s

──────────────────────────────────────────────────
  ITERATION 6/25
──────────────────────────────────────────────────
  Tokens: prompt=22720 completion=68 total_session=129882
  GPT says: I will now attempt to retrieve the postings for each voucher to identify the accounts with the largest increase in expenses.
  Messages: 13 (81,970 chars)
  Tool calls (1):
    [1] tripletex_api({"method":"GET","path":"/ledger/voucher/609459904?fields=postings(account(id,number,name),amountGross,amountGrossCurrency)"})
    │  [fix] extracted query params from path: {'fields': 'postings(account(id,number,name),amountGross,amountGrossCurrency)'}
    ┌─ API GET /ledger/voucher/609459904
    │  params: {"fields": "postings(account(id,number,name),amountGross,amountGrossCurrency)"}
    └─ 200 OK (13.5s)
    │  response: {"value": {"postings": [{"account": {"id": 379031730, "number": 5000, "name": "Lønn til ansatte"}, "amountGross": 150000.0, "amountGrossCurrency": 150000.0}, {"account": {"id": 379031544, "number": 1920, "name": "Bankinnskudd"}, "amountGross": -150000.0, "amountGrossCurrency": -150000.0}]}}
  Iteration 6 took 16.5s

──────────────────────────────────────────────────
  ITERATION 7/25
──────────────────────────────────────────────────
  Tokens: prompt=22906 completion=151 total_session=152939
  Messages: 15 (82,261 chars)
  Tool calls (3):
    [1] tripletex_api({"method": "GET", "path": "/ledger/voucher/609460003?fields=postings(account(id,number,name),amountGross,amountGrossCurrency)"})
    [2] tripletex_api({"method": "GET", "path": "/ledger/voucher/609460220?fields=postings(account(id,number,name),amountGross,amountGrossCurrency)"})
    [3] tripletex_api({"method": "GET", "path": "/ledger/voucher/609460264?fields=postings(account(id,number,name),amountGross,amountGrossCurrency)"})
    │  [fix] extracted query params from path: {'fields': 'postings(account(id,number,name),amountGross,amountGrossCurrency)'}
    ┌─ API GET /ledger/voucher/609460003
    │  params: {"fields": "postings(account(id,number,name),amountGross,amountGrossCurrency)"}
    └─ 200 OK (12.0s)
    │  response: {"value": {"postings": [{"account": {"id": 379031799, "number": 6300, "name": "Leie lokale"}, "amountGross": 4000.0, "amountGrossCurrency": 4000.0}, {"account": {"id": 379031544, "number": 1920, "name": "Bankinnskudd"}, "amountGross": -4000.0, "amountGrossCurrency": -4000.0}]}}
    │  [fix] extracted query params from path: {'fields': 'postings(account(id,number,name),amountGross,amountGrossCurrency)'}
    ┌─ API GET /ledger/voucher/609460220
    │  params: {"fields": "postings(account(id,number,name),amountGross,amountGrossCurrency)"}
    └─ 200 OK (13.1s)
    │  response: {"value": {"postings": [{"account": {"id": 379031810, "number": 6500, "name": "Motordrevet verktøy"}, "amountGross": 3000.0, "amountGrossCurrency": 3000.0}, {"account": {"id": 379031603, "number": 2400, "name": "Leverandørgjeld"}, "amountGross": -3000.0, "amountGrossCurrency": -3000.0}, {"account": {"id": 379031625, "number": 2710, "name": "Inngående merverdiavgift, høy sats"}, "amountGross": 600.0, "amountGrossCurrency": 600.0}]}}
    │  [fix] extracted query params from path: {'fields': 'postings(account(id,number,name),amountGross,amountGrossCurrency)'}
    ┌─ API GET /ledger/voucher/609460264
    │  params: {"fields": "postings(account(id,number,name),amountGross,amountGrossCurrency)"}
    └─ 200 OK (13.5s)
    │  response: {"value": {"postings": [{"account": {"id": 379031799, "number": 6300, "name": "Leie lokale"}, "amountGross": 12000.0, "amountGrossCurrency": 12000.0}, {"account": {"id": 379031544, "number": 1920, "name": "Bankinnskudd"}, "amountGross": -12000.0, "amountGrossCurrency": -12000.0}]}}
  Iteration 7 took 40.1s
  [trim] Compressed 1 old tool responses to save tokens

──────────────────────────────────────────────────
  ITERATION 8/25
──────────────────────────────────────────────────
  Tokens: prompt=22695 completion=151 total_session=175785
  Messages: 19 (81,336 chars)
  Tool calls (3):
    [1] tripletex_api({"method": "GET", "path": "/ledger/voucher/609460358?fields=postings(account(id,number,name),amountGross,amountGrossCurrency)"})
    [2] tripletex_api({"method": "GET", "path": "/ledger/voucher/609460514?fields=postings(account(id,number,name),amountGross,amountGrossCurrency)"})
    [3] tripletex_api({"method": "GET", "path": "/ledger/voucher/609460608?fields=postings(account(id,number,name),amountGross,amountGrossCurrency)"})
    │  [fix] extracted query params from path: {'fields': 'postings(account(id,number,name),amountGross,amountGrossCurrency)'}
    ┌─ API GET /ledger/voucher/609460358
    │  params: {"fields": "postings(account(id,number,name),amountGross,amountGrossCurrency)"}
    └─ 200 OK (13.0s)
    │  response: {"value": {"postings": [{"account": {"id": 379031845, "number": 7100, "name": "Bilgodtgjørelse oppgavepliktig"}, "amountGross": 5000.0, "amountGrossCurrency": 5000.0}, {"account": {"id": 379031544, "number": 1920, "name": "Bankinnskudd"}, "amountGross": -5000.0, "amountGrossCurrency": -5000.0}]}}
    │  [fix] extracted query params from path: {'fields': 'postings(account(id,number,name),amountGross,amountGrossCurrency)'}
    ┌─ API GET /ledger/voucher/609460514
    │  params: {"fields": "postings(account(id,number,name),amountGross,amountGrossCurrency)"}
    └─ 200 OK (13.7s)
    │  response: {"value": {"postings": [{"account": {"id": 379031853, "number": 7300, "name": "Salgskostnad"}, "amountGross": 8000.0, "amountGrossCurrency": 8000.0}, {"account": {"id": 379031603, "number": 2400, "name": "Leverandørgjeld"}, "amountGross": -8000.0, "amountGrossCurrency": -8000.0}, {"account": {"id": 379031625, "number": 2710, "name": "Inngående merverdiavgift, høy sats"}, "amountGross": 1600.0, "amountGrossCurrency": 1600.0}]}}
    │  [fix] extracted query params from path: {'fields': 'postings(account(id,number,name),amountGross,amountGrossCurrency)'}
    ┌─ API GET /ledger/voucher/609460608
    │  params: {"fields": "postings(account(id,number,name),amountGross,amountGrossCurrency)"}
    └─ 200 OK (13.7s)
    │  response: {"value": {"postings": [{"account": {"id": 379031858, "number": 7400, "name": "Kontingent, fradragsberettiget"}, "amountGross": 6000.0, "amountGrossCurrency": 6000.0}, {"account": {"id": 379031544, "number": 1920, "name": "Bankinnskudd"}, "amountGross": -6000.0, "amountGrossCurrency": -6000.0}, {"account": {"id": 379031625, "number": 2710, "name": "Inngående merverdiavgift, høy sats"}, "amountGross": 1200.0, "amountGrossCurrency": 1200.0}]}}
  Iteration 8 took 42.7s
  [trim] Compressed 1 old tool responses to save tokens

──────────────────────────────────────────────────
  ITERATION 9/25
──────────────────────────────────────────────────
  Tokens: prompt=22554 completion=206 total_session=198545
  GPT says: I have retrieved the postings for several vouchers. Let's analyze the data to identify the three expense accounts with the largest increase in value from January to February 2026. Once identified, I will create an internal project for each of these accounts and an activity for each project.
  Messages: 23 (80,879 chars)
  Tool calls (3):
    [1] tripletex_api({"method": "GET", "path": "/ledger/voucher/609460703?fields=postings(account(id,number,name),amountGross,amountGrossCurrency)"})
    [2] tripletex_api({"method": "GET", "path": "/ledger/voucher/609460798?fields=postings(account(id,number,name),amountGross,amountGrossCurrency)"})
    [3] tripletex_api({"method": "GET", "path": "/ledger/voucher/609460893?fields=postings(account(id,number,name),amountGross,amountGrossCurrency)"})
    │  [fix] extracted query params from path: {'fields': 'postings(account(id,number,name),amountGross,amountGrossCurrency)'}
    ┌─ API GET /ledger/voucher/609460703
    │  params: {"fields": "postings(account(id,number,name),amountGross,amountGrossCurrency)"}
    └─ 404 ERR (12.9s) {"status": 404, "code": 6000, "message": "Object not found", "link": "https://tripletex.no/v2-docs/", "developerMessage": null, "validationMessages": null, "requestId": "f89b5610-f147-4f03-9a9f-b6b3317ed037", "_status_code": 404}
    │  response: {"status": 404, "code": 6000, "message": "Object not found", "link": "https://tripletex.no/v2-docs/", "developerMessage": null, "validationMessages": null, "requestId": "f89b5610-f147-4f03-9a9f-b6b3317ed037", "_status_code": 404}
    │  [fix] extracted query params from path: {'fields': 'postings(account(id,number,name),amountGross,amountGrossCurrency)'}
    ┌─ API GET /ledger/voucher/609460798
    │  params: {"fields": "postings(account(id,number,name),amountGross,amountGrossCurrency)"}
    └─ 404 ERR (13.5s) {"status": 404, "code": 6000, "message": "Object not found", "link": "https://tripletex.no/v2-docs/", "developerMessage": null, "validationMessages": null, "requestId": "7a0d6ddf-3a2e-48ff-abf9-9d7fe0f76c17", "_status_code": 404}
    │  response: {"status": 404, "code": 6000, "message": "Object not found", "link": "https://tripletex.no/v2-docs/", "developerMessage": null, "validationMessages": null, "requestId": "7a0d6ddf-3a2e-48ff-abf9-9d7fe0f76c17", "_status_code": 404}
    │  [fix] extracted query params from path: {'fields': 'postings(account(id,number,name),amountGross,amountGrossCurrency)'}
    ┌─ API GET /ledger/voucher/609460893
    │  params: {"fields": "postings(account(id,number,name),amountGross,amountGrossCurrency)"}
    └─ 404 ERR (13.0s) {"status": 404, "code": 6000, "message": "Object not found", "link": "https://tripletex.no/v2-docs/", "developerMessage": null, "validationMessages": null, "requestId": "e018ca36-be88-4273-9c6f-470c27a8b9c4", "_status_code": 404}
    │  response: {"status": 404, "code": 6000, "message": "Object not found", "link": "https://tripletex.no/v2-docs/", "developerMessage": null, "validationMessages": null, "requestId": "e018ca36-be88-4273-9c6f-470c27a8b9c4", "_status_code": 404}
  Iteration 9 took 42.4s

──────────────────────────────────────────────────
  ITERATION 10/25
──────────────────────────────────────────────────

  ⏰ TIME LIMIT (pre-GPT) — 212s, not enough time for another GPT call

  ⚠ Max iterations reached. Elapsed: 211.7s, Tokens: 198545

======================================================================
  TASK COMPLETE — total 211.7s
======================================================================

