
======================================================================
  NEW TASK RECEIVED
  Version: unknown
======================================================================
  Prompt: Créez trois départements dans Tripletex : "Logistikk", "Kundeservice" et "Administrasjon".
  Files:  0
  URL:    https://tx-proxy-jwanbnu3pq-lz.a.run.app/v2
──────────────────────────────────────────────────────────────────────

──────────────────────────────────────────────────
  ITERATION 1/25
──────────────────────────────────────────────────
  Tokens: prompt=14278 completion=34 total_session=14312
  Messages: 3 (53,515 chars)
  Tool calls (1):
    [1] tripletex_api({"method":"POST","path":"/department","body":{"name":"Logistikk","departmentNumber":"1"}})
    ┌─ API POST /department
    │  body:   {"name": "Logistikk", "departmentNumber": "1"}
    └─ 201 OK (3.9s) id=943606 name=Logistikk
    │  response: {"value": {"id": 943606, "version": 0, "url": "kkpqfuj-amager.tripletex.dev/v2/department/943606", "name": "Logistikk", "departmentNumber": "1", "departmentManager": null, "displayName": "1 Logistikk", "isInactive": false, "businessActivityTypeId": 0}}
  Iteration 1 took 4.9s

──────────────────────────────────────────────────
  ITERATION 2/25
──────────────────────────────────────────────────
  Tokens: prompt=14406 completion=34 total_session=28752
  Messages: 5 (53,767 chars)
  Tool calls (1):
    [1] tripletex_api({"method":"POST","path":"/department","body":{"name":"Kundeservice","departmentNumber":"2"}})
    ┌─ API POST /department
    │  body:   {"name": "Kundeservice", "departmentNumber": "2"}
    └─ 201 OK (3.1s) id=943611 name=Kundeservice
    │  response: {"value": {"id": 943611, "version": 0, "url": "kkpqfuj-amager.tripletex.dev/v2/department/943611", "name": "Kundeservice", "departmentNumber": "2", "departmentManager": null, "displayName": "2 Kundeservice", "isInactive": false, "businessActivityTypeId": 0}}
  Iteration 2 took 3.8s

──────────────────────────────────────────────────
  ITERATION 3/25
──────────────────────────────────────────────────
  Tokens: prompt=14534 completion=33 total_session=43319
  Messages: 7 (54,025 chars)
  Tool calls (1):
    [1] tripletex_api({"method":"POST","path":"/department","body":{"name":"Administrasjon","departmentNumber":"3"}})
    ┌─ API POST /department
    │  body:   {"name": "Administrasjon", "departmentNumber": "3"}
    └─ 201 OK (3.2s) id=943616 name=Administrasjon
    │  response: {"value": {"id": 943616, "version": 0, "url": "kkpqfuj-amager.tripletex.dev/v2/department/943616", "name": "Administrasjon", "departmentNumber": "3", "departmentManager": null, "displayName": "3 Administrasjon", "isInactive": false, "businessActivityTypeId": 0}}
  Iteration 3 took 4.1s

──────────────────────────────────────────────────
  ITERATION 4/25
──────────────────────────────────────────────────
  Tokens: prompt=14659 completion=9 total_session=57987
  Messages: 9 (54,287 chars)
  Tool calls (1):
    [1] done()

  ⏳ Verifying task completion (267s remaining)...
  📋 Verification prompt (2442 chars):
    │ TASK: Créez trois départements dans Tripletex : "Logistikk", "Kundeservice" et "Administrasjon".
    │ 
    │ TASK TYPE: Department creation.
    │ Check: all requested departments created with correct names and unique departmentNumbers.
    │ 
    │ ACTION LOG (chronological):
    │ CALL: tripletex_api({"method":"POST","path":"/department","body":{"name":"Logistikk","departmentNumber":"1"}})
    │ status=ok id=943606 name=Logistikk
    │ CALL: tripletex_api({"method":"POST","path":"/department","body":{"name":"Kundeservice","departmentNumber":"2"}})
    │ status=ok id=943611 name=Kundeservice
    │ CALL: tripletex_api({"method":"POST","path":"/department","body":{"name":"Administrasjon","departmentNumber":"3"}})
    │ status=ok id=943616 name=Administrasjon
    │ CALL: done({})
    │ 
    │ You are an accounting verification agent. Based ONLY on the action log above, check:
    │ 1. MATH: All amounts, percentages, VAT calculations correct? (e.g. if task says 50% of 274950, invoice total incl VAT must be 137475)
    │ 2. COMPLETENESS: Were all steps in the task done? Look at the CALL entries — if the action log shows the step was performed with status=ok, it WAS done. Do NOT say a step is missing if you can see it in the log!
    │ IMPORTANT: 'Fakturer'/'Invoice' just means create an invoice — do NOT require sending unless the task explicitly says send/sende/enviar/envoyer/senden!
    │ 3. DATA: Names, org numbers, dates match the task?
    │ 4. AMOUNTS: If any created entity shows amount=0 or totalAmount=0 in the response, that is WRONG — the postings failed silently. EXCEPTION: Supplier invoice (supplierInvoice) responses normally show amount=0 — this is OK.
    │ 5. BUDGET vs INVOICE: NEVER flag a mismatch between project budget and invoice total. For fixed-price projects the invoice excl. VAT matches the fixedprice — this is CORRECT. For other projects, invoice is based on actual work/costs. Either way, do NOT fail on budget vs invoice differences.
    │ 
    │ CRITICAL: Be CONSERVATIVE. When in doubt, say PASS.
    │ Only say FAIL for CLEAR, OBJECTIVE, SPECIFIC errors (wrong math, completely missing step, wrong name).
    │ Do NOT say FAIL for: vague concerns, 'might be wrong', uncertain issues, minor stylistic differences, or steps you cannot confirm from the log (absence of evidence is NOT evidence of absence).
    │ If the action log shows all main steps completed with status=ok, say PASS.
    │ 
    │ Reply ONLY with either:
    │ - 'PASS' if everything looks correct or you are unsure
    │ - 'FAIL: <specific issue>' ONLY if there is an obvious, objective error
  🔍 Verification (600 tokens): PASS

  ✓ DONE — 4 iterations, 57987 tokens, 13.3s

======================================================================
  TASK COMPLETE — total 13.7s
======================================================================

