
======================================================================
  NEW TASK RECEIVED
  Version: 2bd4c99
======================================================================
  Prompt: Créez une facture pour le client Océan SARL (nº org. 974909103) avec trois lignes de produit : Développement système (9068) à 11000 NOK avec 25 % TVA, Licence logicielle (3111) à 7350 NOK avec 15 % TVA (alimentaire), et Session de formation (9564) à 13150 NOK avec 0 % TVA (exonéré).
  Files:  0
  URL:    https://tx-proxy-jwanbnu3pq-lz.a.run.app/v2
──────────────────────────────────────────────────────────────────────
  [pre] Invoice/credit/payment task detected — ensuring bank account...
    ┌─ API GET /invoice/settings
    └─ 200 OK (0.9s) id=981479
    ┌─ API GET /ledger/account
    │  params: {"isBankAccount": "true", "count": 10}
    └─ 200 OK (1.0s) [2 items]
  [bank] found account 1920 id=483212225 v=0
    ┌─ API PUT /ledger/account/483212225
    │  body:   {"id": 483212225, "version": 0, "number": 1920, "name": "Bankinnskudd", "bankAccountNumber": "15030100112"}
  [github] Log pushed: 20260322_011006_9052_task_ok_6iter_create_three_departments.log (attempt 1)
    └─ 200 OK (0.9s) id=483212225 name=Bankinnskudd
  [bank] bank account set OK
  [pre] Bank account setup: OK

──────────────────────────────────────────────────
  ITERATION 1/25
──────────────────────────────────────────────────
  Tokens: prompt=17926 completion=127 total_session=18053
  GPT says: To complete this task, we need to:

1. Create the customer "Océan SARL".
2. Look up the VAT types needed for the products (25%, 15%, and 0%).
3. Create each product using the appropriate VAT type.
4. Create an order for the customer.
5. Add order lines for each product.
6. Create the invoice.

Let's start by creating the customer.
  Messages: 3 (67,245 chars)
  Tool calls (1):
    [1] tripletex_api({"method":"POST","path":"/customer","body":{"name":"Océan SARL","isCustomer":true,"organizationNumber":"974909103"}})
    ┌─ API POST /customer
    │  body:   {"name": "Océan SARL", "isCustomer": true, "organizationNumber": "974909103"}
    └─ 201 OK (0.9s) id=108489392 name=Océan SARL
    │  response: {"value": {"id": 108489392, "version": 1, "url": "kkpqfuj-amager.tripletex.dev/v2/customer/108489392", "name": "Océan SARL", "organizationNumber": "974909103", "globalLocationNumber": 0, "supplierNumber": 0, "customerNumber": 10002, "isSupplier": false, "isCustomer": true, "isInactive": false, "accountManager": null, "department": null, "email": "", "invoiceEmail": "", "overdueNoticeEmail": "", "phoneNumber": "", "phoneNumberMobile": "", "description": "", "language": "NO", "displayName": "Océan SARL (10002)", "isPrivateIndividual": false, "singleCustomerInvoice": false, "invoiceSendMethod": "EMAIL", "emailAttachmentType": "ATTACHMENT", "postalAddress": {"id": 405825594, "url": "kkpqfuj-amager.tripletex.dev/v2/address/405825594"}, "physicalAddress": {"id": 405825593, "url": "kkpqfuj-amager.tripletex.dev/v2/address/405825593"}, "deliveryAddress": null, "category1": null, "category2": null, "category3": null, "invoicesDueIn": 14, "invoicesDueInType": "DAYS", "currency": {"id": 1, "url": "kkpqfuj-amager.tripletex.dev/v2/currency/1"}, "bankAccountPresentation": [], "ledgerAccount": {"id": 483212169, "url": "kkpqfuj-amager.tripletex.dev/v2/ledger/account/483212169"}, "isFactoring": false, "invoiceSendSMSNotification": false, "invoiceSMSNotificationNumber": "", "isAutomaticSoftReminderEnabled": false, "isAutomaticReminderEnabled": false, "isAutomaticNoticeOfDebtCollectionEnabled": false, "discountPercentage": 0, "website": ""}}
  Iteration 1 took 4.3s

──────────────────────────────────────────────────
  ITERATION 2/25
──────────────────────────────────────────────────
  Tokens: prompt=18503 completion=24 total_session=36580
  Messages: 5 (68,690 chars)
  Tool calls (1):
    [1] tripletex_api({"method":"GET","path":"/ledger/vatType"})
    ┌─ API GET /ledger/vatType
    └─ 200 OK (0.8s) [56 items]
    │  [trim] condensed 56 items → key fields (10092 chars)
    │  response: {"fullResultSize": 56, "from": 0, "count": 56, "versionDigest": "'If-None-Match' header not specified", "values": [{"displayName": "1: (25%) Fradrag inngående avgift, høy sats", "number": "1", "version": 0, "id": 1, "name": "Fradrag inngående avgift, høy sats"}, {"displayName": "UT-2: (100%) Direktepostert fradrag inngående avgift, høy sats (mva-kode utgikk 01.01.2017)", "number": "UT-2", "version": 0, "id": 2, "name": "Direktepostert fradrag inngående avgift, høy sats (mva-kode utgikk 01.01.2017)"}, {"displayName": "3: (25%) Utgående avgift, høy sats", "number": "3", "version": 0, "id": 3, "name": "Utgående avgift, høy sats"}, {"displayName": "4: (100%) Direktepostert utgående avgift, høy sats", "number": "4", "version": 0, "id": 4, "name": "Direktepostert utgående avgift, høy sats"}, {"displayName": "5: (0%) Ingen utgående avgift (innenfor mva-loven)", "number": "5", "version": 0, "id": 5, "name": "Ingen utgående avgift (innenfor mva-loven)"}, {"displayName": "6: (0%) Ingen utgående avgift (utenfor mva-loven)", "number": "6", "version": 0, "id": 6, "name": "Ingen utgående avgift (utenfor mva-loven)"}, {"displayName": "7: (0%) Ingen avgiftsbehandling (inntekter)", "number": "7", "version": 0, "id": 7, "name": "Ingen avgiftsbehandling (inntekter)"}, {"displayName": "11: (15%) Fradrag inngående avgift, middels sats", "number": "11", "version": 0, "id": 11, "name": "Fradrag inngående avgift, middels sats"}, {"displayName": "13: (12%) Fradrag inngående avgift, lav sats", "number…
  Iteration 2 took 3.1s

──────────────────────────────────────────────────
  ITERATION 3/25
──────────────────────────────────────────────────
  Tokens: prompt=21444 completion=194 total_session=58218
  GPT says: Now that we have the VAT types, let's map them to each product's requirements:

- **Développement système** (9068) needs 25% VAT: Use `id: 3` ("Utgående avgift, høy sats").
- **Licence logicielle** (3111) needs 15% VAT: Use `id: 31` ("Utgående avgift, middels sats").
- **Session de formation** (9564) needs 0% VAT (exempt): Use `id: 5` ("Ingen utgående avgift (innenfor mva-loven)").

Next, we'll create each product with the appropriate VAT configuration. Let's start with "Développement système".
  Messages: 7 (77,203 chars)
  Tool calls (1):
    [1] tripletex_api({"method":"POST","path":"/product","body":{"name":"Développement système","number":"9068","priceExcludingVatCurrency":11000,"vatType":{"id":3}}})
    ┌─ API POST /product
    │  body:   {"name": "Développement système", "number": "9068", "priceExcludingVatCurrency": 11000, "vatType": {"id": 3}}
    └─ 422 ERR (0.5s) {"status": 422, "code": 18000, "message": "Validering feilet.", "link": "https://tripletex.no/v2-docs/", "developerMessage": "VALIDATION_ERROR", "validationMessages": [{"field": "number", "message": "Produktnummeret 9068 er i bruk.", "path": null, "rootId": null}], "requestId": "59c4eb87-e1cd-4d60-b573-f518031fa25e", "_status_code": 422}
    │  response: {"status": 422, "code": 18000, "message": "Validering feilet.", "link": "https://tripletex.no/v2-docs/", "developerMessage": "VALIDATION_ERROR", "validationMessages": [{"field": "number", "message": "Produktnummeret 9068 er i bruk.", "path": null, "rootId": null}], "requestId": "59c4eb87-e1cd-4d60-b573-f518031fa25e", "_status_code": 422}
  Iteration 3 took 6.9s

──────────────────────────────────────────────────
  ITERATION 4/25
──────────────────────────────────────────────────
  Tokens: prompt=21766 completion=27 total_session=80011
  Messages: 9 (77,542 chars)
  Tool calls (1):
    [1] tripletex_api({"method":"GET","path":"/product","params":{"fields":"*"}})
    ┌─ API GET /product
    │  params: {"fields": "*"}
    └─ 200 OK (0.9s) [3 items]
    │  response: {"fullResultSize": 3, "from": 0, "count": 3, "versionDigest": "'If-None-Match' header not specified", "values": [{"id": 84427423, "version": 0, "url": "kkpqfuj-amager.tripletex.dev/v2/product/84427423", "name": "Développement système", "number": "9068", "displayNumber": "9068", "description": "", "orderLineDescription": "", "costExcludingVatCurrency": 0, "costPrice": 0, "priceExcludingVatCurrency": 11000.0, "priceIncludingVatCurrency": 13750.0, "isInactive": false, "productUnit": null, "incomingStock": 0, "outgoingStock": 0, "vatType": {"id": 3, "url": "kkpqfuj-amager.tripletex.dev/v2/ledger/vatType/3"}, "currency": {"id": 1, "url": "kkpqfuj-amager.tripletex.dev/v2/currency/1"}, "department": null, "account": null, "supplier": null, "resaleProduct": null, "isDeletable": false, "hasSupplierProductConnected": false, "image": null, "displayName": "9068 Développement système", "mainSupplierProduct": null, "isRoundPriceIncVat": false, "priceInTargetCurrency": 0, "purchasePriceCurrency": 0}, {"id": 84427424, "version": 0, "url": "kkpqfuj-amager.tripletex.dev/v2/product/84427424", "name": "Licence logicielle", "number": "3111", "displayNumber": "3111", "description": "", "orderLineDescription": "", "costExcludingVatCurrency": 0, "costPrice": 0, "priceExcludingVatCurrency": 7350.0, "priceIncludingVatCurrency": 8452.5, "isInactive": false, "productUnit": null, "incomingStock": 0, "outgoingStock": 0, "vatType": {"id": 31, "url": "kkpqfuj-amager.tripletex.dev/v2/ledger/vatType/31"}, "cu…
  Iteration 4 took 1.8s

──────────────────────────────────────────────────
  ITERATION 5/25
──────────────────────────────────────────────────
  Tokens: prompt=22709 completion=163 total_session=102883
  GPT says: The products already exist in the system with the correct details:

- **Développement système** (9068): Price excluding VAT is 11,000 NOK and VAT is 25%.
- **Licence logicielle** (3111): Price excluding VAT is 7,350 NOK and VAT is 15%.
- **Session de formation** (9564): Price excluding VAT is 13,150 NOK and VAT is 0%.

Now, let's create an order for the customer "Océan SARL" and include these products in the order lines.
  Messages: 11 (80,735 chars)
  Tool calls (1):
    [1] tripletex_api({"method":"POST","path":"/order","body":{"customer":{"id":108489392},"orderDate":"2026-03-22","deliveryDate":"2026-03-22"}})
    ┌─ API POST /order
    │  body:   {"customer": {"id": 108489392}, "orderDate": "2026-03-22", "deliveryDate": "2026-03-22"}
    └─ 201 OK (0.8s) id=402053608
    │  response: {"value": {"id": 402053608, "version": 0, "url": "kkpqfuj-amager.tripletex.dev/v2/order/402053608", "customer": {"id": 108489392, "url": "kkpqfuj-amager.tripletex.dev/v2/customer/108489392"}, "contact": null, "attn": null, "displayName": "1 Ordre", "receiverEmail": "", "overdueNoticeEmail": "", "number": "1", "reference": "", "department": null, "orderDate": "2026-03-22", "project": null, "invoiceComment": "", "currency": {"id": 1, "url": "kkpqfuj-amager.tripletex.dev/v2/currency/1"}, "invoicesDueIn": 14, "invoicesDueInType": "DAYS", "isShowOpenPostsOnInvoices": false, "isClosed": false, "deliveryDate": "2026-03-22", "deliveryAddress": null, "deliveryComment": "", "isPrioritizeAmountsIncludingVat": false, "orderLineSorting": "PRODUCT", "orderGroups": [], "orderLines": [], "isSubscription": false, "subscriptionDuration": 0, "subscriptionDurationType": "MONTHS", "subscriptionPeriodsOnInvoice": 0, "subscriptionPeriodsOnInvoiceType": "MONTHS", "subscriptionInvoicingTimeInAdvanceOrArrears": "ADVANCE", "subscriptionInvoicingTime": 0, "subscriptionInvoicingTimeType": "MONTHS", "isSubscriptionAutoInvoicing": false, "preliminaryInvoice": {"id": 2147661651, "url": "kkpqfuj-amager.tripletex.dev/v2/invoice/2147661651"}, "attachment": [], "sendMethodDescription": "Faktura må sendes manuelt.", "invoiceOnAccountVatHigh": false, "totalInvoicedOnAccountAmountAbsoluteCurrency": 0.0, "invoiceSendSMSNotification": false, "invoiceSMSNotificationNumber": "", "markUpOrderLines": 0, "discountPercent…
  Iteration 5 took 3.1s

──────────────────────────────────────────────────
  ITERATION 6/25
──────────────────────────────────────────────────
  Tokens: prompt=23380 completion=45 total_session=126308
  Messages: 13 (82,365 chars)
  Tool calls (1):
    [1] tripletex_api({"method":"POST","path":"/order/orderline","body":{"order":{"id":402053608},"product":{"id":84427423},"count":1}})
    ┌─ API POST /order/orderline
    │  body:   {"order": {"id": 402053608}, "product": {"id": 84427423}, "count": 1}
    └─ 201 OK (1.0s) id=1607589975
    │  response: {"value": {"id": 1607589975, "version": 1, "url": "kkpqfuj-amager.tripletex.dev/v2/order/orderline/1607589975", "product": {"id": 84427423, "url": "kkpqfuj-amager.tripletex.dev/v2/product/84427423"}, "inventory": null, "description": "", "displayName": "9068 Développement système", "count": 1.0, "unitCostCurrency": 0.0, "unitPriceExcludingVatCurrency": 11000.0, "currency": {"id": 1, "url": "kkpqfuj-amager.tripletex.dev/v2/currency/1"}, "markup": 0.0, "discount": 0.0, "vatType": {"id": 3, "url": "kkpqfuj-amager.tripletex.dev/v2/ledger/vatType/3"}, "amountExcludingVatCurrency": 11000.0, "amountIncludingVatCurrency": 13750.0, "vendor": null, "order": {"id": 402053608, "url": "kkpqfuj-amager.tripletex.dev/v2/order/402053608"}, "unitPriceIncludingVatCurrency": 13750.0, "isSubscription": false, "subscriptionPeriodStart": null, "subscriptionPeriodEnd": null, "orderGroup": null, "sortIndex": 0, "isPicked": false, "pickedDate": null, "orderedQuantity": 0, "isCharged": false}}
  Iteration 6 took 2.1s

──────────────────────────────────────────────────
  ITERATION 7/25
──────────────────────────────────────────────────
  Tokens: prompt=23778 completion=45 total_session=150131
  Messages: 15 (83,346 chars)
  Tool calls (1):
    [1] tripletex_api({"method":"POST","path":"/order/orderline","body":{"order":{"id":402053608},"product":{"id":84427424},"count":1}})
    ┌─ API POST /order/orderline
    │  body:   {"order": {"id": 402053608}, "product": {"id": 84427424}, "count": 1}
    └─ 201 OK (3.2s) id=1607589977
    │  response: {"value": {"id": 1607589977, "version": 1, "url": "kkpqfuj-amager.tripletex.dev/v2/order/orderline/1607589977", "product": {"id": 84427424, "url": "kkpqfuj-amager.tripletex.dev/v2/product/84427424"}, "inventory": null, "description": "", "displayName": "3111 Licence logicielle", "count": 1.0, "unitCostCurrency": 0.0, "unitPriceExcludingVatCurrency": 7350.0, "currency": {"id": 1, "url": "kkpqfuj-amager.tripletex.dev/v2/currency/1"}, "markup": 0.0, "discount": 0.0, "vatType": {"id": 31, "url": "kkpqfuj-amager.tripletex.dev/v2/ledger/vatType/31"}, "amountExcludingVatCurrency": 7350.0, "amountIncludingVatCurrency": 8452.5, "vendor": null, "order": {"id": 402053608, "url": "kkpqfuj-amager.tripletex.dev/v2/order/402053608"}, "unitPriceIncludingVatCurrency": 8452.5, "isSubscription": false, "subscriptionPeriodStart": null, "subscriptionPeriodEnd": null, "orderGroup": null, "sortIndex": 0, "isPicked": false, "pickedDate": null, "orderedQuantity": 0, "isCharged": false}}
  Iteration 7 took 4.0s

──────────────────────────────────────────────────
  ITERATION 8/25
──────────────────────────────────────────────────
  Tokens: prompt=24176 completion=45 total_session=174352
  Messages: 17 (84,322 chars)
  Tool calls (1):
    [1] tripletex_api({"method":"POST","path":"/order/orderline","body":{"order":{"id":402053608},"product":{"id":84427425},"count":1}})
    ┌─ API POST /order/orderline
    │  body:   {"order": {"id": 402053608}, "product": {"id": 84427425}, "count": 1}
    └─ 201 OK (1.3s) id=1607589978
    │  response: {"value": {"id": 1607589978, "version": 1, "url": "kkpqfuj-amager.tripletex.dev/v2/order/orderline/1607589978", "product": {"id": 84427425, "url": "kkpqfuj-amager.tripletex.dev/v2/product/84427425"}, "inventory": null, "description": "", "displayName": "9564 Session de formation", "count": 1.0, "unitCostCurrency": 0.0, "unitPriceExcludingVatCurrency": 13150.0, "currency": {"id": 1, "url": "kkpqfuj-amager.tripletex.dev/v2/currency/1"}, "markup": 0.0, "discount": 0.0, "vatType": {"id": 6, "url": "kkpqfuj-amager.tripletex.dev/v2/ledger/vatType/6"}, "amountExcludingVatCurrency": 13150.0, "amountIncludingVatCurrency": 13150.0, "vendor": null, "order": {"id": 402053608, "url": "kkpqfuj-amager.tripletex.dev/v2/order/402053608"}, "unitPriceIncludingVatCurrency": 13150.0, "isSubscription": false, "subscriptionPeriodStart": null, "subscriptionPeriodEnd": null, "orderGroup": null, "sortIndex": 0, "isPicked": false, "pickedDate": null, "orderedQuantity": 0, "isCharged": false}}
  Iteration 8 took 2.4s

──────────────────────────────────────────────────
  ITERATION 9/25
──────────────────────────────────────────────────
  Tokens: prompt=24574 completion=54 total_session=198980
  Messages: 19 (85,302 chars)
  Tool calls (1):
    [1] tripletex_api({"method":"POST","path":"/invoice","body":{"invoiceDate":"2026-03-22","invoiceDueDate":"2026-04-05","orders":[{"id":402053608}]}})
    ┌─ API POST /invoice
    │  body:   {"invoiceDate": "2026-03-22", "invoiceDueDate": "2026-04-05", "orders": [{"id": 402053608}]}
    └─ 201 OK (1.1s) id=2147661657
    │  response: {"value": {"id": 2147661657, "version": 3, "url": "kkpqfuj-amager.tripletex.dev/v2/invoice/2147661657", "invoiceNumber": 1, "invoiceDate": "2026-03-22", "customer": {"id": 108489392, "url": "kkpqfuj-amager.tripletex.dev/v2/customer/108489392"}, "creditedInvoice": 0, "isCredited": false, "invoiceDueDate": "2026-04-05", "kid": "", "invoiceComment": "", "comment": "", "orders": [{"id": 402053608, "url": "kkpqfuj-amager.tripletex.dev/v2/order/402053608"}], "orderLines": [{"id": 1607589977, "url": "kkpqfuj-amager.tripletex.dev/v2/order/orderline/1607589977"}, {"id": 1607589975, "url": "kkpqfuj-amager.tripletex.dev/v2/order/orderline/1607589975"}, {"id": 1607589978, "url": "kkpqfuj-amager.tripletex.dev/v2/order/orderline/1607589978"}], "travelReports": [], "projectInvoiceDetails": [{"id": 1965808103, "url": "kkpqfuj-amager.tripletex.dev/v2/invoice/details/1965808103"}], "voucher": {"id": 609255458, "url": "kkpqfuj-amager.tripletex.dev/v2/ledger/voucher/609255458"}, "deliveryDate": "2026-03-22", "amount": 35352.5, "amountCurrency": 35352.5, "amountExcludingVat": 31500.0, "amountExcludingVatCurrency": 31500.0, "amountRoundoff": 0, "amountRoundoffCurrency": 0, "amountOutstanding": 35352.5, "amountCurrencyOutstanding": 35352.5, "amountOutstandingTotal": 35352.5, "amountCurrencyOutstandingTotal": 35352.5, "sumRemits": 0, "currency": {"id": 1, "url": "kkpqfuj-amager.tripletex.dev/v2/currency/1"}, "isCreditNote": false, "isCharged": true, "isApproved": false, "postings": [{"id": 384607997…
  Iteration 9 took 2.2s

──────────────────────────────────────────────────
  ITERATION 10/25
──────────────────────────────────────────────────
  Tokens: prompt=25243 completion=9 total_session=224232
  Messages: 21 (86,996 chars)
  Tool calls (1):
    [1] done()

  ⏳ Verifying task completion (255s remaining)...
  📋 Verification prompt (4068 chars):
    │ TASK: Créez une facture pour le client Océan SARL (nº org. 974909103) avec trois lignes de produit : Développement système (9068) à 11000 NOK avec 25 % TVA, Licence logicielle (3111) à 7350 NOK avec 15 % TVA (alimentaire), et Session de formation (9564) à 13150 NOK avec 0 % TVA (exonéré).
    │ 
    │ 
    │ ACTION LOG (chronological):
    │ CALL: tripletex_api({"method":"POST","path":"/customer","body":{"name":"Océan SARL","isCustomer":true,"organizationNumber":"974909103"}})
    │ status=ok id=108489392 name=Océan SARL
    │ CALL: tripletex_api({"method":"GET","path":"/ledger/vatType"})
    │ CALL: tripletex_api({"method":"POST","path":"/product","body":{"name":"Développement système","number":"9068","priceExcludingVatCurrency":11000,"vatType":{"id":3}}})
    │ status=422
    │ CALL: tripletex_api({"method":"GET","path":"/product","params":{"fields":"*"}})
    │ status=ok
    │ CALL: tripletex_api({"method":"POST","path":"/order","body":{"customer":{"id":108489392},"orderDate":"2026-03-22","deliveryDate":"2026-03-22"}})
    │ status=ok id=402053608
    │ CALL: tripletex_api({"method":"POST","path":"/order/orderline","body":{"order":{"id":402053608},"product":{"id":84427423},"count":1}})
    │ status=ok id=1607589975 count=1.0
    │ CALL: tripletex_api({"method":"POST","path":"/order/orderline","body":{"order":{"id":402053608},"product":{"id":84427424},"count":1}})
    │ status=ok id=1607589977 count=1.0
    │ CALL: tripletex_api({"method":"POST","path":"/order/orderline","body":{"order":{"id":402053608},"product":{"id":84427425},"count":1}})
    │ status=ok id=1607589978 count=1.0
    │ CALL: tripletex_api({"method":"POST","path":"/invoice","body":{"invoiceDate":"2026-03-22","invoiceDueDate":"2026-04-05","orders":[{"id":402053608}]}})
    │ status=ok id=2147661657 amount=35352.5 amountCurrency=35352.5 invoiceNumber=1
    │ CALL: done({})
    │ 
    │ You are an accounting verification agent. Based ONLY on the action log above, check:
    │ 1. MATH: All amounts, percentages, VAT calculations correct? (e.g. if task says 50% of 274950, invoice total incl VAT must be 137475)
    │ 2. COMPLETENESS: Were all steps in the task done? Look at the CALL entries — if the action log shows the step was performed with status=ok, it WAS done. Do NOT say a step is missing if you can see it in the log!
    │ IMPORTANT: 'Fakturer'/'Invoice' just means create an invoice — do NOT require sending unless the task explicitly says send/sende/enviar/envoyer/senden!
    │ 3. DATA: Names, org numbers, dates match the task?
    │ 4. AMOUNTS: If any created entity shows amount=0 or totalAmount=0 in the response, that is WRONG — the postings failed silently. EXCEPTION: Supplier invoice (supplierInvoice) responses normally show amount=0 — this is OK.
    │ 5. BUDGET vs INVOICE: NEVER flag a mismatch between project budget and invoice total. For fixed-price projects the invoice excl. VAT matches the fixedprice — this is CORRECT. For other projects, invoice is based on actual work/costs. Either way, do NOT fail on budget vs invoice differences.
    │ 6. PAYMENT AMOUNTS: Invoice payments and reversals use the FULL amount INCLUDING VAT, not excl. VAT. If the task says 'X NOK excl. VAT', the correct payment/reversal amount is X × 1.25 (Norwegian 25% VAT). Do NOT flag a mismatch between excl. VAT amounts in the task and incl. VAT payment amounts.
    │ 7. VAT BREAKDOWN: If the total invoice amount matches the expected sum, do NOT fail on 'VAT breakdown not reflected' or similar vague VAT concerns. Only fail if a specific line item has the WRONG VAT rate applied.
    │ 
    │ CRITICAL: Be CONSERVATIVE. When in doubt, say PASS.
    │ Only say FAIL for CLEAR, OBJECTIVE, SPECIFIC errors (wrong math, completely missing step, wrong name).
    │ Do NOT say FAIL for: vague concerns, 'might be wrong', uncertain issues, minor stylistic differences, or steps you cannot confirm from the log (absence of evidence is NOT evidence of absence).
    │ A false FAIL causes MORE damage than a missed error. When uncertain, ALWAYS say PASS.
    │ If the action log shows all main steps completed with status=ok, say PASS.
    │ 
    │ Reply ONLY with either:
    │ - 'PASS' if everything looks correct or you are unsure
    │ - 'FAIL: <specific issue>' ONLY if there is an obvious, objective error
  🔍 Verification (1103 tokens): PASS

  ✓ DONE — 10 iterations, 224232 tokens, 35.0s

======================================================================
  TASK COMPLETE — total 35.6s
======================================================================

