
======================================================================
  NEW TASK RECEIVED
  Version: unknown
======================================================================
  Prompt: O pagamento de Montanha Lda (org. nº 912922324) referente à fatura "Consultoria de dados" (15400 NOK sem IVA) foi devolvido pelo banco. Reverta o pagamento para que a fatura volte a mostrar o montante em aberto.
  Files:  0
  URL:    https://tx-proxy-jwanbnu3pq-lz.a.run.app/v2
──────────────────────────────────────────────────────────────────────
  [pre] Invoice/credit/payment task detected — ensuring bank account...
    ┌─ API GET /invoice/settings
  [github] Log pushed: 20260321_211746_6047_employee_ok_17iter_du_har_mottatt.log (attempt 1)
    └─ 200 OK (1.3s) id=773912
  [bank] already ready
  [pre] Bank account setup: OK

──────────────────────────────────────────────────
  ITERATION 1/25
──────────────────────────────────────────────────
  Tokens: prompt=15780 completion=45 total_session=15825
  Messages: 3 (59,207 chars)
  Tool calls (1):
    [1] tripletex_api({"method":"GET","path":"/invoice","params":{"invoiceDateFrom":"2000-01-01","invoiceDateTo":"2030-12-31"}})
    ┌─ API GET /invoice
    │  params: {"invoiceDateFrom": "2000-01-01", "invoiceDateTo": "2030-12-31"}
    └─ 200 OK (1.7s) [1 items]
    │  response: {"fullResultSize": 1, "from": 0, "count": 1, "versionDigest": "'If-None-Match' header not specified", "values": [{"id": 2147571225, "version": 3, "url": "kkpqfuj-amager.tripletex.dev/v2/invoice/2147571225", "invoiceNumber": 1, "invoiceDate": "2026-03-01", "customer": {"id": 108322933, "url": "kkpqfuj-amager.tripletex.dev/v2/customer/108322933"}, "creditedInvoice": 0, "isCredited": false, "invoiceDueDate": "2026-03-31", "kid": "", "invoiceComment": "", "comment": "", "orders": [{"id": 401990898, "url": "kkpqfuj-amager.tripletex.dev/v2/order/401990898"}], "orderLines": [{"id": 1607534420, "url": "kkpqfuj-amager.tripletex.dev/v2/order/orderline/1607534420"}], "travelReports": [], "projectInvoiceDetails": [{"id": 1965756970, "url": "kkpqfuj-amager.tripletex.dev/v2/invoice/details/1965756970"}], "voucher": {"id": 608889732, "url": "kkpqfuj-amager.tripletex.dev/v2/ledger/voucher/608889732"}, "deliveryDate": "2026-03-01", "amount": 19250.0, "amountCurrency": 19250.0, "amountExcludingVat": 15400.0, "amountExcludingVatCurrency": 15400.0, "amountRoundoff": 0.0, "amountRoundoffCurrency": 0.0, "amountOutstanding": 0.0, "amountCurrencyOutstanding": 0.0, "amountOutstandingTotal": 0.0, "amountCurrencyOutstandingTotal": 0.0, "sumRemits": 0, "currency": {"id": 1, "url": "kkpqfuj-amager.tripletex.dev/v2/currency/1"}, "isCreditNote": false, "isCharged": true, "isApproved": false, "postings": [{"id": 3845089383, "url": "kkpqfuj-amager.tripletex.dev/v2/ledger/posting/3845089383"}, {"id": 38450893…
  Iteration 1 took 2.6s

──────────────────────────────────────────────────
  ITERATION 2/25
──────────────────────────────────────────────────
  Tokens: prompt=16443 completion=23 total_session=32291
  Messages: 5 (60,903 chars)
  Tool calls (1):
    [1] tripletex_api({"method":"GET","path":"/invoice/paymentType"})
    ┌─ API GET /invoice/paymentType
    └─ 200 OK (1.5s) [2 items]
    │  response: {"fullResultSize": 2, "from": 0, "count": 2, "versionDigest": "'If-None-Match' header not specified", "values": [{"id": 28123516, "version": 0, "url": "kkpqfuj-amager.tripletex.dev/v2/invoice/paymentType/28123516", "description": "Kontant", "displayName": "Kontant", "debitAccount": {"id": 373553746, "url": "kkpqfuj-amager.tripletex.dev/v2/ledger/account/373553746"}, "creditAccount": null, "vatType": {"id": 0, "url": "kkpqfuj-amager.tripletex.dev/v2/ledger/vatType/0"}, "sequence": 1, "customer": null, "supplier": null, "currencyId": 1, "currencyCode": "NOK"}, {"id": 28123517, "version": 0, "url": "kkpqfuj-amager.tripletex.dev/v2/invoice/paymentType/28123517", "description": "Betalt til bank", "displayName": "Betalt til bank", "debitAccount": {"id": 373553749, "url": "kkpqfuj-amager.tripletex.dev/v2/ledger/account/373553749"}, "creditAccount": null, "vatType": {"id": 0, "url": "kkpqfuj-amager.tripletex.dev/v2/ledger/vatType/0"}, "sequence": 2, "customer": null, "supplier": null, "currencyId": 1, "currencyCode": "NOK"}]}
  Iteration 2 took 2.3s

──────────────────────────────────────────────────
  ITERATION 3/25
──────────────────────────────────────────────────
  Tokens: prompt=16843 completion=67 total_session=49201
  Messages: 7 (61,936 chars)
  Tool calls (1):
    [1] tripletex_api({"method":"PUT","path":"/invoice/2147571225/:payment","params":{"paymentDate":"2026-03-21","paymentTypeId":28123517,"paidAmount":-19250.0,"paidAmountCurrency":-19250.0}})
    ┌─ API PUT /invoice/2147571225/:payment
    │  params: {"paymentDate": "2026-03-21", "paymentTypeId": 28123517, "paidAmount": -19250.0, "paidAmountCurrency": -19250.0}
    └─ 200 OK (1.7s) id=2147571225
    │  response: {"value": {"id": 2147571225, "version": 3, "url": "kkpqfuj-amager.tripletex.dev/v2/invoice/2147571225", "invoiceNumber": 1, "invoiceDate": "2026-03-01", "customer": {"id": 108322933, "url": "kkpqfuj-amager.tripletex.dev/v2/customer/108322933"}, "creditedInvoice": 0, "isCredited": false, "invoiceDueDate": "2026-03-31", "kid": "", "invoiceComment": "", "comment": "", "orders": [{"id": 401990898, "url": "kkpqfuj-amager.tripletex.dev/v2/order/401990898"}], "orderLines": [{"id": 1607534420, "url": "kkpqfuj-amager.tripletex.dev/v2/order/orderline/1607534420"}], "travelReports": [], "projectInvoiceDetails": [{"id": 1965756970, "url": "kkpqfuj-amager.tripletex.dev/v2/invoice/details/1965756970"}], "voucher": {"id": 608889732, "url": "kkpqfuj-amager.tripletex.dev/v2/ledger/voucher/608889732"}, "deliveryDate": "2026-03-01", "amount": 19250.0, "amountCurrency": 19250.0, "amountExcludingVat": 15400.0, "amountExcludingVatCurrency": 15400.0, "amountRoundoff": 0.0, "amountRoundoffCurrency": 0.0, "amountOutstanding": 19250.0, "amountCurrencyOutstanding": 19250.0, "amountOutstandingTotal": 19250.0, "amountCurrencyOutstandingTotal": 19250.0, "sumRemits": 0, "currency": {"id": 1, "url": "kkpqfuj-amager.tripletex.dev/v2/currency/1"}, "isCreditNote": false, "isCharged": true, "isApproved": false, "postings": [{"id": 3845089383, "url": "kkpqfuj-amager.tripletex.dev/v2/ledger/posting/3845089383"}, {"id": 3845089393, "url": "kkpqfuj-amager.tripletex.dev/v2/ledger/posting/3845089393"}, {"id": 3845820…
  Iteration 3 took 2.8s

──────────────────────────────────────────────────
  ITERATION 4/25
──────────────────────────────────────────────────
  Tokens: prompt=17531 completion=9 total_session=66741
  Messages: 9 (63,632 chars)
  Tool calls (1):
    [1] done()

  ⏳ Verifying task completion (280s remaining)...
  📋 Verification prompt (3069 chars):
    │ TASK: O pagamento de Montanha Lda (org. nº 912922324) referente à fatura "Consultoria de dados" (15400 NOK sem IVA) foi devolvido pelo banco. Reverta o pagamento para que a fatura volte a mostrar o montante em aberto.
    │ 
    │ 
    │ ACTION LOG (chronological):
    │ CALL: tripletex_api({"method":"GET","path":"/invoice","params":{"invoiceDateFrom":"2000-01-01","invoiceDateTo":"2030-12-31"}})
    │ status=ok
    │ CALL: tripletex_api({"method":"GET","path":"/invoice/paymentType"})
    │ status=ok
    │ CALL: tripletex_api({"method":"PUT","path":"/invoice/2147571225/:payment","params":{"paymentDate":"2026-03-21","paymentTypeId":28123517,"paidAmount":-19250.0,"paidAmountCurrency":-19250.0}})
    │ status=ok id=2147571225 amount=19250.0 amountCurrency=19250.0 invoiceNumber=1
    │ CALL: done({})
    │ 
    │ You are an accounting verification agent. Based ONLY on the action log above, check:
    │ 1. MATH: All amounts, percentages, VAT calculations correct? (e.g. if task says 50% of 274950, invoice total incl VAT must be 137475)
    │ 2. COMPLETENESS: Were all steps in the task done? Look at the CALL entries — if the action log shows the step was performed with status=ok, it WAS done. Do NOT say a step is missing if you can see it in the log!
    │ IMPORTANT: 'Fakturer'/'Invoice' just means create an invoice — do NOT require sending unless the task explicitly says send/sende/enviar/envoyer/senden!
    │ 3. DATA: Names, org numbers, dates match the task?
    │ 4. AMOUNTS: If any created entity shows amount=0 or totalAmount=0 in the response, that is WRONG — the postings failed silently. EXCEPTION: Supplier invoice (supplierInvoice) responses normally show amount=0 — this is OK.
    │ 5. BUDGET vs INVOICE: NEVER flag a mismatch between project budget and invoice total. For fixed-price projects the invoice excl. VAT matches the fixedprice — this is CORRECT. For other projects, invoice is based on actual work/costs. Either way, do NOT fail on budget vs invoice differences.
    │ 6. PAYMENT AMOUNTS: Invoice payments and reversals use the FULL amount INCLUDING VAT, not excl. VAT. If the task says 'X NOK excl. VAT', the correct payment/reversal amount is X × 1.25 (Norwegian 25% VAT). Do NOT flag a mismatch between excl. VAT amounts in the task and incl. VAT payment amounts.
    │ 7. VAT BREAKDOWN: If the total invoice amount matches the expected sum, do NOT fail on 'VAT breakdown not reflected' or similar vague VAT concerns. Only fail if a specific line item has the WRONG VAT rate applied.
    │ 
    │ CRITICAL: Be CONSERVATIVE. When in doubt, say PASS.
    │ Only say FAIL for CLEAR, OBJECTIVE, SPECIFIC errors (wrong math, completely missing step, wrong name).
    │ Do NOT say FAIL for: vague concerns, 'might be wrong', uncertain issues, minor stylistic differences, or steps you cannot confirm from the log (absence of evidence is NOT evidence of absence).
    │ A false FAIL causes MORE damage than a missed error. When uncertain, ALWAYS say PASS.
    │ If the action log shows all main steps completed with status=ok, say PASS.
    │ 
    │ Reply ONLY with either:
    │ - 'PASS' if everything looks correct or you are unsure
    │ - 'FAIL: <specific issue>' ONLY if there is an obvious, objective error
  🔍 Verification (780 tokens): PASS

  ✓ DONE — 4 iterations, 66741 tokens, 9.8s

======================================================================
  TASK COMPLETE — total 10.3s
======================================================================

