
======================================================================
  NEW TASK RECEIVED
  Version: 59bdf62
======================================================================
  Prompt: Nous avons découvert des erreurs dans le grand livre de janvier et février 2026. Vérifiez toutes les pièces et trouvez les 4 erreurs : une écriture sur le mauvais compte (compte 6540 utilisé au lieu de 6860, montant 4800 NOK), une pièce en double (compte 7100, montant 2000 NOK), une ligne de TVA manquante (compte 4500, montant HT 14500 NOK, TVA manquante sur compte 2710), et un montant incorrect (compte 7100, 21650 NOK comptabilisé au lieu de 17900 NOK). Corrigez toutes les erreurs avec des écri…
  Files:  0
  URL:    https://tx-proxy-jwanbnu3pq-lz.a.run.app/v2
──────────────────────────────────────────────────────────────────────
  [pre] Ledger correction task detected — fetching all vouchers with postings...
    ┌─ API GET /ledger/voucher
    │  params: {"dateFrom": "2026-01-01", "dateTo": "2026-02-28", "fields": "*", "count": 100}
    └─ 200 OK (1.2s) [30 items]
    ┌─ API GET /ledger/account
    │  params: {"fields": "id,number,name"}
    └─ 200 OK (1.1s) [530 items]
  [pre] Pre-scan complete: 30 vouchers, 530 accounts
  [pre] Pre-scans completed in 2.3s

──────────────────────────────────────────────────
  ITERATION 1/25
──────────────────────────────────────────────────
  Tokens: prompt=34229 completion=552 total_session=34781
  GPT says: To address the provided task of identifying and correcting the errors in the ledger, we'll proceed as follows:

**1. Identify the errors:**

- **Wrong account used (6860 instead of 6540)**:
  We need to identify an entry where account 6540 is used instead of 6860 for an amount of 4800 NOK.

- **Duplicate entry (compte 7100, amount 2000 NOK)**:
  Locate entries on account 7100 and find the duplicate amount.

- **Missing VAT line (compte 4500, amount HT 14500 NOK, missing VAT on compte 2710)**:
  
  Messages: 3 (119,316 chars)
  Tool calls (1):
    [1] tripletex_api({"method":"GET","path":"/ledger/voucher?dateFrom=2026-01-01&dateTo=2026-02-29&fields=*"})
    │  [fix] extracted query params from path: {'dateFrom': '2026-01-01', 'dateTo': '2026-02-29', 'fields': '*'}
    ┌─ API GET /ledger/voucher
    │  params: {"dateFrom": "2026-01-01", "dateTo": "2026-02-29", "fields": "*"}
    └─ 200 OK (1.4s) [30 items]
    │  [trim] condensed 30 items → key fields (3283 chars)
    │  response: {"fullResultSize": 30, "from": 0, "count": 30, "versionDigest": "'If-None-Match' header not specified", "totalNumberOfPostings": 100, "values": [{"id": 609421142, "description": "Kontorrekvisita", "date": "2026-01-05", "version": 5, "number": 1}, {"id": 609421201, "description": "Renhold kontor", "date": "2026-01-07", "version": 5, "number": 2}, {"id": 609421269, "description": "Salgsinntekt", "date": "2026-01-10", "version": 5, "number": 3}, {"id": 609421295, "description": "Reisekostnad", "date": "2026-01-12", "version": 5, "number": 4}, {"id": 609421331, "description": "Strøm kontor", "date": "2026-01-14", "version": 5, "number": 5}, {"id": 609421357, "description": "Porto og frakt", "date": "2026-01-16", "version": 5, "number": 6}, {"id": 609421390, "description": "IT-tjenester", "date": "2026-01-18", "version": 5, "number": 7}, {"id": 609421423, "description": "Salgsinntekt 2", "date": "2026-01-20", "version": 5, "number": 8}, {"id": 609421464, "description": "Reklamekostnad", "date": "2026-01-22", "version": 5, "number": 9}, {"id": 609421496, "description": "Representasjon", "date": "2026-01-24", "version": 5, "number": 10}, {"id": 609421527, "description": "Kontorutstyr", "date": "2026-01-25", "version": 5, "number": 11}, {"id": 609421564, "description": "Telefon", "date": "2026-01-26", "version": 5, "number": 12}, {"id": 609421579, "description": "Forsikring", "date": "2026-01-27", "version": 5, "number": 13}, {"id": 609421611, "description": "Kursmateriell", "date": …
  Iteration 1 took 7.1s

──────────────────────────────────────────────────
  ITERATION 2/25
──────────────────────────────────────────────────
  Tokens: prompt=36094 completion=363 total_session=71238
  GPT says: Now that we have the voucher data, we need to locate postings relevant to each error identified, namely:

1. **Voucher with wrong account used (6540 instead of 6860) for 4800 NOK.**
2. **Duplicate entry on account 7100 for exactly 2000 NOK.**
3. **Missing VAT line: account 4500, amount before VAT 14500 NOK, VAT should be 3625 NOK on 2710.**
4. **Incorrect amount on account 7100: 21650 NOK should be 17900 NOK.**

Let's create the necessary corrective postings to address these errors:

### Correct
  Messages: 5 (123,746 chars)
  Tool calls (1):
    [1] tripletex_api({"method":"POST","path":"/ledger/voucher"})
    │  [fix] blocked POST without body: /ledger/voucher
  Iteration 2 took 4.2s

──────────────────────────────────────────────────
  ITERATION 3/25
──────────────────────────────────────────────────
  Tokens: prompt=36530 completion=132 total_session=107900
  Messages: 7 (123,968 chars)
  Tool calls (1):
    [1] tripletex_api({"method":"POST","path":"/ledger/voucher","body":{"date":"2026-03-22","description":"Correct wrong account usage from 6540 to 6860, amount 4800 NOK","postings":[{"row":1,"date":"2026-03-22","amountGross":4800,"amountGrossCurrency":4800,"account":{"id":500658317}},{"row":2,"date":"2026-03-22","amountGross":-4800,"amountGrossCurrency":-4800,"account":{"id":500658296}}]}})
    │  [fix] voucher posting[0]: added vatType={id:0}
    │  [fix] voucher posting[1]: added vatType={id:0}
    ┌─ API POST /ledger/voucher
    │  body:   {"date": "2026-03-22", "description": "Correct wrong account usage from 6540 to 6860, amount 4800 NOK", "postings": [{"row": 1, "date": "2026-03-22", "amountGross": 4800, "amountGrossCurrency": 4800, "account": {"id": 500658317}, "vatType": {"id": 0}}, {"row": 2, "date": "2026-03-22", "amountGross": -4800, "amountGrossCurrency": -4800, "account": {"id": 500658296}, "vatType": {"id": 0}}]}
    └─ 201 OK (2.4s) id=609422376
    │  response: {"value": {"id": 609422376, "version": 5, "url": "kkpqfuj-amager.tripletex.dev/v2/ledger/voucher/609422376", "date": "2026-03-22", "number": 31, "tempNumber": 0, "year": 2026, "description": "Correct wrong account usage from 6540 to 6860, amount 4800 NOK", "voucherType": null, "reverseVoucher": null, "postings": [{"id": 3846518983, "version": 1, "url": "kkpqfuj-amager.tripletex.dev/v2/ledger/posting/3846518983", "voucher": {"id": 609422376, "url": "kkpqfuj-amager.tripletex.dev/v2/ledger/voucher/609422376"}, "date": "2026-03-22", "description": "Correct wrong account usage from 6540 to 6860, amount 4800 NOK", "account": {"id": 500658317, "url": "kkpqfuj-amager.tripletex.dev/v2/ledger/account/500658317"}, "amortizationAccount": null, "amortizationStartDate": null, "amortizationEndDate": null, "customer": null, "supplier": null, "employee": null, "project": null, "product": null, "department": null, "vatType": {"id": 0, "url": "kkpqfuj-amager.tripletex.dev/v2/ledger/vatType/0"}, "amount": 4800.0, "amountCurrency": 4800.0, "amountGross": 4800, "amountGrossCurrency": 4800, "currency": {"id": 1, "url": "kkpqfuj-amager.tripletex.dev/v2/currency/1"}, "closeGroup": null, "invoiceNumber": "", "termOfPayment": null, "row": 1, "type": null, "externalRef": "", "systemGenerated": false, "taxTransactionType": "(Ikke valgt)", "taxTransactionTypeId": 0, "matched": false, "quantityAmount1": 0, "quantityType1": null, "quantityAmount2": 0, "quantityType2": null, "isVatReadonly": false, "isAmount…
  Iteration 3 took 3.9s

──────────────────────────────────────────────────
  ITERATION 4/25
──────────────────────────────────────────────────
  Tokens: prompt=37738 completion=127 total_session=145765
  Messages: 9 (127,176 chars)
  Tool calls (1):
    [1] tripletex_api({"method":"POST","path":"/ledger/voucher","body":{"date":"2026-03-22","description":"Reverse duplicate entry on account 7100 for 2000 NOK","postings":[{"row":1,"date":"2026-03-22","amountGross":-2000,"amountGrossCurrency":-2000,"account":{"id":500658327}},{"row":2,"date":"2026-03-22","amountGross":2000,"amountGrossCurrency":2000,"account":{"id":500658026}}]}})
    │  [fix] voucher posting[0]: added vatType={id:0}
    │  [fix] voucher posting[1]: added vatType={id:0}
    ┌─ API POST /ledger/voucher
    │  body:   {"date": "2026-03-22", "description": "Reverse duplicate entry on account 7100 for 2000 NOK", "postings": [{"row": 1, "date": "2026-03-22", "amountGross": -2000, "amountGrossCurrency": -2000, "account": {"id": 500658327}, "vatType": {"id": 0}}, {"row": 2, "date": "2026-03-22", "amountGross": 2000, "amountGrossCurrency": 2000, "account": {"id": 500658026}, "vatType": {"id": 0}}]}
    └─ 201 OK (3.5s) id=609422414
    │  response: {"value": {"id": 609422414, "version": 5, "url": "kkpqfuj-amager.tripletex.dev/v2/ledger/voucher/609422414", "date": "2026-03-22", "number": 32, "tempNumber": 0, "year": 2026, "description": "Reverse duplicate entry on account 7100 for 2000 NOK", "voucherType": null, "reverseVoucher": null, "postings": [{"id": 3846519093, "version": 1, "url": "kkpqfuj-amager.tripletex.dev/v2/ledger/posting/3846519093", "voucher": {"id": 609422414, "url": "kkpqfuj-amager.tripletex.dev/v2/ledger/voucher/609422414"}, "date": "2026-03-22", "description": "Reverse duplicate entry on account 7100 for 2000 NOK", "account": {"id": 500658327, "url": "kkpqfuj-amager.tripletex.dev/v2/ledger/account/500658327"}, "amortizationAccount": null, "amortizationStartDate": null, "amortizationEndDate": null, "customer": null, "supplier": null, "employee": null, "project": null, "product": null, "department": null, "vatType": {"id": 0, "url": "kkpqfuj-amager.tripletex.dev/v2/ledger/vatType/0"}, "amount": -2000.0, "amountCurrency": -2000.0, "amountGross": -2000.0, "amountGrossCurrency": -2000.0, "currency": {"id": 1, "url": "kkpqfuj-amager.tripletex.dev/v2/currency/1"}, "closeGroup": null, "invoiceNumber": "", "termOfPayment": null, "row": 1, "type": null, "externalRef": "", "systemGenerated": false, "taxTransactionType": "(Ikke valgt)", "taxTransactionTypeId": 0, "matched": false, "quantityAmount1": 0, "quantityType1": null, "quantityAmount2": 0, "quantityType2": null, "isVatReadonly": true, "isAmountVatClosed": f…
  Iteration 4 took 5.0s

──────────────────────────────────────────────────
  ITERATION 5/25
──────────────────────────────────────────────────
  Tokens: prompt=38926 completion=129 total_session=184820
  Messages: 11 (130,352 chars)
  Tool calls (1):
    [1] tripletex_api({"method":"POST","path":"/ledger/voucher","body":{"date":"2026-03-22","description":"Add missing VAT line on account 4500, VAT on 2710","postings":[{"row":1,"date":"2026-03-22","amountGross":3625,"amountGrossCurrency":3625,"account":{"id":500658107}},{"row":2,"date":"2026-03-22","amountGross":-3625,"amountGrossCurrency":-3625,"account":{"id":500658026}}]}})
    │  [fix] voucher posting[0]: added vatType={id:0}
    │  [fix] voucher posting[1]: added vatType={id:0}
    ┌─ API POST /ledger/voucher
    │  body:   {"date": "2026-03-22", "description": "Add missing VAT line on account 4500, VAT on 2710", "postings": [{"row": 1, "date": "2026-03-22", "amountGross": 3625, "amountGrossCurrency": 3625, "account": {"id": 500658107}, "vatType": {"id": 0}}, {"row": 2, "date": "2026-03-22", "amountGross": -3625, "amountGrossCurrency": -3625, "account": {"id": 500658026}, "vatType": {"id": 0}}]}
    └─ 201 OK (1.3s) id=609422448
    │  response: {"value": {"id": 609422448, "version": 5, "url": "kkpqfuj-amager.tripletex.dev/v2/ledger/voucher/609422448", "date": "2026-03-22", "number": 33, "tempNumber": 0, "year": 2026, "description": "Add missing VAT line on account 4500, VAT on 2710", "voucherType": null, "reverseVoucher": null, "postings": [{"id": 3846519179, "version": 1, "url": "kkpqfuj-amager.tripletex.dev/v2/ledger/posting/3846519179", "voucher": {"id": 609422448, "url": "kkpqfuj-amager.tripletex.dev/v2/ledger/voucher/609422448"}, "date": "2026-03-22", "description": "Add missing VAT line on account 4500, VAT on 2710", "account": {"id": 500658107, "url": "kkpqfuj-amager.tripletex.dev/v2/ledger/account/500658107"}, "amortizationAccount": null, "amortizationStartDate": null, "amortizationEndDate": null, "customer": null, "supplier": null, "employee": null, "project": null, "product": null, "department": null, "vatType": {"id": 0, "url": "kkpqfuj-amager.tripletex.dev/v2/ledger/vatType/0"}, "amount": 3625.0, "amountCurrency": 3625.0, "amountGross": 3625, "amountGrossCurrency": 3625, "currency": {"id": 1, "url": "kkpqfuj-amager.tripletex.dev/v2/currency/1"}, "closeGroup": null, "invoiceNumber": "", "termOfPayment": null, "row": 1, "type": null, "externalRef": "", "systemGenerated": false, "taxTransactionType": "(Ikke valgt)", "taxTransactionTypeId": 0, "matched": false, "quantityAmount1": 0, "quantityType1": null, "quantityAmount2": 0, "quantityType2": null, "isVatReadonly": true, "isAmountVatClosed": false, "posting…
  Iteration 5 took 2.8s

──────────────────────────────────────────────────
  ITERATION 6/25
──────────────────────────────────────────────────
  Tokens: prompt=40122 completion=133 total_session=225075
  Messages: 13 (133,519 chars)
  Tool calls (1):
    [1] tripletex_api({"method":"POST","path":"/ledger/voucher","body":{"date":"2026-03-22","description":"Correct amount on account 7100, reduce from 21650 NOK to 17900 NOK","postings":[{"row":1,"date":"2026-03-22","amountGross":-3750,"amountGrossCurrency":-3750,"account":{"id":500658327}},{"row":2,"date":"2026-03-22","amountGross":3750,"amountGrossCurrency":3750,"account":{"id":500658026}}]}})
    │  [fix] voucher posting[0]: added vatType={id:0}
    │  [fix] voucher posting[1]: added vatType={id:0}
    ┌─ API POST /ledger/voucher
    │  body:   {"date": "2026-03-22", "description": "Correct amount on account 7100, reduce from 21650 NOK to 17900 NOK", "postings": [{"row": 1, "date": "2026-03-22", "amountGross": -3750, "amountGrossCurrency": -3750, "account": {"id": 500658327}, "vatType": {"id": 0}}, {"row": 2, "date": "2026-03-22", "amountGross": 3750, "amountGrossCurrency": 3750, "account": {"id": 500658026}, "vatType": {"id": 0}}]}
    └─ 201 OK (1.2s) id=609422482
    │  response: {"value": {"id": 609422482, "version": 5, "url": "kkpqfuj-amager.tripletex.dev/v2/ledger/voucher/609422482", "date": "2026-03-22", "number": 34, "tempNumber": 0, "year": 2026, "description": "Correct amount on account 7100, reduce from 21650 NOK to 17900 NOK", "voucherType": null, "reverseVoucher": null, "postings": [{"id": 3846519262, "version": 1, "url": "kkpqfuj-amager.tripletex.dev/v2/ledger/posting/3846519262", "voucher": {"id": 609422482, "url": "kkpqfuj-amager.tripletex.dev/v2/ledger/voucher/609422482"}, "date": "2026-03-22", "description": "Correct amount on account 7100, reduce from 21650 NOK to 17900 NOK", "account": {"id": 500658327, "url": "kkpqfuj-amager.tripletex.dev/v2/ledger/account/500658327"}, "amortizationAccount": null, "amortizationStartDate": null, "amortizationEndDate": null, "customer": null, "supplier": null, "employee": null, "project": null, "product": null, "department": null, "vatType": {"id": 0, "url": "kkpqfuj-amager.tripletex.dev/v2/ledger/vatType/0"}, "amount": -3750.0, "amountCurrency": -3750.0, "amountGross": -3750.0, "amountGrossCurrency": -3750.0, "currency": {"id": 1, "url": "kkpqfuj-amager.tripletex.dev/v2/currency/1"}, "closeGroup": null, "invoiceNumber": "", "termOfPayment": null, "row": 1, "type": null, "externalRef": "", "systemGenerated": false, "taxTransactionType": "(Ikke valgt)", "taxTransactionTypeId": 0, "matched": false, "quantityAmount1": 0, "quantityType1": null, "quantityAmount2": 0, "quantityType2": null, "isVatReadonly": …
  Iteration 6 took 3.1s

──────────────────────────────────────────────────
  ITERATION 7/25
──────────────────────────────────────────────────
  Tokens: prompt=41334 completion=9 total_session=266418
  Messages: 15 (136,737 chars)
  Tool calls (1):
    [1] done()

  ⏳ Verifying task completion (211s remaining)...
  📋 Verification prompt (4474 chars):
    │ TASK: Nous avons découvert des erreurs dans le grand livre de janvier et février 2026. Vérifiez toutes les pièces et trouvez les 4 erreurs : une écriture sur le mauvais compte (compte 6540 utilisé au lieu de 6860, montant 4800 NOK), une pièce en double (compte 7100, montant 2000 NOK), une ligne de TVA manquante (compte 4500, montant HT 14500 NOK, TVA manquante sur compte 2710), et un montant incorrect (compte 7100, 21650 NOK comptabilisé au lieu de 17900 NOK). Corrigez toutes les erreurs avec des écritures correctives.
    │ 
    │ 
    │ ACTION LOG (chronological):
    │ CALL: tripletex_api({"method":"GET","path":"/ledger/voucher?dateFrom=2026-01-01&dateTo=2026-02-29&fields=*"})
    │ status=ok
    │ CALL: tripletex_api({"method":"POST","path":"/ledger/voucher"})
    │ status=400
    │ CALL: tripletex_api({"method":"POST","path":"/ledger/voucher","body":{"date":"2026-03-22","description":"Correct wrong account usage from 6540 to 6860, amount 4800 NOK","postings":[{"row":1,"date":"2026-03-22","amountGross":4800,"amountGrossCurrency":4800,"account":{"id":500658317}},{"row":2,"date":"2026-03-22","amount)
    │ status=ok id=609422376
    │ CALL: tripletex_api({"method":"POST","path":"/ledger/voucher","body":{"date":"2026-03-22","description":"Reverse duplicate entry on account 7100 for 2000 NOK","postings":[{"row":1,"date":"2026-03-22","amountGross":-2000,"amountGrossCurrency":-2000,"account":{"id":500658327}},{"row":2,"date":"2026-03-22","amountGross":2)
    │ status=ok id=609422414
    │ CALL: tripletex_api({"method":"POST","path":"/ledger/voucher","body":{"date":"2026-03-22","description":"Add missing VAT line on account 4500, VAT on 2710","postings":[{"row":1,"date":"2026-03-22","amountGross":3625,"amountGrossCurrency":3625,"account":{"id":500658107}},{"row":2,"date":"2026-03-22","amountGross":-3625,)
    │ status=ok id=609422448
    │ CALL: tripletex_api({"method":"POST","path":"/ledger/voucher","body":{"date":"2026-03-22","description":"Correct amount on account 7100, reduce from 21650 NOK to 17900 NOK","postings":[{"row":1,"date":"2026-03-22","amountGross":-3750,"amountGrossCurrency":-3750,"account":{"id":500658327}},{"row":2,"date":"2026-03-22",")
    │ status=ok id=609422482
    │ CALL: done({})
    │ 
    │ You are an accounting verification agent. Based ONLY on the action log above, check:
    │ 1. MATH: All amounts, percentages, VAT calculations correct? (e.g. if task says 50% of 274950, invoice total incl VAT must be 137475)
    │ 2. COMPLETENESS: Were all steps in the task done? Look at the CALL entries — if the action log shows the step was performed with status=ok, it WAS done. Do NOT say a step is missing if you can see it in the log!
    │ IMPORTANT: 'Fakturer'/'Invoice' just means create an invoice — do NOT require sending unless the task explicitly says send/sende/enviar/envoyer/senden!
    │ 3. DATA: Names, org numbers, dates match the task?
    │ 4. AMOUNTS: If any created entity shows amount=0 or totalAmount=0 in the response, that is WRONG — the postings failed silently. For supplier invoices: amount=0 with amountExcludingVat=0 means postings were MISSING or malformed.
    │ 5. BUDGET vs INVOICE: NEVER flag a mismatch between project budget and invoice total. For fixed-price projects the invoice excl. VAT matches the fixedprice — this is CORRECT. For other projects, invoice is based on actual work/costs. Either way, do NOT fail on budget vs invoice differences.
    │ 6. PAYMENT AMOUNTS: Invoice payments and reversals use the FULL amount INCLUDING VAT, not excl. VAT. If the task says 'X NOK excl. VAT', the correct payment/reversal amount is X × 1.25 (Norwegian 25% VAT). Do NOT flag a mismatch between excl. VAT amounts in the task and incl. VAT payment amounts.
    │ 7. VAT BREAKDOWN: If the total invoice amount matches the expected sum, do NOT fail on 'VAT breakdown not reflected' or similar vague VAT concerns. Only fail if a specific line item has the WRONG VAT rate applied.
    │ 
    │ CRITICAL: Be CONSERVATIVE. When in doubt, say PASS.
    │ Only say FAIL for CLEAR, OBJECTIVE, SPECIFIC errors (wrong math, completely missing step, wrong name).
    │ Do NOT say FAIL for: vague concerns, 'might be wrong', uncertain issues, minor stylistic differences, or steps you cannot confirm from the log (absence of evidence is NOT evidence of absence).
    │ A false FAIL causes MORE damage than a missed error. When uncertain, ALWAYS say PASS.
    │ If the action log shows all main steps completed with status=ok, say PASS.
    │ 
    │ Reply ONLY with either:
    │ - 'PASS' if everything looks correct or you are unsure
    │ - 'FAIL: <specific issue>' ONLY if there is an obvious, objective error
  🔍 Verification (1235 tokens): PASS

  ✓ DONE — 7 iterations, 266418 tokens, 26.7s

======================================================================
  TASK COMPLETE — total 29.6s
======================================================================

