
======================================================================
  NEW TASK RECEIVED
  Version: b49df29
======================================================================
  Prompt: Avstem bankutskrifta (vedlagt CSV) mot opne fakturaer i Tripletex. Match innbetalingar til kundefakturaer og utbetalingar til leverandorfakturaer. Handter delbetalingar korrekt.
  Files:  1
  URL:    https://tx-proxy-jwanbnu3pq-lz.a.run.app/v2
    - files/bankutskrift_nn_05.csv (text/csv)
──────────────────────────────────────────────────────────────────────
  [pre] Invoice/credit/payment task detected — ensuring bank account...
    ┌─ API GET /invoice/settings
    └─ 200 OK (2.9s) id=1021055
  [bank] already ready
  [pre] Bank account setup: OK
  [pre] Pre-scans completed in 2.9s

──────────────────────────────────────────────────
  ITERATION 1/25
──────────────────────────────────────────────────
  Tokens: prompt=20789 completion=233 total_session=21022
  GPT says: To reconcile the bank statement against open invoices in Tripletex, we need to perform the following steps:

1. Parse the CSV to extract each transaction's date, description, amount (in/out), and reference.
2. Retrieve existing customer invoices and supplier invoices from Tripletex.
3. Match incoming payments to customer invoices and outgoing payments to supplier invoices.
4. Handle non-invoice transactions like bank fees as journal vouchers.

Let's start by parsing the CSV and retrieving the ne
  Messages: 3 (77,635 chars)
  Tool calls (3):
    [1] tripletex_api({"method": "GET", "path": "/invoice", "params": {"invoiceDateFrom": "2000-01-01", "invoiceDateTo": "2030-12-31"}})
    [2] tripletex_api({"method": "GET", "path": "/supplierInvoice", "params": {"invoiceDateFrom": "2000-01-01", "invoiceDateTo": "2030-12-31"}})
    [3] tripletex_api({"method": "GET", "path": "/invoice/paymentType"})
    ┌─ API GET /invoice
    │  params: {"invoiceDateFrom": "2000-01-01", "invoiceDateTo": "2030-12-31"}
    └─ 200 OK (2.3s) [5 items]
    │  response: {"fullResultSize": 5, "from": 0, "count": 5, "versionDigest": "'If-None-Match' header not specified", "values": [{"id": 2147708377, "version": 3, "url": "kkpqfuj-amager.tripletex.dev/v2/invoice/2147708377", "invoiceNumber": 1, "invoiceDate": "2026-01-15", "customer": {"id": 108616307, "url": "kkpqfuj-amager.tripletex.dev/v2/customer/108616307"}, "creditedInvoice": 0, "isCredited": false, "invoiceDueDate": "2026-02-15", "kid": "", "invoiceComment": "", "comment": "", "orders": [{"id": 402086442, "url": "kkpqfuj-amager.tripletex.dev/v2/order/402086442"}], "orderLines": [{"id": 1607619219, "url": "kkpqfuj-amager.tripletex.dev/v2/order/orderline/1607619219"}], "travelReports": [], "projectInvoiceDetails": [{"id": 1965833902, "url": "kkpqfuj-amager.tripletex.dev/v2/invoice/details/1965833902"}], "voucher": {"id": 609456197, "url": "kkpqfuj-amager.tripletex.dev/v2/ledger/voucher/609456197"}, "deliveryDate": "2026-01-15", "amount": 9437.5, "amountCurrency": 9437.5, "amountExcludingVat": 7550.0, "amountExcludingVatCurrency": 7550.0, "amountRoundoff": 0.0, "amountRoundoffCurrency": 0.0, "amountOutstanding": 9437.5, "amountCurrencyOutstanding": 9437.5, "amountOutstandingTotal": 9437.5, "amountCurrencyOutstandingTotal": 9437.5, "sumRemits": 0, "currency": {"id": 1, "url": "kkpqfuj-amager.tripletex.dev/v2/currency/1"}, "isCreditNote": false, "isCharged": true, "isApproved": false, "postings": [{"id": 3846609447, "url": "kkpqfuj-amager.tripletex.dev/v2/ledger/posting/3846609447"}], "remin…
    ┌─ API GET /supplierInvoice
    │  params: {"invoiceDateFrom": "2000-01-01", "invoiceDateTo": "2030-12-31"}
    └─ 200 OK (2.1s) [0 items]
    │  response: {"fullResultSize": 0, "from": 0, "count": 0, "versionDigest": "Checksum not yet supported for this endpoint", "values": []}
    ┌─ API GET /invoice/paymentType
    └─ 200 OK (2.6s) [2 items]
    │  response: {"fullResultSize": 2, "from": 0, "count": 2, "versionDigest": "'If-None-Match' header not specified", "values": [{"id": 40205893, "version": 0, "url": "kkpqfuj-amager.tripletex.dev/v2/invoice/paymentType/40205893", "description": "Kontant", "displayName": "Kontant", "debitAccount": {"id": 504008032, "url": "kkpqfuj-amager.tripletex.dev/v2/ledger/account/504008032"}, "creditAccount": null, "vatType": {"id": 0, "url": "kkpqfuj-amager.tripletex.dev/v2/ledger/vatType/0"}, "sequence": 1, "customer": null, "supplier": null, "currencyId": 1, "currencyCode": "NOK"}, {"id": 40205894, "version": 0, "url": "kkpqfuj-amager.tripletex.dev/v2/invoice/paymentType/40205894", "description": "Betalt til bank", "displayName": "Betalt til bank", "debitAccount": {"id": 504008035, "url": "kkpqfuj-amager.tripletex.dev/v2/ledger/account/504008035"}, "creditAccount": null, "vatType": {"id": 0, "url": "kkpqfuj-amager.tripletex.dev/v2/ledger/vatType/0"}, "sequence": 2, "customer": null, "supplier": null, "currencyId": 1, "currencyCode": "NOK"}]}
  Iteration 1 took 9.8s

──────────────────────────────────────────────────
  ITERATION 2/25
──────────────────────────────────────────────────
  Tokens: prompt=23285 completion=415 total_session=44722
  GPT says: We have retrieved the necessary data from Tripletex:

1. **Customer Invoices**: We have invoices for Lunde AS, Neset AS, Kvamme AS, and Stølsvik AS with amounts matching the incoming payments in the CSV.
2. **Supplier Invoices**: No supplier invoices were found, so we will handle supplier payments as journal vouchers.
3. **Payment Types**: We have two payment types available: "Kontant" (cash) and "Betalt til bank" (bank payment).

Next, we will match the transactions from the CSV to the invoices
  Messages: 7 (84,405 chars)
  Tool calls (4):
    [1] tripletex_api({"method": "PUT", "path": "/invoice/2147708377/:payment", "params": {"paymentDate": "2026-01-17", "paymentTypeId": 40205894, "paidAmount": 9437.5, "paidAmountCurrency": 9437.5}})
    [2] tripletex_api({"method": "PUT", "path": "/invoice/2147708396/:payment", "params": {"paymentDate": "2026-01-19", "paymentTypeId": 40205894, "paidAmount": 8187.5, "paidAmountCurrency": 8187.5}})
    [3] tripletex_api({"method": "PUT", "path": "/invoice/2147708410/:payment", "params": {"paymentDate": "2026-01-21", "paymentTypeId": 40205894, "paidAmount": 15750.0, "paidAmountCurrency": 15750.0}})
    [4] tripletex_api({"method": "PUT", "path": "/invoice/2147708439/:payment", "params": {"paymentDate": "2026-01-22", "paymentTypeId": 40205894, "paidAmount": 7375.0, "paidAmountCurrency": 7375.0}})
    ┌─ API PUT /invoice/2147708377/:payment
    │  params: {"paymentDate": "2026-01-17", "paymentTypeId": 40205894, "paidAmount": 9437.5, "paidAmountCurrency": 9437.5}
    └─ 200 OK (2.9s) id=2147708377
    │  response: {"value": {"id": 2147708377, "version": 3, "url": "kkpqfuj-amager.tripletex.dev/v2/invoice/2147708377", "invoiceNumber": 1, "invoiceDate": "2026-01-15", "customer": {"id": 108616307, "url": "kkpqfuj-amager.tripletex.dev/v2/customer/108616307"}, "creditedInvoice": 0, "isCredited": false, "invoiceDueDate": "2026-02-15", "kid": "", "invoiceComment": "", "comment": "", "orders": [{"id": 402086442, "url": "kkpqfuj-amager.tripletex.dev/v2/order/402086442"}], "orderLines": [{"id": 1607619219, "url": "kkpqfuj-amager.tripletex.dev/v2/order/orderline/1607619219"}], "travelReports": [], "projectInvoiceDetails": [{"id": 1965833902, "url": "kkpqfuj-amager.tripletex.dev/v2/invoice/details/1965833902"}], "voucher": {"id": 609456197, "url": "kkpqfuj-amager.tripletex.dev/v2/ledger/voucher/609456197"}, "deliveryDate": "2026-01-15", "amount": 9437.5, "amountCurrency": 9437.5, "amountExcludingVat": 7550.0, "amountExcludingVatCurrency": 7550.0, "amountRoundoff": 0.0, "amountRoundoffCurrency": 0.0, "amountOutstanding": 0.0, "amountCurrencyOutstanding": 0.0, "amountOutstandingTotal": 0.0, "amountCurrencyOutstandingTotal": 0.0, "sumRemits": 0, "currency": {"id": 1, "url": "kkpqfuj-amager.tripletex.dev/v2/currency/1"}, "isCreditNote": false, "isCharged": true, "isApproved": false, "postings": [{"id": 3846609447, "url": "kkpqfuj-amager.tripletex.dev/v2/ledger/posting/3846609447"}, {"id": 3846611211, "url": "kkpqfuj-amager.tripletex.dev/v2/ledger/posting/3846611211"}], "reminders": [], "invoiceRemarks"…
    ┌─ API PUT /invoice/2147708396/:payment
    │  params: {"paymentDate": "2026-01-19", "paymentTypeId": 40205894, "paidAmount": 8187.5, "paidAmountCurrency": 8187.5}
    └─ 200 OK (2.4s) id=2147708396
    │  response: {"value": {"id": 2147708396, "version": 3, "url": "kkpqfuj-amager.tripletex.dev/v2/invoice/2147708396", "invoiceNumber": 2, "invoiceDate": "2026-01-15", "customer": {"id": 108616352, "url": "kkpqfuj-amager.tripletex.dev/v2/customer/108616352"}, "creditedInvoice": 0, "isCredited": false, "invoiceDueDate": "2026-02-15", "kid": "", "invoiceComment": "", "comment": "", "orders": [{"id": 402086455, "url": "kkpqfuj-amager.tripletex.dev/v2/order/402086455"}], "orderLines": [{"id": 1607619231, "url": "kkpqfuj-amager.tripletex.dev/v2/order/orderline/1607619231"}], "travelReports": [], "projectInvoiceDetails": [{"id": 1965833912, "url": "kkpqfuj-amager.tripletex.dev/v2/invoice/details/1965833912"}], "voucher": {"id": 609456287, "url": "kkpqfuj-amager.tripletex.dev/v2/ledger/voucher/609456287"}, "deliveryDate": "2026-01-15", "amount": 8187.5, "amountCurrency": 8187.5, "amountExcludingVat": 6550.0, "amountExcludingVatCurrency": 6550.0, "amountRoundoff": 0.0, "amountRoundoffCurrency": 0.0, "amountOutstanding": 0.0, "amountCurrencyOutstanding": 0.0, "amountOutstandingTotal": 0.0, "amountCurrencyOutstandingTotal": 0.0, "sumRemits": 0, "currency": {"id": 1, "url": "kkpqfuj-amager.tripletex.dev/v2/currency/1"}, "isCreditNote": false, "isCharged": true, "isApproved": false, "postings": [{"id": 3846609690, "url": "kkpqfuj-amager.tripletex.dev/v2/ledger/posting/3846609690"}, {"id": 3846611280, "url": "kkpqfuj-amager.tripletex.dev/v2/ledger/posting/3846611280"}], "reminders": [], "invoiceRemarks"…
    ┌─ API PUT /invoice/2147708410/:payment
    │  params: {"paymentDate": "2026-01-21", "paymentTypeId": 40205894, "paidAmount": 15750.0, "paidAmountCurrency": 15750.0}
    └─ 200 OK (2.4s) id=2147708410
    │  response: {"value": {"id": 2147708410, "version": 3, "url": "kkpqfuj-amager.tripletex.dev/v2/invoice/2147708410", "invoiceNumber": 3, "invoiceDate": "2026-01-15", "customer": {"id": 108616391, "url": "kkpqfuj-amager.tripletex.dev/v2/customer/108616391"}, "creditedInvoice": 0, "isCredited": false, "invoiceDueDate": "2026-02-15", "kid": "", "invoiceComment": "", "comment": "", "orders": [{"id": 402086467, "url": "kkpqfuj-amager.tripletex.dev/v2/order/402086467"}], "orderLines": [{"id": 1607619239, "url": "kkpqfuj-amager.tripletex.dev/v2/order/orderline/1607619239"}], "travelReports": [], "projectInvoiceDetails": [{"id": 1965833920, "url": "kkpqfuj-amager.tripletex.dev/v2/invoice/details/1965833920"}], "voucher": {"id": 609456366, "url": "kkpqfuj-amager.tripletex.dev/v2/ledger/voucher/609456366"}, "deliveryDate": "2026-01-15", "amount": 15750.0, "amountCurrency": 15750.0, "amountExcludingVat": 12600.0, "amountExcludingVatCurrency": 12600.0, "amountRoundoff": 0.0, "amountRoundoffCurrency": 0.0, "amountOutstanding": 0.0, "amountCurrencyOutstanding": 0.0, "amountOutstandingTotal": 0.0, "amountCurrencyOutstandingTotal": 0.0, "sumRemits": 0, "currency": {"id": 1, "url": "kkpqfuj-amager.tripletex.dev/v2/currency/1"}, "isCreditNote": false, "isCharged": true, "isApproved": false, "postings": [{"id": 3846609908, "url": "kkpqfuj-amager.tripletex.dev/v2/ledger/posting/3846609908"}, {"id": 3846611349, "url": "kkpqfuj-amager.tripletex.dev/v2/ledger/posting/3846611349"}], "reminders": [], "invoiceRema…
    ┌─ API PUT /invoice/2147708439/:payment
    │  params: {"paymentDate": "2026-01-22", "paymentTypeId": 40205894, "paidAmount": 7375.0, "paidAmountCurrency": 7375.0}
    └─ 200 OK (2.8s) id=2147708439
    │  response: {"value": {"id": 2147708439, "version": 3, "url": "kkpqfuj-amager.tripletex.dev/v2/invoice/2147708439", "invoiceNumber": 4, "invoiceDate": "2026-01-15", "customer": {"id": 108616459, "url": "kkpqfuj-amager.tripletex.dev/v2/customer/108616459"}, "creditedInvoice": 0, "isCredited": false, "invoiceDueDate": "2026-02-15", "kid": "", "invoiceComment": "", "comment": "", "orders": [{"id": 402086491, "url": "kkpqfuj-amager.tripletex.dev/v2/order/402086491"}], "orderLines": [{"id": 1607619253, "url": "kkpqfuj-amager.tripletex.dev/v2/order/orderline/1607619253"}], "travelReports": [], "projectInvoiceDetails": [{"id": 1965833940, "url": "kkpqfuj-amager.tripletex.dev/v2/invoice/details/1965833940"}], "voucher": {"id": 609456467, "url": "kkpqfuj-amager.tripletex.dev/v2/ledger/voucher/609456467"}, "deliveryDate": "2026-01-15", "amount": 7375.0, "amountCurrency": 7375.0, "amountExcludingVat": 5900.0, "amountExcludingVatCurrency": 5900.0, "amountRoundoff": 0.0, "amountRoundoffCurrency": 0.0, "amountOutstanding": 0.0, "amountCurrencyOutstanding": 0.0, "amountOutstandingTotal": 0.0, "amountCurrencyOutstandingTotal": 0.0, "sumRemits": 0, "currency": {"id": 1, "url": "kkpqfuj-amager.tripletex.dev/v2/currency/1"}, "isCreditNote": false, "isCharged": true, "isApproved": false, "postings": [{"id": 3846610169, "url": "kkpqfuj-amager.tripletex.dev/v2/ledger/posting/3846610169"}, {"id": 3846611425, "url": "kkpqfuj-amager.tripletex.dev/v2/ledger/posting/3846611425"}], "reminders": [], "invoiceRemarks"…
  Iteration 2 took 14.7s

──────────────────────────────────────────────────
  ITERATION 3/25
──────────────────────────────────────────────────
  Tokens: prompt=26003 completion=157 total_session=70882
  GPT says: The payments for the customer invoices have been successfully registered. Now, let's handle the remaining transactions, including the supplier payments and bank fees, by creating journal vouchers. 

We'll create journal vouchers for:
- Supplier payments to Brekke AS, Kvamme AS, and Vik AS.
- Bank fees on 2026-02-02 and 2026-02-03.

Let's proceed with these entries.
  Messages: 12 (91,128 chars)
  Tool calls (2):
    [1] tripletex_api({"method": "GET", "path": "/ledger/account", "params": {"number": "1920"}})
    [2] tripletex_api({"method": "GET", "path": "/ledger/account", "params": {"number": "7770"}})
    ┌─ API GET /ledger/account
    │  params: {"number": "1920"}
    └─ 200 OK (2.3s) [1 items]
    │  response: {"fullResultSize": 1, "from": 0, "count": 1, "versionDigest": "'If-None-Match' header not specified", "values": [{"id": 504008035, "version": 1, "url": "kkpqfuj-amager.tripletex.dev/v2/ledger/account/504008035", "number": 1920, "numberPretty": "1920", "name": "Bankinnskudd", "description": "", "type": "ASSETS", "legalVatTypes": [{"id": 0, "url": "kkpqfuj-amager.tripletex.dev/v2/ledger/vatType/0"}], "ledgerType": "GENERAL", "balanceGroup": "Ikke i en saldogruppe.", "vatType": {"id": 0, "url": "kkpqfuj-amager.tripletex.dev/v2/ledger/vatType/0"}, "vatLocked": true, "currency": {"id": 1, "url": "kkpqfuj-amager.tripletex.dev/v2/currency/1"}, "isCloseable": false, "isApplicableForSupplierInvoice": false, "requireReconciliation": true, "isInactive": false, "isBankAccount": true, "isInvoiceAccount": true, "bankAccountNumber": "12345678903", "bankAccountCountry": {"id": 161, "url": "kkpqfuj-amager.tripletex.dev/v2/country/161"}, "bankName": "", "bankAccountIBAN": "", "bankAccountSWIFT": "", "saftCode": "19", "groupingCode": "1920", "displayName": "1920 Bankinnskudd", "requiresDepartment": false, "requiresProject": false, "invoicingDepartment": null, "isPostingsExist": true, "quantityType1": null, "quantityType2": null, "department": null}]}
    ┌─ API GET /ledger/account
    │  params: {"number": "7770"}
    └─ 200 OK (2.0s) [1 items]
    │  response: {"fullResultSize": 1, "from": 0, "count": 1, "versionDigest": "'If-None-Match' header not specified", "values": [{"id": 504008365, "version": 0, "url": "kkpqfuj-amager.tripletex.dev/v2/ledger/account/504008365", "number": 7770, "numberPretty": "7770", "name": "Bank og kortgebyrer", "description": "", "type": "OPERATING_EXPENSES", "legalVatTypes": [{"id": 0, "url": "kkpqfuj-amager.tripletex.dev/v2/ledger/vatType/0"}], "ledgerType": "GENERAL", "balanceGroup": "Ikke i en saldogruppe.", "vatType": {"id": 0, "url": "kkpqfuj-amager.tripletex.dev/v2/ledger/vatType/0"}, "vatLocked": true, "currency": null, "isCloseable": false, "isApplicableForSupplierInvoice": false, "requireReconciliation": false, "isInactive": false, "isBankAccount": false, "isInvoiceAccount": false, "bankAccountNumber": "", "bankAccountCountry": null, "bankName": "", "bankAccountIBAN": "", "bankAccountSWIFT": "", "saftCode": "77", "groupingCode": "7700", "displayName": "7770 Bank og kortgebyrer", "requiresDepartment": false, "requiresProject": false, "invoicingDepartment": null, "isPostingsExist": false, "quantityType1": null, "quantityType2": null, "department": null}]}
  Iteration 3 took 6.7s

──────────────────────────────────────────────────
  ITERATION 4/25
──────────────────────────────────────────────────
  Tokens: prompt=26967 completion=734 total_session=98583
  Messages: 15 (93,530 chars)
  Tool calls (5):
    [1] tripletex_api({"method": "POST", "path": "/ledger/voucher", "body": {"date": "2026-01-27", "description": "Payment to supplier Brekke AS", "postings": [{"row": 1, "date": "2026-01-27", "amountGross": 6100.0, "amountGrossCurrency": 6100.0, "account": {"id": 504008035}, "vatType": {"id": 0}}, {"row": 2, "date": "2026-01-27", "amountGross": -6100.0, "amountGrossCurrency": -6100.0, "account": {"id": 504008035}, "vatType": {"id": 0}}]}, "params": {}})
    [2] tripletex_api({"method": "POST", "path": "/ledger/voucher", "body": {"date": "2026-01-30", "description": "Payment to supplier Kvamme AS", "postings": [{"row": 1, "date": "2026-01-30", "amountGross": 18400.0, "amountGrossCurrency": 18400.0, "account": {"id": 504008035}, "vatType": {"id": 0}}, {"row": 2, "date": "2026-01-30", "amountGross": -18400.0, "amountGrossCurrency": -18400.0, "account": {"id": 504008035}, "vatType": {"id": 0}}]}, "params": {}})
    [3] tripletex_api({"method": "POST", "path": "/ledger/voucher", "body": {"date": "2026-01-31", "description": "Payment to supplier Vik AS", "postings": [{"row": 1, "date": "2026-01-31", "amountGross": 12300.0, "amountGrossCurrency": 12300.0, "account": {"id": 504008035}, "vatType": {"id": 0}}, {"row": 2, "date": "2026-01-31", "amountGross": -12300.0, "amountGrossCurrency": -12300.0, "account": {"id": 504008035}, "vatType": {"id": 0}}]}, "params": {}})
    [4] tripletex_api({"method": "POST", "path": "/ledger/voucher", "body": {"date": "2026-02-02", "description": "Bank fee", "postings": [{"row": 1, "date": "2026-02-02", "amountGross": 967.04, "amountGrossCurrency": 967.04, "account": {"id": 504008365}, "vatType": {"id": 0}}, {"row": 2, "date": "2026-02-02", "amountGross": -967.04, "amountGrossCurrency": -967.04, "account": {"id": 504008035}, "vatType": {"id": 0}}]}, "params": {}})
    [5] tripletex_api({"method": "POST", "path": "/ledger/voucher", "body": {"date": "2026-02-03", "description": "Bank fee", "postings": [{"row": 1, "date": "2026-02-03", "amountGross": -1097.62, "amountGrossCurrency": -1097.62, "account": {"id": 504008365}, "vatType": {"id": 0}}, {"row": 2, "date": "2026-02-03", "amountGross": 1097.62, "amountGrossCurrency": 1097.62, "account": {"id": 504008035}, "vatType": {"id": 0}}]}, "params": {}})
    │  [reject] 1 rule violation(s):
    │    • [voucher-same-account] All postings use the SAME account — this nets to zero! Row 1 (debit) and Row 2 (credit) MUST use DIFFERENT accounts. Look up the correct contra account (e.g. expense → credit 1920 bank, asset → credit 1209 accumulated depreciation or 2400 leverandørgjeld).
    │  [reject] 1 rule violation(s):
    │    • [voucher-same-account] All postings use the SAME account — this nets to zero! Row 1 (debit) and Row 2 (credit) MUST use DIFFERENT accounts. Look up the correct contra account (e.g. expense → credit 1920 bank, asset → credit 1209 accumulated depreciation or 2400 leverandørgjeld).
    │  [reject] 1 rule violation(s):
    │    • [voucher-same-account] All postings use the SAME account — this nets to zero! Row 1 (debit) and Row 2 (credit) MUST use DIFFERENT accounts. Look up the correct contra account (e.g. expense → credit 1920 bank, asset → credit 1209 accumulated depreciation or 2400 leverandørgjeld).
    ┌─ API POST /ledger/voucher
    │  body:   {"date": "2026-02-02", "description": "Bank fee", "postings": [{"row": 1, "date": "2026-02-02", "amountGross": 967.04, "amountGrossCurrency": 967.04, "account": {"id": 504008365}, "vatType": {"id": 0}}, {"row": 2, "date": "2026-02-02", "amountGross": -967.04, "amountGrossCurrency": -967.04, "account": {"id": 504008035}, "vatType": {"id": 0}}]}
    └─ 201 OK (2.9s) id=609457089
    │  response: {"value": {"id": 609457089, "version": 5, "url": "kkpqfuj-amager.tripletex.dev/v2/ledger/voucher/609457089", "date": "2026-02-02", "number": 5, "tempNumber": 0, "year": 2026, "description": "Bank fee", "voucherType": null, "reverseVoucher": null, "postings": [{"id": 3846611838, "version": 1, "url": "kkpqfuj-amager.tripletex.dev/v2/ledger/posting/3846611838", "voucher": {"id": 609457089, "url": "kkpqfuj-amager.tripletex.dev/v2/ledger/voucher/609457089"}, "date": "2026-02-02", "description": "Bank fee", "account": {"id": 504008365, "url": "kkpqfuj-amager.tripletex.dev/v2/ledger/account/504008365"}, "amortizationAccount": null, "amortizationStartDate": null, "amortizationEndDate": null, "customer": null, "supplier": null, "employee": null, "project": null, "product": null, "department": null, "vatType": {"id": 0, "url": "kkpqfuj-amager.tripletex.dev/v2/ledger/vatType/0"}, "amount": 967.04, "amountCurrency": 967.04, "amountGross": 967.04, "amountGrossCurrency": 967.04, "currency": {"id": 1, "url": "kkpqfuj-amager.tripletex.dev/v2/currency/1"}, "closeGroup": null, "invoiceNumber": "", "termOfPayment": null, "row": 1, "type": null, "externalRef": "", "systemGenerated": false, "taxTransactionType": "(Ikke valgt)", "taxTransactionTypeId": 0, "matched": false, "quantityAmount1": 0, "quantityType1": null, "quantityAmount2": 0, "quantityType2": null, "isVatReadonly": true, "isAmountVatClosed": false, "postingRuleId": 0, "freeAccountingDimension1": null, "freeAccountingDimension2": null,…
    ┌─ API POST /ledger/voucher
    │  body:   {"date": "2026-02-03", "description": "Bank fee", "postings": [{"row": 1, "date": "2026-02-03", "amountGross": -1097.62, "amountGrossCurrency": -1097.62, "account": {"id": 504008365}, "vatType": {"id": 0}}, {"row": 2, "date": "2026-02-03", "amountGross": 1097.62, "amountGrossCurrency": 1097.62, "account": {"id": 504008035}, "vatType": {"id": 0}}]}
    └─ 201 OK (2.9s) id=609457112
    │  response: {"value": {"id": 609457112, "version": 5, "url": "kkpqfuj-amager.tripletex.dev/v2/ledger/voucher/609457112", "date": "2026-02-03", "number": 6, "tempNumber": 0, "year": 2026, "description": "Bank fee", "voucherType": null, "reverseVoucher": null, "postings": [{"id": 3846611893, "version": 1, "url": "kkpqfuj-amager.tripletex.dev/v2/ledger/posting/3846611893", "voucher": {"id": 609457112, "url": "kkpqfuj-amager.tripletex.dev/v2/ledger/voucher/609457112"}, "date": "2026-02-03", "description": "Bank fee", "account": {"id": 504008365, "url": "kkpqfuj-amager.tripletex.dev/v2/ledger/account/504008365"}, "amortizationAccount": null, "amortizationStartDate": null, "amortizationEndDate": null, "customer": null, "supplier": null, "employee": null, "project": null, "product": null, "department": null, "vatType": {"id": 0, "url": "kkpqfuj-amager.tripletex.dev/v2/ledger/vatType/0"}, "amount": -1097.62, "amountCurrency": -1097.62, "amountGross": -1097.62, "amountGrossCurrency": -1097.62, "currency": {"id": 1, "url": "kkpqfuj-amager.tripletex.dev/v2/currency/1"}, "closeGroup": null, "invoiceNumber": "", "termOfPayment": null, "row": 1, "type": null, "externalRef": "", "systemGenerated": false, "taxTransactionType": "(Ikke valgt)", "taxTransactionTypeId": 0, "matched": false, "quantityAmount1": 0, "quantityType1": null, "quantityAmount2": 0, "quantityType2": null, "isVatReadonly": true, "isAmountVatClosed": false, "postingRuleId": 0, "freeAccountingDimension1": null, "freeAccountingDimension2…
  Iteration 4 took 11.1s
  [trim] Compressed 6 old tool responses to save tokens

──────────────────────────────────────────────────
  ITERATION 5/25
──────────────────────────────────────────────────
  Tokens: prompt=25984 completion=129 total_session=124696
  GPT says: The bank fees have been successfully recorded as journal vouchers. However, the supplier payments failed because the postings used the same account for both debit and credit, which is incorrect. We need to use different accounts for debit and credit.

Let's correct the supplier payment entries by using the correct contra account for these transactions. We'll use the accounts payable account (2400) for the credit side. Let's proceed with these corrections.
  Messages: 21 (90,353 chars)
  Tool calls (1):
    [1] tripletex_api({"method": "GET", "path": "/ledger/account", "params": {"number": "2400"}})
    ┌─ API GET /ledger/account
    │  params: {"number": "2400"}
    └─ 200 OK (2.0s) [1 items]
    │  response: {"fullResultSize": 1, "from": 0, "count": 1, "versionDigest": "'If-None-Match' header not specified", "values": [{"id": 504008094, "version": 0, "url": "kkpqfuj-amager.tripletex.dev/v2/ledger/account/504008094", "number": 2400, "numberPretty": "2400", "name": "Leverandørgjeld", "description": "", "type": "LIABILITIES", "legalVatTypes": [{"id": 0, "url": "kkpqfuj-amager.tripletex.dev/v2/ledger/vatType/0"}], "ledgerType": "VENDOR", "balanceGroup": "Ikke i en saldogruppe.", "vatType": {"id": 0, "url": "kkpqfuj-amager.tripletex.dev/v2/ledger/vatType/0"}, "vatLocked": true, "currency": null, "isCloseable": true, "isApplicableForSupplierInvoice": true, "requireReconciliation": false, "isInactive": false, "isBankAccount": false, "isInvoiceAccount": false, "bankAccountNumber": "", "bankAccountCountry": null, "bankName": "", "bankAccountIBAN": "", "bankAccountSWIFT": "", "saftCode": "24", "groupingCode": "2400", "displayName": "2400 Leverandørgjeld", "requiresDepartment": false, "requiresProject": false, "invoicingDepartment": null, "isPostingsExist": false, "quantityType1": null, "quantityType2": null, "department": null}]}
  Iteration 5 took 4.5s
  [trim] Compressed 2 old tool responses to save tokens

──────────────────────────────────────────────────
  ITERATION 6/25
──────────────────────────────────────────────────
  Tokens: prompt=25710 completion=442 total_session=150848
  Messages: 23 (89,150 chars)
  Tool calls (3):
    [1] tripletex_api({"method": "POST", "path": "/ledger/voucher", "body": {"date": "2026-01-27", "description": "Payment to supplier Brekke AS", "postings": [{"row": 1, "date": "2026-01-27", "amountGross": 6100.0, "amountGrossCurrency": 6100.0, "account": {"id": 504008035}, "vatType": {"id": 0}}, {"row": 2, "date": "2026-01-27", "amountGross": -6100.0, "amountGrossCurrency": -6100.0, "account": {"id": 504008094}, "vatType": {"id": 0}}]}})
    [2] tripletex_api({"method": "POST", "path": "/ledger/voucher", "body": {"date": "2026-01-30", "description": "Payment to supplier Kvamme AS", "postings": [{"row": 1, "date": "2026-01-30", "amountGross": 18400.0, "amountGrossCurrency": 18400.0, "account": {"id": 504008035}, "vatType": {"id": 0}}, {"row": 2, "date": "2026-01-30", "amountGross": -18400.0, "amountGrossCurrency": -18400.0, "account": {"id": 504008094}, "vatType": {"id": 0}}]}})
    [3] tripletex_api({"method": "POST", "path": "/ledger/voucher", "body": {"date": "2026-01-31", "description": "Payment to supplier Vik AS", "postings": [{"row": 1, "date": "2026-01-31", "amountGross": 12300.0, "amountGrossCurrency": 12300.0, "account": {"id": 504008035}, "vatType": {"id": 0}}, {"row": 2, "date": "2026-01-31", "amountGross": -12300.0, "amountGrossCurrency": -12300.0, "account": {"id": 504008094}, "vatType": {"id": 0}}]}})
    ┌─ API POST /ledger/voucher
    │  body:   {"date": "2026-01-27", "description": "Payment to supplier Brekke AS", "postings": [{"row": 1, "date": "2026-01-27", "amountGross": 6100.0, "amountGrossCurrency": 6100.0, "account": {"id": 504008035}, "vatType": {"id": 0}}, {"row": 2, "date": "2026-01-27", "amountGross": -6100.0, "amountGrossCurrency": -6100.0, "account": {"id": 504008094}, "vatType": {"id": 0}}]}
    └─ 422 ERR (2.2s) {"status": 422, "code": 18000, "message": "Validering feilet.", "link": "https://tripletex.no/v2-docs/", "developerMessage": "VALIDATION_ERROR", "validationMessages": [{"field": "postings.supplier.id", "message": "Leverandør mangler.", "path": null, "rootId": null}], "requestId": "7df387ac-95e6-47a2-b3df-71b455c6be67", "_status_code": 422}
    │  response: {"status": 422, "code": 18000, "message": "Validering feilet.", "link": "https://tripletex.no/v2-docs/", "developerMessage": "VALIDATION_ERROR", "validationMessages": [{"field": "postings.supplier.id", "message": "Leverandør mangler.", "path": null, "rootId": null}], "requestId": "7df387ac-95e6-47a2-b3df-71b455c6be67", "_status_code": 422}
    ┌─ API POST /ledger/voucher
    │  body:   {"date": "2026-01-30", "description": "Payment to supplier Kvamme AS", "postings": [{"row": 1, "date": "2026-01-30", "amountGross": 18400.0, "amountGrossCurrency": 18400.0, "account": {"id": 504008035}, "vatType": {"id": 0}}, {"row": 2, "date": "2026-01-30", "amountGross": -18400.0, "amountGrossCurrency": -18400.0, "account": {"id": 504008094}, "vatType": {"id": 0}}]}
    └─ 422 ERR (3.3s) {"status": 422, "code": 18000, "message": "Validering feilet.", "link": "https://tripletex.no/v2-docs/", "developerMessage": "VALIDATION_ERROR", "validationMessages": [{"field": "postings.supplier.id", "message": "Leverandør mangler.", "path": null, "rootId": null}], "requestId": "129f756d-0928-4c05-9c8f-7cdf85e7bb94", "_status_code": 422}
    │  response: {"status": 422, "code": 18000, "message": "Validering feilet.", "link": "https://tripletex.no/v2-docs/", "developerMessage": "VALIDATION_ERROR", "validationMessages": [{"field": "postings.supplier.id", "message": "Leverandør mangler.", "path": null, "rootId": null}], "requestId": "129f756d-0928-4c05-9c8f-7cdf85e7bb94", "_status_code": 422}
    ┌─ API POST /ledger/voucher
    │  body:   {"date": "2026-01-31", "description": "Payment to supplier Vik AS", "postings": [{"row": 1, "date": "2026-01-31", "amountGross": 12300.0, "amountGrossCurrency": 12300.0, "account": {"id": 504008035}, "vatType": {"id": 0}}, {"row": 2, "date": "2026-01-31", "amountGross": -12300.0, "amountGrossCurrency": -12300.0, "account": {"id": 504008094}, "vatType": {"id": 0}}]}
    └─ 422 ERR (2.5s) {"status": 422, "code": 18000, "message": "Validering feilet.", "link": "https://tripletex.no/v2-docs/", "developerMessage": "VALIDATION_ERROR", "validationMessages": [{"field": "postings.supplier.id", "message": "Leverandør mangler.", "path": null, "rootId": null}], "requestId": "fb902c83-1ec8-473e-9820-410573c68eec", "_status_code": 422}
    │  response: {"status": 422, "code": 18000, "message": "Validering feilet.", "link": "https://tripletex.no/v2-docs/", "developerMessage": "VALIDATION_ERROR", "validationMessages": [{"field": "postings.supplier.id", "message": "Leverandør mangler.", "path": null, "rootId": null}], "requestId": "fb902c83-1ec8-473e-9820-410573c68eec", "_status_code": 422}
  Iteration 6 took 12.2s
  [trim] Compressed 3 old tool responses to save tokens

──────────────────────────────────────────────────
  ITERATION 7/25
──────────────────────────────────────────────────
  Tokens: prompt=26003 completion=178 total_session=177029
  GPT says: The supplier payment entries failed because the supplier ID is missing in the credit postings. We need to include the supplier ID in the credit postings for the accounts payable account (2400).

Let's correct this by creating the suppliers first and then retrying the journal vouchers with the correct supplier IDs.
  Messages: 27 (88,421 chars)
  Tool calls (3):
    [1] tripletex_api({"method": "POST", "path": "/supplier", "body": {"name": "Brekke AS", "isSupplier": true}})
    [2] tripletex_api({"method": "POST", "path": "/supplier", "body": {"name": "Kvamme AS", "isSupplier": true}})
    [3] tripletex_api({"method": "POST", "path": "/supplier", "body": {"name": "Vik AS", "isSupplier": true}})
    ┌─ API POST /supplier
    │  body:   {"name": "Brekke AS", "isSupplier": true}
    └─ 201 OK (2.9s) id=108616828 name=Brekke AS
    │  response: {"value": {"id": 108616828, "version": 1, "url": "kkpqfuj-amager.tripletex.dev/v2/supplier/108616828", "name": "Brekke AS", "organizationNumber": "", "supplierNumber": 20004, "customerNumber": 0, "isSupplier": true, "isCustomer": false, "isInactive": false, "email": "", "invoiceEmail": "", "overdueNoticeEmail": "", "phoneNumber": "", "phoneNumberMobile": "", "description": "", "isPrivateIndividual": false, "showProducts": false, "accountManager": null, "postalAddress": {"id": 406078384, "url": "kkpqfuj-amager.tripletex.dev/v2/address/406078384"}, "physicalAddress": {"id": 406078383, "url": "kkpqfuj-amager.tripletex.dev/v2/address/406078383"}, "deliveryAddress": null, "category1": null, "category2": null, "category3": null, "bankAccountPresentation": [], "currency": {"id": 1, "url": "kkpqfuj-amager.tripletex.dev/v2/currency/1"}, "ledgerAccount": {"id": 504008094, "url": "kkpqfuj-amager.tripletex.dev/v2/ledger/account/504008094"}, "language": "NO", "isWholesaler": false, "displayName": "Brekke AS (20004)", "locale": "no_NO", "website": ""}}
    ┌─ API POST /supplier
    │  body:   {"name": "Kvamme AS", "isSupplier": true}
    └─ 201 OK (3.0s) id=108616838 name=Kvamme AS
    │  response: {"value": {"id": 108616838, "version": 1, "url": "kkpqfuj-amager.tripletex.dev/v2/supplier/108616838", "name": "Kvamme AS", "organizationNumber": "", "supplierNumber": 20005, "customerNumber": 0, "isSupplier": true, "isCustomer": false, "isInactive": false, "email": "", "invoiceEmail": "", "overdueNoticeEmail": "", "phoneNumber": "", "phoneNumberMobile": "", "description": "", "isPrivateIndividual": false, "showProducts": false, "accountManager": null, "postalAddress": {"id": 406078404, "url": "kkpqfuj-amager.tripletex.dev/v2/address/406078404"}, "physicalAddress": {"id": 406078403, "url": "kkpqfuj-amager.tripletex.dev/v2/address/406078403"}, "deliveryAddress": null, "category1": null, "category2": null, "category3": null, "bankAccountPresentation": [], "currency": {"id": 1, "url": "kkpqfuj-amager.tripletex.dev/v2/currency/1"}, "ledgerAccount": {"id": 504008094, "url": "kkpqfuj-amager.tripletex.dev/v2/ledger/account/504008094"}, "language": "NO", "isWholesaler": false, "displayName": "Kvamme AS (20005)", "locale": "no_NO", "website": ""}}
    ┌─ API POST /supplier
    │  body:   {"name": "Vik AS", "isSupplier": true}
    └─ 201 OK (3.1s) id=108616852 name=Vik AS
    │  response: {"value": {"id": 108616852, "version": 1, "url": "kkpqfuj-amager.tripletex.dev/v2/supplier/108616852", "name": "Vik AS", "organizationNumber": "", "supplierNumber": 20006, "customerNumber": 0, "isSupplier": true, "isCustomer": false, "isInactive": false, "email": "", "invoiceEmail": "", "overdueNoticeEmail": "", "phoneNumber": "", "phoneNumberMobile": "", "description": "", "isPrivateIndividual": false, "showProducts": false, "accountManager": null, "postalAddress": {"id": 406078432, "url": "kkpqfuj-amager.tripletex.dev/v2/address/406078432"}, "physicalAddress": {"id": 406078431, "url": "kkpqfuj-amager.tripletex.dev/v2/address/406078431"}, "deliveryAddress": null, "category1": null, "category2": null, "category3": null, "bankAccountPresentation": [], "currency": {"id": 1, "url": "kkpqfuj-amager.tripletex.dev/v2/currency/1"}, "ledgerAccount": {"id": 504008094, "url": "kkpqfuj-amager.tripletex.dev/v2/ledger/account/504008094"}, "language": "NO", "isWholesaler": false, "displayName": "Vik AS (20006)", "locale": "no_NO", "website": ""}}
  Iteration 7 took 11.8s
  [trim] Compressed 3 old tool responses to save tokens

──────────────────────────────────────────────────
  ITERATION 8/25
──────────────────────────────────────────────────
  Tokens: prompt=24852 completion=466 total_session=202347
  Messages: 31 (84,471 chars)
  Tool calls (3):
    [1] tripletex_api({"method": "POST", "path": "/ledger/voucher", "body": {"date": "2026-01-27", "description": "Payment to supplier Brekke AS", "postings": [{"row": 1, "date": "2026-01-27", "amountGross": 6100.0, "amountGrossCurrency": 6100.0, "account": {"id": 504008035}, "vatType": {"id": 0}}, {"row": 2, "date": "2026-01-27", "amountGross": -6100.0, "amountGrossCurrency": -6100.0, "account": {"id": 504008094}, "supplier": {"id": 108616828}, "vatType": {"id": 0}}]}})
    [2] tripletex_api({"method": "POST", "path": "/ledger/voucher", "body": {"date": "2026-01-30", "description": "Payment to supplier Kvamme AS", "postings": [{"row": 1, "date": "2026-01-30", "amountGross": 18400.0, "amountGrossCurrency": 18400.0, "account": {"id": 504008035}, "vatType": {"id": 0}}, {"row": 2, "date": "2026-01-30", "amountGross": -18400.0, "amountGrossCurrency": -18400.0, "account": {"id": 504008094}, "supplier": {"id": 108616838}, "vatType": {"id": 0}}]}})
    [3] tripletex_api({"method": "POST", "path": "/ledger/voucher", "body": {"date": "2026-01-31", "description": "Payment to supplier Vik AS", "postings": [{"row": 1, "date": "2026-01-31", "amountGross": 12300.0, "amountGrossCurrency": 12300.0, "account": {"id": 504008035}, "vatType": {"id": 0}}, {"row": 2, "date": "2026-01-31", "amountGross": -12300.0, "amountGrossCurrency": -12300.0, "account": {"id": 504008094}, "supplier": {"id": 108616852}, "vatType": {"id": 0}}]}})
    ┌─ API POST /ledger/voucher
    │  body:   {"date": "2026-01-27", "description": "Payment to supplier Brekke AS", "postings": [{"row": 1, "date": "2026-01-27", "amountGross": 6100.0, "amountGrossCurrency": 6100.0, "account": {"id": 504008035}, "vatType": {"id": 0}}, {"row": 2, "date": "2026-01-27", "amountGross": -6100.0, "amountGrossCurrency": -6100.0, "account": {"id": 504008094}, "supplier": {"id": 108616828}, "vatType": {"id": 0}}]}
    └─ 201 OK (3.4s) id=609457446
    │  response: {"value": {"id": 609457446, "version": 5, "url": "kkpqfuj-amager.tripletex.dev/v2/ledger/voucher/609457446", "date": "2026-01-27", "number": 7, "tempNumber": 0, "year": 2026, "description": "Payment to supplier Brekke AS", "voucherType": null, "reverseVoucher": null, "postings": [{"id": 3846612790, "version": 1, "url": "kkpqfuj-amager.tripletex.dev/v2/ledger/posting/3846612790", "voucher": {"id": 609457446, "url": "kkpqfuj-amager.tripletex.dev/v2/ledger/voucher/609457446"}, "date": "2026-01-27", "description": "Payment to supplier Brekke AS", "account": {"id": 504008035, "url": "kkpqfuj-amager.tripletex.dev/v2/ledger/account/504008035"}, "amortizationAccount": null, "amortizationStartDate": null, "amortizationEndDate": null, "customer": null, "supplier": null, "employee": null, "project": null, "product": null, "department": null, "vatType": {"id": 0, "url": "kkpqfuj-amager.tripletex.dev/v2/ledger/vatType/0"}, "amount": 6100.0, "amountCurrency": 6100.0, "amountGross": 6100.0, "amountGrossCurrency": 6100.0, "currency": {"id": 1, "url": "kkpqfuj-amager.tripletex.dev/v2/currency/1"}, "closeGroup": null, "invoiceNumber": "", "termOfPayment": null, "row": 1, "type": null, "externalRef": "", "systemGenerated": false, "taxTransactionType": "(Ikke valgt)", "taxTransactionTypeId": 0, "matched": false, "quantityAmount1": 0, "quantityType1": null, "quantityAmount2": 0, "quantityType2": null, "isVatReadonly": true, "isAmountVatClosed": false, "postingRuleId": 0, "freeAccountingDimension1…
    ┌─ API POST /ledger/voucher
    │  body:   {"date": "2026-01-30", "description": "Payment to supplier Kvamme AS", "postings": [{"row": 1, "date": "2026-01-30", "amountGross": 18400.0, "amountGrossCurrency": 18400.0, "account": {"id": 504008035}, "vatType": {"id": 0}}, {"row": 2, "date": "2026-01-30", "amountGross": -18400.0, "amountGrossCurrency": -18400.0, "account": {"id": 504008094}, "supplier": {"id": 108616838}, "vatType": {"id": 0}}]}
    └─ 201 OK (5.8s) id=609457477
    │  response: {"value": {"id": 609457477, "version": 5, "url": "kkpqfuj-amager.tripletex.dev/v2/ledger/voucher/609457477", "date": "2026-01-30", "number": 8, "tempNumber": 0, "year": 2026, "description": "Payment to supplier Kvamme AS", "voucherType": null, "reverseVoucher": null, "postings": [{"id": 3846612877, "version": 1, "url": "kkpqfuj-amager.tripletex.dev/v2/ledger/posting/3846612877", "voucher": {"id": 609457477, "url": "kkpqfuj-amager.tripletex.dev/v2/ledger/voucher/609457477"}, "date": "2026-01-30", "description": "Payment to supplier Kvamme AS", "account": {"id": 504008035, "url": "kkpqfuj-amager.tripletex.dev/v2/ledger/account/504008035"}, "amortizationAccount": null, "amortizationStartDate": null, "amortizationEndDate": null, "customer": null, "supplier": null, "employee": null, "project": null, "product": null, "department": null, "vatType": {"id": 0, "url": "kkpqfuj-amager.tripletex.dev/v2/ledger/vatType/0"}, "amount": 18400.0, "amountCurrency": 18400.0, "amountGross": 18400.0, "amountGrossCurrency": 18400.0, "currency": {"id": 1, "url": "kkpqfuj-amager.tripletex.dev/v2/currency/1"}, "closeGroup": null, "invoiceNumber": "", "termOfPayment": null, "row": 1, "type": null, "externalRef": "", "systemGenerated": false, "taxTransactionType": "(Ikke valgt)", "taxTransactionTypeId": 0, "matched": false, "quantityAmount1": 0, "quantityType1": null, "quantityAmount2": 0, "quantityType2": null, "isVatReadonly": true, "isAmountVatClosed": false, "postingRuleId": 0, "freeAccountingDimens…
    ┌─ API POST /ledger/voucher
    │  body:   {"date": "2026-01-31", "description": "Payment to supplier Vik AS", "postings": [{"row": 1, "date": "2026-01-31", "amountGross": 12300.0, "amountGrossCurrency": 12300.0, "account": {"id": 504008035}, "vatType": {"id": 0}}, {"row": 2, "date": "2026-01-31", "amountGross": -12300.0, "amountGrossCurrency": -12300.0, "account": {"id": 504008094}, "supplier": {"id": 108616852}, "vatType": {"id": 0}}]}
    └─ 201 OK (4.4s) id=609457521
    │  response: {"value": {"id": 609457521, "version": 5, "url": "kkpqfuj-amager.tripletex.dev/v2/ledger/voucher/609457521", "date": "2026-01-31", "number": 9, "tempNumber": 0, "year": 2026, "description": "Payment to supplier Vik AS", "voucherType": null, "reverseVoucher": null, "postings": [{"id": 3846612992, "version": 1, "url": "kkpqfuj-amager.tripletex.dev/v2/ledger/posting/3846612992", "voucher": {"id": 609457521, "url": "kkpqfuj-amager.tripletex.dev/v2/ledger/voucher/609457521"}, "date": "2026-01-31", "description": "Payment to supplier Vik AS", "account": {"id": 504008035, "url": "kkpqfuj-amager.tripletex.dev/v2/ledger/account/504008035"}, "amortizationAccount": null, "amortizationStartDate": null, "amortizationEndDate": null, "customer": null, "supplier": null, "employee": null, "project": null, "product": null, "department": null, "vatType": {"id": 0, "url": "kkpqfuj-amager.tripletex.dev/v2/ledger/vatType/0"}, "amount": 12300.0, "amountCurrency": 12300.0, "amountGross": 12300.0, "amountGrossCurrency": 12300.0, "currency": {"id": 1, "url": "kkpqfuj-amager.tripletex.dev/v2/currency/1"}, "closeGroup": null, "invoiceNumber": "", "termOfPayment": null, "row": 1, "type": null, "externalRef": "", "systemGenerated": false, "taxTransactionType": "(Ikke valgt)", "taxTransactionTypeId": 0, "matched": false, "quantityAmount1": 0, "quantityType1": null, "quantityAmount2": 0, "quantityType2": null, "isVatReadonly": true, "isAmountVatClosed": false, "postingRuleId": 0, "freeAccountingDimension1":…
  Iteration 8 took 17.9s

──────────────────────────────────────────────────
  ITERATION 9/25
──────────────────────────────────────────────────
  Tokens: prompt=28518 completion=9 total_session=230874
  Messages: 35 (94,027 chars)
  Tool calls (1):
    [1] done()

  ⏳ Verifying task completion (147s remaining)...
  📋 Verification prompt (7681 chars):
    │ TASK: Avstem bankutskrifta (vedlagt CSV) mot opne fakturaer i Tripletex. Match innbetalingar til kundefakturaer og utbetalingar til leverandorfakturaer. Handter delbetalingar korrekt.
    │ 
    │ TASK TYPE: Supplier invoice.
    │ Check these SPECIFIC things:
    │ - Supplier created with correct name and org number?
    │ - Correct expense account used (typically 4000-7999 range, NOT 1000-range asset accounts)?
    │ - Correct input VAT type (inngående MVA, typically vatType 1 for 25%)?
    │ - Invoice amounts NOT zero — if amount=0 or amountCurrency=0 in the response, the postings were WRONG
    │ - Invoice number, date, due date match the PDF/task?
    │ 
    │ ACTION LOG (chronological):
    │ CALL: tripletex_api({"method": "PUT", "path": "/invoice/2147708439/:payment", "params": {"paymentDate": "2026-01-22", "paymentTypeId": 40205894, "paidAmount": 7375.0, "paidAmountCurrency": 7375.0}})
    │ status=ok
    │ status=ok
    │ status=ok
    │ status=ok
    │ CALL: tripletex_api({"method": "GET", "path": "/ledger/account", "params": {"number": "1920"}})
    │ CALL: tripletex_api({"method": "GET", "path": "/ledger/account", "params": {"number": "7770"}})
    │ status=ok
    │ status=ok
    │ CALL: tripletex_api({"method": "POST", "path": "/ledger/voucher", "body": {"date": "2026-01-27", "description": "Payment to supplier Brekke AS", "postings": [{"row": 1, "date": "2026-01-27", "amountGross": 6100.0, "amountGrossCurrency": 6100.0, "account": {"id": 504008035}, "vatType": {"id": 0}}, {"row": 2, "date": "20)
    │ CALL: tripletex_api({"method": "POST", "path": "/ledger/voucher", "body": {"date": "2026-01-30", "description": "Payment to supplier Kvamme AS", "postings": [{"row": 1, "date": "2026-01-30", "amountGross": 18400.0, "amountGrossCurrency": 18400.0, "account": {"id": 504008035}, "vatType": {"id": 0}}, {"row": 2, "date": ")
    │ CALL: tripletex_api({"method": "POST", "path": "/ledger/voucher", "body": {"date": "2026-01-31", "description": "Payment to supplier Vik AS", "postings": [{"row": 1, "date": "2026-01-31", "amountGross": 12300.0, "amountGrossCurrency": 12300.0, "account": {"id": 504008035}, "vatType": {"id": 0}}, {"row": 2, "date": "202)
    │ CALL: tripletex_api({"method": "POST", "path": "/ledger/voucher", "body": {"date": "2026-02-02", "description": "Bank fee", "postings": [{"row": 1, "date": "2026-02-02", "amountGross": 967.04, "amountGrossCurrency": 967.04, "account": {"id": 504008365}, "vatType": {"id": 0}}, {"row": 2, "date": "2026-02-02", "amountGro)
    │ CALL: tripletex_api({"method": "POST", "path": "/ledger/voucher", "body": {"date": "2026-02-03", "description": "Bank fee", "postings": [{"row": 1, "date": "2026-02-03", "amountGross": -1097.62, "amountGrossCurrency": -1097.62, "account": {"id": 504008365}, "vatType": {"id": 0}}, {"row": 2, "date": "2026-02-03", "amoun)
    │ status=ok
    │ status=ok
    │ status=ok
    │ status=ok
    │ status=ok
    │ CALL: tripletex_api({"method": "GET", "path": "/ledger/account", "params": {"number": "2400"}})
    │ status=ok
    │ CALL: tripletex_api({"method": "POST", "path": "/ledger/voucher", "body": {"date": "2026-01-27", "description": "Payment to supplier Brekke AS", "postings": [{"row": 1, "date": "2026-01-27", "amountGross": 6100.0, "amountGrossCurrency": 6100.0, "account": {"id": 504008035}, "vatType": {"id": 0}}, {"row": 2, "date": "20)
    │ CALL: tripletex_api({"method": "POST", "path": "/ledger/voucher", "body": {"date": "2026-01-30", "description": "Payment to supplier Kvamme AS", "postings": [{"row": 1, "date": "2026-01-30", "amountGross": 18400.0, "amountGrossCurrency": 18400.0, "account": {"id": 504008035}, "vatType": {"id": 0}}, {"row": 2, "date": ")
    │ CALL: tripletex_api({"method": "POST", "path": "/ledger/voucher", "body": {"date": "2026-01-31", "description": "Payment to supplier Vik AS", "postings": [{"row": 1, "date": "2026-01-31", "amountGross": 12300.0, "amountGrossCurrency": 12300.0, "account": {"id": 504008035}, "vatType": {"id": 0}}, {"row": 2, "date": "202)
    │ status=422
    │ status=422
    │ status=422
    │ CALL: tripletex_api({"method": "POST", "path": "/supplier", "body": {"name": "Brekke AS", "isSupplier": true}})
    │ CALL: tripletex_api({"method": "POST", "path": "/supplier", "body": {"name": "Kvamme AS", "isSupplier": true}})
    │ CALL: tripletex_api({"method": "POST", "path": "/supplier", "body": {"name": "Vik AS", "isSupplier": true}})
    │ status=ok id=108616828 name=Brekke AS
    │ status=ok id=108616838 name=Kvamme AS
    │ status=ok id=108616852 name=Vik AS
    │ CALL: tripletex_api({"method": "POST", "path": "/ledger/voucher", "body": {"date": "2026-01-27", "description": "Payment to supplier Brekke AS", "postings": [{"row": 1, "date": "2026-01-27", "amountGross": 6100.0, "amountGrossCurrency": 6100.0, "account": {"id": 504008035}, "vatType": {"id": 0}}, {"row": 2, "date": "20)
    │ CALL: tripletex_api({"method": "POST", "path": "/ledger/voucher", "body": {"date": "2026-01-30", "description": "Payment to supplier Kvamme AS", "postings": [{"row": 1, "date": "2026-01-30", "amountGross": 18400.0, "amountGrossCurrency": 18400.0, "account": {"id": 504008035}, "vatType": {"id": 0}}, {"row": 2, "date": ")
    │ CALL: tripletex_api({"method": "POST", "path": "/ledger/voucher", "body": {"date": "2026-01-31", "description": "Payment to supplier Vik AS", "postings": [{"row": 1, "date": "2026-01-31", "amountGross": 12300.0, "amountGrossCurrency": 12300.0, "account": {"id": 504008035}, "vatType": {"id": 0}}, {"row": 2, "date": "202)
    │ status=ok id=609457446
    │ status=ok id=609457477
    │ status=ok id=609457521
    │ CALL: done({})
    │ 
    │ You are an accounting verification agent. Based ONLY on the action log above, check:
    │ 1. MATH: All amounts, percentages, VAT calculations correct? (e.g. if task says 50% of 274950, invoice total incl VAT must be 137475)
    │ 2. COMPLETENESS: Were all steps in the task done? Look at the CALL entries — if the action log shows the step was performed with status=ok, it WAS done. Do NOT say a step is missing if you can see it in the log!
    │ IMPORTANT: 'Fakturer'/'Invoice' just means create an invoice — do NOT require sending unless the task explicitly says send/sende/enviar/envoyer/senden!
    │ 3. DATA: Names, org numbers, dates match the task?
    │ 4. AMOUNTS: If any created entity shows amount=0 or totalAmount=0 in the response, that is WRONG — the postings failed silently. For supplier invoices: amount=0 with amountExcludingVat=0 means postings were MISSING or malformed.
    │ 5. BUDGET vs INVOICE: NEVER flag a mismatch between project budget and invoice total. For fixed-price projects the invoice excl. VAT matches the fixedprice — this is CORRECT. For other projects, invoice is based on actual work/costs. Either way, do NOT fail on budget vs invoice differences.
    │ 6. PAYMENT AMOUNTS: Invoice payments and reversals use the FULL amount INCLUDING VAT, not excl. VAT. If the task says 'X NOK excl. VAT', the correct payment/reversal amount is X × 1.25 (Norwegian 25% VAT). Do NOT flag a mismatch between excl. VAT amounts in the task and incl. VAT payment amounts.
    │ 7. VAT BREAKDOWN: If the total invoice amount matches the expected sum, do NOT fail on 'VAT breakdown not reflected' or similar vague VAT concerns. Only fail if a specific line item has the WRONG VAT rate applied.
    │ 
    │ CRITICAL: Be CONSERVATIVE. When in doubt, say PASS.
    │ Only say FAIL for CLEAR, OBJECTIVE, SPECIFIC errors (wrong math, completely missing step, wrong name).
    │ Do NOT say FAIL for: vague concerns, 'might be wrong', uncertain issues, minor stylistic differences, or steps you cannot confirm from the log (absence of evidence is NOT evidence of absence).
    │ A false FAIL causes MORE damage than a missed error. When uncertain, ALWAYS say PASS.
    │ If the action log shows all main steps completed with status=ok, say PASS.
    │ 
    │ Reply ONLY with either:
    │ - 'PASS' if everything looks correct or you are unsure
    │ - 'FAIL: <specific issue>' ONLY if there is an obvious, objective error
  🔍 Verification (2439 tokens): PASS

  ✓ DONE — 9 iterations, 230874 tokens, 89.6s

======================================================================
  TASK COMPLETE — total 93.1s
======================================================================

