
======================================================================
  NEW TASK RECEIVED
  Version: unknown
======================================================================
  Prompt: Register a travel expense for Thomas Lewis (thomas.lewis@example.org) for "Client visit Oslo". The trip lasted 4 days with per diem (daily rate 800 NOK). Expenses: flight ticket 7250 NOK and taxi 600 NOK.
  Files:  0
  URL:    https://tx-proxy-jwanbnu3pq-lz.a.run.app/v2
──────────────────────────────────────────────────────────────────────

──────────────────────────────────────────────────
  ITERATION 1/25
──────────────────────────────────────────────────
  Tokens: prompt=14615 completion=129 total_session=14744
  GPT says: To complete this task, we will follow these steps:

1. Create or ensure the existence of the employee Thomas Lewis.
2. Create the travel expense report for "Client visit Oslo."
3. Look up cost categories for flight and taxi expenses.
4. Register the expenses for flight and taxi.
5. Calculate and register the per diem compensation for the 4-day trip.

Let's begin by attempting to create the employee Thomas Lewis.
  Messages: 3 (55,100 chars)
  Tool calls (1):
    [1] tripletex_api({"method":"POST","path":"/employee","body":{"firstName":"Thomas","lastName":"Lewis","email":"thomas.lewis@example.org"}})
    ┌─ API POST /employee
    │  body:   {"firstName": "Thomas", "lastName": "Lewis", "email": "thomas.lewis@example.org"}
    └─ 422 ERR (2.6s) {"status": 422, "code": 18000, "message": "Validering feilet.", "link": "https://tripletex.no/v2-docs/", "developerMessage": "VALIDATION_ERROR", "validationMessages": [{"field": null, "message": "Brukertype kan ikke være \"0\" eller tom.", "path": null, "rootId": null}], "requestId": "a313e147-c3ad-46d0-8c23-b52e8faf602f", "_status_code": 422}
    │  [track] employee rename pending: Thomas Lewis
    │  response: {"status": 422, "code": 18000, "message": "Validering feilet.", "link": "https://tripletex.no/v2-docs/", "developerMessage": "VALIDATION_ERROR", "validationMessages": [{"field": null, "message": "Brukertype kan ikke være \"0\" eller tom.", "path": null, "rootId": null}], "requestId": "a313e147-c3ad-46d0-8c23-b52e8faf602f", "_status_code": 422}
  Iteration 1 took 5.0s

──────────────────────────────────────────────────
  ITERATION 2/25
──────────────────────────────────────────────────
  Tokens: prompt=14875 completion=24 total_session=29643
  Messages: 5 (55,445 chars)
  Tool calls (1):
    [1] tripletex_api({"method":"GET","path":"/employee?fields=*"})
    │  [fix] extracted query params from path: {'fields': '*'}
    ┌─ API GET /employee
    │  params: {"fields": "*"}
    └─ 200 OK (2.6s) [2 items]
    │  response: {"fullResultSize": 2, "from": 0, "count": 2, "versionDigest": "Checksum not yet supported for this endpoint", "values": [{"id": 18248855, "version": 1, "url": "kkpqfuj-amager.tripletex.dev/v2/employee/18248855", "firstName": "Admin", "lastName": "NM", "displayName": "Admin NM", "employeeNumber": "", "dateOfBirth": null, "email": "nmiai-pool@test.no", "phoneNumberMobileCountry": {"id": 161, "url": "kkpqfuj-amager.tripletex.dev/v2/country/161"}, "phoneNumberMobile": "", "phoneNumberHome": "", "phoneNumberWork": "", "nationalIdentityNumber": "", "dnumber": "", "internationalId": {"intAmeldingType": null, "country": null, "number": ""}, "bankAccountNumber": "", "iban": "", "bic": "", "creditorBankCountryId": 0, "usesAbroadPayment": false, "userType": null, "allowInformationRegistration": true, "isContact": false, "isProxy": false, "comments": "", "address": null, "department": {"id": 736924, "url": "kkpqfuj-amager.tripletex.dev/v2/department/736924"}, "employments": [{"id": 2640840, "url": "kkpqfuj-amager.tripletex.dev/v2/employee/employment/2640840"}], "holidayAllowanceEarned": {"year": 0, "amount": 0.0, "basis": 0.0, "amountExtraHolidayWeek": 0.0}, "employeeCategory": null, "isAuthProjectOverviewURL": true, "pictureId": 0, "companyId": 107911718, "vismaConnect2FAactive": false}, {"id": 18613382, "version": 2, "url": "kkpqfuj-amager.tripletex.dev/v2/employee/18613382", "firstName": "Thomas", "lastName": "Lewis", "displayName": "Thomas Lewis", "employeeNumber": "", "dateOfBirth":…
  Iteration 2 took 3.4s

──────────────────────────────────────────────────
  ITERATION 3/25
──────────────────────────────────────────────────
  Tokens: prompt=15679 completion=58 total_session=45380
  Messages: 7 (57,849 chars)
  Tool calls (1):
    [1] tripletex_api({"method":"PUT","path":"/employee/18613382","body":{"id":18613382,"version":2,"firstName":"Thomas","lastName":"Lewis","dateOfBirth":"1990-01-01"}})
    ┌─ API PUT /employee/18613382
    │  body:   {"id": 18613382, "version": 2, "firstName": "Thomas", "lastName": "Lewis", "dateOfBirth": "1990-01-01"}
    └─ 200 OK (3.0s) id=18613382 name=Thomas
    │  [track] employee renamed successfully via PUT
    │  response: {"value": {"id": 18613382, "version": 3, "url": "kkpqfuj-amager.tripletex.dev/v2/employee/18613382", "firstName": "Thomas", "lastName": "Lewis", "displayName": "Thomas Lewis", "employeeNumber": "", "dateOfBirth": "1990-01-01", "email": "thomas.lewis@example.org", "phoneNumberMobileCountry": {"id": 161, "url": "kkpqfuj-amager.tripletex.dev/v2/country/161"}, "phoneNumberMobile": "", "phoneNumberHome": "", "phoneNumberWork": "", "nationalIdentityNumber": "", "dnumber": "", "internationalId": {"intAmeldingType": null, "country": null, "number": ""}, "bankAccountNumber": "", "iban": "", "bic": "", "creditorBankCountryId": 0, "usesAbroadPayment": false, "userType": null, "allowInformationRegistration": true, "isContact": false, "isProxy": false, "comments": "", "address": null, "department": {"id": 736924, "url": "kkpqfuj-amager.tripletex.dev/v2/department/736924"}, "employments": [], "holidayAllowanceEarned": {"year": 0, "amount": 0.0, "basis": 0.0, "amountExtraHolidayWeek": 0.0}, "employeeCategory": null, "isAuthProjectOverviewURL": true, "pictureId": 0, "companyId": 107911718, "vismaConnect2FAactive": false}}
  Iteration 3 took 4.1s

──────────────────────────────────────────────────
  ITERATION 4/25
──────────────────────────────────────────────────
  Tokens: prompt=16106 completion=87 total_session=61573
  Messages: 9 (58,972 chars)
  Tool calls (1):
    [1] tripletex_api({"method":"POST","path":"/travelExpense","body":{"employee":{"id":18613382},"title":"Client visit Oslo","date":"2026-03-21","travelDetails":{"departureDate":"2026-03-17","returnDate":"2026-03-21","destination":"Oslo","purpose":"Client visit","isDayTrip":false}}})
    ┌─ API POST /travelExpense
    │  body:   {"employee": {"id": 18613382}, "title": "Client visit Oslo", "date": "2026-03-21", "travelDetails": {"departureDate": "2026-03-17", "returnDate": "2026-03-21", "destination": "Oslo", "purpose": "Client visit", "isDayTrip": false}}
    └─ 201 OK (3.0s) id=11149301
    │  response: {"value": {"id": 11149301, "version": 2, "url": "kkpqfuj-amager.tripletex.dev/v2/travelExpense/11149301", "attestationSteps": [], "attestation": null, "project": null, "employee": {"id": 18613382, "url": "kkpqfuj-amager.tripletex.dev/v2/employee/18613382"}, "approvedBy": null, "completedBy": null, "rejectedBy": null, "department": {"id": 736924, "url": "kkpqfuj-amager.tripletex.dev/v2/department/736924"}, "freeDimension1": null, "freeDimension2": null, "freeDimension3": null, "payslip": null, "vatType": {"id": 0, "url": "kkpqfuj-amager.tripletex.dev/v2/ledger/vatType/0"}, "paymentCurrency": {"id": 1, "url": "kkpqfuj-amager.tripletex.dev/v2/currency/1"}, "travelDetails": {"isForeignTravel": false, "isDayTrip": false, "isCompensationFromRates": false, "departureDate": "2026-03-17", "returnDate": "2026-03-21", "detailedJourneyDescription": "", "departureFrom": "", "destination": "Oslo", "departureTime": "", "returnTime": "", "purpose": "Client visit"}, "voucher": null, "attachment": null, "isCompleted": false, "isApproved": false, "rejectedComment": "", "isChargeable": false, "isFixedInvoicedAmount": false, "isMarkupInvoicedPercent": false, "isIncludeAttachedReceiptsWhenReinvoicing": false, "completedDate": null, "approvedDate": null, "date": "2026-03-21", "travelAdvance": 0, "fixedInvoicedAmount": 0, "markupInvoicedPercent": 0, "amount": 0, "chargeableAmountCurrency": 0.0, "paymentAmount": 0.0, "chargeableAmount": 0, "lowRateVAT": 0, "mediumRateVAT": 0, "highRateVAT": 0, "payme…
  Iteration 4 took 4.1s

──────────────────────────────────────────────────
  ITERATION 5/25
──────────────────────────────────────────────────
  Tokens: prompt=16977 completion=25 total_session=78575
  Messages: 11 (61,294 chars)
  Tool calls (1):
    [1] tripletex_api({"method":"GET","path":"/travelExpense/costCategory"})
    ┌─ API GET /travelExpense/costCategory
    └─ 200 OK (3.0s) [36 items]
    │  response: {"fullResultSize": 36, "from": 0, "count": 36, "versionDigest": "'If-None-Match' header not specified", "values": [{"id": 28090499, "version": 0, "url": "kkpqfuj-amager.tripletex.dev/v2/travelExpense/costCategory/28090499", "description": "Bredbånd", "account": {"id": 373198025, "url": "kkpqfuj-amager.tripletex.dev/v2/ledger/account/373198025"}, "vatType": {"id": 1, "url": "kkpqfuj-amager.tripletex.dev/v2/ledger/vatType/1"}, "isVatLocked": false, "showOnTravelExpenses": false, "showOnEmployeeExpenses": true, "isInactive": false, "sequence": 10, "displayName": "Bredbånd"}, {"id": 28090500, "version": 0, "url": "kkpqfuj-amager.tripletex.dev/v2/travelExpense/costCategory/28090500", "description": "Kontorrekvisita", "account": {"id": 373198019, "url": "kkpqfuj-amager.tripletex.dev/v2/ledger/account/373198019"}, "vatType": {"id": 1, "url": "kkpqfuj-amager.tripletex.dev/v2/ledger/vatType/1"}, "isVatLocked": false, "showOnTravelExpenses": false, "showOnEmployeeExpenses": true, "isInactive": false, "sequence": 11, "displayName": "Kontorrekvisita"}, {"id": 28090501, "version": 0, "url": "kkpqfuj-amager.tripletex.dev/v2/travelExpense/costCategory/28090501", "description": "Data/EDB-kostnad", "account": {"id": 373198020, "url": "kkpqfuj-amager.tripletex.dev/v2/ledger/account/373198020"}, "vatType": {"id": 1, "url": "kkpqfuj-amager.tripletex.dev/v2/ledger/vatType/1"}, "isVatLocked": false, "showOnTravelExpenses": false, "showOnEmployeeExpenses": true, "isInactive": false, "sequence": 12,…
  Iteration 5 took 3.8s

──────────────────────────────────────────────────
  ITERATION 6/25
──────────────────────────────────────────────────
  Tokens: prompt=19809 completion=24 total_session=98408
  Messages: 13 (69,308 chars)
  Tool calls (1):
    [1] tripletex_api({"method":"GET","path":"/travelExpense/paymentType"})
    ┌─ API GET /travelExpense/paymentType
    └─ 200 OK (2.5s) [1 items]
    │  response: {"fullResultSize": 1, "from": 0, "count": 1, "versionDigest": "'If-None-Match' header not specified", "values": [{"id": 28090498, "version": 0, "url": "kkpqfuj-amager.tripletex.dev/v2/travelExpense/paymentType/28090498", "description": "Privat utlegg", "account": {"id": 373197829, "url": "kkpqfuj-amager.tripletex.dev/v2/ledger/account/373197829"}, "showOnTravelExpenses": true, "showOnEmployeeExpenses": true, "isInactive": false, "displayName": "Privat utlegg"}]}
  Iteration 6 took 3.7s

──────────────────────────────────────────────────
  ITERATION 7/25
──────────────────────────────────────────────────
  Tokens: prompt=19998 completion=61 total_session=118467
  Messages: 15 (69,774 chars)
  Tool calls (1):
    [1] tripletex_api({"method":"POST","path":"/travelExpense/cost","body":{"travelExpense":{"id":11149301},"costCategory":{"id":28090514},"paymentType":{"id":28090498},"amountCurrencyIncVat":7250}})
    ┌─ API POST /travelExpense/cost
    │  body:   {"travelExpense": {"id": 11149301}, "costCategory": {"id": 28090514}, "paymentType": {"id": 28090498}, "amountCurrencyIncVat": 7250}
    └─ 201 OK (2.2s)
    │  response: {"value": {"url": "kkpqfuj-amager.tripletex.dev/v2/travelExpense/cost/20256303"}}
  Iteration 7 took 3.9s

──────────────────────────────────────────────────
  ITERATION 8/25
──────────────────────────────────────────────────
  Tokens: prompt=20098 completion=60 total_session=138625
  Messages: 17 (69,855 chars)
  Tool calls (1):
    [1] tripletex_api({"method":"POST","path":"/travelExpense/cost","body":{"travelExpense":{"id":11149301},"costCategory":{"id":28090507},"paymentType":{"id":28090498},"amountCurrencyIncVat":600}})
    ┌─ API POST /travelExpense/cost
    │  body:   {"travelExpense": {"id": 11149301}, "costCategory": {"id": 28090507}, "paymentType": {"id": 28090498}, "amountCurrencyIncVat": 600}
    └─ 201 OK (2.2s)
    │  response: {"value": {"url": "kkpqfuj-amager.tripletex.dev/v2/travelExpense/cost/20256304"}}
  Iteration 8 took 4.1s

──────────────────────────────────────────────────
  ITERATION 9/25
──────────────────────────────────────────────────
  Tokens: prompt=20197 completion=25 total_session=158847
  Messages: 19 (69,936 chars)
  Tool calls (1):
    [1] tripletex_api({"method":"GET","path":"/travelExpense/rateCategory"})
    ┌─ API GET /travelExpense/rateCategory
    └─ 200 OK (2.0s) [459 items]
    │  response: {"fullResultSize": 459, "from": 0, "count": 459, "versionDigest": "'If-None-Match' header not specified", "values": [{"id": 2, "version": 0, "url": "kkpqfuj-amager.tripletex.dev/v2/travelExpense/rateCategory/2", "name": "Dagsreise 5-9 timer - innland", "ameldingWageCode": 13, "wageCodeNumber": "351", "isValidDayTrip": true, "isValidAccommodation": false, "isValidDomestic": true, "isValidForeignTravel": true, "isRequiresZone": false, "isRequiresOvernightAccommodation": false, "fromDate": null, "toDate": "2008-05-01", "type": "PER_DIEM"}, {"id": 3, "version": 0, "url": "kkpqfuj-amager.tripletex.dev/v2/travelExpense/rateCategory/3", "name": "Dagsreise 9-12 timer - innland", "ameldingWageCode": 13, "wageCodeNumber": "352", "isValidDayTrip": true, "isValidAccommodation": false, "isValidDomestic": true, "isValidForeignTravel": true, "isRequiresZone": false, "isRequiresOvernightAccommodation": false, "fromDate": null, "toDate": "2008-05-01", "type": "PER_DIEM"}, {"id": 4, "version": 0, "url": "kkpqfuj-amager.tripletex.dev/v2/travelExpense/rateCategory/4", "name": "Dagsreise over 12 timer - innland", "ameldingWageCode": 13, "wageCodeNumber": "355", "isValidDayTrip": true, "isValidAccommodation": false, "isValidDomestic": true, "isValidForeignTravel": true, "isRequiresZone": false, "isRequiresOvernightAccommodation": false, "fromDate": null, "toDate": "2008-05-01", "type": "PER_DIEM"}, {"id": 10, "version": 0, "url": "kkpqfuj-amager.tripletex.dev/v2/travelExpense/rateCategory/10", "na…
  Iteration 9 took 3.0s

──────────────────────────────────────────────────
  ITERATION 10/25
──────────────────────────────────────────────────
  Tokens: prompt=22888 completion=60 total_session=181795
  Messages: 21 (77,950 chars)
  Tool calls (1):
    [1] tripletex_api({"method":"POST","path":"/travelExpense/perDiemCompensation","body":{"travelExpense":{"id":11149301},"rateCategory":{"id":11},"location":"Oslo","overnightAccommodation":"NONE","count":4}})
    ┌─ API GET /travelExpense/11149301
    │  params: {"fields": "date,travelDetails"}
    └─ 200 OK (2.1s)
    ┌─ API GET /travelExpense/rateCategory
    │  params: {"count": 1000}
    └─ 200 OK (2.0s) [459 items]
    │  [fix] perDiem rateCategory 11 → 740 (Overnatting over 12 timer - innland)
    ┌─ API POST /travelExpense/perDiemCompensation
    │  body:   {"travelExpense": {"id": 11149301}, "rateCategory": {"id": 740}, "location": "Oslo", "overnightAccommodation": "NONE", "count": 4}
    └─ 201 OK (2.3s)
    │  response: {"value": {"url": "kkpqfuj-amager.tripletex.dev/v2/travelExpense/perDiemCompensation/1594959"}}
  Iteration 10 took 7.8s

──────────────────────────────────────────────────
  ITERATION 11/25
──────────────────────────────────────────────────
  Tokens: prompt=22990 completion=9 total_session=204794
  Messages: 23 (78,045 chars)
  Tool calls (1):
    [1] done()

  ⏳ Verifying task completion (236s remaining)...
  📋 Verification prompt (3582 chars):
    │ TASK: Register a travel expense for Thomas Lewis (thomas.lewis@example.org) for "Client visit Oslo". The trip lasted 4 days with per diem (daily rate 800 NOK). Expenses: flight ticket 7250 NOK and taxi 600 NOK.
    │ 
    │ 
    │ ACTION LOG (chronological):
    │ CALL: tripletex_api({"method":"POST","path":"/employee","body":{"firstName":"Thomas","lastName":"Lewis","email":"thomas.lewis@example.org"}})
    │ status=422
    │ CALL: tripletex_api({"method":"GET","path":"/employee?fields=*"})
    │ status=ok
    │ CALL: tripletex_api({"method":"PUT","path":"/employee/18613382","body":{"id":18613382,"version":2,"firstName":"Thomas","lastName":"Lewis","dateOfBirth":"1990-01-01"}})
    │ status=ok id=18613382
    │ CALL: tripletex_api({"method":"POST","path":"/travelExpense","body":{"employee":{"id":18613382},"title":"Client visit Oslo","date":"2026-03-21","travelDetails":{"departureDate":"2026-03-17","returnDate":"2026-03-21","destination":"Oslo","purpose":"Client visit","isDayTrip":false}}})
    │ status=ok id=11149301 amount=0
    │ CALL: tripletex_api({"method":"GET","path":"/travelExpense/costCategory"})
    │ CALL: tripletex_api({"method":"GET","path":"/travelExpense/paymentType"})
    │ status=ok
    │ CALL: tripletex_api({"method":"POST","path":"/travelExpense/cost","body":{"travelExpense":{"id":11149301},"costCategory":{"id":28090514},"paymentType":{"id":28090498},"amountCurrencyIncVat":7250}})
    │ status=ok
    │ CALL: tripletex_api({"method":"POST","path":"/travelExpense/cost","body":{"travelExpense":{"id":11149301},"costCategory":{"id":28090507},"paymentType":{"id":28090498},"amountCurrencyIncVat":600}})
    │ status=ok
    │ CALL: tripletex_api({"method":"GET","path":"/travelExpense/rateCategory"})
    │ CALL: tripletex_api({"method":"POST","path":"/travelExpense/perDiemCompensation","body":{"travelExpense":{"id":11149301},"rateCategory":{"id":11},"location":"Oslo","overnightAccommodation":"NONE","count":4}})
    │ status=ok
    │ CALL: done({})
    │ 
    │ You are an accounting verification agent. Based ONLY on the action log above, check:
    │ 1. MATH: All amounts, percentages, VAT calculations correct? (e.g. if task says 50% of 274950, invoice total incl VAT must be 137475)
    │ 2. COMPLETENESS: Were all steps in the task done? Look at the CALL entries — if the action log shows the step was performed with status=ok, it WAS done. Do NOT say a step is missing if you can see it in the log!
    │ IMPORTANT: 'Fakturer'/'Invoice' just means create an invoice — do NOT require sending unless the task explicitly says send/sende/enviar/envoyer/senden!
    │ 3. DATA: Names, org numbers, dates match the task?
    │ 4. AMOUNTS: If any created entity shows amount=0 or totalAmount=0 in the response, that is WRONG — the postings failed silently. EXCEPTION: Supplier invoice (supplierInvoice) responses normally show amount=0 — this is OK.
    │ 5. BUDGET vs INVOICE: NEVER flag a mismatch between project budget and invoice total. For fixed-price projects the invoice excl. VAT matches the fixedprice — this is CORRECT. For other projects, invoice is based on actual work/costs. Either way, do NOT fail on budget vs invoice differences.
    │ 
    │ CRITICAL: Be CONSERVATIVE. When in doubt, say PASS.
    │ Only say FAIL for CLEAR, OBJECTIVE, SPECIFIC errors (wrong math, completely missing step, wrong name).
    │ Do NOT say FAIL for: vague concerns, 'might be wrong', uncertain issues, minor stylistic differences, or steps you cannot confirm from the log (absence of evidence is NOT evidence of absence).
    │ If the action log shows all main steps completed with status=ok, say PASS.
    │ 
    │ Reply ONLY with either:
    │ - 'PASS' if everything looks correct or you are unsure
    │ - 'FAIL: <specific issue>' ONLY if there is an obvious, objective error
  🔍 Verification (941 tokens): PASS

  ✓ DONE — 11 iterations, 204794 tokens, 43.8s

======================================================================
  TASK COMPLETE — total 44.3s
======================================================================

