
======================================================================
  NEW TASK RECEIVED
  Version: 3aae51e
======================================================================
  Prompt: Gjer månavslutninga for mars 2026. Periodiser forskotsbetalt kostnad (12000 kr per månad frå konto 1700 til kostnadskonto). Bokfør månadleg avskriving for eit driftsmiddel med innkjøpskost 278500 kr og levetid 4 år (lineær avskriving til konto 6020). Kontroller at saldobalansen går i null. Bokfør også ei lønnsavsetjing (debet lønnskostnad konto 5000, kredit påløpt lønn konto 2900).
  Files:  0
  URL:    https://tx-proxy-jwanbnu3pq-lz.a.run.app/v2
──────────────────────────────────────────────────────────────────────
  [pre] Invoice/credit/payment task detected — ensuring bank account...
    ┌─ API GET /invoice/settings
    └─ 200 OK (1.0s) id=983783
    ┌─ API GET /ledger/account
    │  params: {"isBankAccount": "true", "count": 10}
    └─ 200 OK (1.3s) [2 items]
  [bank] found account 1920 id=484424295 v=0
    ┌─ API PUT /ledger/account/484424295
    │  body:   {"id": 484424295, "version": 0, "number": 1920, "name": "Bankinnskudd", "bankAccountNumber": "15030100112"}
    └─ 200 OK (1.8s) id=484424295 name=Bankinnskudd
  [bank] bank account set OK
  [pre] Bank account setup: OK
  [pre] Employee/salary task detected — scanning employees and employment...
    ┌─ API GET /employee
    │  params: {"fields": "*"}
    └─ 200 OK (1.4s) [1 items]
    ┌─ API GET /employee/employment
    │  params: {"employeeId": 18721176, "fields": "*"}
    └─ 200 OK (1.0s) [1 items]
    ┌─ API GET /company/>withLoginAccess
    └─ 200 OK (0.9s) [0 items]
    ┌─ API GET /department
    └─ 200 OK (0.9s) [1 items]
  [pre] Pre-scan complete: 1 employees found

──────────────────────────────────────────────────
  ITERATION 1/25
──────────────────────────────────────────────────
  Tokens: prompt=18471 completion=28 total_session=18499
  Messages: 3 (68,788 chars)
  Tool calls (1):
    [1] tripletex_api({"method":"GET","path":"/ledger/account?fields=id,number,name"})
    │  [fix] extracted query params from path: {'fields': 'id,number,name'}
    ┌─ API GET /ledger/account
    │  params: {"fields": "id,number,name"}
    └─ 200 OK (0.9s) [529 items]
    │  [trim] condensed 529 items → key fields (40095 chars)
    │  response: {"fullResultSize": 529, "from": 0, "count": 529, "versionDigest": "'If-None-Match' header not specified", "values": [{"number": 1000, "id": 484424162, "name": "Forskning og utvikling, ervervet"}, {"number": 1005, "id": 484424163, "name": "Forskning og utvikling, egenutviklet"}, {"number": 1020, "id": 484424164, "name": "Konsesjoner, ervervet"}, {"number": 1025, "id": 484424165, "name": "Konsesjoner, egenutviklet"}, {"number": 1030, "id": 484424166, "name": "Patenter, ervervet"}, {"number": 1035, "id": 484424167, "name": "Patenter, egenutviklet"}, {"number": 1040, "id": 484424168, "name": "Lisenser, ervervet"}, {"number": 1045, "id": 484424169, "name": "Lisenser, egenutviklet"}, {"number": 1050, "id": 484424170, "name": "Varemerker, ervervet"}, {"number": 1055, "id": 484424171, "name": "Varemerker, egenutviklet"}, {"number": 1060, "id": 484424172, "name": "Andre rettigheter, ervervet"}, {"number": 1065, "id": 484424173, "name": "Andre rettigherer, egenutviklet"}, {"number": 1070, "id": 484424174, "name": "Utsatt skattefordel"}, {"number": 1080, "id": 484424175, "name": "Goodwill, ervervet"}, {"number": 1100, "id": 484424176, "name": "Forretningsbygg"}, {"number": 1117, "id": 484424177, "name": "Elektroteknisk utrustning i kraftforetak"}, {"number": 1120, "id": 484424178, "name": "Bygningsmessig anlegg"}, {"number": 1130, "id": 484424179, "name": "Anlegg under utførelse"}, {"number": 1140, "id": 484424180, "name": "Jordbrukseiendommer"}, {"number": 1145, "id": 484424181, "name"…
  Iteration 1 took 1.7s

──────────────────────────────────────────────────
  ITERATION 2/25
──────────────────────────────────────────────────
  Tokens: prompt=21546 completion=27 total_session=40072
  Messages: 5 (76,802 chars)
  Tool calls (1):
    [1] tripletex_api({"method":"GET","path":"/ledger/account?number=1700"})
    │  [fix] extracted query params from path: {'number': '1700'}
    ┌─ API GET /ledger/account
    │  params: {"number": "1700"}
    └─ 200 OK (0.8s) [1 items]
    │  response: {"fullResultSize": 1, "from": 0, "count": 1, "versionDigest": "'If-None-Match' header not specified", "values": [{"id": 484424271, "version": 0, "url": "kkpqfuj-amager.tripletex.dev/v2/ledger/account/484424271", "number": 1700, "numberPretty": "1700", "name": "Forskuddsbetalt leiekostnad", "description": "", "type": "ASSETS", "legalVatTypes": [{"id": 0, "url": "kkpqfuj-amager.tripletex.dev/v2/ledger/vatType/0"}, {"id": 1, "url": "kkpqfuj-amager.tripletex.dev/v2/ledger/vatType/1"}, {"id": 11, "url": "kkpqfuj-amager.tripletex.dev/v2/ledger/vatType/11"}, {"id": 12, "url": "kkpqfuj-amager.tripletex.dev/v2/ledger/vatType/12"}, {"id": 230, "url": "kkpqfuj-amager.tripletex.dev/v2/ledger/vatType/230"}, {"id": 13, "url": "kkpqfuj-amager.tripletex.dev/v2/ledger/vatType/13"}, {"id": 14, "url": "kkpqfuj-amager.tripletex.dev/v2/ledger/vatType/14"}, {"id": 34, "url": "kkpqfuj-amager.tripletex.dev/v2/ledger/vatType/34"}, {"id": 35, "url": "kkpqfuj-amager.tripletex.dev/v2/ledger/vatType/35"}, {"id": 559, "url": "kkpqfuj-amager.tripletex.dev/v2/ledger/vatType/559"}, {"id": 550, "url": "kkpqfuj-amager.tripletex.dev/v2/ledger/vatType/550"}, {"id": 551, "url": "kkpqfuj-amager.tripletex.dev/v2/ledger/vatType/551"}, {"id": 553, "url": "kkpqfuj-amager.tripletex.dev/v2/ledger/vatType/553"}, {"id": 560, "url": "kkpqfuj-amager.tripletex.dev/v2/ledger/vatType/560"}], "ledgerType": "GENERAL", "balanceGroup": "Ikke i en saldogruppe.", "vatType": {"id": 0, "url": "kkpqfuj-amager.tripletex.dev/v2/ledger/va…
  Iteration 2 took 1.7s

──────────────────────────────────────────────────
  ITERATION 3/25
──────────────────────────────────────────────────
  Tokens: prompt=22350 completion=27 total_session=62449
  Messages: 7 (78,902 chars)
  Tool calls (1):
    [1] tripletex_api({"method":"GET","path":"/ledger/account?number=6300"})
    │  [fix] extracted query params from path: {'number': '6300'}
    ┌─ API GET /ledger/account
    │  params: {"number": "6300"}
    └─ 200 OK (1.0s) [1 items]
    │  response: {"fullResultSize": 1, "from": 0, "count": 1, "versionDigest": "'If-None-Match' header not specified", "values": [{"id": 484424550, "version": 0, "url": "kkpqfuj-amager.tripletex.dev/v2/ledger/account/484424550", "number": 6300, "numberPretty": "6300", "name": "Leie lokale", "description": "", "type": "OPERATING_EXPENSES", "legalVatTypes": [{"id": 0, "url": "kkpqfuj-amager.tripletex.dev/v2/ledger/vatType/0"}, {"id": 1, "url": "kkpqfuj-amager.tripletex.dev/v2/ledger/vatType/1"}, {"id": 11, "url": "kkpqfuj-amager.tripletex.dev/v2/ledger/vatType/11"}, {"id": 12, "url": "kkpqfuj-amager.tripletex.dev/v2/ledger/vatType/12"}, {"id": 230, "url": "kkpqfuj-amager.tripletex.dev/v2/ledger/vatType/230"}, {"id": 13, "url": "kkpqfuj-amager.tripletex.dev/v2/ledger/vatType/13"}, {"id": 14, "url": "kkpqfuj-amager.tripletex.dev/v2/ledger/vatType/14"}, {"id": 34, "url": "kkpqfuj-amager.tripletex.dev/v2/ledger/vatType/34"}, {"id": 35, "url": "kkpqfuj-amager.tripletex.dev/v2/ledger/vatType/35"}, {"id": 559, "url": "kkpqfuj-amager.tripletex.dev/v2/ledger/vatType/559"}, {"id": 550, "url": "kkpqfuj-amager.tripletex.dev/v2/ledger/vatType/550"}, {"id": 551, "url": "kkpqfuj-amager.tripletex.dev/v2/ledger/vatType/551"}, {"id": 553, "url": "kkpqfuj-amager.tripletex.dev/v2/ledger/vatType/553"}, {"id": 560, "url": "kkpqfuj-amager.tripletex.dev/v2/ledger/vatType/560"}], "ledgerType": "GENERAL", "balanceGroup": "Ikke i en saldogruppe.", "vatType": {"id": 0, "url": "kkpqfuj-amager.tripletex.dev/v2/ledger/vatTyp…
  Iteration 3 took 1.7s

──────────────────────────────────────────────────
  ITERATION 4/25
──────────────────────────────────────────────────
  Tokens: prompt=23143 completion=138 total_session=85730
  Messages: 9 (80,982 chars)
  Tool calls (1):
    [1] tripletex_api({"method":"POST","path":"/ledger/voucher","body":{"date":"2026-03-31","description":"Periodisering av forskuddsbetalt leie","postings":[{"row":1,"date":"2026-03-31","amountGross":12000,"amountGrossCurrency":12000,"account":{"id":484424550},"vatType":{"id":0}},{"row":2,"date":"2026-03-31","amountGross":-12000,"amountGrossCurrency":-12000,"account":{"id":484424271},"vatType":{"id":0}}]}})
    ┌─ API POST /ledger/voucher
    │  body:   {"date": "2026-03-31", "description": "Periodisering av forskuddsbetalt leie", "postings": [{"row": 1, "date": "2026-03-31", "amountGross": 12000, "amountGrossCurrency": 12000, "account": {"id": 484424550}, "vatType": {"id": 0}}, {"row": 2, "date": "2026-03-31", "amountGross": -12000, "amountGrossCurrency": -12000, "account": {"id": 484424271}, "vatType": {"id": 0}}]}
    └─ 201 OK (2.0s) id=609270050
    │  response: {"value": {"id": 609270050, "version": 5, "url": "kkpqfuj-amager.tripletex.dev/v2/ledger/voucher/609270050", "date": "2026-03-31", "number": 9, "tempNumber": 0, "year": 2026, "description": "Periodisering av forskuddsbetalt leie", "voucherType": null, "reverseVoucher": null, "postings": [{"id": 3846119078, "version": 1, "url": "kkpqfuj-amager.tripletex.dev/v2/ledger/posting/3846119078", "voucher": {"id": 609270050, "url": "kkpqfuj-amager.tripletex.dev/v2/ledger/voucher/609270050"}, "date": "2026-03-31", "description": "Periodisering av forskuddsbetalt leie", "account": {"id": 484424550, "url": "kkpqfuj-amager.tripletex.dev/v2/ledger/account/484424550"}, "amortizationAccount": null, "amortizationStartDate": null, "amortizationEndDate": null, "customer": null, "supplier": null, "employee": null, "project": null, "product": null, "department": null, "vatType": {"id": 0, "url": "kkpqfuj-amager.tripletex.dev/v2/ledger/vatType/0"}, "amount": 12000.0, "amountCurrency": 12000.0, "amountGross": 12000, "amountGrossCurrency": 12000, "currency": {"id": 1, "url": "kkpqfuj-amager.tripletex.dev/v2/currency/1"}, "closeGroup": null, "invoiceNumber": "", "termOfPayment": null, "row": 1, "type": null, "externalRef": "", "systemGenerated": false, "taxTransactionType": "(Ikke valgt)", "taxTransactionTypeId": 0, "matched": false, "quantityAmount1": 0, "quantityType1": null, "quantityAmount2": 0, "quantityType2": null, "isVatReadonly": false, "isAmountVatClosed": false, "postingRuleId": 0, "freeAcc…
  Iteration 4 took 4.0s

──────────────────────────────────────────────────
  ITERATION 5/25
──────────────────────────────────────────────────
  Tokens: prompt=24333 completion=27 total_session=110090
  Messages: 11 (84,121 chars)
  Tool calls (1):
    [1] tripletex_api({"method":"GET","path":"/ledger/account?number=1209"})
    │  [fix] extracted query params from path: {'number': '1209'}
    ┌─ API GET /ledger/account
    │  params: {"number": "1209"}
    └─ 200 OK (1.1s) [0 items]
    │  response: {"fullResultSize": 0, "from": 0, "count": 0, "versionDigest": "'If-None-Match' header not specified", "values": []}
  Iteration 5 took 1.9s

──────────────────────────────────────────────────
  ITERATION 6/25
──────────────────────────────────────────────────
  Tokens: prompt=24410 completion=27 total_session=134527
  Messages: 13 (84,236 chars)
  Tool calls (1):
    [1] tripletex_api({"method":"GET","path":"/ledger/account?number=1200"})
    │  [fix] extracted query params from path: {'number': '1200'}
    ┌─ API GET /ledger/account
    │  params: {"number": "1200"}
    └─ 200 OK (0.9s) [1 items]
    │  response: {"fullResultSize": 1, "from": 0, "count": 1, "versionDigest": "'If-None-Match' header not specified", "values": [{"id": 484424187, "version": 0, "url": "kkpqfuj-amager.tripletex.dev/v2/ledger/account/484424187", "number": 1200, "numberPretty": "1200", "name": "Maskiner og anlegg", "description": "", "type": "ASSETS", "legalVatTypes": [{"id": 0, "url": "kkpqfuj-amager.tripletex.dev/v2/ledger/vatType/0"}, {"id": 1, "url": "kkpqfuj-amager.tripletex.dev/v2/ledger/vatType/1"}, {"id": 11, "url": "kkpqfuj-amager.tripletex.dev/v2/ledger/vatType/11"}, {"id": 12, "url": "kkpqfuj-amager.tripletex.dev/v2/ledger/vatType/12"}, {"id": 230, "url": "kkpqfuj-amager.tripletex.dev/v2/ledger/vatType/230"}, {"id": 13, "url": "kkpqfuj-amager.tripletex.dev/v2/ledger/vatType/13"}, {"id": 14, "url": "kkpqfuj-amager.tripletex.dev/v2/ledger/vatType/14"}, {"id": 34, "url": "kkpqfuj-amager.tripletex.dev/v2/ledger/vatType/34"}, {"id": 35, "url": "kkpqfuj-amager.tripletex.dev/v2/ledger/vatType/35"}, {"id": 559, "url": "kkpqfuj-amager.tripletex.dev/v2/ledger/vatType/559"}, {"id": 550, "url": "kkpqfuj-amager.tripletex.dev/v2/ledger/vatType/550"}, {"id": 551, "url": "kkpqfuj-amager.tripletex.dev/v2/ledger/vatType/551"}, {"id": 553, "url": "kkpqfuj-amager.tripletex.dev/v2/ledger/vatType/553"}, {"id": 560, "url": "kkpqfuj-amager.tripletex.dev/v2/ledger/vatType/560"}], "ledgerType": "GENERAL", "balanceGroup": "Saldogruppe D: Personbiler, traktorer mv.", "vatType": {"id": 1, "url": "kkpqfuj-amager.tripletex.dev/v2…
  Iteration 6 took 1.6s

──────────────────────────────────────────────────
  ITERATION 7/25
──────────────────────────────────────────────────
  Tokens: prompt=25209 completion=27 total_session=159763
  Messages: 15 (86,338 chars)
  Tool calls (1):
    [1] tripletex_api({"method":"GET","path":"/ledger/account?number=6020"})
    │  [fix] extracted query params from path: {'number': '6020'}
    ┌─ API GET /ledger/account
    │  params: {"number": "6020"}
    └─ 200 OK (0.9s) [1 items]
    │  response: {"fullResultSize": 1, "from": 0, "count": 1, "versionDigest": "'If-None-Match' header not specified", "values": [{"id": 484424537, "version": 0, "url": "kkpqfuj-amager.tripletex.dev/v2/ledger/account/484424537", "number": 6020, "numberPretty": "6020", "name": "Avskrivning på immaterielle eiendeler", "description": "", "type": "OPERATING_EXPENSES", "legalVatTypes": [{"id": 0, "url": "kkpqfuj-amager.tripletex.dev/v2/ledger/vatType/0"}], "ledgerType": "GENERAL", "balanceGroup": "Ikke i en saldogruppe.", "vatType": {"id": 0, "url": "kkpqfuj-amager.tripletex.dev/v2/ledger/vatType/0"}, "vatLocked": true, "currency": null, "isCloseable": false, "isApplicableForSupplierInvoice": false, "requireReconciliation": false, "isInactive": false, "isBankAccount": false, "isInvoiceAccount": false, "bankAccountNumber": "", "bankAccountCountry": null, "bankName": "", "bankAccountIBAN": "", "bankAccountSWIFT": "", "saftCode": "60", "groupingCode": "6000", "displayName": "6020 Avskrivning på immaterielle eiendeler", "requiresDepartment": false, "requiresProject": false, "invoicingDepartment": null, "isPostingsExist": false, "quantityType1": null, "quantityType2": null, "department": null}]}
  Iteration 7 took 1.6s

──────────────────────────────────────────────────
  ITERATION 8/25
──────────────────────────────────────────────────
  Tokens: prompt=25628 completion=148 total_session=185539
  Messages: 17 (87,525 chars)
  Tool calls (1):
    [1] tripletex_api({"method":"POST","path":"/ledger/voucher","body":{"date":"2026-03-31","description":"Månedlig avskrivning mars 2026","postings":[{"row":1,"date":"2026-03-31","amountGross":5802.08,"amountGrossCurrency":5802.08,"account":{"id":484424537},"vatType":{"id":0}},{"row":2,"date":"2026-03-31","amountGross":-5802.08,"amountGrossCurrency":-5802.08,"account":{"id":484424187},"vatType":{"id":0}}]}})
    ┌─ API POST /ledger/voucher
    │  body:   {"date": "2026-03-31", "description": "Månedlig avskrivning mars 2026", "postings": [{"row": 1, "date": "2026-03-31", "amountGross": 5802.08, "amountGrossCurrency": 5802.08, "account": {"id": 484424537}, "vatType": {"id": 0}}, {"row": 2, "date": "2026-03-31", "amountGross": -5802.08, "amountGrossCurrency": -5802.08, "account": {"id": 484424187}, "vatType": {"id": 0}}]}
    └─ 201 OK (1.1s) id=609270083
    │  response: {"value": {"id": 609270083, "version": 5, "url": "kkpqfuj-amager.tripletex.dev/v2/ledger/voucher/609270083", "date": "2026-03-31", "number": 10, "tempNumber": 0, "year": 2026, "description": "Månedlig avskrivning mars 2026", "voucherType": null, "reverseVoucher": null, "postings": [{"id": 3846119175, "version": 1, "url": "kkpqfuj-amager.tripletex.dev/v2/ledger/posting/3846119175", "voucher": {"id": 609270083, "url": "kkpqfuj-amager.tripletex.dev/v2/ledger/voucher/609270083"}, "date": "2026-03-31", "description": "Månedlig avskrivning mars 2026", "account": {"id": 484424537, "url": "kkpqfuj-amager.tripletex.dev/v2/ledger/account/484424537"}, "amortizationAccount": null, "amortizationStartDate": null, "amortizationEndDate": null, "customer": null, "supplier": null, "employee": null, "project": null, "product": null, "department": null, "vatType": {"id": 0, "url": "kkpqfuj-amager.tripletex.dev/v2/ledger/vatType/0"}, "amount": 5802.08, "amountCurrency": 5802.08, "amountGross": 5802.08, "amountGrossCurrency": 5802.08, "currency": {"id": 1, "url": "kkpqfuj-amager.tripletex.dev/v2/currency/1"}, "closeGroup": null, "invoiceNumber": "", "termOfPayment": null, "row": 1, "type": null, "externalRef": "", "systemGenerated": false, "taxTransactionType": "(Ikke valgt)", "taxTransactionTypeId": 0, "matched": false, "quantityAmount1": 0, "quantityType1": null, "quantityAmount2": 0, "quantityType2": null, "isVatReadonly": true, "isAmountVatClosed": false, "postingRuleId": 0, "freeAccountingDim…
  Iteration 8 took 2.8s

──────────────────────────────────────────────────
  ITERATION 9/25
──────────────────────────────────────────────────
  Tokens: prompt=26838 completion=27 total_session=212404
  Messages: 19 (90,648 chars)
  Tool calls (1):
    [1] tripletex_api({"method":"GET","path":"/ledger/account?number=5000"})
    │  [fix] extracted query params from path: {'number': '5000'}
    ┌─ API GET /ledger/account
    │  params: {"number": "5000"}
    └─ 200 OK (0.9s) [1 items]
    │  response: {"fullResultSize": 1, "from": 0, "count": 1, "versionDigest": "'If-None-Match' header not specified", "values": [{"id": 484424481, "version": 0, "url": "kkpqfuj-amager.tripletex.dev/v2/ledger/account/484424481", "number": 5000, "numberPretty": "5000", "name": "Lønn til ansatte", "description": "", "type": "OPERATING_EXPENSES", "legalVatTypes": [{"id": 0, "url": "kkpqfuj-amager.tripletex.dev/v2/ledger/vatType/0"}], "ledgerType": "GENERAL", "balanceGroup": "Ikke i en saldogruppe.", "vatType": {"id": 0, "url": "kkpqfuj-amager.tripletex.dev/v2/ledger/vatType/0"}, "vatLocked": true, "currency": null, "isCloseable": false, "isApplicableForSupplierInvoice": false, "requireReconciliation": false, "isInactive": false, "isBankAccount": false, "isInvoiceAccount": false, "bankAccountNumber": "", "bankAccountCountry": null, "bankName": "", "bankAccountIBAN": "", "bankAccountSWIFT": "", "saftCode": "50", "groupingCode": "5000", "displayName": "5000 Lønn til ansatte", "requiresDepartment": false, "requiresProject": false, "invoicingDepartment": null, "isPostingsExist": true, "quantityType1": null, "quantityType2": null, "department": null}]}
  Iteration 9 took 1.7s

──────────────────────────────────────────────────
  ITERATION 10/25
──────────────────────────────────────────────────
  Tokens: prompt=27245 completion=27 total_session=239676
  Messages: 21 (91,792 chars)
  Tool calls (1):
    [1] tripletex_api({"method":"GET","path":"/ledger/account?number=2900"})
    │  [fix] extracted query params from path: {'number': '2900'}
    ┌─ API GET /ledger/account
    │  params: {"number": "2900"}
    └─ 200 OK (1.3s) [1 items]
    │  response: {"fullResultSize": 1, "from": 0, "count": 1, "versionDigest": "'If-None-Match' header not specified", "values": [{"id": 484424391, "version": 0, "url": "kkpqfuj-amager.tripletex.dev/v2/ledger/account/484424391", "number": 2900, "numberPretty": "2900", "name": "Forskudd fra kunder", "description": "", "type": "LIABILITIES", "legalVatTypes": [{"id": 0, "url": "kkpqfuj-amager.tripletex.dev/v2/ledger/vatType/0"}], "ledgerType": "GENERAL", "balanceGroup": "Ikke i en saldogruppe.", "vatType": {"id": 0, "url": "kkpqfuj-amager.tripletex.dev/v2/ledger/vatType/0"}, "vatLocked": true, "currency": null, "isCloseable": false, "isApplicableForSupplierInvoice": false, "requireReconciliation": false, "isInactive": false, "isBankAccount": false, "isInvoiceAccount": false, "bankAccountNumber": "", "bankAccountCountry": null, "bankName": "", "bankAccountIBAN": "", "bankAccountSWIFT": "", "saftCode": "29", "groupingCode": "2900", "displayName": "2900 Forskudd fra kunder", "requiresDepartment": false, "requiresProject": false, "invoicingDepartment": null, "isPostingsExist": false, "quantityType1": null, "quantityType2": null, "department": null}]}
  Iteration 10 took 2.1s

──────────────────────────────────────────────────
  ITERATION 11/25
──────────────────────────────────────────────────
  Tokens: prompt=27650 completion=138 total_session=267464
  Messages: 23 (92,936 chars)
  Tool calls (1):
    [1] tripletex_api({"method":"POST","path":"/ledger/voucher","body":{"date":"2026-03-31","description":"Lønnsavsetning mars 2026","postings":[{"row":1,"date":"2026-03-31","amountGross":40000,"amountGrossCurrency":40000,"account":{"id":484424481},"vatType":{"id":0}},{"row":2,"date":"2026-03-31","amountGross":-40000,"amountGrossCurrency":-40000,"account":{"id":484424391},"vatType":{"id":0}}]}})
    ┌─ API POST /ledger/voucher
    │  body:   {"date": "2026-03-31", "description": "Lønnsavsetning mars 2026", "postings": [{"row": 1, "date": "2026-03-31", "amountGross": 40000, "amountGrossCurrency": 40000, "account": {"id": 484424481}, "vatType": {"id": 0}}, {"row": 2, "date": "2026-03-31", "amountGross": -40000, "amountGrossCurrency": -40000, "account": {"id": 484424391}, "vatType": {"id": 0}}]}
    └─ 201 OK (2.3s) id=609270113
    │  response: {"value": {"id": 609270113, "version": 5, "url": "kkpqfuj-amager.tripletex.dev/v2/ledger/voucher/609270113", "date": "2026-03-31", "number": 11, "tempNumber": 0, "year": 2026, "description": "Lønnsavsetning mars 2026", "voucherType": null, "reverseVoucher": null, "postings": [{"id": 3846119249, "version": 1, "url": "kkpqfuj-amager.tripletex.dev/v2/ledger/posting/3846119249", "voucher": {"id": 609270113, "url": "kkpqfuj-amager.tripletex.dev/v2/ledger/voucher/609270113"}, "date": "2026-03-31", "description": "Lønnsavsetning mars 2026", "account": {"id": 484424481, "url": "kkpqfuj-amager.tripletex.dev/v2/ledger/account/484424481"}, "amortizationAccount": null, "amortizationStartDate": null, "amortizationEndDate": null, "customer": null, "supplier": null, "employee": null, "project": null, "product": null, "department": null, "vatType": {"id": 0, "url": "kkpqfuj-amager.tripletex.dev/v2/ledger/vatType/0"}, "amount": 40000.0, "amountCurrency": 40000.0, "amountGross": 40000, "amountGrossCurrency": 40000, "currency": {"id": 1, "url": "kkpqfuj-amager.tripletex.dev/v2/currency/1"}, "closeGroup": null, "invoiceNumber": "", "termOfPayment": null, "row": 1, "type": null, "externalRef": "", "systemGenerated": false, "taxTransactionType": "(Ikke valgt)", "taxTransactionTypeId": 0, "matched": false, "quantityAmount1": 0, "quantityType1": null, "quantityAmount2": 0, "quantityType2": null, "isVatReadonly": true, "isAmountVatClosed": false, "postingRuleId": 0, "freeAccountingDimension1": null, …
  Iteration 11 took 3.7s

──────────────────────────────────────────────────
  ITERATION 12/25
──────────────────────────────────────────────────
  Tokens: prompt=28840 completion=9 total_session=296313
  Messages: 25 (96,036 chars)
  Tool calls (1):
    [1] done()

  ⏳ Verifying task completion (256s remaining)...
  📋 Verification prompt (5446 chars):
    │ TASK: Gjer månavslutninga for mars 2026. Periodiser forskotsbetalt kostnad (12000 kr per månad frå konto 1700 til kostnadskonto). Bokfør månadleg avskriving for eit driftsmiddel med innkjøpskost 278500 kr og levetid 4 år (lineær avskriving til konto 6020). Kontroller at saldobalansen går i null. Bokfør også ei lønnsavsetjing (debet lønnskostnad konto 5000, kredit påløpt lønn konto 2900).
    │ 
    │ TASK TYPE: Monthly or year-end closing / depreciation.
    │ Check these SPECIFIC things:
    │ - EACH type of entry (depreciation, accrual reversal, salary provision, tax) posted as SEPARATE voucher?
    │ - Depreciation: correct MONTHLY amount = cost / years / 12 (or ANNUAL if year-end)?
    │   E.g. 243750 / 7 / 12 = 2901.79 per month, or 243750 / 7 = 34821.43 per year.
    │ - Depreciation: debit the EXPENSE account from the task (e.g. 6010, 6030), credit accumulated depreciation (1209) or asset account?
    │ - Accrual reversal: correct EXPENSE account matching the prepaid account type?
    │   1710 (prepaid interest) → interest expense (8150/8170), NOT depreciation (6010/6030)!
    │   1700 (prepaid rent) → rent expense (6300), NOT salary (5000) or depreciation!
    │   1720 (prepaid insurance) → insurance expense (6400)!
    │ - Salary provision: debit salary expense, credit accrued salaries?
    │ - All voucher postings balanced (sum to zero)?
    │ - Correct date used (last day of month for monthly, or year-end)?
    │ 
    │ ACTION LOG (chronological):
    │ CALL: tripletex_api({"method":"GET","path":"/ledger/account?fields=id,number,name"})
    │ CALL: tripletex_api({"method":"GET","path":"/ledger/account?number=1700"})
    │ status=ok
    │ CALL: tripletex_api({"method":"GET","path":"/ledger/account?number=6300"})
    │ status=ok
    │ CALL: tripletex_api({"method":"POST","path":"/ledger/voucher","body":{"date":"2026-03-31","description":"Periodisering av forskuddsbetalt leie","postings":[{"row":1,"date":"2026-03-31","amountGross":12000,"amountGrossCurrency":12000,"account":{"id":484424550},"vatType":{"id":0}},{"row":2,"date":"2026-03-31","amountGros)
    │ status=ok id=609270050
    │ CALL: tripletex_api({"method":"GET","path":"/ledger/account?number=1209"})
    │ status=ok
    │ CALL: tripletex_api({"method":"GET","path":"/ledger/account?number=1200"})
    │ status=ok
    │ CALL: tripletex_api({"method":"GET","path":"/ledger/account?number=6020"})
    │ status=ok
    │ CALL: tripletex_api({"method":"POST","path":"/ledger/voucher","body":{"date":"2026-03-31","description":"Månedlig avskrivning mars 2026","postings":[{"row":1,"date":"2026-03-31","amountGross":5802.08,"amountGrossCurrency":5802.08,"account":{"id":484424537},"vatType":{"id":0}},{"row":2,"date":"2026-03-31","amountGross":)
    │ status=ok id=609270083
    │ CALL: tripletex_api({"method":"GET","path":"/ledger/account?number=5000"})
    │ status=ok
    │ CALL: tripletex_api({"method":"GET","path":"/ledger/account?number=2900"})
    │ status=ok
    │ CALL: tripletex_api({"method":"POST","path":"/ledger/voucher","body":{"date":"2026-03-31","description":"Lønnsavsetning mars 2026","postings":[{"row":1,"date":"2026-03-31","amountGross":40000,"amountGrossCurrency":40000,"account":{"id":484424481},"vatType":{"id":0}},{"row":2,"date":"2026-03-31","amountGross":-40000,"am)
    │ status=ok id=609270113
    │ CALL: done({})
    │ 
    │ You are an accounting verification agent. Based ONLY on the action log above, check:
    │ 1. MATH: All amounts, percentages, VAT calculations correct? (e.g. if task says 50% of 274950, invoice total incl VAT must be 137475)
    │ 2. COMPLETENESS: Were all steps in the task done? Look at the CALL entries — if the action log shows the step was performed with status=ok, it WAS done. Do NOT say a step is missing if you can see it in the log!
    │ IMPORTANT: 'Fakturer'/'Invoice' just means create an invoice — do NOT require sending unless the task explicitly says send/sende/enviar/envoyer/senden!
    │ 3. DATA: Names, org numbers, dates match the task?
    │ 4. AMOUNTS: If any created entity shows amount=0 or totalAmount=0 in the response, that is WRONG — the postings failed silently. For supplier invoices: amount=0 with amountExcludingVat=0 means postings were MISSING or malformed.
    │ 5. BUDGET vs INVOICE: NEVER flag a mismatch between project budget and invoice total. For fixed-price projects the invoice excl. VAT matches the fixedprice — this is CORRECT. For other projects, invoice is based on actual work/costs. Either way, do NOT fail on budget vs invoice differences.
    │ 6. PAYMENT AMOUNTS: Invoice payments and reversals use the FULL amount INCLUDING VAT, not excl. VAT. If the task says 'X NOK excl. VAT', the correct payment/reversal amount is X × 1.25 (Norwegian 25% VAT). Do NOT flag a mismatch between excl. VAT amounts in the task and incl. VAT payment amounts.
    │ 7. VAT BREAKDOWN: If the total invoice amount matches the expected sum, do NOT fail on 'VAT breakdown not reflected' or similar vague VAT concerns. Only fail if a specific line item has the WRONG VAT rate applied.
    │ 
    │ CRITICAL: Be CONSERVATIVE. When in doubt, say PASS.
    │ Only say FAIL for CLEAR, OBJECTIVE, SPECIFIC errors (wrong math, completely missing step, wrong name).
    │ Do NOT say FAIL for: vague concerns, 'might be wrong', uncertain issues, minor stylistic differences, or steps you cannot confirm from the log (absence of evidence is NOT evidence of absence).
    │ A false FAIL causes MORE damage than a missed error. When uncertain, ALWAYS say PASS.
    │ If the action log shows all main steps completed with status=ok, say PASS.
    │ 
    │ Reply ONLY with either:
    │ - 'PASS' if everything looks correct or you are unsure
    │ - 'FAIL: <specific issue>' ONLY if there is an obvious, objective error
  🔍 Verification (1518 tokens): PASS

  ✓ DONE — 12 iterations, 296313 tokens, 33.7s

======================================================================
  TASK COMPLETE — total 34.6s
======================================================================

