
======================================================================
  NEW TASK RECEIVED
  Version: unknown
======================================================================
  Prompt: Kunden Stormberg AS (org.nr 906691639) har en utestående faktura på 33650 kr eksklusiv MVA for "Programvarelisens". Registrer full betaling på denne fakturaen.
  Files:  0
  URL:    https://tx-proxy-jwanbnu3pq-lz.a.run.app/v2
──────────────────────────────────────────────────────────────────────
  [pre] Invoice/credit/payment task detected — ensuring bank account...
    ┌─ API GET /invoice/settings
    └─ 200 OK (2.0s) id=769790
  [bank] already ready
  [pre] Bank account setup: OK

──────────────────────────────────────────────────
  ITERATION 1/25
──────────────────────────────────────────────────
  Tokens: prompt=14299 completion=45 total_session=14344
  Messages: 3 (53,584 chars)
  Tool calls (1):
    [1] tripletex_api({"method":"GET","path":"/invoice","params":{"invoiceDateFrom":"2000-01-01","invoiceDateTo":"2030-12-31"}})
    ┌─ API GET /invoice
    │  params: {"invoiceDateFrom": "2000-01-01", "invoiceDateTo": "2030-12-31"}
    └─ 200 OK (3.7s) [1 items]
    │  response: {"fullResultSize": 1, "from": 0, "count": 1, "versionDigest": "'If-None-Match' header not specified", "values": [{"id": 2147568005, "version": 3, "url": "kkpqfuj-amager.tripletex.dev/v2/invoice/2147568005", "invoiceNumber": 1, "invoiceDate": "2026-03-01", "customer": {"id": 108318313, "url": "kkpqfuj-amager.tripletex.dev/v2/customer/108318313"}, "creditedInvoice": 0, "isCredited": false, "invoiceDueDate": "2026-03-31", "kid": "", "invoiceComment": "", "comment": "", "orders": [{"id": 401988274, "url": "kkpqfuj-amager.tripletex.dev/v2/order/401988274"}], "orderLines": [{"id": 1607532641, "url": "kkpqfuj-amager.tripletex.dev/v2/order/orderline/1607532641"}], "travelReports": [], "projectInvoiceDetails": [{"id": 1965755226, "url": "kkpqfuj-amager.tripletex.dev/v2/invoice/details/1965755226"}], "voucher": {"id": 608887498, "url": "kkpqfuj-amager.tripletex.dev/v2/ledger/voucher/608887498"}, "deliveryDate": "2026-03-01", "amount": 42062.5, "amountCurrency": 42062.5, "amountExcludingVat": 33650.0, "amountExcludingVatCurrency": 33650.0, "amountRoundoff": 0.0, "amountRoundoffCurrency": 0.0, "amountOutstanding": 42062.5, "amountCurrencyOutstanding": 42062.5, "amountOutstandingTotal": 42062.5, "amountCurrencyOutstandingTotal": 42062.5, "sumRemits": 0, "currency": {"id": 1, "url": "kkpqfuj-amager.tripletex.dev/v2/currency/1"}, "isCreditNote": false, "isCharged": true, "isApproved": false, "postings": [{"id": 3845083278, "url": "kkpqfuj-amager.tripletex.dev/v2/ledger/posting/3845083278"}]…
  Iteration 1 took 4.7s

──────────────────────────────────────────────────
  ITERATION 2/25
──────────────────────────────────────────────────
  Tokens: prompt=14931 completion=23 total_session=29298
  Messages: 5 (55,208 chars)
  Tool calls (1):
    [1] tripletex_api({"method":"GET","path":"/invoice/paymentType"})
    ┌─ API GET /invoice/paymentType
    └─ 200 OK (4.4s) [2 items]
    │  response: {"fullResultSize": 2, "from": 0, "count": 2, "versionDigest": "'If-None-Match' header not specified", "values": [{"id": 27921538, "version": 0, "url": "kkpqfuj-amager.tripletex.dev/v2/invoice/paymentType/27921538", "description": "Kontant", "displayName": "Kontant", "debitAccount": {"id": 371373208, "url": "kkpqfuj-amager.tripletex.dev/v2/ledger/account/371373208"}, "creditAccount": null, "vatType": {"id": 0, "url": "kkpqfuj-amager.tripletex.dev/v2/ledger/vatType/0"}, "sequence": 1, "customer": null, "supplier": null, "currencyId": 1, "currencyCode": "NOK"}, {"id": 27921539, "version": 0, "url": "kkpqfuj-amager.tripletex.dev/v2/invoice/paymentType/27921539", "description": "Betalt til bank", "displayName": "Betalt til bank", "debitAccount": {"id": 371373211, "url": "kkpqfuj-amager.tripletex.dev/v2/ledger/account/371373211"}, "creditAccount": null, "vatType": {"id": 0, "url": "kkpqfuj-amager.tripletex.dev/v2/ledger/vatType/0"}, "sequence": 2, "customer": null, "supplier": null, "currencyId": 1, "currencyCode": "NOK"}]}
  Iteration 2 took 5.2s

──────────────────────────────────────────────────
  ITERATION 3/25
──────────────────────────────────────────────────
  Tokens: prompt=15331 completion=65 total_session=44694
  Messages: 7 (56,241 chars)
  Tool calls (1):
    [1] tripletex_api({"method":"PUT","path":"/invoice/2147568005/:payment","params":{"paymentDate":"2026-03-21","paymentTypeId":27921539,"paidAmount":42062.5,"paidAmountCurrency":42062.5}})
    ┌─ API PUT /invoice/2147568005/:payment
    │  params: {"paymentDate": "2026-03-21", "paymentTypeId": 27921539, "paidAmount": 42062.5, "paidAmountCurrency": 42062.5}
    └─ 200 OK (3.5s) id=2147568005
    │  response: {"value": {"id": 2147568005, "version": 3, "url": "kkpqfuj-amager.tripletex.dev/v2/invoice/2147568005", "invoiceNumber": 1, "invoiceDate": "2026-03-01", "customer": {"id": 108318313, "url": "kkpqfuj-amager.tripletex.dev/v2/customer/108318313"}, "creditedInvoice": 0, "isCredited": false, "invoiceDueDate": "2026-03-31", "kid": "", "invoiceComment": "", "comment": "", "orders": [{"id": 401988274, "url": "kkpqfuj-amager.tripletex.dev/v2/order/401988274"}], "orderLines": [{"id": 1607532641, "url": "kkpqfuj-amager.tripletex.dev/v2/order/orderline/1607532641"}], "travelReports": [], "projectInvoiceDetails": [{"id": 1965755226, "url": "kkpqfuj-amager.tripletex.dev/v2/invoice/details/1965755226"}], "voucher": {"id": 608887498, "url": "kkpqfuj-amager.tripletex.dev/v2/ledger/voucher/608887498"}, "deliveryDate": "2026-03-01", "amount": 42062.5, "amountCurrency": 42062.5, "amountExcludingVat": 33650.0, "amountExcludingVatCurrency": 33650.0, "amountRoundoff": 0.0, "amountRoundoffCurrency": 0.0, "amountOutstanding": 0.0, "amountCurrencyOutstanding": 0.0, "amountOutstandingTotal": 0.0, "amountCurrencyOutstandingTotal": 0.0, "sumRemits": 0, "currency": {"id": 1, "url": "kkpqfuj-amager.tripletex.dev/v2/currency/1"}, "isCreditNote": false, "isCharged": true, "isApproved": false, "postings": [{"id": 3845083278, "url": "kkpqfuj-amager.tripletex.dev/v2/ledger/posting/3845083278"}, {"id": 3845568493, "url": "kkpqfuj-amager.tripletex.dev/v2/ledger/posting/3845568493"}], "reminders": [], "invoiceRema…
  Iteration 3 took 4.5s

──────────────────────────────────────────────────
  ITERATION 4/25
──────────────────────────────────────────────────
  Tokens: prompt=15978 completion=9 total_session=60681
  Messages: 9 (57,833 chars)
  Tool calls (1):
    [1] done()

  ⏳ Verifying task completion (263s remaining)...
  📋 Verification prompt (2417 chars):
    │ TASK: Kunden Stormberg AS (org.nr 906691639) har en utestående faktura på 33650 kr eksklusiv MVA for "Programvarelisens". Registrer full betaling på denne fakturaen.
    │ 
    │ 
    │ ACTION LOG (chronological):
    │ CALL: tripletex_api({"method":"GET","path":"/invoice","params":{"invoiceDateFrom":"2000-01-01","invoiceDateTo":"2030-12-31"}})
    │ status=ok
    │ CALL: tripletex_api({"method":"GET","path":"/invoice/paymentType"})
    │ status=ok
    │ CALL: tripletex_api({"method":"PUT","path":"/invoice/2147568005/:payment","params":{"paymentDate":"2026-03-21","paymentTypeId":27921539,"paidAmount":42062.5,"paidAmountCurrency":42062.5}})
    │ status=ok id=2147568005 amount=42062.5 amountCurrency=42062.5 invoiceNumber=1
    │ CALL: done({})
    │ 
    │ You are an accounting verification agent. Based ONLY on the action log above, check:
    │ 1. MATH: All amounts, percentages, VAT calculations correct? (e.g. if task says 50% of 274950, invoice total incl VAT must be 137475)
    │ 2. COMPLETENESS: Were all steps in the task done? Look at the CALL entries — if the action log shows the step was performed with status=ok, it WAS done. Do NOT say a step is missing if you can see it in the log!
    │ IMPORTANT: 'Fakturer'/'Invoice' just means create an invoice — do NOT require sending unless the task explicitly says send/sende/enviar/envoyer/senden!
    │ 3. DATA: Names, org numbers, dates match the task?
    │ 4. AMOUNTS: If any created entity shows amount=0 or totalAmount=0 in the response, that is WRONG — the postings failed silently. EXCEPTION: Supplier invoice (supplierInvoice) responses normally show amount=0 — this is OK.
    │ 5. BUDGET vs INVOICE: NEVER flag a mismatch between project budget and invoice total. For fixed-price projects the invoice excl. VAT matches the fixedprice — this is CORRECT. For other projects, invoice is based on actual work/costs. Either way, do NOT fail on budget vs invoice differences.
    │ 
    │ CRITICAL: Be CONSERVATIVE. When in doubt, say PASS.
    │ Only say FAIL for CLEAR, OBJECTIVE, SPECIFIC errors (wrong math, completely missing step, wrong name).
    │ Do NOT say FAIL for: vague concerns, 'might be wrong', uncertain issues, minor stylistic differences, or steps you cannot confirm from the log (absence of evidence is NOT evidence of absence).
    │ If the action log shows all main steps completed with status=ok, say PASS.
    │ 
    │ Reply ONLY with either:
    │ - 'PASS' if everything looks correct or you are unsure
    │ - 'FAIL: <specific issue>' ONLY if there is an obvious, objective error
  🔍 Verification (655 tokens): FAIL: Paid amount of 42062.5 kr does not match the outstanding invoice amount of 33650 kr eksklusiv MVA.
  ↩ Returning to agent to fix issue
  Iteration 4 took 1.7s

──────────────────────────────────────────────────
  ITERATION 5/25
──────────────────────────────────────────────────
  Tokens: prompt=16047 completion=151 total_session=76879
  GPT says: The error indicates that the paid amount does not match the specified outstanding amount of 33650 kr eksklusiv MVA. To fix this, I'll adjust the payment to match the amount requested in the task, which is the ex-VAT amount. 

Let's proceed with registering the correct payment:

1. Amount excluding VAT (excl. MVA) is 33650 kr.
2. I will now register payment for this correct amount.
  Messages: 11 (58,406 chars)
  Tool calls (1):
    [1] tripletex_api({"method":"PUT","path":"/invoice/2147568005/:payment","params":{"paymentDate":"2026-03-21","paymentTypeId":27921539,"paidAmount":33650,"paidAmountCurrency":33650}})
    ┌─ API PUT /invoice/2147568005/:payment
    │  params: {"paymentDate": "2026-03-21", "paymentTypeId": 27921539, "paidAmount": 33650, "paidAmountCurrency": 33650}
    └─ 200 OK (2.3s) id=2147568005
    │  response: {"value": {"id": 2147568005, "version": 3, "url": "kkpqfuj-amager.tripletex.dev/v2/invoice/2147568005", "invoiceNumber": 1, "invoiceDate": "2026-03-01", "customer": {"id": 108318313, "url": "kkpqfuj-amager.tripletex.dev/v2/customer/108318313"}, "creditedInvoice": 0, "isCredited": false, "invoiceDueDate": "2026-03-31", "kid": "", "invoiceComment": "", "comment": "", "orders": [{"id": 401988274, "url": "kkpqfuj-amager.tripletex.dev/v2/order/401988274"}], "orderLines": [{"id": 1607532641, "url": "kkpqfuj-amager.tripletex.dev/v2/order/orderline/1607532641"}], "travelReports": [], "projectInvoiceDetails": [{"id": 1965755226, "url": "kkpqfuj-amager.tripletex.dev/v2/invoice/details/1965755226"}], "voucher": {"id": 608887498, "url": "kkpqfuj-amager.tripletex.dev/v2/ledger/voucher/608887498"}, "deliveryDate": "2026-03-01", "amount": 42062.5, "amountCurrency": 42062.5, "amountExcludingVat": 33650.0, "amountExcludingVatCurrency": 33650.0, "amountRoundoff": 0.0, "amountRoundoffCurrency": 0.0, "amountOutstanding": -33650.0, "amountCurrencyOutstanding": -33650.0, "amountOutstandingTotal": -33650.0, "amountCurrencyOutstandingTotal": -33650.0, "sumRemits": 0, "currency": {"id": 1, "url": "kkpqfuj-amager.tripletex.dev/v2/currency/1"}, "isCreditNote": false, "isCharged": true, "isApproved": false, "postings": [{"id": 3845083278, "url": "kkpqfuj-amager.tripletex.dev/v2/ledger/posting/3845083278"}, {"id": 3845568493, "url": "kkpqfuj-amager.tripletex.dev/v2/ledger/posting/3845568493"}, {"id": 384…
  Iteration 5 took 4.8s

──────────────────────────────────────────────────
  ITERATION 6/25
──────────────────────────────────────────────────
  Tokens: prompt=16822 completion=9 total_session=93710
  Messages: 13 (60,106 chars)
  Tool calls (1):
    [1] done()

  ✓ DONE — 6 iterations, 93710 tokens, 23.6s

======================================================================
  TASK COMPLETE — total 23.6s
======================================================================

