
======================================================================
  NEW TASK RECEIVED
  Version: unknown
======================================================================
  Prompt: Køyr løn for Eirik Lunde (eirik.lunde@example.org) for denne månaden. Grunnløn er 39100 kr. Legg til ein eingongsbonus på 8200 kr i tillegg til grunnløna.
  Files:  0
  URL:    https://tx-proxy-jwanbnu3pq-lz.a.run.app/v2
──────────────────────────────────────────────────────────────────────

──────────────────────────────────────────────────
  ITERATION 1/25
──────────────────────────────────────────────────
  [github] Log pushed: 20260322_000813_5535_invoice_ok_9iter_créez_et_envoyez.log (attempt 1)
  Tokens: prompt=16895 completion=138 total_session=17033
  GPT says: To process the payroll for Eirik Lunde for March 2026, we need to follow these steps:

1. Ensure the employee exists in the system, creating or updating if needed.
2. Ensure the employee has an employment record.
3. Look up the salary types to find the IDs for "Fastlønn" (base salary) and "Bonus".
4. Create the salary transaction for March 2026 with both the base salary and bonus.

Let's start by checking if the employee, Eirik Lunde, already exists or needs to be created.
  Messages: 3 (63,860 chars)
  Tool calls (1):
    [1] tripletex_api({"method":"GET","path":"/employee?fields=*"})
    │  [fix] extracted query params from path: {'fields': '*'}
    ┌─ API GET /employee
    │  params: {"fields": "*"}
    └─ 200 OK (0.4s) [2 items]
    │  response: {"fullResultSize": 2, "from": 0, "count": 2, "versionDigest": "Checksum not yet supported for this endpoint", "values": [{"id": 18704289, "version": 1, "url": "kkpqfuj-amager.tripletex.dev/v2/employee/18704289", "firstName": "Admin", "lastName": "NM", "displayName": "Admin NM", "employeeNumber": "", "dateOfBirth": null, "email": "nmiai-validator@test.no", "phoneNumberMobileCountry": {"id": 161, "url": "kkpqfuj-amager.tripletex.dev/v2/country/161"}, "phoneNumberMobile": "", "phoneNumberHome": "", "phoneNumberWork": "", "nationalIdentityNumber": "", "dnumber": "", "internationalId": {"intAmeldingType": null, "country": null, "number": ""}, "bankAccountNumber": "", "iban": "", "bic": "", "creditorBankCountryId": 0, "usesAbroadPayment": false, "userType": null, "allowInformationRegistration": true, "isContact": false, "isProxy": false, "comments": "", "address": null, "department": {"id": 977795, "url": "kkpqfuj-amager.tripletex.dev/v2/department/977795"}, "employments": [{"id": 2854205, "url": "kkpqfuj-amager.tripletex.dev/v2/employee/employment/2854205"}], "holidayAllowanceEarned": {"year": 0, "amount": 0.0, "basis": 0.0, "amountExtraHolidayWeek": 0.0}, "employeeCategory": null, "isAuthProjectOverviewURL": true, "pictureId": 0, "companyId": 108473708, "vismaConnect2FAactive": false}, {"id": 18704295, "version": 2, "url": "kkpqfuj-amager.tripletex.dev/v2/employee/18704295", "firstName": "Eirik", "lastName": "Lunde", "displayName": "Eirik Lunde", "employeeNumber": "", "dateOfBirt…
  Iteration 1 took 2.9s

──────────────────────────────────────────────────
  ITERATION 2/25
──────────────────────────────────────────────────
  Tokens: prompt=17819 completion=98 total_session=34950
  GPT says: Eirik Lunde is already registered as an employee in the system with ID 18704295. However, Eirik Lunde currently has no employment record.

Let's proceed to create an employment record for Eirik Lunde.
  Messages: 5 (66,466 chars)
  Tool calls (1):
    [1] tripletex_api({"method":"POST","path":"/employee/employment","body":{"employee":{"id":18704295},"startDate":"2026-03-01","division":{"id":108473708}}})
    ┌─ API GET /employee/18704295
    │  params: {"fields": "id,version,firstName,lastName,dateOfBirth"}
    └─ 200 OK (0.3s) id=18704295 name=Eirik
    ┌─ API PUT /employee/18704295
    │  body:   {"id": 18704295, "version": 2, "firstName": "Eirik", "lastName": "Lunde", "dateOfBirth": "1990-01-01"}
    └─ 200 OK (0.4s) id=18704295 name=Eirik
    │  [fix] employee 18704295: set dateOfBirth=1990-01-01 (required for employment)
    ┌─ API POST /employee/employment
    │  body:   {"employee": {"id": 18704295}, "startDate": "2026-03-01", "division": {"id": 108473708}}
    └─ 422 ERR (0.4s) {"status": 422, "code": 18000, "message": "Validering feilet.", "link": "https://tripletex.no/v2-docs/", "developerMessage": "VALIDATION_ERROR", "validationMessages": [{"field": "division.id", "message": "Det er ikke mulig å knytte arbeidsforholdet til den juridiske enheten.", "path": null, "rootId": null}], "requestId": "f9425b76-6eb3-4271-94be-81b03dcf66a4", "_status_code": 422}
    │  [auto-fix] division.id rejected — retrying without division
    ┌─ API POST /employee/employment
    │  body:   {"employee": {"id": 18704295}, "startDate": "2026-03-01"}
    └─ 201 OK (0.4s) id=2854249
    │  [auto-fix] employment created without division OK
    │  response: {"value": {"id": 2854249, "version": 0, "url": "kkpqfuj-amager.tripletex.dev/v2/employee/employment/2854249", "employee": {"id": 18704295, "url": "kkpqfuj-amager.tripletex.dev/v2/employee/18704295"}, "employmentId": "", "startDate": "2026-03-01", "endDate": null, "employmentEndReason": null, "division": null, "lastSalaryChangeDate": null, "noEmploymentRelationship": false, "isMainEmployer": true, "taxDeductionCode": "loennFraHovedarbeidsgiver", "employmentDetails": [], "isRemoveAccessAtEmploymentEnded": false, "latestSalary": null}}
  Iteration 2 took 3.4s

──────────────────────────────────────────────────
  ITERATION 3/25
──────────────────────────────────────────────────
  Tokens: prompt=18101 completion=70 total_session=53121
  GPT says: I have successfully created an employment record for Eirik Lunde. Now, let's look up the salary types to find the IDs for "Fastlønn" (base salary) and "Bonus", which are required for the salary transaction.
  Messages: 7 (67,210 chars)
  Tool calls (1):
    [1] tripletex_api({"method":"GET","path":"/salary/type"})
    ┌─ API GET /salary/type
    └─ 200 OK (0.5s) [155 items]
    │  [trim] condensed 155 items → key fields (17904 chars)
    │  response: {"fullResultSize": 155, "from": 0, "count": 155, "versionDigest": null, "values": [{"version": 0, "name": "Gjeld til ansatte", "number": "1000", "id": 85572614, "description": ""}, {"version": 1, "name": "Fastlønn", "number": "2000", "id": 85572615, "description": ""}, {"version": 0, "name": "Timelønn", "number": "2001", "id": 85572616, "description": ""}, {"version": 0, "name": "Utbetalt fleksisaldo", "number": "2009", "id": 85572617, "description": ""}, {"version": 0, "name": "Utbetalt feriesaldo", "number": "2010", "id": 85572618, "description": ""}, {"version": 0, "name": "Feriepenger u/skattetrekk", "number": "2015", "id": 85572619, "description": ""}, {"version": 0, "name": "Feriepenger m/skattetrekk", "number": "2016", "id": 85572620, "description": ""}, {"version": 0, "name": "Feriepenger - ekstra ferieuke f.o.m. 60 år", "number": "2017", "id": 85572621, "description": ""}, {"version": 0, "name": "Trekk i lønn for ferie - fastlønn", "number": "2028", "id": 85572622, "description": ""}, {"version": 0, "name": "Kilometergodtgjørelse bil", "number": "5001", "id": 85572623, "description": ""}, {"version": 0, "name": "Kost", "number": "5002", "id": 85572624, "description": ""}, {"version": 0, "name": "Losji - innland/utland", "number": "5005", "id": 85572625, "description": ""}, {"version": 0, "name": "Skattetrekk", "number": "6000", "id": 85572626, "description": ""}, {"version": 0, "name": "Forskudd på lønn", "number": "1001", "id": 85572627, "description": ""}, {"versio…
  Iteration 3 took 1.7s

──────────────────────────────────────────────────
  ITERATION 4/25
──────────────────────────────────────────────────
  Tokens: prompt=21065 completion=174 total_session=74360
  GPT says: We have successfully retrieved the salary types. The IDs for the salary types we need are as follows:
- "Fastlønn" (Salary): ID 85572615
- "Bonus": ID 85572629

Now, let's create the salary transaction for March 2026 for Eirik Lunde with a base salary of 39,100 NOK and a bonus of 8,200 NOK.
  Messages: 9 (75,515 chars)
  Tool calls (1):
    [1] tripletex_api({"method":"POST","path":"/salary/transaction","body":{"year":2026,"month":3,"payslips":[{"employee":{"id":18704295},"specifications":[{"salaryType":{"id":85572615},"rate":39100,"count":1},{"salaryType":{"id":85572629},"rate":8200,"count":1}]}]}})
    ┌─ API POST /salary/transaction
    │  body:   {"year": 2026, "month": 3, "payslips": [{"employee": {"id": 18704295}, "specifications": [{"salaryType": {"id": 85572615}, "rate": 39100, "count": 1}, {"salaryType": {"id": 85572629}, "rate": 8200, "count": 1}]}]}
    └─ 422 ERR (0.3s) {"status": 422, "code": 18000, "message": "Validering feilet.", "link": "https://tripletex.no/v2-docs/", "developerMessage": "VALIDATION_ERROR", "validationMessages": [{"field": "employee", "message": "Arbeidsforholdet er ikke knyttet mot en virksomhet.", "path": "employee", "rootId": null}], "requestId": "fb2ee03d-2091-4e67-af47-6dba063835c5", "_status_code": 422}
    │  [hint] salary API failed with division error — injected voucher fallback guidance
    │  response: {"status": 422, "code": 18000, "message": "Validering feilet.", "link": "https://tripletex.no/v2-docs/", "developerMessage": "VALIDATION_ERROR", "validationMessages": [{"field": "employee", "message": "Arbeidsforholdet er ikke knyttet mot en virksomhet.", "path": "employee", "rootId": null}], "requestId": "fb2ee03d-2091-4e67-af47-6dba063835c5", "_status_code": 422, "_fallback_hint": "Salary API failed because employment is not linked to a business unit. USE MANUAL VOUCHER FALLBACK: 1. GET /ledger/account?number=5000 to find 'Lønn til ansatte' account id. 2. GET /ledger/account?number=2930 to find 'Skyldig lønn' account id. 3. POST /ledger/voucher with TWO balanced postings: debit 5000 (positive amount = total salary incl. bonus) and credit 2930 (negative same amount). This records the payroll expense correctly."}
  Iteration 4 took 3.0s

──────────────────────────────────────────────────
  ITERATION 5/25
──────────────────────────────────────────────────
  Tokens: prompt=21495 completion=114 total_session=95969
  GPT says: The salary transaction creation failed because the employment record is not linked to a specific business unit or division. We need to manually create journal entries to register the payroll expense for Eirik Lunde.

We'll replace the failed salary transaction with manual voucher postings. Let's proceed by looking up the ledger account IDs for "Lønn til ansatte" (account 5000) and "Skyldig lønn" (account 2930).
  Messages: 11 (76,753 chars)
  Tool calls (1):
    [1] tripletex_api({"method":"GET","path":"/ledger/account?number=5000"})
    │  [fix] extracted query params from path: {'number': '5000'}
    ┌─ API GET /ledger/account
    │  params: {"number": "5000"}
    └─ 200 OK (0.3s) [1 items]
    │  response: {"fullResultSize": 1, "from": 0, "count": 1, "versionDigest": "'If-None-Match' header not specified", "values": [{"id": 480655532, "version": 0, "url": "kkpqfuj-amager.tripletex.dev/v2/ledger/account/480655532", "number": 5000, "numberPretty": "5000", "name": "Lønn til ansatte", "description": "", "type": "OPERATING_EXPENSES", "legalVatTypes": [{"id": 0, "url": "kkpqfuj-amager.tripletex.dev/v2/ledger/vatType/0"}], "ledgerType": "GENERAL", "balanceGroup": "Ikke i en saldogruppe.", "vatType": {"id": 0, "url": "kkpqfuj-amager.tripletex.dev/v2/ledger/vatType/0"}, "vatLocked": true, "currency": null, "isCloseable": false, "isApplicableForSupplierInvoice": false, "requireReconciliation": false, "isInactive": false, "isBankAccount": false, "isInvoiceAccount": false, "bankAccountNumber": "", "bankAccountCountry": null, "bankName": "", "bankAccountIBAN": "", "bankAccountSWIFT": "", "saftCode": "50", "groupingCode": "5000", "displayName": "5000 Lønn til ansatte", "requiresDepartment": false, "requiresProject": false, "invoicingDepartment": null, "isPostingsExist": false, "quantityType1": null, "quantityType2": null, "department": null}]}
  Iteration 5 took 2.9s

──────────────────────────────────────────────────
  ITERATION 6/25
──────────────────────────────────────────────────
  Tokens: prompt=21992 completion=27 total_session=117988
  Messages: 13 (77,898 chars)
  Tool calls (1):
    [1] tripletex_api({"method":"GET","path":"/ledger/account?number=2930"})
    │  [fix] extracted query params from path: {'number': '2930'}
    ┌─ API GET /ledger/account
    │  params: {"number": "2930"}
    └─ 200 OK (0.3s) [1 items]
    │  response: {"fullResultSize": 1, "from": 0, "count": 1, "versionDigest": "'If-None-Match' header not specified", "values": [{"id": 480655445, "version": 0, "url": "kkpqfuj-amager.tripletex.dev/v2/ledger/account/480655445", "number": 2930, "numberPretty": "2930", "name": "Skyldig lønn", "description": "", "type": "LIABILITIES", "legalVatTypes": [{"id": 0, "url": "kkpqfuj-amager.tripletex.dev/v2/ledger/vatType/0"}], "ledgerType": "GENERAL", "balanceGroup": "Ikke i en saldogruppe.", "vatType": {"id": 0, "url": "kkpqfuj-amager.tripletex.dev/v2/ledger/vatType/0"}, "vatLocked": true, "currency": null, "isCloseable": false, "isApplicableForSupplierInvoice": false, "requireReconciliation": false, "isInactive": false, "isBankAccount": false, "isInvoiceAccount": false, "bankAccountNumber": "", "bankAccountCountry": null, "bankName": "", "bankAccountIBAN": "", "bankAccountSWIFT": "", "saftCode": "29", "groupingCode": "2949", "displayName": "2930 Skyldig lønn", "requiresDepartment": false, "requiresProject": false, "invoicingDepartment": null, "isPostingsExist": false, "quantityType1": null, "quantityType2": null, "department": null}]}
  Iteration 6 took 1.1s

──────────────────────────────────────────────────
  ITERATION 7/25
──────────────────────────────────────────────────
  Tokens: prompt=22397 completion=244 total_session=140629
  GPT says: We have retrieved the necessary account IDs:
- Account "Lønn til ansatte" (5000) has ID 480655532.
- Account "Skyldig lønn" (2930) has ID 480655445.

Now, let's create a manual voucher to record Eirik Lunde's salary and bonus. We'll create two balanced postings: debit the salary account and credit the payable account with the total amount of 47,300 NOK (39,100 base salary + 8,200 bonus).
  Messages: 15 (79,418 chars)
  Tool calls (1):
    [1] tripletex_api({"method":"POST","path":"/ledger/voucher","body":{"date":"2026-03-22","description":"Payroll for Eirik Lunde, March 2026","postings":[{"row":1,"date":"2026-03-22","amountGross":47300,"amountGrossCurrency":47300,"account":{"id":480655532},"vatType":{"id":0}},{"row":2,"date":"2026-03-22","amountGross":-47300,"amountGrossCurrency":-47300,"account":{"id":480655445},"vatType":{"id":0}}]}})
    ┌─ API POST /ledger/voucher
    │  body:   {"date": "2026-03-22", "description": "Payroll for Eirik Lunde, March 2026", "postings": [{"row": 1, "date": "2026-03-22", "amountGross": 47300, "amountGrossCurrency": 47300, "account": {"id": 480655532}, "vatType": {"id": 0}}, {"row": 2, "date": "2026-03-22", "amountGross": -47300, "amountGrossCurrency": -47300, "account": {"id": 480655445}, "vatType": {"id": 0}}]}
    └─ 201 OK (0.5s) id=609233631
    │  response: {"value": {"id": 609233631, "version": 5, "url": "kkpqfuj-amager.tripletex.dev/v2/ledger/voucher/609233631", "date": "2026-03-22", "number": 1, "tempNumber": 0, "year": 2026, "description": "Payroll for Eirik Lunde, March 2026", "voucherType": null, "reverseVoucher": null, "postings": [{"id": 3846022931, "version": 1, "url": "kkpqfuj-amager.tripletex.dev/v2/ledger/posting/3846022931", "voucher": {"id": 609233631, "url": "kkpqfuj-amager.tripletex.dev/v2/ledger/voucher/609233631"}, "date": "2026-03-22", "description": "Payroll for Eirik Lunde, March 2026", "account": {"id": 480655532, "url": "kkpqfuj-amager.tripletex.dev/v2/ledger/account/480655532"}, "amortizationAccount": null, "amortizationStartDate": null, "amortizationEndDate": null, "customer": null, "supplier": null, "employee": null, "project": null, "product": null, "department": null, "vatType": {"id": 0, "url": "kkpqfuj-amager.tripletex.dev/v2/ledger/vatType/0"}, "amount": 47300.0, "amountCurrency": 47300.0, "amountGross": 47300, "amountGrossCurrency": 47300, "currency": {"id": 1, "url": "kkpqfuj-amager.tripletex.dev/v2/currency/1"}, "closeGroup": null, "invoiceNumber": "", "termOfPayment": null, "row": 1, "type": null, "externalRef": "", "systemGenerated": false, "taxTransactionType": "(Ikke valgt)", "taxTransactionTypeId": 0, "matched": false, "quantityAmount1": 0, "quantityType1": null, "quantityAmount2": 0, "quantityType2": null, "isVatReadonly": true, "isAmountVatClosed": false, "postingRuleId": 0, "freeAccounti…
  Iteration 7 took 4.4s

──────────────────────────────────────────────────
  ITERATION 8/25
──────────────────────────────────────────────────
  Tokens: prompt=23699 completion=9 total_session=164337
  Messages: 17 (82,549 chars)
  Tool calls (1):
    [1] done()

  ⏳ Verifying task completion (270s remaining)...
  📋 Verification prompt (3636 chars):
    │ TASK: Køyr løn for Eirik Lunde (eirik.lunde@example.org) for denne månaden. Grunnløn er 39100 kr. Legg til ein eingongsbonus på 8200 kr i tillegg til grunnløna.
    │ 
    │ 
    │ ACTION LOG (chronological):
    │ CALL: tripletex_api({"method":"GET","path":"/employee?fields=*"})
    │ status=ok
    │ CALL: tripletex_api({"method":"POST","path":"/employee/employment","body":{"employee":{"id":18704295},"startDate":"2026-03-01","division":{"id":108473708}}})
    │ status=ok id=2854249
    │ CALL: tripletex_api({"method":"GET","path":"/salary/type"})
    │ CALL: tripletex_api({"method":"POST","path":"/salary/transaction","body":{"year":2026,"month":3,"payslips":[{"employee":{"id":18704295},"specifications":[{"salaryType":{"id":85572615},"rate":39100,"count":1},{"salaryType":{"id":85572629},"rate":8200,"count":1}]}]}})
    │ status=422
    │ CALL: tripletex_api({"method":"GET","path":"/ledger/account?number=5000"})
    │ status=ok
    │ CALL: tripletex_api({"method":"GET","path":"/ledger/account?number=2930"})
    │ status=ok
    │ CALL: tripletex_api({"method":"POST","path":"/ledger/voucher","body":{"date":"2026-03-22","description":"Payroll for Eirik Lunde, March 2026","postings":[{"row":1,"date":"2026-03-22","amountGross":47300,"amountGrossCurrency":47300,"account":{"id":480655532},"vatType":{"id":0}},{"row":2,"date":"2026-03-22","amountGross")
    │ status=ok id=609233631
    │ CALL: done({})
    │ 
    │ You are an accounting verification agent. Based ONLY on the action log above, check:
    │ 1. MATH: All amounts, percentages, VAT calculations correct? (e.g. if task says 50% of 274950, invoice total incl VAT must be 137475)
    │ 2. COMPLETENESS: Were all steps in the task done? Look at the CALL entries — if the action log shows the step was performed with status=ok, it WAS done. Do NOT say a step is missing if you can see it in the log!
    │ IMPORTANT: 'Fakturer'/'Invoice' just means create an invoice — do NOT require sending unless the task explicitly says send/sende/enviar/envoyer/senden!
    │ 3. DATA: Names, org numbers, dates match the task?
    │ 4. AMOUNTS: If any created entity shows amount=0 or totalAmount=0 in the response, that is WRONG — the postings failed silently. EXCEPTION: Supplier invoice (supplierInvoice) responses normally show amount=0 — this is OK.
    │ 5. BUDGET vs INVOICE: NEVER flag a mismatch between project budget and invoice total. For fixed-price projects the invoice excl. VAT matches the fixedprice — this is CORRECT. For other projects, invoice is based on actual work/costs. Either way, do NOT fail on budget vs invoice differences.
    │ 6. PAYMENT AMOUNTS: Invoice payments and reversals use the FULL amount INCLUDING VAT, not excl. VAT. If the task says 'X NOK excl. VAT', the correct payment/reversal amount is X × 1.25 (Norwegian 25% VAT). Do NOT flag a mismatch between excl. VAT amounts in the task and incl. VAT payment amounts.
    │ 7. VAT BREAKDOWN: If the total invoice amount matches the expected sum, do NOT fail on 'VAT breakdown not reflected' or similar vague VAT concerns. Only fail if a specific line item has the WRONG VAT rate applied.
    │ 
    │ CRITICAL: Be CONSERVATIVE. When in doubt, say PASS.
    │ Only say FAIL for CLEAR, OBJECTIVE, SPECIFIC errors (wrong math, completely missing step, wrong name).
    │ Do NOT say FAIL for: vague concerns, 'might be wrong', uncertain issues, minor stylistic differences, or steps you cannot confirm from the log (absence of evidence is NOT evidence of absence).
    │ A false FAIL causes MORE damage than a missed error. When uncertain, ALWAYS say PASS.
    │ If the action log shows all main steps completed with status=ok, say PASS.
    │ 
    │ Reply ONLY with either:
    │ - 'PASS' if everything looks correct or you are unsure
    │ - 'FAIL: <specific issue>' ONLY if there is an obvious, objective error
  🔍 Verification (970 tokens): PASS

  ✓ DONE — 8 iterations, 164337 tokens, 20.0s

======================================================================
  TASK COMPLETE — total 20.4s
======================================================================

