
======================================================================
  NEW TASK RECEIVED
  Version: unknown
======================================================================
  Prompt: Crie e envie uma fatura ao cliente Cascata Lda (org. nº 826621389) por 4450 NOK sem IVA. A fatura refere-se a Horas de consultoria.
  Files:  0
  URL:    https://tx-proxy-jwanbnu3pq-lz.a.run.app/v2
──────────────────────────────────────────────────────────────────────
  [pre] Invoice/credit/payment task detected — ensuring bank account...
    ┌─ API GET /invoice/settings
  [gcs] Upload failed: 403 POST https://storage.googleapis.com/upload/storage/v1/b/tripletex-agent-logs/o?uploadType=multipart: {
  "error": {
    "code": 403,
    "message": "52373769937-compute@developer.gserviceaccount.com does not have storage.objects.create access to the Google Cloud Storage object. Permission 'storage.objects.create' denied on resource (or it may not exist).",
    "errors": [
      {
        "message": "52373769937-compute@developer.gserviceaccount.com does not have storage.objects.create access to the Google Cloud Storage object. Permission 'storage.objects.create' denied on resource (or it may not exist).",
        "domain": "global",
        "reason": "forbidden"
      }
    ]
  }
}
: ('Request failed with status code', 403, 'Expected one of', <HTTPStatus.OK: 200>)
    └─ 200 OK (1.6s) id=773511
    ┌─ API GET /ledger/account
    │  params: {"isBankAccount": "true", "count": 10}
  [github] Log pushed: 20260321_185426_3317_task_ok_8iter_erstellen_sie_eine.log (attempt 1)
    └─ 200 OK (1.4s) [2 items]
  [bank] found account 1920 id=373341620 v=0
    ┌─ API PUT /ledger/account/373341620
    │  body:   {"id": 373341620, "version": 0, "number": 1920, "name": "Bankinnskudd", "bankAccountNumber": "15030100112"}
    └─ 200 OK (1.7s) id=373341620 name=Bankinnskudd
  [bank] bank account set OK
  [pre] Bank account setup: OK

──────────────────────────────────────────────────
  ITERATION 1/25
──────────────────────────────────────────────────
  Tokens: prompt=14659 completion=21 total_session=14680
  Messages: 3 (54,862 chars)
  Tool calls (1):
    [1] tripletex_api({"method":"GET","path":"/customer"})
    ┌─ API GET /customer
    └─ 200 OK (1.6s) [1 items]
    │  response: {"fullResultSize": 1, "from": 0, "count": 1, "versionDigest": "'If-None-Match' header not specified", "values": [{"id": 108322512, "version": 1, "url": "kkpqfuj-amager.tripletex.dev/v2/customer/108322512", "name": "Cascata Lda", "organizationNumber": "826621389", "globalLocationNumber": 0, "supplierNumber": 0, "customerNumber": 10001, "isSupplier": false, "isCustomer": true, "isInactive": false, "accountManager": null, "department": null, "email": "", "invoiceEmail": "", "overdueNoticeEmail": "", "phoneNumber": "", "phoneNumberMobile": "", "description": "", "language": "NO", "displayName": "Cascata Lda (10001)", "isPrivateIndividual": false, "singleCustomerInvoice": false, "invoiceSendMethod": "EMAIL", "emailAttachmentType": "ATTACHMENT", "postalAddress": {"id": 405495547, "url": "kkpqfuj-amager.tripletex.dev/v2/address/405495547"}, "physicalAddress": {"id": 405495546, "url": "kkpqfuj-amager.tripletex.dev/v2/address/405495546"}, "deliveryAddress": null, "category1": null, "category2": null, "category3": null, "invoicesDueIn": 14, "invoicesDueInType": "DAYS", "currency": {"id": 1, "url": "kkpqfuj-amager.tripletex.dev/v2/currency/1"}, "bankAccountPresentation": [], "ledgerAccount": {"id": 373341564, "url": "kkpqfuj-amager.tripletex.dev/v2/ledger/account/373341564"}, "isFactoring": false, "invoiceSendSMSNotification": false, "invoiceSMSNotificationNumber": "", "isAutomaticSoftReminderEnabled": false, "isAutomaticReminderEnabled": false, "isAutomaticNoticeOfDebtCollectionEnabled…
  Iteration 1 took 3.9s

──────────────────────────────────────────────────
  ITERATION 2/25
──────────────────────────────────────────────────
  Tokens: prompt=15167 completion=24 total_session=29871
  Messages: 5 (56,415 chars)
  Tool calls (1):
    [1] tripletex_api({"method":"GET","path":"/ledger/vatType"})
    ┌─ API GET /ledger/vatType
    └─ 200 OK (1.7s) [56 items]
    │  response: {"fullResultSize": 56, "from": 0, "count": 56, "versionDigest": "'If-None-Match' header not specified", "values": [{"id": 1, "version": 0, "url": "kkpqfuj-amager.tripletex.dev/v2/ledger/vatType/1", "name": "Fradrag inngående avgift, høy sats", "number": "1", "displayName": "1: (25%) Fradrag inngående avgift, høy sats", "percentage": 25, "deductionPercentage": 100.0, "parentType": {"id": 0, "url": "kkpqfuj-amager.tripletex.dev/v2/ledger/vatType/0"}}, {"id": 2, "version": 0, "url": "kkpqfuj-amager.tripletex.dev/v2/ledger/vatType/2", "name": "Direktepostert fradrag inngående avgift, høy sats (mva-kode utgikk 01.01.2017)", "number": "UT-2", "displayName": "UT-2: (100%) Direktepostert fradrag inngående avgift, høy sats (mva-kode utgikk 01.01.2017)", "percentage": 100.0, "deductionPercentage": 100.0, "parentType": {"id": 0, "url": "kkpqfuj-amager.tripletex.dev/v2/ledger/vatType/0"}}, {"id": 3, "version": 0, "url": "kkpqfuj-amager.tripletex.dev/v2/ledger/vatType/3", "name": "Utgående avgift, høy sats", "number": "3", "displayName": "3: (25%) Utgående avgift, høy sats", "percentage": 25, "deductionPercentage": 100.0, "parentType": {"id": 0, "url": "kkpqfuj-amager.tripletex.dev/v2/ledger/vatType/0"}}, {"id": 4, "version": 0, "url": "kkpqfuj-amager.tripletex.dev/v2/ledger/vatType/4", "name": "Direktepostert utgående avgift, høy sats", "number": "4", "displayName": "4: (100%) Direktepostert utgående avgift, høy sats", "percentage": 100.0, "deductionPercentage": 100.0, "parentType": {"id…
  Iteration 2 took 2.4s

──────────────────────────────────────────────────
  ITERATION 3/25
──────────────────────────────────────────────────
  Tokens: prompt=18198 completion=21 total_session=48090
  Messages: 7 (64,429 chars)
  Tool calls (1):
    [1] tripletex_api({"method":"POST","path":"/product"})
    │  [fix] blocked POST without body: /product
  Iteration 3 took 1.3s

──────────────────────────────────────────────────
  ITERATION 4/25
──────────────────────────────────────────────────
  Tokens: prompt=18285 completion=47 total_session=66422
  Messages: 9 (64,637 chars)
  Tool calls (1):
    [1] tripletex_api({"method":"POST","path":"/product","body":{"name":"Horas de consultoria","priceExcludingVatCurrency":4450,"vatType":{"id":5}}})
    ┌─ API POST /product
    │  body:   {"name": "Horas de consultoria", "priceExcludingVatCurrency": 4450, "vatType": {"id": 5}}
    └─ 201 OK (1.4s) id=84418670 name=Horas de consultoria
    │  response: {"value": {"id": 84418670, "version": 0, "url": "kkpqfuj-amager.tripletex.dev/v2/product/84418670", "name": "Horas de consultoria", "number": "", "displayNumber": "", "description": "", "orderLineDescription": "", "costExcludingVatCurrency": 0, "costPrice": 0, "priceExcludingVatCurrency": 4450, "priceIncludingVatCurrency": 4450.0, "isInactive": false, "productUnit": null, "incomingStock": 0, "outgoingStock": 0, "vatType": {"id": 5, "url": "kkpqfuj-amager.tripletex.dev/v2/ledger/vatType/5"}, "currency": {"id": 1, "url": "kkpqfuj-amager.tripletex.dev/v2/currency/1"}, "department": null, "account": null, "supplier": null, "resaleProduct": null, "isDeletable": false, "hasSupplierProductConnected": false, "image": null, "displayName": "Horas de consultoria", "mainSupplierProduct": null, "isRoundPriceIncVat": false, "priceInTargetCurrency": 0, "purchasePriceCurrency": 0}}
  Iteration 4 took 2.7s

──────────────────────────────────────────────────
  ITERATION 5/25
──────────────────────────────────────────────────
  Tokens: prompt=18626 completion=51 total_session=85099
  Messages: 11 (65,515 chars)
  Tool calls (1):
    [1] tripletex_api({"method":"POST","path":"/order","body":{"customer":{"id":108322512},"orderDate":"2026-03-21","deliveryDate":"2026-03-21"}})
    ┌─ API POST /order
    │  body:   {"customer": {"id": 108322512}, "orderDate": "2026-03-21", "deliveryDate": "2026-03-21"}
    └─ 201 OK (1.5s) id=402028876
    │  response: {"value": {"id": 402028876, "version": 0, "url": "kkpqfuj-amager.tripletex.dev/v2/order/402028876", "customer": {"id": 108322512, "url": "kkpqfuj-amager.tripletex.dev/v2/customer/108322512"}, "contact": null, "attn": null, "displayName": "1 Ordre", "receiverEmail": "", "overdueNoticeEmail": "", "number": "1", "reference": "", "department": null, "orderDate": "2026-03-21", "project": null, "invoiceComment": "", "currency": {"id": 1, "url": "kkpqfuj-amager.tripletex.dev/v2/currency/1"}, "invoicesDueIn": 14, "invoicesDueInType": "DAYS", "isShowOpenPostsOnInvoices": false, "isClosed": false, "deliveryDate": "2026-03-21", "deliveryAddress": null, "deliveryComment": "", "isPrioritizeAmountsIncludingVat": false, "orderLineSorting": "PRODUCT", "orderGroups": [], "orderLines": [], "isSubscription": false, "subscriptionDuration": 0, "subscriptionDurationType": "MONTHS", "subscriptionPeriodsOnInvoice": 0, "subscriptionPeriodsOnInvoiceType": "MONTHS", "subscriptionInvoicingTimeInAdvanceOrArrears": "ADVANCE", "subscriptionInvoicingTime": 0, "subscriptionInvoicingTimeType": "MONTHS", "isSubscriptionAutoInvoicing": false, "preliminaryInvoice": {"id": 2147626751, "url": "kkpqfuj-amager.tripletex.dev/v2/invoice/2147626751"}, "attachment": [], "sendMethodDescription": "Faktura må sendes manuelt.", "invoiceOnAccountVatHigh": false, "totalInvoicedOnAccountAmountAbsoluteCurrency": 0.0, "invoiceSendSMSNotification": false, "invoiceSMSNotificationNumber": "", "markUpOrderLines": 0, "discountPercent…
  Iteration 5 took 3.4s

──────────────────────────────────────────────────
  ITERATION 6/25
──────────────────────────────────────────────────
  Tokens: prompt=19183 completion=45 total_session=104327
  Messages: 13 (67,146 chars)
  Tool calls (1):
    [1] tripletex_api({"method":"POST","path":"/order/orderline","body":{"order":{"id":402028876},"product":{"id":84418670},"count":1}})
    ┌─ API POST /order/orderline
    │  body:   {"order": {"id": 402028876}, "product": {"id": 84418670}, "count": 1}
    └─ 201 OK (1.6s) id=1607567336
    │  response: {"value": {"id": 1607567336, "version": 1, "url": "kkpqfuj-amager.tripletex.dev/v2/order/orderline/1607567336", "product": {"id": 84418670, "url": "kkpqfuj-amager.tripletex.dev/v2/product/84418670"}, "inventory": null, "description": "", "displayName": "Horas de consultoria", "count": 1.0, "unitCostCurrency": 0.0, "unitPriceExcludingVatCurrency": 4450.0, "currency": {"id": 1, "url": "kkpqfuj-amager.tripletex.dev/v2/currency/1"}, "markup": 0.0, "discount": 0.0, "vatType": {"id": 5, "url": "kkpqfuj-amager.tripletex.dev/v2/ledger/vatType/5"}, "amountExcludingVatCurrency": 4450.0, "amountIncludingVatCurrency": 4450.0, "vendor": null, "order": {"id": 402028876, "url": "kkpqfuj-amager.tripletex.dev/v2/order/402028876"}, "unitPriceIncludingVatCurrency": 4450.0, "isSubscription": false, "subscriptionPeriodStart": null, "subscriptionPeriodEnd": null, "orderGroup": null, "sortIndex": 0, "isPicked": false, "pickedDate": null, "orderedQuantity": 0, "isCharged": false}}
  Iteration 6 took 2.6s

──────────────────────────────────────────────────
  ITERATION 7/25
──────────────────────────────────────────────────
  Tokens: prompt=19580 completion=54 total_session=123961
  Messages: 15 (68,117 chars)
  Tool calls (1):
    [1] tripletex_api({"method":"POST","path":"/invoice","body":{"invoiceDate":"2026-03-21","invoiceDueDate":"2026-04-04","orders":[{"id":402028876}]}})
    ┌─ API POST /invoice
    │  body:   {"invoiceDate": "2026-03-21", "invoiceDueDate": "2026-04-04", "orders": [{"id": 402028876}]}
    └─ 201 OK (1.8s) id=2147626758
    │  response: {"value": {"id": 2147626758, "version": 3, "url": "kkpqfuj-amager.tripletex.dev/v2/invoice/2147626758", "invoiceNumber": 1, "invoiceDate": "2026-03-21", "customer": {"id": 108322512, "url": "kkpqfuj-amager.tripletex.dev/v2/customer/108322512"}, "creditedInvoice": 0, "isCredited": false, "invoiceDueDate": "2026-04-04", "kid": "", "invoiceComment": "", "comment": "", "orders": [{"id": 402028876, "url": "kkpqfuj-amager.tripletex.dev/v2/order/402028876"}], "orderLines": [{"id": 1607567336, "url": "kkpqfuj-amager.tripletex.dev/v2/order/orderline/1607567336"}], "travelReports": [], "projectInvoiceDetails": [{"id": 1965788174, "url": "kkpqfuj-amager.tripletex.dev/v2/invoice/details/1965788174"}], "voucher": {"id": 609098037, "url": "kkpqfuj-amager.tripletex.dev/v2/ledger/voucher/609098037"}, "deliveryDate": "2026-03-21", "amount": 4450.0, "amountCurrency": 4450.0, "amountExcludingVat": 4450.0, "amountExcludingVatCurrency": 4450.0, "amountRoundoff": 0, "amountRoundoffCurrency": 0, "amountOutstanding": 4450.0, "amountCurrencyOutstanding": 4450.0, "amountOutstandingTotal": 4450.0, "amountCurrencyOutstandingTotal": 4450.0, "sumRemits": 0, "currency": {"id": 1, "url": "kkpqfuj-amager.tripletex.dev/v2/currency/1"}, "isCreditNote": false, "isCharged": true, "isApproved": false, "postings": [{"id": 3845664548, "url": "kkpqfuj-amager.tripletex.dev/v2/ledger/posting/3845664548"}], "reminders": [], "invoiceRemarks": "", "invoiceRemark": null, "isPeriodizationPossible": true, "documentId": 1024…
  Iteration 7 took 3.4s

──────────────────────────────────────────────────
  ITERATION 8/25
──────────────────────────────────────────────────
  Tokens: prompt=20181 completion=35 total_session=144177
  Messages: 17 (69,625 chars)
  Tool calls (1):
    [1] tripletex_api({"method":"PUT","path":"/invoice/2147626758/:send","params":{"sendType":"EMAIL"}})
    ┌─ API PUT /invoice/2147626758/:send
    │  params: {"sendType": "EMAIL"}
    └─ 204 OK (1.7s)
    │  response: {"raw": ""}
  Iteration 8 took 3.4s

──────────────────────────────────────────────────
  ITERATION 9/25
──────────────────────────────────────────────────
  Tokens: prompt=20231 completion=9 total_session=164417
  Messages: 19 (69,636 chars)
  Tool calls (1):
    [1] done()

  ⏳ Verifying task completion (260s remaining)...
  📋 Verification prompt (3640 chars):
    │ TASK: Crie e envie uma fatura ao cliente Cascata Lda (org. nº 826621389) por 4450 NOK sem IVA. A fatura refere-se a Horas de consultoria.
    │ 
    │ 
    │ ACTION LOG (chronological):
    │ CALL: tripletex_api({"method":"GET","path":"/customer"})
    │ status=ok
    │ CALL: tripletex_api({"method":"GET","path":"/ledger/vatType"})
    │ CALL: tripletex_api({"method":"POST","path":"/product"})
    │ status=400
    │ CALL: tripletex_api({"method":"POST","path":"/product","body":{"name":"Horas de consultoria","priceExcludingVatCurrency":4450,"vatType":{"id":5}}})
    │ status=ok id=84418670 name=Horas de consultoria priceExcludingVatCurrency=4450 priceIncludingVatCurrency=4450.0
    │ CALL: tripletex_api({"method":"POST","path":"/order","body":{"customer":{"id":108322512},"orderDate":"2026-03-21","deliveryDate":"2026-03-21"}})
    │ status=ok id=402028876
    │ CALL: tripletex_api({"method":"POST","path":"/order/orderline","body":{"order":{"id":402028876},"product":{"id":84418670},"count":1}})
    │ status=ok id=1607567336 count=1.0
    │ CALL: tripletex_api({"method":"POST","path":"/invoice","body":{"invoiceDate":"2026-03-21","invoiceDueDate":"2026-04-04","orders":[{"id":402028876}]}})
    │ status=ok id=2147626758 amount=4450.0 amountCurrency=4450.0 invoiceNumber=1
    │ CALL: tripletex_api({"method":"PUT","path":"/invoice/2147626758/:send","params":{"sendType":"EMAIL"}})
    │ status=ok
    │ CALL: done({})
    │ 
    │ You are an accounting verification agent. Based ONLY on the action log above, check:
    │ 1. MATH: All amounts, percentages, VAT calculations correct? (e.g. if task says 50% of 274950, invoice total incl VAT must be 137475)
    │ 2. COMPLETENESS: Were all steps in the task done? Look at the CALL entries — if the action log shows the step was performed with status=ok, it WAS done. Do NOT say a step is missing if you can see it in the log!
    │ IMPORTANT: 'Fakturer'/'Invoice' just means create an invoice — do NOT require sending unless the task explicitly says send/sende/enviar/envoyer/senden!
    │ 3. DATA: Names, org numbers, dates match the task?
    │ 4. AMOUNTS: If any created entity shows amount=0 or totalAmount=0 in the response, that is WRONG — the postings failed silently. EXCEPTION: Supplier invoice (supplierInvoice) responses normally show amount=0 — this is OK.
    │ 5. BUDGET vs INVOICE: NEVER flag a mismatch between project budget and invoice total. For fixed-price projects the invoice excl. VAT matches the fixedprice — this is CORRECT. For other projects, invoice is based on actual work/costs. Either way, do NOT fail on budget vs invoice differences.
    │ 6. PAYMENT AMOUNTS: Invoice payments and reversals use the FULL amount INCLUDING VAT, not excl. VAT. If the task says 'X NOK excl. VAT', the correct payment/reversal amount is X × 1.25 (Norwegian 25% VAT). Do NOT flag a mismatch between excl. VAT amounts in the task and incl. VAT payment amounts.
    │ 7. VAT BREAKDOWN: If the total invoice amount matches the expected sum, do NOT fail on 'VAT breakdown not reflected' or similar vague VAT concerns. Only fail if a specific line item has the WRONG VAT rate applied.
    │ 
    │ CRITICAL: Be CONSERVATIVE. When in doubt, say PASS.
    │ Only say FAIL for CLEAR, OBJECTIVE, SPECIFIC errors (wrong math, completely missing step, wrong name).
    │ Do NOT say FAIL for: vague concerns, 'might be wrong', uncertain issues, minor stylistic differences, or steps you cannot confirm from the log (absence of evidence is NOT evidence of absence).
    │ A false FAIL causes MORE damage than a missed error. When uncertain, ALWAYS say PASS.
    │ If the action log shows all main steps completed with status=ok, say PASS.
    │ 
    │ Reply ONLY with either:
    │ - 'PASS' if everything looks correct or you are unsure
    │ - 'FAIL: <specific issue>' ONLY if there is an obvious, objective error
  🔍 Verification (964 tokens): PASS

  ✓ DONE — 9 iterations, 164417 tokens, 30.5s

======================================================================
  TASK COMPLETE — total 30.9s
======================================================================

