
======================================================================
  NEW TASK RECEIVED
  Version: unknown
======================================================================
  Prompt: Créez une facture pour le client Étoile SARL (nº org. 935438500) avec trois lignes de produit : Stockage cloud (8679) à 13200 NOK avec 25 % TVA, Développement système (5934) à 1900 NOK avec 15 % TVA (alimentaire), et Session de formation (8942) à 14800 NOK avec 0 % TVA (exonéré).
  Files:  0
  URL:    https://tx-proxy-jwanbnu3pq-lz.a.run.app/v2
──────────────────────────────────────────────────────────────────────
  [pre] Invoice/credit/payment task detected — ensuring bank account...
    ┌─ API GET /invoice/settings
    └─ 200 OK (0.4s) id=978164
    ┌─ API GET /ledger/account
    │  params: {"isBankAccount": "true", "count": 10}
    └─ 200 OK (0.3s) [2 items]
  [bank] found account 1920 id=481488592 v=0
    ┌─ API PUT /ledger/account/481488592
    │  body:   {"id": 481488592, "version": 0, "number": 1920, "name": "Bankinnskudd", "bankAccountNumber": "15030100112"}
    └─ 200 OK (0.4s) id=481488592 name=Bankinnskudd
  [bank] bank account set OK
  [pre] Bank account setup: OK

──────────────────────────────────────────────────
  ITERATION 1/25
──────────────────────────────────────────────────
  Tokens: prompt=17192 completion=21 total_session=17213
  Messages: 3 (64,473 chars)
  Tool calls (1):
    [1] tripletex_api({"method":"GET","path":"/customer"})
    ┌─ API GET /customer
    └─ 200 OK (0.4s) [1 items]
    │  response: {"fullResultSize": 1, "from": 0, "count": 1, "versionDigest": "'If-None-Match' header not specified", "values": [{"id": 108478667, "version": 1, "url": "kkpqfuj-amager.tripletex.dev/v2/customer/108478667", "name": "Étoile SARL", "organizationNumber": "935438500", "globalLocationNumber": 0, "supplierNumber": 0, "customerNumber": 10001, "isSupplier": false, "isCustomer": true, "isInactive": false, "accountManager": null, "department": null, "email": "", "invoiceEmail": "", "overdueNoticeEmail": "", "phoneNumber": "", "phoneNumberMobile": "", "description": "", "language": "NO", "displayName": "Étoile SARL (10001)", "isPrivateIndividual": false, "singleCustomerInvoice": false, "invoiceSendMethod": "EMAIL", "emailAttachmentType": "ATTACHMENT", "postalAddress": {"id": 405804288, "url": "kkpqfuj-amager.tripletex.dev/v2/address/405804288"}, "physicalAddress": {"id": 405804287, "url": "kkpqfuj-amager.tripletex.dev/v2/address/405804287"}, "deliveryAddress": null, "category1": null, "category2": null, "category3": null, "invoicesDueIn": 14, "invoicesDueInType": "DAYS", "currency": {"id": 1, "url": "kkpqfuj-amager.tripletex.dev/v2/currency/1"}, "bankAccountPresentation": [], "ledgerAccount": {"id": 481488536, "url": "kkpqfuj-amager.tripletex.dev/v2/ledger/account/481488536"}, "isFactoring": false, "invoiceSendSMSNotification": false, "invoiceSMSNotificationNumber": "", "isAutomaticSoftReminderEnabled": false, "isAutomaticReminderEnabled": false, "isAutomaticNoticeOfDebtCollectionEnabled…
  Iteration 1 took 1.1s

──────────────────────────────────────────────────
  ITERATION 2/25
──────────────────────────────────────────────────
  [github] Log pushed: 20260322_002554_1389_task_ok_6iter_erstellen_sie_eine.log (attempt 1)
  Tokens: prompt=17700 completion=21 total_session=34934
  Messages: 5 (66,026 chars)
  Tool calls (1):
    [1] tripletex_api({"method":"GET","path":"/product"})
    ┌─ API GET /product
    └─ 200 OK (0.5s) [3 items]
    │  response: {"fullResultSize": 3, "from": 0, "count": 3, "versionDigest": "'If-None-Match' header not specified", "values": [{"id": 84426247, "version": 0, "url": "kkpqfuj-amager.tripletex.dev/v2/product/84426247", "name": "Stockage cloud", "number": "8679", "displayNumber": "8679", "description": "", "orderLineDescription": "", "costExcludingVatCurrency": 0, "costPrice": 0, "priceExcludingVatCurrency": 13200.0, "priceIncludingVatCurrency": 16500.0, "isInactive": false, "productUnit": null, "incomingStock": 0, "outgoingStock": 0, "vatType": {"id": 3, "url": "kkpqfuj-amager.tripletex.dev/v2/ledger/vatType/3"}, "currency": {"id": 1, "url": "kkpqfuj-amager.tripletex.dev/v2/currency/1"}, "department": null, "account": null, "supplier": null, "resaleProduct": null, "isDeletable": false, "hasSupplierProductConnected": false, "image": null, "displayName": "8679 Stockage cloud", "mainSupplierProduct": null, "isRoundPriceIncVat": false, "priceInTargetCurrency": 0, "purchasePriceCurrency": 0}, {"id": 84426248, "version": 0, "url": "kkpqfuj-amager.tripletex.dev/v2/product/84426248", "name": "Développement système", "number": "5934", "displayNumber": "5934", "description": "", "orderLineDescription": "", "costExcludingVatCurrency": 0, "costPrice": 0, "priceExcludingVatCurrency": 1900.0, "priceIncludingVatCurrency": 2185.0, "isInactive": false, "productUnit": null, "incomingStock": 0, "outgoingStock": 0, "vatType": {"id": 31, "url": "kkpqfuj-amager.tripletex.dev/v2/ledger/vatType/31"}, "currency": {"…
  Iteration 2 took 1.3s

──────────────────────────────────────────────────
  ITERATION 3/25
──────────────────────────────────────────────────
  Tokens: prompt=18637 completion=51 total_session=53622
  Messages: 7 (68,787 chars)
  Tool calls (1):
    [1] tripletex_api({"method":"POST","path":"/order","body":{"customer":{"id":108478667},"orderDate":"2026-03-22","deliveryDate":"2026-03-22"}})
    ┌─ API POST /order
    │  body:   {"customer": {"id": 108478667}, "orderDate": "2026-03-22", "deliveryDate": "2026-03-22"}
    └─ 201 OK (0.4s) id=402051046
    │  response: {"value": {"id": 402051046, "version": 0, "url": "kkpqfuj-amager.tripletex.dev/v2/order/402051046", "customer": {"id": 108478667, "url": "kkpqfuj-amager.tripletex.dev/v2/customer/108478667"}, "contact": null, "attn": null, "displayName": "1 Ordre", "receiverEmail": "", "overdueNoticeEmail": "", "number": "1", "reference": "", "department": null, "orderDate": "2026-03-22", "project": null, "invoiceComment": "", "currency": {"id": 1, "url": "kkpqfuj-amager.tripletex.dev/v2/currency/1"}, "invoicesDueIn": 14, "invoicesDueInType": "DAYS", "isShowOpenPostsOnInvoices": false, "isClosed": false, "deliveryDate": "2026-03-22", "deliveryAddress": null, "deliveryComment": "", "isPrioritizeAmountsIncludingVat": false, "orderLineSorting": "PRODUCT", "orderGroups": [], "orderLines": [], "isSubscription": false, "subscriptionDuration": 0, "subscriptionDurationType": "MONTHS", "subscriptionPeriodsOnInvoice": 0, "subscriptionPeriodsOnInvoiceType": "MONTHS", "subscriptionInvoicingTimeInAdvanceOrArrears": "ADVANCE", "subscriptionInvoicingTime": 0, "subscriptionInvoicingTimeType": "MONTHS", "isSubscriptionAutoInvoicing": false, "preliminaryInvoice": {"id": 2147658153, "url": "kkpqfuj-amager.tripletex.dev/v2/invoice/2147658153"}, "attachment": [], "sendMethodDescription": "Faktura må sendes manuelt.", "invoiceOnAccountVatHigh": false, "totalInvoicedOnAccountAmountAbsoluteCurrency": 0.0, "invoiceSendSMSNotification": false, "invoiceSMSNotificationNumber": "", "markUpOrderLines": 0, "discountPercent…
  Iteration 3 took 1.2s

──────────────────────────────────────────────────
  ITERATION 4/25
──────────────────────────────────────────────────
  Tokens: prompt=19194 completion=45 total_session=72861
  Messages: 9 (70,418 chars)
  Tool calls (1):
    [1] tripletex_api({"method":"POST","path":"/order/orderline","body":{"order":{"id":402051046},"product":{"id":84426247},"count":1}})
    ┌─ API POST /order/orderline
    │  body:   {"order": {"id": 402051046}, "product": {"id": 84426247}, "count": 1}
    └─ 201 OK (0.4s) id=1607587811
    │  response: {"value": {"id": 1607587811, "version": 1, "url": "kkpqfuj-amager.tripletex.dev/v2/order/orderline/1607587811", "product": {"id": 84426247, "url": "kkpqfuj-amager.tripletex.dev/v2/product/84426247"}, "inventory": null, "description": "", "displayName": "8679 Stockage cloud", "count": 1.0, "unitCostCurrency": 0.0, "unitPriceExcludingVatCurrency": 13200.0, "currency": {"id": 1, "url": "kkpqfuj-amager.tripletex.dev/v2/currency/1"}, "markup": 0.0, "discount": 0.0, "vatType": {"id": 3, "url": "kkpqfuj-amager.tripletex.dev/v2/ledger/vatType/3"}, "amountExcludingVatCurrency": 13200.0, "amountIncludingVatCurrency": 16500.0, "vendor": null, "order": {"id": 402051046, "url": "kkpqfuj-amager.tripletex.dev/v2/order/402051046"}, "unitPriceIncludingVatCurrency": 16500.0, "isSubscription": false, "subscriptionPeriodStart": null, "subscriptionPeriodEnd": null, "orderGroup": null, "sortIndex": 0, "isPicked": false, "pickedDate": null, "orderedQuantity": 0, "isCharged": false}}
  Iteration 4 took 1.2s

──────────────────────────────────────────────────
  ITERATION 5/25
──────────────────────────────────────────────────
  Tokens: prompt=19592 completion=45 total_session=92498
  Messages: 11 (71,392 chars)
  Tool calls (1):
    [1] tripletex_api({"method":"POST","path":"/order/orderline","body":{"order":{"id":402051046},"product":{"id":84426248},"count":1}})
    ┌─ API POST /order/orderline
    │  body:   {"order": {"id": 402051046}, "product": {"id": 84426248}, "count": 1}
    └─ 201 OK (0.4s) id=1607587814
    │  response: {"value": {"id": 1607587814, "version": 1, "url": "kkpqfuj-amager.tripletex.dev/v2/order/orderline/1607587814", "product": {"id": 84426248, "url": "kkpqfuj-amager.tripletex.dev/v2/product/84426248"}, "inventory": null, "description": "", "displayName": "5934 Développement système", "count": 1.0, "unitCostCurrency": 0.0, "unitPriceExcludingVatCurrency": 1900.0, "currency": {"id": 1, "url": "kkpqfuj-amager.tripletex.dev/v2/currency/1"}, "markup": 0.0, "discount": 0.0, "vatType": {"id": 31, "url": "kkpqfuj-amager.tripletex.dev/v2/ledger/vatType/31"}, "amountExcludingVatCurrency": 1900.0, "amountIncludingVatCurrency": 2185.0, "vendor": null, "order": {"id": 402051046, "url": "kkpqfuj-amager.tripletex.dev/v2/order/402051046"}, "unitPriceIncludingVatCurrency": 2185.0, "isSubscription": false, "subscriptionPeriodStart": null, "subscriptionPeriodEnd": null, "orderGroup": null, "sortIndex": 0, "isPicked": false, "pickedDate": null, "orderedQuantity": 0, "isCharged": false}}
  Iteration 5 took 1.3s

──────────────────────────────────────────────────
  ITERATION 6/25
──────────────────────────────────────────────────
  Tokens: prompt=19990 completion=45 total_session=112533
  Messages: 13 (72,371 chars)
  Tool calls (1):
    [1] tripletex_api({"method":"POST","path":"/order/orderline","body":{"order":{"id":402051046},"product":{"id":84426249},"count":1}})
    ┌─ API POST /order/orderline
    │  body:   {"order": {"id": 402051046}, "product": {"id": 84426249}, "count": 1}
    └─ 201 OK (0.3s) id=1607587817
    │  response: {"value": {"id": 1607587817, "version": 1, "url": "kkpqfuj-amager.tripletex.dev/v2/order/orderline/1607587817", "product": {"id": 84426249, "url": "kkpqfuj-amager.tripletex.dev/v2/product/84426249"}, "inventory": null, "description": "", "displayName": "8942 Session de formation", "count": 1.0, "unitCostCurrency": 0.0, "unitPriceExcludingVatCurrency": 14800.0, "currency": {"id": 1, "url": "kkpqfuj-amager.tripletex.dev/v2/currency/1"}, "markup": 0.0, "discount": 0.0, "vatType": {"id": 6, "url": "kkpqfuj-amager.tripletex.dev/v2/ledger/vatType/6"}, "amountExcludingVatCurrency": 14800.0, "amountIncludingVatCurrency": 14800.0, "vendor": null, "order": {"id": 402051046, "url": "kkpqfuj-amager.tripletex.dev/v2/order/402051046"}, "unitPriceIncludingVatCurrency": 14800.0, "isSubscription": false, "subscriptionPeriodStart": null, "subscriptionPeriodEnd": null, "orderGroup": null, "sortIndex": 0, "isPicked": false, "pickedDate": null, "orderedQuantity": 0, "isCharged": false}}
  Iteration 6 took 1.2s

──────────────────────────────────────────────────
  ITERATION 7/25
──────────────────────────────────────────────────
  Tokens: prompt=20388 completion=54 total_session=132975
  Messages: 15 (73,351 chars)
  Tool calls (1):
    [1] tripletex_api({"method":"POST","path":"/invoice","body":{"invoiceDate":"2026-03-22","invoiceDueDate":"2026-04-05","orders":[{"id":402051046}]}})
    ┌─ API POST /invoice
    │  body:   {"invoiceDate": "2026-03-22", "invoiceDueDate": "2026-04-05", "orders": [{"id": 402051046}]}
    └─ 201 OK (0.6s) id=2147658168
    │  response: {"value": {"id": 2147658168, "version": 3, "url": "kkpqfuj-amager.tripletex.dev/v2/invoice/2147658168", "invoiceNumber": 1, "invoiceDate": "2026-03-22", "customer": {"id": 108478667, "url": "kkpqfuj-amager.tripletex.dev/v2/customer/108478667"}, "creditedInvoice": 0, "isCredited": false, "invoiceDueDate": "2026-04-05", "kid": "", "invoiceComment": "", "comment": "", "orders": [{"id": 402051046, "url": "kkpqfuj-amager.tripletex.dev/v2/order/402051046"}], "orderLines": [{"id": 1607587814, "url": "kkpqfuj-amager.tripletex.dev/v2/order/orderline/1607587814"}, {"id": 1607587811, "url": "kkpqfuj-amager.tripletex.dev/v2/order/orderline/1607587811"}, {"id": 1607587817, "url": "kkpqfuj-amager.tripletex.dev/v2/order/orderline/1607587817"}], "travelReports": [], "projectInvoiceDetails": [{"id": 1965806123, "url": "kkpqfuj-amager.tripletex.dev/v2/invoice/details/1965806123"}], "voucher": {"id": 609240159, "url": "kkpqfuj-amager.tripletex.dev/v2/ledger/voucher/609240159"}, "deliveryDate": "2026-03-22", "amount": 33485.0, "amountCurrency": 33485.0, "amountExcludingVat": 29900.0, "amountExcludingVatCurrency": 29900.0, "amountRoundoff": 0, "amountRoundoffCurrency": 0, "amountOutstanding": 33485.0, "amountCurrencyOutstanding": 33485.0, "amountOutstandingTotal": 33485.0, "amountCurrencyOutstandingTotal": 33485.0, "sumRemits": 0, "currency": {"id": 1, "url": "kkpqfuj-amager.tripletex.dev/v2/currency/1"}, "isCreditNote": false, "isCharged": true, "isApproved": false, "postings": [{"id": 384604003…
  Iteration 7 took 1.7s

──────────────────────────────────────────────────
  ITERATION 8/25
──────────────────────────────────────────────────
  Tokens: prompt=21057 completion=9 total_session=154041
  Messages: 17 (75,045 chars)
  Tool calls (1):
    [1] done()

  ⏳ Verifying task completion (279s remaining)...
  📋 Verification prompt (3691 chars):
    │ TASK: Créez une facture pour le client Étoile SARL (nº org. 935438500) avec trois lignes de produit : Stockage cloud (8679) à 13200 NOK avec 25 % TVA, Développement système (5934) à 1900 NOK avec 15 % TVA (alimentaire), et Session de formation (8942) à 14800 NOK avec 0 % TVA (exonéré).
    │ 
    │ 
    │ ACTION LOG (chronological):
    │ CALL: tripletex_api({"method":"GET","path":"/customer"})
    │ status=ok
    │ CALL: tripletex_api({"method":"GET","path":"/product"})
    │ status=ok
    │ CALL: tripletex_api({"method":"POST","path":"/order","body":{"customer":{"id":108478667},"orderDate":"2026-03-22","deliveryDate":"2026-03-22"}})
    │ status=ok id=402051046
    │ CALL: tripletex_api({"method":"POST","path":"/order/orderline","body":{"order":{"id":402051046},"product":{"id":84426247},"count":1}})
    │ status=ok id=1607587811 count=1.0
    │ CALL: tripletex_api({"method":"POST","path":"/order/orderline","body":{"order":{"id":402051046},"product":{"id":84426248},"count":1}})
    │ status=ok id=1607587814 count=1.0
    │ CALL: tripletex_api({"method":"POST","path":"/order/orderline","body":{"order":{"id":402051046},"product":{"id":84426249},"count":1}})
    │ status=ok id=1607587817 count=1.0
    │ CALL: tripletex_api({"method":"POST","path":"/invoice","body":{"invoiceDate":"2026-03-22","invoiceDueDate":"2026-04-05","orders":[{"id":402051046}]}})
    │ status=ok id=2147658168 amount=33485.0 amountCurrency=33485.0 invoiceNumber=1
    │ CALL: done({})
    │ 
    │ You are an accounting verification agent. Based ONLY on the action log above, check:
    │ 1. MATH: All amounts, percentages, VAT calculations correct? (e.g. if task says 50% of 274950, invoice total incl VAT must be 137475)
    │ 2. COMPLETENESS: Were all steps in the task done? Look at the CALL entries — if the action log shows the step was performed with status=ok, it WAS done. Do NOT say a step is missing if you can see it in the log!
    │ IMPORTANT: 'Fakturer'/'Invoice' just means create an invoice — do NOT require sending unless the task explicitly says send/sende/enviar/envoyer/senden!
    │ 3. DATA: Names, org numbers, dates match the task?
    │ 4. AMOUNTS: If any created entity shows amount=0 or totalAmount=0 in the response, that is WRONG — the postings failed silently. EXCEPTION: Supplier invoice (supplierInvoice) responses normally show amount=0 — this is OK.
    │ 5. BUDGET vs INVOICE: NEVER flag a mismatch between project budget and invoice total. For fixed-price projects the invoice excl. VAT matches the fixedprice — this is CORRECT. For other projects, invoice is based on actual work/costs. Either way, do NOT fail on budget vs invoice differences.
    │ 6. PAYMENT AMOUNTS: Invoice payments and reversals use the FULL amount INCLUDING VAT, not excl. VAT. If the task says 'X NOK excl. VAT', the correct payment/reversal amount is X × 1.25 (Norwegian 25% VAT). Do NOT flag a mismatch between excl. VAT amounts in the task and incl. VAT payment amounts.
    │ 7. VAT BREAKDOWN: If the total invoice amount matches the expected sum, do NOT fail on 'VAT breakdown not reflected' or similar vague VAT concerns. Only fail if a specific line item has the WRONG VAT rate applied.
    │ 
    │ CRITICAL: Be CONSERVATIVE. When in doubt, say PASS.
    │ Only say FAIL for CLEAR, OBJECTIVE, SPECIFIC errors (wrong math, completely missing step, wrong name).
    │ Do NOT say FAIL for: vague concerns, 'might be wrong', uncertain issues, minor stylistic differences, or steps you cannot confirm from the log (absence of evidence is NOT evidence of absence).
    │ A false FAIL causes MORE damage than a missed error. When uncertain, ALWAYS say PASS.
    │ If the action log shows all main steps completed with status=ok, say PASS.
    │ 
    │ Reply ONLY with either:
    │ - 'PASS' if everything looks correct or you are unsure
    │ - 'FAIL: <specific issue>' ONLY if there is an obvious, objective error
  🔍 Verification (995 tokens): PASS

  ✓ DONE — 8 iterations, 154041 tokens, 10.7s

======================================================================
  TASK COMPLETE — total 11.3s
======================================================================

