
======================================================================
  NEW TASK RECEIVED
  Version: unknown
======================================================================
  Prompt: We have received invoice INV-2026-3063 from the supplier Oakwood Ltd (org no. 888445676) for 9100 NOK including VAT. The amount relates to office services (account 7300). Register the supplier invoice with the correct input VAT (25%).
  Files:  0
  URL:    https://tx-proxy-jwanbnu3pq-lz.a.run.app/v2
──────────────────────────────────────────────────────────────────────
  [pre] Invoice/credit/payment task detected — ensuring bank account...
    ┌─ API GET /invoice/settings
    └─ 200 OK (1.5s) id=774993
    ┌─ API GET /ledger/account
    │  params: {"isBankAccount": "true", "count": 10}
    └─ 200 OK (1.4s) [2 items]
  [bank] found account 1920 id=374125598 v=0
    ┌─ API PUT /ledger/account/374125598
    │  body:   {"id": 374125598, "version": 0, "number": 1920, "name": "Bankinnskudd", "bankAccountNumber": "15030100112"}
    └─ 200 OK (1.7s) id=374125598 name=Bankinnskudd
  [bank] bank account set OK
  [pre] Bank account setup: OK

──────────────────────────────────────────────────
  ITERATION 1/25
──────────────────────────────────────────────────
  Tokens: prompt=14675 completion=21 total_session=14696
  Messages: 3 (54,965 chars)
  Tool calls (1):
    [1] tripletex_api({"method":"GET","path":"/supplier"})
    ┌─ API GET /supplier
    └─ 200 OK (2.0s) [1 items]
    │  response: {"fullResultSize": 1, "from": 0, "count": 1, "versionDigest": "'If-None-Match' header not specified", "values": [{"id": 108324038, "version": 1, "url": "kkpqfuj-amager.tripletex.dev/v2/supplier/108324038", "name": "Oakwood Ltd", "organizationNumber": "888445676", "supplierNumber": 20001, "customerNumber": 0, "isSupplier": true, "isCustomer": false, "isInactive": false, "email": "", "invoiceEmail": "", "overdueNoticeEmail": "", "phoneNumber": "", "phoneNumberMobile": "", "description": "", "isPrivateIndividual": false, "showProducts": false, "accountManager": null, "postalAddress": {"id": 405498571, "url": "kkpqfuj-amager.tripletex.dev/v2/address/405498571"}, "physicalAddress": {"id": 405498570, "url": "kkpqfuj-amager.tripletex.dev/v2/address/405498570"}, "deliveryAddress": null, "category1": null, "category2": null, "category3": null, "bankAccountPresentation": [], "currency": {"id": 1, "url": "kkpqfuj-amager.tripletex.dev/v2/currency/1"}, "ledgerAccount": {"id": 374125657, "url": "kkpqfuj-amager.tripletex.dev/v2/ledger/account/374125657"}, "language": "NO", "isWholesaler": false, "displayName": "Oakwood Ltd (20001)", "locale": "no_NO", "website": ""}]}
  Iteration 1 took 3.4s

──────────────────────────────────────────────────
  ITERATION 2/25
──────────────────────────────────────────────────
  Tokens: prompt=15084 completion=24 total_session=29804
  Messages: 5 (56,136 chars)
  Tool calls (1):
    [1] tripletex_api({"method":"GET","path":"/ledger/vatType"})
    ┌─ API GET /ledger/vatType
    └─ 200 OK (1.8s) [56 items]
    │  response: {"fullResultSize": 56, "from": 0, "count": 56, "versionDigest": "'If-None-Match' header not specified", "values": [{"id": 1, "version": 0, "url": "kkpqfuj-amager.tripletex.dev/v2/ledger/vatType/1", "name": "Fradrag inngående avgift, høy sats", "number": "1", "displayName": "1: (25%) Fradrag inngående avgift, høy sats", "percentage": 25, "deductionPercentage": 100.0, "parentType": {"id": 0, "url": "kkpqfuj-amager.tripletex.dev/v2/ledger/vatType/0"}}, {"id": 2, "version": 0, "url": "kkpqfuj-amager.tripletex.dev/v2/ledger/vatType/2", "name": "Direktepostert fradrag inngående avgift, høy sats (mva-kode utgikk 01.01.2017)", "number": "UT-2", "displayName": "UT-2: (100%) Direktepostert fradrag inngående avgift, høy sats (mva-kode utgikk 01.01.2017)", "percentage": 100.0, "deductionPercentage": 100.0, "parentType": {"id": 0, "url": "kkpqfuj-amager.tripletex.dev/v2/ledger/vatType/0"}}, {"id": 3, "version": 0, "url": "kkpqfuj-amager.tripletex.dev/v2/ledger/vatType/3", "name": "Utgående avgift, høy sats", "number": "3", "displayName": "3: (25%) Utgående avgift, høy sats", "percentage": 25, "deductionPercentage": 100.0, "parentType": {"id": 0, "url": "kkpqfuj-amager.tripletex.dev/v2/ledger/vatType/0"}}, {"id": 4, "version": 0, "url": "kkpqfuj-amager.tripletex.dev/v2/ledger/vatType/4", "name": "Direktepostert utgående avgift, høy sats", "number": "4", "displayName": "4: (100%) Direktepostert utgående avgift, høy sats", "percentage": 100.0, "deductionPercentage": 100.0, "parentType": {"id…
  Iteration 2 took 2.7s

──────────────────────────────────────────────────
  ITERATION 3/25
──────────────────────────────────────────────────
  Tokens: prompt=18115 completion=29 total_session=47948
  Messages: 7 (64,150 chars)
  Tool calls (1):
    [1] tripletex_api({"method":"GET","path":"/ledger/account","params":{"number":"7300"}})
    ┌─ API GET /ledger/account
    │  params: {"number": "7300"}
    └─ 200 OK (1.6s) [1 items]
    │  response: {"fullResultSize": 1, "from": 0, "count": 1, "versionDigest": "'If-None-Match' header not specified", "values": [{"id": 374125907, "version": 0, "url": "kkpqfuj-amager.tripletex.dev/v2/ledger/account/374125907", "number": 7300, "numberPretty": "7300", "name": "Salgskostnad", "description": "", "type": "OPERATING_EXPENSES", "legalVatTypes": [{"id": 0, "url": "kkpqfuj-amager.tripletex.dev/v2/ledger/vatType/0"}, {"id": 1, "url": "kkpqfuj-amager.tripletex.dev/v2/ledger/vatType/1"}, {"id": 11, "url": "kkpqfuj-amager.tripletex.dev/v2/ledger/vatType/11"}, {"id": 12, "url": "kkpqfuj-amager.tripletex.dev/v2/ledger/vatType/12"}, {"id": 230, "url": "kkpqfuj-amager.tripletex.dev/v2/ledger/vatType/230"}, {"id": 13, "url": "kkpqfuj-amager.tripletex.dev/v2/ledger/vatType/13"}, {"id": 14, "url": "kkpqfuj-amager.tripletex.dev/v2/ledger/vatType/14"}, {"id": 34, "url": "kkpqfuj-amager.tripletex.dev/v2/ledger/vatType/34"}, {"id": 35, "url": "kkpqfuj-amager.tripletex.dev/v2/ledger/vatType/35"}, {"id": 559, "url": "kkpqfuj-amager.tripletex.dev/v2/ledger/vatType/559"}, {"id": 550, "url": "kkpqfuj-amager.tripletex.dev/v2/ledger/vatType/550"}, {"id": 551, "url": "kkpqfuj-amager.tripletex.dev/v2/ledger/vatType/551"}, {"id": 553, "url": "kkpqfuj-amager.tripletex.dev/v2/ledger/vatType/553"}, {"id": 560, "url": "kkpqfuj-amager.tripletex.dev/v2/ledger/vatType/560"}], "ledgerType": "GENERAL", "balanceGroup": "Ikke i en saldogruppe.", "vatType": {"id": 1, "url": "kkpqfuj-amager.tripletex.dev/v2/ledger/vatTy…
  Iteration 3 took 2.7s

──────────────────────────────────────────────────
  ITERATION 4/25
──────────────────────────────────────────────────
  Tokens: prompt=18914 completion=29 total_session=66891
  Messages: 9 (66,233 chars)
  Tool calls (1):
    [1] tripletex_api({"method":"GET","path":"/ledger/account","params":{"number":"2400"}})
    ┌─ API GET /ledger/account
    │  params: {"number": "2400"}
    └─ 200 OK (1.6s) [1 items]
    │  response: {"fullResultSize": 1, "from": 0, "count": 1, "versionDigest": "'If-None-Match' header not specified", "values": [{"id": 374125657, "version": 0, "url": "kkpqfuj-amager.tripletex.dev/v2/ledger/account/374125657", "number": 2400, "numberPretty": "2400", "name": "Leverandørgjeld", "description": "", "type": "LIABILITIES", "legalVatTypes": [{"id": 0, "url": "kkpqfuj-amager.tripletex.dev/v2/ledger/vatType/0"}], "ledgerType": "VENDOR", "balanceGroup": "Ikke i en saldogruppe.", "vatType": {"id": 0, "url": "kkpqfuj-amager.tripletex.dev/v2/ledger/vatType/0"}, "vatLocked": true, "currency": null, "isCloseable": true, "isApplicableForSupplierInvoice": true, "requireReconciliation": false, "isInactive": false, "isBankAccount": false, "isInvoiceAccount": false, "bankAccountNumber": "", "bankAccountCountry": null, "bankName": "", "bankAccountIBAN": "", "bankAccountSWIFT": "", "saftCode": "24", "groupingCode": "2400", "displayName": "2400 Leverandørgjeld", "requiresDepartment": false, "requiresProject": false, "invoicingDepartment": null, "isPostingsExist": false, "quantityType1": null, "quantityType2": null, "department": null}]}
  Iteration 4 took 2.4s

──────────────────────────────────────────────────
  ITERATION 5/25
──────────────────────────────────────────────────
  Tokens: prompt=19322 completion=22 total_session=86235
  Messages: 11 (67,366 chars)
  Tool calls (1):
    [1] tripletex_api({"method":"POST","path":"/supplierInvoice"})
    │  [fix] blocked POST without body: /supplierInvoice
  Iteration 5 took 1.2s

──────────────────────────────────────────────────
  ITERATION 6/25
──────────────────────────────────────────────────
  Tokens: prompt=19412 completion=184 total_session=105831
  Messages: 13 (67,590 chars)
  Tool calls (1):
    [1] tripletex_api({"method":"POST","path":"/supplierInvoice","body":{"invoiceNumber":"INV-2026-3063","invoiceDate":"2026-03-21","invoiceDueDate":"2026-04-20","supplier":{"id":108324038},"voucher":{"date":"2026-03-21","description":"Supplier invoice INV-2026-3063 from Oakwood Ltd","postings":[{"row":1,"date":"2026-03-21","amountGross":9100,"amountGrossCurrency":9100,"account":{"id":374125907},"vatType":{"id":1}},{"row":2,"date":"2026-03-21","amountGross":-9100,"amountGrossCurrency":-9100,"account":{"id":374125657},"supplier":{"id":108324038}}]}}})
    ┌─ API POST /supplierInvoice
    │  body:   {"invoiceNumber": "INV-2026-3063", "invoiceDate": "2026-03-21", "invoiceDueDate": "2026-04-20", "supplier": {"id": 108324038}, "voucher": {"date": "2026-03-21", "description": "Supplier invoice INV-2026-3063 from Oakwood Ltd", "postings": [{"row": 1, "date": "2026-03-21", "amountGross": 9100, "amountGrossCurrency": 9100, "account": {"id": 374125907}, "vatType": {"id": 1}}, {"row": 2, "date": "2026-03-21", "amountGross": -9100, "amountGrossCurrency": -9100, "account": {"id": 374125657}, "supplier": {"id": 108324038}}]}}
    └─ 201 OK (1.6s) id=2147628505
    │  response: {"value": {"id": 2147628505, "version": 0, "url": "kkpqfuj-amager.tripletex.dev/v2/supplierInvoice/2147628505", "invoiceNumber": "INV-2026-3063", "invoiceDate": "2026-03-21", "supplier": {"id": 108324038, "url": "kkpqfuj-amager.tripletex.dev/v2/supplier/108324038"}, "invoiceDueDate": "2026-04-20", "kidOrReceiverReference": "", "voucher": {"id": 609105092, "url": "kkpqfuj-amager.tripletex.dev/v2/ledger/voucher/609105092"}, "amount": 0, "amountCurrency": 0, "amountExcludingVat": 0, "amountExcludingVatCurrency": 0, "currency": null, "isCreditNote": false, "orderLines": [], "payments": [], "originalInvoiceDocumentId": 0, "approvalListElements": [{"id": 647050778, "url": "kkpqfuj-amager.tripletex.dev/v2/voucherApprovalListElement/647050778"}, {"id": 647050777, "url": "kkpqfuj-amager.tripletex.dev/v2/voucherApprovalListElement/647050777"}], "outstandingAmount": 0.0}}
  Iteration 6 took 3.8s

──────────────────────────────────────────────────
  ITERATION 7/25
──────────────────────────────────────────────────
  Tokens: prompt=19910 completion=9 total_session=125750
  Messages: 15 (68,463 chars)
  Tool calls (1):
    [1] done()

  ⏳ Verifying task completion (268s remaining)...
  📋 Verification prompt (3842 chars):
    │ TASK: We have received invoice INV-2026-3063 from the supplier Oakwood Ltd (org no. 888445676) for 9100 NOK including VAT. The amount relates to office services (account 7300). Register the supplier invoice with the correct input VAT (25%).
    │ 
    │ TASK TYPE: Supplier invoice.
    │ Check these SPECIFIC things:
    │ - Supplier created with correct name and org number?
    │ - Correct expense account used (typically 4000-7999 range, NOT 1000-range asset accounts)?
    │ - Correct input VAT type (inngående MVA, typically vatType 1 for 25%)?
    │ - Invoice amounts NOT zero — if amount=0 or amountCurrency=0 in the response, the postings were WRONG
    │ - Invoice number, date, due date match the PDF/task?
    │ 
    │ ACTION LOG (chronological):
    │ CALL: tripletex_api({"method":"GET","path":"/supplier"})
    │ status=ok
    │ CALL: tripletex_api({"method":"GET","path":"/ledger/vatType"})
    │ CALL: tripletex_api({"method":"GET","path":"/ledger/account","params":{"number":"7300"}})
    │ status=ok
    │ CALL: tripletex_api({"method":"GET","path":"/ledger/account","params":{"number":"2400"}})
    │ status=ok
    │ CALL: tripletex_api({"method":"POST","path":"/supplierInvoice"})
    │ status=400
    │ CALL: tripletex_api({"method":"POST","path":"/supplierInvoice","body":{"invoiceNumber":"INV-2026-3063","invoiceDate":"2026-03-21","invoiceDueDate":"2026-04-20","supplier":{"id":108324038},"voucher":{"date":"2026-03-21","description":"Supplier invoice INV-2026-3063 from Oakwood Ltd","postings":[{"row":1,"date":"2026-03-)
    │ status=ok id=2147628505 amount=0 amountCurrency=0 invoiceNumber=INV-2026-3063
    │ CALL: done({})
    │ 
    │ You are an accounting verification agent. Based ONLY on the action log above, check:
    │ 1. MATH: All amounts, percentages, VAT calculations correct? (e.g. if task says 50% of 274950, invoice total incl VAT must be 137475)
    │ 2. COMPLETENESS: Were all steps in the task done? Look at the CALL entries — if the action log shows the step was performed with status=ok, it WAS done. Do NOT say a step is missing if you can see it in the log!
    │ IMPORTANT: 'Fakturer'/'Invoice' just means create an invoice — do NOT require sending unless the task explicitly says send/sende/enviar/envoyer/senden!
    │ 3. DATA: Names, org numbers, dates match the task?
    │ 4. AMOUNTS: If any created entity shows amount=0 or totalAmount=0 in the response, that is WRONG — the postings failed silently. EXCEPTION: Supplier invoice (supplierInvoice) responses normally show amount=0 — this is OK.
    │ 5. BUDGET vs INVOICE: NEVER flag a mismatch between project budget and invoice total. For fixed-price projects the invoice excl. VAT matches the fixedprice — this is CORRECT. For other projects, invoice is based on actual work/costs. Either way, do NOT fail on budget vs invoice differences.
    │ 6. PAYMENT AMOUNTS: Invoice payments and reversals use the FULL amount INCLUDING VAT, not excl. VAT. If the task says 'X NOK excl. VAT', the correct payment/reversal amount is X × 1.25 (Norwegian 25% VAT). Do NOT flag a mismatch between excl. VAT amounts in the task and incl. VAT payment amounts.
    │ 7. VAT BREAKDOWN: If the total invoice amount matches the expected sum, do NOT fail on 'VAT breakdown not reflected' or similar vague VAT concerns. Only fail if a specific line item has the WRONG VAT rate applied.
    │ 
    │ CRITICAL: Be CONSERVATIVE. When in doubt, say PASS.
    │ Only say FAIL for CLEAR, OBJECTIVE, SPECIFIC errors (wrong math, completely missing step, wrong name).
    │ Do NOT say FAIL for: vague concerns, 'might be wrong', uncertain issues, minor stylistic differences, or steps you cannot confirm from the log (absence of evidence is NOT evidence of absence).
    │ A false FAIL causes MORE damage than a missed error. When uncertain, ALWAYS say PASS.
    │ If the action log shows all main steps completed with status=ok, say PASS.
    │ 
    │ Reply ONLY with either:
    │ - 'PASS' if everything looks correct or you are unsure
    │ - 'FAIL: <specific issue>' ONLY if there is an obvious, objective error
  🔍 Verification (989 tokens): FAIL: Invoice amount is 0, indicating that the postings failed silently.
  ↩ Returning to agent to fix issue
  Iteration 7 took 1.7s

──────────────────────────────────────────────────
  ITERATION 8/25
──────────────────────────────────────────────────
  Tokens: prompt=19965 completion=228 total_session=145943
  GPT says: It seems the invoice was created with an amount of 0, indicating the postings weren't correctly applied. I'll correct this and attempt the voucher creation once more. Let's inspect the response to find what's missing or improperly configured.
  Messages: 17 (68,863 chars)
  Tool calls (1):
    [1] tripletex_api({"method":"POST","path":"/supplierInvoice","body":{"invoiceNumber":"INV-2026-3063","invoiceDate":"2026-03-21","invoiceDueDate":"2026-04-20","supplier":{"id":108324038},"voucher":{"date":"2026-03-21","description":"Supplier invoice INV-2026-3063 from Oakwood Ltd","postings":[{"row":1,"date":"2026-03-21","amountGross":9100,"amountGrossCurrency":9100,"account":{"id":374125907},"vatType":{"id":1}},{"row":2,"date":"2026-03-21","amountGross":-9100,"amountGrossCurrency":-9100,"account":{"id":374125657},"supplier":{"id":108324038}}]}}})
    ┌─ API POST /supplierInvoice
    │  body:   {"invoiceNumber": "INV-2026-3063", "invoiceDate": "2026-03-21", "invoiceDueDate": "2026-04-20", "supplier": {"id": 108324038}, "voucher": {"date": "2026-03-21", "description": "Supplier invoice INV-2026-3063 from Oakwood Ltd", "postings": [{"row": 1, "date": "2026-03-21", "amountGross": 9100, "amountGrossCurrency": 9100, "account": {"id": 374125907}, "vatType": {"id": 1}}, {"row": 2, "date": "2026-03-21", "amountGross": -9100, "amountGrossCurrency": -9100, "account": {"id": 374125657}, "supplier": {"id": 108324038}}]}}
    └─ 201 OK (1.7s) id=2147628524
    │  response: {"value": {"id": 2147628524, "version": 0, "url": "kkpqfuj-amager.tripletex.dev/v2/supplierInvoice/2147628524", "invoiceNumber": "INV-2026-3063", "invoiceDate": "2026-03-21", "supplier": {"id": 108324038, "url": "kkpqfuj-amager.tripletex.dev/v2/supplier/108324038"}, "invoiceDueDate": "2026-04-20", "kidOrReceiverReference": "", "voucher": {"id": 609105123, "url": "kkpqfuj-amager.tripletex.dev/v2/ledger/voucher/609105123"}, "amount": 0, "amountCurrency": 0, "amountExcludingVat": 0, "amountExcludingVatCurrency": 0, "currency": null, "isCreditNote": false, "orderLines": [], "payments": [], "originalInvoiceDocumentId": 0, "approvalListElements": [{"id": 647050816, "url": "kkpqfuj-amager.tripletex.dev/v2/voucherApprovalListElement/647050816"}, {"id": 647050815, "url": "kkpqfuj-amager.tripletex.dev/v2/voucherApprovalListElement/647050815"}], "outstandingAmount": 0.0}}
  Iteration 8 took 4.8s

──────────────────────────────────────────────────
  ITERATION 9/25
──────────────────────────────────────────────────
  Tokens: prompt=20510 completion=181 total_session=166634
  GPT says: It appears that the postings are still not correctly affecting the supplier invoice. Let's investigate the correct configuration for recording the transaction. I'll make another attempt by creating a journal voucher manually to ensure proper debit and credit entries.
  Messages: 19 (70,003 chars)
  Tool calls (1):
    [1] tripletex_api({"method":"POST","path":"/ledger/voucher","body":{"date":"2026-03-21","description":"Supplier invoice INV-2026-3063 from Oakwood Ltd","postings":[{"row":1,"date":"2026-03-21","amount":7280,"amountCurrency":7280,"account":{"id":374125907},"vatType":{"id":1}},{"row":2,"date":"2026-03-21","amount":-9100,"amountCurrency":-9100,"account":{"id":374125657},"supplier":{"id":108324038}}]}})
    │  [reject] 1 rule violation(s):
    │    • [voucher-balance] Voucher postings must sum to zero but sum to -1820. Debit = positive, Credit = negative. Adjust amounts so they balance.
  Iteration 9 took 2.8s

──────────────────────────────────────────────────
  ITERATION 10/25
──────────────────────────────────────────────────
  Tokens: prompt=20802 completion=267 total_session=187703
  GPT says: It seems there was an error in calculating the amounts for the journal voucher. Let me adjust the postings to reflect the correct VAT and balance the voucher correctly. 

We need to ensure the sum of VAT and net values equals 9100 NOK and adjust accordingly:  
- Correct amount excluding VAT is 7280 NOK (9100 / 1.25).
- Correct VAT amount is 1820 NOK (9100 - 7280). 

Let's adjust and retry:
  Messages: 21 (70,788 chars)
  Tool calls (1):
    [1] tripletex_api({"method":"POST","path":"/ledger/voucher","body":{"date":"2026-03-21","description":"Supplier invoice INV-2026-3063 from Oakwood Ltd","postings":[{"row":1,"date":"2026-03-21","amount":7280,"amountCurrency":7280,"account":{"id":374125907},"vatType":{"id":1}},{"row":2,"date":"2026-03-21","amount":1820,"amountCurrency":1820,"account":{"id":374125657}},{"row":3,"date":"2026-03-21","amount":-9100,"amountCurrency":-9100,"account":{"id":374125657},"supplier":{"id":108324038}}]}})
    ┌─ API POST /ledger/voucher
    │  body:   {"date": "2026-03-21", "description": "Supplier invoice INV-2026-3063 from Oakwood Ltd", "postings": [{"row": 1, "date": "2026-03-21", "amount": 7280, "amountCurrency": 7280, "account": {"id": 374125907}, "vatType": {"id": 1}}, {"row": 2, "date": "2026-03-21", "amount": 1820, "amountCurrency": 1820, "account": {"id": 374125657}}, {"row": 3, "date": "2026-03-21", "amount": -9100, "amountCurrency": -9100, "account": {"id": 374125657}, "supplier": {"id": 108324038}}]}
    └─ 422 ERR (1.7s) {"status": 422, "code": 18000, "message": "Validering feilet.", "link": "https://tripletex.no/v2-docs/", "developerMessage": "VALIDATION_ERROR", "validationMessages": [{"field": "postings.supplier.id", "message": "Leverandør mangler.", "path": null, "rootId": null}], "requestId": "05d28422-79e7-4ae1-ade5-58717faffc9c", "_status_code": 422}
    │  response: {"status": 422, "code": 18000, "message": "Validering feilet.", "link": "https://tripletex.no/v2-docs/", "developerMessage": "VALIDATION_ERROR", "validationMessages": [{"field": "postings.supplier.id", "message": "Leverandør mangler.", "path": null, "rootId": null}], "requestId": "05d28422-79e7-4ae1-ade5-58717faffc9c", "_status_code": 422}
  Iteration 10 took 5.5s

──────────────────────────────────────────────────
  ITERATION 11/25
──────────────────────────────────────────────────
  Tokens: prompt=21200 completion=209 total_session=209112
  GPT says: The validation message indicates that the supplier must be specified for the credit posting. I'll correct this by ensuring the supplier is included correctly for each applicable entry.
  Messages: 23 (71,313 chars)
  Tool calls (1):
    [1] tripletex_api({"method":"POST","path":"/ledger/voucher","body":{"date":"2026-03-21","description":"Supplier invoice INV-2026-3063 from Oakwood Ltd","postings":[{"row":1,"date":"2026-03-21","amount":7280,"amountCurrency":7280,"account":{"id":374125907},"vatType":{"id":1}},{"row":2,"date":"2026-03-21","amount":1820,"amountCurrency":1820,"account":{"id":374125907},"vatType":{"id":1}},{"row":3,"date":"2026-03-21","amount":-9100,"amountCurrency":-9100,"account":{"id":374125657},"supplier":{"id":108324038}}]}})
    ┌─ API POST /ledger/voucher
    │  body:   {"date": "2026-03-21", "description": "Supplier invoice INV-2026-3063 from Oakwood Ltd", "postings": [{"row": 1, "date": "2026-03-21", "amount": 7280, "amountCurrency": 7280, "account": {"id": 374125907}, "vatType": {"id": 1}}, {"row": 2, "date": "2026-03-21", "amount": 1820, "amountCurrency": 1820, "account": {"id": 374125907}, "vatType": {"id": 1}}, {"row": 3, "date": "2026-03-21", "amount": -9100, "amountCurrency": -9100, "account": {"id": 374125657}, "supplier": {"id": 108324038}}]}
    └─ 201 OK (2.0s) id=609105252
    │  response: {"value": {"id": 609105252, "version": 5, "url": "kkpqfuj-amager.tripletex.dev/v2/ledger/voucher/609105252", "date": "2026-03-21", "number": 1, "tempNumber": 0, "year": 2026, "description": "Supplier invoice INV-2026-3063 from Oakwood Ltd", "voucherType": null, "reverseVoucher": null, "postings": [{"id": 3845683589, "version": 1, "url": "kkpqfuj-amager.tripletex.dev/v2/ledger/posting/3845683589", "voucher": {"id": 609105252, "url": "kkpqfuj-amager.tripletex.dev/v2/ledger/voucher/609105252"}, "date": "2026-03-21", "description": "Supplier invoice INV-2026-3063 from Oakwood Ltd", "account": {"id": 374125907, "url": "kkpqfuj-amager.tripletex.dev/v2/ledger/account/374125907"}, "amortizationAccount": null, "amortizationStartDate": null, "amortizationEndDate": null, "customer": null, "supplier": null, "employee": null, "project": null, "product": null, "department": null, "vatType": {"id": 1, "url": "kkpqfuj-amager.tripletex.dev/v2/ledger/vatType/1"}, "amount": 0.0, "amountCurrency": 0.0, "amountGross": 0.0, "amountGrossCurrency": 0.0, "currency": {"id": 1, "url": "kkpqfuj-amager.tripletex.dev/v2/currency/1"}, "closeGroup": null, "invoiceNumber": "", "termOfPayment": null, "row": 1, "type": null, "externalRef": "", "systemGenerated": false, "taxTransactionType": "(Ikke valgt)", "taxTransactionTypeId": 0, "matched": false, "quantityAmount1": 0, "quantityType1": null, "quantityAmount2": 0, "quantityType2": null, "isVatReadonly": false, "isAmountVatClosed": false, "postingRuleId": 0, …
  Iteration 11 took 4.9s

──────────────────────────────────────────────────
  ITERATION 12/25
──────────────────────────────────────────────────
  Tokens: prompt=22941 completion=9 total_session=232062
  Messages: 25 (75,842 chars)
  Tool calls (1):
    [1] done()

  ✓ DONE — 12 iterations, 232062 tokens, 41.5s

======================================================================
  TASK COMPLETE — total 41.5s
======================================================================

