
======================================================================
  NEW TASK RECEIVED
  Version: unknown
======================================================================
  Prompt: Crie o cliente Solmar Lda com número de organização 850733651. O endereço é Storgata 108, 7010 Trondheim. E-mail: post@solmar.no.
  Files:  0
  URL:    https://tx-proxy-jwanbnu3pq-lz.a.run.app/v2
──────────────────────────────────────────────────────────────────────

──────────────────────────────────────────────────
  ITERATION 1/25
──────────────────────────────────────────────────
  [gcs] Upload failed: 403 POST https://storage.googleapis.com/upload/storage/v1/b/tripletex-agent-logs/o?uploadType=multipart: {
  "error": {
    "code": 403,
    "message": "52373769937-compute@developer.gserviceaccount.com does not have storage.objects.create access to the Google Cloud Storage object. Permission 'storage.objects.create' denied on resource (or it may not exist).",
    "errors": [
      {
        "message": "52373769937-compute@developer.gserviceaccount.com does not have storage.objects.create access to the Google Cloud Storage object. Permission 'storage.objects.create' denied on resource (or it may not exist).",
        "domain": "global",
        "reason": "forbidden"
      }
    ]
  }
}
: ('Request failed with status code', 403, 'Expected one of', <HTTPStatus.OK: 200>)
  Tokens: prompt=16453 completion=21 total_session=16474
  Messages: 3 (61,717 chars)
  Tool calls (1):
    [1] tripletex_api({"method":"POST","path":"/customer"})
    │  [fix] blocked POST without body: /customer
  Iteration 1 took 1.2s

──────────────────────────────────────────────────
  ITERATION 2/25
──────────────────────────────────────────────────
  [github] Log pushed: 20260321_223100_6147_task_ok_4iter_créez_le_produit.log (attempt 1)
  Tokens: prompt=16540 completion=120 total_session=33134
  Messages: 5 (61,927 chars)
  Tool calls (1):
    [1] tripletex_api({"method":"POST","path":"/customer","body":{"name":"Solmar Lda","isCustomer":true,"organizationNumber":"850733651","email":"post@solmar.no","invoiceEmail":"post@solmar.no","overdueNoticeEmail":"post@solmar.no","physicalAddress":{"addressLine1":"Storgata 108","postalCode":"7010","city":"Trondheim"},"postalAddress":{"addressLine1":"Storgata 108","postalCode":"7010","city":"Trondheim"}}})
    ┌─ API POST /customer
    │  body:   {"name": "Solmar Lda", "isCustomer": true, "organizationNumber": "850733651", "email": "post@solmar.no", "invoiceEmail": "post@solmar.no", "overdueNoticeEmail": "post@solmar.no", "physicalAddress": {"addressLine1": "Storgata 108", "postalCode": "7010", "city": "Trondheim"}, "postalAddress": {"addressLine1": "Storgata 108", "postalCode": "7010", "city": "Trondheim"}}
    └─ 201 OK (3.0s) id=108442814 name=Solmar Lda
    │  response: {"value": {"id": 108442814, "version": 1, "url": "kkpqfuj-amager.tripletex.dev/v2/customer/108442814", "name": "Solmar Lda", "organizationNumber": "850733651", "globalLocationNumber": 0, "supplierNumber": 0, "customerNumber": 10001, "isSupplier": false, "isCustomer": true, "isInactive": false, "accountManager": null, "department": null, "email": "post@solmar.no", "invoiceEmail": "post@solmar.no", "overdueNoticeEmail": "post@solmar.no", "phoneNumber": "", "phoneNumberMobile": "", "description": "", "language": "NO", "displayName": "Solmar Lda (10001)", "isPrivateIndividual": false, "singleCustomerInvoice": false, "invoiceSendMethod": "EMAIL", "emailAttachmentType": "ATTACHMENT", "postalAddress": {"id": 405733250, "version": 0, "url": "kkpqfuj-amager.tripletex.dev/v2/address/405733250", "addressLine1": "Storgata 108", "addressLine2": "", "postalCode": "7010", "city": "Trondheim", "country": {"id": 161, "url": "kkpqfuj-amager.tripletex.dev/v2/country/161"}, "displayName": "Solmar Lda, Storgata 108, 7010 Trondheim, Norge", "addressAsString": "Storgata 108, 7010 Trondheim, Norge", "displayNameInklMatrikkel": "Solmar Lda, Storgata 108, 7010 Trondheim, Norge", "knr": 0, "gnr": 0, "bnr": 0, "fnr": 0, "snr": 0, "unitNumber": ""}, "physicalAddress": {"id": 405733249, "version": 0, "url": "kkpqfuj-amager.tripletex.dev/v2/address/405733249", "addressLine1": "Storgata 108", "addressLine2": "", "postalCode": "7010", "city": "Trondheim", "country": {"id": 161, "url": "kkpqfuj-amager.triplet…
  Iteration 2 took 4.3s

──────────────────────────────────────────────────
  ITERATION 3/25
──────────────────────────────────────────────────
  Tokens: prompt=17485 completion=9 total_session=50628
  Messages: 7 (64,330 chars)
  Tool calls (1):
    [1] done()

  ⏳ Verifying task completion (283s remaining)...
  📋 Verification prompt (2933 chars):
    │ TASK: Crie o cliente Solmar Lda com número de organização 850733651. O endereço é Storgata 108, 7010 Trondheim. E-mail: post@solmar.no.
    │ 
    │ 
    │ ACTION LOG (chronological):
    │ CALL: tripletex_api({"method":"POST","path":"/customer"})
    │ status=400
    │ CALL: tripletex_api({"method":"POST","path":"/customer","body":{"name":"Solmar Lda","isCustomer":true,"organizationNumber":"850733651","email":"post@solmar.no","invoiceEmail":"post@solmar.no","overdueNoticeEmail":"post@solmar.no","physicalAddress":{"addressLine1":"Storgata 108","postalCode":"7010","city":"Trondheim"},")
    │ status=ok id=108442814 name=Solmar Lda
    │ CALL: done({})
    │ 
    │ You are an accounting verification agent. Based ONLY on the action log above, check:
    │ 1. MATH: All amounts, percentages, VAT calculations correct? (e.g. if task says 50% of 274950, invoice total incl VAT must be 137475)
    │ 2. COMPLETENESS: Were all steps in the task done? Look at the CALL entries — if the action log shows the step was performed with status=ok, it WAS done. Do NOT say a step is missing if you can see it in the log!
    │ IMPORTANT: 'Fakturer'/'Invoice' just means create an invoice — do NOT require sending unless the task explicitly says send/sende/enviar/envoyer/senden!
    │ 3. DATA: Names, org numbers, dates match the task?
    │ 4. AMOUNTS: If any created entity shows amount=0 or totalAmount=0 in the response, that is WRONG — the postings failed silently. EXCEPTION: Supplier invoice (supplierInvoice) responses normally show amount=0 — this is OK.
    │ 5. BUDGET vs INVOICE: NEVER flag a mismatch between project budget and invoice total. For fixed-price projects the invoice excl. VAT matches the fixedprice — this is CORRECT. For other projects, invoice is based on actual work/costs. Either way, do NOT fail on budget vs invoice differences.
    │ 6. PAYMENT AMOUNTS: Invoice payments and reversals use the FULL amount INCLUDING VAT, not excl. VAT. If the task says 'X NOK excl. VAT', the correct payment/reversal amount is X × 1.25 (Norwegian 25% VAT). Do NOT flag a mismatch between excl. VAT amounts in the task and incl. VAT payment amounts.
    │ 7. VAT BREAKDOWN: If the total invoice amount matches the expected sum, do NOT fail on 'VAT breakdown not reflected' or similar vague VAT concerns. Only fail if a specific line item has the WRONG VAT rate applied.
    │ 
    │ CRITICAL: Be CONSERVATIVE. When in doubt, say PASS.
    │ Only say FAIL for CLEAR, OBJECTIVE, SPECIFIC errors (wrong math, completely missing step, wrong name).
    │ Do NOT say FAIL for: vague concerns, 'might be wrong', uncertain issues, minor stylistic differences, or steps you cannot confirm from the log (absence of evidence is NOT evidence of absence).
    │ A false FAIL causes MORE damage than a missed error. When uncertain, ALWAYS say PASS.
    │ If the action log shows all main steps completed with status=ok, say PASS.
    │ 
    │ Reply ONLY with either:
    │ - 'PASS' if everything looks correct or you are unsure
    │ - 'FAIL: <specific issue>' ONLY if there is an obvious, objective error
  🔍 Verification (732 tokens): PASS

  ✓ DONE — 3 iterations, 50628 tokens, 6.7s

======================================================================
  TASK COMPLETE — total 7.2s
======================================================================

