
======================================================================
  NEW TASK RECEIVED
  Version: 59bdf62
======================================================================
  Prompt: Créez le produit "Design web" avec le numéro de produit 8115. Le prix est de 17200 NOK hors TVA, avec le taux standard de 25 %.
  Files:  0
  URL:    https://tx-proxy-jwanbnu3pq-lz.a.run.app/v2
──────────────────────────────────────────────────────────────────────
  [pre] Pre-scans completed in 0.0s

──────────────────────────────────────────────────
  ITERATION 1/25
──────────────────────────────────────────────────
  Tokens: prompt=20062 completion=24 total_session=20086
  Messages: 3 (74,792 chars)
  Tool calls (1):
    [1] tripletex_api({"method":"GET","path":"/ledger/vatType"})
    ┌─ API GET /ledger/vatType
  [github] Log pushed: 20260322_112208_5637_task_ok_10iter_realize_o_encerramento.log (attempt 1)
    └─ 200 OK (0.9s) [56 items]
    │  [trim] condensed 56 items → key fields (10092 chars)
    │  response: {"fullResultSize": 56, "from": 0, "count": 56, "versionDigest": "'If-None-Match' header not specified", "values": [{"id": 1, "version": 0, "number": "1", "displayName": "1: (25%) Fradrag inngående avgift, høy sats", "name": "Fradrag inngående avgift, høy sats"}, {"id": 2, "version": 0, "number": "UT-2", "displayName": "UT-2: (100%) Direktepostert fradrag inngående avgift, høy sats (mva-kode utgikk 01.01.2017)", "name": "Direktepostert fradrag inngående avgift, høy sats (mva-kode utgikk 01.01.2017)"}, {"id": 3, "version": 0, "number": "3", "displayName": "3: (25%) Utgående avgift, høy sats", "name": "Utgående avgift, høy sats"}, {"id": 4, "version": 0, "number": "4", "displayName": "4: (100%) Direktepostert utgående avgift, høy sats", "name": "Direktepostert utgående avgift, høy sats"}, {"id": 5, "version": 0, "number": "5", "displayName": "5: (0%) Ingen utgående avgift (innenfor mva-loven)", "name": "Ingen utgående avgift (innenfor mva-loven)"}, {"id": 6, "version": 0, "number": "6", "displayName": "6: (0%) Ingen utgående avgift (utenfor mva-loven)", "name": "Ingen utgående avgift (utenfor mva-loven)"}, {"id": 7, "version": 0, "number": "7", "displayName": "7: (0%) Ingen avgiftsbehandling (inntekter)", "name": "Ingen avgiftsbehandling (inntekter)"}, {"id": 11, "version": 0, "number": "11", "displayName": "11: (15%) Fradrag inngående avgift, middels sats", "name": "Fradrag inngående avgift, middels sats"}, {"id": 12, "version": 0, "number": "13", "displayName": "13: (12%) Frad…
  Iteration 1 took 1.6s

──────────────────────────────────────────────────
  ITERATION 2/25
──────────────────────────────────────────────────
  Tokens: prompt=21855 completion=21 total_session=41962
  Messages: 5 (79,806 chars)
  Tool calls (1):
    [1] tripletex_api({"method":"POST","path":"/product"})
    │  [fix] blocked POST without body: /product
  Iteration 2 took 0.7s

──────────────────────────────────────────────────
  ITERATION 3/25
──────────────────────────────────────────────────
  Tokens: prompt=21942 completion=50 total_session=63954
  Messages: 7 (80,014 chars)
  Tool calls (1):
    [1] tripletex_api({"method":"POST","path":"/product","body":{"name":"Design web","number":"8115","priceExcludingVatCurrency":17200,"vatType":{"id":3}}})
    ┌─ API POST /product
    │  body:   {"name": "Design web", "number": "8115", "priceExcludingVatCurrency": 17200, "vatType": {"id": 3}}
    └─ 201 OK (1.5s) id=84439928 name=Design web
    │  response: {"value": {"id": 84439928, "version": 0, "url": "kkpqfuj-amager.tripletex.dev/v2/product/84439928", "name": "Design web", "number": "8115", "displayNumber": "8115", "description": "", "orderLineDescription": "", "costExcludingVatCurrency": 0, "costPrice": 0, "priceExcludingVatCurrency": 17200, "priceIncludingVatCurrency": 21500.0, "isInactive": false, "productUnit": null, "incomingStock": 0, "outgoingStock": 0, "vatType": {"id": 3, "url": "kkpqfuj-amager.tripletex.dev/v2/ledger/vatType/3"}, "currency": {"id": 1, "url": "kkpqfuj-amager.tripletex.dev/v2/currency/1"}, "department": null, "account": null, "supplier": null, "resaleProduct": null, "isDeletable": false, "hasSupplierProductConnected": false, "image": null, "displayName": "8115 Design web", "mainSupplierProduct": null, "isRoundPriceIncVat": false, "priceInTargetCurrency": 0, "purchasePriceCurrency": 0}}
  Iteration 3 took 2.6s

──────────────────────────────────────────────────
  ITERATION 4/25
──────────────────────────────────────────────────
  Tokens: prompt=22290 completion=9 total_session=86253
  Messages: 9 (80,887 chars)
  Tool calls (1):
    [1] done()

  ⏳ Verifying task completion (235s remaining)...
  📋 Verification prompt (2898 chars):
    │ TASK: Créez le produit "Design web" avec le numéro de produit 8115. Le prix est de 17200 NOK hors TVA, avec le taux standard de 25 %.
    │ 
    │ 
    │ ACTION LOG (chronological):
    │ CALL: tripletex_api({"method":"GET","path":"/ledger/vatType"})
    │ CALL: tripletex_api({"method":"POST","path":"/product"})
    │ status=400
    │ CALL: tripletex_api({"method":"POST","path":"/product","body":{"name":"Design web","number":"8115","priceExcludingVatCurrency":17200,"vatType":{"id":3}}})
    │ status=ok id=84439928 name=Design web priceExcludingVatCurrency=17200 priceIncludingVatCurrency=21500.0
    │ CALL: done({})
    │ 
    │ You are an accounting verification agent. Based ONLY on the action log above, check:
    │ 1. MATH: All amounts, percentages, VAT calculations correct? (e.g. if task says 50% of 274950, invoice total incl VAT must be 137475)
    │ 2. COMPLETENESS: Were all steps in the task done? Look at the CALL entries — if the action log shows the step was performed with status=ok, it WAS done. Do NOT say a step is missing if you can see it in the log!
    │ IMPORTANT: 'Fakturer'/'Invoice' just means create an invoice — do NOT require sending unless the task explicitly says send/sende/enviar/envoyer/senden!
    │ 3. DATA: Names, org numbers, dates match the task?
    │ 4. AMOUNTS: If any created entity shows amount=0 or totalAmount=0 in the response, that is WRONG — the postings failed silently. For supplier invoices: amount=0 with amountExcludingVat=0 means postings were MISSING or malformed.
    │ 5. BUDGET vs INVOICE: NEVER flag a mismatch between project budget and invoice total. For fixed-price projects the invoice excl. VAT matches the fixedprice — this is CORRECT. For other projects, invoice is based on actual work/costs. Either way, do NOT fail on budget vs invoice differences.
    │ 6. PAYMENT AMOUNTS: Invoice payments and reversals use the FULL amount INCLUDING VAT, not excl. VAT. If the task says 'X NOK excl. VAT', the correct payment/reversal amount is X × 1.25 (Norwegian 25% VAT). Do NOT flag a mismatch between excl. VAT amounts in the task and incl. VAT payment amounts.
    │ 7. VAT BREAKDOWN: If the total invoice amount matches the expected sum, do NOT fail on 'VAT breakdown not reflected' or similar vague VAT concerns. Only fail if a specific line item has the WRONG VAT rate applied.
    │ 
    │ CRITICAL: Be CONSERVATIVE. When in doubt, say PASS.
    │ Only say FAIL for CLEAR, OBJECTIVE, SPECIFIC errors (wrong math, completely missing step, wrong name).
    │ Do NOT say FAIL for: vague concerns, 'might be wrong', uncertain issues, minor stylistic differences, or steps you cannot confirm from the log (absence of evidence is NOT evidence of absence).
    │ A false FAIL causes MORE damage than a missed error. When uncertain, ALWAYS say PASS.
    │ If the action log shows all main steps completed with status=ok, say PASS.
    │ 
    │ Reply ONLY with either:
    │ - 'PASS' if everything looks correct or you are unsure
    │ - 'FAIL: <specific issue>' ONLY if there is an obvious, objective error
  🔍 Verification (721 tokens): PASS

  ✓ DONE — 4 iterations, 86253 tokens, 5.5s

======================================================================
  TASK COMPLETE — total 5.9s
======================================================================

