
======================================================================
  NEW TASK RECEIVED
  Version: unknown
======================================================================
  Prompt: Créez et envoyez une facture au client Étoile SARL (nº org. 976414284) de 20000 NOK hors TVA. La facture concerne Heures de conseil.
  Files:  0
  URL:    https://tx-proxy-jwanbnu3pq-lz.a.run.app/v2
──────────────────────────────────────────────────────────────────────
  [pre] Invoice/credit/payment task detected — ensuring bank account...
    ┌─ API GET /invoice/settings
    └─ 200 OK (0.5s) id=976564
    ┌─ API GET /ledger/account
    │  params: {"isBankAccount": "true", "count": 10}
    └─ 200 OK (0.4s) [2 items]
  [bank] found account 1920 id=480653759 v=0
    ┌─ API PUT /ledger/account/480653759
    │  body:   {"id": 480653759, "version": 0, "number": 1920, "name": "Bankinnskudd", "bankAccountNumber": "15030100112"}
    └─ 200 OK (0.4s) id=480653759 name=Bankinnskudd
  [bank] bank account set OK
  [pre] Bank account setup: OK

──────────────────────────────────────────────────
  ITERATION 1/25
──────────────────────────────────────────────────
  Tokens: prompt=16884 completion=21 total_session=16905
  Messages: 3 (63,361 chars)
  Tool calls (1):
    [1] tripletex_api({"method":"POST","path":"/customer"})
    │  [fix] blocked POST without body: /customer
  Iteration 1 took 2.2s

──────────────────────────────────────────────────
  ITERATION 2/25
──────────────────────────────────────────────────
  Tokens: prompt=16971 completion=43 total_session=33919
  Messages: 5 (63,571 chars)
  Tool calls (1):
    [1] tripletex_api({"method":"POST","path":"/customer","body":{"name":"Étoile SARL","isCustomer":true,"organizationNumber":"976414284"}})
    ┌─ API POST /customer
    │  body:   {"name": "Étoile SARL", "isCustomer": true, "organizationNumber": "976414284"}
    └─ 201 OK (0.4s) id=108473738 name=Étoile SARL
    │  response: {"value": {"id": 108473738, "version": 1, "url": "kkpqfuj-amager.tripletex.dev/v2/customer/108473738", "name": "Étoile SARL", "organizationNumber": "976414284", "globalLocationNumber": 0, "supplierNumber": 0, "customerNumber": 10002, "isSupplier": false, "isCustomer": true, "isInactive": false, "accountManager": null, "department": null, "email": "", "invoiceEmail": "", "overdueNoticeEmail": "", "phoneNumber": "", "phoneNumberMobile": "", "description": "", "language": "NO", "displayName": "Étoile SARL (10002)", "isPrivateIndividual": false, "singleCustomerInvoice": false, "invoiceSendMethod": "EMAIL", "emailAttachmentType": "ATTACHMENT", "postalAddress": {"id": 405794499, "url": "kkpqfuj-amager.tripletex.dev/v2/address/405794499"}, "physicalAddress": {"id": 405794498, "url": "kkpqfuj-amager.tripletex.dev/v2/address/405794498"}, "deliveryAddress": null, "category1": null, "category2": null, "category3": null, "invoicesDueIn": 14, "invoicesDueInType": "DAYS", "currency": {"id": 1, "url": "kkpqfuj-amager.tripletex.dev/v2/currency/1"}, "bankAccountPresentation": [], "ledgerAccount": {"id": 480653703, "url": "kkpqfuj-amager.tripletex.dev/v2/ledger/account/480653703"}, "isFactoring": false, "invoiceSendSMSNotification": false, "invoiceSMSNotificationNumber": "", "isAutomaticSoftReminderEnabled": false, "isAutomaticReminderEnabled": false, "isAutomaticNoticeOfDebtCollectionEnabled": false, "discountPercentage": 0, "website": ""}}
  Iteration 2 took 1.5s

──────────────────────────────────────────────────
  ITERATION 3/25
──────────────────────────────────────────────────
  Tokens: prompt=17463 completion=24 total_session=51406
  Messages: 7 (65,018 chars)
  Tool calls (1):
    [1] tripletex_api({"method":"GET","path":"/ledger/vatType"})
    ┌─ API GET /ledger/vatType
    └─ 200 OK (0.4s) [56 items]
    │  [trim] condensed 56 items → key fields (10092 chars)
    │  response: {"fullResultSize": 56, "from": 0, "count": 56, "versionDigest": "'If-None-Match' header not specified", "values": [{"version": 0, "name": "Fradrag inngående avgift, høy sats", "number": "1", "id": 1, "displayName": "1: (25%) Fradrag inngående avgift, høy sats"}, {"version": 0, "name": "Direktepostert fradrag inngående avgift, høy sats (mva-kode utgikk 01.01.2017)", "number": "UT-2", "id": 2, "displayName": "UT-2: (100%) Direktepostert fradrag inngående avgift, høy sats (mva-kode utgikk 01.01.2017)"}, {"version": 0, "name": "Utgående avgift, høy sats", "number": "3", "id": 3, "displayName": "3: (25%) Utgående avgift, høy sats"}, {"version": 0, "name": "Direktepostert utgående avgift, høy sats", "number": "4", "id": 4, "displayName": "4: (100%) Direktepostert utgående avgift, høy sats"}, {"version": 0, "name": "Ingen utgående avgift (innenfor mva-loven)", "number": "5", "id": 5, "displayName": "5: (0%) Ingen utgående avgift (innenfor mva-loven)"}, {"version": 0, "name": "Ingen utgående avgift (utenfor mva-loven)", "number": "6", "id": 6, "displayName": "6: (0%) Ingen utgående avgift (utenfor mva-loven)"}, {"version": 0, "name": "Ingen avgiftsbehandling (inntekter)", "number": "7", "id": 7, "displayName": "7: (0%) Ingen avgiftsbehandling (inntekter)"}, {"version": 0, "name": "Fradrag inngående avgift, middels sats", "number": "11", "id": 11, "displayName": "11: (15%) Fradrag inngående avgift, middels sats"}, {"version": 0, "name": "Fradrag inngående avgift, lav sats", "number": …
  Iteration 3 took 1.5s

──────────────────────────────────────────────────
  ITERATION 4/25
──────────────────────────────────────────────────
  Tokens: prompt=20406 completion=47 total_session=71859
  Messages: 9 (73,032 chars)
  Tool calls (1):
    [1] tripletex_api({"method":"POST","path":"/product","body":{"name":"Heures de conseil","priceExcludingVatCurrency":20000,"vatType":{"id":3}}})
    ┌─ API POST /product
    │  body:   {"name": "Heures de conseil", "priceExcludingVatCurrency": 20000, "vatType": {"id": 3}}
    └─ 201 OK (0.4s) id=84425783 name=Heures de conseil
    │  response: {"value": {"id": 84425783, "version": 0, "url": "kkpqfuj-amager.tripletex.dev/v2/product/84425783", "name": "Heures de conseil", "number": "", "displayNumber": "", "description": "", "orderLineDescription": "", "costExcludingVatCurrency": 0, "costPrice": 0, "priceExcludingVatCurrency": 20000, "priceIncludingVatCurrency": 25000.0, "isInactive": false, "productUnit": null, "incomingStock": 0, "outgoingStock": 0, "vatType": {"id": 3, "url": "kkpqfuj-amager.tripletex.dev/v2/ledger/vatType/3"}, "currency": {"id": 1, "url": "kkpqfuj-amager.tripletex.dev/v2/currency/1"}, "department": null, "account": null, "supplier": null, "resaleProduct": null, "isDeletable": false, "hasSupplierProductConnected": false, "image": null, "displayName": "Heures de conseil", "mainSupplierProduct": null, "isRoundPriceIncVat": false, "priceInTargetCurrency": 0, "purchasePriceCurrency": 0}}
  Iteration 4 took 1.7s

──────────────────────────────────────────────────
  ITERATION 5/25
──────────────────────────────────────────────────
  Tokens: prompt=20747 completion=51 total_session=92657
  Messages: 11 (73,906 chars)
  Tool calls (1):
    [1] tripletex_api({"method":"POST","path":"/order","body":{"customer":{"id":108473738},"orderDate":"2026-03-22","deliveryDate":"2026-03-22"}})
    ┌─ API POST /order
    │  body:   {"customer": {"id": 108473738}, "orderDate": "2026-03-22", "deliveryDate": "2026-03-22"}
    └─ 201 OK (0.4s) id=402049751
    │  response: {"value": {"id": 402049751, "version": 0, "url": "kkpqfuj-amager.tripletex.dev/v2/order/402049751", "customer": {"id": 108473738, "url": "kkpqfuj-amager.tripletex.dev/v2/customer/108473738"}, "contact": null, "attn": null, "displayName": "1 Ordre", "receiverEmail": "", "overdueNoticeEmail": "", "number": "1", "reference": "", "department": null, "orderDate": "2026-03-22", "project": null, "invoiceComment": "", "currency": {"id": 1, "url": "kkpqfuj-amager.tripletex.dev/v2/currency/1"}, "invoicesDueIn": 14, "invoicesDueInType": "DAYS", "isShowOpenPostsOnInvoices": false, "isClosed": false, "deliveryDate": "2026-03-22", "deliveryAddress": null, "deliveryComment": "", "isPrioritizeAmountsIncludingVat": false, "orderLineSorting": "PRODUCT", "orderGroups": [], "orderLines": [], "isSubscription": false, "subscriptionDuration": 0, "subscriptionDurationType": "MONTHS", "subscriptionPeriodsOnInvoice": 0, "subscriptionPeriodsOnInvoiceType": "MONTHS", "subscriptionInvoicingTimeInAdvanceOrArrears": "ADVANCE", "subscriptionInvoicingTime": 0, "subscriptionInvoicingTimeType": "MONTHS", "isSubscriptionAutoInvoicing": false, "preliminaryInvoice": {"id": 2147656283, "url": "kkpqfuj-amager.tripletex.dev/v2/invoice/2147656283"}, "attachment": [], "sendMethodDescription": "Faktura må sendes manuelt.", "invoiceOnAccountVatHigh": false, "totalInvoicedOnAccountAmountAbsoluteCurrency": 0.0, "invoiceSendSMSNotification": false, "invoiceSMSNotificationNumber": "", "markUpOrderLines": 0, "discountPercent…
  Iteration 5 took 1.5s

──────────────────────────────────────────────────
  ITERATION 6/25
──────────────────────────────────────────────────
  Tokens: prompt=21304 completion=45 total_session=114006
  Messages: 13 (75,537 chars)
  Tool calls (1):
    [1] tripletex_api({"method":"POST","path":"/order/orderline","body":{"order":{"id":402049751},"product":{"id":84425783},"count":1}})
    ┌─ API POST /order/orderline
    │  body:   {"order": {"id": 402049751}, "product": {"id": 84425783}, "count": 1}
    └─ 201 OK (0.4s) id=1607586637
    │  response: {"value": {"id": 1607586637, "version": 1, "url": "kkpqfuj-amager.tripletex.dev/v2/order/orderline/1607586637", "product": {"id": 84425783, "url": "kkpqfuj-amager.tripletex.dev/v2/product/84425783"}, "inventory": null, "description": "", "displayName": "Heures de conseil", "count": 1.0, "unitCostCurrency": 0.0, "unitPriceExcludingVatCurrency": 20000.0, "currency": {"id": 1, "url": "kkpqfuj-amager.tripletex.dev/v2/currency/1"}, "markup": 0.0, "discount": 0.0, "vatType": {"id": 3, "url": "kkpqfuj-amager.tripletex.dev/v2/ledger/vatType/3"}, "amountExcludingVatCurrency": 20000.0, "amountIncludingVatCurrency": 25000.0, "vendor": null, "order": {"id": 402049751, "url": "kkpqfuj-amager.tripletex.dev/v2/order/402049751"}, "unitPriceIncludingVatCurrency": 25000.0, "isSubscription": false, "subscriptionPeriodStart": null, "subscriptionPeriodEnd": null, "orderGroup": null, "sortIndex": 0, "isPicked": false, "pickedDate": null, "orderedQuantity": 0, "isCharged": false}}
  Iteration 6 took 1.5s

──────────────────────────────────────────────────
  ITERATION 7/25
──────────────────────────────────────────────────
  Tokens: prompt=21701 completion=54 total_session=135761
  Messages: 15 (76,509 chars)
  Tool calls (1):
    [1] tripletex_api({"method":"POST","path":"/invoice","body":{"invoiceDate":"2026-03-22","invoiceDueDate":"2026-04-05","orders":[{"id":402049751}]}})
    ┌─ API POST /invoice
    │  body:   {"invoiceDate": "2026-03-22", "invoiceDueDate": "2026-04-05", "orders": [{"id": 402049751}]}
    └─ 201 OK (0.5s) id=2147656288
    │  response: {"value": {"id": 2147656288, "version": 3, "url": "kkpqfuj-amager.tripletex.dev/v2/invoice/2147656288", "invoiceNumber": 1, "invoiceDate": "2026-03-22", "customer": {"id": 108473738, "url": "kkpqfuj-amager.tripletex.dev/v2/customer/108473738"}, "creditedInvoice": 0, "isCredited": false, "invoiceDueDate": "2026-04-05", "kid": "", "invoiceComment": "", "comment": "", "orders": [{"id": 402049751, "url": "kkpqfuj-amager.tripletex.dev/v2/order/402049751"}], "orderLines": [{"id": 1607586637, "url": "kkpqfuj-amager.tripletex.dev/v2/order/orderline/1607586637"}], "travelReports": [], "projectInvoiceDetails": [{"id": 1965805080, "url": "kkpqfuj-amager.tripletex.dev/v2/invoice/details/1965805080"}], "voucher": {"id": 609233365, "url": "kkpqfuj-amager.tripletex.dev/v2/ledger/voucher/609233365"}, "deliveryDate": "2026-03-22", "amount": 25000.0, "amountCurrency": 25000.0, "amountExcludingVat": 20000.0, "amountExcludingVatCurrency": 20000.0, "amountRoundoff": 0, "amountRoundoffCurrency": 0, "amountOutstanding": 25000.0, "amountCurrencyOutstanding": 25000.0, "amountOutstandingTotal": 25000.0, "amountCurrencyOutstandingTotal": 25000.0, "sumRemits": 0, "currency": {"id": 1, "url": "kkpqfuj-amager.tripletex.dev/v2/currency/1"}, "isCreditNote": false, "isCharged": true, "isApproved": false, "postings": [{"id": 3846022233, "url": "kkpqfuj-amager.tripletex.dev/v2/ledger/posting/3846022233"}], "reminders": [], "invoiceRemarks": "", "invoiceRemark": null, "isPeriodizationPossible": true, "documentI…
  Iteration 7 took 1.8s

──────────────────────────────────────────────────
  ITERATION 8/25
──────────────────────────────────────────────────
  Tokens: prompt=22302 completion=35 total_session=158098
  Messages: 17 (78,025 chars)
  Tool calls (1):
    [1] tripletex_api({"method":"PUT","path":"/invoice/2147656288/:send","params":{"sendType":"EMAIL"}})
    ┌─ API PUT /invoice/2147656288/:send
    │  params: {"sendType": "EMAIL"}
    └─ 204 OK (0.6s)
    │  response: {"raw": ""}
  Iteration 8 took 1.5s

──────────────────────────────────────────────────
  ITERATION 9/25
──────────────────────────────────────────────────
  Tokens: prompt=22352 completion=9 total_session=180459
  Messages: 19 (78,036 chars)
  Tool calls (1):
    [1] done()

  ⏳ Verifying task completion (275s remaining)...
  📋 Verification prompt (3753 chars):
    │ TASK: Créez et envoyez une facture au client Étoile SARL (nº org. 976414284) de 20000 NOK hors TVA. La facture concerne Heures de conseil.
    │ 
    │ 
    │ ACTION LOG (chronological):
    │ CALL: tripletex_api({"method":"POST","path":"/customer"})
    │ status=400
    │ CALL: tripletex_api({"method":"POST","path":"/customer","body":{"name":"Étoile SARL","isCustomer":true,"organizationNumber":"976414284"}})
    │ status=ok id=108473738 name=Étoile SARL
    │ CALL: tripletex_api({"method":"GET","path":"/ledger/vatType"})
    │ CALL: tripletex_api({"method":"POST","path":"/product","body":{"name":"Heures de conseil","priceExcludingVatCurrency":20000,"vatType":{"id":3}}})
    │ status=ok id=84425783 name=Heures de conseil priceExcludingVatCurrency=20000 priceIncludingVatCurrency=25000.0
    │ CALL: tripletex_api({"method":"POST","path":"/order","body":{"customer":{"id":108473738},"orderDate":"2026-03-22","deliveryDate":"2026-03-22"}})
    │ status=ok id=402049751
    │ CALL: tripletex_api({"method":"POST","path":"/order/orderline","body":{"order":{"id":402049751},"product":{"id":84425783},"count":1}})
    │ status=ok id=1607586637 count=1.0
    │ CALL: tripletex_api({"method":"POST","path":"/invoice","body":{"invoiceDate":"2026-03-22","invoiceDueDate":"2026-04-05","orders":[{"id":402049751}]}})
    │ status=ok id=2147656288 amount=25000.0 amountCurrency=25000.0 invoiceNumber=1
    │ CALL: tripletex_api({"method":"PUT","path":"/invoice/2147656288/:send","params":{"sendType":"EMAIL"}})
    │ status=ok
    │ CALL: done({})
    │ 
    │ You are an accounting verification agent. Based ONLY on the action log above, check:
    │ 1. MATH: All amounts, percentages, VAT calculations correct? (e.g. if task says 50% of 274950, invoice total incl VAT must be 137475)
    │ 2. COMPLETENESS: Were all steps in the task done? Look at the CALL entries — if the action log shows the step was performed with status=ok, it WAS done. Do NOT say a step is missing if you can see it in the log!
    │ IMPORTANT: 'Fakturer'/'Invoice' just means create an invoice — do NOT require sending unless the task explicitly says send/sende/enviar/envoyer/senden!
    │ 3. DATA: Names, org numbers, dates match the task?
    │ 4. AMOUNTS: If any created entity shows amount=0 or totalAmount=0 in the response, that is WRONG — the postings failed silently. EXCEPTION: Supplier invoice (supplierInvoice) responses normally show amount=0 — this is OK.
    │ 5. BUDGET vs INVOICE: NEVER flag a mismatch between project budget and invoice total. For fixed-price projects the invoice excl. VAT matches the fixedprice — this is CORRECT. For other projects, invoice is based on actual work/costs. Either way, do NOT fail on budget vs invoice differences.
    │ 6. PAYMENT AMOUNTS: Invoice payments and reversals use the FULL amount INCLUDING VAT, not excl. VAT. If the task says 'X NOK excl. VAT', the correct payment/reversal amount is X × 1.25 (Norwegian 25% VAT). Do NOT flag a mismatch between excl. VAT amounts in the task and incl. VAT payment amounts.
    │ 7. VAT BREAKDOWN: If the total invoice amount matches the expected sum, do NOT fail on 'VAT breakdown not reflected' or similar vague VAT concerns. Only fail if a specific line item has the WRONG VAT rate applied.
    │ 
    │ CRITICAL: Be CONSERVATIVE. When in doubt, say PASS.
    │ Only say FAIL for CLEAR, OBJECTIVE, SPECIFIC errors (wrong math, completely missing step, wrong name).
    │ Do NOT say FAIL for: vague concerns, 'might be wrong', uncertain issues, minor stylistic differences, or steps you cannot confirm from the log (absence of evidence is NOT evidence of absence).
    │ A false FAIL causes MORE damage than a missed error. When uncertain, ALWAYS say PASS.
    │ If the action log shows all main steps completed with status=ok, say PASS.
    │ 
    │ Reply ONLY with either:
    │ - 'PASS' if everything looks correct or you are unsure
    │ - 'FAIL: <specific issue>' ONLY if there is an obvious, objective error
  🔍 Verification (998 tokens): PASS

  ✓ DONE — 9 iterations, 180459 tokens, 15.1s

======================================================================
  TASK COMPLETE — total 15.7s
======================================================================

