
======================================================================
  NEW TASK RECEIVED
  Version: unknown
======================================================================
  Prompt: El cliente Olivares SL (org. nº 874863807) tiene una factura pendiente de 12700 NOK sin IVA por "Servicio de red". Registre el pago completo de esta factura.
  Files:  0
  URL:    https://tx-proxy-jwanbnu3pq-lz.a.run.app/v2
──────────────────────────────────────────────────────────────────────
  [pre] Invoice/credit/payment task detected — ensuring bank account...
    ┌─ API GET /invoice/settings
  [gcs] Upload failed: 403 POST https://storage.googleapis.com/upload/storage/v1/b/tripletex-agent-logs/o?uploadType=multipart: {
  "error": {
    "code": 403,
    "message": "52373769937-compute@developer.gserviceaccount.com does not have storage.objects.create access to the Google Cloud Storage object. Permission 'storage.objects.create' denied on resource (or it may not exist).",
    "errors": [
      {
        "message": "52373769937-compute@developer.gserviceaccount.com does not have storage.objects.create access to the Google Cloud Storage object. Permission 'storage.objects.create' denied on resource (or it may not exist).",
        "domain": "global",
        "reason": "forbidden"
      }
    ]
  }
}
: ('Request failed with status code', 403, 'Expected one of', <HTTPStatus.OK: 200>)
  [github] Log pushed: 20260321_221653_5927_invoice_ok_9iter_crea_una_factura.log (attempt 1)
    └─ 200 OK (4.5s) id=778300
  [bank] already ready
  [pre] Bank account setup: OK

──────────────────────────────────────────────────
  ITERATION 1/25
──────────────────────────────────────────────────
  Tokens: prompt=16269 completion=45 total_session=16314
  Messages: 3 (61,002 chars)
  Tool calls (1):
    [1] tripletex_api({"method":"GET","path":"/invoice","params":{"invoiceDateFrom":"2000-01-01","invoiceDateTo":"2030-12-31"}})
    ┌─ API GET /invoice
    │  params: {"invoiceDateFrom": "2000-01-01", "invoiceDateTo": "2030-12-31"}
    └─ 200 OK (3.8s) [1 items]
    │  response: {"fullResultSize": 1, "from": 0, "count": 1, "versionDigest": "'If-None-Match' header not specified", "values": [{"id": 2147574360, "version": 3, "url": "kkpqfuj-amager.tripletex.dev/v2/invoice/2147574360", "invoiceNumber": 1, "invoiceDate": "2026-03-01", "customer": {"id": 108327732, "url": "kkpqfuj-amager.tripletex.dev/v2/customer/108327732"}, "creditedInvoice": 0, "isCredited": false, "invoiceDueDate": "2026-03-31", "kid": "", "invoiceComment": "", "comment": "", "orders": [{"id": 401993500, "url": "kkpqfuj-amager.tripletex.dev/v2/order/401993500"}], "orderLines": [{"id": 1607536172, "url": "kkpqfuj-amager.tripletex.dev/v2/order/orderline/1607536172"}], "travelReports": [], "projectInvoiceDetails": [{"id": 1965758688, "url": "kkpqfuj-amager.tripletex.dev/v2/invoice/details/1965758688"}], "voucher": {"id": 608891934, "url": "kkpqfuj-amager.tripletex.dev/v2/ledger/voucher/608891934"}, "deliveryDate": "2026-03-01", "amount": 15875.0, "amountCurrency": 15875.0, "amountExcludingVat": 12700.0, "amountExcludingVatCurrency": 12700.0, "amountRoundoff": 0.0, "amountRoundoffCurrency": 0.0, "amountOutstanding": 15875.0, "amountCurrencyOutstanding": 15875.0, "amountOutstandingTotal": 15875.0, "amountCurrencyOutstandingTotal": 15875.0, "sumRemits": 0, "currency": {"id": 1, "url": "kkpqfuj-amager.tripletex.dev/v2/currency/1"}, "isCreditNote": false, "isCharged": true, "isApproved": false, "postings": [{"id": 3845095416, "url": "kkpqfuj-amager.tripletex.dev/v2/ledger/posting/3845095416"}]…
  Iteration 1 took 4.7s

──────────────────────────────────────────────────
  ITERATION 2/25
──────────────────────────────────────────────────
  Tokens: prompt=16901 completion=23 total_session=33238
  Messages: 5 (62,626 chars)
  Tool calls (1):
    [1] tripletex_api({"method":"GET","path":"/invoice/paymentType"})
    ┌─ API GET /invoice/paymentType
    └─ 200 OK (4.3s) [2 items]
    │  response: {"fullResultSize": 2, "from": 0, "count": 2, "versionDigest": "'If-None-Match' header not specified", "values": [{"id": 28338528, "version": 0, "url": "kkpqfuj-amager.tripletex.dev/v2/invoice/paymentType/28338528", "description": "Kontant", "displayName": "Kontant", "debitAccount": {"id": 375874998, "url": "kkpqfuj-amager.tripletex.dev/v2/ledger/account/375874998"}, "creditAccount": null, "vatType": {"id": 0, "url": "kkpqfuj-amager.tripletex.dev/v2/ledger/vatType/0"}, "sequence": 1, "customer": null, "supplier": null, "currencyId": 1, "currencyCode": "NOK"}, {"id": 28338529, "version": 0, "url": "kkpqfuj-amager.tripletex.dev/v2/invoice/paymentType/28338529", "description": "Betalt til bank", "displayName": "Betalt til bank", "debitAccount": {"id": 375875001, "url": "kkpqfuj-amager.tripletex.dev/v2/ledger/account/375875001"}, "creditAccount": null, "vatType": {"id": 0, "url": "kkpqfuj-amager.tripletex.dev/v2/ledger/vatType/0"}, "sequence": 2, "customer": null, "supplier": null, "currencyId": 1, "currencyCode": "NOK"}]}
  Iteration 2 took 5.7s

──────────────────────────────────────────────────
  ITERATION 3/25
──────────────────────────────────────────────────
  Tokens: prompt=17301 completion=65 total_session=50604
  Messages: 7 (63,659 chars)
  Tool calls (1):
    [1] tripletex_api({"method":"PUT","path":"/invoice/2147574360/:payment","params":{"paymentDate":"2026-03-21","paymentTypeId":28338529,"paidAmount":15875.0,"paidAmountCurrency":15875.0}})
    ┌─ API PUT /invoice/2147574360/:payment
    │  params: {"paymentDate": "2026-03-21", "paymentTypeId": 28338529, "paidAmount": 15875.0, "paidAmountCurrency": 15875.0}
    └─ 200 OK (4.6s) id=2147574360
    │  response: {"value": {"id": 2147574360, "version": 3, "url": "kkpqfuj-amager.tripletex.dev/v2/invoice/2147574360", "invoiceNumber": 1, "invoiceDate": "2026-03-01", "customer": {"id": 108327732, "url": "kkpqfuj-amager.tripletex.dev/v2/customer/108327732"}, "creditedInvoice": 0, "isCredited": false, "invoiceDueDate": "2026-03-31", "kid": "", "invoiceComment": "", "comment": "", "orders": [{"id": 401993500, "url": "kkpqfuj-amager.tripletex.dev/v2/order/401993500"}], "orderLines": [{"id": 1607536172, "url": "kkpqfuj-amager.tripletex.dev/v2/order/orderline/1607536172"}], "travelReports": [], "projectInvoiceDetails": [{"id": 1965758688, "url": "kkpqfuj-amager.tripletex.dev/v2/invoice/details/1965758688"}], "voucher": {"id": 608891934, "url": "kkpqfuj-amager.tripletex.dev/v2/ledger/voucher/608891934"}, "deliveryDate": "2026-03-01", "amount": 15875.0, "amountCurrency": 15875.0, "amountExcludingVat": 12700.0, "amountExcludingVatCurrency": 12700.0, "amountRoundoff": 0.0, "amountRoundoffCurrency": 0.0, "amountOutstanding": 0.0, "amountCurrencyOutstanding": 0.0, "amountOutstandingTotal": 0.0, "amountCurrencyOutstandingTotal": 0.0, "sumRemits": 0, "currency": {"id": 1, "url": "kkpqfuj-amager.tripletex.dev/v2/currency/1"}, "isCreditNote": false, "isCharged": true, "isApproved": false, "postings": [{"id": 3845095416, "url": "kkpqfuj-amager.tripletex.dev/v2/ledger/posting/3845095416"}, {"id": 3845886246, "url": "kkpqfuj-amager.tripletex.dev/v2/ledger/posting/3845886246"}], "reminders": [], "invoiceRema…
  Iteration 3 took 5.6s

──────────────────────────────────────────────────
  ITERATION 4/25
──────────────────────────────────────────────────
  Tokens: prompt=17948 completion=9 total_session=68561
  Messages: 9 (65,251 chars)
  Tool calls (1):
    [1] done()

  ⏳ Verifying task completion (269s remaining)...
  📋 Verification prompt (3013 chars):
    │ TASK: El cliente Olivares SL (org. nº 874863807) tiene una factura pendiente de 12700 NOK sin IVA por "Servicio de red". Registre el pago completo de esta factura.
    │ 
    │ 
    │ ACTION LOG (chronological):
    │ CALL: tripletex_api({"method":"GET","path":"/invoice","params":{"invoiceDateFrom":"2000-01-01","invoiceDateTo":"2030-12-31"}})
    │ status=ok
    │ CALL: tripletex_api({"method":"GET","path":"/invoice/paymentType"})
    │ status=ok
    │ CALL: tripletex_api({"method":"PUT","path":"/invoice/2147574360/:payment","params":{"paymentDate":"2026-03-21","paymentTypeId":28338529,"paidAmount":15875.0,"paidAmountCurrency":15875.0}})
    │ status=ok id=2147574360 amount=15875.0 amountCurrency=15875.0 invoiceNumber=1
    │ CALL: done({})
    │ 
    │ You are an accounting verification agent. Based ONLY on the action log above, check:
    │ 1. MATH: All amounts, percentages, VAT calculations correct? (e.g. if task says 50% of 274950, invoice total incl VAT must be 137475)
    │ 2. COMPLETENESS: Were all steps in the task done? Look at the CALL entries — if the action log shows the step was performed with status=ok, it WAS done. Do NOT say a step is missing if you can see it in the log!
    │ IMPORTANT: 'Fakturer'/'Invoice' just means create an invoice — do NOT require sending unless the task explicitly says send/sende/enviar/envoyer/senden!
    │ 3. DATA: Names, org numbers, dates match the task?
    │ 4. AMOUNTS: If any created entity shows amount=0 or totalAmount=0 in the response, that is WRONG — the postings failed silently. EXCEPTION: Supplier invoice (supplierInvoice) responses normally show amount=0 — this is OK.
    │ 5. BUDGET vs INVOICE: NEVER flag a mismatch between project budget and invoice total. For fixed-price projects the invoice excl. VAT matches the fixedprice — this is CORRECT. For other projects, invoice is based on actual work/costs. Either way, do NOT fail on budget vs invoice differences.
    │ 6. PAYMENT AMOUNTS: Invoice payments and reversals use the FULL amount INCLUDING VAT, not excl. VAT. If the task says 'X NOK excl. VAT', the correct payment/reversal amount is X × 1.25 (Norwegian 25% VAT). Do NOT flag a mismatch between excl. VAT amounts in the task and incl. VAT payment amounts.
    │ 7. VAT BREAKDOWN: If the total invoice amount matches the expected sum, do NOT fail on 'VAT breakdown not reflected' or similar vague VAT concerns. Only fail if a specific line item has the WRONG VAT rate applied.
    │ 
    │ CRITICAL: Be CONSERVATIVE. When in doubt, say PASS.
    │ Only say FAIL for CLEAR, OBJECTIVE, SPECIFIC errors (wrong math, completely missing step, wrong name).
    │ Do NOT say FAIL for: vague concerns, 'might be wrong', uncertain issues, minor stylistic differences, or steps you cannot confirm from the log (absence of evidence is NOT evidence of absence).
    │ A false FAIL causes MORE damage than a missed error. When uncertain, ALWAYS say PASS.
    │ If the action log shows all main steps completed with status=ok, say PASS.
    │ 
    │ Reply ONLY with either:
    │ - 'PASS' if everything looks correct or you are unsure
    │ - 'FAIL: <specific issue>' ONLY if there is an obvious, objective error
  🔍 Verification (813 tokens): FAIL: Payment amount of 15875.0 NOK does not match the expected amount of 15875.0 NOK including VAT for an invoice of 12700 NOK excl. VAT (12700 NOK * 1.25 = 15875 NOK).
  ⚠ Verifier said FAIL but proceeding (logged only): FAIL: Payment amount of 15875.0 NOK does not match the expected amount of 15875.0 NOK including VAT for an invoice of 12700 NOK excl. VAT (12700 NOK * 1.25 = 15875 NOK).

  ✓ DONE — 4 iterations, 68561 tokens, 21.4s

======================================================================
  TASK COMPLETE — total 22.6s
======================================================================

