
======================================================================
  NEW TASK RECEIVED
  Version: unknown
======================================================================
  Prompt: Opprett prosjektet "Integrasjon Havbris" knyttet til kunden Havbris AS (org.nr 999148387). Prosjektleder er Henrik Ødegård (henrik.degard@example.org).
  Files:  0
  URL:    https://tx-proxy-jwanbnu3pq-lz.a.run.app/v2
──────────────────────────────────────────────────────────────────────
  [pre] Employee/salary task detected — scanning employees and employment...
    ┌─ API GET /employee
    │  params: {"fields": "*"}
    └─ 200 OK (0.3s) [2 items]
    ┌─ API GET /employee/employment
    │  params: {"employeeId": 18703455, "fields": "*"}
    └─ 200 OK (0.3s) [1 items]
    ┌─ API GET /employee/employment
    │  params: {"employeeId": 18703466, "fields": "*"}
    └─ 200 OK (0.4s) [0 items]
    ┌─ API GET /company/>withLoginAccess
    └─ 200 OK (0.3s) [0 items]
    ┌─ API GET /department
    └─ 200 OK (0.3s) [1 items]
  [pre] Pre-scan complete: 2 employees found

──────────────────────────────────────────────────
  ITERATION 1/25
──────────────────────────────────────────────────
  [github] Log pushed: 20260322_000452_7288_task_ok_10iter_necesitamos_el_gasto.log (attempt 1)
  Tokens: prompt=17131 completion=21 total_session=17152
  Messages: 3 (64,300 chars)
  Tool calls (1):
    [1] tripletex_api({"method":"POST","path":"/customer"})
    │  [fix] blocked POST without body: /customer
  Iteration 1 took 0.7s

──────────────────────────────────────────────────
  ITERATION 2/25
──────────────────────────────────────────────────
  Tokens: prompt=17218 completion=42 total_session=34412
  Messages: 5 (64,510 chars)
  Tool calls (1):
    [1] tripletex_api({"method":"POST","path":"/customer","body":{"name":"Havbris AS","isCustomer":true,"organizationNumber":"999148387"}})
    ┌─ API POST /customer
    │  body:   {"name": "Havbris AS", "isCustomer": true, "organizationNumber": "999148387"}
    └─ 201 OK (0.4s) id=108472838 name=Havbris AS
    │  response: {"value": {"id": 108472838, "version": 1, "url": "kkpqfuj-amager.tripletex.dev/v2/customer/108472838", "name": "Havbris AS", "organizationNumber": "999148387", "globalLocationNumber": 0, "supplierNumber": 0, "customerNumber": 10002, "isSupplier": false, "isCustomer": true, "isInactive": false, "accountManager": null, "department": null, "email": "", "invoiceEmail": "", "overdueNoticeEmail": "", "phoneNumber": "", "phoneNumberMobile": "", "description": "", "language": "NO", "displayName": "Havbris AS (10002)", "isPrivateIndividual": false, "singleCustomerInvoice": false, "invoiceSendMethod": "EMAIL", "emailAttachmentType": "ATTACHMENT", "postalAddress": {"id": 405792707, "url": "kkpqfuj-amager.tripletex.dev/v2/address/405792707"}, "physicalAddress": {"id": 405792706, "url": "kkpqfuj-amager.tripletex.dev/v2/address/405792706"}, "deliveryAddress": null, "category1": null, "category2": null, "category3": null, "invoicesDueIn": 14, "invoicesDueInType": "DAYS", "currency": {"id": 1, "url": "kkpqfuj-amager.tripletex.dev/v2/currency/1"}, "bankAccountPresentation": [], "ledgerAccount": {"id": 480465364, "url": "kkpqfuj-amager.tripletex.dev/v2/ledger/account/480465364"}, "isFactoring": false, "invoiceSendSMSNotification": false, "invoiceSMSNotificationNumber": "", "isAutomaticSoftReminderEnabled": false, "isAutomaticReminderEnabled": false, "isAutomaticNoticeOfDebtCollectionEnabled": false, "discountPercentage": 0, "website": ""}}
  Iteration 2 took 1.3s

──────────────────────────────────────────────────
  ITERATION 3/25
──────────────────────────────────────────────────
  Tokens: prompt=17707 completion=61 total_session=52180
  Messages: 7 (65,955 chars)
  Tool calls (1):
    [1] tripletex_api({"method":"PUT","path":"/employee/18703466","body":{"id":18703466,"version":1,"firstName":"Henrik","lastName":"Ødegård","dateOfBirth":"1990-01-01"}})
    ┌─ API PUT /employee/18703466
    │  body:   {"id": 18703466, "version": 1, "firstName": "Henrik", "lastName": "Ødegård", "dateOfBirth": "1990-01-01"}
    └─ 409 ERR (0.3s) {"status": 409, "code": 8000, "message": "RevisionException", "link": "https://tripletex.no/v2-docs/", "developerMessage": null, "validationMessages": null, "requestId": "79c0cfa9-0a38-465f-8107-82b65cc1ef96", "_status_code": 409}
  ✗ AGENT ERROR: 'NoneType' object is not iterable

======================================================================
  TASK COMPLETE — total 5.5s
======================================================================

