
======================================================================
  NEW TASK RECEIVED
  Version: unknown
======================================================================
  Prompt: Erstellen Sie eine benutzerdefinierte Buchhaltungsdimension "Marked" mit den Werten "Privat" und "Offentlig". Buchen Sie dann einen Beleg auf Konto 6300 über 44950 NOK, verknüpft mit dem Dimensionswert "Offentlig".
  Files:  0
  URL:    https://tx-proxy-jwanbnu3pq-lz.a.run.app/v2
──────────────────────────────────────────────────────────────────────

──────────────────────────────────────────────────
  ITERATION 1/25
──────────────────────────────────────────────────
  Tokens: prompt=17160 completion=110 total_session=17270
  GPT says: To complete this task, I will:

1. Create a custom accounting dimension named "Marked".
2. Add the values "Privat" and "Offentlig" to this dimension.
3. Create a journal voucher posting an amount of 44,950 NOK on account 6300 linked to the dimension value "Offentlig".

Let's start with creating the custom accounting dimension "Marked".
  Messages: 3 (64,744 chars)
  Tool calls (1):
    [1] tripletex_api({"method":"POST","path":"/ledger/accountingDimensionName","body":{"dimensionName":"Marked"}})
    ┌─ API POST /ledger/accountingDimensionName
    │  body:   {"dimensionName": "Marked"}
    └─ 201 OK (0.3s) id=2843
    │  response: {"value": {"id": 2843, "version": 0, "url": "kkpqfuj-amager.tripletex.dev/v2/ledger/accountingDimensionName/2843", "dimensionName": "Marked", "description": null, "dimensionIndex": 1, "active": true}}
  Iteration 1 took 4.8s

──────────────────────────────────────────────────
  ITERATION 2/25
──────────────────────────────────────────────────
  Tokens: prompt=17349 completion=40 total_session=34659
  Messages: 5 (64,944 chars)
  Tool calls (1):
    [1] tripletex_api({"method":"POST","path":"/ledger/accountingDimensionValue?dimensionNameId=2843","body":{"displayName":"Privat"}})
    │  [fix] extracted query params from path: {'dimensionNameId': '2843'}
    ┌─ API POST /ledger/accountingDimensionValue
    │  params: {"dimensionNameId": "2843"}
    │  body:   {"displayName": "Privat"}
    └─ 201 OK (0.3s) id=19662
    │  response: {"value": {"id": 19662, "version": 0, "url": "kkpqfuj-amager.tripletex.dev/v2/ledger/accountingDimensionValue/19662", "displayName": "Privat", "nameAndNumber": "Privat", "dimensionIndex": 0, "active": true, "number": null, "showInVoucherRegistration": true, "position": 1}}
  Iteration 2 took 1.1s

──────────────────────────────────────────────────
  ITERATION 3/25
──────────────────────────────────────────────────
  Tokens: prompt=17489 completion=40 total_session=52188
  Messages: 7 (65,217 chars)
  Tool calls (1):
    [1] tripletex_api({"method":"POST","path":"/ledger/accountingDimensionValue?dimensionNameId=2843","body":{"displayName":"Offentlig"}})
    │  [fix] extracted query params from path: {'dimensionNameId': '2843'}
    ┌─ API POST /ledger/accountingDimensionValue
    │  params: {"dimensionNameId": "2843"}
    │  body:   {"displayName": "Offentlig"}
    └─ 201 OK (0.3s) id=19663
    │  response: {"value": {"id": 19663, "version": 0, "url": "kkpqfuj-amager.tripletex.dev/v2/ledger/accountingDimensionValue/19663", "displayName": "Offentlig", "nameAndNumber": "Offentlig", "dimensionIndex": 0, "active": true, "number": null, "showInVoucherRegistration": true, "position": 2}}
  Iteration 3 took 1.2s

──────────────────────────────────────────────────
  ITERATION 4/25
──────────────────────────────────────────────────
  Tokens: prompt=17629 completion=29 total_session=69846
  Messages: 9 (65,496 chars)
  Tool calls (1):
    [1] tripletex_api({"method":"GET","path":"/ledger/account","params":{"number":"6300"}})
    ┌─ API GET /ledger/account
    │  params: {"number": "6300"}
    └─ 200 OK (0.3s) [1 items]
    │  response: {"fullResultSize": 1, "from": 0, "count": 1, "versionDigest": "'If-None-Match' header not specified", "values": [{"id": 481486731, "version": 0, "url": "kkpqfuj-amager.tripletex.dev/v2/ledger/account/481486731", "number": 6300, "numberPretty": "6300", "name": "Leie lokale", "description": "", "type": "OPERATING_EXPENSES", "legalVatTypes": [{"id": 0, "url": "kkpqfuj-amager.tripletex.dev/v2/ledger/vatType/0"}, {"id": 1, "url": "kkpqfuj-amager.tripletex.dev/v2/ledger/vatType/1"}, {"id": 11, "url": "kkpqfuj-amager.tripletex.dev/v2/ledger/vatType/11"}, {"id": 12, "url": "kkpqfuj-amager.tripletex.dev/v2/ledger/vatType/12"}, {"id": 230, "url": "kkpqfuj-amager.tripletex.dev/v2/ledger/vatType/230"}, {"id": 13, "url": "kkpqfuj-amager.tripletex.dev/v2/ledger/vatType/13"}, {"id": 14, "url": "kkpqfuj-amager.tripletex.dev/v2/ledger/vatType/14"}, {"id": 34, "url": "kkpqfuj-amager.tripletex.dev/v2/ledger/vatType/34"}, {"id": 35, "url": "kkpqfuj-amager.tripletex.dev/v2/ledger/vatType/35"}, {"id": 559, "url": "kkpqfuj-amager.tripletex.dev/v2/ledger/vatType/559"}, {"id": 550, "url": "kkpqfuj-amager.tripletex.dev/v2/ledger/vatType/550"}, {"id": 551, "url": "kkpqfuj-amager.tripletex.dev/v2/ledger/vatType/551"}, {"id": 553, "url": "kkpqfuj-amager.tripletex.dev/v2/ledger/vatType/553"}, {"id": 560, "url": "kkpqfuj-amager.tripletex.dev/v2/ledger/vatType/560"}], "ledgerType": "GENERAL", "balanceGroup": "Ikke i en saldogruppe.", "vatType": {"id": 0, "url": "kkpqfuj-amager.tripletex.dev/v2/ledger/vatTyp…
  Iteration 4 took 1.0s

──────────────────────────────────────────────────
  ITERATION 5/25
──────────────────────────────────────────────────
  Tokens: prompt=18424 completion=169 total_session=88439
  Messages: 11 (67,577 chars)
  Tool calls (1):
    [1] tripletex_api({"method":"POST","path":"/ledger/voucher","body":{"date":"2026-03-22","description":"Beleg für Konto 6300 mit dimension \"Offentlig\"","postings":[{"row":1,"date":"2026-03-22","amountGross":44950.0,"amountGrossCurrency":44950.0,"account":{"id":481486731},"vatType":{"id":0},"freeAccountingDimension1":{"id":19663}},{"row":2,"date":"2026-03-22","amountGross":-44950.0,"amountGrossCurrency":-44950.0,"account":{"id":481486731},"vatType":{"id":0},"freeAccountingDimension1":{"id":19663}}]}})
    ┌─ API POST /ledger/voucher
    │  body:   {"date": "2026-03-22", "description": "Beleg für Konto 6300 mit dimension \"Offentlig\"", "postings": [{"row": 1, "date": "2026-03-22", "amountGross": 44950.0, "amountGrossCurrency": 44950.0, "account": {"id": 481486731}, "vatType": {"id": 0}, "freeAccountingDimension1": {"id": 19663}}, {"row": 2, "date": "2026-03-22", "amountGross": -44950.0, "amountGrossCurrency": -44950.0, "account": {"id": 481486731}, "vatType": {"id": 0}, "freeAccountingDimension1": {"id": 19663}}]}
    └─ 201 OK (0.5s) id=609240045
    │  response: {"value": {"id": 609240045, "version": 5, "url": "kkpqfuj-amager.tripletex.dev/v2/ledger/voucher/609240045", "date": "2026-03-22", "number": 1, "tempNumber": 0, "year": 2026, "description": "Beleg für Konto 6300 mit dimension \"Offentlig\"", "voucherType": null, "reverseVoucher": null, "postings": [{"id": 3846039725, "version": 1, "url": "kkpqfuj-amager.tripletex.dev/v2/ledger/posting/3846039725", "voucher": {"id": 609240045, "url": "kkpqfuj-amager.tripletex.dev/v2/ledger/voucher/609240045"}, "date": "2026-03-22", "description": "Beleg für Konto 6300 mit dimension \"Offentlig\"", "account": {"id": 481486731, "url": "kkpqfuj-amager.tripletex.dev/v2/ledger/account/481486731"}, "amortizationAccount": null, "amortizationStartDate": null, "amortizationEndDate": null, "customer": null, "supplier": null, "employee": null, "project": null, "product": null, "department": null, "vatType": {"id": 0, "url": "kkpqfuj-amager.tripletex.dev/v2/ledger/vatType/0"}, "amount": 44950.0, "amountCurrency": 44950.0, "amountGross": 44950.0, "amountGrossCurrency": 44950.0, "currency": {"id": 1, "url": "kkpqfuj-amager.tripletex.dev/v2/currency/1"}, "closeGroup": null, "invoiceNumber": "", "termOfPayment": null, "row": 1, "type": null, "externalRef": "", "systemGenerated": false, "taxTransactionType": "(Ikke valgt)", "taxTransactionTypeId": 0, "matched": false, "quantityAmount1": 0, "quantityType1": null, "quantityAmount2": 0, "quantityType2": null, "isVatReadonly": false, "isAmountVatClosed": false, "p…
  Iteration 5 took 2.3s

──────────────────────────────────────────────────
  ITERATION 6/25
──────────────────────────────────────────────────
  Tokens: prompt=19717 completion=9 total_session=108165
  Messages: 13 (70,931 chars)
  Tool calls (1):
    [1] done()

  ⏳ Verifying task completion (279s remaining)...
  📋 Verification prompt (3474 chars):
    │ TASK: Erstellen Sie eine benutzerdefinierte Buchhaltungsdimension "Marked" mit den Werten "Privat" und "Offentlig". Buchen Sie dann einen Beleg auf Konto 6300 über 44950 NOK, verknüpft mit dem Dimensionswert "Offentlig".
    │ 
    │ 
    │ ACTION LOG (chronological):
    │ CALL: tripletex_api({"method":"POST","path":"/ledger/accountingDimensionName","body":{"dimensionName":"Marked"}})
    │ status=ok id=2843
    │ CALL: tripletex_api({"method":"POST","path":"/ledger/accountingDimensionValue?dimensionNameId=2843","body":{"displayName":"Privat"}})
    │ status=ok id=19662
    │ CALL: tripletex_api({"method":"POST","path":"/ledger/accountingDimensionValue?dimensionNameId=2843","body":{"displayName":"Offentlig"}})
    │ status=ok id=19663
    │ CALL: tripletex_api({"method":"GET","path":"/ledger/account","params":{"number":"6300"}})
    │ status=ok
    │ CALL: tripletex_api({"method":"POST","path":"/ledger/voucher","body":{"date":"2026-03-22","description":"Beleg für Konto 6300 mit dimension \"Offentlig\"","postings":[{"row":1,"date":"2026-03-22","amountGross":44950.0,"amountGrossCurrency":44950.0,"account":{"id":481486731},"vatType":{"id":0},"freeAccountingDimension1")
    │ status=ok id=609240045
    │ CALL: done({})
    │ 
    │ You are an accounting verification agent. Based ONLY on the action log above, check:
    │ 1. MATH: All amounts, percentages, VAT calculations correct? (e.g. if task says 50% of 274950, invoice total incl VAT must be 137475)
    │ 2. COMPLETENESS: Were all steps in the task done? Look at the CALL entries — if the action log shows the step was performed with status=ok, it WAS done. Do NOT say a step is missing if you can see it in the log!
    │ IMPORTANT: 'Fakturer'/'Invoice' just means create an invoice — do NOT require sending unless the task explicitly says send/sende/enviar/envoyer/senden!
    │ 3. DATA: Names, org numbers, dates match the task?
    │ 4. AMOUNTS: If any created entity shows amount=0 or totalAmount=0 in the response, that is WRONG — the postings failed silently. EXCEPTION: Supplier invoice (supplierInvoice) responses normally show amount=0 — this is OK.
    │ 5. BUDGET vs INVOICE: NEVER flag a mismatch between project budget and invoice total. For fixed-price projects the invoice excl. VAT matches the fixedprice — this is CORRECT. For other projects, invoice is based on actual work/costs. Either way, do NOT fail on budget vs invoice differences.
    │ 6. PAYMENT AMOUNTS: Invoice payments and reversals use the FULL amount INCLUDING VAT, not excl. VAT. If the task says 'X NOK excl. VAT', the correct payment/reversal amount is X × 1.25 (Norwegian 25% VAT). Do NOT flag a mismatch between excl. VAT amounts in the task and incl. VAT payment amounts.
    │ 7. VAT BREAKDOWN: If the total invoice amount matches the expected sum, do NOT fail on 'VAT breakdown not reflected' or similar vague VAT concerns. Only fail if a specific line item has the WRONG VAT rate applied.
    │ 
    │ CRITICAL: Be CONSERVATIVE. When in doubt, say PASS.
    │ Only say FAIL for CLEAR, OBJECTIVE, SPECIFIC errors (wrong math, completely missing step, wrong name).
    │ Do NOT say FAIL for: vague concerns, 'might be wrong', uncertain issues, minor stylistic differences, or steps you cannot confirm from the log (absence of evidence is NOT evidence of absence).
    │ A false FAIL causes MORE damage than a missed error. When uncertain, ALWAYS say PASS.
    │ If the action log shows all main steps completed with status=ok, say PASS.
    │ 
    │ Reply ONLY with either:
    │ - 'PASS' if everything looks correct or you are unsure
    │ - 'FAIL: <specific issue>' ONLY if there is an obvious, objective error
  🔍 Verification (888 tokens): PASS

  ✓ DONE — 6 iterations, 108165 tokens, 11.2s

======================================================================
  TASK COMPLETE — total 11.7s
======================================================================

