
======================================================================
  NEW TASK RECEIVED
  Version: unknown
======================================================================
  Prompt: Opprett og send ein faktura til kunden Sjøbris AS (org.nr 847830840) på 7350 kr eksklusiv MVA. Fakturaen gjeld Nettverksteneste.
  Files:  0
  URL:    https://tx-proxy-jwanbnu3pq-lz.a.run.app/v2
──────────────────────────────────────────────────────────────────────
  [pre] Invoice/credit/payment task detected — ensuring bank account...
    ┌─ API GET /invoice/settings
    └─ 200 OK (0.3s) id=972706
    ┌─ API GET /ledger/account
    │  params: {"isBankAccount": "true", "count": 10}
    └─ 200 OK (0.3s) [2 items]
  [bank] found account 1920 id=478622765 v=0
    ┌─ API PUT /ledger/account/478622765
    │  body:   {"id": 478622765, "version": 0, "number": 1920, "name": "Bankinnskudd", "bankAccountNumber": "15030100112"}
    └─ 200 OK (0.3s) id=478622765 name=Bankinnskudd
  [bank] bank account set OK
  [pre] Bank account setup: OK

──────────────────────────────────────────────────
  ITERATION 1/25
──────────────────────────────────────────────────
  Tokens: prompt=16740 completion=21 total_session=16761
  Messages: 3 (62,822 chars)
  Tool calls (1):
    [1] tripletex_api({"method":"GET","path":"/product"})
    ┌─ API GET /product
    └─ 200 OK (0.3s) [0 items]
    │  response: {"fullResultSize": 0, "from": 0, "count": 0, "versionDigest": "'If-None-Match' header not specified", "values": []}
  Iteration 1 took 1.3s

──────────────────────────────────────────────────
  ITERATION 2/25
──────────────────────────────────────────────────
  [github] Log pushed: 20260321_233548_4167_task_ok_4iter_crie_o_produto.log (attempt 1)
  Tokens: prompt=16811 completion=24 total_session=33596
  Messages: 5 (62,937 chars)
  Tool calls (1):
    [1] tripletex_api({"method":"GET","path":"/ledger/vatType"})
    ┌─ API GET /ledger/vatType
    └─ 200 OK (0.3s) [56 items]
    │  [trim] condensed 56 items → key fields (10092 chars)
    │  response: {"fullResultSize": 56, "from": 0, "count": 56, "versionDigest": "'If-None-Match' header not specified", "values": [{"version": 0, "id": 1, "displayName": "1: (25%) Fradrag inngående avgift, høy sats", "name": "Fradrag inngående avgift, høy sats", "number": "1"}, {"version": 0, "id": 2, "displayName": "UT-2: (100%) Direktepostert fradrag inngående avgift, høy sats (mva-kode utgikk 01.01.2017)", "name": "Direktepostert fradrag inngående avgift, høy sats (mva-kode utgikk 01.01.2017)", "number": "UT-2"}, {"version": 0, "id": 3, "displayName": "3: (25%) Utgående avgift, høy sats", "name": "Utgående avgift, høy sats", "number": "3"}, {"version": 0, "id": 4, "displayName": "4: (100%) Direktepostert utgående avgift, høy sats", "name": "Direktepostert utgående avgift, høy sats", "number": "4"}, {"version": 0, "id": 5, "displayName": "5: (0%) Ingen utgående avgift (innenfor mva-loven)", "name": "Ingen utgående avgift (innenfor mva-loven)", "number": "5"}, {"version": 0, "id": 6, "displayName": "6: (0%) Ingen utgående avgift (utenfor mva-loven)", "name": "Ingen utgående avgift (utenfor mva-loven)", "number": "6"}, {"version": 0, "id": 7, "displayName": "7: (0%) Ingen avgiftsbehandling (inntekter)", "name": "Ingen avgiftsbehandling (inntekter)", "number": "7"}, {"version": 0, "id": 11, "displayName": "11: (15%) Fradrag inngående avgift, middels sats", "name": "Fradrag inngående avgift, middels sats", "number": "11"}, {"version": 0, "id": 12, "displayName": "13: (12%) Fradrag inngående av…
  Iteration 2 took 1.4s

──────────────────────────────────────────────────
  ITERATION 3/25
──────────────────────────────────────────────────
  Tokens: prompt=19753 completion=21 total_session=53370
  Messages: 7 (70,951 chars)
  Tool calls (1):
    [1] tripletex_api({"method":"POST","path":"/product"})
    │  [fix] blocked POST without body: /product
  Iteration 3 took 0.8s

──────────────────────────────────────────────────
  ITERATION 4/25
──────────────────────────────────────────────────
  Tokens: prompt=19840 completion=181 total_session=73391
  GPT says: When creating the product, it's important to specify the right VAT type and include the JSON body. Let's proceed correctly with the creation of the product for "Nettverksteneste" which should be priced at 7350 NOK excluding VAT. We'll set the VAT type to 25%. We will use the "id" of 3 since it corresponds to "Utgående avgift, høy sats" which is 25%.

Let's proceed with creating the product:

```json
{
  "name": "Nettverksteneste",
  "priceExcludingVatCurrency": 7350,
  "vatType": {"id": 3}
}
```
  Messages: 9 (71,659 chars)
  Tool calls (1):
    [1] tripletex_api({"method":"POST","path":"/product","body":{"name":"Nettverksteneste","priceExcludingVatCurrency":7350,"vatType":{"id":3}}})
    ┌─ API POST /product
    │  body:   {"name": "Nettverksteneste", "priceExcludingVatCurrency": 7350, "vatType": {"id": 3}}
    └─ 201 OK (0.4s) id=84424898 name=Nettverksteneste
    │  response: {"value": {"id": 84424898, "version": 0, "url": "kkpqfuj-amager.tripletex.dev/v2/product/84424898", "name": "Nettverksteneste", "number": "", "displayNumber": "", "description": "", "orderLineDescription": "", "costExcludingVatCurrency": 0, "costPrice": 0, "priceExcludingVatCurrency": 7350, "priceIncludingVatCurrency": 9187.5, "isInactive": false, "productUnit": null, "incomingStock": 0, "outgoingStock": 0, "vatType": {"id": 3, "url": "kkpqfuj-amager.tripletex.dev/v2/ledger/vatType/3"}, "currency": {"id": 1, "url": "kkpqfuj-amager.tripletex.dev/v2/currency/1"}, "department": null, "account": null, "supplier": null, "resaleProduct": null, "isDeletable": false, "hasSupplierProductConnected": false, "image": null, "displayName": "Nettverksteneste", "mainSupplierProduct": null, "isRoundPriceIncVat": false, "priceInTargetCurrency": 0, "purchasePriceCurrency": 0}}
  Iteration 4 took 2.5s

──────────────────────────────────────────────────
  ITERATION 5/25
──────────────────────────────────────────────────
  Tokens: prompt=20320 completion=42 total_session=93753
  Messages: 11 (72,529 chars)
  Tool calls (1):
    [1] tripletex_api({"method":"POST","path":"/customer","body":{"name":"Sjøbris AS","isCustomer":true,"organizationNumber":"847830840"}})
    ┌─ API POST /customer
    │  body:   {"name": "Sjøbris AS", "isCustomer": true, "organizationNumber": "847830840"}
    └─ 201 OK (0.3s) id=108462238 name=Sjøbris AS
    │  response: {"value": {"id": 108462238, "version": 1, "url": "kkpqfuj-amager.tripletex.dev/v2/customer/108462238", "name": "Sjøbris AS", "organizationNumber": "847830840", "globalLocationNumber": 0, "supplierNumber": 0, "customerNumber": 10002, "isSupplier": false, "isCustomer": true, "isInactive": false, "accountManager": null, "department": null, "email": "", "invoiceEmail": "", "overdueNoticeEmail": "", "phoneNumber": "", "phoneNumberMobile": "", "description": "", "language": "NO", "displayName": "Sjøbris AS (10002)", "isPrivateIndividual": false, "singleCustomerInvoice": false, "invoiceSendMethod": "EMAIL", "emailAttachmentType": "ATTACHMENT", "postalAddress": {"id": 405771687, "url": "kkpqfuj-amager.tripletex.dev/v2/address/405771687"}, "physicalAddress": {"id": 405771686, "url": "kkpqfuj-amager.tripletex.dev/v2/address/405771686"}, "deliveryAddress": null, "category1": null, "category2": null, "category3": null, "invoicesDueIn": 14, "invoicesDueInType": "DAYS", "currency": {"id": 1, "url": "kkpqfuj-amager.tripletex.dev/v2/currency/1"}, "bankAccountPresentation": [], "ledgerAccount": {"id": 478622709, "url": "kkpqfuj-amager.tripletex.dev/v2/ledger/account/478622709"}, "isFactoring": false, "invoiceSendSMSNotification": false, "invoiceSMSNotificationNumber": "", "isAutomaticSoftReminderEnabled": false, "isAutomaticReminderEnabled": false, "isAutomaticNoticeOfDebtCollectionEnabled": false, "discountPercentage": 0, "website": ""}}
  Iteration 5 took 1.5s

──────────────────────────────────────────────────
  ITERATION 6/25
──────────────────────────────────────────────────
  Tokens: prompt=20809 completion=51 total_session=114613
  Messages: 13 (73,974 chars)
  Tool calls (1):
    [1] tripletex_api({"method":"POST","path":"/order","body":{"customer":{"id":108462238},"orderDate":"2026-03-21","deliveryDate":"2026-03-21"}})
    ┌─ API POST /order
    │  body:   {"customer": {"id": 108462238}, "orderDate": "2026-03-21", "deliveryDate": "2026-03-21"}
    └─ 201 OK (0.5s) id=402046893
    │  response: {"value": {"id": 402046893, "version": 0, "url": "kkpqfuj-amager.tripletex.dev/v2/order/402046893", "customer": {"id": 108462238, "url": "kkpqfuj-amager.tripletex.dev/v2/customer/108462238"}, "contact": null, "attn": null, "displayName": "1 Ordre", "receiverEmail": "", "overdueNoticeEmail": "", "number": "1", "reference": "", "department": null, "orderDate": "2026-03-21", "project": null, "invoiceComment": "", "currency": {"id": 1, "url": "kkpqfuj-amager.tripletex.dev/v2/currency/1"}, "invoicesDueIn": 14, "invoicesDueInType": "DAYS", "isShowOpenPostsOnInvoices": false, "isClosed": false, "deliveryDate": "2026-03-21", "deliveryAddress": null, "deliveryComment": "", "isPrioritizeAmountsIncludingVat": false, "orderLineSorting": "PRODUCT", "orderGroups": [], "orderLines": [], "isSubscription": false, "subscriptionDuration": 0, "subscriptionDurationType": "MONTHS", "subscriptionPeriodsOnInvoice": 0, "subscriptionPeriodsOnInvoiceType": "MONTHS", "subscriptionInvoicingTimeInAdvanceOrArrears": "ADVANCE", "subscriptionInvoicingTime": 0, "subscriptionInvoicingTimeType": "MONTHS", "isSubscriptionAutoInvoicing": false, "preliminaryInvoice": {"id": 2147652280, "url": "kkpqfuj-amager.tripletex.dev/v2/invoice/2147652280"}, "attachment": [], "sendMethodDescription": "Faktura må sendes manuelt.", "invoiceOnAccountVatHigh": false, "totalInvoicedOnAccountAmountAbsoluteCurrency": 0.0, "invoiceSendSMSNotification": false, "invoiceSMSNotificationNumber": "", "markUpOrderLines": 0, "discountPercent…
  Iteration 6 took 1.8s

──────────────────────────────────────────────────
  ITERATION 7/25
──────────────────────────────────────────────────
  Tokens: prompt=21365 completion=45 total_session=136023
  Messages: 15 (75,604 chars)
  Tool calls (1):
    [1] tripletex_api({"method":"POST","path":"/order/orderline","body":{"order":{"id":402046893},"product":{"id":84424898},"count":1}})
    ┌─ API POST /order/orderline
    │  body:   {"order": {"id": 402046893}, "product": {"id": 84424898}, "count": 1}
    └─ 201 OK (0.5s) id=1607583907
    │  response: {"value": {"id": 1607583907, "version": 1, "url": "kkpqfuj-amager.tripletex.dev/v2/order/orderline/1607583907", "product": {"id": 84424898, "url": "kkpqfuj-amager.tripletex.dev/v2/product/84424898"}, "inventory": null, "description": "", "displayName": "Nettverksteneste", "count": 1.0, "unitCostCurrency": 0.0, "unitPriceExcludingVatCurrency": 7350.0, "currency": {"id": 1, "url": "kkpqfuj-amager.tripletex.dev/v2/currency/1"}, "markup": 0.0, "discount": 0.0, "vatType": {"id": 3, "url": "kkpqfuj-amager.tripletex.dev/v2/ledger/vatType/3"}, "amountExcludingVatCurrency": 7350.0, "amountIncludingVatCurrency": 9187.5, "vendor": null, "order": {"id": 402046893, "url": "kkpqfuj-amager.tripletex.dev/v2/order/402046893"}, "unitPriceIncludingVatCurrency": 9187.5, "isSubscription": false, "subscriptionPeriodStart": null, "subscriptionPeriodEnd": null, "orderGroup": null, "sortIndex": 0, "isPicked": false, "pickedDate": null, "orderedQuantity": 0, "isCharged": false}}
  Iteration 7 took 1.5s

──────────────────────────────────────────────────
  ITERATION 8/25
──────────────────────────────────────────────────
  Tokens: prompt=21763 completion=54 total_session=157840
  Messages: 17 (76,571 chars)
  Tool calls (1):
    [1] tripletex_api({"method":"POST","path":"/invoice","body":{"invoiceDate":"2026-03-21","invoiceDueDate":"2026-04-04","orders":[{"id":402046893}]}})
    ┌─ API POST /invoice
    │  body:   {"invoiceDate": "2026-03-21", "invoiceDueDate": "2026-04-04", "orders": [{"id": 402046893}]}
    └─ 201 OK (0.6s) id=2147652285
    │  response: {"value": {"id": 2147652285, "version": 3, "url": "kkpqfuj-amager.tripletex.dev/v2/invoice/2147652285", "invoiceNumber": 1, "invoiceDate": "2026-03-21", "customer": {"id": 108462238, "url": "kkpqfuj-amager.tripletex.dev/v2/customer/108462238"}, "creditedInvoice": 0, "isCredited": false, "invoiceDueDate": "2026-04-04", "kid": "", "invoiceComment": "", "comment": "", "orders": [{"id": 402046893, "url": "kkpqfuj-amager.tripletex.dev/v2/order/402046893"}], "orderLines": [{"id": 1607583907, "url": "kkpqfuj-amager.tripletex.dev/v2/order/orderline/1607583907"}], "travelReports": [], "projectInvoiceDetails": [{"id": 1965802756, "url": "kkpqfuj-amager.tripletex.dev/v2/invoice/details/1965802756"}], "voucher": {"id": 609217325, "url": "kkpqfuj-amager.tripletex.dev/v2/ledger/voucher/609217325"}, "deliveryDate": "2026-03-21", "amount": 9187.5, "amountCurrency": 9187.5, "amountExcludingVat": 7350.0, "amountExcludingVatCurrency": 7350.0, "amountRoundoff": 0, "amountRoundoffCurrency": 0, "amountOutstanding": 9187.5, "amountCurrencyOutstanding": 9187.5, "amountOutstandingTotal": 9187.5, "amountCurrencyOutstandingTotal": 9187.5, "sumRemits": 0, "currency": {"id": 1, "url": "kkpqfuj-amager.tripletex.dev/v2/currency/1"}, "isCreditNote": false, "isCharged": true, "isApproved": false, "postings": [{"id": 3845980239, "url": "kkpqfuj-amager.tripletex.dev/v2/ledger/posting/3845980239"}], "reminders": [], "invoiceRemarks": "", "invoiceRemark": null, "isPeriodizationPossible": true, "documentId": 1024…
  Iteration 8 took 1.5s

──────────────────────────────────────────────────
  ITERATION 9/25
──────────────────────────────────────────────────
  Tokens: prompt=22364 completion=35 total_session=180239
  Messages: 19 (78,079 chars)
  Tool calls (1):
    [1] tripletex_api({"method":"PUT","path":"/invoice/2147652285/:send","params":{"sendType":"EMAIL"}})
    ┌─ API PUT /invoice/2147652285/:send
    │  params: {"sendType": "EMAIL"}
    └─ 204 OK (0.6s)
    │  response: {"raw": ""}
  Iteration 9 took 1.6s

──────────────────────────────────────────────────
  ITERATION 10/25
──────────────────────────────────────────────────
  Tokens: prompt=22414 completion=9 total_session=202662
  Messages: 21 (78,090 chars)
  Tool calls (1):
    [1] done()

  ⏳ Verifying task completion (275s remaining)...
  📋 Verification prompt (3805 chars):
    │ TASK: Opprett og send ein faktura til kunden Sjøbris AS (org.nr 847830840) på 7350 kr eksklusiv MVA. Fakturaen gjeld Nettverksteneste.
    │ 
    │ 
    │ ACTION LOG (chronological):
    │ CALL: tripletex_api({"method":"GET","path":"/product"})
    │ status=ok
    │ CALL: tripletex_api({"method":"GET","path":"/ledger/vatType"})
    │ CALL: tripletex_api({"method":"POST","path":"/product"})
    │ status=400
    │ CALL: tripletex_api({"method":"POST","path":"/product","body":{"name":"Nettverksteneste","priceExcludingVatCurrency":7350,"vatType":{"id":3}}})
    │ status=ok id=84424898 name=Nettverksteneste priceExcludingVatCurrency=7350 priceIncludingVatCurrency=9187.5
    │ CALL: tripletex_api({"method":"POST","path":"/customer","body":{"name":"Sjøbris AS","isCustomer":true,"organizationNumber":"847830840"}})
    │ status=ok id=108462238 name=Sjøbris AS
    │ CALL: tripletex_api({"method":"POST","path":"/order","body":{"customer":{"id":108462238},"orderDate":"2026-03-21","deliveryDate":"2026-03-21"}})
    │ status=ok id=402046893
    │ CALL: tripletex_api({"method":"POST","path":"/order/orderline","body":{"order":{"id":402046893},"product":{"id":84424898},"count":1}})
    │ status=ok id=1607583907 count=1.0
    │ CALL: tripletex_api({"method":"POST","path":"/invoice","body":{"invoiceDate":"2026-03-21","invoiceDueDate":"2026-04-04","orders":[{"id":402046893}]}})
    │ status=ok id=2147652285 amount=9187.5 amountCurrency=9187.5 invoiceNumber=1
    │ CALL: tripletex_api({"method":"PUT","path":"/invoice/2147652285/:send","params":{"sendType":"EMAIL"}})
    │ status=ok
    │ CALL: done({})
    │ 
    │ You are an accounting verification agent. Based ONLY on the action log above, check:
    │ 1. MATH: All amounts, percentages, VAT calculations correct? (e.g. if task says 50% of 274950, invoice total incl VAT must be 137475)
    │ 2. COMPLETENESS: Were all steps in the task done? Look at the CALL entries — if the action log shows the step was performed with status=ok, it WAS done. Do NOT say a step is missing if you can see it in the log!
    │ IMPORTANT: 'Fakturer'/'Invoice' just means create an invoice — do NOT require sending unless the task explicitly says send/sende/enviar/envoyer/senden!
    │ 3. DATA: Names, org numbers, dates match the task?
    │ 4. AMOUNTS: If any created entity shows amount=0 or totalAmount=0 in the response, that is WRONG — the postings failed silently. EXCEPTION: Supplier invoice (supplierInvoice) responses normally show amount=0 — this is OK.
    │ 5. BUDGET vs INVOICE: NEVER flag a mismatch between project budget and invoice total. For fixed-price projects the invoice excl. VAT matches the fixedprice — this is CORRECT. For other projects, invoice is based on actual work/costs. Either way, do NOT fail on budget vs invoice differences.
    │ 6. PAYMENT AMOUNTS: Invoice payments and reversals use the FULL amount INCLUDING VAT, not excl. VAT. If the task says 'X NOK excl. VAT', the correct payment/reversal amount is X × 1.25 (Norwegian 25% VAT). Do NOT flag a mismatch between excl. VAT amounts in the task and incl. VAT payment amounts.
    │ 7. VAT BREAKDOWN: If the total invoice amount matches the expected sum, do NOT fail on 'VAT breakdown not reflected' or similar vague VAT concerns. Only fail if a specific line item has the WRONG VAT rate applied.
    │ 
    │ CRITICAL: Be CONSERVATIVE. When in doubt, say PASS.
    │ Only say FAIL for CLEAR, OBJECTIVE, SPECIFIC errors (wrong math, completely missing step, wrong name).
    │ Do NOT say FAIL for: vague concerns, 'might be wrong', uncertain issues, minor stylistic differences, or steps you cannot confirm from the log (absence of evidence is NOT evidence of absence).
    │ A false FAIL causes MORE damage than a missed error. When uncertain, ALWAYS say PASS.
    │ If the action log shows all main steps completed with status=ok, say PASS.
    │ 
    │ Reply ONLY with either:
    │ - 'PASS' if everything looks correct or you are unsure
    │ - 'FAIL: <specific issue>' ONLY if there is an obvious, objective error
  🔍 Verification (1017 tokens): PASS

  ✓ DONE — 10 iterations, 202662 tokens, 15.5s

======================================================================
  TASK COMPLETE — total 17.7s
======================================================================

