
======================================================================
  NEW TASK RECEIVED
  Version: unknown
======================================================================
  Prompt: Crie três departamentos no Tripletex: "Drift", "Logistikk" e "IT".
  Files:  0
  URL:    https://tx-proxy-jwanbnu3pq-lz.a.run.app/v2
──────────────────────────────────────────────────────────────────────

──────────────────────────────────────────────────
  ITERATION 1/25
──────────────────────────────────────────────────
  Tokens: prompt=15745 completion=33 total_session=15778
  Messages: 3 (59,062 chars)
  Tool calls (1):
    [1] tripletex_api({"method":"POST","path":"/department","body":{"name":"Drift","departmentNumber":"1"}})
    ┌─ API POST /department
    │  body:   {"name": "Drift", "departmentNumber": "1"}
    └─ 201 OK (2.4s) id=963902 name=Drift
    │  response: {"value": {"id": 963902, "version": 0, "url": "kkpqfuj-amager.tripletex.dev/v2/department/963902", "name": "Drift", "departmentNumber": "1", "departmentManager": null, "displayName": "1 Drift", "isInactive": false, "businessActivityTypeId": 0}}
  Iteration 1 took 3.0s

──────────────────────────────────────────────────
  ITERATION 2/25
──────────────────────────────────────────────────
  Tokens: prompt=15869 completion=34 total_session=31681
  Messages: 5 (59,306 chars)
  Tool calls (1):
    [1] tripletex_api({"method":"POST","path":"/department","body":{"name":"Logistikk","departmentNumber":"2"}})
    ┌─ API POST /department
    │  body:   {"name": "Logistikk", "departmentNumber": "2"}
    └─ 201 OK (2.1s) id=963907 name=Logistikk
    │  response: {"value": {"id": 963907, "version": 0, "url": "kkpqfuj-amager.tripletex.dev/v2/department/963907", "name": "Logistikk", "departmentNumber": "2", "departmentManager": null, "displayName": "2 Logistikk", "isInactive": false, "businessActivityTypeId": 0}}
  Iteration 2 took 2.9s

──────────────────────────────────────────────────
  ITERATION 3/25
──────────────────────────────────────────────────
  Tokens: prompt=15997 completion=32 total_session=47710
  Messages: 7 (59,558 chars)
  Tool calls (1):
    [1] tripletex_api({"method":"POST","path":"/department","body":{"name":"IT","departmentNumber":"3"}})
    ┌─ API POST /department
    │  body:   {"name": "IT", "departmentNumber": "3"}
    └─ 201 OK (2.1s) id=963913 name=IT
    │  response: {"value": {"id": 963913, "version": 0, "url": "kkpqfuj-amager.tripletex.dev/v2/department/963913", "name": "IT", "departmentNumber": "3", "departmentManager": null, "displayName": "3 IT", "isInactive": false, "businessActivityTypeId": 0}}
  Iteration 3 took 2.9s

──────────────────────────────────────────────────
  ITERATION 4/25
──────────────────────────────────────────────────
  Tokens: prompt=16119 completion=9 total_session=63838
  Messages: 9 (59,796 chars)
  Tool calls (1):
    [1] done()

  ⏳ Verifying task completion (280s remaining)...
  📋 Verification prompt (2978 chars):
    │ TASK: Crie três departamentos no Tripletex: "Drift", "Logistikk" e "IT".
    │ 
    │ TASK TYPE: Department creation.
    │ Check: all requested departments created with correct names and unique departmentNumbers.
    │ 
    │ ACTION LOG (chronological):
    │ CALL: tripletex_api({"method":"POST","path":"/department","body":{"name":"Drift","departmentNumber":"1"}})
    │ status=ok id=963902 name=Drift
    │ CALL: tripletex_api({"method":"POST","path":"/department","body":{"name":"Logistikk","departmentNumber":"2"}})
    │ status=ok id=963907 name=Logistikk
    │ CALL: tripletex_api({"method":"POST","path":"/department","body":{"name":"IT","departmentNumber":"3"}})
    │ status=ok id=963913 name=IT
    │ CALL: done({})
    │ 
    │ You are an accounting verification agent. Based ONLY on the action log above, check:
    │ 1. MATH: All amounts, percentages, VAT calculations correct? (e.g. if task says 50% of 274950, invoice total incl VAT must be 137475)
    │ 2. COMPLETENESS: Were all steps in the task done? Look at the CALL entries — if the action log shows the step was performed with status=ok, it WAS done. Do NOT say a step is missing if you can see it in the log!
    │ IMPORTANT: 'Fakturer'/'Invoice' just means create an invoice — do NOT require sending unless the task explicitly says send/sende/enviar/envoyer/senden!
    │ 3. DATA: Names, org numbers, dates match the task?
    │ 4. AMOUNTS: If any created entity shows amount=0 or totalAmount=0 in the response, that is WRONG — the postings failed silently. EXCEPTION: Supplier invoice (supplierInvoice) responses normally show amount=0 — this is OK.
    │ 5. BUDGET vs INVOICE: NEVER flag a mismatch between project budget and invoice total. For fixed-price projects the invoice excl. VAT matches the fixedprice — this is CORRECT. For other projects, invoice is based on actual work/costs. Either way, do NOT fail on budget vs invoice differences.
    │ 6. PAYMENT AMOUNTS: Invoice payments and reversals use the FULL amount INCLUDING VAT, not excl. VAT. If the task says 'X NOK excl. VAT', the correct payment/reversal amount is X × 1.25 (Norwegian 25% VAT). Do NOT flag a mismatch between excl. VAT amounts in the task and incl. VAT payment amounts.
    │ 7. VAT BREAKDOWN: If the total invoice amount matches the expected sum, do NOT fail on 'VAT breakdown not reflected' or similar vague VAT concerns. Only fail if a specific line item has the WRONG VAT rate applied.
    │ 
    │ CRITICAL: Be CONSERVATIVE. When in doubt, say PASS.
    │ Only say FAIL for CLEAR, OBJECTIVE, SPECIFIC errors (wrong math, completely missing step, wrong name).
    │ Do NOT say FAIL for: vague concerns, 'might be wrong', uncertain issues, minor stylistic differences, or steps you cannot confirm from the log (absence of evidence is NOT evidence of absence).
    │ A false FAIL causes MORE damage than a missed error. When uncertain, ALWAYS say PASS.
    │ If the action log shows all main steps completed with status=ok, say PASS.
    │ 
    │ Reply ONLY with either:
    │ - 'PASS' if everything looks correct or you are unsure
    │ - 'FAIL: <specific issue>' ONLY if there is an obvious, objective error
  🔍 Verification (732 tokens): PASS

  ✓ DONE — 4 iterations, 63838 tokens, 10.1s

======================================================================
  TASK COMPLETE — total 10.5s
======================================================================

