
======================================================================
  NEW TASK RECEIVED
  Version: unknown
======================================================================
  Prompt: Registrer 5 timer for Silje Strand (silje.strand@example.org) på aktiviteten "Design" i prosjektet "Skytjeneste-oppsett" for Nordhav AS (org.nr 912074005). Timesats: 1750 kr/t. Generer en prosjektfaktura til kunden basert på de registrerte timene.
  Files:  0
  URL:    https://tx-proxy-jwanbnu3pq-lz.a.run.app/v2
──────────────────────────────────────────────────────────────────────
  [pre] Invoice/credit/payment task detected — ensuring bank account...
    ┌─ API GET /invoice/settings
    └─ 200 OK (1.3s) id=774786
  [bank] already ready
  [pre] Bank account setup: OK

──────────────────────────────────────────────────
  ITERATION 1/25
──────────────────────────────────────────────────
  Tokens: prompt=14964 completion=21 total_session=14985
  Messages: 3 (56,189 chars)
  Tool calls (1):
    [1] tripletex_api({"method":"POST","path":"/customer"})
    │  [fix] blocked POST without body: /customer
  Iteration 1 took 1.1s

──────────────────────────────────────────────────
  ITERATION 2/25
──────────────────────────────────────────────────
  Tokens: prompt=15051 completion=41 total_session=30077
  Messages: 5 (56,399 chars)
  Tool calls (1):
    [1] tripletex_api({"method":"POST","path":"/customer","body":{"name":"Nordhav AS","isCustomer":true,"organizationNumber":"912074005"}})
    ┌─ API POST /customer
    │  body:   {"name": "Nordhav AS", "isCustomer": true, "organizationNumber": "912074005"}
    └─ 201 OK (2.0s) id=108407563 name=Nordhav AS
    │  response: {"value": {"id": 108407563, "version": 1, "url": "kkpqfuj-amager.tripletex.dev/v2/customer/108407563", "name": "Nordhav AS", "organizationNumber": "912074005", "globalLocationNumber": 0, "supplierNumber": 0, "customerNumber": 10003, "isSupplier": false, "isCustomer": true, "isInactive": false, "accountManager": null, "department": null, "email": "", "invoiceEmail": "", "overdueNoticeEmail": "", "phoneNumber": "", "phoneNumberMobile": "", "description": "", "language": "NO", "displayName": "Nordhav AS (10003)", "isPrivateIndividual": false, "singleCustomerInvoice": false, "invoiceSendMethod": "EMAIL", "emailAttachmentType": "ATTACHMENT", "postalAddress": {"id": 405663950, "url": "kkpqfuj-amager.tripletex.dev/v2/address/405663950"}, "physicalAddress": {"id": 405663949, "url": "kkpqfuj-amager.tripletex.dev/v2/address/405663949"}, "deliveryAddress": null, "category1": null, "category2": null, "category3": null, "invoicesDueIn": 14, "invoicesDueInType": "DAYS", "currency": {"id": 1, "url": "kkpqfuj-amager.tripletex.dev/v2/currency/1"}, "bankAccountPresentation": [], "ledgerAccount": {"id": 374016039, "url": "kkpqfuj-amager.tripletex.dev/v2/ledger/account/374016039"}, "isFactoring": false, "invoiceSendSMSNotification": false, "invoiceSMSNotificationNumber": "", "isAutomaticSoftReminderEnabled": false, "isAutomaticReminderEnabled": false, "isAutomaticNoticeOfDebtCollectionEnabled": false, "discountPercentage": 0, "website": ""}}
  Iteration 2 took 2.7s

──────────────────────────────────────────────────
  ITERATION 3/25
──────────────────────────────────────────────────
  Tokens: prompt=15537 completion=44 total_session=45658
  Messages: 7 (57,844 chars)
  Tool calls (1):
    [1] tripletex_api({"method":"POST","path":"/employee","body":{"firstName":"Silje","lastName":"Strand","email":"silje.strand@example.org"}})
    ┌─ API POST /employee
    │  body:   {"firstName": "Silje", "lastName": "Strand", "email": "silje.strand@example.org"}
    └─ 422 ERR (2.1s) {"status": 422, "code": 18000, "message": "Validering feilet.", "link": "https://tripletex.no/v2-docs/", "developerMessage": "VALIDATION_ERROR", "validationMessages": [{"field": null, "message": "Brukertype kan ikke være \"0\" eller tom.", "path": null, "rootId": null}], "requestId": "fdb29dda-b359-478e-b23e-1ab36ed96451", "_status_code": 422}
    │  [auto-fix] POST /employee failed — searching for existing employee to rename as Silje Strand
    ┌─ API GET /employee
    │  params: {"fields": "*"}
    └─ 200 OK (2.0s) [2 items]
    ┌─ API PUT /employee/18614243
    │  body:   {"id": 18614243, "version": 2, "firstName": "Silje", "lastName": "Strand", "dateOfBirth": "1990-01-01", "email": "silje.strand@example.org"}
    └─ 200 OK (2.4s) id=18614243 name=Silje
    │  [auto-fix] employee 18614243 renamed to Silje Strand — returning as created
    │  response: {"value": {"id": 18614243, "version": 3, "url": "kkpqfuj-amager.tripletex.dev/v2/employee/18614243", "firstName": "Silje", "lastName": "Strand", "displayName": "Silje Strand", "employeeNumber": "", "dateOfBirth": "1990-01-01", "email": "silje.strand@example.org", "phoneNumberMobileCountry": {"id": 161, "url": "kkpqfuj-amager.tripletex.dev/v2/country/161"}, "phoneNumberMobile": "", "phoneNumberHome": "", "phoneNumberWork": "", "nationalIdentityNumber": "", "dnumber": "", "internationalId": {"intAmeldingType": null, "country": null, "number": ""}, "bankAccountNumber": "", "iban": "", "bic": "", "creditorBankCountryId": 0, "usesAbroadPayment": false, "userType": null, "allowInformationRegistration": true, "isContact": false, "isProxy": false, "comments": "", "address": null, "department": {"id": 738471, "url": "kkpqfuj-amager.tripletex.dev/v2/department/738471"}, "employments": [], "holidayAllowanceEarned": {"year": 0, "amount": 0.0, "basis": 0.0, "amountExtraHolidayWeek": 0.0}, "employeeCategory": null, "isAuthProjectOverviewURL": true, "pictureId": 0, "companyId": 107914811, "vismaConnect2FAactive": false}, "_status_code": 201}
  Iteration 3 took 7.4s

──────────────────────────────────────────────────
  ITERATION 4/25
──────────────────────────────────────────────────
  Tokens: prompt=15960 completion=69 total_session=61687
  Messages: 9 (58,988 chars)
  Tool calls (1):
    [1] tripletex_api({"method":"POST","path":"/project","body":{"name":"Skytjeneste-oppsett","number":"PRJ-8462","projectManager":{"id":18614243},"startDate":"2026-03-21","customer":{"id":108407563}}})
    ┌─ API POST /project
    │  body:   {"name": "Skytjeneste-oppsett", "number": "PRJ-8462", "projectManager": {"id": 18614243}, "startDate": "2026-03-21", "customer": {"id": 108407563}}
    └─ 201 OK (1.7s) id=402031475 name=Skytjeneste-oppsett
    │  response: {"value": {"id": 402031475, "version": 0, "url": "kkpqfuj-amager.tripletex.dev/v2/project/402031475", "name": "Skytjeneste-oppsett", "number": "PRJ-8462", "displayName": "PRJ-8462 Skytjeneste-oppsett", "description": "", "projectManager": {"id": 18614243, "url": "kkpqfuj-amager.tripletex.dev/v2/employee/18614243"}, "department": null, "mainProject": null, "startDate": "2026-03-21", "endDate": null, "customer": {"id": 108407563, "url": "kkpqfuj-amager.tripletex.dev/v2/customer/108407563"}, "isClosed": false, "isReadyForInvoicing": false, "isInternal": false, "isOffer": false, "isFixedPrice": false, "projectCategory": null, "deliveryAddress": null, "boligmappaAddress": null, "displayNameFormat": "NAME_STANDARD", "reference": "", "externalAccountsNumber": "", "discountPercentage": 0, "vatType": {"id": 3, "url": "kkpqfuj-amager.tripletex.dev/v2/ledger/vatType/3"}, "fixedprice": 0, "contributionMarginPercent": 0, "numberOfSubProjects": 0, "numberOfProjectParticipants": 1, "orderLines": [], "currency": {"id": 1, "url": "kkpqfuj-amager.tripletex.dev/v2/currency/1"}, "markUpOrderLines": 0, "markUpFeesEarned": 0, "isPriceCeiling": false, "priceCeilingAmount": 0, "projectHourlyRates": [{"id": 11088275, "url": "kkpqfuj-amager.tripletex.dev/v2/project/hourlyRates/11088275"}], "forParticipantsOnly": false, "participants": [{"id": 15643022, "url": "kkpqfuj-amager.tripletex.dev/v2/project/participant/15643022"}], "contact": null, "attention": null, "invoiceComment": "", "invoicingPlan": [],…
  Iteration 4 took 2.7s

──────────────────────────────────────────────────
  ITERATION 5/25
──────────────────────────────────────────────────
  Tokens: prompt=16713 completion=21 total_session=78421
  Messages: 11 (61,113 chars)
  Tool calls (1):
    [1] tripletex_api({"method":"GET","path":"/activity"})
    ┌─ API GET /activity
    └─ 200 OK (1.5s) [5 items]
    │  response: {"fullResultSize": 5, "from": 0, "count": 5, "versionDigest": "'If-None-Match' header not specified", "values": [{"id": 5209156, "version": 0, "url": "kkpqfuj-amager.tripletex.dev/v2/activity/5209156", "name": "Administrasjon", "number": "", "description": "", "activityType": "GENERAL_ACTIVITY", "isProjectActivity": false, "isGeneral": true, "isTask": false, "isDisabled": false, "isChargeable": false, "rate": 0.0, "costPercentage": 0.0, "displayName": "Administrasjon", "deletable": true}, {"id": 5209157, "version": 0, "url": "kkpqfuj-amager.tripletex.dev/v2/activity/5209157", "name": "Ferie", "number": "", "description": "", "activityType": "GENERAL_ACTIVITY", "isProjectActivity": false, "isGeneral": true, "isTask": false, "isDisabled": false, "isChargeable": false, "rate": 0.0, "costPercentage": 0.0, "displayName": "Ferie", "deletable": false}, {"id": 5209158, "version": 0, "url": "kkpqfuj-amager.tripletex.dev/v2/activity/5209158", "name": "Prosjektadministrasjon", "number": "", "description": "", "activityType": "PROJECT_GENERAL_ACTIVITY", "isProjectActivity": true, "isGeneral": true, "isTask": false, "isDisabled": false, "isChargeable": false, "rate": 0.0, "costPercentage": 0.0, "displayName": "Prosjektadministrasjon", "deletable": true}, {"id": 5209159, "version": 0, "url": "kkpqfuj-amager.tripletex.dev/v2/activity/5209159", "name": "Fakturerbart arbeid", "number": "", "description": "", "activityType": "PROJECT_GENERAL_ACTIVITY", "isProjectActivity": true, "isGeneral": t…
  Iteration 5 took 2.3s

──────────────────────────────────────────────────
  ITERATION 6/25
──────────────────────────────────────────────────
  Tokens: prompt=17409 completion=82 total_session=95912
  Messages: 13 (63,144 chars)
  Tool calls (1):
    [1] tripletex_api({"method":"POST","path":"/timesheet/entry","body":{"employee":{"id":18614243},"project":{"id":402031475},"activity":{"id":5878565},"date":"2026-03-21","hours":5,"comment":"Registrert timer på Design i Skytjeneste-oppsett prosjektet."}})
    ┌─ API POST /timesheet/entry
    │  body:   {"employee": {"id": 18614243}, "project": {"id": 402031475}, "activity": {"id": 5878565}, "date": "2026-03-21", "hours": 5, "comment": "Registrert timer på Design i Skytjeneste-oppsett prosjektet."}
    └─ 201 OK (2.2s) id=175910370
    │  response: {"value": {"id": 175910370, "version": 0, "url": "kkpqfuj-amager.tripletex.dev/v2/timesheet/entry/175910370", "project": {"id": 402031475, "url": "kkpqfuj-amager.tripletex.dev/v2/project/402031475"}, "activity": {"id": 5878565, "url": "kkpqfuj-amager.tripletex.dev/v2/activity/5878565"}, "date": "2026-03-21", "hours": 5.0, "chargeableHours": 5.0, "employee": {"id": 18614243, "url": "kkpqfuj-amager.tripletex.dev/v2/employee/18614243"}, "timeClocks": [], "comment": "Registrert timer på Design i Skytjeneste-oppsett prosjektet.", "locked": false, "chargeable": false, "invoice": null, "hourlyRate": 0.0, "hourlyCost": 0.0, "hourlyCostPercentage": 0, "projectChargeableHours": 5.0}}
  Iteration 6 took 5.0s

──────────────────────────────────────────────────
  ITERATION 7/25
──────────────────────────────────────────────────
  Tokens: prompt=17755 completion=24 total_session=113691
  Messages: 15 (63,826 chars)
  Tool calls (1):
    [1] tripletex_api({"method":"GET","path":"/ledger/vatType"})
    ┌─ API GET /ledger/vatType
    └─ 200 OK (1.5s) [56 items]
    │  response: {"fullResultSize": 56, "from": 0, "count": 56, "versionDigest": "'If-None-Match' header not specified", "values": [{"id": 1, "version": 0, "url": "kkpqfuj-amager.tripletex.dev/v2/ledger/vatType/1", "name": "Fradrag inngående avgift, høy sats", "number": "1", "displayName": "1: (25%) Fradrag inngående avgift, høy sats", "percentage": 25, "deductionPercentage": 100.0, "parentType": {"id": 0, "url": "kkpqfuj-amager.tripletex.dev/v2/ledger/vatType/0"}}, {"id": 2, "version": 0, "url": "kkpqfuj-amager.tripletex.dev/v2/ledger/vatType/2", "name": "Direktepostert fradrag inngående avgift, høy sats (mva-kode utgikk 01.01.2017)", "number": "UT-2", "displayName": "UT-2: (100%) Direktepostert fradrag inngående avgift, høy sats (mva-kode utgikk 01.01.2017)", "percentage": 100.0, "deductionPercentage": 100.0, "parentType": {"id": 0, "url": "kkpqfuj-amager.tripletex.dev/v2/ledger/vatType/0"}}, {"id": 3, "version": 0, "url": "kkpqfuj-amager.tripletex.dev/v2/ledger/vatType/3", "name": "Utgående avgift, høy sats", "number": "3", "displayName": "3: (25%) Utgående avgift, høy sats", "percentage": 25, "deductionPercentage": 100.0, "parentType": {"id": 0, "url": "kkpqfuj-amager.tripletex.dev/v2/ledger/vatType/0"}}, {"id": 4, "version": 0, "url": "kkpqfuj-amager.tripletex.dev/v2/ledger/vatType/4", "name": "Direktepostert utgående avgift, høy sats", "number": "4", "displayName": "4: (100%) Direktepostert utgående avgift, høy sats", "percentage": 100.0, "deductionPercentage": 100.0, "parentType": {"id…
  Iteration 7 took 2.2s

──────────────────────────────────────────────────
  ITERATION 8/25
──────────────────────────────────────────────────
  Tokens: prompt=20786 completion=54 total_session=134531
  Messages: 17 (71,840 chars)
  Tool calls (1):
    [1] tripletex_api({"method":"POST","path":"/product","body":{"name":"Design per Hour - Skytjeneste-oppsett","priceExcludingVatCurrency":1750,"vatType":{"id":3}}})
    ┌─ API POST /product
    │  body:   {"name": "Design per Hour - Skytjeneste-oppsett", "priceExcludingVatCurrency": 1750, "vatType": {"id": 3}}
    └─ 201 OK (1.9s) id=84419217 name=Design per Hour - Skytjeneste-oppsett
    │  response: {"value": {"id": 84419217, "version": 0, "url": "kkpqfuj-amager.tripletex.dev/v2/product/84419217", "name": "Design per Hour - Skytjeneste-oppsett", "number": "", "displayNumber": "", "description": "", "orderLineDescription": "", "costExcludingVatCurrency": 0, "costPrice": 0, "priceExcludingVatCurrency": 1750, "priceIncludingVatCurrency": 2187.5, "isInactive": false, "productUnit": null, "incomingStock": 0, "outgoingStock": 0, "vatType": {"id": 3, "url": "kkpqfuj-amager.tripletex.dev/v2/ledger/vatType/3"}, "currency": {"id": 1, "url": "kkpqfuj-amager.tripletex.dev/v2/currency/1"}, "department": null, "account": null, "supplier": null, "resaleProduct": null, "isDeletable": false, "hasSupplierProductConnected": false, "image": null, "displayName": "Design per Hour - Skytjeneste-oppsett", "mainSupplierProduct": null, "isRoundPriceIncVat": false, "priceInTargetCurrency": 0, "purchasePriceCurrency": 0}}
  Iteration 8 took 3.3s

──────────────────────────────────────────────────
  ITERATION 9/25
──────────────────────────────────────────────────
  Tokens: prompt=21148 completion=60 total_session=155739
  Messages: 19 (72,752 chars)
  Tool calls (1):
    [1] tripletex_api({"method":"POST","path":"/order","body":{"customer":{"id":108407563},"orderDate":"2026-03-21","deliveryDate":"2026-03-21","project":{"id":402031475}}})
    ┌─ API POST /order
    │  body:   {"customer": {"id": 108407563}, "orderDate": "2026-03-21", "deliveryDate": "2026-03-21", "project": {"id": 402031475}}
    └─ 201 OK (2.4s) id=402031496
    │  response: {"value": {"id": 402031496, "version": 0, "url": "kkpqfuj-amager.tripletex.dev/v2/order/402031496", "customer": {"id": 108407563, "url": "kkpqfuj-amager.tripletex.dev/v2/customer/108407563"}, "contact": null, "attn": null, "displayName": "3 Ordre", "receiverEmail": "", "overdueNoticeEmail": "", "number": "3", "reference": "", "department": null, "orderDate": "2026-03-21", "project": {"id": 402031475, "url": "kkpqfuj-amager.tripletex.dev/v2/project/402031475"}, "invoiceComment": "", "currency": {"id": 1, "url": "kkpqfuj-amager.tripletex.dev/v2/currency/1"}, "invoicesDueIn": 14, "invoicesDueInType": "DAYS", "isShowOpenPostsOnInvoices": false, "isClosed": false, "deliveryDate": "2026-03-21", "deliveryAddress": null, "deliveryComment": "", "isPrioritizeAmountsIncludingVat": false, "orderLineSorting": "PRODUCT", "orderGroups": [], "orderLines": [], "isSubscription": false, "subscriptionDuration": 0, "subscriptionDurationType": "MONTHS", "subscriptionPeriodsOnInvoice": 0, "subscriptionPeriodsOnInvoiceType": "MONTHS", "subscriptionInvoicingTimeInAdvanceOrArrears": "ADVANCE", "subscriptionInvoicingTime": 0, "subscriptionInvoicingTimeType": "MONTHS", "isSubscriptionAutoInvoicing": false, "preliminaryInvoice": {"id": 2147630558, "url": "kkpqfuj-amager.tripletex.dev/v2/invoice/2147630558"}, "attachment": [], "sendMethodDescription": "Faktura må sendes manuelt.", "invoiceOnAccountVatHigh": false, "totalInvoicedOnAccountAmountAbsoluteCurrency": 0.0, "invoiceSendSMSNotification": false, "i…
  Iteration 9 took 4.3s

──────────────────────────────────────────────────
  ITERATION 10/25
──────────────────────────────────────────────────
  Tokens: prompt=21740 completion=45 total_session=177524
  Messages: 21 (74,455 chars)
  Tool calls (1):
    [1] tripletex_api({"method":"POST","path":"/order/orderline","body":{"order":{"id":402031496},"product":{"id":84419217},"count":5}})
    ┌─ API POST /order/orderline
    │  body:   {"order": {"id": 402031496}, "product": {"id": 84419217}, "count": 5}
    └─ 201 OK (2.5s) id=1607569646
    │  response: {"value": {"id": 1607569646, "version": 1, "url": "kkpqfuj-amager.tripletex.dev/v2/order/orderline/1607569646", "product": {"id": 84419217, "url": "kkpqfuj-amager.tripletex.dev/v2/product/84419217"}, "inventory": null, "description": "", "displayName": "Design per Hour - Skytjeneste-oppsett", "count": 5.0, "unitCostCurrency": 0.0, "unitPriceExcludingVatCurrency": 1750.0, "currency": {"id": 1, "url": "kkpqfuj-amager.tripletex.dev/v2/currency/1"}, "markup": 0.0, "discount": 0.0, "vatType": {"id": 3, "url": "kkpqfuj-amager.tripletex.dev/v2/ledger/vatType/3"}, "amountExcludingVatCurrency": 8750.0, "amountIncludingVatCurrency": 10937.5, "vendor": null, "order": {"id": 402031496, "url": "kkpqfuj-amager.tripletex.dev/v2/order/402031496"}, "unitPriceIncludingVatCurrency": 2187.5, "isSubscription": false, "subscriptionPeriodStart": null, "subscriptionPeriodEnd": null, "orderGroup": null, "sortIndex": 0, "isPicked": false, "pickedDate": null, "orderedQuantity": 0, "isCharged": false}}
  Iteration 10 took 3.6s

──────────────────────────────────────────────────
  ITERATION 11/25
──────────────────────────────────────────────────
  Tokens: prompt=22144 completion=54 total_session=199722
  Messages: 23 (75,444 chars)
  Tool calls (1):
    [1] tripletex_api({"method":"POST","path":"/invoice","body":{"invoiceDate":"2026-03-21","invoiceDueDate":"2026-04-04","orders":[{"id":402031496}]}})
    ┌─ API POST /invoice
    │  body:   {"invoiceDate": "2026-03-21", "invoiceDueDate": "2026-04-04", "orders": [{"id": 402031496}]}
    └─ 201 OK (2.1s) id=2147630577
    │  response: {"value": {"id": 2147630577, "version": 3, "url": "kkpqfuj-amager.tripletex.dev/v2/invoice/2147630577", "invoiceNumber": 2, "invoiceDate": "2026-03-21", "customer": {"id": 108407563, "url": "kkpqfuj-amager.tripletex.dev/v2/customer/108407563"}, "creditedInvoice": 0, "isCredited": false, "invoiceDueDate": "2026-04-04", "kid": "", "invoiceComment": "", "comment": "", "orders": [{"id": 402031496, "url": "kkpqfuj-amager.tripletex.dev/v2/order/402031496"}], "orderLines": [{"id": 1607569646, "url": "kkpqfuj-amager.tripletex.dev/v2/order/orderline/1607569646"}], "travelReports": [], "projectInvoiceDetails": [{"id": 1965790314, "url": "kkpqfuj-amager.tripletex.dev/v2/invoice/details/1965790314"}], "voucher": {"id": 609115463, "url": "kkpqfuj-amager.tripletex.dev/v2/ledger/voucher/609115463"}, "deliveryDate": "2026-03-21", "amount": 10937.5, "amountCurrency": 10937.5, "amountExcludingVat": 8750.0, "amountExcludingVatCurrency": 8750.0, "amountRoundoff": 0, "amountRoundoffCurrency": 0, "amountOutstanding": 10937.5, "amountCurrencyOutstanding": 10937.5, "amountOutstandingTotal": 10937.5, "amountCurrencyOutstandingTotal": 10937.5, "sumRemits": 0, "currency": {"id": 1, "url": "kkpqfuj-amager.tripletex.dev/v2/currency/1"}, "isCreditNote": false, "isCharged": true, "isApproved": false, "postings": [{"id": 3845710591, "url": "kkpqfuj-amager.tripletex.dev/v2/ledger/posting/3845710591"}], "reminders": [], "invoiceRemarks": "", "invoiceRemark": null, "isPeriodizationPossible": true, "documentId"…
  Iteration 11 took 3.1s

──────────────────────────────────────────────────
  ITERATION 12/25
──────────────────────────────────────────────────
  Tokens: prompt=22745 completion=9 total_session=222476
  Messages: 25 (76,958 chars)
  Tool calls (1):
    [1] done()

  ⏳ Verifying task completion (250s remaining)...
  📋 Verification prompt (4610 chars):
    │ TASK: Registrer 5 timer for Silje Strand (silje.strand@example.org) på aktiviteten "Design" i prosjektet "Skytjeneste-oppsett" for Nordhav AS (org.nr 912074005). Timesats: 1750 kr/t. Generer en prosjektfaktura til kunden basert på de registrerte timene.
    │ 
    │ 
    │ ACTION LOG (chronological):
    │ CALL: tripletex_api({"method":"POST","path":"/customer"})
    │ status=400
    │ CALL: tripletex_api({"method":"POST","path":"/customer","body":{"name":"Nordhav AS","isCustomer":true,"organizationNumber":"912074005"}})
    │ status=ok id=108407563 name=Nordhav AS
    │ CALL: tripletex_api({"method":"POST","path":"/employee","body":{"firstName":"Silje","lastName":"Strand","email":"silje.strand@example.org"}})
    │ status=201 id=18614243
    │ CALL: tripletex_api({"method":"POST","path":"/project","body":{"name":"Skytjeneste-oppsett","number":"PRJ-8462","projectManager":{"id":18614243},"startDate":"2026-03-21","customer":{"id":108407563}}})
    │ status=ok id=402031475 name=Skytjeneste-oppsett fixedprice=0 isFixedPrice=False
    │ CALL: tripletex_api({"method":"GET","path":"/activity"})
    │ status=ok
    │ CALL: tripletex_api({"method":"POST","path":"/timesheet/entry","body":{"employee":{"id":18614243},"project":{"id":402031475},"activity":{"id":5878565},"date":"2026-03-21","hours":5,"comment":"Registrert timer på Design i Skytjeneste-oppsett prosjektet."}})
    │ status=ok id=175910370
    │ CALL: tripletex_api({"method":"GET","path":"/ledger/vatType"})
    │ CALL: tripletex_api({"method":"POST","path":"/product","body":{"name":"Design per Hour - Skytjeneste-oppsett","priceExcludingVatCurrency":1750,"vatType":{"id":3}}})
    │ status=ok id=84419217 name=Design per Hour - Skytjeneste-oppsett priceExcludingVatCurrency=1750 priceIncludingVatCurrency=2187.5
    │ CALL: tripletex_api({"method":"POST","path":"/order","body":{"customer":{"id":108407563},"orderDate":"2026-03-21","deliveryDate":"2026-03-21","project":{"id":402031475}}})
    │ status=ok id=402031496
    │ CALL: tripletex_api({"method":"POST","path":"/order/orderline","body":{"order":{"id":402031496},"product":{"id":84419217},"count":5}})
    │ status=ok id=1607569646 count=5.0
    │ CALL: tripletex_api({"method":"POST","path":"/invoice","body":{"invoiceDate":"2026-03-21","invoiceDueDate":"2026-04-04","orders":[{"id":402031496}]}})
    │ status=ok id=2147630577 amount=10937.5 amountCurrency=10937.5 invoiceNumber=2
    │ CALL: done({})
    │ 
    │ You are an accounting verification agent. Based ONLY on the action log above, check:
    │ 1. MATH: All amounts, percentages, VAT calculations correct? (e.g. if task says 50% of 274950, invoice total incl VAT must be 137475)
    │ 2. COMPLETENESS: Were all steps in the task done? Look at the CALL entries — if the action log shows the step was performed with status=ok, it WAS done. Do NOT say a step is missing if you can see it in the log!
    │ IMPORTANT: 'Fakturer'/'Invoice' just means create an invoice — do NOT require sending unless the task explicitly says send/sende/enviar/envoyer/senden!
    │ 3. DATA: Names, org numbers, dates match the task?
    │ 4. AMOUNTS: If any created entity shows amount=0 or totalAmount=0 in the response, that is WRONG — the postings failed silently. EXCEPTION: Supplier invoice (supplierInvoice) responses normally show amount=0 — this is OK.
    │ 5. BUDGET vs INVOICE: NEVER flag a mismatch between project budget and invoice total. For fixed-price projects the invoice excl. VAT matches the fixedprice — this is CORRECT. For other projects, invoice is based on actual work/costs. Either way, do NOT fail on budget vs invoice differences.
    │ 6. PAYMENT AMOUNTS: Invoice payments and reversals use the FULL amount INCLUDING VAT, not excl. VAT. If the task says 'X NOK excl. VAT', the correct payment/reversal amount is X × 1.25 (Norwegian 25% VAT). Do NOT flag a mismatch between excl. VAT amounts in the task and incl. VAT payment amounts.
    │ 7. VAT BREAKDOWN: If the total invoice amount matches the expected sum, do NOT fail on 'VAT breakdown not reflected' or similar vague VAT concerns. Only fail if a specific line item has the WRONG VAT rate applied.
    │ 
    │ CRITICAL: Be CONSERVATIVE. When in doubt, say PASS.
    │ Only say FAIL for CLEAR, OBJECTIVE, SPECIFIC errors (wrong math, completely missing step, wrong name).
    │ Do NOT say FAIL for: vague concerns, 'might be wrong', uncertain issues, minor stylistic differences, or steps you cannot confirm from the log (absence of evidence is NOT evidence of absence).
    │ A false FAIL causes MORE damage than a missed error. When uncertain, ALWAYS say PASS.
    │ If the action log shows all main steps completed with status=ok, say PASS.
    │ 
    │ Reply ONLY with either:
    │ - 'PASS' if everything looks correct or you are unsure
    │ - 'FAIL: <specific issue>' ONLY if there is an obvious, objective error
  🔍 Verification (1259 tokens): PASS

  ✓ DONE — 12 iterations, 222476 tokens, 39.9s

======================================================================
  TASK COMPLETE — total 40.5s
======================================================================

