
======================================================================
  NEW TASK RECEIVED
  Version: unknown
======================================================================
  Prompt: Crea una factura para el cliente Dorada SL (org. nº 884244307) con tres líneas de producto: Desarrollo de sistemas (5012) a 17450 NOK con 25 % IVA, Mantenimiento (3548) a 3600 NOK con 15 % IVA (alimentos), y Almacenamiento en la nube (5899) a 15850 NOK con 0 % IVA (exento).
  Files:  0
  URL:    https://tx-proxy-jwanbnu3pq-lz.a.run.app/v2
──────────────────────────────────────────────────────────────────────
  [pre] Invoice/credit/payment task detected — ensuring bank account...
    ┌─ API GET /invoice/settings
    └─ 200 OK (1.7s) id=775636
  [bank] already ready
  [pre] Bank account setup: OK

──────────────────────────────────────────────────
  ITERATION 1/25
──────────────────────────────────────────────────
  Tokens: prompt=14705 completion=21 total_session=14726
  Messages: 3 (55,005 chars)
  Tool calls (1):
    [1] tripletex_api({"method":"GET","path":"/customer"})
    ┌─ API GET /customer
    └─ 200 OK (1.8s) [3 items]
    │  response: {"fullResultSize": 3, "from": 0, "count": 3, "versionDigest": "'If-None-Match' header not specified", "values": [{"id": 108324916, "version": 1, "url": "kkpqfuj-amager.tripletex.dev/v2/customer/108324916", "name": "Brückentor GmbH", "organizationNumber": "901668566", "globalLocationNumber": 0, "supplierNumber": 0, "customerNumber": 10001, "isSupplier": false, "isCustomer": true, "isInactive": false, "accountManager": null, "department": null, "email": "", "invoiceEmail": "", "overdueNoticeEmail": "", "phoneNumber": "", "phoneNumberMobile": "", "description": "", "language": "NO", "displayName": "Brückentor GmbH (10001)", "isPrivateIndividual": false, "singleCustomerInvoice": false, "invoiceSendMethod": "EMAIL", "emailAttachmentType": "ATTACHMENT", "postalAddress": {"id": 405500323, "url": "kkpqfuj-amager.tripletex.dev/v2/address/405500323"}, "physicalAddress": {"id": 405500322, "url": "kkpqfuj-amager.tripletex.dev/v2/address/405500322"}, "deliveryAddress": null, "category1": null, "category2": null, "category3": null, "invoicesDueIn": 14, "invoicesDueInType": "DAYS", "currency": {"id": 1, "url": "kkpqfuj-amager.tripletex.dev/v2/currency/1"}, "bankAccountPresentation": [], "ledgerAccount": {"id": 374465689, "url": "kkpqfuj-amager.tripletex.dev/v2/ledger/account/374465689"}, "isFactoring": false, "invoiceSendSMSNotification": false, "invoiceSMSNotificationNumber": "", "isAutomaticSoftReminderEnabled": false, "isAutomaticReminderEnabled": false, "isAutomaticNoticeOfDebtCollectio…
  Iteration 1 took 2.8s

──────────────────────────────────────────────────
  ITERATION 2/25
──────────────────────────────────────────────────
  Tokens: prompt=16085 completion=21 total_session=30832
  Messages: 5 (59,448 chars)
  Tool calls (1):
    [1] tripletex_api({"method":"GET","path":"/product"})
    ┌─ API GET /product
    └─ 200 OK (2.2s) [3 items]
    │  response: {"fullResultSize": 3, "from": 0, "count": 3, "versionDigest": "'If-None-Match' header not specified", "values": [{"id": 84410524, "version": 0, "url": "kkpqfuj-amager.tripletex.dev/v2/product/84410524", "name": "Desarrollo de sistemas", "number": "5012", "displayNumber": "5012", "description": "", "orderLineDescription": "", "costExcludingVatCurrency": 0, "costPrice": 0, "priceExcludingVatCurrency": 17450.0, "priceIncludingVatCurrency": 21812.5, "isInactive": false, "productUnit": null, "incomingStock": 0, "outgoingStock": 0, "vatType": {"id": 3, "url": "kkpqfuj-amager.tripletex.dev/v2/ledger/vatType/3"}, "currency": {"id": 1, "url": "kkpqfuj-amager.tripletex.dev/v2/currency/1"}, "department": null, "account": null, "supplier": null, "resaleProduct": null, "isDeletable": false, "hasSupplierProductConnected": false, "image": null, "displayName": "5012 Desarrollo de sistemas", "mainSupplierProduct": null, "isRoundPriceIncVat": false, "priceInTargetCurrency": 0, "purchasePriceCurrency": 0}, {"id": 84410526, "version": 0, "url": "kkpqfuj-amager.tripletex.dev/v2/product/84410526", "name": "Mantenimiento", "number": "3548", "displayNumber": "3548", "description": "", "orderLineDescription": "", "costExcludingVatCurrency": 0, "costPrice": 0, "priceExcludingVatCurrency": 3600.0, "priceIncludingVatCurrency": 4140.0, "isInactive": false, "productUnit": null, "incomingStock": 0, "outgoingStock": 0, "vatType": {"id": 31, "url": "kkpqfuj-amager.tripletex.dev/v2/ledger/vatType/31"}, "curre…
  Iteration 2 took 3.4s

──────────────────────────────────────────────────
  ITERATION 3/25
──────────────────────────────────────────────────
  Tokens: prompt=17027 completion=51 total_session=47910
  Messages: 7 (62,219 chars)
  Tool calls (1):
    [1] tripletex_api({"method":"POST","path":"/order","body":{"customer":{"id":108324930},"orderDate":"2026-03-21","deliveryDate":"2026-03-21"}})
    ┌─ API POST /order
    │  body:   {"customer": {"id": 108324930}, "orderDate": "2026-03-21", "deliveryDate": "2026-03-21"}
    └─ 201 OK (2.1s) id=402030155
    │  response: {"value": {"id": 402030155, "version": 0, "url": "kkpqfuj-amager.tripletex.dev/v2/order/402030155", "customer": {"id": 108324930, "url": "kkpqfuj-amager.tripletex.dev/v2/customer/108324930"}, "contact": null, "attn": null, "displayName": "2 Ordre", "receiverEmail": "", "overdueNoticeEmail": "", "number": "2", "reference": "", "department": null, "orderDate": "2026-03-21", "project": null, "invoiceComment": "", "currency": {"id": 1, "url": "kkpqfuj-amager.tripletex.dev/v2/currency/1"}, "invoicesDueIn": 14, "invoicesDueInType": "DAYS", "isShowOpenPostsOnInvoices": false, "isClosed": false, "deliveryDate": "2026-03-21", "deliveryAddress": null, "deliveryComment": "", "isPrioritizeAmountsIncludingVat": false, "orderLineSorting": "PRODUCT", "orderGroups": [], "orderLines": [], "isSubscription": false, "subscriptionDuration": 0, "subscriptionDurationType": "MONTHS", "subscriptionPeriodsOnInvoice": 0, "subscriptionPeriodsOnInvoiceType": "MONTHS", "subscriptionInvoicingTimeInAdvanceOrArrears": "ADVANCE", "subscriptionInvoicingTime": 0, "subscriptionInvoicingTimeType": "MONTHS", "isSubscriptionAutoInvoicing": false, "preliminaryInvoice": {"id": 2147628617, "url": "kkpqfuj-amager.tripletex.dev/v2/invoice/2147628617"}, "attachment": [], "sendMethodDescription": "Faktura må sendes manuelt.", "invoiceOnAccountVatHigh": false, "totalInvoicedOnAccountAmountAbsoluteCurrency": 0.0, "invoiceSendSMSNotification": false, "invoiceSMSNotificationNumber": "", "markUpOrderLines": 0, "discountPercent…
  Iteration 3 took 3.6s

──────────────────────────────────────────────────
  ITERATION 4/25
──────────────────────────────────────────────────
  Tokens: prompt=17582 completion=45 total_session=65537
  Messages: 9 (63,848 chars)
  Tool calls (1):
    [1] tripletex_api({"method":"POST","path":"/order/orderline","body":{"order":{"id":402030155},"product":{"id":84410524},"count":1}})
    ┌─ API POST /order/orderline
    │  body:   {"order": {"id": 402030155}, "product": {"id": 84410524}, "count": 1}
    └─ 201 OK (1.7s) id=1607568443
    │  response: {"value": {"id": 1607568443, "version": 1, "url": "kkpqfuj-amager.tripletex.dev/v2/order/orderline/1607568443", "product": {"id": 84410524, "url": "kkpqfuj-amager.tripletex.dev/v2/product/84410524"}, "inventory": null, "description": "", "displayName": "5012 Desarrollo de sistemas", "count": 1.0, "unitCostCurrency": 0.0, "unitPriceExcludingVatCurrency": 17450.0, "currency": {"id": 1, "url": "kkpqfuj-amager.tripletex.dev/v2/currency/1"}, "markup": 0.0, "discount": 0.0, "vatType": {"id": 3, "url": "kkpqfuj-amager.tripletex.dev/v2/ledger/vatType/3"}, "amountExcludingVatCurrency": 17450.0, "amountIncludingVatCurrency": 21812.5, "vendor": null, "order": {"id": 402030155, "url": "kkpqfuj-amager.tripletex.dev/v2/order/402030155"}, "unitPriceIncludingVatCurrency": 21812.5, "isSubscription": false, "subscriptionPeriodStart": null, "subscriptionPeriodEnd": null, "orderGroup": null, "sortIndex": 0, "isPicked": false, "pickedDate": null, "orderedQuantity": 0, "isCharged": false}}
  Iteration 4 took 3.0s

──────────────────────────────────────────────────
  ITERATION 5/25
──────────────────────────────────────────────────
  Tokens: prompt=17980 completion=45 total_session=83562
  Messages: 11 (64,830 chars)
  Tool calls (1):
    [1] tripletex_api({"method":"POST","path":"/order/orderline","body":{"order":{"id":402030155},"product":{"id":84410526},"count":1}})
    ┌─ API POST /order/orderline
    │  body:   {"order": {"id": 402030155}, "product": {"id": 84410526}, "count": 1}
    └─ 201 OK (1.6s) id=1607568446
    │  response: {"value": {"id": 1607568446, "version": 1, "url": "kkpqfuj-amager.tripletex.dev/v2/order/orderline/1607568446", "product": {"id": 84410526, "url": "kkpqfuj-amager.tripletex.dev/v2/product/84410526"}, "inventory": null, "description": "", "displayName": "3548 Mantenimiento", "count": 1.0, "unitCostCurrency": 0.0, "unitPriceExcludingVatCurrency": 3600.0, "currency": {"id": 1, "url": "kkpqfuj-amager.tripletex.dev/v2/currency/1"}, "markup": 0.0, "discount": 0.0, "vatType": {"id": 31, "url": "kkpqfuj-amager.tripletex.dev/v2/ledger/vatType/31"}, "amountExcludingVatCurrency": 3600.0, "amountIncludingVatCurrency": 4140.0, "vendor": null, "order": {"id": 402030155, "url": "kkpqfuj-amager.tripletex.dev/v2/order/402030155"}, "unitPriceIncludingVatCurrency": 4140.0, "isSubscription": false, "subscriptionPeriodStart": null, "subscriptionPeriodEnd": null, "orderGroup": null, "sortIndex": 0, "isPicked": false, "pickedDate": null, "orderedQuantity": 0, "isCharged": false}}
  Iteration 5 took 3.1s

──────────────────────────────────────────────────
  ITERATION 6/25
──────────────────────────────────────────────────
  Tokens: prompt=18377 completion=45 total_session=101984
  Messages: 13 (65,801 chars)
  Tool calls (1):
    [1] tripletex_api({"method":"POST","path":"/order/orderline","body":{"order":{"id":402030155},"product":{"id":84410528},"count":1}})
    ┌─ API POST /order/orderline
    │  body:   {"order": {"id": 402030155}, "product": {"id": 84410528}, "count": 1}
    └─ 201 OK (1.7s) id=1607568447
    │  response: {"value": {"id": 1607568447, "version": 1, "url": "kkpqfuj-amager.tripletex.dev/v2/order/orderline/1607568447", "product": {"id": 84410528, "url": "kkpqfuj-amager.tripletex.dev/v2/product/84410528"}, "inventory": null, "description": "", "displayName": "5899 Almacenamiento en la nube", "count": 1.0, "unitCostCurrency": 0.0, "unitPriceExcludingVatCurrency": 15850.0, "currency": {"id": 1, "url": "kkpqfuj-amager.tripletex.dev/v2/currency/1"}, "markup": 0.0, "discount": 0.0, "vatType": {"id": 6, "url": "kkpqfuj-amager.tripletex.dev/v2/ledger/vatType/6"}, "amountExcludingVatCurrency": 15850.0, "amountIncludingVatCurrency": 15850.0, "vendor": null, "order": {"id": 402030155, "url": "kkpqfuj-amager.tripletex.dev/v2/order/402030155"}, "unitPriceIncludingVatCurrency": 15850.0, "isSubscription": false, "subscriptionPeriodStart": null, "subscriptionPeriodEnd": null, "orderGroup": null, "sortIndex": 0, "isPicked": false, "pickedDate": null, "orderedQuantity": 0, "isCharged": false}}
  Iteration 6 took 3.1s

──────────────────────────────────────────────────
  ITERATION 7/25
──────────────────────────────────────────────────
  Tokens: prompt=18778 completion=54 total_session=120816
  Messages: 15 (66,786 chars)
  Tool calls (1):
    [1] tripletex_api({"method":"POST","path":"/invoice","body":{"invoiceDate":"2026-03-21","invoiceDueDate":"2026-04-04","orders":[{"id":402030155}]}})
    ┌─ API POST /invoice
    │  body:   {"invoiceDate": "2026-03-21", "invoiceDueDate": "2026-04-04", "orders": [{"id": 402030155}]}
    └─ 201 OK (1.7s) id=2147628638
    │  response: {"value": {"id": 2147628638, "version": 3, "url": "kkpqfuj-amager.tripletex.dev/v2/invoice/2147628638", "invoiceNumber": 2, "invoiceDate": "2026-03-21", "customer": {"id": 108324930, "url": "kkpqfuj-amager.tripletex.dev/v2/customer/108324930"}, "creditedInvoice": 0, "isCredited": false, "invoiceDueDate": "2026-04-04", "kid": "", "invoiceComment": "", "comment": "", "orders": [{"id": 402030155, "url": "kkpqfuj-amager.tripletex.dev/v2/order/402030155"}], "orderLines": [{"id": 1607568446, "url": "kkpqfuj-amager.tripletex.dev/v2/order/orderline/1607568446"}, {"id": 1607568443, "url": "kkpqfuj-amager.tripletex.dev/v2/order/orderline/1607568443"}, {"id": 1607568447, "url": "kkpqfuj-amager.tripletex.dev/v2/order/orderline/1607568447"}], "travelReports": [], "projectInvoiceDetails": [{"id": 1965789203, "url": "kkpqfuj-amager.tripletex.dev/v2/invoice/details/1965789203"}], "voucher": {"id": 609105715, "url": "kkpqfuj-amager.tripletex.dev/v2/ledger/voucher/609105715"}, "deliveryDate": "2026-03-21", "amount": 41802.5, "amountCurrency": 41802.5, "amountExcludingVat": 36900.0, "amountExcludingVatCurrency": 36900.0, "amountRoundoff": 0, "amountRoundoffCurrency": 0, "amountOutstanding": 41802.5, "amountCurrencyOutstanding": 41802.5, "amountOutstandingTotal": 41802.5, "amountCurrencyOutstandingTotal": 41802.5, "sumRemits": 0, "currency": {"id": 1, "url": "kkpqfuj-amager.tripletex.dev/v2/currency/1"}, "isCreditNote": false, "isCharged": true, "isApproved": false, "postings": [{"id": 384568481…
  Iteration 7 took 3.4s

──────────────────────────────────────────────────
  ITERATION 8/25
──────────────────────────────────────────────────
  Tokens: prompt=19447 completion=9 total_session=140272
  Messages: 17 (68,480 chars)
  Tool calls (1):
    [1] done()

  ⏳ Verifying task completion (265s remaining)...
  📋 Verification prompt (3685 chars):
    │ TASK: Crea una factura para el cliente Dorada SL (org. nº 884244307) con tres líneas de producto: Desarrollo de sistemas (5012) a 17450 NOK con 25 % IVA, Mantenimiento (3548) a 3600 NOK con 15 % IVA (alimentos), y Almacenamiento en la nube (5899) a 15850 NOK con 0 % IVA (exento).
    │ 
    │ 
    │ ACTION LOG (chronological):
    │ CALL: tripletex_api({"method":"GET","path":"/customer"})
    │ status=ok
    │ CALL: tripletex_api({"method":"GET","path":"/product"})
    │ status=ok
    │ CALL: tripletex_api({"method":"POST","path":"/order","body":{"customer":{"id":108324930},"orderDate":"2026-03-21","deliveryDate":"2026-03-21"}})
    │ status=ok id=402030155
    │ CALL: tripletex_api({"method":"POST","path":"/order/orderline","body":{"order":{"id":402030155},"product":{"id":84410524},"count":1}})
    │ status=ok id=1607568443 count=1.0
    │ CALL: tripletex_api({"method":"POST","path":"/order/orderline","body":{"order":{"id":402030155},"product":{"id":84410526},"count":1}})
    │ status=ok id=1607568446 count=1.0
    │ CALL: tripletex_api({"method":"POST","path":"/order/orderline","body":{"order":{"id":402030155},"product":{"id":84410528},"count":1}})
    │ status=ok id=1607568447 count=1.0
    │ CALL: tripletex_api({"method":"POST","path":"/invoice","body":{"invoiceDate":"2026-03-21","invoiceDueDate":"2026-04-04","orders":[{"id":402030155}]}})
    │ status=ok id=2147628638 amount=41802.5 amountCurrency=41802.5 invoiceNumber=2
    │ CALL: done({})
    │ 
    │ You are an accounting verification agent. Based ONLY on the action log above, check:
    │ 1. MATH: All amounts, percentages, VAT calculations correct? (e.g. if task says 50% of 274950, invoice total incl VAT must be 137475)
    │ 2. COMPLETENESS: Were all steps in the task done? Look at the CALL entries — if the action log shows the step was performed with status=ok, it WAS done. Do NOT say a step is missing if you can see it in the log!
    │ IMPORTANT: 'Fakturer'/'Invoice' just means create an invoice — do NOT require sending unless the task explicitly says send/sende/enviar/envoyer/senden!
    │ 3. DATA: Names, org numbers, dates match the task?
    │ 4. AMOUNTS: If any created entity shows amount=0 or totalAmount=0 in the response, that is WRONG — the postings failed silently. EXCEPTION: Supplier invoice (supplierInvoice) responses normally show amount=0 — this is OK.
    │ 5. BUDGET vs INVOICE: NEVER flag a mismatch between project budget and invoice total. For fixed-price projects the invoice excl. VAT matches the fixedprice — this is CORRECT. For other projects, invoice is based on actual work/costs. Either way, do NOT fail on budget vs invoice differences.
    │ 6. PAYMENT AMOUNTS: Invoice payments and reversals use the FULL amount INCLUDING VAT, not excl. VAT. If the task says 'X NOK excl. VAT', the correct payment/reversal amount is X × 1.25 (Norwegian 25% VAT). Do NOT flag a mismatch between excl. VAT amounts in the task and incl. VAT payment amounts.
    │ 7. VAT BREAKDOWN: If the total invoice amount matches the expected sum, do NOT fail on 'VAT breakdown not reflected' or similar vague VAT concerns. Only fail if a specific line item has the WRONG VAT rate applied.
    │ 
    │ CRITICAL: Be CONSERVATIVE. When in doubt, say PASS.
    │ Only say FAIL for CLEAR, OBJECTIVE, SPECIFIC errors (wrong math, completely missing step, wrong name).
    │ Do NOT say FAIL for: vague concerns, 'might be wrong', uncertain issues, minor stylistic differences, or steps you cannot confirm from the log (absence of evidence is NOT evidence of absence).
    │ A false FAIL causes MORE damage than a missed error. When uncertain, ALWAYS say PASS.
    │ If the action log shows all main steps completed with status=ok, say PASS.
    │ 
    │ Reply ONLY with either:
    │ - 'PASS' if everything looks correct or you are unsure
    │ - 'FAIL: <specific issue>' ONLY if there is an obvious, objective error
  🔍 Verification (992 tokens): PASS

  ✓ DONE — 8 iterations, 140272 tokens, 24.8s

======================================================================
  TASK COMPLETE — total 25.5s
======================================================================

