
======================================================================
  NEW TASK RECEIVED
  Version: unknown
======================================================================
  Prompt: Set a fixed price of 471400 NOK on the project "Infrastructure Upgrade" for Brightstone Ltd (org no. 918888020). The project manager is Alice Taylor (alice.taylor@example.org). Invoice the customer for 25% of the fixed price as a milestone payment.
  Files:  0
  URL:    https://tx-proxy-jwanbnu3pq-lz.a.run.app/v2
──────────────────────────────────────────────────────────────────────
  [pre] Invoice/credit/payment task detected — ensuring bank account...
    ┌─ API GET /invoice/settings
    └─ 200 OK (0.3s) id=979357
    ┌─ API GET /ledger/account
    │  params: {"isBankAccount": "true", "count": 10}
    └─ 200 OK (0.3s) [2 items]
  [bank] found account 1920 id=482103869 v=0
    ┌─ API PUT /ledger/account/482103869
    │  body:   {"id": 482103869, "version": 0, "number": 1920, "name": "Bankinnskudd", "bankAccountNumber": "15030100112"}
    └─ 200 OK (0.4s) id=482103869 name=Bankinnskudd
  [bank] bank account set OK
  [pre] Bank account setup: OK

──────────────────────────────────────────────────
  ITERATION 1/25
──────────────────────────────────────────────────
  Tokens: prompt=17661 completion=21 total_session=17682
  Messages: 3 (66,250 chars)
  Tool calls (1):
    [1] tripletex_api({"method":"POST","path":"/customer"})
    │  [fix] blocked POST without body: /customer
  Iteration 1 took 0.9s

──────────────────────────────────────────────────
  ITERATION 2/25
──────────────────────────────────────────────────
  Tokens: prompt=17748 completion=21 total_session=35451
  Messages: 5 (66,460 chars)
  Tool calls (1):
    [1] tripletex_api({"method":"POST","path":"/customer"})
    │  [fix] blocked POST without body: /customer
  Iteration 2 took 0.7s

──────────────────────────────────────────────────
  ITERATION 3/25
──────────────────────────────────────────────────
  Tokens: prompt=17835 completion=41 total_session=53327
  Messages: 7 (66,670 chars)
  Tool calls (1):
    [1] tripletex_api({"method":"POST","path":"/customer","body":{"name":"Brightstone Ltd","isCustomer":true,"organizationNumber":"918888020"}})
    ┌─ API POST /customer
    │  body:   {"name": "Brightstone Ltd", "isCustomer": true, "organizationNumber": "918888020"}
    └─ 201 OK (0.4s) id=108482272 name=Brightstone Ltd
    │  response: {"value": {"id": 108482272, "version": 1, "url": "kkpqfuj-amager.tripletex.dev/v2/customer/108482272", "name": "Brightstone Ltd", "organizationNumber": "918888020", "globalLocationNumber": 0, "supplierNumber": 0, "customerNumber": 10002, "isSupplier": false, "isCustomer": true, "isInactive": false, "accountManager": null, "department": null, "email": "", "invoiceEmail": "", "overdueNoticeEmail": "", "phoneNumber": "", "phoneNumberMobile": "", "description": "", "language": "NO", "displayName": "Brightstone Ltd (10002)", "isPrivateIndividual": false, "singleCustomerInvoice": false, "invoiceSendMethod": "EMAIL", "emailAttachmentType": "ATTACHMENT", "postalAddress": {"id": 405811440, "url": "kkpqfuj-amager.tripletex.dev/v2/address/405811440"}, "physicalAddress": {"id": 405811439, "url": "kkpqfuj-amager.tripletex.dev/v2/address/405811439"}, "deliveryAddress": null, "category1": null, "category2": null, "category3": null, "invoicesDueIn": 14, "invoicesDueInType": "DAYS", "currency": {"id": 1, "url": "kkpqfuj-amager.tripletex.dev/v2/currency/1"}, "bankAccountPresentation": [], "ledgerAccount": {"id": 482103813, "url": "kkpqfuj-amager.tripletex.dev/v2/ledger/account/482103813"}, "isFactoring": false, "invoiceSendSMSNotification": false, "invoiceSMSNotificationNumber": "", "isAutomaticSoftReminderEnabled": false, "isAutomaticReminderEnabled": false, "isAutomaticNoticeOfDebtCollectionEnabled": false, "discountPercentage": 0, "website": ""}}
  Iteration 3 took 1.2s

──────────────────────────────────────────────────
  ITERATION 4/25
──────────────────────────────────────────────────
  Tokens: prompt=18321 completion=41 total_session=71689
  Messages: 9 (68,125 chars)
  Tool calls (1):
    [1] tripletex_api({"method":"POST","path":"/employee","body":{"firstName":"Alice","lastName":"Taylor","email":"alice.taylor@example.org"}})
    ┌─ API POST /employee
    │  body:   {"firstName": "Alice", "lastName": "Taylor", "email": "alice.taylor@example.org"}
    └─ 422 ERR (0.4s) {"status": 422, "code": 18000, "message": "Validering feilet.", "link": "https://tripletex.no/v2-docs/", "developerMessage": "VALIDATION_ERROR", "validationMessages": [{"field": null, "message": "Brukertype kan ikke være \"0\" eller tom.", "path": null, "rootId": null}], "requestId": "6178e537-945e-4f7b-af95-1b2af2473b8f", "_status_code": 422}
    │  [auto-fix] POST /employee failed — searching for existing employee to rename as Alice Taylor
    ┌─ API GET /employee
    │  params: {"fields": "*"}
    └─ 200 OK (0.4s) [2 items]
    ┌─ API PUT /employee/18710709
    │  body:   {"id": 18710709, "version": 2, "firstName": "Alice", "lastName": "Taylor", "dateOfBirth": "1990-01-01"}
    └─ 200 OK (0.4s) id=18710709 name=Alice
    │  [auto-fix] employee 18710709 renamed to Alice Taylor — returning as created
    │  response: {"value": {"id": 18710709, "version": 3, "url": "kkpqfuj-amager.tripletex.dev/v2/employee/18710709", "firstName": "Alice", "lastName": "Taylor", "displayName": "Alice Taylor", "employeeNumber": "", "dateOfBirth": "1990-01-01", "email": "alice.taylor@example.org", "phoneNumberMobileCountry": {"id": 161, "url": "kkpqfuj-amager.tripletex.dev/v2/country/161"}, "phoneNumberMobile": "", "phoneNumberHome": "", "phoneNumberWork": "", "nationalIdentityNumber": "", "dnumber": "", "internationalId": {"intAmeldingType": null, "country": null, "number": ""}, "bankAccountNumber": "", "iban": "", "bic": "", "creditorBankCountryId": 0, "usesAbroadPayment": false, "userType": null, "allowInformationRegistration": true, "isContact": false, "isProxy": false, "comments": "", "address": null, "department": {"id": 981162, "url": "kkpqfuj-amager.tripletex.dev/v2/department/981162"}, "employments": [], "holidayAllowanceEarned": {"year": 0, "amount": 0.0, "basis": 0.0, "amountExtraHolidayWeek": 0.0}, "employeeCategory": null, "isAuthProjectOverviewURL": true, "pictureId": 0, "companyId": 108482215, "vismaConnect2FAactive": false}, "_status_code": 201}
  Iteration 4 took 2.1s

──────────────────────────────────────────────────
  ITERATION 5/25
──────────────────────────────────────────────────
  Tokens: prompt=18737 completion=75 total_session=90501
  Messages: 11 (69,269 chars)
  Tool calls (1):
    [1] tripletex_api({"method":"POST","path":"/project","body":{"name":"Infrastructure Upgrade","number":"PRJ-3184","projectManager":{"id":18710709},"startDate":"2026-03-22","customer":{"id":108482272},"isFixedPrice":true,"fixedprice":471400}})
    ┌─ API POST /project
    │  body:   {"name": "Infrastructure Upgrade", "number": "PRJ-3184", "projectManager": {"id": 18710709}, "startDate": "2026-03-22", "customer": {"id": 108482272}, "isFixedPrice": true, "fixedprice": 471400}
    └─ 201 OK (0.4s) id=402051963 name=Infrastructure Upgrade
    │  [track] fixedprice project: 471400.0
    ┌─ API GET /project/402051963
    │  params: {"fields": "*"}
    └─ 200 OK (0.4s) id=402051963 name=Infrastructure Upgrade
    │  [diag] GET /project/402051963: fixedprice=471400.0, isFixedPrice=True
    │  response: {"value": {"id": 402051963, "version": 0, "url": "kkpqfuj-amager.tripletex.dev/v2/project/402051963", "name": "Infrastructure Upgrade", "number": "PRJ-3184", "displayName": "PRJ-3184 Infrastructure Upgrade", "description": "", "projectManager": {"id": 18710709, "url": "kkpqfuj-amager.tripletex.dev/v2/employee/18710709"}, "department": null, "mainProject": null, "startDate": "2026-03-22", "endDate": null, "customer": {"id": 108482272, "url": "kkpqfuj-amager.tripletex.dev/v2/customer/108482272"}, "isClosed": false, "isReadyForInvoicing": false, "isInternal": false, "isOffer": false, "isFixedPrice": true, "projectCategory": null, "deliveryAddress": null, "boligmappaAddress": null, "displayNameFormat": "NAME_STANDARD", "reference": "", "externalAccountsNumber": "", "discountPercentage": 0, "vatType": {"id": 3, "url": "kkpqfuj-amager.tripletex.dev/v2/ledger/vatType/3"}, "fixedprice": 471400, "contributionMarginPercent": 0, "numberOfSubProjects": 0, "numberOfProjectParticipants": 1, "orderLines": [], "currency": {"id": 1, "url": "kkpqfuj-amager.tripletex.dev/v2/currency/1"}, "markUpOrderLines": 0, "markUpFeesEarned": 0, "isPriceCeiling": false, "priceCeilingAmount": 0, "projectHourlyRates": [{"id": 11094020, "url": "kkpqfuj-amager.tripletex.dev/v2/project/hourlyRates/11094020"}], "forParticipantsOnly": false, "participants": [{"id": 15649102, "url": "kkpqfuj-amager.tripletex.dev/v2/project/participant/15649102"}], "contact": null, "attention": null, "invoiceComment": "", "invoicing…
  Iteration 5 took 2.1s

──────────────────────────────────────────────────
  ITERATION 6/25
──────────────────────────────────────────────────
  Tokens: prompt=19482 completion=24 total_session=110007
  Messages: 13 (71,417 chars)
  Tool calls (1):
    [1] tripletex_api({"method":"GET","path":"/ledger/vatType"})
    ┌─ API GET /ledger/vatType
    └─ 200 OK (0.3s) [56 items]
    │  [trim] condensed 56 items → key fields (10092 chars)
    │  response: {"fullResultSize": 56, "from": 0, "count": 56, "versionDigest": "'If-None-Match' header not specified", "values": [{"version": 0, "number": "1", "displayName": "1: (25%) Fradrag inngående avgift, høy sats", "id": 1, "name": "Fradrag inngående avgift, høy sats"}, {"version": 0, "number": "UT-2", "displayName": "UT-2: (100%) Direktepostert fradrag inngående avgift, høy sats (mva-kode utgikk 01.01.2017)", "id": 2, "name": "Direktepostert fradrag inngående avgift, høy sats (mva-kode utgikk 01.01.2017)"}, {"version": 0, "number": "3", "displayName": "3: (25%) Utgående avgift, høy sats", "id": 3, "name": "Utgående avgift, høy sats"}, {"version": 0, "number": "4", "displayName": "4: (100%) Direktepostert utgående avgift, høy sats", "id": 4, "name": "Direktepostert utgående avgift, høy sats"}, {"version": 0, "number": "5", "displayName": "5: (0%) Ingen utgående avgift (innenfor mva-loven)", "id": 5, "name": "Ingen utgående avgift (innenfor mva-loven)"}, {"version": 0, "number": "6", "displayName": "6: (0%) Ingen utgående avgift (utenfor mva-loven)", "id": 6, "name": "Ingen utgående avgift (utenfor mva-loven)"}, {"version": 0, "number": "7", "displayName": "7: (0%) Ingen avgiftsbehandling (inntekter)", "id": 7, "name": "Ingen avgiftsbehandling (inntekter)"}, {"version": 0, "number": "11", "displayName": "11: (15%) Fradrag inngående avgift, middels sats", "id": 11, "name": "Fradrag inngående avgift, middels sats"}, {"version": 0, "number": "13", "displayName": "13: (12%) Fradrag inngåe…
  Iteration 6 took 1.1s

──────────────────────────────────────────────────
  ITERATION 7/25
──────────────────────────────────────────────────
  Tokens: prompt=22429 completion=48 total_session=132484
  Messages: 15 (79,431 chars)
  Tool calls (1):
    [1] tripletex_api({"method":"POST","path":"/product","body":{"name":"Delbetaling - Infrastructure Upgrade","priceExcludingVatCurrency":94398,"vatType":{"id":3}}})
    ┌─ API POST /product
    │  body:   {"name": "Delbetaling - Infrastructure Upgrade", "priceExcludingVatCurrency": 94398, "vatType": {"id": 3}}
    └─ 201 OK (0.4s) id=84426573 name=Delbetaling - Infrastructure Upgrade
    │  response: {"value": {"id": 84426573, "version": 0, "url": "kkpqfuj-amager.tripletex.dev/v2/product/84426573", "name": "Delbetaling - Infrastructure Upgrade", "number": "", "displayNumber": "", "description": "", "orderLineDescription": "", "costExcludingVatCurrency": 0, "costPrice": 0, "priceExcludingVatCurrency": 94398, "priceIncludingVatCurrency": 117997.5, "isInactive": false, "productUnit": null, "incomingStock": 0, "outgoingStock": 0, "vatType": {"id": 3, "url": "kkpqfuj-amager.tripletex.dev/v2/ledger/vatType/3"}, "currency": {"id": 1, "url": "kkpqfuj-amager.tripletex.dev/v2/currency/1"}, "department": null, "account": null, "supplier": null, "resaleProduct": null, "isDeletable": false, "hasSupplierProductConnected": false, "image": null, "displayName": "Delbetaling - Infrastructure Upgrade", "mainSupplierProduct": null, "isRoundPriceIncVat": false, "priceInTargetCurrency": 0, "purchasePriceCurrency": 0}}
  Iteration 7 took 1.6s

──────────────────────────────────────────────────
  ITERATION 8/25
──────────────────────────────────────────────────
  Tokens: prompt=22773 completion=60 total_session=155317
  Messages: 17 (80,344 chars)
  Tool calls (1):
    [1] tripletex_api({"method":"POST","path":"/order","body":{"customer":{"id":108482272},"orderDate":"2026-03-22","deliveryDate":"2026-03-22","project":{"id":402051963}}})
    ┌─ API POST /order
    │  body:   {"customer": {"id": 108482272}, "orderDate": "2026-03-22", "deliveryDate": "2026-03-22", "project": {"id": 402051963}}
    └─ 201 OK (0.4s) id=402051970
    │  response: {"value": {"id": 402051970, "version": 0, "url": "kkpqfuj-amager.tripletex.dev/v2/order/402051970", "customer": {"id": 108482272, "url": "kkpqfuj-amager.tripletex.dev/v2/customer/108482272"}, "contact": null, "attn": null, "displayName": "2 Ordre", "receiverEmail": "", "overdueNoticeEmail": "", "number": "2", "reference": "", "department": null, "orderDate": "2026-03-22", "project": {"id": 402051963, "url": "kkpqfuj-amager.tripletex.dev/v2/project/402051963"}, "invoiceComment": "", "currency": {"id": 1, "url": "kkpqfuj-amager.tripletex.dev/v2/currency/1"}, "invoicesDueIn": 14, "invoicesDueInType": "DAYS", "isShowOpenPostsOnInvoices": false, "isClosed": false, "deliveryDate": "2026-03-22", "deliveryAddress": null, "deliveryComment": "", "isPrioritizeAmountsIncludingVat": false, "orderLineSorting": "PRODUCT", "orderGroups": [], "orderLines": [], "isSubscription": false, "subscriptionDuration": 0, "subscriptionDurationType": "MONTHS", "subscriptionPeriodsOnInvoice": 0, "subscriptionPeriodsOnInvoiceType": "MONTHS", "subscriptionInvoicingTimeInAdvanceOrArrears": "ADVANCE", "subscriptionInvoicingTime": 0, "subscriptionInvoicingTimeType": "MONTHS", "isSubscriptionAutoInvoicing": false, "preliminaryInvoice": {"id": 2147659412, "url": "kkpqfuj-amager.tripletex.dev/v2/invoice/2147659412"}, "attachment": [], "sendMethodDescription": "Faktura må sendes manuelt.", "invoiceOnAccountVatHigh": false, "totalInvoicedOnAccountAmountAbsoluteCurrency": 0.0, "invoiceSendSMSNotification": false, "i…
  Iteration 8 took 1.3s

──────────────────────────────────────────────────
  ITERATION 9/25
──────────────────────────────────────────────────
  Tokens: prompt=23365 completion=45 total_session=178727
  Messages: 19 (82,052 chars)
  Tool calls (1):
    [1] tripletex_api({"method":"POST","path":"/order/orderline","body":{"order":{"id":402051970},"product":{"id":84426573},"count":1}})
    ┌─ API POST /order/orderline
    │  body:   {"order": {"id": 402051970}, "product": {"id": 84426573}, "count": 1}
    └─ 201 OK (0.4s) id=1607588614
    │  response: {"value": {"id": 1607588614, "version": 1, "url": "kkpqfuj-amager.tripletex.dev/v2/order/orderline/1607588614", "product": {"id": 84426573, "url": "kkpqfuj-amager.tripletex.dev/v2/product/84426573"}, "inventory": null, "description": "", "displayName": "Delbetaling - Infrastructure Upgrade", "count": 1.0, "unitCostCurrency": 0.0, "unitPriceExcludingVatCurrency": 94398.0, "currency": {"id": 1, "url": "kkpqfuj-amager.tripletex.dev/v2/currency/1"}, "markup": 0.0, "discount": 0.0, "vatType": {"id": 3, "url": "kkpqfuj-amager.tripletex.dev/v2/ledger/vatType/3"}, "amountExcludingVatCurrency": 94398.0, "amountIncludingVatCurrency": 117997.5, "vendor": null, "order": {"id": 402051970, "url": "kkpqfuj-amager.tripletex.dev/v2/order/402051970"}, "unitPriceIncludingVatCurrency": 117997.5, "isSubscription": false, "subscriptionPeriodStart": null, "subscriptionPeriodEnd": null, "orderGroup": null, "sortIndex": 0, "isPicked": false, "pickedDate": null, "orderedQuantity": 0, "isCharged": false}}
  Iteration 9 took 1.4s

──────────────────────────────────────────────────
  ITERATION 10/25
──────────────────────────────────────────────────
  Tokens: prompt=23763 completion=54 total_session=202544
  Messages: 21 (83,045 chars)
  Tool calls (1):
    [1] tripletex_api({"method":"POST","path":"/invoice","body":{"invoiceDate":"2026-03-22","invoiceDueDate":"2026-04-05","orders":[{"id":402051970}]}})
    ┌─ API POST /invoice
    │  body:   {"invoiceDate": "2026-03-22", "invoiceDueDate": "2026-04-05", "orders": [{"id": 402051970}]}
    └─ 201 OK (0.6s) id=2147659420
    │  response: {"value": {"id": 2147659420, "version": 3, "url": "kkpqfuj-amager.tripletex.dev/v2/invoice/2147659420", "invoiceNumber": 1, "invoiceDate": "2026-03-22", "customer": {"id": 108482272, "url": "kkpqfuj-amager.tripletex.dev/v2/customer/108482272"}, "creditedInvoice": 0, "isCredited": false, "invoiceDueDate": "2026-04-05", "kid": "", "invoiceComment": "", "comment": "", "orders": [{"id": 402051970, "url": "kkpqfuj-amager.tripletex.dev/v2/order/402051970"}], "orderLines": [{"id": 1607588614, "url": "kkpqfuj-amager.tripletex.dev/v2/order/orderline/1607588614"}], "travelReports": [], "projectInvoiceDetails": [{"id": 1965806839, "url": "kkpqfuj-amager.tripletex.dev/v2/invoice/details/1965806839"}], "voucher": {"id": 609245756, "url": "kkpqfuj-amager.tripletex.dev/v2/ledger/voucher/609245756"}, "deliveryDate": "2026-03-22", "amount": 117997.5, "amountCurrency": 117997.5, "amountExcludingVat": 94398.0, "amountExcludingVatCurrency": 94398.0, "amountRoundoff": 0, "amountRoundoffCurrency": 0, "amountOutstanding": 117997.5, "amountCurrencyOutstanding": 117997.5, "amountOutstandingTotal": 117997.5, "amountCurrencyOutstandingTotal": 117997.5, "sumRemits": 0, "currency": {"id": 1, "url": "kkpqfuj-amager.tripletex.dev/v2/currency/1"}, "isCreditNote": false, "isCharged": true, "isApproved": false, "postings": [{"id": 3846054324, "url": "kkpqfuj-amager.tripletex.dev/v2/ledger/posting/3846054324"}], "reminders": [], "invoiceRemarks": "", "invoiceRemark": null, "isPeriodizationPossible": true, "doc…
  Iteration 10 took 1.4s

──────────────────────────────────────────────────
  ITERATION 11/25
──────────────────────────────────────────────────
  Tokens: prompt=24364 completion=9 total_session=226917
  Messages: 23 (84,567 chars)
  Tool calls (1):
    [1] done()

  ⏳ Verifying task completion (274s remaining)...
  📋 Verification prompt (5063 chars):
    │ TASK: Set a fixed price of 471400 NOK on the project "Infrastructure Upgrade" for Brightstone Ltd (org no. 918888020). The project manager is Alice Taylor (alice.taylor@example.org). Invoice the customer for 25% of the fixed price as a milestone payment.
    │ 
    │ TASK TYPE: Fixed-price project + milestone invoice.
    │ Check these SPECIFIC things:
    │ - Customer created with correct name and org number?
    │ - Project created with isFixedPrice=true AND fixedprice=AMOUNT (lowercase 'fixedprice')?
    │ - Project linked to customer (customer.id set on project)?
    │ - Project manager set correctly?
    │ - Milestone amount = fixedprice × percentage. This is the TOTAL invoice amount incl. VAT.
    │ - Product priceExcludingVatCurrency = milestoneAmount / 1.25 (for 25% VAT)?
    │ - Invoice created from order linked to the project?
    │ - Invoice NOT sent unless task explicitly says send/sende/enviar/envoyer?
    │   'Fakturer'/'fakturér' means CREATE invoice, NOT send it!
    │ 
    │ ACTION LOG (chronological):
    │ CALL: tripletex_api({"method":"POST","path":"/customer"})
    │ status=400
    │ CALL: tripletex_api({"method":"POST","path":"/customer"})
    │ status=400
    │ CALL: tripletex_api({"method":"POST","path":"/customer","body":{"name":"Brightstone Ltd","isCustomer":true,"organizationNumber":"918888020"}})
    │ status=ok id=108482272 name=Brightstone Ltd
    │ CALL: tripletex_api({"method":"POST","path":"/employee","body":{"firstName":"Alice","lastName":"Taylor","email":"alice.taylor@example.org"}})
    │ status=201 id=18710709
    │ CALL: tripletex_api({"method":"POST","path":"/project","body":{"name":"Infrastructure Upgrade","number":"PRJ-3184","projectManager":{"id":18710709},"startDate":"2026-03-22","customer":{"id":108482272},"isFixedPrice":true,"fixedprice":471400}})
    │ status=ok id=402051963 name=Infrastructure Upgrade fixedprice=471400 isFixedPrice=True
    │ CALL: tripletex_api({"method":"GET","path":"/ledger/vatType"})
    │ CALL: tripletex_api({"method":"POST","path":"/product","body":{"name":"Delbetaling - Infrastructure Upgrade","priceExcludingVatCurrency":94398,"vatType":{"id":3}}})
    │ status=ok id=84426573 name=Delbetaling - Infrastructure Upgrade priceExcludingVatCurrency=94398 priceIncludingVatCurrency=117997.5
    │ CALL: tripletex_api({"method":"POST","path":"/order","body":{"customer":{"id":108482272},"orderDate":"2026-03-22","deliveryDate":"2026-03-22","project":{"id":402051963}}})
    │ status=ok id=402051970
    │ CALL: tripletex_api({"method":"POST","path":"/order/orderline","body":{"order":{"id":402051970},"product":{"id":84426573},"count":1}})
    │ status=ok id=1607588614 count=1.0
    │ CALL: tripletex_api({"method":"POST","path":"/invoice","body":{"invoiceDate":"2026-03-22","invoiceDueDate":"2026-04-05","orders":[{"id":402051970}]}})
    │ status=ok id=2147659420 amount=117997.5 amountCurrency=117997.5 invoiceNumber=1
    │ CALL: done({})
    │ 
    │ You are an accounting verification agent. Based ONLY on the action log above, check:
    │ 1. MATH: All amounts, percentages, VAT calculations correct? (e.g. if task says 50% of 274950, invoice total incl VAT must be 137475)
    │ 2. COMPLETENESS: Were all steps in the task done? Look at the CALL entries — if the action log shows the step was performed with status=ok, it WAS done. Do NOT say a step is missing if you can see it in the log!
    │ IMPORTANT: 'Fakturer'/'Invoice' just means create an invoice — do NOT require sending unless the task explicitly says send/sende/enviar/envoyer/senden!
    │ 3. DATA: Names, org numbers, dates match the task?
    │ 4. AMOUNTS: If any created entity shows amount=0 or totalAmount=0 in the response, that is WRONG — the postings failed silently. EXCEPTION: Supplier invoice (supplierInvoice) responses normally show amount=0 — this is OK.
    │ 5. BUDGET vs INVOICE: NEVER flag a mismatch between project budget and invoice total. For fixed-price projects the invoice excl. VAT matches the fixedprice — this is CORRECT. For other projects, invoice is based on actual work/costs. Either way, do NOT fail on budget vs invoice differences.
    │ 6. PAYMENT AMOUNTS: Invoice payments and reversals use the FULL amount INCLUDING VAT, not excl. VAT. If the task says 'X NOK excl. VAT', the correct payment/reversal amount is X × 1.25 (Norwegian 25% VAT). Do NOT flag a mismatch between excl. VAT amounts in the task and incl. VAT payment amounts.
    │ 7. VAT BREAKDOWN: If the total invoice amount matches the expected sum, do NOT fail on 'VAT breakdown not reflected' or similar vague VAT concerns. Only fail if a specific line item has the WRONG VAT rate applied.
    │ 
    │ CRITICAL: Be CONSERVATIVE. When in doubt, say PASS.
    │ Only say FAIL for CLEAR, OBJECTIVE, SPECIFIC errors (wrong math, completely missing step, wrong name).
    │ Do NOT say FAIL for: vague concerns, 'might be wrong', uncertain issues, minor stylistic differences, or steps you cannot confirm from the log (absence of evidence is NOT evidence of absence).
    │ A false FAIL causes MORE damage than a missed error. When uncertain, ALWAYS say PASS.
    │ If the action log shows all main steps completed with status=ok, say PASS.
    │ 
    │ Reply ONLY with either:
    │ - 'PASS' if everything looks correct or you are unsure
    │ - 'FAIL: <specific issue>' ONLY if there is an obvious, objective error
  🔍 Verification (1297 tokens): PASS

  ✓ DONE — 11 iterations, 226917 tokens, 15.7s

======================================================================
  TASK COMPLETE — total 16.3s
======================================================================

