
======================================================================
  NEW TASK RECEIVED
  Version: a6630b4
======================================================================
  Prompt: Crie o cliente Porto Alegre Lda com número de organização 964528136. O endereço é Sjøgata 128, 4611 Kristiansand. E-mail: post@porto.no.
  Files:  0
  URL:    https://tx-proxy-jwanbnu3pq-lz.a.run.app/v2
──────────────────────────────────────────────────────────────────────

──────────────────────────────────────────────────
  ITERATION 1/25
──────────────────────────────────────────────────
  Tokens: prompt=18687 completion=21 total_session=18708
  Messages: 3 (69,651 chars)
  Tool calls (1):
    [1] tripletex_api({"method":"POST","path":"/customer"})
    │  [fix] blocked POST without body: /customer
  Iteration 1 took 3.7s

──────────────────────────────────────────────────
  ITERATION 2/25
──────────────────────────────────────────────────
  Tokens: prompt=18774 completion=118 total_session=37600
  Messages: 5 (69,861 chars)
  Tool calls (1):
    [1] tripletex_api({"method":"POST","path":"/customer","body":{"name":"Porto Alegre Lda","isCustomer":true,"organizationNumber":"964528136","email":"post@porto.no","invoiceEmail":"post@porto.no","overdueNoticeEmail":"post@porto.no","physicalAddress":{"addressLine1":"Sjøgata 128","postalCode":"4611","city":"Kristiansand"},"postalAddress":{"addressLine1":"Sjøgata 128","postalCode":"4611","city":"Kristiansand"}}})
    ┌─ API POST /customer
    │  body:   {"name": "Porto Alegre Lda", "isCustomer": true, "organizationNumber": "964528136", "email": "post@porto.no", "invoiceEmail": "post@porto.no", "overdueNoticeEmail": "post@porto.no", "physicalAddress": {"addressLine1": "Sjøgata 128", "postalCode": "4611", "city": "Kristiansand"}, "postalAddress": {"addressLine1": "Sjøgata 128", "postalCode": "4611", "city": "Kristiansand"}}
    └─ 201 OK (4.0s) id=108503698 name=Porto Alegre Lda
    │  response: {"value": {"id": 108503698, "version": 1, "url": "kkpqfuj-amager.tripletex.dev/v2/customer/108503698", "name": "Porto Alegre Lda", "organizationNumber": "964528136", "globalLocationNumber": 0, "supplierNumber": 0, "customerNumber": 10001, "isSupplier": false, "isCustomer": true, "isInactive": false, "accountManager": null, "department": null, "email": "post@porto.no", "invoiceEmail": "post@porto.no", "overdueNoticeEmail": "post@porto.no", "phoneNumber": "", "phoneNumberMobile": "", "description": "", "language": "NO", "displayName": "Porto Alegre Lda (10001)", "isPrivateIndividual": false, "singleCustomerInvoice": false, "invoiceSendMethod": "EMAIL", "emailAttachmentType": "ATTACHMENT", "postalAddress": {"id": 405854014, "version": 0, "url": "kkpqfuj-amager.tripletex.dev/v2/address/405854014", "addressLine1": "Sjøgata 128", "addressLine2": "", "postalCode": "4611", "city": "Kristiansand", "country": {"id": 161, "url": "kkpqfuj-amager.tripletex.dev/v2/country/161"}, "displayName": "Porto Alegre Lda, Sjøgata 128, 4611 Kristiansand, Norge", "addressAsString": "Sjøgata 128, 4611 Kristiansand, Norge", "displayNameInklMatrikkel": "Porto Alegre Lda, Sjøgata 128, 4611 Kristiansand, Norge", "knr": 0, "gnr": 0, "bnr": 0, "fnr": 0, "snr": 0, "unitNumber": ""}, "physicalAddress": {"id": 405854013, "version": 0, "url": "kkpqfuj-amager.tripletex.dev/v2/address/405854013", "addressLine1": "Sjøgata 128", "addressLine2": "", "postalCode": "4611", "city": "Kristiansand", "country": {"id": 161,…
  Iteration 2 took 6.1s

──────────────────────────────────────────────────
  ITERATION 3/25
──────────────────────────────────────────────────
  Tokens: prompt=19726 completion=9 total_session=57335
  Messages: 7 (72,313 chars)
  Tool calls (1):
    [1] done()

  ⏳ Verifying task completion (279s remaining)...
  📋 Verification prompt (2953 chars):
    │ TASK: Crie o cliente Porto Alegre Lda com número de organização 964528136. O endereço é Sjøgata 128, 4611 Kristiansand. E-mail: post@porto.no.
    │ 
    │ 
    │ ACTION LOG (chronological):
    │ CALL: tripletex_api({"method":"POST","path":"/customer"})
    │ status=400
    │ CALL: tripletex_api({"method":"POST","path":"/customer","body":{"name":"Porto Alegre Lda","isCustomer":true,"organizationNumber":"964528136","email":"post@porto.no","invoiceEmail":"post@porto.no","overdueNoticeEmail":"post@porto.no","physicalAddress":{"addressLine1":"Sjøgata 128","postalCode":"4611","city":"Kristiansan)
    │ status=ok id=108503698 name=Porto Alegre Lda
    │ CALL: done({})
    │ 
    │ You are an accounting verification agent. Based ONLY on the action log above, check:
    │ 1. MATH: All amounts, percentages, VAT calculations correct? (e.g. if task says 50% of 274950, invoice total incl VAT must be 137475)
    │ 2. COMPLETENESS: Were all steps in the task done? Look at the CALL entries — if the action log shows the step was performed with status=ok, it WAS done. Do NOT say a step is missing if you can see it in the log!
    │ IMPORTANT: 'Fakturer'/'Invoice' just means create an invoice — do NOT require sending unless the task explicitly says send/sende/enviar/envoyer/senden!
    │ 3. DATA: Names, org numbers, dates match the task?
    │ 4. AMOUNTS: If any created entity shows amount=0 or totalAmount=0 in the response, that is WRONG — the postings failed silently. For supplier invoices: amount=0 with amountExcludingVat=0 means postings were MISSING or malformed.
    │ 5. BUDGET vs INVOICE: NEVER flag a mismatch between project budget and invoice total. For fixed-price projects the invoice excl. VAT matches the fixedprice — this is CORRECT. For other projects, invoice is based on actual work/costs. Either way, do NOT fail on budget vs invoice differences.
    │ 6. PAYMENT AMOUNTS: Invoice payments and reversals use the FULL amount INCLUDING VAT, not excl. VAT. If the task says 'X NOK excl. VAT', the correct payment/reversal amount is X × 1.25 (Norwegian 25% VAT). Do NOT flag a mismatch between excl. VAT amounts in the task and incl. VAT payment amounts.
    │ 7. VAT BREAKDOWN: If the total invoice amount matches the expected sum, do NOT fail on 'VAT breakdown not reflected' or similar vague VAT concerns. Only fail if a specific line item has the WRONG VAT rate applied.
    │ 
    │ CRITICAL: Be CONSERVATIVE. When in doubt, say PASS.
    │ Only say FAIL for CLEAR, OBJECTIVE, SPECIFIC errors (wrong math, completely missing step, wrong name).
    │ Do NOT say FAIL for: vague concerns, 'might be wrong', uncertain issues, minor stylistic differences, or steps you cannot confirm from the log (absence of evidence is NOT evidence of absence).
    │ A false FAIL causes MORE damage than a missed error. When uncertain, ALWAYS say PASS.
    │ If the action log shows all main steps completed with status=ok, say PASS.
    │ 
    │ Reply ONLY with either:
    │ - 'PASS' if everything looks correct or you are unsure
    │ - 'FAIL: <specific issue>' ONLY if there is an obvious, objective error
  🔍 Verification (733 tokens): PASS

  ✓ DONE — 3 iterations, 57335 tokens, 11.4s

======================================================================
  TASK COMPLETE — total 11.9s
======================================================================

