
======================================================================
  NEW TASK RECEIVED
  Version: unknown
======================================================================
  Prompt: Wir haben eine Rechnung über 5044 EUR an Bergwerk GmbH (Org.-Nr. 806819859) gesendet, als der Wechselkurs 10.51 NOK/EUR betrug. Der Kunde hat nun bezahlt, aber der Kurs liegt bei 11.20 NOK/EUR. Erfassen Sie die Zahlung und buchen Sie die Wechselkursdifferenz (agio) auf das korrekte Konto.
  Files:  0
  URL:    https://tx-proxy-jwanbnu3pq-lz.a.run.app/v2
──────────────────────────────────────────────────────────────────────
  [pre] Invoice/credit/payment task detected — ensuring bank account...
    ┌─ API GET /invoice/settings
    └─ 200 OK (0.3s) id=957547
  [bank] already ready
  [pre] Bank account setup: OK

──────────────────────────────────────────────────
  ITERATION 1/25
──────────────────────────────────────────────────
  Tokens: prompt=14974 completion=45 total_session=15019
  Messages: 3 (56,231 chars)
  Tool calls (1):
    [1] tripletex_api({"method":"GET","path":"/invoice","params":{"invoiceDateFrom":"2000-01-01","invoiceDateTo":"2030-12-31"}})
    ┌─ API GET /invoice
    │  params: {"invoiceDateFrom": "2000-01-01", "invoiceDateTo": "2030-12-31"}
    └─ 200 OK (0.3s) [1 items]
    │  response: {"fullResultSize": 1, "from": 0, "count": 1, "versionDigest": "'If-None-Match' header not specified", "values": [{"id": 2147632931, "version": 3, "url": "kkpqfuj-amager.tripletex.dev/v2/invoice/2147632931", "invoiceNumber": 1, "invoiceDate": "2026-02-01", "customer": {"id": 108412921, "url": "kkpqfuj-amager.tripletex.dev/v2/customer/108412921"}, "creditedInvoice": 0, "isCredited": false, "invoiceDueDate": "2026-03-01", "kid": "", "invoiceComment": "", "comment": "", "orders": [{"id": 402033190, "url": "kkpqfuj-amager.tripletex.dev/v2/order/402033190"}], "orderLines": [{"id": 1607571217, "url": "kkpqfuj-amager.tripletex.dev/v2/order/orderline/1607571217"}], "travelReports": [], "projectInvoiceDetails": [{"id": 1965791714, "url": "kkpqfuj-amager.tripletex.dev/v2/invoice/details/1965791714"}], "voucher": {"id": 609127269, "url": "kkpqfuj-amager.tripletex.dev/v2/ledger/voucher/609127269"}, "deliveryDate": "2026-02-01", "amount": 6305.0, "amountCurrency": 6305.0, "amountExcludingVat": 5044.0, "amountExcludingVatCurrency": 5044.0, "amountRoundoff": 0.0, "amountRoundoffCurrency": 0.0, "amountOutstanding": 6305.0, "amountCurrencyOutstanding": 6305.0, "amountOutstandingTotal": 6305.0, "amountCurrencyOutstandingTotal": 6305.0, "sumRemits": 0, "currency": {"id": 1, "url": "kkpqfuj-amager.tripletex.dev/v2/currency/1"}, "isCreditNote": false, "isCharged": true, "isApproved": false, "postings": [{"id": 3845741686, "url": "kkpqfuj-amager.tripletex.dev/v2/ledger/posting/3845741686"}], "remin…
  Iteration 1 took 1.3s

──────────────────────────────────────────────────
  ITERATION 2/25
──────────────────────────────────────────────────
  Tokens: prompt=15606 completion=23 total_session=30648
  Messages: 5 (57,847 chars)
  Tool calls (1):
    [1] tripletex_api({"method":"GET","path":"/invoice/paymentType"})
    ┌─ API GET /invoice/paymentType
    └─ 200 OK (0.3s) [2 items]
    │  response: {"fullResultSize": 2, "from": 0, "count": 2, "versionDigest": "'If-None-Match' header not specified", "values": [{"id": 37113943, "version": 0, "url": "kkpqfuj-amager.tripletex.dev/v2/invoice/paymentType/37113943", "description": "Kontant", "displayName": "Kontant", "debitAccount": {"id": 470624770, "url": "kkpqfuj-amager.tripletex.dev/v2/ledger/account/470624770"}, "creditAccount": null, "vatType": {"id": 0, "url": "kkpqfuj-amager.tripletex.dev/v2/ledger/vatType/0"}, "sequence": 1, "customer": null, "supplier": null, "currencyId": 1, "currencyCode": "NOK"}, {"id": 37113944, "version": 0, "url": "kkpqfuj-amager.tripletex.dev/v2/invoice/paymentType/37113944", "description": "Betalt til bank", "displayName": "Betalt til bank", "debitAccount": {"id": 470624773, "url": "kkpqfuj-amager.tripletex.dev/v2/ledger/account/470624773"}, "creditAccount": null, "vatType": {"id": 0, "url": "kkpqfuj-amager.tripletex.dev/v2/ledger/vatType/0"}, "sequence": 2, "customer": null, "supplier": null, "currencyId": 1, "currencyCode": "NOK"}]}
  Iteration 2 took 0.9s

──────────────────────────────────────────────────
  ITERATION 3/25
──────────────────────────────────────────────────
  Tokens: prompt=16006 completion=65 total_session=46719
  Messages: 7 (58,880 chars)
  Tool calls (1):
    [1] tripletex_api({"method":"PUT","path":"/invoice/2147632931/:payment","params":{"paymentDate":"2026-03-21","paymentTypeId":37113944,"paidAmount":6305.0,"paidAmountCurrency":6305.0}})
    ┌─ API PUT /invoice/2147632931/:payment
    │  params: {"paymentDate": "2026-03-21", "paymentTypeId": 37113944, "paidAmount": 6305.0, "paidAmountCurrency": 6305.0}
    └─ 200 OK (0.5s) id=2147632931
    │  response: {"value": {"id": 2147632931, "version": 3, "url": "kkpqfuj-amager.tripletex.dev/v2/invoice/2147632931", "invoiceNumber": 1, "invoiceDate": "2026-02-01", "customer": {"id": 108412921, "url": "kkpqfuj-amager.tripletex.dev/v2/customer/108412921"}, "creditedInvoice": 0, "isCredited": false, "invoiceDueDate": "2026-03-01", "kid": "", "invoiceComment": "", "comment": "", "orders": [{"id": 402033190, "url": "kkpqfuj-amager.tripletex.dev/v2/order/402033190"}], "orderLines": [{"id": 1607571217, "url": "kkpqfuj-amager.tripletex.dev/v2/order/orderline/1607571217"}], "travelReports": [], "projectInvoiceDetails": [{"id": 1965791714, "url": "kkpqfuj-amager.tripletex.dev/v2/invoice/details/1965791714"}], "voucher": {"id": 609127269, "url": "kkpqfuj-amager.tripletex.dev/v2/ledger/voucher/609127269"}, "deliveryDate": "2026-02-01", "amount": 6305.0, "amountCurrency": 6305.0, "amountExcludingVat": 5044.0, "amountExcludingVatCurrency": 5044.0, "amountRoundoff": 0.0, "amountRoundoffCurrency": 0.0, "amountOutstanding": 0.0, "amountCurrencyOutstanding": 0.0, "amountOutstandingTotal": 0.0, "amountCurrencyOutstandingTotal": 0.0, "sumRemits": 0, "currency": {"id": 1, "url": "kkpqfuj-amager.tripletex.dev/v2/currency/1"}, "isCreditNote": false, "isCharged": true, "isApproved": false, "postings": [{"id": 3845741686, "url": "kkpqfuj-amager.tripletex.dev/v2/ledger/posting/3845741686"}, {"id": 3845741748, "url": "kkpqfuj-amager.tripletex.dev/v2/ledger/posting/3845741748"}], "reminders": [], "invoiceRemarks"…
  Iteration 3 took 1.6s

──────────────────────────────────────────────────
  ITERATION 4/25
──────────────────────────────────────────────────
  Tokens: prompt=16653 completion=29 total_session=63401
  Messages: 9 (60,468 chars)
  Tool calls (1):
    [1] tripletex_api({"method":"GET","path":"/ledger/account","params":{"number":"1920"}})
    ┌─ API GET /ledger/account
    │  params: {"number": "1920"}
    └─ 200 OK (0.4s) [1 items]
    │  response: {"fullResultSize": 1, "from": 0, "count": 1, "versionDigest": "'If-None-Match' header not specified", "values": [{"id": 470624773, "version": 1, "url": "kkpqfuj-amager.tripletex.dev/v2/ledger/account/470624773", "number": 1920, "numberPretty": "1920", "name": "Bankinnskudd", "description": "", "type": "ASSETS", "legalVatTypes": [{"id": 0, "url": "kkpqfuj-amager.tripletex.dev/v2/ledger/vatType/0"}], "ledgerType": "GENERAL", "balanceGroup": "Ikke i en saldogruppe.", "vatType": {"id": 0, "url": "kkpqfuj-amager.tripletex.dev/v2/ledger/vatType/0"}, "vatLocked": true, "currency": {"id": 1, "url": "kkpqfuj-amager.tripletex.dev/v2/currency/1"}, "isCloseable": false, "isApplicableForSupplierInvoice": false, "requireReconciliation": true, "isInactive": false, "isBankAccount": true, "isInvoiceAccount": true, "bankAccountNumber": "12345678903", "bankAccountCountry": {"id": 161, "url": "kkpqfuj-amager.tripletex.dev/v2/country/161"}, "bankName": "", "bankAccountIBAN": "", "bankAccountSWIFT": "", "saftCode": "19", "groupingCode": "1920", "displayName": "1920 Bankinnskudd", "requiresDepartment": false, "requiresProject": false, "invoicingDepartment": null, "isPostingsExist": true, "quantityType1": null, "quantityType2": null, "department": null}]}
  Iteration 4 took 1.9s

──────────────────────────────────────────────────
  ITERATION 5/25
──────────────────────────────────────────────────
  Tokens: prompt=17112 completion=29 total_session=80542
  Messages: 11 (61,719 chars)
  Tool calls (1):
    [1] tripletex_api({"method":"GET","path":"/ledger/account","params":{"number":"8060"}})
    ┌─ API GET /ledger/account
    │  params: {"number": "8060"}
    └─ 200 OK (0.3s) [1 items]
    │  response: {"fullResultSize": 1, "from": 0, "count": 1, "versionDigest": "'If-None-Match' header not specified", "values": [{"id": 470625125, "version": 0, "url": "kkpqfuj-amager.tripletex.dev/v2/ledger/account/470625125", "number": 8060, "numberPretty": "8060", "name": "Valutagevinst (agio)", "description": "", "type": "INVESTMENT_INCOME", "legalVatTypes": [{"id": 0, "url": "kkpqfuj-amager.tripletex.dev/v2/ledger/vatType/0"}], "ledgerType": "GENERAL", "balanceGroup": "Ikke i en saldogruppe.", "vatType": {"id": 0, "url": "kkpqfuj-amager.tripletex.dev/v2/ledger/vatType/0"}, "vatLocked": true, "currency": null, "isCloseable": false, "isApplicableForSupplierInvoice": false, "requireReconciliation": false, "isInactive": false, "isBankAccount": false, "isInvoiceAccount": false, "bankAccountNumber": "", "bankAccountCountry": null, "bankName": "", "bankAccountIBAN": "", "bankAccountSWIFT": "", "saftCode": "80", "groupingCode": "8060", "displayName": "8060 Valutagevinst (agio)", "requiresDepartment": false, "requiresProject": false, "invoicingDepartment": null, "isPostingsExist": false, "quantityType1": null, "quantityType2": null, "department": null}]}
  Iteration 5 took 1.0s

──────────────────────────────────────────────────
  ITERATION 6/25
──────────────────────────────────────────────────
  Tokens: prompt=17523 completion=131 total_session=98196
  Messages: 13 (62,871 chars)
  Tool calls (1):
    [1] tripletex_api({"method":"POST","path":"/ledger/voucher","body":{"date":"2026-03-21","description":"Wechselkursdifferenz für Rechnung 2147632931","postings":[{"row":1,"date":"2026-03-21","amount":3479.8,"amountCurrency":3479.8,"account":{"id":470624773}},{"row":2,"date":"2026-03-21","amount":-3479.8,"amountCurrency":-3479.8,"account":{"id":470625125}}]}})
    ┌─ API POST /ledger/voucher
    │  body:   {"date": "2026-03-21", "description": "Wechselkursdifferenz für Rechnung 2147632931", "postings": [{"row": 1, "date": "2026-03-21", "amount": 3479.8, "amountCurrency": 3479.8, "account": {"id": 470624773}}, {"row": 2, "date": "2026-03-21", "amount": -3479.8, "amountCurrency": -3479.8, "account": {"id": 470625125}}]}
    └─ 201 OK (0.5s) id=609127312
    │  response: {"value": {"id": 609127312, "version": 5, "url": "kkpqfuj-amager.tripletex.dev/v2/ledger/voucher/609127312", "date": "2026-03-21", "number": 2, "tempNumber": 0, "year": 2026, "description": "Wechselkursdifferenz für Rechnung 2147632931", "voucherType": null, "reverseVoucher": null, "postings": [{"id": 3845741822, "version": 1, "url": "kkpqfuj-amager.tripletex.dev/v2/ledger/posting/3845741822", "voucher": {"id": 609127312, "url": "kkpqfuj-amager.tripletex.dev/v2/ledger/voucher/609127312"}, "date": "2026-03-21", "description": "Wechselkursdifferenz für Rechnung 2147632931", "account": {"id": 470624773, "url": "kkpqfuj-amager.tripletex.dev/v2/ledger/account/470624773"}, "amortizationAccount": null, "amortizationStartDate": null, "amortizationEndDate": null, "customer": null, "supplier": null, "employee": null, "project": null, "product": null, "department": null, "vatType": {"id": 0, "url": "kkpqfuj-amager.tripletex.dev/v2/ledger/vatType/0"}, "amount": 0.0, "amountCurrency": 0.0, "amountGross": 0.0, "amountGrossCurrency": 0.0, "currency": {"id": 1, "url": "kkpqfuj-amager.tripletex.dev/v2/currency/1"}, "closeGroup": null, "invoiceNumber": "", "termOfPayment": null, "row": 1, "type": null, "externalRef": "", "systemGenerated": false, "taxTransactionType": "(Ikke valgt)", "taxTransactionTypeId": 0, "matched": false, "quantityAmount1": 0, "quantityType1": null, "quantityAmount2": 0, "quantityType2": null, "isVatReadonly": true, "isAmountVatClosed": false, "postingRuleId": 0, "freeAc…
  Iteration 6 took 2.1s

──────────────────────────────────────────────────
  ITERATION 7/25
──────────────────────────────────────────────────
  Tokens: prompt=18711 completion=9 total_session=116916
  Messages: 15 (65,997 chars)
  Tool calls (1):
    [1] done()

  ⏳ Verifying task completion (280s remaining)...
  📋 Verification prompt (4299 chars):
    │ TASK: Wir haben eine Rechnung über 5044 EUR an Bergwerk GmbH (Org.-Nr. 806819859) gesendet, als der Wechselkurs 10.51 NOK/EUR betrug. Der Kunde hat nun bezahlt, aber der Kurs liegt bei 11.20 NOK/EUR. Erfassen Sie die Zahlung und buchen Sie die Wechselkursdifferenz (agio) auf das korrekte Konto.
    │ 
    │ TASK TYPE: Payment with exchange rate difference (agio/disagio).
    │ Check these SPECIFIC things:
    │ - Payment registered for full invoice amount (closes the invoice)?
    │ - Exchange rate difference calculated correctly: EUR_amount × new_rate − invoice_NOK_amount?
    │ - Agio (gain) booked to account 8060, or disagio (loss) to 8160?
    │   Account 8080 is WRONG — that's for financial instruments, not exchange rates!
    │ - Journal voucher has at LEAST 2 postings that sum to zero?
    │   A voucher with only 1 posting is ALWAYS wrong (amounts will be zero)!
    │ - If any created voucher shows amount=0 or amountCurrency=0, the postings failed!
    │ 
    │ ACTION LOG (chronological):
    │ CALL: tripletex_api({"method":"GET","path":"/invoice","params":{"invoiceDateFrom":"2000-01-01","invoiceDateTo":"2030-12-31"}})
    │ status=ok
    │ CALL: tripletex_api({"method":"GET","path":"/invoice/paymentType"})
    │ status=ok
    │ CALL: tripletex_api({"method":"PUT","path":"/invoice/2147632931/:payment","params":{"paymentDate":"2026-03-21","paymentTypeId":37113944,"paidAmount":6305.0,"paidAmountCurrency":6305.0}})
    │ status=ok id=2147632931 amount=6305.0 amountCurrency=6305.0 invoiceNumber=1
    │ CALL: tripletex_api({"method":"GET","path":"/ledger/account","params":{"number":"1920"}})
    │ status=ok
    │ CALL: tripletex_api({"method":"GET","path":"/ledger/account","params":{"number":"8060"}})
    │ status=ok
    │ CALL: tripletex_api({"method":"POST","path":"/ledger/voucher","body":{"date":"2026-03-21","description":"Wechselkursdifferenz für Rechnung 2147632931","postings":[{"row":1,"date":"2026-03-21","amount":3479.8,"amountCurrency":3479.8,"account":{"id":470624773}},{"row":2,"date":"2026-03-21","amount":-3479.8,"amountCurrenc)
    │ status=ok id=609127312
    │ CALL: done({})
    │ 
    │ You are an accounting verification agent. Based ONLY on the action log above, check:
    │ 1. MATH: All amounts, percentages, VAT calculations correct? (e.g. if task says 50% of 274950, invoice total incl VAT must be 137475)
    │ 2. COMPLETENESS: Were all steps in the task done? Look at the CALL entries — if the action log shows the step was performed with status=ok, it WAS done. Do NOT say a step is missing if you can see it in the log!
    │ IMPORTANT: 'Fakturer'/'Invoice' just means create an invoice — do NOT require sending unless the task explicitly says send/sende/enviar/envoyer/senden!
    │ 3. DATA: Names, org numbers, dates match the task?
    │ 4. AMOUNTS: If any created entity shows amount=0 or totalAmount=0 in the response, that is WRONG — the postings failed silently. EXCEPTION: Supplier invoice (supplierInvoice) responses normally show amount=0 — this is OK.
    │ 5. BUDGET vs INVOICE: NEVER flag a mismatch between project budget and invoice total. For fixed-price projects the invoice excl. VAT matches the fixedprice — this is CORRECT. For other projects, invoice is based on actual work/costs. Either way, do NOT fail on budget vs invoice differences.
    │ 6. PAYMENT AMOUNTS: Invoice payments and reversals use the FULL amount INCLUDING VAT, not excl. VAT. If the task says 'X NOK excl. VAT', the correct payment/reversal amount is X × 1.25 (Norwegian 25% VAT). Do NOT flag a mismatch between excl. VAT amounts in the task and incl. VAT payment amounts.
    │ 7. VAT BREAKDOWN: If the total invoice amount matches the expected sum, do NOT fail on 'VAT breakdown not reflected' or similar vague VAT concerns. Only fail if a specific line item has the WRONG VAT rate applied.
    │ 
    │ CRITICAL: Be CONSERVATIVE. When in doubt, say PASS.
    │ Only say FAIL for CLEAR, OBJECTIVE, SPECIFIC errors (wrong math, completely missing step, wrong name).
    │ Do NOT say FAIL for: vague concerns, 'might be wrong', uncertain issues, minor stylistic differences, or steps you cannot confirm from the log (absence of evidence is NOT evidence of absence).
    │ A false FAIL causes MORE damage than a missed error. When uncertain, ALWAYS say PASS.
    │ If the action log shows all main steps completed with status=ok, say PASS.
    │ 
    │ Reply ONLY with either:
    │ - 'PASS' if everything looks correct or you are unsure
    │ - 'FAIL: <specific issue>' ONLY if there is an obvious, objective error
  🔍 Verification (1192 tokens): FAIL: Exchange rate difference calculated incorrectly. The correct calculation should be 5044 EUR × 11.20 NOK/EUR - (5044 EUR × 10.51 NOK/EUR) = 3479.8 NOK, but the payment registered is 6305.0 NOK, which does not match the invoice amount.
  ↩ Returning to agent to fix issue
  Iteration 7 took 2.7s

──────────────────────────────────────────────────
  ITERATION 8/25
──────────────────────────────────────────────────
  Tokens: prompt=18826 completion=348 total_session=136090
  GPT says: It appears there was an error regarding the calculation of the currency exchange difference. Let's re-evaluate the situation:

1. **Original Invoice Amount in NOK Calculation:**
   - Original invoice in EUR: 5044 EUR
   - Original exchange rate: 10.51 NOK/EUR
   - Original invoice amount in NOK: \(5044 \times 10.51 = 52989.64 \text{ NOK} \)

2. **Payment Amount in NOK Calculation with New Exchange Rate:**
   - New exchange rate: 11.20 NOK/EUR
   - Payment amount in NOK with new rate: \(5044 \tim
  Messages: 17 (67,107 chars)
  Tool calls (1):
    [1] tripletex_api({"method":"POST","path":"/ledger/voucher","body":{"date":"2026-03-21","description":"Korrigierte Wechselkursdifferenz für Rechnung 2147632931","postings":[{"row":1,"date":"2026-03-21","amount":3503.16,"amountCurrency":3503.16,"account":{"id":470624773}},{"row":2,"date":"2026-03-21","amount":-3503.16,"amountCurrency":-3503.16,"account":{"id":470625125}}]}})
    ┌─ API POST /ledger/voucher
    │  body:   {"date": "2026-03-21", "description": "Korrigierte Wechselkursdifferenz für Rechnung 2147632931", "postings": [{"row": 1, "date": "2026-03-21", "amount": 3503.16, "amountCurrency": 3503.16, "account": {"id": 470624773}}, {"row": 2, "date": "2026-03-21", "amount": -3503.16, "amountCurrency": -3503.16, "account": {"id": 470625125}}]}
    └─ 201 OK (0.5s) id=609127357
    │  response: {"value": {"id": 609127357, "version": 5, "url": "kkpqfuj-amager.tripletex.dev/v2/ledger/voucher/609127357", "date": "2026-03-21", "number": 3, "tempNumber": 0, "year": 2026, "description": "Korrigierte Wechselkursdifferenz für Rechnung 2147632931", "voucherType": null, "reverseVoucher": null, "postings": [{"id": 3845741933, "version": 1, "url": "kkpqfuj-amager.tripletex.dev/v2/ledger/posting/3845741933", "voucher": {"id": 609127357, "url": "kkpqfuj-amager.tripletex.dev/v2/ledger/voucher/609127357"}, "date": "2026-03-21", "description": "Korrigierte Wechselkursdifferenz für Rechnung 2147632931", "account": {"id": 470624773, "url": "kkpqfuj-amager.tripletex.dev/v2/ledger/account/470624773"}, "amortizationAccount": null, "amortizationStartDate": null, "amortizationEndDate": null, "customer": null, "supplier": null, "employee": null, "project": null, "product": null, "department": null, "vatType": {"id": 0, "url": "kkpqfuj-amager.tripletex.dev/v2/ledger/vatType/0"}, "amount": 0.0, "amountCurrency": 0.0, "amountGross": 0.0, "amountGrossCurrency": 0.0, "currency": {"id": 1, "url": "kkpqfuj-amager.tripletex.dev/v2/currency/1"}, "closeGroup": null, "invoiceNumber": "", "termOfPayment": null, "row": 1, "type": null, "externalRef": "", "systemGenerated": false, "taxTransactionType": "(Ikke valgt)", "taxTransactionTypeId": 0, "matched": false, "quantityAmount1": 0, "quantityType1": null, "quantityAmount2": 0, "quantityType2": null, "isVatReadonly": true, "isAmountVatClosed": false, "po…
  Iteration 8 took 4.0s

──────────────────────────────────────────────────
  ITERATION 9/25
──────────────────────────────────────────────────
  Tokens: prompt=20243 completion=9 total_session=156342
  Messages: 19 (70,269 chars)
  Tool calls (1):
    [1] done()

  ✓ DONE — 9 iterations, 156342 tokens, 16.5s

======================================================================
  TASK COMPLETE — total 16.5s
======================================================================

