
======================================================================
  NEW TASK RECEIVED
  Version: unknown
======================================================================
  Prompt: The payment from Brightstone Ltd (org no. 993125393) for the invoice "Data Advisory" (27100 NOK excl. VAT) was returned by the bank. Reverse the payment so the invoice shows the outstanding amount again.
  Files:  0
  URL:    https://tx-proxy-jwanbnu3pq-lz.a.run.app/v2
──────────────────────────────────────────────────────────────────────
  [pre] Invoice/credit/payment task detected — ensuring bank account...
    ┌─ API GET /invoice/settings
  [gcs] Upload failed: 403 POST https://storage.googleapis.com/upload/storage/v1/b/tripletex-agent-logs/o?uploadType=multipart: {
  "error": {
    "code": 403,
    "message": "52373769937-compute@developer.gserviceaccount.com does not have storage.objects.create access to the Google Cloud Storage object. Permission 'storage.objects.create' denied on resource (or it may not exist).",
    "errors": [
      {
        "message": "52373769937-compute@developer.gserviceaccount.com does not have storage.objects.create access to the Google Cloud Storage object. Permission 'storage.objects.create' denied on resource (or it may not exist).",
        "domain": "global",
        "reason": "forbidden"
      }
    ]
  }
}
: ('Request failed with status code', 403, 'Expected one of', <HTTPStatus.OK: 200>)
    └─ 200 OK (2.0s) id=769617
  [bank] already ready
  [pre] Bank account setup: OK

──────────────────────────────────────────────────
  ITERATION 1/25
──────────────────────────────────────────────────
  [github] Log pushed: 20260321_183641_6242_salary_ok_16iter_vous_avez_recu.log (attempt 1)
  Tokens: prompt=14665 completion=45 total_session=14710
  Messages: 3 (54,934 chars)
  Tool calls (1):
    [1] tripletex_api({"method":"GET","path":"/invoice","params":{"invoiceDateFrom":"2000-01-01","invoiceDateTo":"2030-12-31"}})
    ┌─ API GET /invoice
    │  params: {"invoiceDateFrom": "2000-01-01", "invoiceDateTo": "2030-12-31"}
    └─ 200 OK (1.9s) [1 items]
    │  response: {"fullResultSize": 1, "from": 0, "count": 1, "versionDigest": "'If-None-Match' header not specified", "values": [{"id": 2147567840, "version": 3, "url": "kkpqfuj-amager.tripletex.dev/v2/invoice/2147567840", "invoiceNumber": 1, "invoiceDate": "2026-03-01", "customer": {"id": 108318067, "url": "kkpqfuj-amager.tripletex.dev/v2/customer/108318067"}, "creditedInvoice": 0, "isCredited": false, "invoiceDueDate": "2026-03-31", "kid": "", "invoiceComment": "", "comment": "", "orders": [{"id": 401988139, "url": "kkpqfuj-amager.tripletex.dev/v2/order/401988139"}], "orderLines": [{"id": 1607532547, "url": "kkpqfuj-amager.tripletex.dev/v2/order/orderline/1607532547"}], "travelReports": [], "projectInvoiceDetails": [{"id": 1965755131, "url": "kkpqfuj-amager.tripletex.dev/v2/invoice/details/1965755131"}], "voucher": {"id": 608887379, "url": "kkpqfuj-amager.tripletex.dev/v2/ledger/voucher/608887379"}, "deliveryDate": "2026-03-01", "amount": 33875.0, "amountCurrency": 33875.0, "amountExcludingVat": 27100.0, "amountExcludingVatCurrency": 27100.0, "amountRoundoff": 0.0, "amountRoundoffCurrency": 0.0, "amountOutstanding": 0.0, "amountCurrencyOutstanding": 0.0, "amountOutstandingTotal": 0.0, "amountCurrencyOutstandingTotal": 0.0, "sumRemits": 0, "currency": {"id": 1, "url": "kkpqfuj-amager.tripletex.dev/v2/currency/1"}, "isCreditNote": false, "isCharged": true, "isApproved": false, "postings": [{"id": 3845082953, "url": "kkpqfuj-amager.tripletex.dev/v2/ledger/posting/3845082953"}, {"id": 38450829…
  Iteration 1 took 3.7s

──────────────────────────────────────────────────
  ITERATION 2/25
──────────────────────────────────────────────────
  Tokens: prompt=15328 completion=23 total_session=30061
  Messages: 5 (56,630 chars)
  Tool calls (1):
    [1] tripletex_api({"method":"GET","path":"/invoice/paymentType"})
    ┌─ API GET /invoice/paymentType
    └─ 200 OK (1.7s) [2 items]
    │  response: {"fullResultSize": 2, "from": 0, "count": 2, "versionDigest": "'If-None-Match' header not specified", "values": [{"id": 27913061, "version": 0, "url": "kkpqfuj-amager.tripletex.dev/v2/invoice/paymentType/27913061", "description": "Kontant", "displayName": "Kontant", "debitAccount": {"id": 371281691, "url": "kkpqfuj-amager.tripletex.dev/v2/ledger/account/371281691"}, "creditAccount": null, "vatType": {"id": 0, "url": "kkpqfuj-amager.tripletex.dev/v2/ledger/vatType/0"}, "sequence": 1, "customer": null, "supplier": null, "currencyId": 1, "currencyCode": "NOK"}, {"id": 27913062, "version": 0, "url": "kkpqfuj-amager.tripletex.dev/v2/invoice/paymentType/27913062", "description": "Betalt til bank", "displayName": "Betalt til bank", "debitAccount": {"id": 371281694, "url": "kkpqfuj-amager.tripletex.dev/v2/ledger/account/371281694"}, "creditAccount": null, "vatType": {"id": 0, "url": "kkpqfuj-amager.tripletex.dev/v2/ledger/vatType/0"}, "sequence": 2, "customer": null, "supplier": null, "currencyId": 1, "currencyCode": "NOK"}]}
  Iteration 2 took 2.4s

──────────────────────────────────────────────────
  ITERATION 3/25
──────────────────────────────────────────────────
  Tokens: prompt=15728 completion=67 total_session=45856
  Messages: 7 (57,663 chars)
  Tool calls (1):
    [1] tripletex_api({"method":"PUT","path":"/invoice/2147567840/:payment","params":{"paymentDate":"2026-03-21","paymentTypeId":27913062,"paidAmount":-33875.0,"paidAmountCurrency":-33875.0}})
    ┌─ API PUT /invoice/2147567840/:payment
    │  params: {"paymentDate": "2026-03-21", "paymentTypeId": 27913062, "paidAmount": -33875.0, "paidAmountCurrency": -33875.0}
    └─ 200 OK (2.1s) id=2147567840
    │  response: {"value": {"id": 2147567840, "version": 3, "url": "kkpqfuj-amager.tripletex.dev/v2/invoice/2147567840", "invoiceNumber": 1, "invoiceDate": "2026-03-01", "customer": {"id": 108318067, "url": "kkpqfuj-amager.tripletex.dev/v2/customer/108318067"}, "creditedInvoice": 0, "isCredited": false, "invoiceDueDate": "2026-03-31", "kid": "", "invoiceComment": "", "comment": "", "orders": [{"id": 401988139, "url": "kkpqfuj-amager.tripletex.dev/v2/order/401988139"}], "orderLines": [{"id": 1607532547, "url": "kkpqfuj-amager.tripletex.dev/v2/order/orderline/1607532547"}], "travelReports": [], "projectInvoiceDetails": [{"id": 1965755131, "url": "kkpqfuj-amager.tripletex.dev/v2/invoice/details/1965755131"}], "voucher": {"id": 608887379, "url": "kkpqfuj-amager.tripletex.dev/v2/ledger/voucher/608887379"}, "deliveryDate": "2026-03-01", "amount": 33875.0, "amountCurrency": 33875.0, "amountExcludingVat": 27100.0, "amountExcludingVatCurrency": 27100.0, "amountRoundoff": 0.0, "amountRoundoffCurrency": 0.0, "amountOutstanding": 33875.0, "amountCurrencyOutstanding": 33875.0, "amountOutstandingTotal": 33875.0, "amountCurrencyOutstandingTotal": 33875.0, "sumRemits": 0, "currency": {"id": 1, "url": "kkpqfuj-amager.tripletex.dev/v2/currency/1"}, "isCreditNote": false, "isCharged": true, "isApproved": false, "postings": [{"id": 3845082953, "url": "kkpqfuj-amager.tripletex.dev/v2/ledger/posting/3845082953"}, {"id": 3845082968, "url": "kkpqfuj-amager.tripletex.dev/v2/ledger/posting/3845082968"}, {"id": 3845642…
  Iteration 3 took 3.3s

──────────────────────────────────────────────────
  ITERATION 4/25
──────────────────────────────────────────────────
  Tokens: prompt=16416 completion=9 total_session=62281
  Messages: 9 (59,359 chars)
  Tool calls (1):
    [1] done()

  ⏳ Verifying task completion (278s remaining)...
  📋 Verification prompt (2463 chars):
    │ TASK: The payment from Brightstone Ltd (org no. 993125393) for the invoice "Data Advisory" (27100 NOK excl. VAT) was returned by the bank. Reverse the payment so the invoice shows the outstanding amount again.
    │ 
    │ 
    │ ACTION LOG (chronological):
    │ CALL: tripletex_api({"method":"GET","path":"/invoice","params":{"invoiceDateFrom":"2000-01-01","invoiceDateTo":"2030-12-31"}})
    │ status=ok
    │ CALL: tripletex_api({"method":"GET","path":"/invoice/paymentType"})
    │ status=ok
    │ CALL: tripletex_api({"method":"PUT","path":"/invoice/2147567840/:payment","params":{"paymentDate":"2026-03-21","paymentTypeId":27913062,"paidAmount":-33875.0,"paidAmountCurrency":-33875.0}})
    │ status=ok id=2147567840 amount=33875.0 amountCurrency=33875.0 invoiceNumber=1
    │ CALL: done({})
    │ 
    │ You are an accounting verification agent. Based ONLY on the action log above, check:
    │ 1. MATH: All amounts, percentages, VAT calculations correct? (e.g. if task says 50% of 274950, invoice total incl VAT must be 137475)
    │ 2. COMPLETENESS: Were all steps in the task done? Look at the CALL entries — if the action log shows the step was performed with status=ok, it WAS done. Do NOT say a step is missing if you can see it in the log!
    │ IMPORTANT: 'Fakturer'/'Invoice' just means create an invoice — do NOT require sending unless the task explicitly says send/sende/enviar/envoyer/senden!
    │ 3. DATA: Names, org numbers, dates match the task?
    │ 4. AMOUNTS: If any created entity shows amount=0 or totalAmount=0 in the response, that is WRONG — the postings failed silently. EXCEPTION: Supplier invoice (supplierInvoice) responses normally show amount=0 — this is OK.
    │ 5. BUDGET vs INVOICE: NEVER flag a mismatch between project budget and invoice total. For fixed-price projects the invoice excl. VAT matches the fixedprice — this is CORRECT. For other projects, invoice is based on actual work/costs. Either way, do NOT fail on budget vs invoice differences.
    │ 
    │ CRITICAL: Be CONSERVATIVE. When in doubt, say PASS.
    │ Only say FAIL for CLEAR, OBJECTIVE, SPECIFIC errors (wrong math, completely missing step, wrong name).
    │ Do NOT say FAIL for: vague concerns, 'might be wrong', uncertain issues, minor stylistic differences, or steps you cannot confirm from the log (absence of evidence is NOT evidence of absence).
    │ If the action log shows all main steps completed with status=ok, say PASS.
    │ 
    │ Reply ONLY with either:
    │ - 'PASS' if everything looks correct or you are unsure
    │ - 'FAIL: <specific issue>' ONLY if there is an obvious, objective error
  🔍 Verification (656 tokens): FAIL: Paid amount of -33875.0 NOK does not match the invoice amount of 27100 NOK excl. VAT.
  ↩ Returning to agent to fix issue
  Iteration 4 took 1.6s

──────────────────────────────────────────────────
  ITERATION 5/25
──────────────────────────────────────────────────
  Tokens: prompt=16482 completion=109 total_session=78872
  GPT says: It appears there was an issue with the verification because the paid amount should have corresponded to the invoice's amount excluding VAT, which is 27100 NOK. Let's attempt this again with the correct amount.
  Messages: 11 (59,745 chars)
  Tool calls (1):
    [1] tripletex_api({"method":"PUT","path":"/invoice/2147567840/:payment","params":{"paymentDate":"2026-03-21","paymentTypeId":27913062,"paidAmount":-27100.0,"paidAmountCurrency":-27100.0}})
    ┌─ API PUT /invoice/2147567840/:payment
    │  params: {"paymentDate": "2026-03-21", "paymentTypeId": 27913062, "paidAmount": -27100.0, "paidAmountCurrency": -27100.0}
    └─ 200 OK (2.0s) id=2147567840
    │  response: {"value": {"id": 2147567840, "version": 3, "url": "kkpqfuj-amager.tripletex.dev/v2/invoice/2147567840", "invoiceNumber": 1, "invoiceDate": "2026-03-01", "customer": {"id": 108318067, "url": "kkpqfuj-amager.tripletex.dev/v2/customer/108318067"}, "creditedInvoice": 0, "isCredited": false, "invoiceDueDate": "2026-03-31", "kid": "", "invoiceComment": "", "comment": "", "orders": [{"id": 401988139, "url": "kkpqfuj-amager.tripletex.dev/v2/order/401988139"}], "orderLines": [{"id": 1607532547, "url": "kkpqfuj-amager.tripletex.dev/v2/order/orderline/1607532547"}], "travelReports": [], "projectInvoiceDetails": [{"id": 1965755131, "url": "kkpqfuj-amager.tripletex.dev/v2/invoice/details/1965755131"}], "voucher": {"id": 608887379, "url": "kkpqfuj-amager.tripletex.dev/v2/ledger/voucher/608887379"}, "deliveryDate": "2026-03-01", "amount": 33875.0, "amountCurrency": 33875.0, "amountExcludingVat": 27100.0, "amountExcludingVatCurrency": 27100.0, "amountRoundoff": 0.0, "amountRoundoffCurrency": 0.0, "amountOutstanding": 60975.0, "amountCurrencyOutstanding": 60975.0, "amountOutstandingTotal": 60975.0, "amountCurrencyOutstandingTotal": 60975.0, "sumRemits": 0, "currency": {"id": 1, "url": "kkpqfuj-amager.tripletex.dev/v2/currency/1"}, "isCreditNote": false, "isCharged": true, "isApproved": false, "postings": [{"id": 3845082953, "url": "kkpqfuj-amager.tripletex.dev/v2/ledger/posting/3845082953"}, {"id": 3845082968, "url": "kkpqfuj-amager.tripletex.dev/v2/ledger/posting/3845082968"}, {"id": 3845642…
  Iteration 5 took 4.9s

──────────────────────────────────────────────────
  ITERATION 6/25
──────────────────────────────────────────────────
  Tokens: prompt=17250 completion=9 total_session=96131
  Messages: 13 (61,529 chars)
  Tool calls (1):
    [1] done()

  ✓ DONE — 6 iterations, 96131 tokens, 18.7s

======================================================================
  TASK COMPLETE — total 18.7s
======================================================================

