
======================================================================
  NEW TASK RECEIVED
  Version: unknown
======================================================================
  Prompt: Registre una nota de gastos de viaje para Pablo Sánchez (pablo.sanchez@example.org) por "Conferencia Drammen". El viaje duró 3 días con dietas (tarifa diaria 800 NOK). Gastos: billete de avión 7050 NOK y taxi 550 NOK.
  Files:  0
  URL:    https://tx-proxy-jwanbnu3pq-lz.a.run.app/v2
──────────────────────────────────────────────────────────────────────

──────────────────────────────────────────────────
  ITERATION 1/25
──────────────────────────────────────────────────
  Tokens: prompt=14952 completion=174 total_session=15126
  GPT says: To register a travel expense for Pablo Sánchez, we need to follow these steps:

1. **Find or Create the Employee**: Check if Pablo Sánchez exists in the system. If not, create the employee.
2. **Create the Travel Expense Report**: Initialize a travel expense report for the conference in Drammen.
3. **Lookup Cost Categories and Payment Types**: Determine the categories for the airplane ticket and taxi, and the payment type.
4. **Add Expenses as Cost Lines**: Add the costs for the airplane ticket 
  Messages: 3 (56,851 chars)
  Tool calls (1):
    [1] tripletex_api({"method":"GET","path":"/employee?fields=*"})
    │  [fix] extracted query params from path: {'fields': '*'}
    ┌─ API GET /employee
    │  params: {"fields": "*"}
    └─ 200 OK (5.1s) [2 items]
    │  response: {"fullResultSize": 2, "from": 0, "count": 2, "versionDigest": "Checksum not yet supported for this endpoint", "values": [{"id": 18252699, "version": 1, "url": "kkpqfuj-amager.tripletex.dev/v2/employee/18252699", "firstName": "Admin", "lastName": "NM", "displayName": "Admin NM", "employeeNumber": "", "dateOfBirth": null, "email": "nmiai-pool@test.no", "phoneNumberMobileCountry": {"id": 161, "url": "kkpqfuj-amager.tripletex.dev/v2/country/161"}, "phoneNumberMobile": "", "phoneNumberHome": "", "phoneNumberWork": "", "nationalIdentityNumber": "", "dnumber": "", "internationalId": {"intAmeldingType": null, "country": null, "number": ""}, "bankAccountNumber": "", "iban": "", "bic": "", "creditorBankCountryId": 0, "usesAbroadPayment": false, "userType": null, "allowInformationRegistration": true, "isContact": false, "isProxy": false, "comments": "", "address": null, "department": {"id": 738845, "url": "kkpqfuj-amager.tripletex.dev/v2/department/738845"}, "employments": [{"id": 2642760, "url": "kkpqfuj-amager.tripletex.dev/v2/employee/employment/2642760"}], "holidayAllowanceEarned": {"year": 0, "amount": 0.0, "basis": 0.0, "amountExtraHolidayWeek": 0.0}, "employeeCategory": null, "isAuthProjectOverviewURL": true, "pictureId": 0, "companyId": 107915563, "vismaConnect2FAactive": false}, {"id": 18614430, "version": 2, "url": "kkpqfuj-amager.tripletex.dev/v2/employee/18614430", "firstName": "Pablo", "lastName": "Sánchez", "displayName": "Pablo Sánchez", "employeeNumber": "", "dateOfBirth…
  Iteration 1 took 7.3s

──────────────────────────────────────────────────
  ITERATION 2/25
──────────────────────────────────────────────────
  Tokens: prompt=15913 completion=161 total_session=31200
  GPT says: Pablo Sánchez is already an employee in the system with ID `18614430`. 

Now, I will create the travel expense report for the "Conferencia Drammen" for Pablo Sánchez. The trip lasts for 3 days, and I'll register both the costs and per diem. Let's start by creating the travel expense report.
  Messages: 5 (59,549 chars)
  Tool calls (1):
    [1] tripletex_api({"method":"POST","path":"/travelExpense","body":{"employee":{"id":18614430},"title":"Conferencia Drammen","date":"2026-03-21","travelDetails":{"departureDate":"2026-03-18","returnDate":"2026-03-21","destination":"Drammen","purpose":"Attending a conference in Drammen","isDayTrip":false}}})
    ┌─ API POST /travelExpense
    │  body:   {"employee": {"id": 18614430}, "title": "Conferencia Drammen", "date": "2026-03-21", "travelDetails": {"departureDate": "2026-03-18", "returnDate": "2026-03-21", "destination": "Drammen", "purpose": "Attending a conference in Drammen", "isDayTrip": false}}
    └─ 201 OK (5.3s) id=11149621
    │  response: {"value": {"id": 11149621, "version": 2, "url": "kkpqfuj-amager.tripletex.dev/v2/travelExpense/11149621", "attestationSteps": [], "attestation": null, "project": null, "employee": {"id": 18614430, "url": "kkpqfuj-amager.tripletex.dev/v2/employee/18614430"}, "approvedBy": null, "completedBy": null, "rejectedBy": null, "department": {"id": 738845, "url": "kkpqfuj-amager.tripletex.dev/v2/department/738845"}, "freeDimension1": null, "freeDimension2": null, "freeDimension3": null, "payslip": null, "vatType": {"id": 0, "url": "kkpqfuj-amager.tripletex.dev/v2/ledger/vatType/0"}, "paymentCurrency": {"id": 1, "url": "kkpqfuj-amager.tripletex.dev/v2/currency/1"}, "travelDetails": {"isForeignTravel": false, "isDayTrip": false, "isCompensationFromRates": false, "departureDate": "2026-03-18", "returnDate": "2026-03-21", "detailedJourneyDescription": "", "departureFrom": "", "destination": "Drammen", "departureTime": "", "returnTime": "", "purpose": "Attending a conference in Drammen"}, "voucher": null, "attachment": null, "isCompleted": false, "isApproved": false, "rejectedComment": "", "isChargeable": false, "isFixedInvoicedAmount": false, "isMarkupInvoicedPercent": false, "isIncludeAttachedReceiptsWhenReinvoicing": false, "completedDate": null, "approvedDate": null, "date": "2026-03-21", "travelAdvance": 0, "fixedInvoicedAmount": 0, "markupInvoicedPercent": 0, "amount": 0, "chargeableAmountCurrency": 0.0, "paymentAmount": 0.0, "chargeableAmount": 0, "lowRateVAT": 0, "mediumRateVAT": 0, …
  Iteration 2 took 7.8s

──────────────────────────────────────────────────
  ITERATION 3/25
──────────────────────────────────────────────────
  Tokens: prompt=16870 completion=70 total_session=48140
  GPT says: The travel expense report for "Conferencia Drammen" has been successfully created for Pablo Sánchez with the travel expense ID `11149621`.

Next, let's look up the cost categories and the payment type for the expenses.
  Messages: 7 (62,119 chars)
  Tool calls (1):
    [1] tripletex_api({"method":"GET","path":"/travelExpense/costCategory"})
    ┌─ API GET /travelExpense/costCategory
    └─ 200 OK (4.5s) [36 items]
    │  response: {"fullResultSize": 36, "from": 0, "count": 36, "versionDigest": "'If-None-Match' header not specified", "values": [{"id": 28184628, "version": 0, "url": "kkpqfuj-amager.tripletex.dev/v2/travelExpense/costCategory/28184628", "description": "Bredbånd", "account": {"id": 374214234, "url": "kkpqfuj-amager.tripletex.dev/v2/ledger/account/374214234"}, "vatType": {"id": 1, "url": "kkpqfuj-amager.tripletex.dev/v2/ledger/vatType/1"}, "isVatLocked": false, "showOnTravelExpenses": false, "showOnEmployeeExpenses": true, "isInactive": false, "sequence": 10, "displayName": "Bredbånd"}, {"id": 28184629, "version": 0, "url": "kkpqfuj-amager.tripletex.dev/v2/travelExpense/costCategory/28184629", "description": "Kontorrekvisita", "account": {"id": 374214228, "url": "kkpqfuj-amager.tripletex.dev/v2/ledger/account/374214228"}, "vatType": {"id": 1, "url": "kkpqfuj-amager.tripletex.dev/v2/ledger/vatType/1"}, "isVatLocked": false, "showOnTravelExpenses": false, "showOnEmployeeExpenses": true, "isInactive": false, "sequence": 11, "displayName": "Kontorrekvisita"}, {"id": 28184630, "version": 0, "url": "kkpqfuj-amager.tripletex.dev/v2/travelExpense/costCategory/28184630", "description": "Data/EDB-kostnad", "account": {"id": 374214229, "url": "kkpqfuj-amager.tripletex.dev/v2/ledger/account/374214229"}, "vatType": {"id": 1, "url": "kkpqfuj-amager.tripletex.dev/v2/ledger/vatType/1"}, "isVatLocked": false, "showOnTravelExpenses": false, "showOnEmployeeExpenses": true, "isInactive": false, "sequence": 12,…
  Iteration 3 took 5.6s

──────────────────────────────────────────────────
  ITERATION 4/25
──────────────────────────────────────────────────
  Tokens: prompt=19750 completion=24 total_session=67914
  Messages: 9 (70,133 chars)
  Tool calls (1):
    [1] tripletex_api({"method":"GET","path":"/travelExpense/paymentType"})
    ┌─ API GET /travelExpense/paymentType
    └─ 200 OK (3.8s) [1 items]
    │  response: {"fullResultSize": 1, "from": 0, "count": 1, "versionDigest": "'If-None-Match' header not specified", "values": [{"id": 28184627, "version": 0, "url": "kkpqfuj-amager.tripletex.dev/v2/travelExpense/paymentType/28184627", "description": "Privat utlegg", "account": {"id": 374214038, "url": "kkpqfuj-amager.tripletex.dev/v2/ledger/account/374214038"}, "showOnTravelExpenses": true, "showOnEmployeeExpenses": true, "isInactive": false, "displayName": "Privat utlegg"}]}
  Iteration 4 took 4.6s

──────────────────────────────────────────────────
  ITERATION 5/25
──────────────────────────────────────────────────
  Tokens: prompt=19939 completion=144 total_session=87997
  GPT says: We have the necessary information for the cost categories and payment type:

- **Flight**: Cost Category ID `28184643` ("Fly")
- **Taxi**: Cost Category ID `28184658` ("Taxi")
- **Payment Type**: ID `28184627` ("Privat utlegg")

Now, I will add the expenses for the airplane ticket and taxi to the travel expense report.
  Messages: 11 (70,919 chars)
  Tool calls (1):
    [1] tripletex_api({"method":"POST","path":"/travelExpense/cost","body":{"travelExpense":{"id":11149621},"costCategory":{"id":28184643},"paymentType":{"id":28184627},"amountCurrencyIncVat":7050}})
    ┌─ API POST /travelExpense/cost
    │  body:   {"travelExpense": {"id": 11149621}, "costCategory": {"id": 28184643}, "paymentType": {"id": 28184627}, "amountCurrencyIncVat": 7050}
    └─ 201 OK (2.5s)
    │  response: {"value": {"url": "kkpqfuj-amager.tripletex.dev/v2/travelExpense/cost/20256664"}}
  Iteration 5 took 4.7s

──────────────────────────────────────────────────
  ITERATION 6/25
──────────────────────────────────────────────────
  Tokens: prompt=20125 completion=60 total_session=108182
  Messages: 13 (71,000 chars)
  Tool calls (1):
    [1] tripletex_api({"method":"POST","path":"/travelExpense/cost","body":{"travelExpense":{"id":11149621},"costCategory":{"id":28184658},"paymentType":{"id":28184627},"amountCurrencyIncVat":550}})
    ┌─ API POST /travelExpense/cost
    │  body:   {"travelExpense": {"id": 11149621}, "costCategory": {"id": 28184658}, "paymentType": {"id": 28184627}, "amountCurrencyIncVat": 550}
    └─ 201 OK (2.3s)
    │  response: {"value": {"url": "kkpqfuj-amager.tripletex.dev/v2/travelExpense/cost/20256665"}}
  Iteration 6 took 3.5s

──────────────────────────────────────────────────
  ITERATION 7/25
──────────────────────────────────────────────────
  Tokens: prompt=20224 completion=68 total_session=128474
  GPT says: The expenses for the airplane ticket (7050 NOK) and taxi (550 NOK) have been successfully added to the travel expense report.

Next, let's add the per diem compensation for the 3-day trip.
  Messages: 15 (71,269 chars)
  Tool calls (1):
    [1] tripletex_api({"method":"GET","path":"/travelExpense/rateCategory"})
    ┌─ API GET /travelExpense/rateCategory
    └─ 200 OK (2.5s) [459 items]
    │  response: {"fullResultSize": 459, "from": 0, "count": 459, "versionDigest": "'If-None-Match' header not specified", "values": [{"id": 2, "version": 0, "url": "kkpqfuj-amager.tripletex.dev/v2/travelExpense/rateCategory/2", "name": "Dagsreise 5-9 timer - innland", "ameldingWageCode": 13, "wageCodeNumber": "351", "isValidDayTrip": true, "isValidAccommodation": false, "isValidDomestic": true, "isValidForeignTravel": true, "isRequiresZone": false, "isRequiresOvernightAccommodation": false, "fromDate": null, "toDate": "2008-05-01", "type": "PER_DIEM"}, {"id": 3, "version": 0, "url": "kkpqfuj-amager.tripletex.dev/v2/travelExpense/rateCategory/3", "name": "Dagsreise 9-12 timer - innland", "ameldingWageCode": 13, "wageCodeNumber": "352", "isValidDayTrip": true, "isValidAccommodation": false, "isValidDomestic": true, "isValidForeignTravel": true, "isRequiresZone": false, "isRequiresOvernightAccommodation": false, "fromDate": null, "toDate": "2008-05-01", "type": "PER_DIEM"}, {"id": 4, "version": 0, "url": "kkpqfuj-amager.tripletex.dev/v2/travelExpense/rateCategory/4", "name": "Dagsreise over 12 timer - innland", "ameldingWageCode": 13, "wageCodeNumber": "355", "isValidDayTrip": true, "isValidAccommodation": false, "isValidDomestic": true, "isValidForeignTravel": true, "isRequiresZone": false, "isRequiresOvernightAccommodation": false, "fromDate": null, "toDate": "2008-05-01", "type": "PER_DIEM"}, {"id": 10, "version": 0, "url": "kkpqfuj-amager.tripletex.dev/v2/travelExpense/rateCategory/10", "na…
  Iteration 7 took 4.3s

──────────────────────────────────────────────────
  ITERATION 8/25
──────────────────────────────────────────────────
  Tokens: prompt=22961 completion=143 total_session=151578
  GPT says: The lookup for the relevant rate category requires filtering through a long list to find categories valid for the year 2026. I'll focus on finding the rate category for "Overnatting over 12 timer - innland" to fit the multi-day trip:

Let's search for the correct rate category matching the given criteria for the year 2026 and apply the per diem compensation for the 3-day trip.
  Messages: 17 (79,662 chars)
  Tool calls (1):
    [1] tripletex_api({"method":"POST","path":"/travelExpense/perDiemCompensation","body":{"travelExpense":{"id":11149621},"rateCategory":{"id":15},"location":"Drammen","overnightAccommodation":"NONE","count":3}})
    ┌─ API GET /travelExpense/11149621
    │  params: {"fields": "date,travelDetails"}
    └─ 200 OK (2.3s)
    ┌─ API GET /travelExpense/rateCategory
    │  params: {"count": 1000}
    └─ 200 OK (2.0s) [459 items]
    │  [fix] perDiem rateCategory 15 → 740 (Overnatting over 12 timer - innland)
    ┌─ API POST /travelExpense/perDiemCompensation
    │  body:   {"travelExpense": {"id": 11149621}, "rateCategory": {"id": 740}, "location": "Drammen", "overnightAccommodation": "NONE", "count": 3}
    └─ 201 OK (2.0s)
    │  response: {"value": {"url": "kkpqfuj-amager.tripletex.dev/v2/travelExpense/perDiemCompensation/1595144"}}
  Iteration 8 took 8.7s

──────────────────────────────────────────────────
  ITERATION 9/25
──────────────────────────────────────────────────
  Tokens: prompt=23149 completion=9 total_session=174736
  Messages: 19 (79,757 chars)
  Tool calls (1):
    [1] done()

  ⏳ Verifying task completion (242s remaining)...
  📋 Verification prompt (3879 chars):
    │ TASK: Registre una nota de gastos de viaje para Pablo Sánchez (pablo.sanchez@example.org) por "Conferencia Drammen". El viaje duró 3 días con dietas (tarifa diaria 800 NOK). Gastos: billete de avión 7050 NOK y taxi 550 NOK.
    │ 
    │ 
    │ ACTION LOG (chronological):
    │ CALL: tripletex_api({"method":"GET","path":"/employee?fields=*"})
    │ status=ok
    │ CALL: tripletex_api({"method":"POST","path":"/travelExpense","body":{"employee":{"id":18614430},"title":"Conferencia Drammen","date":"2026-03-21","travelDetails":{"departureDate":"2026-03-18","returnDate":"2026-03-21","destination":"Drammen","purpose":"Attending a conference in Drammen","isDayTrip":false}}})
    │ status=ok id=11149621 amount=0
    │ CALL: tripletex_api({"method":"GET","path":"/travelExpense/costCategory"})
    │ CALL: tripletex_api({"method":"GET","path":"/travelExpense/paymentType"})
    │ status=ok
    │ CALL: tripletex_api({"method":"POST","path":"/travelExpense/cost","body":{"travelExpense":{"id":11149621},"costCategory":{"id":28184643},"paymentType":{"id":28184627},"amountCurrencyIncVat":7050}})
    │ status=ok
    │ CALL: tripletex_api({"method":"POST","path":"/travelExpense/cost","body":{"travelExpense":{"id":11149621},"costCategory":{"id":28184658},"paymentType":{"id":28184627},"amountCurrencyIncVat":550}})
    │ status=ok
    │ CALL: tripletex_api({"method":"GET","path":"/travelExpense/rateCategory"})
    │ CALL: tripletex_api({"method":"POST","path":"/travelExpense/perDiemCompensation","body":{"travelExpense":{"id":11149621},"rateCategory":{"id":15},"location":"Drammen","overnightAccommodation":"NONE","count":3}})
    │ status=ok
    │ CALL: done({})
    │ 
    │ You are an accounting verification agent. Based ONLY on the action log above, check:
    │ 1. MATH: All amounts, percentages, VAT calculations correct? (e.g. if task says 50% of 274950, invoice total incl VAT must be 137475)
    │ 2. COMPLETENESS: Were all steps in the task done? Look at the CALL entries — if the action log shows the step was performed with status=ok, it WAS done. Do NOT say a step is missing if you can see it in the log!
    │ IMPORTANT: 'Fakturer'/'Invoice' just means create an invoice — do NOT require sending unless the task explicitly says send/sende/enviar/envoyer/senden!
    │ 3. DATA: Names, org numbers, dates match the task?
    │ 4. AMOUNTS: If any created entity shows amount=0 or totalAmount=0 in the response, that is WRONG — the postings failed silently. EXCEPTION: Supplier invoice (supplierInvoice) responses normally show amount=0 — this is OK.
    │ 5. BUDGET vs INVOICE: NEVER flag a mismatch between project budget and invoice total. For fixed-price projects the invoice excl. VAT matches the fixedprice — this is CORRECT. For other projects, invoice is based on actual work/costs. Either way, do NOT fail on budget vs invoice differences.
    │ 6. PAYMENT AMOUNTS: Invoice payments and reversals use the FULL amount INCLUDING VAT, not excl. VAT. If the task says 'X NOK excl. VAT', the correct payment/reversal amount is X × 1.25 (Norwegian 25% VAT). Do NOT flag a mismatch between excl. VAT amounts in the task and incl. VAT payment amounts.
    │ 7. VAT BREAKDOWN: If the total invoice amount matches the expected sum, do NOT fail on 'VAT breakdown not reflected' or similar vague VAT concerns. Only fail if a specific line item has the WRONG VAT rate applied.
    │ 
    │ CRITICAL: Be CONSERVATIVE. When in doubt, say PASS.
    │ Only say FAIL for CLEAR, OBJECTIVE, SPECIFIC errors (wrong math, completely missing step, wrong name).
    │ Do NOT say FAIL for: vague concerns, 'might be wrong', uncertain issues, minor stylistic differences, or steps you cannot confirm from the log (absence of evidence is NOT evidence of absence).
    │ A false FAIL causes MORE damage than a missed error. When uncertain, ALWAYS say PASS.
    │ If the action log shows all main steps completed with status=ok, say PASS.
    │ 
    │ Reply ONLY with either:
    │ - 'PASS' if everything looks correct or you are unsure
    │ - 'FAIL: <specific issue>' ONLY if there is an obvious, objective error
  🔍 Verification (995 tokens): PASS

  ✓ DONE — 9 iterations, 174736 tokens, 48.1s

======================================================================
  TASK COMPLETE — total 48.5s
======================================================================

