
======================================================================
  NEW TASK RECEIVED
  Version: unknown
======================================================================
  Prompt: Crie uma fatura para o cliente Floresta Lda (org. nº 944182802) com três linhas de produto: Relatório de análise (2039) a 19600 NOK com 25 % IVA, Design web (3304) a 12450 NOK com 15 % IVA (alimentos), e Licença de software (1599) a 9150 NOK com 0 % IVA (isento).
  Files:  0
  URL:    https://tx-proxy-jwanbnu3pq-lz.a.run.app/v2
──────────────────────────────────────────────────────────────────────
  [pre] Invoice/credit/payment task detected — ensuring bank account...
    ┌─ API GET /invoice/settings
    └─ 200 OK (1.5s) id=774356
    ┌─ API GET /ledger/account
    │  params: {"isBankAccount": "true", "count": 10}
    └─ 200 OK (1.5s) [2 items]
  [bank] found account 1920 id=373788625 v=0
    ┌─ API PUT /ledger/account/373788625
    │  body:   {"id": 373788625, "version": 0, "number": 1920, "name": "Bankinnskudd", "bankAccountNumber": "15030100112"}
    └─ 200 OK (1.3s) id=373788625 name=Bankinnskudd
  [bank] bank account set OK
  [pre] Bank account setup: OK

──────────────────────────────────────────────────
  ITERATION 1/25
──────────────────────────────────────────────────
  Tokens: prompt=14707 completion=21 total_session=14728
  Messages: 3 (54,994 chars)
  Tool calls (1):
    [1] tripletex_api({"method":"GET","path":"/customer"})
    ┌─ API GET /customer
    └─ 200 OK (1.4s) [3 items]
    │  response: {"fullResultSize": 3, "from": 0, "count": 3, "versionDigest": "'If-None-Match' header not specified", "values": [{"id": 108323424, "version": 1, "url": "kkpqfuj-amager.tripletex.dev/v2/customer/108323424", "name": "Havbris AS", "organizationNumber": "924693576", "globalLocationNumber": 0, "supplierNumber": 0, "customerNumber": 10001, "isSupplier": false, "isCustomer": true, "isInactive": false, "accountManager": null, "department": null, "email": "", "invoiceEmail": "", "overdueNoticeEmail": "", "phoneNumber": "", "phoneNumberMobile": "", "description": "", "language": "NO", "displayName": "Havbris AS (10001)", "isPrivateIndividual": false, "singleCustomerInvoice": false, "invoiceSendMethod": "EMAIL", "emailAttachmentType": "ATTACHMENT", "postalAddress": {"id": 405497355, "url": "kkpqfuj-amager.tripletex.dev/v2/address/405497355"}, "physicalAddress": {"id": 405497354, "url": "kkpqfuj-amager.tripletex.dev/v2/address/405497354"}, "deliveryAddress": null, "category1": null, "category2": null, "category3": null, "invoicesDueIn": 14, "invoicesDueInType": "DAYS", "currency": {"id": 1, "url": "kkpqfuj-amager.tripletex.dev/v2/currency/1"}, "bankAccountPresentation": [], "ledgerAccount": {"id": 373788569, "url": "kkpqfuj-amager.tripletex.dev/v2/ledger/account/373788569"}, "isFactoring": false, "invoiceSendSMSNotification": false, "invoiceSMSNotificationNumber": "", "isAutomaticSoftReminderEnabled": false, "isAutomaticReminderEnabled": false, "isAutomaticNoticeOfDebtCollectionEnabled":…
  Iteration 1 took 2.1s

──────────────────────────────────────────────────
  ITERATION 2/25
──────────────────────────────────────────────────
  Tokens: prompt=16089 completion=21 total_session=30838
  Messages: 5 (59,431 chars)
  Tool calls (1):
    [1] tripletex_api({"method":"GET","path":"/product"})
    ┌─ API GET /product
    └─ 200 OK (1.5s) [6 items]
    │  response: {"fullResultSize": 6, "from": 0, "count": 6, "versionDigest": "'If-None-Match' header not specified", "values": [{"id": 84409770, "version": 0, "url": "kkpqfuj-amager.tripletex.dev/v2/product/84409770", "name": "Opplæring", "number": "3296", "displayNumber": "3296", "description": "", "orderLineDescription": "", "costExcludingVatCurrency": 0, "costPrice": 0, "priceExcludingVatCurrency": 5400.0, "priceIncludingVatCurrency": 6750.0, "isInactive": false, "productUnit": null, "incomingStock": 0, "outgoingStock": 0, "vatType": {"id": 3, "url": "kkpqfuj-amager.tripletex.dev/v2/ledger/vatType/3"}, "currency": {"id": 1, "url": "kkpqfuj-amager.tripletex.dev/v2/currency/1"}, "department": null, "account": null, "supplier": null, "resaleProduct": null, "isDeletable": false, "hasSupplierProductConnected": false, "image": null, "displayName": "3296 Opplæring", "mainSupplierProduct": null, "isRoundPriceIncVat": false, "priceInTargetCurrency": 0, "purchasePriceCurrency": 0}, {"id": 84409772, "version": 0, "url": "kkpqfuj-amager.tripletex.dev/v2/product/84409772", "name": "Skylagring", "number": "6620", "displayNumber": "6620", "description": "", "orderLineDescription": "", "costExcludingVatCurrency": 0, "costPrice": 0, "priceExcludingVatCurrency": 6850.0, "priceIncludingVatCurrency": 7877.5, "isInactive": false, "productUnit": null, "incomingStock": 0, "outgoingStock": 0, "vatType": {"id": 31, "url": "kkpqfuj-amager.tripletex.dev/v2/ledger/vatType/31"}, "currency": {"id": 1, "url": "kkpqfuj…
  Iteration 2 took 2.5s

──────────────────────────────────────────────────
  ITERATION 3/25
──────────────────────────────────────────────────
  Tokens: prompt=17898 completion=51 total_session=48787
  Messages: 7 (64,782 chars)
  Tool calls (1):
    [1] tripletex_api({"method":"POST","path":"/order","body":{"customer":{"id":108323436},"orderDate":"2026-03-21","deliveryDate":"2026-03-21"}})
    ┌─ API POST /order
    │  body:   {"customer": {"id": 108323436}, "orderDate": "2026-03-21", "deliveryDate": "2026-03-21"}
    └─ 201 OK (1.6s) id=402027864
    │  response: {"value": {"id": 402027864, "version": 0, "url": "kkpqfuj-amager.tripletex.dev/v2/order/402027864", "customer": {"id": 108323436, "url": "kkpqfuj-amager.tripletex.dev/v2/customer/108323436"}, "contact": null, "attn": null, "displayName": "2 Ordre", "receiverEmail": "", "overdueNoticeEmail": "", "number": "2", "reference": "", "department": null, "orderDate": "2026-03-21", "project": null, "invoiceComment": "", "currency": {"id": 1, "url": "kkpqfuj-amager.tripletex.dev/v2/currency/1"}, "invoicesDueIn": 14, "invoicesDueInType": "DAYS", "isShowOpenPostsOnInvoices": false, "isClosed": false, "deliveryDate": "2026-03-21", "deliveryAddress": null, "deliveryComment": "", "isPrioritizeAmountsIncludingVat": false, "orderLineSorting": "PRODUCT", "orderGroups": [], "orderLines": [], "isSubscription": false, "subscriptionDuration": 0, "subscriptionDurationType": "MONTHS", "subscriptionPeriodsOnInvoice": 0, "subscriptionPeriodsOnInvoiceType": "MONTHS", "subscriptionInvoicingTimeInAdvanceOrArrears": "ADVANCE", "subscriptionInvoicingTime": 0, "subscriptionInvoicingTimeType": "MONTHS", "isSubscriptionAutoInvoicing": false, "preliminaryInvoice": {"id": 2147625175, "url": "kkpqfuj-amager.tripletex.dev/v2/invoice/2147625175"}, "attachment": [], "sendMethodDescription": "Faktura må sendes manuelt.", "invoiceOnAccountVatHigh": false, "totalInvoicedOnAccountAmountAbsoluteCurrency": 0.0, "invoiceSendSMSNotification": false, "invoiceSMSNotificationNumber": "", "markUpOrderLines": 0, "discountPercent…
  Iteration 3 took 2.6s

──────────────────────────────────────────────────
  ITERATION 4/25
──────────────────────────────────────────────────
  Tokens: prompt=18455 completion=45 total_session=67287
  Messages: 9 (66,414 chars)
  Tool calls (1):
    [1] tripletex_api({"method":"POST","path":"/order/orderline","body":{"order":{"id":402027864},"product":{"id":84409777},"count":1}})
    ┌─ API POST /order/orderline
    │  body:   {"order": {"id": 402027864}, "product": {"id": 84409777}, "count": 1}
    └─ 201 OK (1.3s) id=1607566327
    │  response: {"value": {"id": 1607566327, "version": 1, "url": "kkpqfuj-amager.tripletex.dev/v2/order/orderline/1607566327", "product": {"id": 84409777, "url": "kkpqfuj-amager.tripletex.dev/v2/product/84409777"}, "inventory": null, "description": "", "displayName": "2039 Relatório de análise", "count": 1.0, "unitCostCurrency": 0.0, "unitPriceExcludingVatCurrency": 19600.0, "currency": {"id": 1, "url": "kkpqfuj-amager.tripletex.dev/v2/currency/1"}, "markup": 0.0, "discount": 0.0, "vatType": {"id": 3, "url": "kkpqfuj-amager.tripletex.dev/v2/ledger/vatType/3"}, "amountExcludingVatCurrency": 19600.0, "amountIncludingVatCurrency": 24500.0, "vendor": null, "order": {"id": 402027864, "url": "kkpqfuj-amager.tripletex.dev/v2/order/402027864"}, "unitPriceIncludingVatCurrency": 24500.0, "isSubscription": false, "subscriptionPeriodStart": null, "subscriptionPeriodEnd": null, "orderGroup": null, "sortIndex": 0, "isPicked": false, "pickedDate": null, "orderedQuantity": 0, "isCharged": false}}
  Iteration 4 took 2.7s

──────────────────────────────────────────────────
  ITERATION 5/25
──────────────────────────────────────────────────
  Tokens: prompt=18854 completion=45 total_session=86186
  Messages: 11 (67,394 chars)
  Tool calls (1):
    [1] tripletex_api({"method":"POST","path":"/order/orderline","body":{"order":{"id":402027864},"product":{"id":84409782},"count":1}})
    ┌─ API POST /order/orderline
    │  body:   {"order": {"id": 402027864}, "product": {"id": 84409782}, "count": 1}
    └─ 201 OK (1.7s) id=1607566336
    │  response: {"value": {"id": 1607566336, "version": 1, "url": "kkpqfuj-amager.tripletex.dev/v2/order/orderline/1607566336", "product": {"id": 84409782, "url": "kkpqfuj-amager.tripletex.dev/v2/product/84409782"}, "inventory": null, "description": "", "displayName": "3304 Design web", "count": 1.0, "unitCostCurrency": 0.0, "unitPriceExcludingVatCurrency": 12450.0, "currency": {"id": 1, "url": "kkpqfuj-amager.tripletex.dev/v2/currency/1"}, "markup": 0.0, "discount": 0.0, "vatType": {"id": 31, "url": "kkpqfuj-amager.tripletex.dev/v2/ledger/vatType/31"}, "amountExcludingVatCurrency": 12450.0, "amountIncludingVatCurrency": 14317.5, "vendor": null, "order": {"id": 402027864, "url": "kkpqfuj-amager.tripletex.dev/v2/order/402027864"}, "unitPriceIncludingVatCurrency": 14317.5, "isSubscription": false, "subscriptionPeriodStart": null, "subscriptionPeriodEnd": null, "orderGroup": null, "sortIndex": 0, "isPicked": false, "pickedDate": null, "orderedQuantity": 0, "isCharged": false}}
  Iteration 5 took 3.4s

──────────────────────────────────────────────────
  ITERATION 6/25
──────────────────────────────────────────────────
  Tokens: prompt=19251 completion=45 total_session=105482
  Messages: 13 (68,366 chars)
  Tool calls (1):
    [1] tripletex_api({"method":"POST","path":"/order/orderline","body":{"order":{"id":402027864},"product":{"id":84409785},"count":1}})
    ┌─ API POST /order/orderline
    │  body:   {"order": {"id": 402027864}, "product": {"id": 84409785}, "count": 1}
    └─ 201 OK (2.4s) id=1607566350
    │  response: {"value": {"id": 1607566350, "version": 1, "url": "kkpqfuj-amager.tripletex.dev/v2/order/orderline/1607566350", "product": {"id": 84409785, "url": "kkpqfuj-amager.tripletex.dev/v2/product/84409785"}, "inventory": null, "description": "", "displayName": "1599 Licença de software", "count": 1.0, "unitCostCurrency": 0.0, "unitPriceExcludingVatCurrency": 9150.0, "currency": {"id": 1, "url": "kkpqfuj-amager.tripletex.dev/v2/currency/1"}, "markup": 0.0, "discount": 0.0, "vatType": {"id": 6, "url": "kkpqfuj-amager.tripletex.dev/v2/ledger/vatType/6"}, "amountExcludingVatCurrency": 9150.0, "amountIncludingVatCurrency": 9150.0, "vendor": null, "order": {"id": 402027864, "url": "kkpqfuj-amager.tripletex.dev/v2/order/402027864"}, "unitPriceIncludingVatCurrency": 9150.0, "isSubscription": false, "subscriptionPeriodStart": null, "subscriptionPeriodEnd": null, "orderGroup": null, "sortIndex": 0, "isPicked": false, "pickedDate": null, "orderedQuantity": 0, "isCharged": false}}
  Iteration 6 took 4.0s

──────────────────────────────────────────────────
  ITERATION 7/25
──────────────────────────────────────────────────
  Tokens: prompt=19650 completion=54 total_session=125186
  Messages: 15 (69,341 chars)
  Tool calls (1):
    [1] tripletex_api({"method":"POST","path":"/invoice","body":{"invoiceDate":"2026-03-21","invoiceDueDate":"2026-04-04","orders":[{"id":402027864}]}})
    ┌─ API POST /invoice
    │  body:   {"invoiceDate": "2026-03-21", "invoiceDueDate": "2026-04-04", "orders": [{"id": 402027864}]}
    └─ 201 OK (1.9s) id=2147625250
    │  response: {"value": {"id": 2147625250, "version": 3, "url": "kkpqfuj-amager.tripletex.dev/v2/invoice/2147625250", "invoiceNumber": 1, "invoiceDate": "2026-03-21", "customer": {"id": 108323436, "url": "kkpqfuj-amager.tripletex.dev/v2/customer/108323436"}, "creditedInvoice": 0, "isCredited": false, "invoiceDueDate": "2026-04-04", "kid": "", "invoiceComment": "", "comment": "", "orders": [{"id": 402027864, "url": "kkpqfuj-amager.tripletex.dev/v2/order/402027864"}], "orderLines": [{"id": 1607566350, "url": "kkpqfuj-amager.tripletex.dev/v2/order/orderline/1607566350"}, {"id": 1607566327, "url": "kkpqfuj-amager.tripletex.dev/v2/order/orderline/1607566327"}, {"id": 1607566336, "url": "kkpqfuj-amager.tripletex.dev/v2/order/orderline/1607566336"}], "travelReports": [], "projectInvoiceDetails": [{"id": 1965787269, "url": "kkpqfuj-amager.tripletex.dev/v2/invoice/details/1965787269"}], "voucher": {"id": 609091068, "url": "kkpqfuj-amager.tripletex.dev/v2/ledger/voucher/609091068"}, "deliveryDate": "2026-03-21", "amount": 47967.5, "amountCurrency": 47967.5, "amountExcludingVat": 41200.0, "amountExcludingVatCurrency": 41200.0, "amountRoundoff": 0, "amountRoundoffCurrency": 0, "amountOutstanding": 47967.5, "amountCurrencyOutstanding": 47967.5, "amountOutstandingTotal": 47967.5, "amountCurrencyOutstandingTotal": 47967.5, "sumRemits": 0, "currency": {"id": 1, "url": "kkpqfuj-amager.tripletex.dev/v2/currency/1"}, "isCreditNote": false, "isCharged": true, "isApproved": false, "postings": [{"id": 384564636…
  Iteration 7 took 3.6s

──────────────────────────────────────────────────
  ITERATION 8/25
──────────────────────────────────────────────────
  Tokens: prompt=20319 completion=9 total_session=145514
  Messages: 17 (71,035 chars)
  Tool calls (1):
    [1] done()

  ⏳ Verifying task completion (264s remaining)...
  📋 Verification prompt (3076 chars):
    │ TASK: Crie uma fatura para o cliente Floresta Lda (org. nº 944182802) com três linhas de produto: Relatório de análise (2039) a 19600 NOK com 25 % IVA, Design web (3304) a 12450 NOK com 15 % IVA (alimentos), e Licença de software (1599) a 9150 NOK com 0 % IVA (isento).
    │ 
    │ 
    │ ACTION LOG (chronological):
    │ CALL: tripletex_api({"method":"GET","path":"/customer"})
    │ status=ok
    │ CALL: tripletex_api({"method":"GET","path":"/product"})
    │ status=ok
    │ CALL: tripletex_api({"method":"POST","path":"/order","body":{"customer":{"id":108323436},"orderDate":"2026-03-21","deliveryDate":"2026-03-21"}})
    │ status=ok id=402027864
    │ CALL: tripletex_api({"method":"POST","path":"/order/orderline","body":{"order":{"id":402027864},"product":{"id":84409777},"count":1}})
    │ status=ok id=1607566327 count=1.0
    │ CALL: tripletex_api({"method":"POST","path":"/order/orderline","body":{"order":{"id":402027864},"product":{"id":84409782},"count":1}})
    │ status=ok id=1607566336 count=1.0
    │ CALL: tripletex_api({"method":"POST","path":"/order/orderline","body":{"order":{"id":402027864},"product":{"id":84409785},"count":1}})
    │ status=ok id=1607566350 count=1.0
    │ CALL: tripletex_api({"method":"POST","path":"/invoice","body":{"invoiceDate":"2026-03-21","invoiceDueDate":"2026-04-04","orders":[{"id":402027864}]}})
    │ status=ok id=2147625250 amount=47967.5 amountCurrency=47967.5 invoiceNumber=1
    │ CALL: done({})
    │ 
    │ You are an accounting verification agent. Based ONLY on the action log above, check:
    │ 1. MATH: All amounts, percentages, VAT calculations correct? (e.g. if task says 50% of 274950, invoice total incl VAT must be 137475)
    │ 2. COMPLETENESS: Were all steps in the task done? Look at the CALL entries — if the action log shows the step was performed with status=ok, it WAS done. Do NOT say a step is missing if you can see it in the log!
    │ IMPORTANT: 'Fakturer'/'Invoice' just means create an invoice — do NOT require sending unless the task explicitly says send/sende/enviar/envoyer/senden!
    │ 3. DATA: Names, org numbers, dates match the task?
    │ 4. AMOUNTS: If any created entity shows amount=0 or totalAmount=0 in the response, that is WRONG — the postings failed silently. EXCEPTION: Supplier invoice (supplierInvoice) responses normally show amount=0 — this is OK.
    │ 5. BUDGET vs INVOICE: NEVER flag a mismatch between project budget and invoice total. For fixed-price projects the invoice excl. VAT matches the fixedprice — this is CORRECT. For other projects, invoice is based on actual work/costs. Either way, do NOT fail on budget vs invoice differences.
    │ 
    │ CRITICAL: Be CONSERVATIVE. When in doubt, say PASS.
    │ Only say FAIL for CLEAR, OBJECTIVE, SPECIFIC errors (wrong math, completely missing step, wrong name).
    │ Do NOT say FAIL for: vague concerns, 'might be wrong', uncertain issues, minor stylistic differences, or steps you cannot confirm from the log (absence of evidence is NOT evidence of absence).
    │ If the action log shows all main steps completed with status=ok, say PASS.
    │ 
    │ Reply ONLY with either:
    │ - 'PASS' if everything looks correct or you are unsure
    │ - 'FAIL: <specific issue>' ONLY if there is an obvious, objective error
  🔍 Verification (1037 tokens): FAIL: Incorrect VAT calculations. The total amount of the invoice does not reflect the correct VAT for each product. The calculations should be as follows:

1. Relatório de análise (19600 NOK) with 25% VAT: 19600 * 0.25 = 4900 NOK (Total: 24500 NOK)
2. Design web (12450 NOK) with 15% VAT: 12450 * 0.15 = 1867.5 NOK (Total: 14317.5 NOK)
3. Licença de software (9150 NOK) with 0% VAT: 9150 NOK (Total: 9150 NOK)

Total amount including VAT should be: 24500 + 14317.5 + 9150 = 47967.5 NOK, which matches the invoice amount, but the breakdown of VAT is not correctly reflected in the invoice details.
  ↩ Returning to agent to fix issue
  Iteration 8 took 3.7s

──────────────────────────────────────────────────
  ITERATION 9/25
──────────────────────────────────────────────────
  Tokens: prompt=20565 completion=170 total_session=166249
  GPT says: The invoice amount and each product's VAT have been correctly calculated and added to the system. Let's review the breakdown:
1. **Relatório de análise** - Price: 19600 NOK, VAT 25%, Total: 24500 NOK
2. **Design web** - Price: 12450 NOK, VAT 15%, Total: 14317.5 NOK
3. **Licença de software** - Price: 9150 NOK, VAT 0%, Total: 9150 NOK

All amounts reflect the accurate calculations as per the task requirements. 

Thus, the total invoice amount is 47967.5 NOK, accurately reflecting the combination 
  Messages: 19 (72,404 chars)
  ⚠ NUDGE — no tool calls, re-prompting GPT (reason: stop)

──────────────────────────────────────────────────
  ITERATION 10/25
──────────────────────────────────────────────────
  Tokens: prompt=20776 completion=9 total_session=187034
  Messages: 21 (72,554 chars)
  Tool calls (1):
    [1] done()

  ✓ DONE — 10 iterations, 187034 tokens, 33.7s

======================================================================
  TASK COMPLETE — total 33.7s
======================================================================

