
======================================================================
  NEW TASK RECEIVED
  Version: unknown
======================================================================
  Prompt: Voce recebeu uma fatura de fornecedor (ver PDF anexo). Registe a fatura no Tripletex. Crie o fornecedor se nao existir. Use a conta de despesas correta e o IVA de entrada.
  Files:  1
  URL:    https://tx-proxy-jwanbnu3pq-lz.a.run.app/v2
    - files/leverandorfaktura_pt_05.pdf (application/pdf)
──────────────────────────────────────────────────────────────────────
  [pre] Invoice/credit/payment task detected — ensuring bank account...
    ┌─ API GET /invoice/settings
    └─ 200 OK (0.3s) id=976568
    ┌─ API GET /ledger/account
    │  params: {"isBankAccount": "true", "count": 10}
    └─ 200 OK (0.3s) [2 items]
  [bank] found account 1920 id=480655875 v=0
    ┌─ API PUT /ledger/account/480655875
    │  body:   {"id": 480655875, "version": 0, "number": 1920, "name": "Bankinnskudd", "bankAccountNumber": "15030100112"}
    └─ 200 OK (0.4s) id=480655875 name=Bankinnskudd
  [bank] bank account set OK
  [pre] Bank account setup: OK
    [file] Extracted 266 chars from PDF: files/leverandorfaktura_pt_05.pdf

──────────────────────────────────────────────────
  ITERATION 1/25
──────────────────────────────────────────────────
  Tokens: prompt=17033 completion=141 total_session=17174
  GPT says: To register the supplier invoice from the provided PDF, we'll follow these steps:

1. **Check and Create Supplier:** We need to check if the supplier "Rio Azul Lda" already exists. If not, we'll create it.
2. **Look Up VAT Types:** Find the correct incoming VAT type for 25%.
3. **Look Up Expense Account:** Find the account ID for "6540", as mentioned in the PDF.
4. **Register the Supplier Invoice:**

Let's start by checking if the supplier "Rio Azul Lda" exists.
  Messages: 3 (64,228 chars)
  Tool calls (1):
    [1] tripletex_api({"method":"GET","path":"/supplier?fields=*,name,organizationNumber"})
    │  [fix] extracted query params from path: {'fields': '*,name,organizationNumber'}
    ┌─ API GET /supplier
    │  params: {"fields": "*,name,organizationNumber"}
    └─ 200 OK (0.4s) [0 items]
    │  response: {"fullResultSize": 0, "from": 0, "count": 0, "versionDigest": "'If-None-Match' header not specified", "values": []}
  Iteration 1 took 3.4s

──────────────────────────────────────────────────
  ITERATION 2/25
──────────────────────────────────────────────────
  Tokens: prompt=17227 completion=129 total_session=34530
  Messages: 5 (64,343 chars)
  Tool calls (1):
    [1] tripletex_api({"method":"POST","path":"/supplier","body":{"name":"Rio Azul Lda","organizationNumber":"961849209","email":"noreply@rioazullda.com","invoiceEmail":"noreply@rioazullda.com","overdueNoticeEmail":"noreply@rioazullda.com","physicalAddress":{"addressLine1":"Parkveien 95","postalCode":"9008","city":"Tromsø"},"postalAddress":{"addressLine1":"Parkveien 95","postalCode":"9008","city":"Tromsø"}}})
    ┌─ API POST /supplier
    │  body:   {"name": "Rio Azul Lda", "organizationNumber": "961849209", "email": "noreply@rioazullda.com", "invoiceEmail": "noreply@rioazullda.com", "overdueNoticeEmail": "noreply@rioazullda.com", "physicalAddress": {"addressLine1": "Parkveien 95", "postalCode": "9008", "city": "Tromsø"}, "postalAddress": {"addressLine1": "Parkveien 95", "postalCode": "9008", "city": "Tromsø"}, "isSupplier": true}
    └─ 201 OK (0.5s) id=108473943 name=Rio Azul Lda
    │  response: {"value": {"id": 108473943, "version": 1, "url": "kkpqfuj-amager.tripletex.dev/v2/supplier/108473943", "name": "Rio Azul Lda", "organizationNumber": "961849209", "supplierNumber": 20001, "customerNumber": 0, "isSupplier": true, "isCustomer": false, "isInactive": false, "email": "noreply@rioazullda.com", "invoiceEmail": "noreply@rioazullda.com", "overdueNoticeEmail": "noreply@rioazullda.com", "phoneNumber": "", "phoneNumberMobile": "", "description": "", "isPrivateIndividual": false, "showProducts": false, "accountManager": null, "postalAddress": {"id": 405794907, "version": 0, "url": "kkpqfuj-amager.tripletex.dev/v2/address/405794907", "addressLine1": "Parkveien 95", "addressLine2": "", "postalCode": "9008", "city": "Tromsø", "country": {"id": 161, "url": "kkpqfuj-amager.tripletex.dev/v2/country/161"}, "displayName": "Rio Azul Lda, Parkveien 95, 9008 Tromsø, Norge", "addressAsString": "Parkveien 95, 9008 Tromsø, Norge", "displayNameInklMatrikkel": "Rio Azul Lda, Parkveien 95, 9008 Tromsø, Norge", "knr": 0, "gnr": 0, "bnr": 0, "fnr": 0, "snr": 0, "unitNumber": ""}, "physicalAddress": {"id": 405794906, "version": 0, "url": "kkpqfuj-amager.tripletex.dev/v2/address/405794906", "addressLine1": "Parkveien 95", "addressLine2": "", "postalCode": "9008", "city": "Tromsø", "country": {"id": 161, "url": "kkpqfuj-amager.tripletex.dev/v2/country/161"}, "displayName": "Rio Azul Lda, Parkveien 95, 9008 Tromsø, Norge", "addressAsString": "Parkveien 95, 9008 Tromsø, Norge", "displayNameInklMa…
  Iteration 2 took 2.0s

──────────────────────────────────────────────────
  ITERATION 3/25
──────────────────────────────────────────────────
  Tokens: prompt=18108 completion=24 total_session=52662
  Messages: 7 (66,378 chars)
  Tool calls (1):
    [1] tripletex_api({"method":"GET","path":"/ledger/vatType"})
    ┌─ API GET /ledger/vatType
    └─ 200 OK (0.6s) [56 items]
    │  [trim] condensed 56 items → key fields (10092 chars)
    │  response: {"fullResultSize": 56, "from": 0, "count": 56, "versionDigest": "'If-None-Match' header not specified", "values": [{"version": 0, "name": "Fradrag inngående avgift, høy sats", "number": "1", "id": 1, "displayName": "1: (25%) Fradrag inngående avgift, høy sats"}, {"version": 0, "name": "Direktepostert fradrag inngående avgift, høy sats (mva-kode utgikk 01.01.2017)", "number": "UT-2", "id": 2, "displayName": "UT-2: (100%) Direktepostert fradrag inngående avgift, høy sats (mva-kode utgikk 01.01.2017)"}, {"version": 0, "name": "Utgående avgift, høy sats", "number": "3", "id": 3, "displayName": "3: (25%) Utgående avgift, høy sats"}, {"version": 0, "name": "Direktepostert utgående avgift, høy sats", "number": "4", "id": 4, "displayName": "4: (100%) Direktepostert utgående avgift, høy sats"}, {"version": 0, "name": "Ingen utgående avgift (innenfor mva-loven)", "number": "5", "id": 5, "displayName": "5: (0%) Ingen utgående avgift (innenfor mva-loven)"}, {"version": 0, "name": "Ingen utgående avgift (utenfor mva-loven)", "number": "6", "id": 6, "displayName": "6: (0%) Ingen utgående avgift (utenfor mva-loven)"}, {"version": 0, "name": "Ingen avgiftsbehandling (inntekter)", "number": "7", "id": 7, "displayName": "7: (0%) Ingen avgiftsbehandling (inntekter)"}, {"version": 0, "name": "Fradrag inngående avgift, middels sats", "number": "11", "id": 11, "displayName": "11: (15%) Fradrag inngående avgift, middels sats"}, {"version": 0, "name": "Fradrag inngående avgift, lav sats", "number": …
  Iteration 3 took 1.3s

──────────────────────────────────────────────────
  ITERATION 4/25
──────────────────────────────────────────────────
  Tokens: prompt=21051 completion=27 total_session=73740
  Messages: 9 (74,392 chars)
  Tool calls (1):
    [1] tripletex_api({"method":"GET","path":"/ledger/account?number=6540"})
    │  [fix] extracted query params from path: {'number': '6540'}
    ┌─ API GET /ledger/account
    │  params: {"number": "6540"}
    └─ 200 OK (0.5s) [1 items]
    │  response: {"fullResultSize": 1, "from": 0, "count": 1, "versionDigest": "'If-None-Match' header not specified", "values": [{"id": 480656145, "version": 0, "url": "kkpqfuj-amager.tripletex.dev/v2/ledger/account/480656145", "number": 6540, "numberPretty": "6540", "name": "Inventar", "description": "", "type": "OPERATING_EXPENSES", "legalVatTypes": [{"id": 0, "url": "kkpqfuj-amager.tripletex.dev/v2/ledger/vatType/0"}, {"id": 1, "url": "kkpqfuj-amager.tripletex.dev/v2/ledger/vatType/1"}, {"id": 11, "url": "kkpqfuj-amager.tripletex.dev/v2/ledger/vatType/11"}, {"id": 12, "url": "kkpqfuj-amager.tripletex.dev/v2/ledger/vatType/12"}, {"id": 230, "url": "kkpqfuj-amager.tripletex.dev/v2/ledger/vatType/230"}, {"id": 13, "url": "kkpqfuj-amager.tripletex.dev/v2/ledger/vatType/13"}, {"id": 14, "url": "kkpqfuj-amager.tripletex.dev/v2/ledger/vatType/14"}, {"id": 34, "url": "kkpqfuj-amager.tripletex.dev/v2/ledger/vatType/34"}, {"id": 35, "url": "kkpqfuj-amager.tripletex.dev/v2/ledger/vatType/35"}, {"id": 559, "url": "kkpqfuj-amager.tripletex.dev/v2/ledger/vatType/559"}, {"id": 550, "url": "kkpqfuj-amager.tripletex.dev/v2/ledger/vatType/550"}, {"id": 551, "url": "kkpqfuj-amager.tripletex.dev/v2/ledger/vatType/551"}, {"id": 553, "url": "kkpqfuj-amager.tripletex.dev/v2/ledger/vatType/553"}, {"id": 560, "url": "kkpqfuj-amager.tripletex.dev/v2/ledger/vatType/560"}], "ledgerType": "GENERAL", "balanceGroup": "Ikke i en saldogruppe.", "vatType": {"id": 1, "url": "kkpqfuj-amager.tripletex.dev/v2/ledger/vatType/1…
  Iteration 4 took 1.3s

──────────────────────────────────────────────────
  ITERATION 5/25
──────────────────────────────────────────────────
  Tokens: prompt=21842 completion=185 total_session=95767
  Messages: 11 (76,467 chars)
  Tool calls (1):
    [1] tripletex_api({"method":"POST","path":"/supplierInvoice","body":{"invoiceNumber":"INV-2026-1910","invoiceDate":"2026-01-23","invoiceDueDate":"2026-02-22","supplier":{"id":108473943},"voucher":{"date":"2026-01-23","description":"Supplier invoice INV-2026-1910 from Rio Azul Lda","postings":[{"row":1,"date":"2026-01-23","amountGross":80875,"amountGrossCurrency":80875,"account":{"id":480656145},"vatType":{"id":1}},{"row":2,"date":"2026-01-23","amountGross":-80875,"amountGrossCurrency":-80875,"account":{"id":480655934},"supplier":{"id":108473943}}]}}})
    ┌─ API POST /supplierInvoice
    │  body:   {"invoiceNumber": "INV-2026-1910", "invoiceDate": "2026-01-23", "invoiceDueDate": "2026-02-22", "supplier": {"id": 108473943}, "voucher": {"date": "2026-01-23", "description": "Supplier invoice INV-2026-1910 from Rio Azul Lda", "postings": [{"row": 1, "date": "2026-01-23", "amountGross": 80875, "amountGrossCurrency": 80875, "account": {"id": 480656145}, "vatType": {"id": 1}}, {"row": 2, "date": "2026-01-23", "amountGross": -80875, "amountGrossCurrency": -80875, "account": {"id": 480655934}, "supplier": {"id": 108473943}}]}}
    └─ 201 OK (0.7s) id=2147656345
    │  response: {"value": {"id": 2147656345, "version": 0, "url": "kkpqfuj-amager.tripletex.dev/v2/supplierInvoice/2147656345", "invoiceNumber": "INV-2026-1910", "invoiceDate": "2026-01-23", "supplier": {"id": 108473943, "url": "kkpqfuj-amager.tripletex.dev/v2/supplier/108473943"}, "invoiceDueDate": "2026-02-22", "kidOrReceiverReference": "", "voucher": {"id": 609233847, "url": "kkpqfuj-amager.tripletex.dev/v2/ledger/voucher/609233847"}, "amount": 0, "amountCurrency": 0, "amountExcludingVat": 0, "amountExcludingVatCurrency": 0, "currency": null, "isCreditNote": false, "orderLines": [], "payments": [], "originalInvoiceDocumentId": 0, "approvalListElements": [{"id": 647277797, "url": "kkpqfuj-amager.tripletex.dev/v2/voucherApprovalListElement/647277797"}, {"id": 647277796, "url": "kkpqfuj-amager.tripletex.dev/v2/voucherApprovalListElement/647277796"}], "outstandingAmount": 0.0}}
  Iteration 5 took 3.0s

──────────────────────────────────────────────────
  ITERATION 6/25
──────────────────────────────────────────────────
  Tokens: prompt=22341 completion=9 total_session=118117
  Messages: 13 (77,340 chars)
  Tool calls (1):
    [1] done()

  ⏳ Verifying task completion (277s remaining)...
  📋 Verification prompt (3556 chars):
    │ TASK: Voce recebeu uma fatura de fornecedor (ver PDF anexo). Registe a fatura no Tripletex. Crie o fornecedor se nao existir. Use a conta de despesas correta e o IVA de entrada.
    │ 
    │ 
    │ ACTION LOG (chronological):
    │ CALL: tripletex_api({"method":"GET","path":"/supplier?fields=*,name,organizationNumber"})
    │ status=ok
    │ CALL: tripletex_api({"method":"POST","path":"/supplier","body":{"name":"Rio Azul Lda","organizationNumber":"961849209","email":"noreply@rioazullda.com","invoiceEmail":"noreply@rioazullda.com","overdueNoticeEmail":"noreply@rioazullda.com","physicalAddress":{"addressLine1":"Parkveien 95","postalCode":"9008","city":"Troms)
    │ status=ok id=108473943 name=Rio Azul Lda
    │ CALL: tripletex_api({"method":"GET","path":"/ledger/vatType"})
    │ CALL: tripletex_api({"method":"GET","path":"/ledger/account?number=6540"})
    │ status=ok
    │ CALL: tripletex_api({"method":"POST","path":"/supplierInvoice","body":{"invoiceNumber":"INV-2026-1910","invoiceDate":"2026-01-23","invoiceDueDate":"2026-02-22","supplier":{"id":108473943},"voucher":{"date":"2026-01-23","description":"Supplier invoice INV-2026-1910 from Rio Azul Lda","postings":[{"row":1,"date":"2026-01)
    │ status=ok id=2147656345 amount=0 amountCurrency=0 invoiceNumber=INV-2026-1910
    │ CALL: done({})
    │ 
    │ You are an accounting verification agent. Based ONLY on the action log above, check:
    │ 1. MATH: All amounts, percentages, VAT calculations correct? (e.g. if task says 50% of 274950, invoice total incl VAT must be 137475)
    │ 2. COMPLETENESS: Were all steps in the task done? Look at the CALL entries — if the action log shows the step was performed with status=ok, it WAS done. Do NOT say a step is missing if you can see it in the log!
    │ IMPORTANT: 'Fakturer'/'Invoice' just means create an invoice — do NOT require sending unless the task explicitly says send/sende/enviar/envoyer/senden!
    │ 3. DATA: Names, org numbers, dates match the task?
    │ 4. AMOUNTS: If any created entity shows amount=0 or totalAmount=0 in the response, that is WRONG — the postings failed silently. EXCEPTION: Supplier invoice (supplierInvoice) responses normally show amount=0 — this is OK.
    │ 5. BUDGET vs INVOICE: NEVER flag a mismatch between project budget and invoice total. For fixed-price projects the invoice excl. VAT matches the fixedprice — this is CORRECT. For other projects, invoice is based on actual work/costs. Either way, do NOT fail on budget vs invoice differences.
    │ 6. PAYMENT AMOUNTS: Invoice payments and reversals use the FULL amount INCLUDING VAT, not excl. VAT. If the task says 'X NOK excl. VAT', the correct payment/reversal amount is X × 1.25 (Norwegian 25% VAT). Do NOT flag a mismatch between excl. VAT amounts in the task and incl. VAT payment amounts.
    │ 7. VAT BREAKDOWN: If the total invoice amount matches the expected sum, do NOT fail on 'VAT breakdown not reflected' or similar vague VAT concerns. Only fail if a specific line item has the WRONG VAT rate applied.
    │ 
    │ CRITICAL: Be CONSERVATIVE. When in doubt, say PASS.
    │ Only say FAIL for CLEAR, OBJECTIVE, SPECIFIC errors (wrong math, completely missing step, wrong name).
    │ Do NOT say FAIL for: vague concerns, 'might be wrong', uncertain issues, minor stylistic differences, or steps you cannot confirm from the log (absence of evidence is NOT evidence of absence).
    │ A false FAIL causes MORE damage than a missed error. When uncertain, ALWAYS say PASS.
    │ If the action log shows all main steps completed with status=ok, say PASS.
    │ 
    │ Reply ONLY with either:
    │ - 'PASS' if everything looks correct or you are unsure
    │ - 'FAIL: <specific issue>' ONLY if there is an obvious, objective error
  🔍 Verification (925 tokens): PASS

  ✓ DONE — 6 iterations, 118117 tokens, 13.1s

======================================================================
  TASK COMPLETE — total 13.5s
======================================================================

