
======================================================================
  NEW TASK RECEIVED
  Version: unknown
======================================================================
  Prompt: Create the project "Upgrade Windmill" linked to the customer Windmill Ltd (org no. 971465336). The project manager is Alice Smith (alice.smith@example.org).
  Files:  0
  URL:    https://tx-proxy-jwanbnu3pq-lz.a.run.app/v2
──────────────────────────────────────────────────────────────────────

──────────────────────────────────────────────────
  ITERATION 1/25
──────────────────────────────────────────────────
  [gcs] Upload failed: 403 POST https://storage.googleapis.com/upload/storage/v1/b/tripletex-agent-logs/o?uploadType=multipart: {
  "error": {
    "code": 403,
    "message": "52373769937-compute@developer.gserviceaccount.com does not have storage.objects.create access to the Google Cloud Storage object. Permission 'storage.objects.create' denied on resource (or it may not exist).",
    "errors": [
      {
        "message": "52373769937-compute@developer.gserviceaccount.com does not have storage.objects.create access to the Google Cloud Storage object. Permission 'storage.objects.create' denied on resource (or it may not exist).",
        "domain": "global",
        "reason": "forbidden"
      }
    ]
  }
}
: ('Request failed with status code', 403, 'Expected one of', <HTTPStatus.OK: 200>)
  [github] Log pushed: 20260321_193821_4154_salary_ok_6iter_kjør_lønn_for.log (attempt 1)
  Tokens: prompt=14927 completion=110 total_session=15037
  GPT says: Let's complete this task step by step. We need to create the customer if it doesn't exist, ensure the project manager is set up as an employee, and then create the project.

### Step 1: Create or Find the Customer

1.1. **Check if the customer "Windmill Ltd" already exists**. 
1.2. **If not, create the customer**.

Let's start by searching for the existing customer.
  Messages: 3 (56,466 chars)
  Tool calls (1):
    [1] tripletex_api({"method":"GET","path":"/customer"})
    ┌─ API GET /customer
    └─ 200 OK (1.6s) [1 items]
    │  response: {"fullResultSize": 1, "from": 0, "count": 1, "versionDigest": "'If-None-Match' header not specified", "values": [{"id": 108324213, "version": 1, "url": "kkpqfuj-amager.tripletex.dev/v2/customer/108324213", "name": "Windmill Ltd", "organizationNumber": "971465336", "globalLocationNumber": 0, "supplierNumber": 0, "customerNumber": 10001, "isSupplier": false, "isCustomer": true, "isInactive": false, "accountManager": null, "department": null, "email": "", "invoiceEmail": "", "overdueNoticeEmail": "", "phoneNumber": "", "phoneNumberMobile": "", "description": "", "language": "NO", "displayName": "Windmill Ltd (10001)", "isPrivateIndividual": false, "singleCustomerInvoice": false, "invoiceSendMethod": "EMAIL", "emailAttachmentType": "ATTACHMENT", "postalAddress": {"id": 405498919, "url": "kkpqfuj-amager.tripletex.dev/v2/address/405498919"}, "physicalAddress": {"id": 405498918, "url": "kkpqfuj-amager.tripletex.dev/v2/address/405498918"}, "deliveryAddress": null, "category1": null, "category2": null, "category3": null, "invoicesDueIn": 14, "invoicesDueInType": "DAYS", "currency": {"id": 1, "url": "kkpqfuj-amager.tripletex.dev/v2/currency/1"}, "bankAccountPresentation": [], "ledgerAccount": {"id": 374154108, "url": "kkpqfuj-amager.tripletex.dev/v2/ledger/account/374154108"}, "isFactoring": false, "invoiceSendSMSNotification": false, "invoiceSMSNotificationNumber": "", "isAutomaticSoftReminderEnabled": false, "isAutomaticReminderEnabled": false, "isAutomaticNoticeOfDebtCollectionEnabl…
  Iteration 1 took 4.2s

──────────────────────────────────────────────────
  ITERATION 2/25
──────────────────────────────────────────────────
  Tokens: prompt=15523 completion=107 total_session=30667
  GPT says: The customer "Windmill Ltd" with organization number 971465336 already exists. We will use this existing customer for the project.

### Step 2: Create or Update the Employee for Project Manager

2.1. **Check if the employee "Alice Smith" already exists**.
2.2. **If not, create or update the employee**.

Let's check for the employee "Alice Smith".
  Messages: 5 (58,369 chars)
  Tool calls (1):
    [1] tripletex_api({"method":"GET","path":"/employee?fields=*"})
    │  [fix] extracted query params from path: {'fields': '*'}
    ┌─ API GET /employee
    │  params: {"fields": "*"}
    └─ 200 OK (2.8s) [2 items]
    │  response: {"fullResultSize": 2, "from": 0, "count": 2, "versionDigest": "Checksum not yet supported for this endpoint", "values": [{"id": 18252472, "version": 1, "url": "kkpqfuj-amager.tripletex.dev/v2/employee/18252472", "firstName": "Admin", "lastName": "NM", "displayName": "Admin NM", "employeeNumber": "", "dateOfBirth": null, "email": "nmiai-pool@test.no", "phoneNumberMobileCountry": {"id": 161, "url": "kkpqfuj-amager.tripletex.dev/v2/country/161"}, "phoneNumberMobile": "", "phoneNumberHome": "", "phoneNumberWork": "", "nationalIdentityNumber": "", "dnumber": "", "internationalId": {"intAmeldingType": null, "country": null, "number": ""}, "bankAccountNumber": "", "iban": "", "bic": "", "creditorBankCountryId": 0, "usesAbroadPayment": false, "userType": null, "allowInformationRegistration": true, "isContact": false, "isProxy": false, "comments": "", "address": null, "department": {"id": 738732, "url": "kkpqfuj-amager.tripletex.dev/v2/department/738732"}, "employments": [{"id": 2642648, "url": "kkpqfuj-amager.tripletex.dev/v2/employee/employment/2642648"}], "holidayAllowanceEarned": {"year": 0, "amount": 0.0, "basis": 0.0, "amountExtraHolidayWeek": 0.0}, "employeeCategory": null, "isAuthProjectOverviewURL": true, "pictureId": 0, "companyId": 107915334, "vismaConnect2FAactive": false}, {"id": 18614373, "version": 2, "url": "kkpqfuj-amager.tripletex.dev/v2/employee/18614373", "firstName": "Alice", "lastName": "Smith", "displayName": "Alice Smith", "employeeNumber": "", "dateOfBirth": n…
  Iteration 2 took 5.8s

──────────────────────────────────────────────────
  ITERATION 3/25
──────────────────────────────────────────────────
  Tokens: prompt=16412 completion=126 total_session=47205
  GPT says: The employee "Alice Smith" with the email "alice.smith@example.org" already exists. We will use this existing employee as the project manager.

### Step 3: Create the Project

Now, let's create the project "Upgrade Windmill" linked to the customer and managed by Alice Smith.
  Messages: 7 (61,045 chars)
  Tool calls (1):
    [1] tripletex_api({"method":"POST","path":"/project","body":{"name":"Upgrade Windmill","number":"PRJ-8425","projectManager":{"id":18614373},"startDate":"2026-03-21","customer":{"id":108324213}}})
    ┌─ API POST /project
    │  body:   {"name": "Upgrade Windmill", "number": "PRJ-8425", "projectManager": {"id": 18614373}, "startDate": "2026-03-21", "customer": {"id": 108324213}}
    └─ 201 OK (2.0s) id=402031364 name=Upgrade Windmill
    │  response: {"value": {"id": 402031364, "version": 0, "url": "kkpqfuj-amager.tripletex.dev/v2/project/402031364", "name": "Upgrade Windmill", "number": "PRJ-8425", "displayName": "PRJ-8425 Upgrade Windmill", "description": "", "projectManager": {"id": 18614373, "url": "kkpqfuj-amager.tripletex.dev/v2/employee/18614373"}, "department": null, "mainProject": null, "startDate": "2026-03-21", "endDate": null, "customer": {"id": 108324213, "url": "kkpqfuj-amager.tripletex.dev/v2/customer/108324213"}, "isClosed": false, "isReadyForInvoicing": false, "isInternal": false, "isOffer": false, "isFixedPrice": false, "projectCategory": null, "deliveryAddress": null, "boligmappaAddress": null, "displayNameFormat": "NAME_STANDARD", "reference": "", "externalAccountsNumber": "", "discountPercentage": 0, "vatType": {"id": 3, "url": "kkpqfuj-amager.tripletex.dev/v2/ledger/vatType/3"}, "fixedprice": 0, "contributionMarginPercent": 0, "numberOfSubProjects": 0, "numberOfProjectParticipants": 1, "orderLines": [], "currency": {"id": 1, "url": "kkpqfuj-amager.tripletex.dev/v2/currency/1"}, "markUpOrderLines": 0, "markUpFeesEarned": 0, "isPriceCeiling": false, "priceCeilingAmount": 0, "projectHourlyRates": [{"id": 11088244, "url": "kkpqfuj-amager.tripletex.dev/v2/project/hourlyRates/11088244"}], "forParticipantsOnly": false, "participants": [{"id": 15642991, "url": "kkpqfuj-amager.tripletex.dev/v2/project/participant/15642991"}], "contact": null, "attention": null, "invoiceComment": "", "invoicingPlan": [], "prel…
  Iteration 3 took 4.1s

──────────────────────────────────────────────────
  ITERATION 4/25
──────────────────────────────────────────────────
  Tokens: prompt=17212 completion=9 total_session=64426
  Messages: 9 (63,162 chars)
  Tool calls (1):
    [1] done()

  ⏳ Verifying task completion (275s remaining)...
  📋 Verification prompt (2948 chars):
    │ TASK: Create the project "Upgrade Windmill" linked to the customer Windmill Ltd (org no. 971465336). The project manager is Alice Smith (alice.smith@example.org).
    │ 
    │ 
    │ ACTION LOG (chronological):
    │ CALL: tripletex_api({"method":"GET","path":"/customer"})
    │ status=ok
    │ CALL: tripletex_api({"method":"GET","path":"/employee?fields=*"})
    │ status=ok
    │ CALL: tripletex_api({"method":"POST","path":"/project","body":{"name":"Upgrade Windmill","number":"PRJ-8425","projectManager":{"id":18614373},"startDate":"2026-03-21","customer":{"id":108324213}}})
    │ status=ok id=402031364 name=Upgrade Windmill fixedprice=0 isFixedPrice=False
    │ CALL: done({})
    │ 
    │ You are an accounting verification agent. Based ONLY on the action log above, check:
    │ 1. MATH: All amounts, percentages, VAT calculations correct? (e.g. if task says 50% of 274950, invoice total incl VAT must be 137475)
    │ 2. COMPLETENESS: Were all steps in the task done? Look at the CALL entries — if the action log shows the step was performed with status=ok, it WAS done. Do NOT say a step is missing if you can see it in the log!
    │ IMPORTANT: 'Fakturer'/'Invoice' just means create an invoice — do NOT require sending unless the task explicitly says send/sende/enviar/envoyer/senden!
    │ 3. DATA: Names, org numbers, dates match the task?
    │ 4. AMOUNTS: If any created entity shows amount=0 or totalAmount=0 in the response, that is WRONG — the postings failed silently. EXCEPTION: Supplier invoice (supplierInvoice) responses normally show amount=0 — this is OK.
    │ 5. BUDGET vs INVOICE: NEVER flag a mismatch between project budget and invoice total. For fixed-price projects the invoice excl. VAT matches the fixedprice — this is CORRECT. For other projects, invoice is based on actual work/costs. Either way, do NOT fail on budget vs invoice differences.
    │ 6. PAYMENT AMOUNTS: Invoice payments and reversals use the FULL amount INCLUDING VAT, not excl. VAT. If the task says 'X NOK excl. VAT', the correct payment/reversal amount is X × 1.25 (Norwegian 25% VAT). Do NOT flag a mismatch between excl. VAT amounts in the task and incl. VAT payment amounts.
    │ 7. VAT BREAKDOWN: If the total invoice amount matches the expected sum, do NOT fail on 'VAT breakdown not reflected' or similar vague VAT concerns. Only fail if a specific line item has the WRONG VAT rate applied.
    │ 
    │ CRITICAL: Be CONSERVATIVE. When in doubt, say PASS.
    │ Only say FAIL for CLEAR, OBJECTIVE, SPECIFIC errors (wrong math, completely missing step, wrong name).
    │ Do NOT say FAIL for: vague concerns, 'might be wrong', uncertain issues, minor stylistic differences, or steps you cannot confirm from the log (absence of evidence is NOT evidence of absence).
    │ A false FAIL causes MORE damage than a missed error. When uncertain, ALWAYS say PASS.
    │ If the action log shows all main steps completed with status=ok, say PASS.
    │ 
    │ Reply ONLY with either:
    │ - 'PASS' if everything looks correct or you are unsure
    │ - 'FAIL: <specific issue>' ONLY if there is an obvious, objective error
  🔍 Verification (729 tokens): PASS

  ✓ DONE — 4 iterations, 64426 tokens, 15.4s

======================================================================
  TASK COMPLETE — total 16.6s
======================================================================

