
======================================================================
  NEW TASK RECEIVED
  Version: unknown
======================================================================
  Prompt: O cliente Cascata Lda (org. nº 967090743) reclamou sobre a fatura referente a "Sessão de formação" (23800 NOK sem IVA). Emita uma nota de crédito completa que reverta toda a fatura.
  Files:  0
  URL:    https://tx-proxy-jwanbnu3pq-lz.a.run.app/v2
──────────────────────────────────────────────────────────────────────
  [pre] Invoice/credit/payment task detected — ensuring bank account...
    ┌─ API GET /invoice/settings
    └─ 200 OK (1.7s) id=777514
  [bank] already ready
  [pre] Bank account setup: OK

──────────────────────────────────────────────────
  ITERATION 1/25
──────────────────────────────────────────────────
  Tokens: prompt=14941 completion=45 total_session=14986
  Messages: 3 (56,123 chars)
  Tool calls (1):
    [1] tripletex_api({"method":"GET","path":"/invoice","params":{"invoiceDateFrom":"2000-01-01","invoiceDateTo":"2030-12-31"}})
    ┌─ API GET /invoice
    │  params: {"invoiceDateFrom": "2000-01-01", "invoiceDateTo": "2030-12-31"}
    └─ 200 OK (1.6s) [1 items]
    │  response: {"fullResultSize": 1, "from": 0, "count": 1, "versionDigest": "'If-None-Match' header not specified", "values": [{"id": 2147573740, "version": 3, "url": "kkpqfuj-amager.tripletex.dev/v2/invoice/2147573740", "invoiceNumber": 1, "invoiceDate": "2026-03-01", "customer": {"id": 108326806, "url": "kkpqfuj-amager.tripletex.dev/v2/customer/108326806"}, "creditedInvoice": 0, "isCredited": false, "invoiceDueDate": "2026-03-31", "kid": "", "invoiceComment": "", "comment": "", "orders": [{"id": 401992981, "url": "kkpqfuj-amager.tripletex.dev/v2/order/401992981"}], "orderLines": [{"id": 1607535836, "url": "kkpqfuj-amager.tripletex.dev/v2/order/orderline/1607535836"}], "travelReports": [], "projectInvoiceDetails": [{"id": 1965758341, "url": "kkpqfuj-amager.tripletex.dev/v2/invoice/details/1965758341"}], "voucher": {"id": 608891520, "url": "kkpqfuj-amager.tripletex.dev/v2/ledger/voucher/608891520"}, "deliveryDate": "2026-03-01", "amount": 29750.0, "amountCurrency": 29750.0, "amountExcludingVat": 23800.0, "amountExcludingVatCurrency": 23800.0, "amountRoundoff": 0.0, "amountRoundoffCurrency": 0.0, "amountOutstanding": 29750.0, "amountCurrencyOutstanding": 29750.0, "amountOutstandingTotal": 29750.0, "amountCurrencyOutstandingTotal": 29750.0, "sumRemits": 0, "currency": {"id": 1, "url": "kkpqfuj-amager.tripletex.dev/v2/currency/1"}, "isCreditNote": false, "isCharged": true, "isApproved": false, "postings": [{"id": 3845094302, "url": "kkpqfuj-amager.tripletex.dev/v2/ledger/posting/3845094302"}]…
  Iteration 1 took 2.8s

──────────────────────────────────────────────────
  ITERATION 2/25
──────────────────────────────────────────────────
  Tokens: prompt=15573 completion=41 total_session=30600
  Messages: 5 (57,747 chars)
  Tool calls (1):
    [1] tripletex_api({"method":"PUT","path":"/invoice/2147573740/:createCreditNote","params":{"date":"2026-03-21"}})
    ┌─ API PUT /invoice/2147573740/:createCreditNote
    │  params: {"date": "2026-03-21"}
    └─ 200 OK (2.0s) id=2147633655
    │  response: {"value": {"id": 2147633655, "version": 2, "url": "kkpqfuj-amager.tripletex.dev/v2/invoice/2147633655", "invoiceNumber": 2, "invoiceDate": "2026-03-21", "customer": {"id": 108326806, "url": "kkpqfuj-amager.tripletex.dev/v2/customer/108326806"}, "creditedInvoice": 2147573740, "isCredited": false, "invoiceDueDate": "2026-03-21", "kid": "", "invoiceComment": "", "comment": "", "orders": [{"id": 401992981, "url": "kkpqfuj-amager.tripletex.dev/v2/order/401992981"}], "orderLines": [{"id": 1607571671, "url": "kkpqfuj-amager.tripletex.dev/v2/order/orderline/1607571671"}], "travelReports": [], "projectInvoiceDetails": [{"id": 1965792133, "url": "kkpqfuj-amager.tripletex.dev/v2/invoice/details/1965792133"}], "voucher": {"id": 609130692, "url": "kkpqfuj-amager.tripletex.dev/v2/ledger/voucher/609130692"}, "deliveryDate": "2026-03-01", "amount": -29750.0, "amountCurrency": -29750.0, "amountExcludingVat": -23800.0, "amountExcludingVatCurrency": -23800.0, "amountRoundoff": 0.0, "amountRoundoffCurrency": 0.0, "amountOutstanding": 0.0, "amountCurrencyOutstanding": 0.0, "amountOutstandingTotal": 0.0, "amountCurrencyOutstandingTotal": 0.0, "sumRemits": 0, "currency": {"id": 1, "url": "kkpqfuj-amager.tripletex.dev/v2/currency/1"}, "isCreditNote": true, "isCharged": true, "isApproved": false, "postings": [{"id": 3845094302, "url": "kkpqfuj-amager.tripletex.dev/v2/ledger/posting/3845094302"}, {"id": 3845750709, "url": "kkpqfuj-amager.tripletex.dev/v2/ledger/posting/3845750709"}], "reminders": [], …
  Iteration 2 took 3.1s

──────────────────────────────────────────────────
  ITERATION 3/25
──────────────────────────────────────────────────
  Tokens: prompt=16199 completion=9 total_session=46808
  Messages: 7 (59,351 chars)
  Tool calls (1):
    [1] done()

  ⏳ Verifying task completion (282s remaining)...
  📋 Verification prompt (2989 chars):
    │ TASK: O cliente Cascata Lda (org. nº 967090743) reclamou sobre a fatura referente a "Sessão de formação" (23800 NOK sem IVA). Emita uma nota de crédito completa que reverta toda a fatura.
    │ 
    │ TASK TYPE: Credit note.
    │ Check: original invoice found, credit note created referencing it, date set.
    │ 
    │ ACTION LOG (chronological):
    │ CALL: tripletex_api({"method":"GET","path":"/invoice","params":{"invoiceDateFrom":"2000-01-01","invoiceDateTo":"2030-12-31"}})
    │ status=ok
    │ CALL: tripletex_api({"method":"PUT","path":"/invoice/2147573740/:createCreditNote","params":{"date":"2026-03-21"}})
    │ status=ok id=2147633655 amount=-29750.0 amountCurrency=-29750.0 invoiceNumber=2
    │ CALL: done({})
    │ 
    │ You are an accounting verification agent. Based ONLY on the action log above, check:
    │ 1. MATH: All amounts, percentages, VAT calculations correct? (e.g. if task says 50% of 274950, invoice total incl VAT must be 137475)
    │ 2. COMPLETENESS: Were all steps in the task done? Look at the CALL entries — if the action log shows the step was performed with status=ok, it WAS done. Do NOT say a step is missing if you can see it in the log!
    │ IMPORTANT: 'Fakturer'/'Invoice' just means create an invoice — do NOT require sending unless the task explicitly says send/sende/enviar/envoyer/senden!
    │ 3. DATA: Names, org numbers, dates match the task?
    │ 4. AMOUNTS: If any created entity shows amount=0 or totalAmount=0 in the response, that is WRONG — the postings failed silently. EXCEPTION: Supplier invoice (supplierInvoice) responses normally show amount=0 — this is OK.
    │ 5. BUDGET vs INVOICE: NEVER flag a mismatch between project budget and invoice total. For fixed-price projects the invoice excl. VAT matches the fixedprice — this is CORRECT. For other projects, invoice is based on actual work/costs. Either way, do NOT fail on budget vs invoice differences.
    │ 6. PAYMENT AMOUNTS: Invoice payments and reversals use the FULL amount INCLUDING VAT, not excl. VAT. If the task says 'X NOK excl. VAT', the correct payment/reversal amount is X × 1.25 (Norwegian 25% VAT). Do NOT flag a mismatch between excl. VAT amounts in the task and incl. VAT payment amounts.
    │ 7. VAT BREAKDOWN: If the total invoice amount matches the expected sum, do NOT fail on 'VAT breakdown not reflected' or similar vague VAT concerns. Only fail if a specific line item has the WRONG VAT rate applied.
    │ 
    │ CRITICAL: Be CONSERVATIVE. When in doubt, say PASS.
    │ Only say FAIL for CLEAR, OBJECTIVE, SPECIFIC errors (wrong math, completely missing step, wrong name).
    │ Do NOT say FAIL for: vague concerns, 'might be wrong', uncertain issues, minor stylistic differences, or steps you cannot confirm from the log (absence of evidence is NOT evidence of absence).
    │ A false FAIL causes MORE damage than a missed error. When uncertain, ALWAYS say PASS.
    │ If the action log shows all main steps completed with status=ok, say PASS.
    │ 
    │ Reply ONLY with either:
    │ - 'PASS' if everything looks correct or you are unsure
    │ - 'FAIL: <specific issue>' ONLY if there is an obvious, objective error
  🔍 Verification (748 tokens): PASS

  ✓ DONE — 3 iterations, 46808 tokens, 8.2s

======================================================================
  TASK COMPLETE — total 9.2s
======================================================================

