
======================================================================
  NEW TASK RECEIVED
  Version: 9b42bf7
======================================================================
  Prompt: Registre una nota de gastos de viaje para Pablo Sánchez (pablo.sanchez@example.org) por "Conferencia Drammen". El viaje duró 3 días con dietas (tarifa diaria 800 NOK). Gastos: billete de avión 7050 NOK y taxi 550 NOK.
  Files:  0
  URL:    https://tx-proxy-jwanbnu3pq-lz.a.run.app/v2
──────────────────────────────────────────────────────────────────────

──────────────────────────────────────────────────
  ITERATION 1/25
──────────────────────────────────────────────────
  Tokens: prompt=20022 completion=45 total_session=20067
  Messages: 3 (74,665 chars)
  Tool calls (1):
    [1] tripletex_api({"method":"POST","path":"/employee","body":{"firstName":"Pablo","lastName":"Sánchez","email":"pablo.sanchez@example.org"}})
    │  [reject] 1 rule violation(s):
    │    • [employee-post-dateOfBirth] POST /employee should include 'dateOfBirth' (YYYY-MM-DD). Without it, employment creation will fail. Use a reasonable date like 1990-01-01 if the task doesn't specify. (missing: dateOfBirth)
  Iteration 1 took 0.9s

──────────────────────────────────────────────────
  ITERATION 2/25
──────────────────────────────────────────────────
  [github] Log pushed: 20260322_094617_2754_task_ok_3iter_crea_el_producto.log (attempt 3)
  Tokens: prompt=20221 completion=24 total_session=40312
  Messages: 5 (75,218 chars)
  Tool calls (1):
    [1] tripletex_api({"method":"GET","path":"/employee?fields=*"})
    │  [fix] extracted query params from path: {'fields': '*'}
    ┌─ API GET /employee
    │  params: {"fields": "*"}
  [github] Log pushed: 20260322_094553_1217_task_ok_5iter_crie_o_produto.log (attempt 3)
    └─ 200 OK (15.7s) [5 items]
    │  response: {"fullResultSize": 5, "from": 0, "count": 5, "versionDigest": "Checksum not yet supported for this endpoint", "values": [{"id": 18268548, "version": 1, "url": "kkpqfuj-amager.tripletex.dev/v2/employee/18268548", "firstName": "Admin", "lastName": "NM", "displayName": "Admin NM", "employeeNumber": "", "dateOfBirth": null, "email": "nmiai-pool@test.no", "phoneNumberMobileCountry": {"id": 161, "url": "kkpqfuj-amager.tripletex.dev/v2/country/161"}, "phoneNumberMobile": "", "phoneNumberHome": "", "phoneNumberWork": "", "nationalIdentityNumber": "", "dnumber": "", "internationalId": {"intAmeldingType": null, "country": null, "number": ""}, "bankAccountNumber": "", "iban": "", "bic": "", "creditorBankCountryId": 0, "usesAbroadPayment": false, "userType": null, "allowInformationRegistration": true, "isContact": false, "isProxy": false, "comments": "", "address": null, "department": {"id": 746769, "url": "kkpqfuj-amager.tripletex.dev/v2/department/746769"}, "employments": [{"id": 2650685, "url": "kkpqfuj-amager.tripletex.dev/v2/employee/employment/2650685"}], "holidayAllowanceEarned": {"year": 0, "amount": 0.0, "basis": 0.0, "amountExtraHolidayWeek": 0.0}, "employeeCategory": null, "isAuthProjectOverviewURL": true, "pictureId": 0, "companyId": 107931408, "vismaConnect2FAactive": false}, {"id": 18778848, "version": 2, "url": "kkpqfuj-amager.tripletex.dev/v2/employee/18778848", "firstName": "Grace", "lastName": "Lewis", "displayName": "Grace Lewis", "employeeNumber": "", "dateOfBirth": n…
  Iteration 2 took 16.5s

──────────────────────────────────────────────────
  ITERATION 3/25
──────────────────────────────────────────────────
  Tokens: prompt=22087 completion=60 total_session=62459
  Messages: 7 (80,940 chars)
  Tool calls (1):
    [1] tripletex_api({"method":"PUT","path":"/employee/18778871","body":{"id":18778871,"version":2,"firstName":"Pablo","lastName":"Sánchez","dateOfBirth":"1990-01-01"}})
    ┌─ API PUT /employee/18778871
    │  body:   {"id": 18778871, "version": 2, "firstName": "Pablo", "lastName": "Sánchez", "dateOfBirth": "1990-01-01"}
    └─ 200 OK (13.8s) id=18778871 name=Pablo
    │  [track] employee renamed successfully via PUT
    │  response: {"value": {"id": 18778871, "version": 3, "url": "kkpqfuj-amager.tripletex.dev/v2/employee/18778871", "firstName": "Pablo", "lastName": "Sánchez", "displayName": "Pablo Sánchez", "employeeNumber": "", "dateOfBirth": "1990-01-01", "email": "pablo.sanchez@example.org", "phoneNumberMobileCountry": {"id": 161, "url": "kkpqfuj-amager.tripletex.dev/v2/country/161"}, "phoneNumberMobile": "", "phoneNumberHome": "", "phoneNumberWork": "", "nationalIdentityNumber": "", "dnumber": "", "internationalId": {"intAmeldingType": null, "country": null, "number": ""}, "bankAccountNumber": "", "iban": "", "bic": "", "creditorBankCountryId": 0, "usesAbroadPayment": false, "userType": null, "allowInformationRegistration": true, "isContact": false, "isProxy": false, "comments": "", "address": null, "department": {"id": 746769, "url": "kkpqfuj-amager.tripletex.dev/v2/department/746769"}, "employments": [], "holidayAllowanceEarned": {"year": 0, "amount": 0.0, "basis": 0.0, "amountExtraHolidayWeek": 0.0}, "employeeCategory": null, "isAuthProjectOverviewURL": true, "pictureId": 0, "companyId": 107931408, "vismaConnect2FAactive": false}}
  Iteration 3 took 14.9s

──────────────────────────────────────────────────
  ITERATION 4/25
──────────────────────────────────────────────────
  Tokens: prompt=22520 completion=89 total_session=85068
  Messages: 9 (82,066 chars)
  Tool calls (1):
    [1] tripletex_api({"method":"POST","path":"/travelExpense","body":{"employee":{"id":18778871},"title":"Conferencia Drammen","date":"2026-03-22","travelDetails":{"departureDate":"2026-03-19","returnDate":"2026-03-22","destination":"Drammen","purpose":"Conferencia","isDayTrip":false}}})
    ┌─ API POST /travelExpense
    │  body:   {"employee": {"id": 18778871}, "title": "Conferencia Drammen", "date": "2026-03-22", "travelDetails": {"departureDate": "2026-03-19", "returnDate": "2026-03-22", "destination": "Drammen", "purpose": "Conferencia", "isDayTrip": false}}
    └─ 201 OK (11.6s) id=11152806
    │  response: {"value": {"id": 11152806, "version": 2, "url": "kkpqfuj-amager.tripletex.dev/v2/travelExpense/11152806", "attestationSteps": [], "attestation": null, "project": null, "employee": {"id": 18778871, "url": "kkpqfuj-amager.tripletex.dev/v2/employee/18778871"}, "approvedBy": null, "completedBy": null, "rejectedBy": null, "department": {"id": 746769, "url": "kkpqfuj-amager.tripletex.dev/v2/department/746769"}, "freeDimension1": null, "freeDimension2": null, "freeDimension3": null, "payslip": null, "vatType": {"id": 0, "url": "kkpqfuj-amager.tripletex.dev/v2/ledger/vatType/0"}, "paymentCurrency": {"id": 1, "url": "kkpqfuj-amager.tripletex.dev/v2/currency/1"}, "travelDetails": {"isForeignTravel": false, "isDayTrip": false, "isCompensationFromRates": false, "departureDate": "2026-03-19", "returnDate": "2026-03-22", "detailedJourneyDescription": "", "departureFrom": "", "destination": "Drammen", "departureTime": "", "returnTime": "", "purpose": "Conferencia"}, "voucher": null, "attachment": null, "isCompleted": false, "isApproved": false, "rejectedComment": "", "isChargeable": false, "isFixedInvoicedAmount": false, "isMarkupInvoicedPercent": false, "isIncludeAttachedReceiptsWhenReinvoicing": false, "completedDate": null, "approvedDate": null, "date": "2026-03-22", "travelAdvance": 0, "fixedInvoicedAmount": 0, "markupInvoicedPercent": 0, "amount": 0, "chargeableAmountCurrency": 0.0, "paymentAmount": 0.0, "chargeableAmount": 0, "lowRateVAT": 0, "mediumRateVAT": 0, "highRateVAT": 0, "pay…
  Iteration 4 took 12.7s

──────────────────────────────────────────────────
  ITERATION 5/25
──────────────────────────────────────────────────
  Tokens: prompt=23397 completion=25 total_session=108490
  Messages: 11 (84,396 chars)
  Tool calls (1):
    [1] tripletex_api({"method":"GET","path":"/travelExpense/costCategory"})
    ┌─ API GET /travelExpense/costCategory
    └─ 200 OK (12.9s) [36 items]
    │  [trim] condensed 36 items → key fields (3711 chars)
    │  response: {"fullResultSize": 36, "from": 0, "count": 36, "versionDigest": "'If-None-Match' header not specified", "values": [{"displayName": "Bredbånd", "description": "Bredbånd", "version": 0, "id": 28572904}, {"displayName": "Kontorrekvisita", "description": "Kontorrekvisita", "version": 0, "id": 28572905}, {"displayName": "Data/EDB-kostnad", "description": "Data/EDB-kostnad", "version": 0, "id": 28572906}, {"displayName": "Aviser, tidsskrifter, bøker o.l.", "description": "Aviser, tidsskrifter, bøker o.l.", "version": 0, "id": 28572907}, {"displayName": "Møte, kurs, oppdatering o.l.", "description": "Møte, kurs, oppdatering o.l.", "version": 0, "id": 28572908}, {"displayName": "Annen kontorkostnad", "description": "Annen kontorkostnad", "version": 0, "id": 28572909}, {"displayName": "Telefon", "description": "Telefon", "version": 0, "id": 28572910}, {"displayName": "Porto", "description": "Porto", "version": 0, "id": 28572911}, {"displayName": "Bomavgift", "description": "Bomavgift", "version": 0, "id": 28572912}, {"displayName": "Buss", "description": "Buss", "version": 0, "id": 28572913}, {"displayName": "Båt", "description": "Båt", "version": 0, "id": 28572914}, {"displayName": "Drivstoff", "description": "Drivstoff", "version": 0, "id": 28572915}, {"displayName": "Drivstoff - leiebil", "description": "Drivstoff - leiebil", "version": 0, "id": 28572916}, {"displayName": "Drivstoff - selskapets transportmiddel", "description": "Drivstoff - selskapets transportmiddel", "version": 0…
  Iteration 5 took 13.6s

──────────────────────────────────────────────────
  ITERATION 6/25
──────────────────────────────────────────────────
  Tokens: prompt=24718 completion=24 total_session=133232
  Messages: 13 (88,107 chars)
  Tool calls (1):
    [1] tripletex_api({"method":"GET","path":"/travelExpense/paymentType"})
    ┌─ API GET /travelExpense/paymentType
    └─ 200 OK (12.7s) [1 items]
    │  response: {"fullResultSize": 1, "from": 0, "count": 1, "versionDigest": "'If-None-Match' header not specified", "values": [{"id": 28572903, "version": 0, "url": "kkpqfuj-amager.tripletex.dev/v2/travelExpense/paymentType/28572903", "description": "Privat utlegg", "account": {"id": 378405834, "url": "kkpqfuj-amager.tripletex.dev/v2/ledger/account/378405834"}, "showOnTravelExpenses": true, "showOnEmployeeExpenses": true, "isInactive": false, "displayName": "Privat utlegg"}]}
  Iteration 6 took 13.4s

──────────────────────────────────────────────────
  ITERATION 7/25
──────────────────────────────────────────────────
  Tokens: prompt=24907 completion=61 total_session=158200
  Messages: 15 (88,573 chars)
  Tool calls (1):
    [1] tripletex_api({"method":"POST","path":"/travelExpense/cost","body":{"travelExpense":{"id":11152806},"costCategory":{"id":28572919},"paymentType":{"id":28572903},"amountCurrencyIncVat":7050}})
    ┌─ API POST /travelExpense/cost
    │  body:   {"travelExpense": {"id": 11152806}, "costCategory": {"id": 28572919}, "paymentType": {"id": 28572903}, "amountCurrencyIncVat": 7050}
    └─ 201 OK (14.9s)
    │  response: {"value": {"url": "kkpqfuj-amager.tripletex.dev/v2/travelExpense/cost/20260558"}}
  Iteration 7 took 15.9s

──────────────────────────────────────────────────
  ITERATION 8/25
──────────────────────────────────────────────────
  Tokens: prompt=25007 completion=60 total_session=183267
  Messages: 17 (88,654 chars)
  Tool calls (1):
    [1] tripletex_api({"method":"POST","path":"/travelExpense/cost","body":{"travelExpense":{"id":11152806},"costCategory":{"id":28572934},"paymentType":{"id":28572903},"amountCurrencyIncVat":550}})
    ┌─ API POST /travelExpense/cost
    │  body:   {"travelExpense": {"id": 11152806}, "costCategory": {"id": 28572934}, "paymentType": {"id": 28572903}, "amountCurrencyIncVat": 550}
    └─ 201 OK (12.1s)
    │  response: {"value": {"url": "kkpqfuj-amager.tripletex.dev/v2/travelExpense/cost/20260560"}}
  Iteration 8 took 13.1s

──────────────────────────────────────────────────
  ITERATION 9/25
──────────────────────────────────────────────────
  Tokens: prompt=25106 completion=61 total_session=208434
  Messages: 19 (88,735 chars)
  Tool calls (1):
    [1] tripletex_api({"method":"POST","path":"/travelExpense/cost","body":{"travelExpense":{"id":11152806},"costCategory":{"id":28572927},"paymentType":{"id":28572903},"amountCurrencyIncVat":2400}})
    ┌─ API POST /travelExpense/cost
    │  body:   {"travelExpense": {"id": 11152806}, "costCategory": {"id": 28572927}, "paymentType": {"id": 28572903}, "amountCurrencyIncVat": 2400}
    └─ 201 OK (10.5s)
    │  response: {"value": {"url": "kkpqfuj-amager.tripletex.dev/v2/travelExpense/cost/20260562"}}
  Iteration 9 took 11.6s

──────────────────────────────────────────────────
  ITERATION 10/25
──────────────────────────────────────────────────
  Tokens: prompt=25206 completion=9 total_session=233649
  Messages: 21 (88,816 chars)
  Tool calls (1):
    [1] done()

  ⏳ Verifying task completion (177s remaining)...
  📋 Verification prompt (4755 chars):
    │ TASK: Registre una nota de gastos de viaje para Pablo Sánchez (pablo.sanchez@example.org) por "Conferencia Drammen". El viaje duró 3 días con dietas (tarifa diaria 800 NOK). Gastos: billete de avión 7050 NOK y taxi 550 NOK.
    │ 
    │ TASK TYPE: Travel expense.Check these SPECIFIC things:
    │ - Employee created/found with correct name?
    │ - Travel expense created with correct destination and travel dates?
    │ - Cost lines added for each expense (plane, taxi, hotel, etc.) with correct amounts?
    │ - Per diem compensation added if task mentions daily allowance/diett/dietas?
    │   Per diem rateCategory MUST match the travel year (2026 date range, NOT old 2008 category)!
    │ - Payment type set (typically 'Privat utlegg')?
    │ - Travel expense amount > 0 after adding costs?
    │ - Do NOT require 'completing' or 'delivering' the travel expense — just creating it with costs is enough.
    │ 
    │ ACTION LOG (chronological):
    │ CALL: tripletex_api({"method":"POST","path":"/employee","body":{"firstName":"Pablo","lastName":"Sánchez","email":"pablo.sanchez@example.org"}})
    │ status=400
    │ CALL: tripletex_api({"method":"GET","path":"/employee?fields=*"})
    │ status=ok
    │ CALL: tripletex_api({"method":"PUT","path":"/employee/18778871","body":{"id":18778871,"version":2,"firstName":"Pablo","lastName":"Sánchez","dateOfBirth":"1990-01-01"}})
    │ status=ok id=18778871
    │ CALL: tripletex_api({"method":"POST","path":"/travelExpense","body":{"employee":{"id":18778871},"title":"Conferencia Drammen","date":"2026-03-22","travelDetails":{"departureDate":"2026-03-19","returnDate":"2026-03-22","destination":"Drammen","purpose":"Conferencia","isDayTrip":false}}})
    │ status=ok id=11152806 amount=0
    │ CALL: tripletex_api({"method":"GET","path":"/travelExpense/costCategory"})
    │ status=ok
    │ CALL: tripletex_api({"method":"GET","path":"/travelExpense/paymentType"})
    │ status=ok
    │ CALL: tripletex_api({"method":"POST","path":"/travelExpense/cost","body":{"travelExpense":{"id":11152806},"costCategory":{"id":28572919},"paymentType":{"id":28572903},"amountCurrencyIncVat":7050}})
    │ status=ok
    │ CALL: tripletex_api({"method":"POST","path":"/travelExpense/cost","body":{"travelExpense":{"id":11152806},"costCategory":{"id":28572934},"paymentType":{"id":28572903},"amountCurrencyIncVat":550}})
    │ status=ok
    │ CALL: tripletex_api({"method":"POST","path":"/travelExpense/cost","body":{"travelExpense":{"id":11152806},"costCategory":{"id":28572927},"paymentType":{"id":28572903},"amountCurrencyIncVat":2400}})
    │ status=ok
    │ CALL: done({})
    │ 
    │ You are an accounting verification agent. Based ONLY on the action log above, check:
    │ 1. MATH: All amounts, percentages, VAT calculations correct? (e.g. if task says 50% of 274950, invoice total incl VAT must be 137475)
    │ 2. COMPLETENESS: Were all steps in the task done? Look at the CALL entries — if the action log shows the step was performed with status=ok, it WAS done. Do NOT say a step is missing if you can see it in the log!
    │ IMPORTANT: 'Fakturer'/'Invoice' just means create an invoice — do NOT require sending unless the task explicitly says send/sende/enviar/envoyer/senden!
    │ 3. DATA: Names, org numbers, dates match the task?
    │ 4. AMOUNTS: If any created entity shows amount=0 or totalAmount=0 in the response, that is WRONG — the postings failed silently. For supplier invoices: amount=0 with amountExcludingVat=0 means postings were MISSING or malformed.
    │ 5. BUDGET vs INVOICE: NEVER flag a mismatch between project budget and invoice total. For fixed-price projects the invoice excl. VAT matches the fixedprice — this is CORRECT. For other projects, invoice is based on actual work/costs. Either way, do NOT fail on budget vs invoice differences.
    │ 6. PAYMENT AMOUNTS: Invoice payments and reversals use the FULL amount INCLUDING VAT, not excl. VAT. If the task says 'X NOK excl. VAT', the correct payment/reversal amount is X × 1.25 (Norwegian 25% VAT). Do NOT flag a mismatch between excl. VAT amounts in the task and incl. VAT payment amounts.
    │ 7. VAT BREAKDOWN: If the total invoice amount matches the expected sum, do NOT fail on 'VAT breakdown not reflected' or similar vague VAT concerns. Only fail if a specific line item has the WRONG VAT rate applied.
    │ 
    │ CRITICAL: Be CONSERVATIVE. When in doubt, say PASS.
    │ Only say FAIL for CLEAR, OBJECTIVE, SPECIFIC errors (wrong math, completely missing step, wrong name).
    │ Do NOT say FAIL for: vague concerns, 'might be wrong', uncertain issues, minor stylistic differences, or steps you cannot confirm from the log (absence of evidence is NOT evidence of absence).
    │ A false FAIL causes MORE damage than a missed error. When uncertain, ALWAYS say PASS.
    │ If the action log shows all main steps completed with status=ok, say PASS.
    │ 
    │ Reply ONLY with either:
    │ - 'PASS' if everything looks correct or you are unsure
    │ - 'FAIL: <specific issue>' ONLY if there is an obvious, objective error
  🔍 Verification (1226 tokens): PASS

  ✓ DONE — 10 iterations, 233649 tokens, 113.4s

======================================================================
  TASK COMPLETE — total 114.1s
======================================================================

