
======================================================================
  NEW TASK RECEIVED
  Version: 8da2704
======================================================================
  Prompt: Registre 26 horas para Lucía Martínez (lucia.martinez@example.org) en la actividad "Utvikling" del proyecto "Desarrollo e-commerce" para Montaña SL (org. nº 869049328). Tarifa por hora: 1100 NOK/h. Genere una factura de proyecto al cliente basada en las horas registradas.
  Files:  0
  URL:    https://tx-proxy-jwanbnu3pq-lz.a.run.app/v2
──────────────────────────────────────────────────────────────────────
  [pre] Invoice/credit/payment task detected — ensuring bank account...
    ┌─ API GET /invoice/settings
    └─ 200 OK (11.5s) id=782392
    ┌─ API GET /ledger/account
    │  params: {"isBankAccount": "true", "count": 10}
    └─ 200 OK (10.1s) [2 items]
  [bank] found account 1920 id=378039669 v=0
    ┌─ API PUT /ledger/account/378039669
    │  body:   {"id": 378039669, "version": 0, "number": 1920, "name": "Bankinnskudd", "bankAccountNumber": "15030100112"}
    └─ 200 OK (11.8s) id=378039669 name=Bankinnskudd
  [bank] bank account set OK
  [pre] Bank account setup: OK

──────────────────────────────────────────────────
  ITERATION 1/25
──────────────────────────────────────────────────
  Tokens: prompt=19866 completion=21 total_session=19887
  Messages: 3 (73,894 chars)
  Tool calls (1):
    [1] tripletex_api({"method":"POST","path":"/customer"})
    │  [fix] blocked POST without body: /customer
  Iteration 1 took 1.2s

──────────────────────────────────────────────────
  ITERATION 2/25
──────────────────────────────────────────────────
  Tokens: prompt=19953 completion=41 total_session=39881
  Messages: 5 (74,104 chars)
  Tool calls (1):
    [1] tripletex_api({"method":"POST","path":"/customer","body":{"name":"Montaña SL","isCustomer":true,"organizationNumber":"869049328"}})
    ┌─ API POST /customer
    │  body:   {"name": "Montaña SL", "isCustomer": true, "organizationNumber": "869049328"}
    └─ 201 OK (10.4s) id=108571431 name=Montaña SL
    │  response: {"value": {"id": 108571431, "version": 1, "url": "kkpqfuj-amager.tripletex.dev/v2/customer/108571431", "name": "Montaña SL", "organizationNumber": "869049328", "globalLocationNumber": 0, "supplierNumber": 0, "customerNumber": 10002, "isSupplier": false, "isCustomer": true, "isInactive": false, "accountManager": null, "department": null, "email": "", "invoiceEmail": "", "overdueNoticeEmail": "", "phoneNumber": "", "phoneNumberMobile": "", "description": "", "language": "NO", "displayName": "Montaña SL (10002)", "isPrivateIndividual": false, "singleCustomerInvoice": false, "invoiceSendMethod": "EMAIL", "emailAttachmentType": "ATTACHMENT", "postalAddress": {"id": 405988449, "url": "kkpqfuj-amager.tripletex.dev/v2/address/405988449"}, "physicalAddress": {"id": 405988448, "url": "kkpqfuj-amager.tripletex.dev/v2/address/405988448"}, "deliveryAddress": null, "category1": null, "category2": null, "category3": null, "invoicesDueIn": 14, "invoicesDueInType": "DAYS", "currency": {"id": 1, "url": "kkpqfuj-amager.tripletex.dev/v2/currency/1"}, "bankAccountPresentation": [], "ledgerAccount": {"id": 378039613, "url": "kkpqfuj-amager.tripletex.dev/v2/ledger/account/378039613"}, "isFactoring": false, "invoiceSendSMSNotification": false, "invoiceSMSNotificationNumber": "", "isAutomaticSoftReminderEnabled": false, "isAutomaticReminderEnabled": false, "isAutomaticNoticeOfDebtCollectionEnabled": false, "discountPercentage": 0, "website": ""}}
  Iteration 2 took 11.6s

──────────────────────────────────────────────────
  ITERATION 3/25
──────────────────────────────────────────────────
  Tokens: prompt=20439 completion=46 total_session=60366
  Messages: 7 (75,549 chars)
  Tool calls (1):
    [1] tripletex_api({"method":"POST","path":"/employee","body":{"firstName":"Lucía","lastName":"Martínez","email":"lucia.martinez@example.org"}})
    │  [reject] 1 rule violation(s):
    │    • [employee-post-dateOfBirth] POST /employee should include 'dateOfBirth' (YYYY-MM-DD). Without it, employment creation will fail. Use a reasonable date like 1990-01-01 if the task doesn't specify. (missing: dateOfBirth)
  Iteration 3 took 1.2s

──────────────────────────────────────────────────
  ITERATION 4/25
──────────────────────────────────────────────────
  Tokens: prompt=20639 completion=24 total_session=81029
  Messages: 9 (76,102 chars)
  Tool calls (1):
    [1] tripletex_api({"method":"GET","path":"/employee?fields=*"})
    │  [fix] extracted query params from path: {'fields': '*'}
    ┌─ API GET /employee
    │  params: {"fields": "*"}
    └─ 200 OK (10.3s) [2 items]
    │  response: {"fullResultSize": 2, "from": 0, "count": 2, "versionDigest": "Checksum not yet supported for this endpoint", "values": [{"id": 18267164, "version": 1, "url": "kkpqfuj-amager.tripletex.dev/v2/employee/18267164", "firstName": "Admin", "lastName": "NM", "displayName": "Admin NM", "employeeNumber": "", "dateOfBirth": null, "email": "nmiai-pool@test.no", "phoneNumberMobileCountry": {"id": 161, "url": "kkpqfuj-amager.tripletex.dev/v2/country/161"}, "phoneNumberMobile": "", "phoneNumberHome": "", "phoneNumberWork": "", "nationalIdentityNumber": "", "dnumber": "", "internationalId": {"intAmeldingType": null, "country": null, "number": ""}, "bankAccountNumber": "", "iban": "", "bic": "", "creditorBankCountryId": 0, "usesAbroadPayment": false, "userType": null, "allowInformationRegistration": true, "isContact": false, "isProxy": false, "comments": "", "address": null, "department": {"id": 746077, "url": "kkpqfuj-amager.tripletex.dev/v2/department/746077"}, "employments": [{"id": 2649992, "url": "kkpqfuj-amager.tripletex.dev/v2/employee/employment/2649992"}], "holidayAllowanceEarned": {"year": 0, "amount": 0.0, "basis": 0.0, "amountExtraHolidayWeek": 0.0}, "employeeCategory": null, "isAuthProjectOverviewURL": true, "pictureId": 0, "companyId": 107930023, "vismaConnect2FAactive": false}, {"id": 18777137, "version": 2, "url": "kkpqfuj-amager.tripletex.dev/v2/employee/18777137", "firstName": "Lucía", "lastName": "Martínez", "displayName": "Lucía Martínez", "employeeNumber": "", "dateOfBir…
  Iteration 4 took 11.2s

──────────────────────────────────────────────────
  ITERATION 5/25
──────────────────────────────────────────────────
  Tokens: prompt=21448 completion=61 total_session=102538
  Messages: 11 (78,512 chars)
  Tool calls (1):
    [1] tripletex_api({"method":"PUT","path":"/employee/18777137","body":{"id":18777137,"version":2,"firstName":"Lucía","lastName":"Martínez","dateOfBirth":"1990-01-01"}})
    ┌─ API PUT /employee/18777137
    │  body:   {"id": 18777137, "version": 2, "firstName": "Lucía", "lastName": "Martínez", "dateOfBirth": "1990-01-01"}
    └─ 200 OK (11.0s) id=18777137 name=Lucía
    │  [track] employee renamed successfully via PUT
    │  response: {"value": {"id": 18777137, "version": 3, "url": "kkpqfuj-amager.tripletex.dev/v2/employee/18777137", "firstName": "Lucía", "lastName": "Martínez", "displayName": "Lucía Martínez", "employeeNumber": "", "dateOfBirth": "1990-01-01", "email": "lucia.martinez@example.org", "phoneNumberMobileCountry": {"id": 161, "url": "kkpqfuj-amager.tripletex.dev/v2/country/161"}, "phoneNumberMobile": "", "phoneNumberHome": "", "phoneNumberWork": "", "nationalIdentityNumber": "", "dnumber": "", "internationalId": {"intAmeldingType": null, "country": null, "number": ""}, "bankAccountNumber": "", "iban": "", "bic": "", "creditorBankCountryId": 0, "usesAbroadPayment": false, "userType": null, "allowInformationRegistration": true, "isContact": false, "isProxy": false, "comments": "", "address": null, "department": {"id": 746077, "url": "kkpqfuj-amager.tripletex.dev/v2/department/746077"}, "employments": [], "holidayAllowanceEarned": {"year": 0, "amount": 0.0, "basis": 0.0, "amountExtraHolidayWeek": 0.0}, "employeeCategory": null, "isAuthProjectOverviewURL": true, "pictureId": 0, "companyId": 107930023, "vismaConnect2FAactive": false}}
  Iteration 5 took 12.0s

──────────────────────────────────────────────────
  ITERATION 6/25
──────────────────────────────────────────────────
  Tokens: prompt=21883 completion=66 total_session=124487
  Messages: 13 (79,641 chars)
  Tool calls (1):
    [1] tripletex_api({"method":"POST","path":"/project","body":{"name":"Desarrollo e-commerce","number":"PRJ-7918","projectManager":{"id":18777137},"startDate":"2026-03-22","customer":{"id":108571431}}})
    ┌─ API POST /project
    │  body:   {"name": "Desarrollo e-commerce", "number": "PRJ-7918", "projectManager": {"id": 18777137}, "startDate": "2026-03-22", "customer": {"id": 108571431}}
    └─ 201 OK (11.4s) id=402072764 name=Desarrollo e-commerce
    │  response: {"value": {"id": 402072764, "version": 0, "url": "kkpqfuj-amager.tripletex.dev/v2/project/402072764", "name": "Desarrollo e-commerce", "number": "PRJ-7918", "displayName": "PRJ-7918 Desarrollo e-commerce", "description": "", "projectManager": {"id": 18777137, "url": "kkpqfuj-amager.tripletex.dev/v2/employee/18777137"}, "department": null, "mainProject": null, "startDate": "2026-03-22", "endDate": null, "customer": {"id": 108571431, "url": "kkpqfuj-amager.tripletex.dev/v2/customer/108571431"}, "isClosed": false, "isReadyForInvoicing": false, "isInternal": false, "isOffer": false, "isFixedPrice": false, "projectCategory": null, "deliveryAddress": null, "boligmappaAddress": null, "displayNameFormat": "NAME_STANDARD", "reference": "", "externalAccountsNumber": "", "discountPercentage": 0, "vatType": {"id": 3, "url": "kkpqfuj-amager.tripletex.dev/v2/ledger/vatType/3"}, "fixedprice": 0, "contributionMarginPercent": 0, "numberOfSubProjects": 0, "numberOfProjectParticipants": 1, "orderLines": [], "currency": {"id": 1, "url": "kkpqfuj-amager.tripletex.dev/v2/currency/1"}, "markUpOrderLines": 0, "markUpFeesEarned": 0, "isPriceCeiling": false, "priceCeilingAmount": 0, "projectHourlyRates": [{"id": 11099850, "url": "kkpqfuj-amager.tripletex.dev/v2/project/hourlyRates/11099850"}], "forParticipantsOnly": false, "participants": [{"id": 15655058, "url": "kkpqfuj-amager.tripletex.dev/v2/project/participant/15655058"}], "contact": null, "attention": null, "invoiceComment": "", "invoicingPlan":…
  Iteration 6 took 12.9s

──────────────────────────────────────────────────
  ITERATION 7/25
──────────────────────────────────────────────────
  Tokens: prompt=22622 completion=21 total_session=147130
  Messages: 15 (81,774 chars)
  Tool calls (1):
    [1] tripletex_api({"method":"GET","path":"/activity"})
    ┌─ API GET /activity
    └─ 200 OK (12.3s) [5 items]
    │  response: {"fullResultSize": 5, "from": 0, "count": 5, "versionDigest": "'If-None-Match' header not specified", "values": [{"id": 5239580, "version": 0, "url": "kkpqfuj-amager.tripletex.dev/v2/activity/5239580", "name": "Administrasjon", "number": "", "description": "", "activityType": "GENERAL_ACTIVITY", "isProjectActivity": false, "isGeneral": true, "isTask": false, "isDisabled": false, "isChargeable": false, "rate": 0.0, "costPercentage": 0.0, "displayName": "Administrasjon", "deletable": true}, {"id": 5239581, "version": 0, "url": "kkpqfuj-amager.tripletex.dev/v2/activity/5239581", "name": "Ferie", "number": "", "description": "", "activityType": "GENERAL_ACTIVITY", "isProjectActivity": false, "isGeneral": true, "isTask": false, "isDisabled": false, "isChargeable": false, "rate": 0.0, "costPercentage": 0.0, "displayName": "Ferie", "deletable": false}, {"id": 5239582, "version": 0, "url": "kkpqfuj-amager.tripletex.dev/v2/activity/5239582", "name": "Prosjektadministrasjon", "number": "", "description": "", "activityType": "PROJECT_GENERAL_ACTIVITY", "isProjectActivity": true, "isGeneral": true, "isTask": false, "isDisabled": false, "isChargeable": false, "rate": 0.0, "costPercentage": 0.0, "displayName": "Prosjektadministrasjon", "deletable": true}, {"id": 5239583, "version": 0, "url": "kkpqfuj-amager.tripletex.dev/v2/activity/5239583", "name": "Fakturerbart arbeid", "number": "", "description": "", "activityType": "PROJECT_GENERAL_ACTIVITY", "isProjectActivity": true, "isGeneral": t…
  Iteration 7 took 13.5s

──────────────────────────────────────────────────
  ITERATION 8/25
──────────────────────────────────────────────────
  Tokens: prompt=23322 completion=84 total_session=170536
  Messages: 17 (83,811 chars)
  Tool calls (1):
    [1] tripletex_api({"method":"POST","path":"/timesheet/entry","body":{"employee":{"id":18777137},"project":{"id":402072764},"activity":{"id":6154550},"date":"2026-03-22","hours":26,"hourlyRate":1100,"chargeable":true,"comment":"Development work for e-commerce project"}})
    ┌─ API POST /timesheet/entry
    │  body:   {"employee": {"id": 18777137}, "project": {"id": 402072764}, "activity": {"id": 6154550}, "date": "2026-03-22", "hours": 26, "hourlyRate": 1100, "chargeable": true, "comment": "Development work for e-commerce project"}
    └─ 201 OK (14.9s) id=175917328
    │  response: {"value": {"id": 175917328, "version": 0, "url": "kkpqfuj-amager.tripletex.dev/v2/timesheet/entry/175917328", "project": {"id": 402072764, "url": "kkpqfuj-amager.tripletex.dev/v2/project/402072764"}, "activity": {"id": 6154550, "url": "kkpqfuj-amager.tripletex.dev/v2/activity/6154550"}, "date": "2026-03-22", "hours": 26.0, "chargeableHours": 26.0, "employee": {"id": 18777137, "url": "kkpqfuj-amager.tripletex.dev/v2/employee/18777137"}, "timeClocks": [], "comment": "Development work for e-commerce project", "locked": false, "chargeable": false, "invoice": null, "hourlyRate": 0.0, "hourlyCost": 0.0, "hourlyCostPercentage": 0, "projectChargeableHours": 26.0}}
  Iteration 8 took 16.3s

──────────────────────────────────────────────────
  ITERATION 9/25
──────────────────────────────────────────────────
  Tokens: prompt=23661 completion=24 total_session=194221
  Messages: 19 (84,475 chars)
  Tool calls (1):
    [1] tripletex_api({"method":"GET","path":"/ledger/vatType"})
    ┌─ API GET /ledger/vatType
    └─ 200 OK (10.4s) [56 items]
    │  [trim] condensed 56 items → key fields (10092 chars)
    │  response: {"fullResultSize": 56, "from": 0, "count": 56, "versionDigest": "'If-None-Match' header not specified", "values": [{"version": 0, "id": 1, "number": "1", "displayName": "1: (25%) Fradrag inngående avgift, høy sats", "name": "Fradrag inngående avgift, høy sats"}, {"version": 0, "id": 2, "number": "UT-2", "displayName": "UT-2: (100%) Direktepostert fradrag inngående avgift, høy sats (mva-kode utgikk 01.01.2017)", "name": "Direktepostert fradrag inngående avgift, høy sats (mva-kode utgikk 01.01.2017)"}, {"version": 0, "id": 3, "number": "3", "displayName": "3: (25%) Utgående avgift, høy sats", "name": "Utgående avgift, høy sats"}, {"version": 0, "id": 4, "number": "4", "displayName": "4: (100%) Direktepostert utgående avgift, høy sats", "name": "Direktepostert utgående avgift, høy sats"}, {"version": 0, "id": 5, "number": "5", "displayName": "5: (0%) Ingen utgående avgift (innenfor mva-loven)", "name": "Ingen utgående avgift (innenfor mva-loven)"}, {"version": 0, "id": 6, "number": "6", "displayName": "6: (0%) Ingen utgående avgift (utenfor mva-loven)", "name": "Ingen utgående avgift (utenfor mva-loven)"}, {"version": 0, "id": 7, "number": "7", "displayName": "7: (0%) Ingen avgiftsbehandling (inntekter)", "name": "Ingen avgiftsbehandling (inntekter)"}, {"version": 0, "id": 11, "number": "11", "displayName": "11: (15%) Fradrag inngående avgift, middels sats", "name": "Fradrag inngående avgift, middels sats"}, {"version": 0, "id": 12, "number": "13", "displayName": "13: (12%) Frad…
  Iteration 9 took 22.3s

──────────────────────────────────────────────────
  ITERATION 10/25
──────────────────────────────────────────────────
  Tokens: prompt=26607 completion=52 total_session=220880
  Messages: 21 (92,489 chars)
  Tool calls (1):
    [1] tripletex_api({"method":"POST","path":"/product","body":{"name":"Utviklingstjenester for e-commerce","priceExcludingVatCurrency":1100,"vatType":{"id":3}}})
    ┌─ API POST /product
    │  body:   {"name": "Utviklingstjenester for e-commerce", "priceExcludingVatCurrency": 1100, "vatType": {"id": 3}}
    └─ 201 OK (10.3s) id=84437484 name=Utviklingstjenester for e-commerce
    │  response: {"value": {"id": 84437484, "version": 0, "url": "kkpqfuj-amager.tripletex.dev/v2/product/84437484", "name": "Utviklingstjenester for e-commerce", "number": "", "displayNumber": "", "description": "", "orderLineDescription": "", "costExcludingVatCurrency": 0, "costPrice": 0, "priceExcludingVatCurrency": 1100, "priceIncludingVatCurrency": 1375.0, "isInactive": false, "productUnit": null, "incomingStock": 0, "outgoingStock": 0, "vatType": {"id": 3, "url": "kkpqfuj-amager.tripletex.dev/v2/ledger/vatType/3"}, "currency": {"id": 1, "url": "kkpqfuj-amager.tripletex.dev/v2/currency/1"}, "department": null, "account": null, "supplier": null, "resaleProduct": null, "isDeletable": false, "hasSupplierProductConnected": false, "image": null, "displayName": "Utviklingstjenester for e-commerce", "mainSupplierProduct": null, "isRoundPriceIncVat": false, "priceInTargetCurrency": 0, "purchasePriceCurrency": 0}}
  Iteration 10 took 15.0s

──────────────────────────────────────────────────
  ITERATION 11/25
──────────────────────────────────────────────────
  Tokens: prompt=26963 completion=60 total_session=247903
  Messages: 23 (93,395 chars)
  Tool calls (1):
    [1] tripletex_api({"method":"POST","path":"/order","body":{"customer":{"id":108571431},"orderDate":"2026-03-22","deliveryDate":"2026-03-22","project":{"id":402072764}}})
    ┌─ API POST /order
    │  body:   {"customer": {"id": 108571431}, "orderDate": "2026-03-22", "deliveryDate": "2026-03-22", "project": {"id": 402072764}}
    └─ 201 OK (10.9s) id=402072826
    │  response: {"value": {"id": 402072826, "version": 0, "url": "kkpqfuj-amager.tripletex.dev/v2/order/402072826", "customer": {"id": 108571431, "url": "kkpqfuj-amager.tripletex.dev/v2/customer/108571431"}, "contact": null, "attn": null, "displayName": "2 Ordre", "receiverEmail": "", "overdueNoticeEmail": "", "number": "2", "reference": "", "department": null, "orderDate": "2026-03-22", "project": {"id": 402072764, "url": "kkpqfuj-amager.tripletex.dev/v2/project/402072764"}, "invoiceComment": "", "currency": {"id": 1, "url": "kkpqfuj-amager.tripletex.dev/v2/currency/1"}, "invoicesDueIn": 14, "invoicesDueInType": "DAYS", "isShowOpenPostsOnInvoices": false, "isClosed": false, "deliveryDate": "2026-03-22", "deliveryAddress": null, "deliveryComment": "", "isPrioritizeAmountsIncludingVat": false, "orderLineSorting": "PRODUCT", "orderGroups": [], "orderLines": [], "isSubscription": false, "subscriptionDuration": 0, "subscriptionDurationType": "MONTHS", "subscriptionPeriodsOnInvoice": 0, "subscriptionPeriodsOnInvoiceType": "MONTHS", "subscriptionInvoicingTimeInAdvanceOrArrears": "ADVANCE", "subscriptionInvoicingTime": 0, "subscriptionInvoicingTimeType": "MONTHS", "isSubscriptionAutoInvoicing": false, "preliminaryInvoice": {"id": 2147689051, "url": "kkpqfuj-amager.tripletex.dev/v2/invoice/2147689051"}, "attachment": [], "sendMethodDescription": "Faktura må sendes manuelt.", "invoiceOnAccountVatHigh": false, "totalInvoicedOnAccountAmountAbsoluteCurrency": 0.0, "invoiceSendSMSNotification": false, "i…
  Iteration 11 took 12.5s

──────────────────────────────────────────────────
  ITERATION 12/25
──────────────────────────────────────────────────
  Tokens: prompt=27555 completion=45 total_session=275503
  Messages: 25 (95,098 chars)
  Tool calls (1):
    [1] tripletex_api({"method":"POST","path":"/order/orderline","body":{"order":{"id":402072826},"product":{"id":84437484},"count":26}})
    ┌─ API POST /order/orderline
    │  body:   {"order": {"id": 402072826}, "product": {"id": 84437484}, "count": 26}
    └─ 201 OK (11.3s) id=1607607359
    │  response: {"value": {"id": 1607607359, "version": 1, "url": "kkpqfuj-amager.tripletex.dev/v2/order/orderline/1607607359", "product": {"id": 84437484, "url": "kkpqfuj-amager.tripletex.dev/v2/product/84437484"}, "inventory": null, "description": "", "displayName": "Utviklingstjenester for e-commerce", "count": 26.0, "unitCostCurrency": 0.0, "unitPriceExcludingVatCurrency": 1100.0, "currency": {"id": 1, "url": "kkpqfuj-amager.tripletex.dev/v2/currency/1"}, "markup": 0.0, "discount": 0.0, "vatType": {"id": 3, "url": "kkpqfuj-amager.tripletex.dev/v2/ledger/vatType/3"}, "amountExcludingVatCurrency": 28600.0, "amountIncludingVatCurrency": 35750.0, "vendor": null, "order": {"id": 402072826, "url": "kkpqfuj-amager.tripletex.dev/v2/order/402072826"}, "unitPriceIncludingVatCurrency": 1375.0, "isSubscription": false, "subscriptionPeriodStart": null, "subscriptionPeriodEnd": null, "orderGroup": null, "sortIndex": 0, "isPicked": false, "pickedDate": null, "orderedQuantity": 0, "isCharged": false}}
  Iteration 12 took 12.4s

──────────────────────────────────────────────────
  ITERATION 13/25
──────────────────────────────────────────────────
  Tokens: prompt=27957 completion=54 total_session=303514
  Messages: 27 (96,086 chars)
  Tool calls (1):
    [1] tripletex_api({"method":"POST","path":"/invoice","body":{"invoiceDate":"2026-03-22","invoiceDueDate":"2026-04-05","orders":[{"id":402072826}]}})
    ┌─ API POST /invoice
    │  body:   {"invoiceDate": "2026-03-22", "invoiceDueDate": "2026-04-05", "orders": [{"id": 402072826}]}
    └─ 201 OK (10.5s) id=2147689096
    │  response: {"value": {"id": 2147689096, "version": 3, "url": "kkpqfuj-amager.tripletex.dev/v2/invoice/2147689096", "invoiceNumber": 1, "invoiceDate": "2026-03-22", "customer": {"id": 108571431, "url": "kkpqfuj-amager.tripletex.dev/v2/customer/108571431"}, "creditedInvoice": 0, "isCredited": false, "invoiceDueDate": "2026-04-05", "kid": "", "invoiceComment": "", "comment": "", "orders": [{"id": 402072826, "url": "kkpqfuj-amager.tripletex.dev/v2/order/402072826"}], "orderLines": [{"id": 1607607359, "url": "kkpqfuj-amager.tripletex.dev/v2/order/orderline/1607607359"}], "travelReports": [], "projectInvoiceDetails": [{"id": 1965823295, "url": "kkpqfuj-amager.tripletex.dev/v2/invoice/details/1965823295"}], "voucher": {"id": 609376089, "url": "kkpqfuj-amager.tripletex.dev/v2/ledger/voucher/609376089"}, "deliveryDate": "2026-03-22", "amount": 35750.0, "amountCurrency": 35750.0, "amountExcludingVat": 28600.0, "amountExcludingVatCurrency": 28600.0, "amountRoundoff": 0, "amountRoundoffCurrency": 0, "amountOutstanding": 35750.0, "amountCurrencyOutstanding": 35750.0, "amountOutstandingTotal": 35750.0, "amountCurrencyOutstandingTotal": 35750.0, "sumRemits": 0, "currency": {"id": 1, "url": "kkpqfuj-amager.tripletex.dev/v2/currency/1"}, "isCreditNote": false, "isCharged": true, "isApproved": false, "postings": [{"id": 3846396737, "url": "kkpqfuj-amager.tripletex.dev/v2/ledger/posting/3846396737"}], "reminders": [], "invoiceRemarks": "", "invoiceRemark": null, "isPeriodizationPossible": true, "documentI…
  Iteration 13 took 11.8s

──────────────────────────────────────────────────
  ITERATION 14/25
──────────────────────────────────────────────────
  Tokens: prompt=28558 completion=9 total_session=332081
  Messages: 29 (97,602 chars)
  Tool calls (1):
    [1] done()

  ⏳ Verifying task completion (101s remaining)...
  📋 Verification prompt (4918 chars):
    │ TASK: Registre 26 horas para Lucía Martínez (lucia.martinez@example.org) en la actividad "Utvikling" del proyecto "Desarrollo e-commerce" para Montaña SL (org. nº 869049328). Tarifa por hora: 1100 NOK/h. Genere una factura de proyecto al cliente basada en las horas registradas.
    │ 
    │ 
    │ ACTION LOG (chronological):
    │ CALL: tripletex_api({"method":"POST","path":"/customer"})
    │ status=400
    │ CALL: tripletex_api({"method":"POST","path":"/customer","body":{"name":"Montaña SL","isCustomer":true,"organizationNumber":"869049328"}})
    │ status=ok id=108571431 name=Montaña SL
    │ CALL: tripletex_api({"method":"POST","path":"/employee","body":{"firstName":"Lucía","lastName":"Martínez","email":"lucia.martinez@example.org"}})
    │ status=400
    │ CALL: tripletex_api({"method":"GET","path":"/employee?fields=*"})
    │ status=ok
    │ CALL: tripletex_api({"method":"PUT","path":"/employee/18777137","body":{"id":18777137,"version":2,"firstName":"Lucía","lastName":"Martínez","dateOfBirth":"1990-01-01"}})
    │ status=ok id=18777137
    │ CALL: tripletex_api({"method":"POST","path":"/project","body":{"name":"Desarrollo e-commerce","number":"PRJ-7918","projectManager":{"id":18777137},"startDate":"2026-03-22","customer":{"id":108571431}}})
    │ status=ok id=402072764 name=Desarrollo e-commerce fixedprice=0 isFixedPrice=False
    │ CALL: tripletex_api({"method":"GET","path":"/activity"})
    │ status=ok
    │ CALL: tripletex_api({"method":"POST","path":"/timesheet/entry","body":{"employee":{"id":18777137},"project":{"id":402072764},"activity":{"id":6154550},"date":"2026-03-22","hours":26,"hourlyRate":1100,"chargeable":true,"comment":"Development work for e-commerce project"}})
    │ status=ok id=175917328
    │ CALL: tripletex_api({"method":"GET","path":"/ledger/vatType"})
    │ CALL: tripletex_api({"method":"POST","path":"/product","body":{"name":"Utviklingstjenester for e-commerce","priceExcludingVatCurrency":1100,"vatType":{"id":3}}})
    │ status=ok id=84437484 name=Utviklingstjenester for e-commerce priceExcludingVatCurrency=1100 priceIncludingVatCurrency=1375.0
    │ CALL: tripletex_api({"method":"POST","path":"/order","body":{"customer":{"id":108571431},"orderDate":"2026-03-22","deliveryDate":"2026-03-22","project":{"id":402072764}}})
    │ status=ok id=402072826
    │ CALL: tripletex_api({"method":"POST","path":"/order/orderline","body":{"order":{"id":402072826},"product":{"id":84437484},"count":26}})
    │ status=ok id=1607607359 count=26.0
    │ CALL: tripletex_api({"method":"POST","path":"/invoice","body":{"invoiceDate":"2026-03-22","invoiceDueDate":"2026-04-05","orders":[{"id":402072826}]}})
    │ status=ok id=2147689096 amount=35750.0 amountCurrency=35750.0 invoiceNumber=1
    │ CALL: done({})
    │ 
    │ You are an accounting verification agent. Based ONLY on the action log above, check:
    │ 1. MATH: All amounts, percentages, VAT calculations correct? (e.g. if task says 50% of 274950, invoice total incl VAT must be 137475)
    │ 2. COMPLETENESS: Were all steps in the task done? Look at the CALL entries — if the action log shows the step was performed with status=ok, it WAS done. Do NOT say a step is missing if you can see it in the log!
    │ IMPORTANT: 'Fakturer'/'Invoice' just means create an invoice — do NOT require sending unless the task explicitly says send/sende/enviar/envoyer/senden!
    │ 3. DATA: Names, org numbers, dates match the task?
    │ 4. AMOUNTS: If any created entity shows amount=0 or totalAmount=0 in the response, that is WRONG — the postings failed silently. For supplier invoices: amount=0 with amountExcludingVat=0 means postings were MISSING or malformed.
    │ 5. BUDGET vs INVOICE: NEVER flag a mismatch between project budget and invoice total. For fixed-price projects the invoice excl. VAT matches the fixedprice — this is CORRECT. For other projects, invoice is based on actual work/costs. Either way, do NOT fail on budget vs invoice differences.
    │ 6. PAYMENT AMOUNTS: Invoice payments and reversals use the FULL amount INCLUDING VAT, not excl. VAT. If the task says 'X NOK excl. VAT', the correct payment/reversal amount is X × 1.25 (Norwegian 25% VAT). Do NOT flag a mismatch between excl. VAT amounts in the task and incl. VAT payment amounts.
    │ 7. VAT BREAKDOWN: If the total invoice amount matches the expected sum, do NOT fail on 'VAT breakdown not reflected' or similar vague VAT concerns. Only fail if a specific line item has the WRONG VAT rate applied.
    │ 
    │ CRITICAL: Be CONSERVATIVE. When in doubt, say PASS.
    │ Only say FAIL for CLEAR, OBJECTIVE, SPECIFIC errors (wrong math, completely missing step, wrong name).
    │ Do NOT say FAIL for: vague concerns, 'might be wrong', uncertain issues, minor stylistic differences, or steps you cannot confirm from the log (absence of evidence is NOT evidence of absence).
    │ A false FAIL causes MORE damage than a missed error. When uncertain, ALWAYS say PASS.
    │ If the action log shows all main steps completed with status=ok, say PASS.
    │ 
    │ Reply ONLY with either:
    │ - 'PASS' if everything looks correct or you are unsure
    │ - 'FAIL: <specific issue>' ONLY if there is an obvious, objective error
  🔍 Verification (1339 tokens): PASS

  ✓ DONE — 14 iterations, 332081 tokens, 189.1s

======================================================================
  TASK COMPLETE — total 189.8s
======================================================================

