
======================================================================
  NEW TASK RECEIVED
  Version: 59bdf62
======================================================================
  Prompt: Registrer leverandøren Bergvik AS med organisasjonsnummer 978783864. E-post: faktura@bergvik.no.
  Files:  0
  URL:    https://tx-proxy-jwanbnu3pq-lz.a.run.app/v2
──────────────────────────────────────────────────────────────────────
  [pre] Account-related task detected — pre-fetching key accounts...
    ┌─ API GET /ledger/account
    │  params: {"fields": "id,number,name"}
    └─ 200 OK (1.6s) [529 items]
  [pre] Pre-scanned 14 key accounts
  [pre] Pre-scans completed in 1.6s

──────────────────────────────────────────────────
  ITERATION 1/25
──────────────────────────────────────────────────
  Tokens: prompt=20347 completion=21 total_session=20368
  Messages: 3 (75,581 chars)
  Tool calls (1):
    [1] tripletex_api({"method":"POST","path":"/supplier"})
    │  [fix] blocked POST without body: /supplier
  Iteration 1 took 2.2s

──────────────────────────────────────────────────
  ITERATION 2/25
──────────────────────────────────────────────────
  Tokens: prompt=20434 completion=71 total_session=40873
  Messages: 5 (75,791 chars)
  Tool calls (1):
    [1] tripletex_api({"method":"POST","path":"/supplier","body":{"name":"Bergvik AS","organizationNumber":"978783864","email":"faktura@bergvik.no","invoiceEmail":"faktura@bergvik.no","overdueNoticeEmail":"faktura@bergvik.no"}})
    ┌─ API POST /supplier
    │  body:   {"name": "Bergvik AS", "organizationNumber": "978783864", "email": "faktura@bergvik.no", "invoiceEmail": "faktura@bergvik.no", "overdueNoticeEmail": "faktura@bergvik.no", "isSupplier": true}
    └─ 201 OK (2.0s) id=108595114 name=Bergvik AS
    │  response: {"value": {"id": 108595114, "version": 1, "url": "kkpqfuj-amager.tripletex.dev/v2/supplier/108595114", "name": "Bergvik AS", "organizationNumber": "978783864", "supplierNumber": 20001, "customerNumber": 0, "isSupplier": true, "isCustomer": false, "isInactive": false, "email": "faktura@bergvik.no", "invoiceEmail": "faktura@bergvik.no", "overdueNoticeEmail": "faktura@bergvik.no", "phoneNumber": "", "phoneNumberMobile": "", "description": "", "isPrivateIndividual": false, "showProducts": false, "accountManager": null, "postalAddress": {"id": 406035350, "url": "kkpqfuj-amager.tripletex.dev/v2/address/406035350"}, "physicalAddress": {"id": 406035349, "url": "kkpqfuj-amager.tripletex.dev/v2/address/406035349"}, "deliveryAddress": null, "category1": null, "category2": null, "category3": null, "bankAccountPresentation": [], "currency": {"id": 1, "url": "kkpqfuj-amager.tripletex.dev/v2/currency/1"}, "ledgerAccount": {"id": 500656498, "url": "kkpqfuj-amager.tripletex.dev/v2/ledger/account/500656498"}, "language": "NO", "isWholesaler": false, "displayName": "Bergvik AS (20001)", "locale": "no_NO", "website": ""}}
  Iteration 2 took 3.1s

──────────────────────────────────────────────────
  ITERATION 3/25
──────────────────────────────────────────────────
  Tokens: prompt=20883 completion=9 total_session=61765
  Messages: 7 (76,910 chars)
  Tool calls (1):
    [1] done()

  ⏳ Verifying task completion (232s remaining)...
  📋 Verification prompt (2812 chars):
    │ TASK: Registrer leverandøren Bergvik AS med organisasjonsnummer 978783864. E-post: faktura@bergvik.no.
    │ 
    │ 
    │ ACTION LOG (chronological):
    │ CALL: tripletex_api({"method":"POST","path":"/supplier"})
    │ status=400
    │ CALL: tripletex_api({"method":"POST","path":"/supplier","body":{"name":"Bergvik AS","organizationNumber":"978783864","email":"faktura@bergvik.no","invoiceEmail":"faktura@bergvik.no","overdueNoticeEmail":"faktura@bergvik.no"}})
    │ status=ok id=108595114 name=Bergvik AS
    │ CALL: done({})
    │ 
    │ You are an accounting verification agent. Based ONLY on the action log above, check:
    │ 1. MATH: All amounts, percentages, VAT calculations correct? (e.g. if task says 50% of 274950, invoice total incl VAT must be 137475)
    │ 2. COMPLETENESS: Were all steps in the task done? Look at the CALL entries — if the action log shows the step was performed with status=ok, it WAS done. Do NOT say a step is missing if you can see it in the log!
    │ IMPORTANT: 'Fakturer'/'Invoice' just means create an invoice — do NOT require sending unless the task explicitly says send/sende/enviar/envoyer/senden!
    │ 3. DATA: Names, org numbers, dates match the task?
    │ 4. AMOUNTS: If any created entity shows amount=0 or totalAmount=0 in the response, that is WRONG — the postings failed silently. For supplier invoices: amount=0 with amountExcludingVat=0 means postings were MISSING or malformed.
    │ 5. BUDGET vs INVOICE: NEVER flag a mismatch between project budget and invoice total. For fixed-price projects the invoice excl. VAT matches the fixedprice — this is CORRECT. For other projects, invoice is based on actual work/costs. Either way, do NOT fail on budget vs invoice differences.
    │ 6. PAYMENT AMOUNTS: Invoice payments and reversals use the FULL amount INCLUDING VAT, not excl. VAT. If the task says 'X NOK excl. VAT', the correct payment/reversal amount is X × 1.25 (Norwegian 25% VAT). Do NOT flag a mismatch between excl. VAT amounts in the task and incl. VAT payment amounts.
    │ 7. VAT BREAKDOWN: If the total invoice amount matches the expected sum, do NOT fail on 'VAT breakdown not reflected' or similar vague VAT concerns. Only fail if a specific line item has the WRONG VAT rate applied.
    │ 
    │ CRITICAL: Be CONSERVATIVE. When in doubt, say PASS.
    │ Only say FAIL for CLEAR, OBJECTIVE, SPECIFIC errors (wrong math, completely missing step, wrong name).
    │ Do NOT say FAIL for: vague concerns, 'might be wrong', uncertain issues, minor stylistic differences, or steps you cannot confirm from the log (absence of evidence is NOT evidence of absence).
    │ A false FAIL causes MORE damage than a missed error. When uncertain, ALWAYS say PASS.
    │ If the action log shows all main steps completed with status=ok, say PASS.
    │ 
    │ Reply ONLY with either:
    │ - 'PASS' if everything looks correct or you are unsure
    │ - 'FAIL: <specific issue>' ONLY if there is an obvious, objective error
  🔍 Verification (699 tokens): PASS

  ✓ DONE — 3 iterations, 61765 tokens, 5.9s

======================================================================
  TASK COMPLETE — total 8.0s
======================================================================

