
======================================================================
  NEW TASK RECEIVED
  Version: ad45050
======================================================================
  Prompt: Registrer ei reiserekning for Torbjørn Brekke (torbjrn.brekke@example.org) for "Kundebesøk Trondheim". Reisa varte 4 dagar med diett (dagssats 800 kr). Utlegg: flybillett 6150 kr og taxi 750 kr.
  Files:  0
  URL:    https://tx-proxy-jwanbnu3pq-lz.a.run.app/v2
──────────────────────────────────────────────────────────────────────

──────────────────────────────────────────────────
  ITERATION 1/25
──────────────────────────────────────────────────
  Tokens: prompt=19337 completion=49 total_session=19386
  Messages: 3 (72,178 chars)
  Tool calls (1):
    [1] tripletex_api({"method":"POST","path":"/employee","body":{"firstName":"Torbjørn","lastName":"Brekke","email":"torbjrn.brekke@example.org"}})
    │  [reject] 1 rule violation(s):
    │    • [employee-post-dateOfBirth] POST /employee should include 'dateOfBirth' (YYYY-MM-DD). Without it, employment creation will fail. Use a reasonable date like 1990-01-01 if the task doesn't specify. (missing: dateOfBirth)
  Iteration 1 took 3.3s

──────────────────────────────────────────────────
  ITERATION 2/25
──────────────────────────────────────────────────
  Tokens: prompt=19540 completion=24 total_session=38950
  Messages: 5 (72,731 chars)
  Tool calls (1):
    [1] tripletex_api({"method":"GET","path":"/employee?fields=*"})
    │  [fix] extracted query params from path: {'fields': '*'}
    ┌─ API GET /employee
    │  params: {"fields": "*"}
    └─ 200 OK (0.4s) [2 items]
    │  response: {"fullResultSize": 2, "from": 0, "count": 2, "versionDigest": "Checksum not yet supported for this endpoint", "values": [{"id": 18771418, "version": 1, "url": "kkpqfuj-amager.tripletex.dev/v2/employee/18771418", "firstName": "Admin", "lastName": "NM", "displayName": "Admin NM", "employeeNumber": "", "dateOfBirth": null, "email": "nmiai-validator@test.no", "phoneNumberMobileCountry": {"id": 161, "url": "kkpqfuj-amager.tripletex.dev/v2/country/161"}, "phoneNumberMobile": "", "phoneNumberHome": "", "phoneNumberWork": "", "nationalIdentityNumber": "", "dnumber": "", "internationalId": {"intAmeldingType": null, "country": null, "number": ""}, "bankAccountNumber": "", "iban": "", "bic": "", "creditorBankCountryId": 0, "usesAbroadPayment": false, "userType": null, "allowInformationRegistration": true, "isContact": false, "isProxy": false, "comments": "", "address": null, "department": {"id": 1011520, "url": "kkpqfuj-amager.tripletex.dev/v2/department/1011520"}, "employments": [{"id": 2885397, "url": "kkpqfuj-amager.tripletex.dev/v2/employee/employment/2885397"}], "holidayAllowanceEarned": {"year": 0, "amount": 0.0, "basis": 0.0, "amountExtraHolidayWeek": 0.0}, "employeeCategory": null, "isAuthProjectOverviewURL": true, "pictureId": 0, "companyId": 108563727, "vismaConnect2FAactive": false}, {"id": 18771428, "version": 2, "url": "kkpqfuj-amager.tripletex.dev/v2/employee/18771428", "firstName": "Torbjørn", "lastName": "Brekke", "displayName": "Torbjørn Brekke", "employeeNumber": "", "…
  Iteration 2 took 1.6s

──────────────────────────────────────────────────
  ITERATION 3/25
──────────────────────────────────────────────────
  Tokens: prompt=20358 completion=63 total_session=59371
  Messages: 7 (75,152 chars)
  Tool calls (1):
    [1] tripletex_api({"method":"PUT","path":"/employee/18771428","body":{"id":18771428,"version":2,"firstName":"Torbjørn","lastName":"Brekke","dateOfBirth":"1990-01-01"}})
    ┌─ API PUT /employee/18771428
    │  body:   {"id": 18771428, "version": 2, "firstName": "Torbjørn", "lastName": "Brekke", "dateOfBirth": "1990-01-01"}
    └─ 200 OK (0.5s) id=18771428 name=Torbjørn
    │  [track] employee renamed successfully via PUT
    │  response: {"value": {"id": 18771428, "version": 3, "url": "kkpqfuj-amager.tripletex.dev/v2/employee/18771428", "firstName": "Torbjørn", "lastName": "Brekke", "displayName": "Torbjørn Brekke", "employeeNumber": "", "dateOfBirth": "1990-01-01", "email": "torbjrn.brekke@example.org", "phoneNumberMobileCountry": {"id": 161, "url": "kkpqfuj-amager.tripletex.dev/v2/country/161"}, "phoneNumberMobile": "", "phoneNumberHome": "", "phoneNumberWork": "", "nationalIdentityNumber": "", "dnumber": "", "internationalId": {"intAmeldingType": null, "country": null, "number": ""}, "bankAccountNumber": "", "iban": "", "bic": "", "creditorBankCountryId": 0, "usesAbroadPayment": false, "userType": null, "allowInformationRegistration": true, "isContact": false, "isProxy": false, "comments": "", "address": null, "department": {"id": 1011520, "url": "kkpqfuj-amager.tripletex.dev/v2/department/1011520"}, "employments": [], "holidayAllowanceEarned": {"year": 0, "amount": 0.0, "basis": 0.0, "amountExtraHolidayWeek": 0.0}, "employeeCategory": null, "isAuthProjectOverviewURL": true, "pictureId": 0, "companyId": 108563727, "vismaConnect2FAactive": false}}
  Iteration 3 took 1.5s

──────────────────────────────────────────────────
  ITERATION 4/25
──────────────────────────────────────────────────
  Tokens: prompt=20803 completion=93 total_session=80267
  Messages: 9 (76,285 chars)
  Tool calls (1):
    [1] tripletex_api({"method":"POST","path":"/travelExpense","body":{"employee":{"id":18771428},"title":"Kundebesøk Trondheim","date":"2026-03-22","travelDetails":{"departureDate":"2026-03-18","returnDate":"2026-03-22","destination":"Trondheim","purpose":"Kundebesøk","isDayTrip":false}}})
    ┌─ API POST /travelExpense
    │  body:   {"employee": {"id": 18771428}, "title": "Kundebesøk Trondheim", "date": "2026-03-22", "travelDetails": {"departureDate": "2026-03-18", "returnDate": "2026-03-22", "destination": "Trondheim", "purpose": "Kundebesøk", "isDayTrip": false}}
    └─ 201 OK (0.5s) id=11152526
    │  response: {"value": {"id": 11152526, "version": 2, "url": "kkpqfuj-amager.tripletex.dev/v2/travelExpense/11152526", "attestationSteps": [], "attestation": null, "project": null, "employee": {"id": 18771428, "url": "kkpqfuj-amager.tripletex.dev/v2/employee/18771428"}, "approvedBy": null, "completedBy": null, "rejectedBy": null, "department": {"id": 1011520, "url": "kkpqfuj-amager.tripletex.dev/v2/department/1011520"}, "freeDimension1": null, "freeDimension2": null, "freeDimension3": null, "payslip": null, "vatType": {"id": 0, "url": "kkpqfuj-amager.tripletex.dev/v2/ledger/vatType/0"}, "paymentCurrency": {"id": 1, "url": "kkpqfuj-amager.tripletex.dev/v2/currency/1"}, "travelDetails": {"isForeignTravel": false, "isDayTrip": false, "isCompensationFromRates": false, "departureDate": "2026-03-18", "returnDate": "2026-03-22", "detailedJourneyDescription": "", "departureFrom": "", "destination": "Trondheim", "departureTime": "", "returnTime": "", "purpose": "Kundebesøk"}, "voucher": null, "attachment": null, "isCompleted": false, "isApproved": false, "rejectedComment": "", "isChargeable": false, "isFixedInvoicedAmount": false, "isMarkupInvoicedPercent": false, "isIncludeAttachedReceiptsWhenReinvoicing": false, "completedDate": null, "approvedDate": null, "date": "2026-03-22", "travelAdvance": 0, "fixedInvoicedAmount": 0, "markupInvoicedPercent": 0, "amount": 0, "chargeableAmountCurrency": 0.0, "paymentAmount": 0.0, "chargeableAmount": 0, "lowRateVAT": 0, "mediumRateVAT": 0, "highRateVAT": 0, "…
  Iteration 4 took 2.4s

──────────────────────────────────────────────────
  ITERATION 5/25
──────────────────────────────────────────────────
  Tokens: prompt=21693 completion=25 total_session=101985
  Messages: 11 (78,621 chars)
  Tool calls (1):
    [1] tripletex_api({"method":"GET","path":"/travelExpense/costCategory"})
    ┌─ API GET /travelExpense/costCategory
    └─ 200 OK (0.4s) [36 items]
    │  [trim] condensed 36 items → key fields (3711 chars)
    │  response: {"fullResultSize": 36, "from": 0, "count": 36, "versionDigest": "'If-None-Match' header not specified", "values": [{"description": "Bredbånd", "id": 39458554, "version": 0, "displayName": "Bredbånd"}, {"description": "Kontorrekvisita", "id": 39458555, "version": 0, "displayName": "Kontorrekvisita"}, {"description": "Data/EDB-kostnad", "id": 39458556, "version": 0, "displayName": "Data/EDB-kostnad"}, {"description": "Aviser, tidsskrifter, bøker o.l.", "id": 39458557, "version": 0, "displayName": "Aviser, tidsskrifter, bøker o.l."}, {"description": "Møte, kurs, oppdatering o.l.", "id": 39458558, "version": 0, "displayName": "Møte, kurs, oppdatering o.l."}, {"description": "Annen kontorkostnad", "id": 39458559, "version": 0, "displayName": "Annen kontorkostnad"}, {"description": "Telefon", "id": 39458560, "version": 0, "displayName": "Telefon"}, {"description": "Porto", "id": 39458561, "version": 0, "displayName": "Porto"}, {"description": "Bomavgift", "id": 39458562, "version": 0, "displayName": "Bomavgift"}, {"description": "Buss", "id": 39458563, "version": 0, "displayName": "Buss"}, {"description": "Båt", "id": 39458564, "version": 0, "displayName": "Båt"}, {"description": "Drivstoff", "id": 39458565, "version": 0, "displayName": "Drivstoff"}, {"description": "Drivstoff - leiebil", "id": 39458566, "version": 0, "displayName": "Drivstoff - leiebil"}, {"description": "Drivstoff - selskapets transportmiddel", "id": 39458567, "version": 0, "displayName": "Drivstoff - selskapets …
  Iteration 5 took 1.4s

──────────────────────────────────────────────────
  ITERATION 6/25
──────────────────────────────────────────────────
  Tokens: prompt=23019 completion=24 total_session=125028
  Messages: 13 (82,332 chars)
  Tool calls (1):
    [1] tripletex_api({"method":"GET","path":"/travelExpense/paymentType"})
    ┌─ API GET /travelExpense/paymentType
    └─ 200 OK (0.4s) [1 items]
    │  response: {"fullResultSize": 1, "from": 0, "count": 1, "versionDigest": "'If-None-Match' header not specified", "values": [{"id": 39458553, "version": 0, "url": "kkpqfuj-amager.tripletex.dev/v2/travelExpense/paymentType/39458553", "description": "Privat utlegg", "account": {"id": 495939892, "url": "kkpqfuj-amager.tripletex.dev/v2/ledger/account/495939892"}, "showOnTravelExpenses": true, "showOnEmployeeExpenses": true, "isInactive": false, "displayName": "Privat utlegg"}]}
  Iteration 6 took 1.5s

──────────────────────────────────────────────────
  ITERATION 7/25
──────────────────────────────────────────────────
  Tokens: prompt=23208 completion=61 total_session=148297
  Messages: 15 (82,798 chars)
  Tool calls (1):
    [1] tripletex_api({"method":"POST","path":"/travelExpense/cost","body":{"travelExpense":{"id":11152526},"costCategory":{"id":39458569},"paymentType":{"id":39458553},"amountCurrencyIncVat":6150}})
    ┌─ API POST /travelExpense/cost
    │  body:   {"travelExpense": {"id": 11152526}, "costCategory": {"id": 39458569}, "paymentType": {"id": 39458553}, "amountCurrencyIncVat": 6150}
    └─ 201 OK (0.4s)
    │  response: {"value": {"url": "kkpqfuj-amager.tripletex.dev/v2/travelExpense/cost/20260164"}}
  Iteration 7 took 1.3s

──────────────────────────────────────────────────
  ITERATION 8/25
──────────────────────────────────────────────────
  Tokens: prompt=23308 completion=60 total_session=171665
  Messages: 17 (82,879 chars)
  Tool calls (1):
    [1] tripletex_api({"method":"POST","path":"/travelExpense/cost","body":{"travelExpense":{"id":11152526},"costCategory":{"id":39458584},"paymentType":{"id":39458553},"amountCurrencyIncVat":750}})
    ┌─ API POST /travelExpense/cost
    │  body:   {"travelExpense": {"id": 11152526}, "costCategory": {"id": 39458584}, "paymentType": {"id": 39458553}, "amountCurrencyIncVat": 750}
    └─ 201 OK (0.4s)
    │  response: {"value": {"url": "kkpqfuj-amager.tripletex.dev/v2/travelExpense/cost/20260165"}}
  Iteration 8 took 2.1s

──────────────────────────────────────────────────
  ITERATION 9/25
──────────────────────────────────────────────────
  Tokens: prompt=23407 completion=25 total_session=195097
  Messages: 19 (82,960 chars)
  Tool calls (1):
    [1] tripletex_api({"method":"GET","path":"/travelExpense/rateCategory"})
    ┌─ API GET /travelExpense/rateCategory
    └─ 200 OK (0.4s) [459 items]
    │  [filter] rateCategory: 459 → 6 current domestic entries
    │  response: {"fullResultSize": 6, "from": 0, "count": 6, "versionDigest": "'If-None-Match' header not specified", "values": [{"id": 738, "version": 0, "url": "kkpqfuj-amager.tripletex.dev/v2/travelExpense/rateCategory/738", "name": "Dagsreise 6-12 timer - innland", "ameldingWageCode": 13, "wageCodeNumber": "352", "isValidDayTrip": true, "isValidAccommodation": false, "isValidDomestic": true, "isValidForeignTravel": false, "isRequiresZone": false, "isRequiresOvernightAccommodation": false, "fromDate": "2026-01-01", "toDate": "2026-12-31", "type": "PER_DIEM"}, {"id": 739, "version": 0, "url": "kkpqfuj-amager.tripletex.dev/v2/travelExpense/rateCategory/739", "name": "Dagsreise over 12 timer - innland", "ameldingWageCode": 13, "wageCodeNumber": "355", "isValidDayTrip": true, "isValidAccommodation": false, "isValidDomestic": true, "isValidForeignTravel": false, "isRequiresZone": false, "isRequiresOvernightAccommodation": false, "fromDate": "2026-01-01", "toDate": "2026-12-31", "type": "PER_DIEM"}, {"id": 740, "version": 0, "url": "kkpqfuj-amager.tripletex.dev/v2/travelExpense/rateCategory/740", "name": "Overnatting over 12 timer - innland", "ameldingWageCode": 0, "wageCodeNumber": "", "isValidDayTrip": false, "isValidAccommodation": true, "isValidDomestic": true, "isValidForeignTravel": false, "isRequiresZone": false, "isRequiresOvernightAccommodation": true, "fromDate": "2026-01-01", "toDate": "2026-12-31", "type": "PER_DIEM"}, {"id": 741, "version": 0, "url": "kkpqfuj-amager.tripletex.dev/v…
  Iteration 9 took 2.0s

──────────────────────────────────────────────────
  ITERATION 10/25
──────────────────────────────────────────────────
  Tokens: prompt=24405 completion=61 total_session=219563
  Messages: 21 (85,860 chars)
  Tool calls (1):
    [1] tripletex_api({"method":"POST","path":"/travelExpense/perDiemCompensation","body":{"travelExpense":{"id":11152526},"rateCategory":{"id":740},"location":"Trondheim","overnightAccommodation":"HOTEL","count":4}})
    ┌─ API GET /travelExpense/11152526
    │  params: {"fields": "date,travelDetails"}
    └─ 200 OK (0.4s)
    ┌─ API GET /travelExpense/rateCategory
    │  params: {"count": 1000}
    └─ 200 OK (0.4s) [459 items]
    ┌─ API POST /travelExpense/perDiemCompensation
    │  body:   {"travelExpense": {"id": 11152526}, "rateCategory": {"id": 740}, "location": "Trondheim", "overnightAccommodation": "HOTEL", "count": 4}
    └─ 201 OK (0.4s)
    │  response: {"value": {"url": "kkpqfuj-amager.tripletex.dev/v2/travelExpense/perDiemCompensation/1596850"}}
  Iteration 10 took 2.2s

──────────────────────────────────────────────────
  ITERATION 11/25
──────────────────────────────────────────────────
  Tokens: prompt=24508 completion=9 total_session=244080
  Messages: 23 (85,955 chars)
  Tool calls (1):
    [1] done()

  ⏳ Verifying task completion (270s remaining)...
  📋 Verification prompt (4218 chars):
    │ TASK: Registrer ei reiserekning for Torbjørn Brekke (torbjrn.brekke@example.org) for "Kundebesøk Trondheim". Reisa varte 4 dagar med diett (dagssats 800 kr). Utlegg: flybillett 6150 kr og taxi 750 kr.
    │ 
    │ 
    │ ACTION LOG (chronological):
    │ CALL: tripletex_api({"method":"POST","path":"/employee","body":{"firstName":"Torbjørn","lastName":"Brekke","email":"torbjrn.brekke@example.org"}})
    │ status=400
    │ CALL: tripletex_api({"method":"GET","path":"/employee?fields=*"})
    │ status=ok
    │ CALL: tripletex_api({"method":"PUT","path":"/employee/18771428","body":{"id":18771428,"version":2,"firstName":"Torbjørn","lastName":"Brekke","dateOfBirth":"1990-01-01"}})
    │ status=ok id=18771428
    │ CALL: tripletex_api({"method":"POST","path":"/travelExpense","body":{"employee":{"id":18771428},"title":"Kundebesøk Trondheim","date":"2026-03-22","travelDetails":{"departureDate":"2026-03-18","returnDate":"2026-03-22","destination":"Trondheim","purpose":"Kundebesøk","isDayTrip":false}}})
    │ status=ok id=11152526 amount=0
    │ CALL: tripletex_api({"method":"GET","path":"/travelExpense/costCategory"})
    │ status=ok
    │ CALL: tripletex_api({"method":"GET","path":"/travelExpense/paymentType"})
    │ status=ok
    │ CALL: tripletex_api({"method":"POST","path":"/travelExpense/cost","body":{"travelExpense":{"id":11152526},"costCategory":{"id":39458569},"paymentType":{"id":39458553},"amountCurrencyIncVat":6150}})
    │ status=ok
    │ CALL: tripletex_api({"method":"POST","path":"/travelExpense/cost","body":{"travelExpense":{"id":11152526},"costCategory":{"id":39458584},"paymentType":{"id":39458553},"amountCurrencyIncVat":750}})
    │ status=ok
    │ CALL: tripletex_api({"method":"GET","path":"/travelExpense/rateCategory"})
    │ status=ok
    │ CALL: tripletex_api({"method":"POST","path":"/travelExpense/perDiemCompensation","body":{"travelExpense":{"id":11152526},"rateCategory":{"id":740},"location":"Trondheim","overnightAccommodation":"HOTEL","count":4}})
    │ status=ok
    │ CALL: done({})
    │ 
    │ You are an accounting verification agent. Based ONLY on the action log above, check:
    │ 1. MATH: All amounts, percentages, VAT calculations correct? (e.g. if task says 50% of 274950, invoice total incl VAT must be 137475)
    │ 2. COMPLETENESS: Were all steps in the task done? Look at the CALL entries — if the action log shows the step was performed with status=ok, it WAS done. Do NOT say a step is missing if you can see it in the log!
    │ IMPORTANT: 'Fakturer'/'Invoice' just means create an invoice — do NOT require sending unless the task explicitly says send/sende/enviar/envoyer/senden!
    │ 3. DATA: Names, org numbers, dates match the task?
    │ 4. AMOUNTS: If any created entity shows amount=0 or totalAmount=0 in the response, that is WRONG — the postings failed silently. For supplier invoices: amount=0 with amountExcludingVat=0 means postings were MISSING or malformed.
    │ 5. BUDGET vs INVOICE: NEVER flag a mismatch between project budget and invoice total. For fixed-price projects the invoice excl. VAT matches the fixedprice — this is CORRECT. For other projects, invoice is based on actual work/costs. Either way, do NOT fail on budget vs invoice differences.
    │ 6. PAYMENT AMOUNTS: Invoice payments and reversals use the FULL amount INCLUDING VAT, not excl. VAT. If the task says 'X NOK excl. VAT', the correct payment/reversal amount is X × 1.25 (Norwegian 25% VAT). Do NOT flag a mismatch between excl. VAT amounts in the task and incl. VAT payment amounts.
    │ 7. VAT BREAKDOWN: If the total invoice amount matches the expected sum, do NOT fail on 'VAT breakdown not reflected' or similar vague VAT concerns. Only fail if a specific line item has the WRONG VAT rate applied.
    │ 
    │ CRITICAL: Be CONSERVATIVE. When in doubt, say PASS.
    │ Only say FAIL for CLEAR, OBJECTIVE, SPECIFIC errors (wrong math, completely missing step, wrong name).
    │ Do NOT say FAIL for: vague concerns, 'might be wrong', uncertain issues, minor stylistic differences, or steps you cannot confirm from the log (absence of evidence is NOT evidence of absence).
    │ A false FAIL causes MORE damage than a missed error. When uncertain, ALWAYS say PASS.
    │ If the action log shows all main steps completed with status=ok, say PASS.
    │ 
    │ Reply ONLY with either:
    │ - 'PASS' if everything looks correct or you are unsure
    │ - 'FAIL: <specific issue>' ONLY if there is an obvious, objective error
  🔍 Verification (1125 tokens): PASS

  ✓ DONE — 11 iterations, 244080 tokens, 20.2s

======================================================================
  TASK COMPLETE — total 20.7s
======================================================================

