
======================================================================
  NEW TASK RECEIVED
  Version: unknown
======================================================================
  Prompt: Opprett tre avdelinger i Tripletex: "Lager", "Markedsføring" og "Kvalitetskontroll".
  Files:  0
  URL:    https://tx-proxy-jwanbnu3pq-lz.a.run.app/v2
──────────────────────────────────────────────────────────────────────

──────────────────────────────────────────────────
  ITERATION 1/25
──────────────────────────────────────────────────
  Tokens: prompt=14919 completion=33 total_session=14952
  Messages: 3 (56,026 chars)
  Tool calls (1):
    [1] tripletex_api({"method":"POST","path":"/department","body":{"name":"Lager","departmentNumber":"1"}})
    ┌─ API POST /department
    │  body:   {"name": "Lager", "departmentNumber": "1"}
    └─ 201 OK (3.0s) id=952272 name=Lager
    │  response: {"value": {"id": 952272, "version": 0, "url": "kkpqfuj-amager.tripletex.dev/v2/department/952272", "name": "Lager", "departmentNumber": "1", "departmentManager": null, "displayName": "1 Lager", "isInactive": false, "businessActivityTypeId": 0}}
  Iteration 1 took 4.4s

──────────────────────────────────────────────────
  ITERATION 2/25
──────────────────────────────────────────────────
  Tokens: prompt=15043 completion=34 total_session=30029
  Messages: 5 (56,270 chars)
  Tool calls (1):
    [1] tripletex_api({"method":"POST","path":"/department","body":{"name":"Markedsføring","departmentNumber":"2"}})
    ┌─ API POST /department
    │  body:   {"name": "Markedsføring", "departmentNumber": "2"}
    └─ 201 OK (3.6s) id=952277 name=Markedsføring
    │  response: {"value": {"id": 952277, "version": 0, "url": "kkpqfuj-amager.tripletex.dev/v2/department/952277", "name": "Markedsføring", "departmentNumber": "2", "departmentManager": null, "displayName": "2 Markedsføring", "isInactive": false, "businessActivityTypeId": 0}}
  Iteration 2 took 4.4s

──────────────────────────────────────────────────
  ITERATION 3/25
──────────────────────────────────────────────────
  Tokens: prompt=15171 completion=37 total_session=45237
  Messages: 7 (56,530 chars)
  Tool calls (1):
    [1] tripletex_api({"method":"POST","path":"/department","body":{"name":"Kvalitetskontroll","departmentNumber":"3"}})
    ┌─ API POST /department
    │  body:   {"name": "Kvalitetskontroll", "departmentNumber": "3"}
    └─ 201 OK (4.6s) id=952278 name=Kvalitetskontroll
    │  response: {"value": {"id": 952278, "version": 0, "url": "kkpqfuj-amager.tripletex.dev/v2/department/952278", "name": "Kvalitetskontroll", "departmentNumber": "3", "departmentManager": null, "displayName": "3 Kvalitetskontroll", "isInactive": false, "businessActivityTypeId": 0}}
  Iteration 3 took 5.4s

──────────────────────────────────────────────────
  ITERATION 4/25
──────────────────────────────────────────────────
  Tokens: prompt=15308 completion=9 total_session=60554
  Messages: 9 (56,798 chars)
  Tool calls (1):
    [1] done()

  ⏳ Verifying task completion (274s remaining)...
  📋 Verification prompt (3034 chars):
    │ TASK: Opprett tre avdelinger i Tripletex: "Lager", "Markedsføring" og "Kvalitetskontroll".
    │ 
    │ TASK TYPE: Department creation.
    │ Check: all requested departments created with correct names and unique departmentNumbers.
    │ 
    │ ACTION LOG (chronological):
    │ CALL: tripletex_api({"method":"POST","path":"/department","body":{"name":"Lager","departmentNumber":"1"}})
    │ status=ok id=952272 name=Lager
    │ CALL: tripletex_api({"method":"POST","path":"/department","body":{"name":"Markedsføring","departmentNumber":"2"}})
    │ status=ok id=952277 name=Markedsføring
    │ CALL: tripletex_api({"method":"POST","path":"/department","body":{"name":"Kvalitetskontroll","departmentNumber":"3"}})
    │ status=ok id=952278 name=Kvalitetskontroll
    │ CALL: done({})
    │ 
    │ You are an accounting verification agent. Based ONLY on the action log above, check:
    │ 1. MATH: All amounts, percentages, VAT calculations correct? (e.g. if task says 50% of 274950, invoice total incl VAT must be 137475)
    │ 2. COMPLETENESS: Were all steps in the task done? Look at the CALL entries — if the action log shows the step was performed with status=ok, it WAS done. Do NOT say a step is missing if you can see it in the log!
    │ IMPORTANT: 'Fakturer'/'Invoice' just means create an invoice — do NOT require sending unless the task explicitly says send/sende/enviar/envoyer/senden!
    │ 3. DATA: Names, org numbers, dates match the task?
    │ 4. AMOUNTS: If any created entity shows amount=0 or totalAmount=0 in the response, that is WRONG — the postings failed silently. EXCEPTION: Supplier invoice (supplierInvoice) responses normally show amount=0 — this is OK.
    │ 5. BUDGET vs INVOICE: NEVER flag a mismatch between project budget and invoice total. For fixed-price projects the invoice excl. VAT matches the fixedprice — this is CORRECT. For other projects, invoice is based on actual work/costs. Either way, do NOT fail on budget vs invoice differences.
    │ 6. PAYMENT AMOUNTS: Invoice payments and reversals use the FULL amount INCLUDING VAT, not excl. VAT. If the task says 'X NOK excl. VAT', the correct payment/reversal amount is X × 1.25 (Norwegian 25% VAT). Do NOT flag a mismatch between excl. VAT amounts in the task and incl. VAT payment amounts.
    │ 7. VAT BREAKDOWN: If the total invoice amount matches the expected sum, do NOT fail on 'VAT breakdown not reflected' or similar vague VAT concerns. Only fail if a specific line item has the WRONG VAT rate applied.
    │ 
    │ CRITICAL: Be CONSERVATIVE. When in doubt, say PASS.
    │ Only say FAIL for CLEAR, OBJECTIVE, SPECIFIC errors (wrong math, completely missing step, wrong name).
    │ Do NOT say FAIL for: vague concerns, 'might be wrong', uncertain issues, minor stylistic differences, or steps you cannot confirm from the log (absence of evidence is NOT evidence of absence).
    │ A false FAIL causes MORE damage than a missed error. When uncertain, ALWAYS say PASS.
    │ If the action log shows all main steps completed with status=ok, say PASS.
    │ 
    │ Reply ONLY with either:
    │ - 'PASS' if everything looks correct or you are unsure
    │ - 'FAIL: <specific issue>' ONLY if there is an obvious, objective error
  🔍 Verification (748 tokens): PASS

  ✓ DONE — 4 iterations, 60554 tokens, 15.5s

======================================================================
  TASK COMPLETE — total 15.9s
======================================================================

