
======================================================================
  NEW TASK RECEIVED
  Version: unknown
======================================================================
  Prompt: Betalingen fra Nordhav AS (org.nr 973826018) for fakturaen "Opplæring" (42500 kr ekskl. MVA) ble returnert av banken. Reverser betalingen slik at fakturaen igjen viser utestående beløp.
  Files:  0
  URL:    https://tx-proxy-jwanbnu3pq-lz.a.run.app/v2
──────────────────────────────────────────────────────────────────────
  [pre] Invoice/credit/payment task detected — ensuring bank account...
    ┌─ API GET /invoice/settings
    └─ 200 OK (1.5s) id=769852
  [bank] already ready
  [pre] Bank account setup: OK

──────────────────────────────────────────────────
  ITERATION 1/25
──────────────────────────────────────────────────
  Tokens: prompt=14676 completion=45 total_session=14721
  Messages: 3 (54,916 chars)
  Tool calls (1):
    [1] tripletex_api({"method":"GET","path":"/invoice","params":{"invoiceDateFrom":"2000-01-01","invoiceDateTo":"2030-12-31"}})
    ┌─ API GET /invoice
    │  params: {"invoiceDateFrom": "2000-01-01", "invoiceDateTo": "2030-12-31"}
    └─ 200 OK (1.7s) [1 items]
    │  response: {"fullResultSize": 1, "from": 0, "count": 1, "versionDigest": "'If-None-Match' header not specified", "values": [{"id": 2147568052, "version": 3, "url": "kkpqfuj-amager.tripletex.dev/v2/invoice/2147568052", "invoiceNumber": 1, "invoiceDate": "2026-03-01", "customer": {"id": 108318412, "url": "kkpqfuj-amager.tripletex.dev/v2/customer/108318412"}, "creditedInvoice": 0, "isCredited": false, "invoiceDueDate": "2026-03-31", "kid": "", "invoiceComment": "", "comment": "", "orders": [{"id": 401988322, "url": "kkpqfuj-amager.tripletex.dev/v2/order/401988322"}], "orderLines": [{"id": 1607532667, "url": "kkpqfuj-amager.tripletex.dev/v2/order/orderline/1607532667"}], "travelReports": [], "projectInvoiceDetails": [{"id": 1965755252, "url": "kkpqfuj-amager.tripletex.dev/v2/invoice/details/1965755252"}], "voucher": {"id": 608887535, "url": "kkpqfuj-amager.tripletex.dev/v2/ledger/voucher/608887535"}, "deliveryDate": "2026-03-01", "amount": 53125.0, "amountCurrency": 53125.0, "amountExcludingVat": 42500.0, "amountExcludingVatCurrency": 42500.0, "amountRoundoff": 0.0, "amountRoundoffCurrency": 0.0, "amountOutstanding": 0.0, "amountCurrencyOutstanding": 0.0, "amountOutstandingTotal": 0.0, "amountCurrencyOutstandingTotal": 0.0, "sumRemits": 0, "currency": {"id": 1, "url": "kkpqfuj-amager.tripletex.dev/v2/currency/1"}, "isCreditNote": false, "isCharged": true, "isApproved": false, "postings": [{"id": 3845083374, "url": "kkpqfuj-amager.tripletex.dev/v2/ledger/posting/3845083374"}, {"id": 38450833…
  Iteration 1 took 4.6s

──────────────────────────────────────────────────
  ITERATION 2/25
──────────────────────────────────────────────────
  Tokens: prompt=15339 completion=23 total_session=30083
  Messages: 5 (56,612 chars)
  Tool calls (1):
    [1] tripletex_api({"method":"GET","path":"/invoice/paymentType"})
    ┌─ API GET /invoice/paymentType
    └─ 200 OK (1.1s) [2 items]
    │  response: {"fullResultSize": 2, "from": 0, "count": 2, "versionDigest": "'If-None-Match' header not specified", "values": [{"id": 27924576, "version": 0, "url": "kkpqfuj-amager.tripletex.dev/v2/invoice/paymentType/27924576", "description": "Kontant", "displayName": "Kontant", "debitAccount": {"id": 371406006, "url": "kkpqfuj-amager.tripletex.dev/v2/ledger/account/371406006"}, "creditAccount": null, "vatType": {"id": 0, "url": "kkpqfuj-amager.tripletex.dev/v2/ledger/vatType/0"}, "sequence": 1, "customer": null, "supplier": null, "currencyId": 1, "currencyCode": "NOK"}, {"id": 27924577, "version": 0, "url": "kkpqfuj-amager.tripletex.dev/v2/invoice/paymentType/27924577", "description": "Betalt til bank", "displayName": "Betalt til bank", "debitAccount": {"id": 371406009, "url": "kkpqfuj-amager.tripletex.dev/v2/ledger/account/371406009"}, "creditAccount": null, "vatType": {"id": 0, "url": "kkpqfuj-amager.tripletex.dev/v2/ledger/vatType/0"}, "sequence": 2, "customer": null, "supplier": null, "currencyId": 1, "currencyCode": "NOK"}]}
  Iteration 2 took 2.0s

──────────────────────────────────────────────────
  ITERATION 3/25
──────────────────────────────────────────────────
  Tokens: prompt=15739 completion=63 total_session=45885
  Messages: 7 (57,645 chars)
  Tool calls (1):
    [1] tripletex_api({"method":"PUT","path":"/invoice/2147568052/:payment","params":{"paymentDate":"2026-03-21","paymentTypeId":27924577,"paidAmount":-53125,"paidAmountCurrency":-53125}})
    ┌─ API PUT /invoice/2147568052/:payment
    │  params: {"paymentDate": "2026-03-21", "paymentTypeId": 27924577, "paidAmount": -53125, "paidAmountCurrency": -53125}
    └─ 200 OK (1.4s) id=2147568052
    │  response: {"value": {"id": 2147568052, "version": 3, "url": "kkpqfuj-amager.tripletex.dev/v2/invoice/2147568052", "invoiceNumber": 1, "invoiceDate": "2026-03-01", "customer": {"id": 108318412, "url": "kkpqfuj-amager.tripletex.dev/v2/customer/108318412"}, "creditedInvoice": 0, "isCredited": false, "invoiceDueDate": "2026-03-31", "kid": "", "invoiceComment": "", "comment": "", "orders": [{"id": 401988322, "url": "kkpqfuj-amager.tripletex.dev/v2/order/401988322"}], "orderLines": [{"id": 1607532667, "url": "kkpqfuj-amager.tripletex.dev/v2/order/orderline/1607532667"}], "travelReports": [], "projectInvoiceDetails": [{"id": 1965755252, "url": "kkpqfuj-amager.tripletex.dev/v2/invoice/details/1965755252"}], "voucher": {"id": 608887535, "url": "kkpqfuj-amager.tripletex.dev/v2/ledger/voucher/608887535"}, "deliveryDate": "2026-03-01", "amount": 53125.0, "amountCurrency": 53125.0, "amountExcludingVat": 42500.0, "amountExcludingVatCurrency": 42500.0, "amountRoundoff": 0.0, "amountRoundoffCurrency": 0.0, "amountOutstanding": 53125.0, "amountCurrencyOutstanding": 53125.0, "amountOutstandingTotal": 53125.0, "amountCurrencyOutstandingTotal": 53125.0, "sumRemits": 0, "currency": {"id": 1, "url": "kkpqfuj-amager.tripletex.dev/v2/currency/1"}, "isCreditNote": false, "isCharged": true, "isApproved": false, "postings": [{"id": 3845083374, "url": "kkpqfuj-amager.tripletex.dev/v2/ledger/posting/3845083374"}, {"id": 3845083392, "url": "kkpqfuj-amager.tripletex.dev/v2/ledger/posting/3845083392"}, {"id": 3845656…
  Iteration 3 took 2.3s

──────────────────────────────────────────────────
  ITERATION 4/25
──────────────────────────────────────────────────
  Tokens: prompt=16423 completion=9 total_session=62317
  Messages: 9 (59,341 chars)
  Tool calls (1):
    [1] done()

  ⏳ Verifying task completion (279s remaining)...
  📋 Verification prompt (2739 chars):
    │ TASK: Betalingen fra Nordhav AS (org.nr 973826018) for fakturaen "Opplæring" (42500 kr ekskl. MVA) ble returnert av banken. Reverser betalingen slik at fakturaen igjen viser utestående beløp.
    │ 
    │ 
    │ ACTION LOG (chronological):
    │ CALL: tripletex_api({"method":"GET","path":"/invoice","params":{"invoiceDateFrom":"2000-01-01","invoiceDateTo":"2030-12-31"}})
    │ status=ok
    │ CALL: tripletex_api({"method":"GET","path":"/invoice/paymentType"})
    │ status=ok
    │ CALL: tripletex_api({"method":"PUT","path":"/invoice/2147568052/:payment","params":{"paymentDate":"2026-03-21","paymentTypeId":27924577,"paidAmount":-53125,"paidAmountCurrency":-53125}})
    │ status=ok id=2147568052 amount=53125.0 amountCurrency=53125.0 invoiceNumber=1
    │ CALL: done({})
    │ 
    │ You are an accounting verification agent. Based ONLY on the action log above, check:
    │ 1. MATH: All amounts, percentages, VAT calculations correct? (e.g. if task says 50% of 274950, invoice total incl VAT must be 137475)
    │ 2. COMPLETENESS: Were all steps in the task done? Look at the CALL entries — if the action log shows the step was performed with status=ok, it WAS done. Do NOT say a step is missing if you can see it in the log!
    │ IMPORTANT: 'Fakturer'/'Invoice' just means create an invoice — do NOT require sending unless the task explicitly says send/sende/enviar/envoyer/senden!
    │ 3. DATA: Names, org numbers, dates match the task?
    │ 4. AMOUNTS: If any created entity shows amount=0 or totalAmount=0 in the response, that is WRONG — the postings failed silently. EXCEPTION: Supplier invoice (supplierInvoice) responses normally show amount=0 — this is OK.
    │ 5. BUDGET vs INVOICE: NEVER flag a mismatch between project budget and invoice total. For fixed-price projects the invoice excl. VAT matches the fixedprice — this is CORRECT. For other projects, invoice is based on actual work/costs. Either way, do NOT fail on budget vs invoice differences.
    │ 6. PAYMENT AMOUNTS: Invoice payments and reversals use the FULL amount INCLUDING VAT, not excl. VAT. If the task says 'X NOK excl. VAT', the correct payment/reversal amount is X × 1.25 (Norwegian 25% VAT). Do NOT flag a mismatch between excl. VAT amounts in the task and incl. VAT payment amounts.
    │ 
    │ CRITICAL: Be CONSERVATIVE. When in doubt, say PASS.
    │ Only say FAIL for CLEAR, OBJECTIVE, SPECIFIC errors (wrong math, completely missing step, wrong name).
    │ Do NOT say FAIL for: vague concerns, 'might be wrong', uncertain issues, minor stylistic differences, or steps you cannot confirm from the log (absence of evidence is NOT evidence of absence).
    │ If the action log shows all main steps completed with status=ok, say PASS.
    │ 
    │ Reply ONLY with either:
    │ - 'PASS' if everything looks correct or you are unsure
    │ - 'FAIL: <specific issue>' ONLY if there is an obvious, objective error
  🔍 Verification (762 tokens): FAIL: Payment reversal amount is incorrect. The task specifies a payment of 42500 NOK excl. MVA, which should be reversed as 53125 NOK incl. MVA (42500 * 1.25 = 53125).
  ↩ Returning to agent to fix issue
  Iteration 4 took 2.2s

──────────────────────────────────────────────────
  ITERATION 5/25
──────────────────────────────────────────────────
  Tokens: prompt=16512 completion=27 total_session=78856
  GPT says: The payment reversal has been successfully completed. The returned payment from the bank has been reversed, and the invoice now shows as outstanding.
  Messages: 11 (59,744 chars)
  ⚠ NUDGE — no tool calls, re-prompting GPT (reason: stop)

──────────────────────────────────────────────────
  ITERATION 6/25
──────────────────────────────────────────────────
  Tokens: prompt=16580 completion=9 total_session=95445
  Messages: 13 (59,894 chars)
  Tool calls (1):
    [1] done()

  ✓ DONE — 6 iterations, 95445 tokens, 14.6s

======================================================================
  TASK COMPLETE — total 14.6s
======================================================================

