
======================================================================
  NEW TASK RECEIVED
  Version: unknown
======================================================================
  Prompt: Die Zahlung von Grünfeld GmbH (Org.-Nr. 808603152) für die Rechnung "Netzwerkdienst" (44300 NOK ohne MwSt.) wurde von der Bank zurückgebucht. Stornieren Sie die Zahlung, damit die Rechnung wieder den offenen Betrag anzeigt.
  Files:  0
  URL:    https://tx-proxy-jwanbnu3pq-lz.a.run.app/v2
──────────────────────────────────────────────────────────────────────
  [pre] Invoice/credit/payment task detected — ensuring bank account...
    ┌─ API GET /invoice/settings
    └─ 200 OK (2.0s) id=770601
  [bank] already ready
  [pre] Bank account setup: OK

──────────────────────────────────────────────────
  ITERATION 1/25
──────────────────────────────────────────────────
  Tokens: prompt=14676 completion=45 total_session=14721
  Messages: 3 (54,954 chars)
  Tool calls (1):
    [1] tripletex_api({"method":"GET","path":"/invoice","params":{"invoiceDateFrom":"2000-01-01","invoiceDateTo":"2030-12-31"}})
    ┌─ API GET /invoice
    │  params: {"invoiceDateFrom": "2000-01-01", "invoiceDateTo": "2030-12-31"}
    └─ 200 OK (1.9s) [1 items]
    │  response: {"fullResultSize": 1, "from": 0, "count": 1, "versionDigest": "'If-None-Match' header not specified", "values": [{"id": 2147568606, "version": 3, "url": "kkpqfuj-amager.tripletex.dev/v2/invoice/2147568606", "invoiceNumber": 1, "invoiceDate": "2026-03-01", "customer": {"id": 108319249, "url": "kkpqfuj-amager.tripletex.dev/v2/customer/108319249"}, "creditedInvoice": 0, "isCredited": false, "invoiceDueDate": "2026-03-31", "kid": "", "invoiceComment": "", "comment": "", "orders": [{"id": 401988793, "url": "kkpqfuj-amager.tripletex.dev/v2/order/401988793"}], "orderLines": [{"id": 1607532969, "url": "kkpqfuj-amager.tripletex.dev/v2/order/orderline/1607532969"}], "travelReports": [], "projectInvoiceDetails": [{"id": 1965755551, "url": "kkpqfuj-amager.tripletex.dev/v2/invoice/details/1965755551"}], "voucher": {"id": 608887930, "url": "kkpqfuj-amager.tripletex.dev/v2/ledger/voucher/608887930"}, "deliveryDate": "2026-03-01", "amount": 55375.0, "amountCurrency": 55375.0, "amountExcludingVat": 44300.0, "amountExcludingVatCurrency": 44300.0, "amountRoundoff": 0.0, "amountRoundoffCurrency": 0.0, "amountOutstanding": 0.0, "amountCurrencyOutstanding": 0.0, "amountOutstandingTotal": 0.0, "amountCurrencyOutstandingTotal": 0.0, "sumRemits": 0, "currency": {"id": 1, "url": "kkpqfuj-amager.tripletex.dev/v2/currency/1"}, "isCreditNote": false, "isCharged": true, "isApproved": false, "postings": [{"id": 3845084443, "url": "kkpqfuj-amager.tripletex.dev/v2/ledger/posting/3845084443"}, {"id": 38450844…
  Iteration 1 took 3.0s

──────────────────────────────────────────────────
  ITERATION 2/25
──────────────────────────────────────────────────
  Tokens: prompt=15339 completion=23 total_session=30083
  Messages: 5 (56,650 chars)
  Tool calls (1):
    [1] tripletex_api({"method":"GET","path":"/invoice/paymentType"})
    ┌─ API GET /invoice/paymentType
    └─ 200 OK (1.5s) [2 items]
    │  response: {"fullResultSize": 2, "from": 0, "count": 2, "versionDigest": "'If-None-Match' header not specified", "values": [{"id": 27961277, "version": 0, "url": "kkpqfuj-amager.tripletex.dev/v2/invoice/paymentType/27961277", "description": "Kontant", "displayName": "Kontant", "debitAccount": {"id": 371802227, "url": "kkpqfuj-amager.tripletex.dev/v2/ledger/account/371802227"}, "creditAccount": null, "vatType": {"id": 0, "url": "kkpqfuj-amager.tripletex.dev/v2/ledger/vatType/0"}, "sequence": 1, "customer": null, "supplier": null, "currencyId": 1, "currencyCode": "NOK"}, {"id": 27961278, "version": 0, "url": "kkpqfuj-amager.tripletex.dev/v2/invoice/paymentType/27961278", "description": "Betalt til bank", "displayName": "Betalt til bank", "debitAccount": {"id": 371802230, "url": "kkpqfuj-amager.tripletex.dev/v2/ledger/account/371802230"}, "creditAccount": null, "vatType": {"id": 0, "url": "kkpqfuj-amager.tripletex.dev/v2/ledger/vatType/0"}, "sequence": 2, "customer": null, "supplier": null, "currencyId": 1, "currencyCode": "NOK"}]}
  Iteration 2 took 2.5s

──────────────────────────────────────────────────
  ITERATION 3/25
──────────────────────────────────────────────────
  Tokens: prompt=15739 completion=67 total_session=45889
  Messages: 7 (57,683 chars)
  Tool calls (1):
    [1] tripletex_api({"method":"PUT","path":"/invoice/2147568606/:payment","params":{"paymentDate":"2026-03-21","paymentTypeId":27961278,"paidAmount":-55375.0,"paidAmountCurrency":-55375.0}})
    ┌─ API PUT /invoice/2147568606/:payment
    │  params: {"paymentDate": "2026-03-21", "paymentTypeId": 27961278, "paidAmount": -55375.0, "paidAmountCurrency": -55375.0}
    └─ 200 OK (1.9s) id=2147568606
    │  response: {"value": {"id": 2147568606, "version": 3, "url": "kkpqfuj-amager.tripletex.dev/v2/invoice/2147568606", "invoiceNumber": 1, "invoiceDate": "2026-03-01", "customer": {"id": 108319249, "url": "kkpqfuj-amager.tripletex.dev/v2/customer/108319249"}, "creditedInvoice": 0, "isCredited": false, "invoiceDueDate": "2026-03-31", "kid": "", "invoiceComment": "", "comment": "", "orders": [{"id": 401988793, "url": "kkpqfuj-amager.tripletex.dev/v2/order/401988793"}], "orderLines": [{"id": 1607532969, "url": "kkpqfuj-amager.tripletex.dev/v2/order/orderline/1607532969"}], "travelReports": [], "projectInvoiceDetails": [{"id": 1965755551, "url": "kkpqfuj-amager.tripletex.dev/v2/invoice/details/1965755551"}], "voucher": {"id": 608887930, "url": "kkpqfuj-amager.tripletex.dev/v2/ledger/voucher/608887930"}, "deliveryDate": "2026-03-01", "amount": 55375.0, "amountCurrency": 55375.0, "amountExcludingVat": 44300.0, "amountExcludingVatCurrency": 44300.0, "amountRoundoff": 0.0, "amountRoundoffCurrency": 0.0, "amountOutstanding": 55375.0, "amountCurrencyOutstanding": 55375.0, "amountOutstandingTotal": 55375.0, "amountCurrencyOutstandingTotal": 55375.0, "sumRemits": 0, "currency": {"id": 1, "url": "kkpqfuj-amager.tripletex.dev/v2/currency/1"}, "isCreditNote": false, "isCharged": true, "isApproved": false, "postings": [{"id": 3845084443, "url": "kkpqfuj-amager.tripletex.dev/v2/ledger/posting/3845084443"}, {"id": 3845084456, "url": "kkpqfuj-amager.tripletex.dev/v2/ledger/posting/3845084456"}, {"id": 3845682…
  Iteration 3 took 3.3s

──────────────────────────────────────────────────
  ITERATION 4/25
──────────────────────────────────────────────────
  Tokens: prompt=16427 completion=9 total_session=62325
  Messages: 9 (59,379 chars)
  Tool calls (1):
    [1] done()

  ⏳ Verifying task completion (278s remaining)...
  📋 Verification prompt (3081 chars):
    │ TASK: Die Zahlung von Grünfeld GmbH (Org.-Nr. 808603152) für die Rechnung "Netzwerkdienst" (44300 NOK ohne MwSt.) wurde von der Bank zurückgebucht. Stornieren Sie die Zahlung, damit die Rechnung wieder den offenen Betrag anzeigt.
    │ 
    │ 
    │ ACTION LOG (chronological):
    │ CALL: tripletex_api({"method":"GET","path":"/invoice","params":{"invoiceDateFrom":"2000-01-01","invoiceDateTo":"2030-12-31"}})
    │ status=ok
    │ CALL: tripletex_api({"method":"GET","path":"/invoice/paymentType"})
    │ status=ok
    │ CALL: tripletex_api({"method":"PUT","path":"/invoice/2147568606/:payment","params":{"paymentDate":"2026-03-21","paymentTypeId":27961278,"paidAmount":-55375.0,"paidAmountCurrency":-55375.0}})
    │ status=ok id=2147568606 amount=55375.0 amountCurrency=55375.0 invoiceNumber=1
    │ CALL: done({})
    │ 
    │ You are an accounting verification agent. Based ONLY on the action log above, check:
    │ 1. MATH: All amounts, percentages, VAT calculations correct? (e.g. if task says 50% of 274950, invoice total incl VAT must be 137475)
    │ 2. COMPLETENESS: Were all steps in the task done? Look at the CALL entries — if the action log shows the step was performed with status=ok, it WAS done. Do NOT say a step is missing if you can see it in the log!
    │ IMPORTANT: 'Fakturer'/'Invoice' just means create an invoice — do NOT require sending unless the task explicitly says send/sende/enviar/envoyer/senden!
    │ 3. DATA: Names, org numbers, dates match the task?
    │ 4. AMOUNTS: If any created entity shows amount=0 or totalAmount=0 in the response, that is WRONG — the postings failed silently. EXCEPTION: Supplier invoice (supplierInvoice) responses normally show amount=0 — this is OK.
    │ 5. BUDGET vs INVOICE: NEVER flag a mismatch between project budget and invoice total. For fixed-price projects the invoice excl. VAT matches the fixedprice — this is CORRECT. For other projects, invoice is based on actual work/costs. Either way, do NOT fail on budget vs invoice differences.
    │ 6. PAYMENT AMOUNTS: Invoice payments and reversals use the FULL amount INCLUDING VAT, not excl. VAT. If the task says 'X NOK excl. VAT', the correct payment/reversal amount is X × 1.25 (Norwegian 25% VAT). Do NOT flag a mismatch between excl. VAT amounts in the task and incl. VAT payment amounts.
    │ 7. VAT BREAKDOWN: If the total invoice amount matches the expected sum, do NOT fail on 'VAT breakdown not reflected' or similar vague VAT concerns. Only fail if a specific line item has the WRONG VAT rate applied.
    │ 
    │ CRITICAL: Be CONSERVATIVE. When in doubt, say PASS.
    │ Only say FAIL for CLEAR, OBJECTIVE, SPECIFIC errors (wrong math, completely missing step, wrong name).
    │ Do NOT say FAIL for: vague concerns, 'might be wrong', uncertain issues, minor stylistic differences, or steps you cannot confirm from the log (absence of evidence is NOT evidence of absence).
    │ A false FAIL causes MORE damage than a missed error. When uncertain, ALWAYS say PASS.
    │ If the action log shows all main steps completed with status=ok, say PASS.
    │ 
    │ Reply ONLY with either:
    │ - 'PASS' if everything looks correct or you are unsure
    │ - 'FAIL: <specific issue>' ONLY if there is an obvious, objective error
  🔍 Verification (852 tokens): FAIL: Payment reversal amount is incorrect. The task specifies 44300 NOK excl. VAT, which should be reversed as 44300 NOK × 1.25 = 55375 NOK incl. VAT. The action log shows a reversal of -55375 NOK, which is correct, but the invoice amount does not match the task's specified amount.
  ↩ Returning to agent to fix issue
  Iteration 4 took 2.9s

──────────────────────────────────────────────────
  ITERATION 5/25
──────────────────────────────────────────────────
  Tokens: prompt=16542 completion=92 total_session=78959
  GPT says: The payment reversal was correctly done for the invoice amount of 55375 NOK, which includes VAT. The original task specified reversing the payment for the same amount you mentioned. Therefore, the work is accurately completed. Let me verify: I proceeded with the correct reversal of payment.

However, if there are further specific directives around the base amount to be clarified or corrected, it would need addressing separately. The reversal process executed accurately according to the setup inf
  Messages: 11 (60,271 chars)
  ⚠ NUDGE — no tool calls, re-prompting GPT (reason: stop)

──────────────────────────────────────────────────
  ITERATION 6/25
──────────────────────────────────────────────────
  Tokens: prompt=16675 completion=9 total_session=95643
  Messages: 13 (60,421 chars)
  Tool calls (1):
    [1] done()

  ✓ DONE — 6 iterations, 95643 tokens, 18.5s

======================================================================
  TASK COMPLETE — total 18.5s
======================================================================

