
======================================================================
  NEW TASK RECEIVED
  Version: unknown
======================================================================
  Prompt: Opprett kunden Nordlys AS med organisasjonsnummer 951285463. Adressa er Parkveien 45, 5003 Bergen. E-post: post@nordlys.no.
  Files:  0
  URL:    https://tx-proxy-jwanbnu3pq-lz.a.run.app/v2
──────────────────────────────────────────────────────────────────────

──────────────────────────────────────────────────
  ITERATION 1/25
──────────────────────────────────────────────────
  Tokens: prompt=17642 completion=21 total_session=17663
  Messages: 3 (66,125 chars)
  Tool calls (1):
    [1] tripletex_api({"method":"POST","path":"/customer"})
    │  [fix] blocked POST without body: /customer
  Iteration 1 took 0.7s

──────────────────────────────────────────────────
  ITERATION 2/25
──────────────────────────────────────────────────
  [github] Log pushed: 20260322_004115_1748_project_ok_5iter_opprett_prosjektet_migrasjon.log (attempt 1)
  Tokens: prompt=17729 completion=119 total_session=35511
  Messages: 5 (66,335 chars)
  Tool calls (1):
    [1] tripletex_api({"method":"POST","path":"/customer","body":{"name":"Nordlys AS","isCustomer":true,"organizationNumber":"951285463","email":"post@nordlys.no","invoiceEmail":"post@nordlys.no","overdueNoticeEmail":"post@nordlys.no","physicalAddress":{"addressLine1":"Parkveien 45","postalCode":"5003","city":"Bergen"},"postalAddress":{"addressLine1":"Parkveien 45","postalCode":"5003","city":"Bergen"}}})
    ┌─ API POST /customer
    │  body:   {"name": "Nordlys AS", "isCustomer": true, "organizationNumber": "951285463", "email": "post@nordlys.no", "invoiceEmail": "post@nordlys.no", "overdueNoticeEmail": "post@nordlys.no", "physicalAddress": {"addressLine1": "Parkveien 45", "postalCode": "5003", "city": "Bergen"}, "postalAddress": {"addressLine1": "Parkveien 45", "postalCode": "5003", "city": "Bergen"}}
    └─ 201 OK (0.4s) id=108482262 name=Nordlys AS
    │  response: {"value": {"id": 108482262, "version": 1, "url": "kkpqfuj-amager.tripletex.dev/v2/customer/108482262", "name": "Nordlys AS", "organizationNumber": "951285463", "globalLocationNumber": 0, "supplierNumber": 0, "customerNumber": 10001, "isSupplier": false, "isCustomer": true, "isInactive": false, "accountManager": null, "department": null, "email": "post@nordlys.no", "invoiceEmail": "post@nordlys.no", "overdueNoticeEmail": "post@nordlys.no", "phoneNumber": "", "phoneNumberMobile": "", "description": "", "language": "NO", "displayName": "Nordlys AS (10001)", "isPrivateIndividual": false, "singleCustomerInvoice": false, "invoiceSendMethod": "EMAIL", "emailAttachmentType": "ATTACHMENT", "postalAddress": {"id": 405811420, "version": 0, "url": "kkpqfuj-amager.tripletex.dev/v2/address/405811420", "addressLine1": "Parkveien 45", "addressLine2": "", "postalCode": "5003", "city": "Bergen", "country": {"id": 161, "url": "kkpqfuj-amager.tripletex.dev/v2/country/161"}, "displayName": "Nordlys AS, Parkveien 45, 5003 Bergen, Norge", "addressAsString": "Parkveien 45, 5003 Bergen, Norge", "displayNameInklMatrikkel": "Nordlys AS, Parkveien 45, 5003 Bergen, Norge", "knr": 0, "gnr": 0, "bnr": 0, "fnr": 0, "snr": 0, "unitNumber": ""}, "physicalAddress": {"id": 405811419, "version": 0, "url": "kkpqfuj-amager.tripletex.dev/v2/address/405811419", "addressLine1": "Parkveien 45", "addressLine2": "", "postalCode": "5003", "city": "Bergen", "country": {"id": 161, "url": "kkpqfuj-amager.tripletex.dev/v2/co…
  Iteration 2 took 1.7s

──────────────────────────────────────────────────
  ITERATION 3/25
──────────────────────────────────────────────────
  Tokens: prompt=18667 completion=9 total_session=54187
  Messages: 7 (68,717 chars)
  Tool calls (1):
    [1] done()

  ⏳ Verifying task completion (287s remaining)...
  📋 Verification prompt (2927 chars):
    │ TASK: Opprett kunden Nordlys AS med organisasjonsnummer 951285463. Adressa er Parkveien 45, 5003 Bergen. E-post: post@nordlys.no.
    │ 
    │ 
    │ ACTION LOG (chronological):
    │ CALL: tripletex_api({"method":"POST","path":"/customer"})
    │ status=400
    │ CALL: tripletex_api({"method":"POST","path":"/customer","body":{"name":"Nordlys AS","isCustomer":true,"organizationNumber":"951285463","email":"post@nordlys.no","invoiceEmail":"post@nordlys.no","overdueNoticeEmail":"post@nordlys.no","physicalAddress":{"addressLine1":"Parkveien 45","postalCode":"5003","city":"Bergen"},")
    │ status=ok id=108482262 name=Nordlys AS
    │ CALL: done({})
    │ 
    │ You are an accounting verification agent. Based ONLY on the action log above, check:
    │ 1. MATH: All amounts, percentages, VAT calculations correct? (e.g. if task says 50% of 274950, invoice total incl VAT must be 137475)
    │ 2. COMPLETENESS: Were all steps in the task done? Look at the CALL entries — if the action log shows the step was performed with status=ok, it WAS done. Do NOT say a step is missing if you can see it in the log!
    │ IMPORTANT: 'Fakturer'/'Invoice' just means create an invoice — do NOT require sending unless the task explicitly says send/sende/enviar/envoyer/senden!
    │ 3. DATA: Names, org numbers, dates match the task?
    │ 4. AMOUNTS: If any created entity shows amount=0 or totalAmount=0 in the response, that is WRONG — the postings failed silently. EXCEPTION: Supplier invoice (supplierInvoice) responses normally show amount=0 — this is OK.
    │ 5. BUDGET vs INVOICE: NEVER flag a mismatch between project budget and invoice total. For fixed-price projects the invoice excl. VAT matches the fixedprice — this is CORRECT. For other projects, invoice is based on actual work/costs. Either way, do NOT fail on budget vs invoice differences.
    │ 6. PAYMENT AMOUNTS: Invoice payments and reversals use the FULL amount INCLUDING VAT, not excl. VAT. If the task says 'X NOK excl. VAT', the correct payment/reversal amount is X × 1.25 (Norwegian 25% VAT). Do NOT flag a mismatch between excl. VAT amounts in the task and incl. VAT payment amounts.
    │ 7. VAT BREAKDOWN: If the total invoice amount matches the expected sum, do NOT fail on 'VAT breakdown not reflected' or similar vague VAT concerns. Only fail if a specific line item has the WRONG VAT rate applied.
    │ 
    │ CRITICAL: Be CONSERVATIVE. When in doubt, say PASS.
    │ Only say FAIL for CLEAR, OBJECTIVE, SPECIFIC errors (wrong math, completely missing step, wrong name).
    │ Do NOT say FAIL for: vague concerns, 'might be wrong', uncertain issues, minor stylistic differences, or steps you cannot confirm from the log (absence of evidence is NOT evidence of absence).
    │ A false FAIL causes MORE damage than a missed error. When uncertain, ALWAYS say PASS.
    │ If the action log shows all main steps completed with status=ok, say PASS.
    │ 
    │ Reply ONLY with either:
    │ - 'PASS' if everything looks correct or you are unsure
    │ - 'FAIL: <specific issue>' ONLY if there is an obvious, objective error
  🔍 Verification (729 tokens): PASS

  ✓ DONE — 3 iterations, 54187 tokens, 2.9s

======================================================================
  TASK COMPLETE — total 3.7s
======================================================================

