
======================================================================
  NEW TASK RECEIVED
  Version: 8da2704
======================================================================
  Prompt: Descobrimos erros no livro razão de janeiro e fevereiro de 2026. Revise todos os vouchers e encontre os 4 erros: um lançamento na conta errada (conta 7140 usada em vez de 7100, valor 7500 NOK), um voucher duplicado (conta 6540, valor 1000 NOK), uma linha de IVA em falta (conta 4500, valor sem IVA 21500 NOK falta IVA na conta 2710), e um valor incorreto (conta 6860, 17250 NOK registado em vez de 6000 NOK). Corrija todos os erros com lançamentos corretivos.
  Files:  0
  URL:    https://tx-proxy-jwanbnu3pq-lz.a.run.app/v2
──────────────────────────────────────────────────────────────────────
  [pre] Ledger correction task detected — fetching all vouchers with postings...
    ┌─ API GET /ledger/voucher
    │  params: {"dateFrom": "2026-01-01", "dateTo": "2026-02-28", "fields": "*", "count": 100}
    └─ 200 OK (1.6s) [30 items]
    ┌─ API GET /ledger/posting
    │  params: {"dateFrom": "2026-01-01", "dateTo": "2026-02-28", "fields": "*", "count": 1000}
  [github] Log pushed: 20260322_093303_4915_salary_ok_4iter_realize_o_encerramento.log (attempt 1)
    └─ 200 OK (2.0s) [102 items]
    ┌─ API GET /ledger/account
    │  params: {"fields": "id,number,name"}
    └─ 200 OK (1.9s) [530 items]
  [pre] Pre-scan complete: 30 vouchers, 102 postings, 530 accounts

──────────────────────────────────────────────────
  ITERATION 1/25
──────────────────────────────────────────────────
  Tokens: prompt=35131 completion=1296 total_session=36427
  GPT says: To address and correct the errors identified in the ledger for January and February 2026, let's proceed step-by-step to create correction vouchers for each specified mistake.

### Errors Identified
1. **Wrong Account Used**: 7500 NOK was wrongly posted to account 7140 instead of 7100.
2. **Duplicate Voucher**: A duplicate posting of 1000 NOK was made to account 6540.
3. **Missing VAT Posting**: 21500 NOK was posted to account 4500, but the VAT part should also have been posted to account 2710.
4
  Messages: 3 (122,384 chars)
  Tool calls (1):
    [1] tripletex_api({"method":"POST","path":"/ledger/voucher","body":{"date":"2026-03-22","description":"Correct wrong account posting from 7140 to 7100","postings":[{"row":1,"date":"2026-03-22","amountGross":-7500.0,"amountGrossCurrency":-7500.0,"account":{"id":497287040}},{"row":2,"date":"2026-03-22","amountGross":7500.0,"amountGrossCurrency":7500.0,"account":{"id":497287038}}]}})
    │  [fix] voucher posting[0]: added vatType={id:0}
    │  [fix] voucher posting[1]: added vatType={id:0}
    ┌─ API POST /ledger/voucher
    │  body:   {"date": "2026-03-22", "description": "Correct wrong account posting from 7140 to 7100", "postings": [{"row": 1, "date": "2026-03-22", "amountGross": -7500.0, "amountGrossCurrency": -7500.0, "account": {"id": 497287040}, "vatType": {"id": 0}}, {"row": 2, "date": "2026-03-22", "amountGross": 7500.0, "amountGrossCurrency": 7500.0, "account": {"id": 497287038}, "vatType": {"id": 0}}]}
    └─ 201 OK (4.0s) id=609376437
    │  response: {"value": {"id": 609376437, "version": 5, "url": "kkpqfuj-amager.tripletex.dev/v2/ledger/voucher/609376437", "date": "2026-03-22", "number": 31, "tempNumber": 0, "year": 2026, "description": "Correct wrong account posting from 7140 to 7100", "voucherType": null, "reverseVoucher": null, "postings": [{"id": 3846397632, "version": 1, "url": "kkpqfuj-amager.tripletex.dev/v2/ledger/posting/3846397632", "voucher": {"id": 609376437, "url": "kkpqfuj-amager.tripletex.dev/v2/ledger/voucher/609376437"}, "date": "2026-03-22", "description": "Correct wrong account posting from 7140 to 7100", "account": {"id": 497287040, "url": "kkpqfuj-amager.tripletex.dev/v2/ledger/account/497287040"}, "amortizationAccount": null, "amortizationStartDate": null, "amortizationEndDate": null, "customer": null, "supplier": null, "employee": null, "project": null, "product": null, "department": null, "vatType": {"id": 0, "url": "kkpqfuj-amager.tripletex.dev/v2/ledger/vatType/0"}, "amount": -7500.0, "amountCurrency": -7500.0, "amountGross": -7500.0, "amountGrossCurrency": -7500.0, "currency": {"id": 1, "url": "kkpqfuj-amager.tripletex.dev/v2/currency/1"}, "closeGroup": null, "invoiceNumber": "", "termOfPayment": null, "row": 1, "type": null, "externalRef": "", "systemGenerated": false, "taxTransactionType": "(Ikke valgt)", "taxTransactionTypeId": 0, "matched": false, "quantityAmount1": 0, "quantityType1": null, "quantityAmount2": 0, "quantityType2": null, "isVatReadonly": false, "isAmountVatClosed": false, "po…
  Iteration 1 took 24.2s

──────────────────────────────────────────────────
  ITERATION 2/25
──────────────────────────────────────────────────
  Tokens: prompt=37492 completion=130 total_session=74049
  Messages: 5 (125,550 chars)
  Tool calls (1):
    [1] tripletex_api({"method":"POST","path":"/ledger/voucher","body":{"date":"2026-03-22","description":"Reverse duplicate voucher on account 6540","postings":[{"row":1,"date":"2026-03-22","amountGross":-1000.0,"amountGrossCurrency":-1000.0,"account":{"id":497287007}},{"row":2,"date":"2026-03-22","amountGross":1000.0,"amountGrossCurrency":1000.0,"account":{"id":497286737}}]}})
    │  [fix] voucher posting[0]: added vatType={id:0}
    │  [fix] voucher posting[1]: added vatType={id:0}
    ┌─ API POST /ledger/voucher
    │  body:   {"date": "2026-03-22", "description": "Reverse duplicate voucher on account 6540", "postings": [{"row": 1, "date": "2026-03-22", "amountGross": -1000.0, "amountGrossCurrency": -1000.0, "account": {"id": 497287007}, "vatType": {"id": 0}}, {"row": 2, "date": "2026-03-22", "amountGross": 1000.0, "amountGrossCurrency": 1000.0, "account": {"id": 497286737}, "vatType": {"id": 0}}]}
    └─ 201 OK (7.0s) id=609376470
    │  response: {"value": {"id": 609376470, "version": 5, "url": "kkpqfuj-amager.tripletex.dev/v2/ledger/voucher/609376470", "date": "2026-03-22", "number": 32, "tempNumber": 0, "year": 2026, "description": "Reverse duplicate voucher on account 6540", "voucherType": null, "reverseVoucher": null, "postings": [{"id": 3846397732, "version": 1, "url": "kkpqfuj-amager.tripletex.dev/v2/ledger/posting/3846397732", "voucher": {"id": 609376470, "url": "kkpqfuj-amager.tripletex.dev/v2/ledger/voucher/609376470"}, "date": "2026-03-22", "description": "Reverse duplicate voucher on account 6540", "account": {"id": 497287007, "url": "kkpqfuj-amager.tripletex.dev/v2/ledger/account/497287007"}, "amortizationAccount": null, "amortizationStartDate": null, "amortizationEndDate": null, "customer": null, "supplier": null, "employee": null, "project": null, "product": null, "department": null, "vatType": {"id": 0, "url": "kkpqfuj-amager.tripletex.dev/v2/ledger/vatType/0"}, "amount": -1000.0, "amountCurrency": -1000.0, "amountGross": -1000.0, "amountGrossCurrency": -1000.0, "currency": {"id": 1, "url": "kkpqfuj-amager.tripletex.dev/v2/currency/1"}, "closeGroup": null, "invoiceNumber": "", "termOfPayment": null, "row": 1, "type": null, "externalRef": "", "systemGenerated": false, "taxTransactionType": "(Ikke valgt)", "taxTransactionTypeId": 0, "matched": false, "quantityAmount1": 0, "quantityType1": null, "quantityAmount2": 0, "quantityType2": null, "isVatReadonly": false, "isAmountVatClosed": false, "postingRuleId"…
  Iteration 2 took 8.9s

──────────────────────────────────────────────────
  ITERATION 3/25
──────────────────────────────────────────────────
  Tokens: prompt=38672 completion=131 total_session=112852
  Messages: 7 (128,698 chars)
  Tool calls (1):
    [1] tripletex_api({"method":"POST","path":"/ledger/voucher","body":{"date":"2026-03-22","description":"Add missing VAT posting for account 4500","postings":[{"row":1,"date":"2026-03-22","amountGross":5375.0,"amountGrossCurrency":5375.0,"account":{"id":497286818}},{"row":2,"date":"2026-03-22","amountGross":-5375.0,"amountGrossCurrency":-5375.0,"account":{"id":497286918}}]}})
    │  [fix] voucher posting[0]: added vatType={id:0}
    │  [fix] voucher posting[1]: added vatType={id:0}
    ┌─ API POST /ledger/voucher
    │  body:   {"date": "2026-03-22", "description": "Add missing VAT posting for account 4500", "postings": [{"row": 1, "date": "2026-03-22", "amountGross": 5375.0, "amountGrossCurrency": 5375.0, "account": {"id": 497286818}, "vatType": {"id": 0}}, {"row": 2, "date": "2026-03-22", "amountGross": -5375.0, "amountGrossCurrency": -5375.0, "account": {"id": 497286918}, "vatType": {"id": 0}}]}
    └─ 201 OK (6.7s) id=609376516
    │  response: {"value": {"id": 609376516, "version": 5, "url": "kkpqfuj-amager.tripletex.dev/v2/ledger/voucher/609376516", "date": "2026-03-22", "number": 33, "tempNumber": 0, "year": 2026, "description": "Add missing VAT posting for account 4500", "voucherType": null, "reverseVoucher": null, "postings": [{"id": 3846397839, "version": 1, "url": "kkpqfuj-amager.tripletex.dev/v2/ledger/posting/3846397839", "voucher": {"id": 609376516, "url": "kkpqfuj-amager.tripletex.dev/v2/ledger/voucher/609376516"}, "date": "2026-03-22", "description": "Add missing VAT posting for account 4500", "account": {"id": 497286818, "url": "kkpqfuj-amager.tripletex.dev/v2/ledger/account/497286818"}, "amortizationAccount": null, "amortizationStartDate": null, "amortizationEndDate": null, "customer": null, "supplier": null, "employee": null, "project": null, "product": null, "department": null, "vatType": {"id": 0, "url": "kkpqfuj-amager.tripletex.dev/v2/ledger/vatType/0"}, "amount": 5375.0, "amountCurrency": 5375.0, "amountGross": 5375.0, "amountGrossCurrency": 5375.0, "currency": {"id": 1, "url": "kkpqfuj-amager.tripletex.dev/v2/currency/1"}, "closeGroup": null, "invoiceNumber": "", "termOfPayment": null, "row": 1, "type": null, "externalRef": "", "systemGenerated": false, "taxTransactionType": "(Ikke valgt)", "taxTransactionTypeId": 0, "matched": false, "quantityAmount1": 0, "quantityType1": null, "quantityAmount2": 0, "quantityType2": null, "isVatReadonly": true, "isAmountVatClosed": false, "postingRuleId": 0, "f…
  Iteration 3 took 8.6s

──────────────────────────────────────────────────
  ITERATION 4/25
──────────────────────────────────────────────────
  Tokens: prompt=39856 completion=129 total_session=152837
  Messages: 9 (131,843 chars)
  Tool calls (1):
    [1] tripletex_api({"method":"POST","path":"/ledger/voucher","body":{"date":"2026-03-22","description":"Correct amount on account 6860","postings":[{"row":1,"date":"2026-03-22","amountGross":-11250.0,"amountGrossCurrency":-11250.0,"account":{"id":497287028}},{"row":2,"date":"2026-03-22","amountGross":11250.0,"amountGrossCurrency":11250.0,"account":{"id":497286737}}]}})
    │  [fix] voucher posting[0]: added vatType={id:0}
    │  [fix] voucher posting[1]: added vatType={id:0}
    ┌─ API POST /ledger/voucher
    │  body:   {"date": "2026-03-22", "description": "Correct amount on account 6860", "postings": [{"row": 1, "date": "2026-03-22", "amountGross": -11250.0, "amountGrossCurrency": -11250.0, "account": {"id": 497287028}, "vatType": {"id": 0}}, {"row": 2, "date": "2026-03-22", "amountGross": 11250.0, "amountGrossCurrency": 11250.0, "account": {"id": 497286737}, "vatType": {"id": 0}}]}
    └─ 201 OK (3.1s) id=609376557
    │  response: {"value": {"id": 609376557, "version": 5, "url": "kkpqfuj-amager.tripletex.dev/v2/ledger/voucher/609376557", "date": "2026-03-22", "number": 34, "tempNumber": 0, "year": 2026, "description": "Correct amount on account 6860", "voucherType": null, "reverseVoucher": null, "postings": [{"id": 3846397939, "version": 1, "url": "kkpqfuj-amager.tripletex.dev/v2/ledger/posting/3846397939", "voucher": {"id": 609376557, "url": "kkpqfuj-amager.tripletex.dev/v2/ledger/voucher/609376557"}, "date": "2026-03-22", "description": "Correct amount on account 6860", "account": {"id": 497287028, "url": "kkpqfuj-amager.tripletex.dev/v2/ledger/account/497287028"}, "amortizationAccount": null, "amortizationStartDate": null, "amortizationEndDate": null, "customer": null, "supplier": null, "employee": null, "project": null, "product": null, "department": null, "vatType": {"id": 0, "url": "kkpqfuj-amager.tripletex.dev/v2/ledger/vatType/0"}, "amount": -11250.0, "amountCurrency": -11250.0, "amountGross": -11250.0, "amountGrossCurrency": -11250.0, "currency": {"id": 1, "url": "kkpqfuj-amager.tripletex.dev/v2/currency/1"}, "closeGroup": null, "invoiceNumber": "", "termOfPayment": null, "row": 1, "type": null, "externalRef": "", "systemGenerated": false, "taxTransactionType": "(Ikke valgt)", "taxTransactionTypeId": 0, "matched": false, "quantityAmount1": 0, "quantityType1": null, "quantityAmount2": 0, "quantityType2": null, "isVatReadonly": false, "isAmountVatClosed": false, "postingRuleId": 0, "freeAccounti…
  Iteration 4 took 5.5s

──────────────────────────────────────────────────
  ITERATION 5/25
──────────────────────────────────────────────────
  Tokens: prompt=41032 completion=9 total_session=193878
  Messages: 11 (134,966 chars)
  Tool calls (1):
    [1] done()

  ⏳ Verifying task completion (236s remaining)...
  📋 Verification prompt (4220 chars):
    │ TASK: Descobrimos erros no livro razão de janeiro e fevereiro de 2026. Revise todos os vouchers e encontre os 4 erros: um lançamento na conta errada (conta 7140 usada em vez de 7100, valor 7500 NOK), um voucher duplicado (conta 6540, valor 1000 NOK), uma linha de IVA em falta (conta 4500, valor sem IVA 21500 NOK falta IVA na conta 2710), e um valor incorreto (conta 6860, 17250 NOK registado em vez de 6000 NOK). Corrija todos os erros com lançamentos corretivos.
    │ 
    │ 
    │ ACTION LOG (chronological):
    │ CALL: tripletex_api({"method":"POST","path":"/ledger/voucher","body":{"date":"2026-03-22","description":"Correct wrong account posting from 7140 to 7100","postings":[{"row":1,"date":"2026-03-22","amountGross":-7500.0,"amountGrossCurrency":-7500.0,"account":{"id":497287040}},{"row":2,"date":"2026-03-22","amountGross":75)
    │ status=ok id=609376437
    │ CALL: tripletex_api({"method":"POST","path":"/ledger/voucher","body":{"date":"2026-03-22","description":"Reverse duplicate voucher on account 6540","postings":[{"row":1,"date":"2026-03-22","amountGross":-1000.0,"amountGrossCurrency":-1000.0,"account":{"id":497287007}},{"row":2,"date":"2026-03-22","amountGross":1000.0,")
    │ status=ok id=609376470
    │ CALL: tripletex_api({"method":"POST","path":"/ledger/voucher","body":{"date":"2026-03-22","description":"Add missing VAT posting for account 4500","postings":[{"row":1,"date":"2026-03-22","amountGross":5375.0,"amountGrossCurrency":5375.0,"account":{"id":497286818}},{"row":2,"date":"2026-03-22","amountGross":-5375.0,"am)
    │ status=ok id=609376516
    │ CALL: tripletex_api({"method":"POST","path":"/ledger/voucher","body":{"date":"2026-03-22","description":"Correct amount on account 6860","postings":[{"row":1,"date":"2026-03-22","amountGross":-11250.0,"amountGrossCurrency":-11250.0,"account":{"id":497287028}},{"row":2,"date":"2026-03-22","amountGross":11250.0,"amountGr)
    │ status=ok id=609376557
    │ CALL: done({})
    │ 
    │ You are an accounting verification agent. Based ONLY on the action log above, check:
    │ 1. MATH: All amounts, percentages, VAT calculations correct? (e.g. if task says 50% of 274950, invoice total incl VAT must be 137475)
    │ 2. COMPLETENESS: Were all steps in the task done? Look at the CALL entries — if the action log shows the step was performed with status=ok, it WAS done. Do NOT say a step is missing if you can see it in the log!
    │ IMPORTANT: 'Fakturer'/'Invoice' just means create an invoice — do NOT require sending unless the task explicitly says send/sende/enviar/envoyer/senden!
    │ 3. DATA: Names, org numbers, dates match the task?
    │ 4. AMOUNTS: If any created entity shows amount=0 or totalAmount=0 in the response, that is WRONG — the postings failed silently. For supplier invoices: amount=0 with amountExcludingVat=0 means postings were MISSING or malformed.
    │ 5. BUDGET vs INVOICE: NEVER flag a mismatch between project budget and invoice total. For fixed-price projects the invoice excl. VAT matches the fixedprice — this is CORRECT. For other projects, invoice is based on actual work/costs. Either way, do NOT fail on budget vs invoice differences.
    │ 6. PAYMENT AMOUNTS: Invoice payments and reversals use the FULL amount INCLUDING VAT, not excl. VAT. If the task says 'X NOK excl. VAT', the correct payment/reversal amount is X × 1.25 (Norwegian 25% VAT). Do NOT flag a mismatch between excl. VAT amounts in the task and incl. VAT payment amounts.
    │ 7. VAT BREAKDOWN: If the total invoice amount matches the expected sum, do NOT fail on 'VAT breakdown not reflected' or similar vague VAT concerns. Only fail if a specific line item has the WRONG VAT rate applied.
    │ 
    │ CRITICAL: Be CONSERVATIVE. When in doubt, say PASS.
    │ Only say FAIL for CLEAR, OBJECTIVE, SPECIFIC errors (wrong math, completely missing step, wrong name).
    │ Do NOT say FAIL for: vague concerns, 'might be wrong', uncertain issues, minor stylistic differences, or steps you cannot confirm from the log (absence of evidence is NOT evidence of absence).
    │ A false FAIL causes MORE damage than a missed error. When uncertain, ALWAYS say PASS.
    │ If the action log shows all main steps completed with status=ok, say PASS.
    │ 
    │ Reply ONLY with either:
    │ - 'PASS' if everything looks correct or you are unsure
    │ - 'FAIL: <specific issue>' ONLY if there is an obvious, objective error
  🔍 Verification (1171 tokens): PASS

  ✓ DONE — 5 iterations, 193878 tokens, 53.8s

======================================================================
  TASK COMPLETE — total 54.3s
======================================================================

