
======================================================================
  NEW TASK RECEIVED
  Version: 59bdf62
======================================================================
  Prompt: Erstellen Sie den Kunden Grünfeld GmbH mit der Organisationsnummer 835026434. Die Adresse ist Fjordveien 105, 3015 Drammen. E-Mail: post@grunfeld.no.
  Files:  0
  URL:    https://tx-proxy-jwanbnu3pq-lz.a.run.app/v2
──────────────────────────────────────────────────────────────────────
  [pre] Pre-scans completed in 0.0s

──────────────────────────────────────────────────
  ITERATION 1/25
──────────────────────────────────────────────────
  Tokens: prompt=20068 completion=21 total_session=20089
  Messages: 3 (74,814 chars)
  Tool calls (1):
    [1] tripletex_api({"method":"POST","path":"/customer"})
    │  [fix] blocked POST without body: /customer
  Iteration 1 took 2.3s

──────────────────────────────────────────────────
  ITERATION 2/25
──────────────────────────────────────────────────
  Tokens: prompt=20155 completion=128 total_session=40372
  Messages: 5 (75,024 chars)
  Tool calls (1):
    [1] tripletex_api({"method":"POST","path":"/customer","body":{"name":"Grünfeld GmbH","isCustomer":true,"organizationNumber":"835026434","email":"post@grunfeld.no","invoiceEmail":"post@grunfeld.no","overdueNoticeEmail":"post@grunfeld.no","physicalAddress":{"addressLine1":"Fjordveien 105","postalCode":"3015","city":"Drammen"},"postalAddress":{"addressLine1":"Fjordveien 105","postalCode":"3015","city":"Drammen"}}})
    ┌─ API POST /customer
    │  body:   {"name": "Grünfeld GmbH", "isCustomer": true, "organizationNumber": "835026434", "email": "post@grunfeld.no", "invoiceEmail": "post@grunfeld.no", "overdueNoticeEmail": "post@grunfeld.no", "physicalAddress": {"addressLine1": "Fjordveien 105", "postalCode": "3015", "city": "Drammen"}, "postalAddress": {"addressLine1": "Fjordveien 105", "postalCode": "3015", "city": "Drammen"}}
    └─ 201 OK (1.7s) id=108592724 name=Grünfeld GmbH
    │  response: {"value": {"id": 108592724, "version": 1, "url": "kkpqfuj-amager.tripletex.dev/v2/customer/108592724", "name": "Grünfeld GmbH", "organizationNumber": "835026434", "globalLocationNumber": 0, "supplierNumber": 0, "customerNumber": 10001, "isSupplier": false, "isCustomer": true, "isInactive": false, "accountManager": null, "department": null, "email": "post@grunfeld.no", "invoiceEmail": "post@grunfeld.no", "overdueNoticeEmail": "post@grunfeld.no", "phoneNumber": "", "phoneNumberMobile": "", "description": "", "language": "NO", "displayName": "Grünfeld GmbH (10001)", "isPrivateIndividual": false, "singleCustomerInvoice": false, "invoiceSendMethod": "EMAIL", "emailAttachmentType": "ATTACHMENT", "postalAddress": {"id": 406030615, "version": 0, "url": "kkpqfuj-amager.tripletex.dev/v2/address/406030615", "addressLine1": "Fjordveien 105", "addressLine2": "", "postalCode": "3015", "city": "Drammen", "country": {"id": 161, "url": "kkpqfuj-amager.tripletex.dev/v2/country/161"}, "displayName": "Grünfeld GmbH, Fjordveien 105, 3015 Drammen, Norge", "addressAsString": "Fjordveien 105, 3015 Drammen, Norge", "displayNameInklMatrikkel": "Grünfeld GmbH, Fjordveien 105, 3015 Drammen, Norge", "knr": 0, "gnr": 0, "bnr": 0, "fnr": 0, "snr": 0, "unitNumber": ""}, "physicalAddress": {"id": 406030614, "version": 0, "url": "kkpqfuj-amager.tripletex.dev/v2/address/406030614", "addressLine1": "Fjordveien 105", "addressLine2": "", "postalCode": "3015", "city": "Drammen", "country": {"id": 161, "url": "kkpq…
  Iteration 2 took 3.5s

──────────────────────────────────────────────────
  ITERATION 3/25
──────────────────────────────────────────────────
  Tokens: prompt=21133 completion=9 total_session=61514
  Messages: 7 (77,451 chars)
  Tool calls (1):
    [1] done()

  ⏳ Verifying task completion (233s remaining)...
  📋 Verification prompt (2963 chars):
    │ TASK: Erstellen Sie den Kunden Grünfeld GmbH mit der Organisationsnummer 835026434. Die Adresse ist Fjordveien 105, 3015 Drammen. E-Mail: post@grunfeld.no.
    │ 
    │ 
    │ ACTION LOG (chronological):
    │ CALL: tripletex_api({"method":"POST","path":"/customer"})
    │ status=400
    │ CALL: tripletex_api({"method":"POST","path":"/customer","body":{"name":"Grünfeld GmbH","isCustomer":true,"organizationNumber":"835026434","email":"post@grunfeld.no","invoiceEmail":"post@grunfeld.no","overdueNoticeEmail":"post@grunfeld.no","physicalAddress":{"addressLine1":"Fjordveien 105","postalCode":"3015","city":"Dr)
    │ status=ok id=108592724 name=Grünfeld GmbH
    │ CALL: done({})
    │ 
    │ You are an accounting verification agent. Based ONLY on the action log above, check:
    │ 1. MATH: All amounts, percentages, VAT calculations correct? (e.g. if task says 50% of 274950, invoice total incl VAT must be 137475)
    │ 2. COMPLETENESS: Were all steps in the task done? Look at the CALL entries — if the action log shows the step was performed with status=ok, it WAS done. Do NOT say a step is missing if you can see it in the log!
    │ IMPORTANT: 'Fakturer'/'Invoice' just means create an invoice — do NOT require sending unless the task explicitly says send/sende/enviar/envoyer/senden!
    │ 3. DATA: Names, org numbers, dates match the task?
    │ 4. AMOUNTS: If any created entity shows amount=0 or totalAmount=0 in the response, that is WRONG — the postings failed silently. For supplier invoices: amount=0 with amountExcludingVat=0 means postings were MISSING or malformed.
    │ 5. BUDGET vs INVOICE: NEVER flag a mismatch between project budget and invoice total. For fixed-price projects the invoice excl. VAT matches the fixedprice — this is CORRECT. For other projects, invoice is based on actual work/costs. Either way, do NOT fail on budget vs invoice differences.
    │ 6. PAYMENT AMOUNTS: Invoice payments and reversals use the FULL amount INCLUDING VAT, not excl. VAT. If the task says 'X NOK excl. VAT', the correct payment/reversal amount is X × 1.25 (Norwegian 25% VAT). Do NOT flag a mismatch between excl. VAT amounts in the task and incl. VAT payment amounts.
    │ 7. VAT BREAKDOWN: If the total invoice amount matches the expected sum, do NOT fail on 'VAT breakdown not reflected' or similar vague VAT concerns. Only fail if a specific line item has the WRONG VAT rate applied.
    │ 
    │ CRITICAL: Be CONSERVATIVE. When in doubt, say PASS.
    │ Only say FAIL for CLEAR, OBJECTIVE, SPECIFIC errors (wrong math, completely missing step, wrong name).
    │ Do NOT say FAIL for: vague concerns, 'might be wrong', uncertain issues, minor stylistic differences, or steps you cannot confirm from the log (absence of evidence is NOT evidence of absence).
    │ A false FAIL causes MORE damage than a missed error. When uncertain, ALWAYS say PASS.
    │ If the action log shows all main steps completed with status=ok, say PASS.
    │ 
    │ Reply ONLY with either:
    │ - 'PASS' if everything looks correct or you are unsure
    │ - 'FAIL: <specific issue>' ONLY if there is an obvious, objective error
  🔍 Verification (742 tokens): PASS

  ✓ DONE — 3 iterations, 61514 tokens, 6.5s

======================================================================
  TASK COMPLETE — total 7.0s
======================================================================

