
======================================================================
  NEW TASK RECEIVED
  Version: unknown
======================================================================
  Prompt: Erstellen Sie das Projekt "Integration Windkraft" verknüpft mit dem Kunden Windkraft GmbH (Org.-Nr. 804172807). Projektleiter ist Hannah Weber (hannah.weber@example.org).
  Files:  0
  URL:    https://tx-proxy-jwanbnu3pq-lz.a.run.app/v2
──────────────────────────────────────────────────────────────────────

──────────────────────────────────────────────────
  ITERATION 1/25
──────────────────────────────────────────────────
  Tokens: prompt=16272 completion=21 total_session=16293
  Messages: 3 (61,015 chars)
  Tool calls (1):
    [1] tripletex_api({"method":"POST","path":"/customer"})
    │  [fix] blocked POST without body: /customer
  Iteration 1 took 0.8s

──────────────────────────────────────────────────
  ITERATION 2/25
──────────────────────────────────────────────────
  Tokens: prompt=16359 completion=42 total_session=32694
  Messages: 5 (61,225 chars)
  Tool calls (1):
    [1] tripletex_api({"method":"POST","path":"/customer","body":{"name":"Windkraft GmbH","isCustomer":true,"organizationNumber":"804172807"}})
    ┌─ API POST /customer
    │  body:   {"name": "Windkraft GmbH", "isCustomer": true, "organizationNumber": "804172807"}
    └─ 201 OK (3.6s) id=108439895 name=Windkraft GmbH
    │  response: {"value": {"id": 108439895, "version": 1, "url": "kkpqfuj-amager.tripletex.dev/v2/customer/108439895", "name": "Windkraft GmbH", "organizationNumber": "804172807", "globalLocationNumber": 0, "supplierNumber": 0, "customerNumber": 10002, "isSupplier": false, "isCustomer": true, "isInactive": false, "accountManager": null, "department": null, "email": "", "invoiceEmail": "", "overdueNoticeEmail": "", "phoneNumber": "", "phoneNumberMobile": "", "description": "", "language": "NO", "displayName": "Windkraft GmbH (10002)", "isPrivateIndividual": false, "singleCustomerInvoice": false, "invoiceSendMethod": "EMAIL", "emailAttachmentType": "ATTACHMENT", "postalAddress": {"id": 405727509, "url": "kkpqfuj-amager.tripletex.dev/v2/address/405727509"}, "physicalAddress": {"id": 405727508, "url": "kkpqfuj-amager.tripletex.dev/v2/address/405727508"}, "deliveryAddress": null, "category1": null, "category2": null, "category3": null, "invoicesDueIn": 14, "invoicesDueInType": "DAYS", "currency": {"id": 1, "url": "kkpqfuj-amager.tripletex.dev/v2/currency/1"}, "bankAccountPresentation": [], "ledgerAccount": {"id": 377055673, "url": "kkpqfuj-amager.tripletex.dev/v2/ledger/account/377055673"}, "isFactoring": false, "invoiceSendSMSNotification": false, "invoiceSMSNotificationNumber": "", "isAutomaticSoftReminderEnabled": false, "isAutomaticReminderEnabled": false, "isAutomaticNoticeOfDebtCollectionEnabled": false, "discountPercentage": 0, "website": ""}}
  Iteration 2 took 4.6s

──────────────────────────────────────────────────
  ITERATION 3/25
──────────────────────────────────────────────────
  Tokens: prompt=16848 completion=44 total_session=49586
  Messages: 7 (62,678 chars)
  Tool calls (1):
    [1] tripletex_api({"method":"POST","path":"/employee","body":{"firstName":"Hannah","lastName":"Weber","email":"hannah.weber@example.org"}})
    ┌─ API POST /employee
    │  body:   {"firstName": "Hannah", "lastName": "Weber", "email": "hannah.weber@example.org"}
    └─ 422 ERR (3.2s) {"status": 422, "code": 18000, "message": "Validering feilet.", "link": "https://tripletex.no/v2-docs/", "developerMessage": "VALIDATION_ERROR", "validationMessages": [{"field": null, "message": "Brukertype kan ikke være \"0\" eller tom.", "path": null, "rootId": null}], "requestId": "25dfe06c-df55-4763-bc37-a1b2a2190909", "_status_code": 422}
    │  [auto-fix] POST /employee failed — searching for existing employee to rename as Hannah Weber
    ┌─ API GET /employee
    │  params: {"fields": "*"}
    └─ 200 OK (4.5s) [2 items]
    ┌─ API PUT /employee/18617195
    │  body:   {"id": 18617195, "version": 2, "firstName": "Hannah", "lastName": "Weber", "dateOfBirth": "1990-01-01"}
    └─ 200 OK (3.5s) id=18617195 name=Hannah
    │  [auto-fix] employee 18617195 renamed to Hannah Weber — returning as created
    │  response: {"value": {"id": 18617195, "version": 3, "url": "kkpqfuj-amager.tripletex.dev/v2/employee/18617195", "firstName": "Hannah", "lastName": "Weber", "displayName": "Hannah Weber", "employeeNumber": "", "dateOfBirth": "1990-01-01", "email": "hannah.weber@example.org", "phoneNumberMobileCountry": {"id": 161, "url": "kkpqfuj-amager.tripletex.dev/v2/country/161"}, "phoneNumberMobile": "", "phoneNumberHome": "", "phoneNumberWork": "", "nationalIdentityNumber": "", "dnumber": "", "internationalId": {"intAmeldingType": null, "country": null, "number": ""}, "bankAccountNumber": "", "iban": "", "bic": "", "creditorBankCountryId": 0, "usesAbroadPayment": false, "userType": null, "allowInformationRegistration": true, "isContact": false, "isProxy": false, "comments": "", "address": null, "department": {"id": 744217, "url": "kkpqfuj-amager.tripletex.dev/v2/department/744217"}, "employments": [], "holidayAllowanceEarned": {"year": 0, "amount": 0.0, "basis": 0.0, "amountExtraHolidayWeek": 0.0}, "employeeCategory": null, "isAuthProjectOverviewURL": true, "pictureId": 0, "companyId": 107926303, "vismaConnect2FAactive": false}, "_status_code": 201}
  Iteration 3 took 12.7s

──────────────────────────────────────────────────
  ITERATION 4/25
──────────────────────────────────────────────────
  Tokens: prompt=17271 completion=65 total_session=66922
  Messages: 9 (63,822 chars)
  Tool calls (1):
    [1] tripletex_api({"method":"POST","path":"/project","body":{"name":"Integration Windkraft","number":"PRJ-2891","projectManager":{"id":18617195},"startDate":"2026-03-21","customer":{"id":108439895}}})
    ┌─ API POST /project
    │  body:   {"name": "Integration Windkraft", "number": "PRJ-2891", "projectManager": {"id": 18617195}, "startDate": "2026-03-21", "customer": {"id": 108439895}}
    └─ 201 OK (4.0s) id=402041369 name=Integration Windkraft
    │  response: {"value": {"id": 402041369, "version": 0, "url": "kkpqfuj-amager.tripletex.dev/v2/project/402041369", "name": "Integration Windkraft", "number": "PRJ-2891", "displayName": "PRJ-2891 Integration Windkraft", "description": "", "projectManager": {"id": 18617195, "url": "kkpqfuj-amager.tripletex.dev/v2/employee/18617195"}, "department": null, "mainProject": null, "startDate": "2026-03-21", "endDate": null, "customer": {"id": 108439895, "url": "kkpqfuj-amager.tripletex.dev/v2/customer/108439895"}, "isClosed": false, "isReadyForInvoicing": false, "isInternal": false, "isOffer": false, "isFixedPrice": false, "projectCategory": null, "deliveryAddress": null, "boligmappaAddress": null, "displayNameFormat": "NAME_STANDARD", "reference": "", "externalAccountsNumber": "", "discountPercentage": 0, "vatType": {"id": 3, "url": "kkpqfuj-amager.tripletex.dev/v2/ledger/vatType/3"}, "fixedprice": 0, "contributionMarginPercent": 0, "numberOfSubProjects": 0, "numberOfProjectParticipants": 1, "orderLines": [], "currency": {"id": 1, "url": "kkpqfuj-amager.tripletex.dev/v2/currency/1"}, "markUpOrderLines": 0, "markUpFeesEarned": 0, "isPriceCeiling": false, "priceCeilingAmount": 0, "projectHourlyRates": [{"id": 11091036, "url": "kkpqfuj-amager.tripletex.dev/v2/project/hourlyRates/11091036"}], "forParticipantsOnly": false, "participants": [{"id": 15645898, "url": "kkpqfuj-amager.tripletex.dev/v2/project/participant/15645898"}], "contact": null, "attention": null, "invoiceComment": "", "invoicingPlan":…
  Iteration 4 took 5.1s

──────────────────────────────────────────────────
  ITERATION 5/25
──────────────────────────────────────────────────
  Tokens: prompt=18009 completion=9 total_session=84940
  Messages: 11 (65,957 chars)
  Tool calls (1):
    [1] done()

  ⏳ Verifying task completion (266s remaining)...
  📋 Verification prompt (3248 chars):
    │ TASK: Erstellen Sie das Projekt "Integration Windkraft" verknüpft mit dem Kunden Windkraft GmbH (Org.-Nr. 804172807). Projektleiter ist Hannah Weber (hannah.weber@example.org).
    │ 
    │ 
    │ ACTION LOG (chronological):
    │ CALL: tripletex_api({"method":"POST","path":"/customer"})
    │ status=400
    │ CALL: tripletex_api({"method":"POST","path":"/customer","body":{"name":"Windkraft GmbH","isCustomer":true,"organizationNumber":"804172807"}})
    │ status=ok id=108439895 name=Windkraft GmbH
    │ CALL: tripletex_api({"method":"POST","path":"/employee","body":{"firstName":"Hannah","lastName":"Weber","email":"hannah.weber@example.org"}})
    │ status=201 id=18617195
    │ CALL: tripletex_api({"method":"POST","path":"/project","body":{"name":"Integration Windkraft","number":"PRJ-2891","projectManager":{"id":18617195},"startDate":"2026-03-21","customer":{"id":108439895}}})
    │ status=ok id=402041369 name=Integration Windkraft fixedprice=0 isFixedPrice=False
    │ CALL: done({})
    │ 
    │ You are an accounting verification agent. Based ONLY on the action log above, check:
    │ 1. MATH: All amounts, percentages, VAT calculations correct? (e.g. if task says 50% of 274950, invoice total incl VAT must be 137475)
    │ 2. COMPLETENESS: Were all steps in the task done? Look at the CALL entries — if the action log shows the step was performed with status=ok, it WAS done. Do NOT say a step is missing if you can see it in the log!
    │ IMPORTANT: 'Fakturer'/'Invoice' just means create an invoice — do NOT require sending unless the task explicitly says send/sende/enviar/envoyer/senden!
    │ 3. DATA: Names, org numbers, dates match the task?
    │ 4. AMOUNTS: If any created entity shows amount=0 or totalAmount=0 in the response, that is WRONG — the postings failed silently. EXCEPTION: Supplier invoice (supplierInvoice) responses normally show amount=0 — this is OK.
    │ 5. BUDGET vs INVOICE: NEVER flag a mismatch between project budget and invoice total. For fixed-price projects the invoice excl. VAT matches the fixedprice — this is CORRECT. For other projects, invoice is based on actual work/costs. Either way, do NOT fail on budget vs invoice differences.
    │ 6. PAYMENT AMOUNTS: Invoice payments and reversals use the FULL amount INCLUDING VAT, not excl. VAT. If the task says 'X NOK excl. VAT', the correct payment/reversal amount is X × 1.25 (Norwegian 25% VAT). Do NOT flag a mismatch between excl. VAT amounts in the task and incl. VAT payment amounts.
    │ 7. VAT BREAKDOWN: If the total invoice amount matches the expected sum, do NOT fail on 'VAT breakdown not reflected' or similar vague VAT concerns. Only fail if a specific line item has the WRONG VAT rate applied.
    │ 
    │ CRITICAL: Be CONSERVATIVE. When in doubt, say PASS.
    │ Only say FAIL for CLEAR, OBJECTIVE, SPECIFIC errors (wrong math, completely missing step, wrong name).
    │ Do NOT say FAIL for: vague concerns, 'might be wrong', uncertain issues, minor stylistic differences, or steps you cannot confirm from the log (absence of evidence is NOT evidence of absence).
    │ A false FAIL causes MORE damage than a missed error. When uncertain, ALWAYS say PASS.
    │ If the action log shows all main steps completed with status=ok, say PASS.
    │ 
    │ Reply ONLY with either:
    │ - 'PASS' if everything looks correct or you are unsure
    │ - 'FAIL: <specific issue>' ONLY if there is an obvious, objective error
  🔍 Verification (815 tokens): PASS

  ✓ DONE — 5 iterations, 84940 tokens, 23.9s

======================================================================
  TASK COMPLETE — total 24.5s
======================================================================

