
======================================================================
  NEW TASK RECEIVED
  Version: 9b42bf7
======================================================================
  Prompt: You received an offer letter (see attached PDF) for a new employee. Complete the onboarding: create the employee, assign the correct department, set up employment details with percentage and annual salary, and configure standard working hours.
  Files:  1
  URL:    https://tx-proxy-jwanbnu3pq-lz.a.run.app/v2
    - files/tilbudsbrev_en_02.pdf (application/pdf)
──────────────────────────────────────────────────────────────────────
  [pre] Employee/salary task detected — scanning employees and employment...
    ┌─ API GET /employee
    │  params: {"fields": "*"}
    └─ 200 OK (2.7s) [1 items]
    ┌─ API GET /employee/employment
    │  params: {"employeeId": 18778924, "fields": "*"}
    └─ 200 OK (2.6s) [1 items]
    ┌─ API GET /company/>withLoginAccess
    └─ 200 OK (2.5s) [0 items]
    ┌─ API GET /department
    └─ 200 OK (2.7s) [1 items]
  [pre] Pre-scan complete: 1 employees found
    [file] Extracted 597 chars from PDF: files/tilbudsbrev_en_02.pdf

──────────────────────────────────────────────────
  ITERATION 1/25
──────────────────────────────────────────────────
  Tokens: prompt=20388 completion=21 total_session=20409
  Messages: 3 (75,986 chars)
  Tool calls (1):
    [1] tripletex_api({"method":"POST","path":"/employee"})
    │  [fix] blocked POST without body: /employee
  Iteration 1 took 0.8s

──────────────────────────────────────────────────
  ITERATION 2/25
──────────────────────────────────────────────────
  Tokens: prompt=20475 completion=21 total_session=40905
  Messages: 5 (76,196 chars)
  Tool calls (1):
    [1] tripletex_api({"method":"POST","path":"/employee"})
    │  [fix] blocked POST without body: /employee
  Iteration 2 took 0.9s

──────────────────────────────────────────────────
  ITERATION 3/25
──────────────────────────────────────────────────
  Tokens: prompt=20562 completion=41 total_session=61508
  Messages: 7 (76,406 chars)
  Tool calls (1):
    [1] tripletex_api({"method":"POST","path":"/employee","body":{"firstName":"Alice","lastName":"Taylor","email":"alice.taylor@example.com"}})
    │  [reject] 1 rule violation(s):
    │    • [employee-post-dateOfBirth] POST /employee should include 'dateOfBirth' (YYYY-MM-DD). Without it, employment creation will fail. Use a reasonable date like 1990-01-01 if the task doesn't specify. (missing: dateOfBirth)
  Iteration 3 took 0.9s

──────────────────────────────────────────────────
  ITERATION 4/25
──────────────────────────────────────────────────
  Tokens: prompt=20757 completion=52 total_session=82317
  Messages: 9 (76,959 chars)
  Tool calls (1):
    [1] tripletex_api({"method":"POST","path":"/employee","body":{"firstName":"Alice","lastName":"Taylor","email":"alice.taylor@example.com","dateOfBirth":"1994-11-01"}})
    ┌─ API POST /employee
    │  body:   {"firstName": "Alice", "lastName": "Taylor", "email": "alice.taylor@example.com", "dateOfBirth": "1994-11-01"}
    └─ 422 ERR (2.5s) {"status": 422, "code": 18000, "message": "Validering feilet.", "link": "https://tripletex.no/v2-docs/", "developerMessage": "VALIDATION_ERROR", "validationMessages": [{"field": null, "message": "Brukertype kan ikke være \"0\" eller tom.", "path": null, "rootId": null}], "requestId": "91c3b296-80df-4ad9-b226-502b27dfe337", "_status_code": 422}
    │  [auto-fix] POST /employee failed — searching for existing employee to rename as Alice Taylor
    ┌─ API GET /employee
    │  params: {"fields": "*"}
    └─ 200 OK (2.5s) [1 items]
    ┌─ API PUT /employee/18778924
    │  body:   {"id": 18778924, "version": 1, "firstName": "Alice", "lastName": "Taylor", "dateOfBirth": "1990-01-01"}
    └─ 200 OK (5.2s) id=18778924 name=Alice
    │  [auto-fix] employee 18778924 renamed to Alice Taylor — returning as created
    │  response: {"value": {"id": 18778924, "version": 2, "url": "kkpqfuj-amager.tripletex.dev/v2/employee/18778924", "firstName": "Alice", "lastName": "Taylor", "displayName": "Alice Taylor", "employeeNumber": "", "dateOfBirth": "1990-01-01", "email": "nmiai-validator@test.no", "phoneNumberMobileCountry": {"id": 161, "url": "kkpqfuj-amager.tripletex.dev/v2/country/161"}, "phoneNumberMobile": "", "phoneNumberHome": "", "phoneNumberWork": "", "nationalIdentityNumber": "", "dnumber": "", "internationalId": {"intAmeldingType": null, "country": null, "number": ""}, "bankAccountNumber": "", "iban": "", "bic": "", "creditorBankCountryId": 0, "usesAbroadPayment": false, "userType": null, "allowInformationRegistration": true, "isContact": false, "isProxy": false, "comments": "", "address": null, "department": {"id": 1015267, "url": "kkpqfuj-amager.tripletex.dev/v2/department/1015267"}, "employments": [{"id": 2888770, "url": "kkpqfuj-amager.tripletex.dev/v2/employee/employment/2888770"}], "holidayAllowanceEarned": {"year": 0, "amount": 0.0, "basis": 0.0, "amountExtraHolidayWeek": 0.0}, "employeeCategory": null, "isAuthProjectOverviewURL": true, "pictureId": 0, "companyId": 108574010, "vismaConnect2FAactive": false}, "_status_code": 201}
  Iteration 4 took 11.1s

──────────────────────────────────────────────────
  ITERATION 5/25
──────────────────────────────────────────────────
  Tokens: prompt=21219 completion=21 total_session=103557
  Messages: 11 (78,189 chars)
  Tool calls (1):
    [1] tripletex_api({"method":"GET","path":"/department"})
    ┌─ API GET /department
    └─ 200 OK (2.0s) [1 items]
    │  response: {"fullResultSize": 1, "from": 0, "count": 1, "versionDigest": "'If-None-Match' header not specified", "values": [{"id": 1015267, "version": 0, "url": "kkpqfuj-amager.tripletex.dev/v2/department/1015267", "name": "Avdeling", "departmentNumber": "", "departmentManager": null, "displayName": "Avdeling", "isInactive": false, "businessActivityTypeId": 0}]}
  Iteration 5 took 2.7s

──────────────────────────────────────────────────
  ITERATION 6/25
──────────────────────────────────────────────────
  Tokens: prompt=21367 completion=33 total_session=124957
  Messages: 13 (78,542 chars)
  Tool calls (1):
    [1] tripletex_api({"method":"POST","path":"/department","body":{"name":"Salg","departmentNumber":"2"}})
    ┌─ API POST /department
    │  body:   {"name": "Salg", "departmentNumber": "2"}
    └─ 201 OK (2.1s) id=1015440 name=Salg
    │  response: {"value": {"id": 1015440, "version": 0, "url": "kkpqfuj-amager.tripletex.dev/v2/department/1015440", "name": "Salg", "departmentNumber": "2", "departmentManager": null, "displayName": "2 Salg", "isInactive": false, "businessActivityTypeId": 0}}
  Iteration 6 took 3.0s

──────────────────────────────────────────────────
  ITERATION 7/25
──────────────────────────────────────────────────
  Tokens: prompt=21494 completion=67 total_session=146518
  Messages: 15 (78,786 chars)
  Tool calls (1):
    [1] tripletex_api({"method":"PUT","path":"/employee/18778924","body":{"id":18778924,"version":2,"firstName":"Alice","lastName":"Taylor","dateOfBirth":"1994-11-01","department":{"id":1015440}}})
    ┌─ API PUT /employee/18778924
    │  body:   {"id": 18778924, "version": 2, "firstName": "Alice", "lastName": "Taylor", "dateOfBirth": "1994-11-01", "department": {"id": 1015440}}
    └─ 200 OK (4.3s) id=18778924 name=Alice
    │  [track] employee renamed successfully via PUT
    │  response: {"value": {"id": 18778924, "version": 3, "url": "kkpqfuj-amager.tripletex.dev/v2/employee/18778924", "firstName": "Alice", "lastName": "Taylor", "displayName": "Alice Taylor", "employeeNumber": "", "dateOfBirth": "1994-11-01", "email": "nmiai-validator@test.no", "phoneNumberMobileCountry": {"id": 161, "url": "kkpqfuj-amager.tripletex.dev/v2/country/161"}, "phoneNumberMobile": "", "phoneNumberHome": "", "phoneNumberWork": "", "nationalIdentityNumber": "", "dnumber": "", "internationalId": {"intAmeldingType": null, "country": null, "number": ""}, "bankAccountNumber": "", "iban": "", "bic": "", "creditorBankCountryId": 0, "usesAbroadPayment": false, "userType": null, "allowInformationRegistration": true, "isContact": false, "isProxy": false, "comments": "", "address": null, "department": {"id": 1015440, "url": "kkpqfuj-amager.tripletex.dev/v2/department/1015440"}, "employments": [{"id": 2888770, "url": "kkpqfuj-amager.tripletex.dev/v2/employee/employment/2888770"}], "holidayAllowanceEarned": {"year": 0, "amount": 0.0, "basis": 0.0, "amountExtraHolidayWeek": 0.0}, "employeeCategory": null, "isAuthProjectOverviewURL": true, "pictureId": 0, "companyId": 108574010, "vismaConnect2FAactive": false}}
  Iteration 7 took 5.3s

──────────────────────────────────────────────────
  ITERATION 8/25
──────────────────────────────────────────────────
  Tokens: prompt=21964 completion=33 total_session=168515
  Messages: 17 (79,995 chars)
  Tool calls (1):
    [1] tripletex_api({"method":"GET","path":"/employee/employment?employeeId=18778924&fields=*"})
    │  [fix] extracted query params from path: {'employeeId': '18778924', 'fields': '*'}
    ┌─ API GET /employee/employment
    │  params: {"employeeId": "18778924", "fields": "*"}
    └─ 200 OK (1.8s) [1 items]
    │  response: {"fullResultSize": 1, "from": 0, "count": 1, "versionDigest": null, "values": [{"id": 2888770, "version": 0, "url": "kkpqfuj-amager.tripletex.dev/v2/employee/employment/2888770", "employee": {"id": 18778924, "url": "kkpqfuj-amager.tripletex.dev/v2/employee/18778924"}, "employmentId": "", "startDate": "2026-01-01", "endDate": null, "employmentEndReason": null, "division": null, "lastSalaryChangeDate": null, "noEmploymentRelationship": false, "isMainEmployer": true, "taxDeductionCode": "loennFraHovedarbeidsgiver", "employmentDetails": [{"id": 3786103, "url": "kkpqfuj-amager.tripletex.dev/v2/employee/employment/details/3786103"}], "isRemoveAccessAtEmploymentEnded": true, "latestSalary": {"id": 3786103, "url": "kkpqfuj-amager.tripletex.dev/v2/employee/employment/details/3786103"}}]}
  Iteration 8 took 2.6s

──────────────────────────────────────────────────
  ITERATION 9/25
──────────────────────────────────────────────────
  Tokens: prompt=22271 completion=82 total_session=190868
  Messages: 19 (80,784 chars)
  Tool calls (1):
    [1] tripletex_api({"method":"POST","path":"/employee/employment/details","body":{"employment":{"id":2888770},"date":"2026-08-10","employmentType":1,"employmentForm":2,"remunerationType":2,"workingHoursScheme":1,"percentageOfFullTimeEquivalent":80.0,"annualSalary":790000}})
    │  [fix] employment details: added shiftDurationHours=35.5
    ┌─ API POST /employee/employment/details
    │  body:   {"employment": {"id": 2888770}, "date": "2026-08-10", "employmentType": 1, "employmentForm": 2, "remunerationType": 2, "workingHoursScheme": 1, "percentageOfFullTimeEquivalent": 80.0, "annualSalary": 790000, "shiftDurationHours": 35.5}
    └─ 422 ERR (1.8s) {"status": 422, "code": 18000, "message": "Validering feilet.", "link": "https://tripletex.no/v2-docs/", "developerMessage": "VALIDATION_ERROR", "validationMessages": [{"field": "employment.employmentDetails.maritimeEmployment.shipType,maritimeEmployment.shipType", "message": "Må velges.", "path": null, "rootId": null}, {"field": "employment.employmentDetails.maritimeEmployment.shipRegister,maritimeEmployment.shipRegister", "message": "Må velges.", "path": null, "rootId": null}, {"field": "remunerationType", "message": "Avlønningstype er ugyldig.", "path": null, "rootId": null}, {"field": "employment.employmentDetails.maritimeEmployment.tradeArea,maritimeEmployment.tradeArea", "message": "Må velges.", "path": null, "rootId": null}], "requestId": "d682e512-8141-4b10-8c04-fc57e0ba8521", "_status_code": 422}
    │  [auto-fix] employment details POST error — checking existing for employment 2888770
    ┌─ API GET /employee/employment/details
    │  params: {"employmentId": "2888770"}
    └─ 200 OK (1.8s) [1 items]
    │  [auto-fix] found existing details id=3786103, switching to PUT
    ┌─ API PUT /employee/employment/details/3786103
    │  body:   {"id": 3786103, "version": 0, "employment": {"id": 2888770}, "date": "2026-01-01", "employmentType": 1, "employmentForm": 2, "remunerationType": 2, "workingHoursScheme": 1, "shiftDurationHours": 0.0, "percentageOfFullTimeEquivalent": 80.0, "annualSalary": 790000}
    └─ 422 ERR (2.2s) {"status": 422, "code": 18000, "message": "Validering feilet.", "link": "https://tripletex.no/v2-docs/", "developerMessage": "VALIDATION_ERROR", "validationMessages": [{"field": "employment.employmentDetails.maritimeEmployment.shipType,maritimeEmployment.shipType", "message": "Må velges.", "path": null, "rootId": null}, {"field": "employment.employmentDetails.maritimeEmployment.shipRegister,maritimeEmployment.shipRegister", "message": "Må velges.", "path": null, "rootId": null}, {"field": "shiftDurationHours", "message": "Ugyldig verdi. Gyldig verdi er: 35,5 til 35,5.", "path": null, "rootId": null}, {"field": "employment.employmentDetails.maritimeEmployment.tradeArea,maritimeEmployment.tradeArea", "message": "Må velges.", "path": null, "rootId": null}, {"field": "remunerationType", "message": "Avlønningstype er ugyldig.", "path": null, "rootId": null}], "requestId": "40663638-0ed6-4e66-8bfa-69fd3750a877", "_status_code": 422}
    │  [auto-fix] POST→PUT switch failed: 422
    │  response: {"status": 422, "code": 18000, "message": "Validering feilet.", "link": "https://tripletex.no/v2-docs/", "developerMessage": "VALIDATION_ERROR", "validationMessages": [{"field": "employment.employmentDetails.maritimeEmployment.shipType,maritimeEmployment.shipType", "message": "Må velges.", "path": null, "rootId": null}, {"field": "employment.employmentDetails.maritimeEmployment.shipRegister,maritimeEmployment.shipRegister", "message": "Må velges.", "path": null, "rootId": null}, {"field": "remunerationType", "message": "Avlønningstype er ugyldig.", "path": null, "rootId": null}, {"field": "employment.employmentDetails.maritimeEmployment.tradeArea,maritimeEmployment.tradeArea", "message": "Må velges.", "path": null, "rootId": null}], "requestId": "d682e512-8141-4b10-8c04-fc57e0ba8521", "_status_code": 422}
  Iteration 9 took 7.0s

──────────────────────────────────────────────────
  ITERATION 10/25
──────────────────────────────────────────────────
  Tokens: prompt=22604 completion=130 total_session=213602
  GPT says: The error indicates issues with the provided employment details, particularly with maritime employment and remuneration type. I will attempt to resolve this by excluding the problematic fields related to maritime settings, as they are not relevant for the fixed employment type. Additionally, I will correct the remuneration type.
  Messages: 21 (81,930 chars)
  Tool calls (1):
    [1] tripletex_api({"method":"POST","path":"/employee/employment/details","body":{"employment":{"id":2888770},"date":"2026-08-10","employmentType":1,"employmentForm":2,"workingHoursScheme":1,"percentageOfFullTimeEquivalent":80.0,"annualSalary":790000}})
    │  [fix] employment details: set remunerationType=2 (MONTHLY_PAY)
    │  [fix] employment details: added shiftDurationHours=35.5
    ┌─ API POST /employee/employment/details
    │  body:   {"employment": {"id": 2888770}, "date": "2026-08-10", "employmentType": 1, "employmentForm": 2, "workingHoursScheme": 1, "percentageOfFullTimeEquivalent": 80.0, "annualSalary": 790000, "remunerationType": 2, "shiftDurationHours": 35.5}
    └─ 422 ERR (2.4s) {"status": 422, "code": 18000, "message": "Validering feilet.", "link": "https://tripletex.no/v2-docs/", "developerMessage": "VALIDATION_ERROR", "validationMessages": [{"field": "remunerationType", "message": "Avlønningstype er ugyldig.", "path": null, "rootId": null}, {"field": "employment.employmentDetails.maritimeEmployment.shipRegister,maritimeEmployment.shipRegister", "message": "Må velges.", "path": null, "rootId": null}, {"field": "employment.employmentDetails.maritimeEmployment.tradeArea,maritimeEmployment.tradeArea", "message": "Må velges.", "path": null, "rootId": null}, {"field": "employment.employmentDetails.maritimeEmployment.shipType,maritimeEmployment.shipType", "message": "Må velges.", "path": null, "rootId": null}], "requestId": "cfee123a-206b-48a6-b9b9-d1607e6705e2", "_status_code": 422}
    │  [auto-fix] employment details POST error — checking existing for employment 2888770
    ┌─ API GET /employee/employment/details
    │  params: {"employmentId": "2888770"}
    └─ 200 OK (2.1s) [1 items]
    │  [auto-fix] found existing details id=3786103, switching to PUT
    ┌─ API PUT /employee/employment/details/3786103
    │  body:   {"id": 3786103, "version": 0, "employment": {"id": 2888770}, "date": "2026-01-01", "employmentType": 1, "employmentForm": 2, "remunerationType": 2, "workingHoursScheme": 1, "shiftDurationHours": 0.0, "percentageOfFullTimeEquivalent": 80.0, "annualSalary": 790000}
    └─ 422 ERR (2.6s) {"status": 422, "code": 18000, "message": "Validering feilet.", "link": "https://tripletex.no/v2-docs/", "developerMessage": "VALIDATION_ERROR", "validationMessages": [{"field": "remunerationType", "message": "Avlønningstype er ugyldig.", "path": null, "rootId": null}, {"field": "employment.employmentDetails.maritimeEmployment.tradeArea,maritimeEmployment.tradeArea", "message": "Må velges.", "path": null, "rootId": null}, {"field": "employment.employmentDetails.maritimeEmployment.shipType,maritimeEmployment.shipType", "message": "Må velges.", "path": null, "rootId": null}, {"field": "employment.employmentDetails.maritimeEmployment.shipRegister,maritimeEmployment.shipRegister", "message": "Må velges.", "path": null, "rootId": null}, {"field": "shiftDurationHours", "message": "Ugyldig verdi. Gyldig verdi er: 35,5 til 35,5.", "path": null, "rootId": null}], "requestId": "336b8dc8-5674-49a0-bffc-fea7e0d250ff", "_status_code": 422}
    │  [auto-fix] POST→PUT switch failed: 422
    │  response: {"status": 422, "code": 18000, "message": "Validering feilet.", "link": "https://tripletex.no/v2-docs/", "developerMessage": "VALIDATION_ERROR", "validationMessages": [{"field": "remunerationType", "message": "Avlønningstype er ugyldig.", "path": null, "rootId": null}, {"field": "employment.employmentDetails.maritimeEmployment.shipRegister,maritimeEmployment.shipRegister", "message": "Må velges.", "path": null, "rootId": null}, {"field": "employment.employmentDetails.maritimeEmployment.tradeArea,maritimeEmployment.tradeArea", "message": "Må velges.", "path": null, "rootId": null}, {"field": "employment.employmentDetails.maritimeEmployment.shipType,maritimeEmployment.shipType", "message": "Må velges.", "path": null, "rootId": null}], "requestId": "cfee123a-206b-48a6-b9b9-d1607e6705e2", "_status_code": 422}
  Iteration 10 took 10.1s

──────────────────────────────────────────────────
  ITERATION 11/25
──────────────────────────────────────────────────
  Tokens: prompt=22988 completion=113 total_session=236703
  GPT says: The error persists mainly due to the remuneration type and maritime employment fields. Let's try executing the request again but this time including all necessary fields correctly configured.
  Messages: 23 (82,937 chars)
  Tool calls (1):
    [1] tripletex_api({"method":"POST","path":"/employee/employment/details","body":{"employment":{"id":2888770},"date":"2026-08-10","employmentType":1,"remunerationType":2,"employmentForm":2,"workingHoursScheme":1,"percentageOfFullTimeEquivalent":80.0,"annualSalary":790000}})
    │  [fix] employment details: added shiftDurationHours=35.5
    ┌─ API POST /employee/employment/details
    │  body:   {"employment": {"id": 2888770}, "date": "2026-08-10", "employmentType": 1, "remunerationType": 2, "employmentForm": 2, "workingHoursScheme": 1, "percentageOfFullTimeEquivalent": 80.0, "annualSalary": 790000, "shiftDurationHours": 35.5}
    └─ 422 ERR (1.6s) {"status": 422, "code": 18000, "message": "Validering feilet.", "link": "https://tripletex.no/v2-docs/", "developerMessage": "VALIDATION_ERROR", "validationMessages": [{"field": "employment.employmentDetails.maritimeEmployment.shipRegister,maritimeEmployment.shipRegister", "message": "Må velges.", "path": null, "rootId": null}, {"field": "employment.employmentDetails.maritimeEmployment.shipType,maritimeEmployment.shipType", "message": "Må velges.", "path": null, "rootId": null}, {"field": "remunerationType", "message": "Avlønningstype er ugyldig.", "path": null, "rootId": null}, {"field": "employment.employmentDetails.maritimeEmployment.tradeArea,maritimeEmployment.tradeArea", "message": "Må velges.", "path": null, "rootId": null}], "requestId": "59102afe-9b0e-4501-9f2b-900c50d188e8", "_status_code": 422}
    │  [auto-fix] employment details POST error — checking existing for employment 2888770
    ┌─ API GET /employee/employment/details
    │  params: {"employmentId": "2888770"}
    └─ 200 OK (1.9s) [1 items]
    │  [auto-fix] found existing details id=3786103, switching to PUT
    ┌─ API PUT /employee/employment/details/3786103
    │  body:   {"id": 3786103, "version": 0, "employment": {"id": 2888770}, "date": "2026-01-01", "employmentType": 1, "employmentForm": 2, "remunerationType": 2, "workingHoursScheme": 1, "shiftDurationHours": 0.0, "percentageOfFullTimeEquivalent": 80.0, "annualSalary": 790000}
    └─ 422 ERR (2.2s) {"status": 422, "code": 18000, "message": "Validering feilet.", "link": "https://tripletex.no/v2-docs/", "developerMessage": "VALIDATION_ERROR", "validationMessages": [{"field": "employment.employmentDetails.maritimeEmployment.shipType,maritimeEmployment.shipType", "message": "Må velges.", "path": null, "rootId": null}, {"field": "employment.employmentDetails.maritimeEmployment.shipRegister,maritimeEmployment.shipRegister", "message": "Må velges.", "path": null, "rootId": null}, {"field": "shiftDurationHours", "message": "Ugyldig verdi. Gyldig verdi er: 35,5 til 35,5.", "path": null, "rootId": null}, {"field": "employment.employmentDetails.maritimeEmployment.tradeArea,maritimeEmployment.tradeArea", "message": "Må velges.", "path": null, "rootId": null}, {"field": "remunerationType", "message": "Avlønningstype er ugyldig.", "path": null, "rootId": null}], "requestId": "624d4b02-f41a-4676-a0b5-02fb76a28c4d", "_status_code": 422}
    │  [auto-fix] POST→PUT switch failed: 422
    │  response: {"status": 422, "code": 18000, "message": "Validering feilet.", "link": "https://tripletex.no/v2-docs/", "developerMessage": "VALIDATION_ERROR", "validationMessages": [{"field": "employment.employmentDetails.maritimeEmployment.shipRegister,maritimeEmployment.shipRegister", "message": "Må velges.", "path": null, "rootId": null}, {"field": "employment.employmentDetails.maritimeEmployment.shipType,maritimeEmployment.shipType", "message": "Må velges.", "path": null, "rootId": null}, {"field": "remunerationType", "message": "Avlønningstype er ugyldig.", "path": null, "rootId": null}, {"field": "employment.employmentDetails.maritimeEmployment.tradeArea,maritimeEmployment.tradeArea", "message": "Må velges.", "path": null, "rootId": null}], "requestId": "59102afe-9b0e-4501-9f2b-900c50d188e8", "_status_code": 422}
  Iteration 11 took 7.4s

──────────────────────────────────────────────────
  ITERATION 12/25
──────────────────────────────────────────────────
  Tokens: prompt=23356 completion=96 total_session=260155
  GPT says: The remuneration type continues to cause an error. I will exclude the remuneration type and make another attempt.
  Messages: 25 (83,866 chars)
  Tool calls (1):
    [1] tripletex_api({"method":"POST","path":"/employee/employment/details","body":{"employment":{"id":2888770},"date":"2026-08-10","employmentType":1,"employmentForm":2,"workingHoursScheme":1,"percentageOfFullTimeEquivalent":80.0,"annualSalary":790000}})
    │  [fix] employment details: set remunerationType=2 (MONTHLY_PAY)
    │  [fix] employment details: added shiftDurationHours=35.5
    ┌─ API POST /employee/employment/details
    │  body:   {"employment": {"id": 2888770}, "date": "2026-08-10", "employmentType": 1, "employmentForm": 2, "workingHoursScheme": 1, "percentageOfFullTimeEquivalent": 80.0, "annualSalary": 790000, "remunerationType": 2, "shiftDurationHours": 35.5}
    └─ 422 ERR (2.7s) {"status": 422, "code": 18000, "message": "Validering feilet.", "link": "https://tripletex.no/v2-docs/", "developerMessage": "VALIDATION_ERROR", "validationMessages": [{"field": "remunerationType", "message": "Avlønningstype er ugyldig.", "path": null, "rootId": null}, {"field": "employment.employmentDetails.maritimeEmployment.shipRegister,maritimeEmployment.shipRegister", "message": "Må velges.", "path": null, "rootId": null}, {"field": "employment.employmentDetails.maritimeEmployment.tradeArea,maritimeEmployment.tradeArea", "message": "Må velges.", "path": null, "rootId": null}, {"field": "employment.employmentDetails.maritimeEmployment.shipType,maritimeEmployment.shipType", "message": "Må velges.", "path": null, "rootId": null}], "requestId": "8a7369c5-c5b6-4acb-a922-11f7025fee84", "_status_code": 422}
    │  [auto-fix] employment details POST error — checking existing for employment 2888770
    ┌─ API GET /employee/employment/details
    │  params: {"employmentId": "2888770"}
    └─ 200 OK (1.8s) [1 items]
    │  [auto-fix] found existing details id=3786103, switching to PUT
    ┌─ API PUT /employee/employment/details/3786103
    │  body:   {"id": 3786103, "version": 0, "employment": {"id": 2888770}, "date": "2026-01-01", "employmentType": 1, "employmentForm": 2, "remunerationType": 2, "workingHoursScheme": 1, "shiftDurationHours": 0.0, "percentageOfFullTimeEquivalent": 80.0, "annualSalary": 790000}
    └─ 422 ERR (1.5s) {"status": 422, "code": 18000, "message": "Validering feilet.", "link": "https://tripletex.no/v2-docs/", "developerMessage": "VALIDATION_ERROR", "validationMessages": [{"field": "employment.employmentDetails.maritimeEmployment.shipType,maritimeEmployment.shipType", "message": "Må velges.", "path": null, "rootId": null}, {"field": "employment.employmentDetails.maritimeEmployment.shipRegister,maritimeEmployment.shipRegister", "message": "Må velges.", "path": null, "rootId": null}, {"field": "shiftDurationHours", "message": "Ugyldig verdi. Gyldig verdi er: 35,5 til 35,5.", "path": null, "rootId": null}, {"field": "employment.employmentDetails.maritimeEmployment.tradeArea,maritimeEmployment.tradeArea", "message": "Må velges.", "path": null, "rootId": null}, {"field": "remunerationType", "message": "Avlønningstype er ugyldig.", "path": null, "rootId": null}], "requestId": "bfd5d227-a237-4feb-93e2-4eada1358dbe", "_status_code": 422}
    │  [auto-fix] POST→PUT switch failed: 422
    │  response: {"status": 422, "code": 18000, "message": "Validering feilet.", "link": "https://tripletex.no/v2-docs/", "developerMessage": "VALIDATION_ERROR", "validationMessages": [{"field": "remunerationType", "message": "Avlønningstype er ugyldig.", "path": null, "rootId": null}, {"field": "employment.employmentDetails.maritimeEmployment.shipRegister,maritimeEmployment.shipRegister", "message": "Må velges.", "path": null, "rootId": null}, {"field": "employment.employmentDetails.maritimeEmployment.tradeArea,maritimeEmployment.tradeArea", "message": "Må velges.", "path": null, "rootId": null}, {"field": "employment.employmentDetails.maritimeEmployment.shipType,maritimeEmployment.shipType", "message": "Må velges.", "path": null, "rootId": null}], "requestId": "8a7369c5-c5b6-4acb-a922-11f7025fee84", "_status_code": 422}
  Iteration 12 took 8.5s

──────────────────────────────────────────────────
  ITERATION 13/25
──────────────────────────────────────────────────
  Tokens: prompt=23706 completion=113 total_session=283974
  GPT says: I will exclude some problematic fields related to maritime employment and retry setting the employment details once more with minimal required fields.
  Messages: 27 (84,832 chars)
  Tool calls (1):
    [1] tripletex_api({"method":"PUT","path":"/employee/employment/details/3786103","body":{"id":3786103,"version":0,"employment":{"id":2888770},"date":"2026-08-10","employmentType":1,"employmentForm":2,"workingHoursScheme":1,"percentageOfFullTimeEquivalent":80.0,"annualSalary":790000}})
    ┌─ API GET /employee/employment/details/3786103
    └─ 200 OK (2.0s) id=3786103
    │  [fix] employment details: preserving existing date=2026-01-01 (agent sent 2026-08-10)
    │  [fix] employment details: removed shiftDurationHours (existing=0)
    ┌─ API PUT /employee/employment/details/3786103
    │  body:   {"id": 3786103, "version": 0, "employment": {"id": 2888770}, "date": "2026-01-01", "employmentType": 1, "employmentForm": 2, "workingHoursScheme": 1, "percentageOfFullTimeEquivalent": 80.0, "annualSalary": 790000}
    └─ 422 ERR (3.0s) {"status": 422, "code": 18000, "message": "Validering feilet.", "link": "https://tripletex.no/v2-docs/", "developerMessage": "VALIDATION_ERROR", "validationMessages": [{"field": "employment.employmentDetails.maritimeEmployment.shipType,maritimeEmployment.shipType", "message": "Må velges.", "path": null, "rootId": null}, {"field": "employment.employmentDetails.maritimeEmployment.shipRegister,maritimeEmployment.shipRegister", "message": "Må velges.", "path": null, "rootId": null}, {"field": "shiftDurationHours", "message": "Ugyldig verdi. Gyldig verdi er: 35,5 til 35,5.", "path": null, "rootId": null}, {"field": "employment.employmentDetails.maritimeEmployment.tradeArea,maritimeEmployment.tradeArea", "message": "Må velges.", "path": null, "rootId": null}], "requestId": "916a2c3a-a02f-434a-8334-e1bea1968ce9", "_status_code": 422}
    │  [auto-fix] employment details error — fetching existing 3786103
    ┌─ API GET /employee/employment/details/3786103
    └─ 200 OK (2.2s) id=3786103
    │  [auto-fix] no maritime data — keeping employmentType=0
    │  [auto-fix] retrying PUT with merged base body
    ┌─ API PUT /employee/employment/details/3786103
    │  body:   {"id": 3786103, "version": 0, "employment": {"id": 2888770, "url": "kkpqfuj-amager.tripletex.dev/v2/employee/employment/2888770"}, "date": "2026-01-01", "employmentType": 0, "employmentForm": 2, "remunerationType": 0, "workingHoursScheme": 0, "shiftDurationHours": 35.5, "occupationCode": null, "percentageOfFullTimeEquivalent": 80.0, "annualSalary": 790000, "payrollTaxMunicipalityId": null}
    └─ 200 OK (2.9s) id=3786103
    │  [auto-fix] employment details retry succeeded!
    │  response: {"value": {"id": 3786103, "version": 1, "url": "kkpqfuj-amager.tripletex.dev/v2/employee/employment/details/3786103", "employment": {"id": 2888770, "url": "kkpqfuj-amager.tripletex.dev/v2/employee/employment/2888770"}, "date": "2026-01-01", "employmentType": "ORDINARY", "employmentForm": "PERMANENT_AND_HIRED_OUT", "remunerationType": "MONTHLY_WAGE", "workingHoursScheme": "NOT_SHIFT", "shiftDurationHours": 35.5, "occupationCode": null, "percentageOfFullTimeEquivalent": 80.0, "annualSalary": 790000, "hourlyWage": 185.0, "payrollTaxMunicipalityId": null, "monthlySalary": 65833.33}}
  Iteration 13 took 12.1s

──────────────────────────────────────────────────
  ITERATION 14/25
──────────────────────────────────────────────────
  Tokens: prompt=24032 completion=52 total_session=308058
  Messages: 29 (85,417 chars)
  Tool calls (1):
    [1] tripletex_api({"method":"POST","path":"/employee/standardTime","body":{"employee":{"id":18778924},"hoursPerDay":6.0,"fromDate":"2026-03-22"}})
    ┌─ API POST /employee/standardTime
    │  body:   {"employee": {"id": 18778924}, "hoursPerDay": 6.0, "fromDate": "2026-03-22"}
    └─ 201 OK (2.5s) id=45327
    │  response: {"value": {"id": 45327, "version": 0, "url": "kkpqfuj-amager.tripletex.dev/v2/employee/standardTime/45327", "employee": {"id": 18778924, "url": "kkpqfuj-amager.tripletex.dev/v2/employee/18778924"}, "fromDate": "2026-03-22", "hoursPerDay": 6.0}}
  Iteration 14 took 3.8s

──────────────────────────────────────────────────
  ITERATION 15/25
──────────────────────────────────────────────────
  Tokens: prompt=24191 completion=9 total_session=332258
  Messages: 31 (85,661 chars)
  Tool calls (1):
    [1] done()

  ⏳ Verifying task completion (203s remaining)...
  📋 Verification prompt (5645 chars):
    │ TASK: You received an offer letter (see attached PDF) for a new employee. Complete the onboarding: create the employee, assign the correct department, set up employment details with percentage and annual salary, and configure standard working hours.
    │ 
    │ TASK TYPE: Employee onboarding / offer letter.
    │ Check these SPECIFIC things:
    │ - Employee created/renamed with correct name from the PDF?
    │ - Department assigned correctly (PUT /employee with department.id)?
    │ - Employment details configured (percentage, annual salary, occupation code)?
    │ - Standard work hours configured if task mentions it?
    │ Do NOT require salary transaction for onboarding tasks — they only need employment setup.
    │ 
    │ ACTION LOG (chronological):
    │ CALL: tripletex_api({"method":"POST","path":"/employee"})
    │ status=400
    │ CALL: tripletex_api({"method":"POST","path":"/employee"})
    │ status=400
    │ CALL: tripletex_api({"method":"POST","path":"/employee","body":{"firstName":"Alice","lastName":"Taylor","email":"alice.taylor@example.com"}})
    │ status=400
    │ CALL: tripletex_api({"method":"POST","path":"/employee","body":{"firstName":"Alice","lastName":"Taylor","email":"alice.taylor@example.com","dateOfBirth":"1994-11-01"}})
    │ status=201 id=18778924
    │ CALL: tripletex_api({"method":"GET","path":"/department"})
    │ status=ok
    │ CALL: tripletex_api({"method":"POST","path":"/department","body":{"name":"Salg","departmentNumber":"2"}})
    │ status=ok id=1015440 name=Salg
    │ CALL: tripletex_api({"method":"PUT","path":"/employee/18778924","body":{"id":18778924,"version":2,"firstName":"Alice","lastName":"Taylor","dateOfBirth":"1994-11-01","department":{"id":1015440}}})
    │ status=ok id=18778924
    │ CALL: tripletex_api({"method":"GET","path":"/employee/employment?employeeId=18778924&fields=*"})
    │ status=ok
    │ CALL: tripletex_api({"method":"POST","path":"/employee/employment/details","body":{"employment":{"id":2888770},"date":"2026-08-10","employmentType":1,"employmentForm":2,"remunerationType":2,"workingHoursScheme":1,"percentageOfFullTimeEquivalent":80.0,"annualSalary":790000}})
    │ status=422
    │ CALL: tripletex_api({"method":"POST","path":"/employee/employment/details","body":{"employment":{"id":2888770},"date":"2026-08-10","employmentType":1,"employmentForm":2,"workingHoursScheme":1,"percentageOfFullTimeEquivalent":80.0,"annualSalary":790000}})
    │ status=422
    │ CALL: tripletex_api({"method":"POST","path":"/employee/employment/details","body":{"employment":{"id":2888770},"date":"2026-08-10","employmentType":1,"remunerationType":2,"employmentForm":2,"workingHoursScheme":1,"percentageOfFullTimeEquivalent":80.0,"annualSalary":790000}})
    │ status=422
    │ CALL: tripletex_api({"method":"POST","path":"/employee/employment/details","body":{"employment":{"id":2888770},"date":"2026-08-10","employmentType":1,"employmentForm":2,"workingHoursScheme":1,"percentageOfFullTimeEquivalent":80.0,"annualSalary":790000}})
    │ status=422
    │ CALL: tripletex_api({"method":"PUT","path":"/employee/employment/details/3786103","body":{"id":3786103,"version":0,"employment":{"id":2888770},"date":"2026-08-10","employmentType":1,"employmentForm":2,"workingHoursScheme":1,"percentageOfFullTimeEquivalent":80.0,"annualSalary":790000}})
    │ status=ok id=3786103
    │ CALL: tripletex_api({"method":"POST","path":"/employee/standardTime","body":{"employee":{"id":18778924},"hoursPerDay":6.0,"fromDate":"2026-03-22"}})
    │ status=ok id=45327
    │ CALL: done({})
    │ 
    │ You are an accounting verification agent. Based ONLY on the action log above, check:
    │ 1. MATH: All amounts, percentages, VAT calculations correct? (e.g. if task says 50% of 274950, invoice total incl VAT must be 137475)
    │ 2. COMPLETENESS: Were all steps in the task done? Look at the CALL entries — if the action log shows the step was performed with status=ok, it WAS done. Do NOT say a step is missing if you can see it in the log!
    │ IMPORTANT: 'Fakturer'/'Invoice' just means create an invoice — do NOT require sending unless the task explicitly says send/sende/enviar/envoyer/senden!
    │ 3. DATA: Names, org numbers, dates match the task?
    │ 4. AMOUNTS: If any created entity shows amount=0 or totalAmount=0 in the response, that is WRONG — the postings failed silently. For supplier invoices: amount=0 with amountExcludingVat=0 means postings were MISSING or malformed.
    │ 5. BUDGET vs INVOICE: NEVER flag a mismatch between project budget and invoice total. For fixed-price projects the invoice excl. VAT matches the fixedprice — this is CORRECT. For other projects, invoice is based on actual work/costs. Either way, do NOT fail on budget vs invoice differences.
    │ 6. PAYMENT AMOUNTS: Invoice payments and reversals use the FULL amount INCLUDING VAT, not excl. VAT. If the task says 'X NOK excl. VAT', the correct payment/reversal amount is X × 1.25 (Norwegian 25% VAT). Do NOT flag a mismatch between excl. VAT amounts in the task and incl. VAT payment amounts.
    │ 7. VAT BREAKDOWN: If the total invoice amount matches the expected sum, do NOT fail on 'VAT breakdown not reflected' or similar vague VAT concerns. Only fail if a specific line item has the WRONG VAT rate applied.
    │ 
    │ CRITICAL: Be CONSERVATIVE. When in doubt, say PASS.
    │ Only say FAIL for CLEAR, OBJECTIVE, SPECIFIC errors (wrong math, completely missing step, wrong name).
    │ Do NOT say FAIL for: vague concerns, 'might be wrong', uncertain issues, minor stylistic differences, or steps you cannot confirm from the log (absence of evidence is NOT evidence of absence).
    │ A false FAIL causes MORE damage than a missed error. When uncertain, ALWAYS say PASS.
    │ If the action log shows all main steps completed with status=ok, say PASS.
    │ 
    │ Reply ONLY with either:
    │ - 'PASS' if everything looks correct or you are unsure
    │ - 'FAIL: <specific issue>' ONLY if there is an obvious, objective error
  🔍 Verification (1452 tokens): PASS

  ✓ DONE — 15 iterations, 332258 tokens, 87.4s

======================================================================
  TASK COMPLETE — total 88.0s
======================================================================

