
======================================================================
  NEW TASK RECEIVED
  Version: 6906e87
======================================================================
  Prompt: Nous avons besoin de la depense Skrivebordlampe de ce recu enregistree au departement Kvalitetskontroll. Utilisez le bon compte de charges et assurez le traitement correct de la TVA.
  Files:  1
  URL:    https://tx-proxy-jwanbnu3pq-lz.a.run.app/v2
    - files/kvittering_fr_05.pdf (application/pdf)
──────────────────────────────────────────────────────────────────────
  [pre] Pre-scans completed in 0.0s
    [file] Extracted 222 chars from PDF: files/kvittering_fr_05.pdf

──────────────────────────────────────────────────
  ITERATION 1/25
──────────────────────────────────────────────────
  [github] Log pushed: 20260322_110840_8289_reverse_ok_4iter_el_pago_de.log (attempt 1)
  Tokens: prompt=20199 completion=28 total_session=20227
  Messages: 3 (75,158 chars)
  Tool calls (1):
    [1] tripletex_api({"method":"GET","path":"/ledger/account?fields=id,number,name"})
    │  [fix] extracted query params from path: {'fields': 'id,number,name'}
    ┌─ API GET /ledger/account
    │  params: {"fields": "id,number,name"}
    └─ 200 OK (2.0s) [529 items]
    │  [trim] condensed 529 items → key fields (40095 chars)
    │  response: {"fullResultSize": 529, "from": 0, "count": 529, "versionDigest": "'If-None-Match' header not specified", "values": [{"name": "Forskning og utvikling, ervervet", "id": 499883336, "number": 1000}, {"name": "Forskning og utvikling, egenutviklet", "id": 499883337, "number": 1005}, {"name": "Konsesjoner, ervervet", "id": 499883338, "number": 1020}, {"name": "Konsesjoner, egenutviklet", "id": 499883339, "number": 1025}, {"name": "Patenter, ervervet", "id": 499883340, "number": 1030}, {"name": "Patenter, egenutviklet", "id": 499883341, "number": 1035}, {"name": "Lisenser, ervervet", "id": 499883342, "number": 1040}, {"name": "Lisenser, egenutviklet", "id": 499883343, "number": 1045}, {"name": "Varemerker, ervervet", "id": 499883344, "number": 1050}, {"name": "Varemerker, egenutviklet", "id": 499883345, "number": 1055}, {"name": "Andre rettigheter, ervervet", "id": 499883346, "number": 1060}, {"name": "Andre rettigherer, egenutviklet", "id": 499883347, "number": 1065}, {"name": "Utsatt skattefordel", "id": 499883348, "number": 1070}, {"name": "Goodwill, ervervet", "id": 499883349, "number": 1080}, {"name": "Forretningsbygg", "id": 499883350, "number": 1100}, {"name": "Elektroteknisk utrustning i kraftforetak", "id": 499883351, "number": 1117}, {"name": "Bygningsmessig anlegg", "id": 499883352, "number": 1120}, {"name": "Anlegg under utførelse", "id": 499883353, "number": 1130}, {"name": "Jordbrukseiendommer", "id": 499883354, "number": 1140}, {"name": "Skogbrukseiendommer", "id": 49…
  Iteration 1 took 6.9s

──────────────────────────────────────────────────
  ITERATION 2/25
──────────────────────────────────────────────────
  Tokens: prompt=22153 completion=219 total_session=42599
  GPT says: To register the expense for the Skrivebordlampe purchased, we need to find the correct expense account and record the transaction, ensuring the VAT is properly accounted for. For this type of purchase, the "Inventar" account (Account No. 1250) seems appropriate.

I'll proceed by posting the expense to this account, ensuring VAT is calculated correctly from the purchase amount including VAT, which is 10,000 NOK, with VAT at 25%. The VAT is already included in the total from the receipt, so we can
  Messages: 5 (80,888 chars)
  Tool calls (1):
    [1] tripletex_api({"method":"GET","path":"/department?name=Kvalitetskontroll"})
    │  [fix] extracted query params from path: {'name': 'Kvalitetskontroll'}
    ┌─ API GET /department
    │  params: {"name": "Kvalitetskontroll"}
    └─ 200 OK (1.7s) [1 items]
    │  response: {"fullResultSize": 1, "from": 0, "count": 1, "versionDigest": "'If-None-Match' header not specified", "values": [{"id": 1020794, "version": 0, "url": "kkpqfuj-amager.tripletex.dev/v2/department/1020794", "name": "Kvalitetskontroll", "departmentNumber": "", "departmentManager": null, "displayName": "Kvalitetskontroll", "isInactive": false, "businessActivityTypeId": 0}]}
  Iteration 2 took 5.0s

──────────────────────────────────────────────────
  ITERATION 3/25
──────────────────────────────────────────────────
  Tokens: prompt=22510 completion=23 total_session=65132
  Messages: 7 (81,259 chars)
  Tool calls (1):
    [1] tripletex_api({"method":"POST","path":"/ledger/voucher"})
    │  [fix] blocked POST without body: /ledger/voucher
  Iteration 3 took 3.3s

──────────────────────────────────────────────────
  ITERATION 4/25
──────────────────────────────────────────────────
  Tokens: prompt=22603 completion=148 total_session=87883
  Messages: 9 (81,481 chars)
  Tool calls (1):
    [1] tripletex_api({"method":"POST","path":"/ledger/voucher","body":{"date":"2026-03-22","description":"Purchase of Skrivebordlampe from Clas Ohlson","postings":[{"row":1,"date":"2026-03-22","amountGross":10000,"amountGrossCurrency":10000,"account":{"id":499883374},"vatType":{"id":0},"department":{"id":1020794}},{"row":2,"date":"2026-03-22","amountGross":-10000,"amountGrossCurrency":-10000,"account":{"id":499883395},"vatType":{"id":0}}]}})
    ┌─ API POST /ledger/voucher
    │  body:   {"date": "2026-03-22", "description": "Purchase of Skrivebordlampe from Clas Ohlson", "postings": [{"row": 1, "date": "2026-03-22", "amountGross": 10000, "amountGrossCurrency": 10000, "account": {"id": 499883374}, "vatType": {"id": 0}, "department": {"id": 1020794}}, {"row": 2, "date": "2026-03-22", "amountGross": -10000, "amountGrossCurrency": -10000, "account": {"id": 499883395}, "vatType": {"id": 0}}]}
    └─ 201 OK (3.5s) id=609412562
    │  response: {"value": {"id": 609412562, "version": 5, "url": "kkpqfuj-amager.tripletex.dev/v2/ledger/voucher/609412562", "date": "2026-03-22", "number": 1, "tempNumber": 0, "year": 2026, "description": "Purchase of Skrivebordlampe from Clas Ohlson", "voucherType": null, "reverseVoucher": null, "postings": [{"id": 3846493241, "version": 1, "url": "kkpqfuj-amager.tripletex.dev/v2/ledger/posting/3846493241", "voucher": {"id": 609412562, "url": "kkpqfuj-amager.tripletex.dev/v2/ledger/voucher/609412562"}, "date": "2026-03-22", "description": "Purchase of Skrivebordlampe from Clas Ohlson", "account": {"id": 499883374, "url": "kkpqfuj-amager.tripletex.dev/v2/ledger/account/499883374"}, "amortizationAccount": null, "amortizationStartDate": null, "amortizationEndDate": null, "customer": null, "supplier": null, "employee": null, "project": null, "product": null, "department": {"id": 1020794, "url": "kkpqfuj-amager.tripletex.dev/v2/department/1020794"}, "vatType": {"id": 0, "url": "kkpqfuj-amager.tripletex.dev/v2/ledger/vatType/0"}, "amount": 10000.0, "amountCurrency": 10000.0, "amountGross": 10000, "amountGrossCurrency": 10000, "currency": {"id": 1, "url": "kkpqfuj-amager.tripletex.dev/v2/currency/1"}, "closeGroup": null, "invoiceNumber": "", "termOfPayment": null, "row": 1, "type": null, "externalRef": "", "systemGenerated": false, "taxTransactionType": "(Ikke valgt)", "taxTransactionTypeId": 0, "matched": false, "quantityAmount1": 0, "quantityType1": null, "quantityAmount2": 0, "quantityType2": …
  Iteration 4 took 8.1s

──────────────────────────────────────────────────
  ITERATION 5/25
──────────────────────────────────────────────────
  Tokens: prompt=23838 completion=9 total_session=111730
  Messages: 11 (84,712 chars)
  Tool calls (1):
    [1] done()

  ⏳ Verifying task completion (216s remaining)...
  📋 Verification prompt (3160 chars):
    │ TASK: Nous avons besoin de la depense Skrivebordlampe de ce recu enregistree au departement Kvalitetskontroll. Utilisez le bon compte de charges et assurez le traitement correct de la TVA.
    │ 
    │ 
    │ ACTION LOG (chronological):
    │ CALL: tripletex_api({"method":"GET","path":"/ledger/account?fields=id,number,name"})
    │ CALL: tripletex_api({"method":"GET","path":"/department?name=Kvalitetskontroll"})
    │ status=ok
    │ CALL: tripletex_api({"method":"POST","path":"/ledger/voucher"})
    │ status=400
    │ CALL: tripletex_api({"method":"POST","path":"/ledger/voucher","body":{"date":"2026-03-22","description":"Purchase of Skrivebordlampe from Clas Ohlson","postings":[{"row":1,"date":"2026-03-22","amountGross":10000,"amountGrossCurrency":10000,"account":{"id":499883374},"vatType":{"id":0},"department":{"id":1020794}},{"row)
    │ status=ok id=609412562
    │ CALL: done({})
    │ 
    │ You are an accounting verification agent. Based ONLY on the action log above, check:
    │ 1. MATH: All amounts, percentages, VAT calculations correct? (e.g. if task says 50% of 274950, invoice total incl VAT must be 137475)
    │ 2. COMPLETENESS: Were all steps in the task done? Look at the CALL entries — if the action log shows the step was performed with status=ok, it WAS done. Do NOT say a step is missing if you can see it in the log!
    │ IMPORTANT: 'Fakturer'/'Invoice' just means create an invoice — do NOT require sending unless the task explicitly says send/sende/enviar/envoyer/senden!
    │ 3. DATA: Names, org numbers, dates match the task?
    │ 4. AMOUNTS: If any created entity shows amount=0 or totalAmount=0 in the response, that is WRONG — the postings failed silently. For supplier invoices: amount=0 with amountExcludingVat=0 means postings were MISSING or malformed.
    │ 5. BUDGET vs INVOICE: NEVER flag a mismatch between project budget and invoice total. For fixed-price projects the invoice excl. VAT matches the fixedprice — this is CORRECT. For other projects, invoice is based on actual work/costs. Either way, do NOT fail on budget vs invoice differences.
    │ 6. PAYMENT AMOUNTS: Invoice payments and reversals use the FULL amount INCLUDING VAT, not excl. VAT. If the task says 'X NOK excl. VAT', the correct payment/reversal amount is X × 1.25 (Norwegian 25% VAT). Do NOT flag a mismatch between excl. VAT amounts in the task and incl. VAT payment amounts.
    │ 7. VAT BREAKDOWN: If the total invoice amount matches the expected sum, do NOT fail on 'VAT breakdown not reflected' or similar vague VAT concerns. Only fail if a specific line item has the WRONG VAT rate applied.
    │ 
    │ CRITICAL: Be CONSERVATIVE. When in doubt, say PASS.
    │ Only say FAIL for CLEAR, OBJECTIVE, SPECIFIC errors (wrong math, completely missing step, wrong name).
    │ Do NOT say FAIL for: vague concerns, 'might be wrong', uncertain issues, minor stylistic differences, or steps you cannot confirm from the log (absence of evidence is NOT evidence of absence).
    │ A false FAIL causes MORE damage than a missed error. When uncertain, ALWAYS say PASS.
    │ If the action log shows all main steps completed with status=ok, say PASS.
    │ 
    │ Reply ONLY with either:
    │ - 'PASS' if everything looks correct or you are unsure
    │ - 'FAIL: <specific issue>' ONLY if there is an obvious, objective error
  🔍 Verification (799 tokens): PASS

  ✓ DONE — 5 iterations, 111730 tokens, 24.1s

======================================================================
  TASK COMPLETE — total 24.5s
======================================================================

