
======================================================================
  NEW TASK RECEIVED
  Version: unknown
======================================================================
  Prompt: Crie três departamentos no Tripletex: "Kundeservice", "Innkjøp" e "Regnskap".
  Files:  0
  URL:    https://tx-proxy-jwanbnu3pq-lz.a.run.app/v2
──────────────────────────────────────────────────────────────────────

──────────────────────────────────────────────────
  ITERATION 1/25
──────────────────────────────────────────────────
  Tokens: prompt=14642 completion=21 total_session=14663
  Messages: 3 (54,808 chars)
  Tool calls (1):
    [1] tripletex_api({"method":"POST","path":"/department"})
    │  [fix] blocked POST without body: /department
  Iteration 1 took 1.2s

──────────────────────────────────────────────────
  ITERATION 2/25
──────────────────────────────────────────────────
  Tokens: prompt=14729 completion=34 total_session=29426
  Messages: 5 (55,022 chars)
  Tool calls (1):
    [1] tripletex_api({"method":"POST","path":"/department","body":{"name":"Kundeservice","departmentNumber":"1"}})
    ┌─ API POST /department
    │  body:   {"name": "Kundeservice", "departmentNumber": "1"}
    └─ 201 OK (2.1s) id=947831 name=Kundeservice
    │  response: {"value": {"id": 947831, "version": 0, "url": "kkpqfuj-amager.tripletex.dev/v2/department/947831", "name": "Kundeservice", "departmentNumber": "1", "departmentManager": null, "displayName": "1 Kundeservice", "isInactive": false, "businessActivityTypeId": 0}}
  Iteration 2 took 2.9s

──────────────────────────────────────────────────
  ITERATION 3/25
──────────────────────────────────────────────────
  Tokens: prompt=14857 completion=35 total_session=44318
  Messages: 7 (55,280 chars)
  Tool calls (1):
    [1] tripletex_api({"method":"POST","path":"/department","body":{"name":"Innkjøp","departmentNumber":"2"}})
    ┌─ API POST /department
    │  body:   {"name": "Innkjøp", "departmentNumber": "2"}
    └─ 201 OK (2.8s) id=947835 name=Innkjøp
    │  response: {"value": {"id": 947835, "version": 0, "url": "kkpqfuj-amager.tripletex.dev/v2/department/947835", "name": "Innkjøp", "departmentNumber": "2", "departmentManager": null, "displayName": "2 Innkjøp", "isInactive": false, "businessActivityTypeId": 0}}
  Iteration 3 took 3.5s

──────────────────────────────────────────────────
  ITERATION 4/25
──────────────────────────────────────────────────
  Tokens: prompt=14988 completion=33 total_session=59339
  Messages: 9 (55,528 chars)
  Tool calls (1):
    [1] tripletex_api({"method":"POST","path":"/department","body":{"name":"Regnskap","departmentNumber":"3"}})
    ┌─ API POST /department
    │  body:   {"name": "Regnskap", "departmentNumber": "3"}
    └─ 201 OK (2.6s) id=947842 name=Regnskap
    │  response: {"value": {"id": 947842, "version": 0, "url": "kkpqfuj-amager.tripletex.dev/v2/department/947842", "name": "Regnskap", "departmentNumber": "3", "departmentManager": null, "displayName": "3 Regnskap", "isInactive": false, "businessActivityTypeId": 0}}
  Iteration 4 took 3.7s

──────────────────────────────────────────────────
  ITERATION 5/25
──────────────────────────────────────────────────
  Tokens: prompt=15113 completion=9 total_session=74461
  Messages: 11 (55,778 chars)
  Tool calls (1):
    [1] done()

  ⏳ Verifying task completion (277s remaining)...
  📋 Verification prompt (3082 chars):
    │ TASK: Crie três departamentos no Tripletex: "Kundeservice", "Innkjøp" e "Regnskap".
    │ 
    │ TASK TYPE: Department creation.
    │ Check: all requested departments created with correct names and unique departmentNumbers.
    │ 
    │ ACTION LOG (chronological):
    │ CALL: tripletex_api({"method":"POST","path":"/department"})
    │ status=400
    │ CALL: tripletex_api({"method":"POST","path":"/department","body":{"name":"Kundeservice","departmentNumber":"1"}})
    │ status=ok id=947831 name=Kundeservice
    │ CALL: tripletex_api({"method":"POST","path":"/department","body":{"name":"Innkjøp","departmentNumber":"2"}})
    │ status=ok id=947835 name=Innkjøp
    │ CALL: tripletex_api({"method":"POST","path":"/department","body":{"name":"Regnskap","departmentNumber":"3"}})
    │ status=ok id=947842 name=Regnskap
    │ CALL: done({})
    │ 
    │ You are an accounting verification agent. Based ONLY on the action log above, check:
    │ 1. MATH: All amounts, percentages, VAT calculations correct? (e.g. if task says 50% of 274950, invoice total incl VAT must be 137475)
    │ 2. COMPLETENESS: Were all steps in the task done? Look at the CALL entries — if the action log shows the step was performed with status=ok, it WAS done. Do NOT say a step is missing if you can see it in the log!
    │ IMPORTANT: 'Fakturer'/'Invoice' just means create an invoice — do NOT require sending unless the task explicitly says send/sende/enviar/envoyer/senden!
    │ 3. DATA: Names, org numbers, dates match the task?
    │ 4. AMOUNTS: If any created entity shows amount=0 or totalAmount=0 in the response, that is WRONG — the postings failed silently. EXCEPTION: Supplier invoice (supplierInvoice) responses normally show amount=0 — this is OK.
    │ 5. BUDGET vs INVOICE: NEVER flag a mismatch between project budget and invoice total. For fixed-price projects the invoice excl. VAT matches the fixedprice — this is CORRECT. For other projects, invoice is based on actual work/costs. Either way, do NOT fail on budget vs invoice differences.
    │ 6. PAYMENT AMOUNTS: Invoice payments and reversals use the FULL amount INCLUDING VAT, not excl. VAT. If the task says 'X NOK excl. VAT', the correct payment/reversal amount is X × 1.25 (Norwegian 25% VAT). Do NOT flag a mismatch between excl. VAT amounts in the task and incl. VAT payment amounts.
    │ 7. VAT BREAKDOWN: If the total invoice amount matches the expected sum, do NOT fail on 'VAT breakdown not reflected' or similar vague VAT concerns. Only fail if a specific line item has the WRONG VAT rate applied.
    │ 
    │ CRITICAL: Be CONSERVATIVE. When in doubt, say PASS.
    │ Only say FAIL for CLEAR, OBJECTIVE, SPECIFIC errors (wrong math, completely missing step, wrong name).
    │ Do NOT say FAIL for: vague concerns, 'might be wrong', uncertain issues, minor stylistic differences, or steps you cannot confirm from the log (absence of evidence is NOT evidence of absence).
    │ A false FAIL causes MORE damage than a missed error. When uncertain, ALWAYS say PASS.
    │ If the action log shows all main steps completed with status=ok, say PASS.
    │ 
    │ Reply ONLY with either:
    │ - 'PASS' if everything looks correct or you are unsure
    │ - 'FAIL: <specific issue>' ONLY if there is an obvious, objective error
  🔍 Verification (761 tokens): PASS

  ✓ DONE — 5 iterations, 74461 tokens, 12.5s

======================================================================
  TASK COMPLETE — total 13.1s
======================================================================

