
======================================================================
  NEW TASK RECEIVED
  Version: 9b42bf7
======================================================================
  Prompt: Crea el producto "Café molido" con número de producto 6433. El precio es 38350 NOK sin IVA, utilizando la tasa de IVA para alimentos del 15 %.
  Files:  0
  URL:    https://tx-proxy-jwanbnu3pq-lz.a.run.app/v2
──────────────────────────────────────────────────────────────────────

──────────────────────────────────────────────────
  ITERATION 1/25
──────────────────────────────────────────────────
  Tokens: prompt=20000 completion=24 total_session=20024
  Messages: 3 (74,590 chars)
  Tool calls (1):
    [1] tripletex_api({"method":"GET","path":"/ledger/vatType"})
    ┌─ API GET /ledger/vatType
    └─ 200 OK (9.6s) [56 items]
    │  [trim] condensed 56 items → key fields (10092 chars)
    │  response: {"fullResultSize": 56, "from": 0, "count": 56, "versionDigest": "'If-None-Match' header not specified", "values": [{"displayName": "1: (25%) Fradrag inngående avgift, høy sats", "version": 0, "id": 1, "number": "1", "name": "Fradrag inngående avgift, høy sats"}, {"displayName": "UT-2: (100%) Direktepostert fradrag inngående avgift, høy sats (mva-kode utgikk 01.01.2017)", "version": 0, "id": 2, "number": "UT-2", "name": "Direktepostert fradrag inngående avgift, høy sats (mva-kode utgikk 01.01.2017)"}, {"displayName": "3: (25%) Utgående avgift, høy sats", "version": 0, "id": 3, "number": "3", "name": "Utgående avgift, høy sats"}, {"displayName": "4: (100%) Direktepostert utgående avgift, høy sats", "version": 0, "id": 4, "number": "4", "name": "Direktepostert utgående avgift, høy sats"}, {"displayName": "5: (0%) Ingen utgående avgift (innenfor mva-loven)", "version": 0, "id": 5, "number": "5", "name": "Ingen utgående avgift (innenfor mva-loven)"}, {"displayName": "6: (0%) Ingen utgående avgift (utenfor mva-loven)", "version": 0, "id": 6, "number": "6", "name": "Ingen utgående avgift (utenfor mva-loven)"}, {"displayName": "7: (0%) Ingen avgiftsbehandling (inntekter)", "version": 0, "id": 7, "number": "7", "name": "Ingen avgiftsbehandling (inntekter)"}, {"displayName": "11: (15%) Fradrag inngående avgift, middels sats", "version": 0, "id": 11, "number": "11", "name": "Fradrag inngående avgift, middels sats"}, {"displayName": "13: (12%) Fradrag inngående avgift, lav sats", "versio…
  Iteration 1 took 10.2s

──────────────────────────────────────────────────
  ITERATION 2/25
──────────────────────────────────────────────────
  Tokens: prompt=22941 completion=52 total_session=43017
  Messages: 5 (82,604 chars)
  Tool calls (1):
    [1] tripletex_api({"method":"POST","path":"/product","body":{"name":"Café molido","number":"6433","priceExcludingVatCurrency":38350,"vatType":{"id":31}}})
    ┌─ API POST /product
    │  body:   {"name": "Café molido", "number": "6433", "priceExcludingVatCurrency": 38350, "vatType": {"id": 31}}
    └─ 201 OK (10.8s) id=84437750 name=Café molido
    │  response: {"value": {"id": 84437750, "version": 0, "url": "kkpqfuj-amager.tripletex.dev/v2/product/84437750", "name": "Café molido", "number": "6433", "displayNumber": "6433", "description": "", "orderLineDescription": "", "costExcludingVatCurrency": 0, "costPrice": 0, "priceExcludingVatCurrency": 38350, "priceIncludingVatCurrency": 44102.5, "isInactive": false, "productUnit": null, "incomingStock": 0, "outgoingStock": 0, "vatType": {"id": 31, "url": "kkpqfuj-amager.tripletex.dev/v2/ledger/vatType/31"}, "currency": {"id": 1, "url": "kkpqfuj-amager.tripletex.dev/v2/currency/1"}, "department": null, "account": null, "supplier": null, "resaleProduct": null, "isDeletable": false, "hasSupplierProductConnected": false, "image": null, "displayName": "6433 Café molido", "mainSupplierProduct": null, "isRoundPriceIncVat": false, "priceInTargetCurrency": 0, "purchasePriceCurrency": 0}}
  Iteration 2 took 11.9s

──────────────────────────────────────────────────
  ITERATION 3/25
──────────────────────────────────────────────────
  Tokens: prompt=23294 completion=9 total_session=66320
  Messages: 7 (83,481 chars)
  Tool calls (1):
    [1] done()

  ⏳ Verifying task completion (267s remaining)...
  📋 Verification prompt (2848 chars):
    │ TASK: Crea el producto "Café molido" con número de producto 6433. El precio es 38350 NOK sin IVA, utilizando la tasa de IVA para alimentos del 15 %.
    │ 
    │ 
    │ ACTION LOG (chronological):
    │ CALL: tripletex_api({"method":"GET","path":"/ledger/vatType"})
    │ CALL: tripletex_api({"method":"POST","path":"/product","body":{"name":"Café molido","number":"6433","priceExcludingVatCurrency":38350,"vatType":{"id":31}}})
    │ status=ok id=84437750 name=Café molido priceExcludingVatCurrency=38350 priceIncludingVatCurrency=44102.5
    │ CALL: done({})
    │ 
    │ You are an accounting verification agent. Based ONLY on the action log above, check:
    │ 1. MATH: All amounts, percentages, VAT calculations correct? (e.g. if task says 50% of 274950, invoice total incl VAT must be 137475)
    │ 2. COMPLETENESS: Were all steps in the task done? Look at the CALL entries — if the action log shows the step was performed with status=ok, it WAS done. Do NOT say a step is missing if you can see it in the log!
    │ IMPORTANT: 'Fakturer'/'Invoice' just means create an invoice — do NOT require sending unless the task explicitly says send/sende/enviar/envoyer/senden!
    │ 3. DATA: Names, org numbers, dates match the task?
    │ 4. AMOUNTS: If any created entity shows amount=0 or totalAmount=0 in the response, that is WRONG — the postings failed silently. For supplier invoices: amount=0 with amountExcludingVat=0 means postings were MISSING or malformed.
    │ 5. BUDGET vs INVOICE: NEVER flag a mismatch between project budget and invoice total. For fixed-price projects the invoice excl. VAT matches the fixedprice — this is CORRECT. For other projects, invoice is based on actual work/costs. Either way, do NOT fail on budget vs invoice differences.
    │ 6. PAYMENT AMOUNTS: Invoice payments and reversals use the FULL amount INCLUDING VAT, not excl. VAT. If the task says 'X NOK excl. VAT', the correct payment/reversal amount is X × 1.25 (Norwegian 25% VAT). Do NOT flag a mismatch between excl. VAT amounts in the task and incl. VAT payment amounts.
    │ 7. VAT BREAKDOWN: If the total invoice amount matches the expected sum, do NOT fail on 'VAT breakdown not reflected' or similar vague VAT concerns. Only fail if a specific line item has the WRONG VAT rate applied.
    │ 
    │ CRITICAL: Be CONSERVATIVE. When in doubt, say PASS.
    │ Only say FAIL for CLEAR, OBJECTIVE, SPECIFIC errors (wrong math, completely missing step, wrong name).
    │ Do NOT say FAIL for: vague concerns, 'might be wrong', uncertain issues, minor stylistic differences, or steps you cannot confirm from the log (absence of evidence is NOT evidence of absence).
    │ A false FAIL causes MORE damage than a missed error. When uncertain, ALWAYS say PASS.
    │ If the action log shows all main steps completed with status=ok, say PASS.
    │ 
    │ Reply ONLY with either:
    │ - 'PASS' if everything looks correct or you are unsure
    │ - 'FAIL: <specific issue>' ONLY if there is an obvious, objective error
  🔍 Verification (706 tokens): PASS

  ✓ DONE — 3 iterations, 66320 tokens, 22.8s

======================================================================
  TASK COMPLETE — total 23.3s
======================================================================

