
======================================================================
  NEW TASK RECEIVED
  Version: unknown
======================================================================
  Prompt: Sie haben eine Lieferantenrechnung erhalten (siehe beigefugte PDF). Registrieren Sie die Rechnung in Tripletex. Erstellen Sie den Lieferanten, falls er nicht existiert. Verwenden Sie das richtige Aufwandskonto und die Vorsteuer.
  Files:  1
  URL:    https://tx-proxy-jwanbnu3pq-lz.a.run.app/v2
    - files/leverandorfaktura_de_07.pdf (application/pdf)
──────────────────────────────────────────────────────────────────────
  [pre] Invoice/credit/payment task detected — ensuring bank account...
    ┌─ API GET /invoice/settings
    └─ 200 OK (2.1s) id=747135
    ┌─ API GET /ledger/account
    │  params: {"isBankAccount": "true", "count": 10}
    └─ 200 OK (2.5s) [2 items]
  [bank] found account 1920 id=359388187 v=0
    ┌─ API PUT /ledger/account/359388187
    │  body:   {"id": 359388187, "version": 0, "number": 1920, "name": "Bankinnskudd", "bankAccountNumber": "15030100112"}
    └─ 200 OK (2.2s) id=359388187 name=Bankinnskudd
  [bank] bank account set OK
  [pre] Bank account setup: OK
    [file] Extracted 277 chars from PDF: files/leverandorfaktura_de_07.pdf

──────────────────────────────────────────────────
  ITERATION 1/25
──────────────────────────────────────────────────
  Tokens: prompt=14455 completion=21 total_session=14476
  Messages: 3 (54,026 chars)
  Tool calls (1):
    [1] tripletex_api({"method":"GET","path":"/supplier"})
    ┌─ API GET /supplier
    └─ 200 OK (2.4s) [0 items]
    │  response: {"fullResultSize": 0, "from": 0, "count": 0, "versionDigest": "'If-None-Match' header not specified", "values": []}
  Iteration 1 took 3.2s

──────────────────────────────────────────────────
  ITERATION 2/25
──────────────────────────────────────────────────
  Tokens: prompt=14526 completion=21 total_session=29023
  Messages: 5 (54,141 chars)
  Tool calls (1):
    [1] tripletex_api({"method":"POST","path":"/supplier"})
    │  [fix] blocked POST without body: /supplier
  Iteration 2 took 0.8s

──────────────────────────────────────────────────
  ITERATION 3/25
──────────────────────────────────────────────────
  Tokens: prompt=14613 completion=123 total_session=43759
  Messages: 7 (54,351 chars)
  Tool calls (1):
    [1] tripletex_api({"method":"POST","path":"/supplier","body":{"name":"Sonnental GmbH","organizationNumber":"972831409","email":"contact@sonnental.no","invoiceEmail":"contact@sonnental.no","overdueNoticeEmail":"contact@sonnental.no","physicalAddress":{"addressLine1":"Fjordveien 74","postalCode":"9008","city":"Tromsø"},"postalAddress":{"addressLine1":"Fjordveien 74","postalCode":"9008","city":"Tromsø"}}})
    ┌─ API POST /supplier
    │  body:   {"name": "Sonnental GmbH", "organizationNumber": "972831409", "email": "contact@sonnental.no", "invoiceEmail": "contact@sonnental.no", "overdueNoticeEmail": "contact@sonnental.no", "physicalAddress": {"addressLine1": "Fjordveien 74", "postalCode": "9008", "city": "Tromsø"}, "postalAddress": {"addressLine1": "Fjordveien 74", "postalCode": "9008", "city": "Tromsø"}}
    └─ 201 OK (2.1s) id=108382962 name=Sonnental GmbH
    │  response: {"value": {"id": 108382962, "version": 1, "url": "kkpqfuj-amager.tripletex.dev/v2/supplier/108382962", "name": "Sonnental GmbH", "organizationNumber": "972831409", "supplierNumber": 20001, "customerNumber": 0, "isSupplier": true, "isCustomer": false, "isInactive": false, "email": "contact@sonnental.no", "invoiceEmail": "contact@sonnental.no", "overdueNoticeEmail": "contact@sonnental.no", "phoneNumber": "", "phoneNumberMobile": "", "description": "", "isPrivateIndividual": false, "showProducts": false, "accountManager": null, "postalAddress": {"id": 405615245, "version": 0, "url": "kkpqfuj-amager.tripletex.dev/v2/address/405615245", "addressLine1": "Fjordveien 74", "addressLine2": "", "postalCode": "9008", "city": "Tromsø", "country": {"id": 161, "url": "kkpqfuj-amager.tripletex.dev/v2/country/161"}, "displayName": "Sonnental GmbH, Fjordveien 74, 9008 Tromsø, Norge", "addressAsString": "Fjordveien 74, 9008 Tromsø, Norge", "displayNameInklMatrikkel": "Sonnental GmbH, Fjordveien 74, 9008 Tromsø, Norge", "knr": 0, "gnr": 0, "bnr": 0, "fnr": 0, "snr": 0, "unitNumber": ""}, "physicalAddress": {"id": 405615244, "version": 0, "url": "kkpqfuj-amager.tripletex.dev/v2/address/405615244", "addressLine1": "Fjordveien 74", "addressLine2": "", "postalCode": "9008", "city": "Tromsø", "country": {"id": 161, "url": "kkpqfuj-amager.tripletex.dev/v2/country/161"}, "displayName": "Sonnental GmbH, Fjordveien 74, 9008 Tromsø, Norge", "addressAsString": "Fjordveien 74, 9008 Tromsø, Norge", "displayN…
  Iteration 3 took 4.4s

──────────────────────────────────────────────────
  ITERATION 4/25
──────────────────────────────────────────────────
  Tokens: prompt=15493 completion=24 total_session=59276
  Messages: 9 (56,400 chars)
  Tool calls (1):
    [1] tripletex_api({"method":"GET","path":"/ledger/vatType"})
    ┌─ API GET /ledger/vatType
    └─ 200 OK (1.9s) [56 items]
    │  response: {"fullResultSize": 56, "from": 0, "count": 56, "versionDigest": "'If-None-Match' header not specified", "values": [{"id": 1, "version": 0, "url": "kkpqfuj-amager.tripletex.dev/v2/ledger/vatType/1", "name": "Fradrag inngående avgift, høy sats", "number": "1", "displayName": "1: (25%) Fradrag inngående avgift, høy sats", "percentage": 25, "deductionPercentage": 100.0, "parentType": {"id": 0, "url": "kkpqfuj-amager.tripletex.dev/v2/ledger/vatType/0"}}, {"id": 2, "version": 0, "url": "kkpqfuj-amager.tripletex.dev/v2/ledger/vatType/2", "name": "Direktepostert fradrag inngående avgift, høy sats (mva-kode utgikk 01.01.2017)", "number": "UT-2", "displayName": "UT-2: (100%) Direktepostert fradrag inngående avgift, høy sats (mva-kode utgikk 01.01.2017)", "percentage": 100.0, "deductionPercentage": 100.0, "parentType": {"id": 0, "url": "kkpqfuj-amager.tripletex.dev/v2/ledger/vatType/0"}}, {"id": 3, "version": 0, "url": "kkpqfuj-amager.tripletex.dev/v2/ledger/vatType/3", "name": "Utgående avgift, høy sats", "number": "3", "displayName": "3: (25%) Utgående avgift, høy sats", "percentage": 25, "deductionPercentage": 100.0, "parentType": {"id": 0, "url": "kkpqfuj-amager.tripletex.dev/v2/ledger/vatType/0"}}, {"id": 4, "version": 0, "url": "kkpqfuj-amager.tripletex.dev/v2/ledger/vatType/4", "name": "Direktepostert utgående avgift, høy sats", "number": "4", "displayName": "4: (100%) Direktepostert utgående avgift, høy sats", "percentage": 100.0, "deductionPercentage": 100.0, "parentType": {"id…
  Iteration 4 took 2.9s

──────────────────────────────────────────────────
  ITERATION 5/25
──────────────────────────────────────────────────
  Tokens: prompt=18524 completion=29 total_session=77829
  Messages: 11 (64,414 chars)
  Tool calls (1):
    [1] tripletex_api({"method":"GET","path":"/ledger/account","params":{"number":"6300"}})
    ┌─ API GET /ledger/account
    │  params: {"number": "6300"}
    └─ 200 OK (1.9s) [1 items]
    │  response: {"fullResultSize": 1, "from": 0, "count": 1, "versionDigest": "'If-None-Match' header not specified", "values": [{"id": 359388442, "version": 0, "url": "kkpqfuj-amager.tripletex.dev/v2/ledger/account/359388442", "number": 6300, "numberPretty": "6300", "name": "Leie lokale", "description": "", "type": "OPERATING_EXPENSES", "legalVatTypes": [{"id": 0, "url": "kkpqfuj-amager.tripletex.dev/v2/ledger/vatType/0"}, {"id": 1, "url": "kkpqfuj-amager.tripletex.dev/v2/ledger/vatType/1"}, {"id": 11, "url": "kkpqfuj-amager.tripletex.dev/v2/ledger/vatType/11"}, {"id": 12, "url": "kkpqfuj-amager.tripletex.dev/v2/ledger/vatType/12"}, {"id": 230, "url": "kkpqfuj-amager.tripletex.dev/v2/ledger/vatType/230"}, {"id": 13, "url": "kkpqfuj-amager.tripletex.dev/v2/ledger/vatType/13"}, {"id": 14, "url": "kkpqfuj-amager.tripletex.dev/v2/ledger/vatType/14"}, {"id": 34, "url": "kkpqfuj-amager.tripletex.dev/v2/ledger/vatType/34"}, {"id": 35, "url": "kkpqfuj-amager.tripletex.dev/v2/ledger/vatType/35"}, {"id": 559, "url": "kkpqfuj-amager.tripletex.dev/v2/ledger/vatType/559"}, {"id": 550, "url": "kkpqfuj-amager.tripletex.dev/v2/ledger/vatType/550"}, {"id": 551, "url": "kkpqfuj-amager.tripletex.dev/v2/ledger/vatType/551"}, {"id": 553, "url": "kkpqfuj-amager.tripletex.dev/v2/ledger/vatType/553"}, {"id": 560, "url": "kkpqfuj-amager.tripletex.dev/v2/ledger/vatType/560"}], "ledgerType": "GENERAL", "balanceGroup": "Ikke i en saldogruppe.", "vatType": {"id": 0, "url": "kkpqfuj-amager.tripletex.dev/v2/ledger/vatTyp…
  Iteration 5 took 3.1s

──────────────────────────────────────────────────
  ITERATION 6/25
──────────────────────────────────────────────────
  Tokens: prompt=19319 completion=184 total_session=97332
  Messages: 13 (66,495 chars)
  Tool calls (1):
    [1] tripletex_api({"method":"POST","path":"/supplierInvoice","body":{"invoiceNumber":"INV-2026-7838","invoiceDate":"2026-03-21","invoiceDueDate":"2026-06-05","supplier":{"id":108382962},"voucher":{"date":"2026-03-21","description":"Supplier invoice INV-2026-7838 from Sonnental GmbH","postings":[{"row":1,"date":"2026-03-21","amountGross":60375,"amountGrossCurrency":60375,"account":{"id":359388442},"vatType":{"id":1}},{"row":2,"date":"2026-03-21","amountGross":-60375,"amountGrossCurrency":-60375,"account":{"id":2400},"supplier":{"id":108382962}}]}}})
    ┌─ API POST /supplierInvoice
    │  body:   {"invoiceNumber": "INV-2026-7838", "invoiceDate": "2026-03-21", "invoiceDueDate": "2026-06-05", "supplier": {"id": 108382962}, "voucher": {"date": "2026-03-21", "description": "Supplier invoice INV-2026-7838 from Sonnental GmbH", "postings": [{"row": 1, "date": "2026-03-21", "amountGross": 60375, "amountGrossCurrency": 60375, "account": {"id": 359388442}, "vatType": {"id": 1}}, {"row": 2, "date": "2026-03-21", "amountGross": -60375, "amountGrossCurrency": -60375, "account": {"id": 2400}, "supplier": {"id": 108382962}}]}}
    └─ 201 OK (1.8s) id=2147615161
    │  response: {"value": {"id": 2147615161, "version": 0, "url": "kkpqfuj-amager.tripletex.dev/v2/supplierInvoice/2147615161", "invoiceNumber": "INV-2026-7838", "invoiceDate": "2026-03-21", "supplier": {"id": 108382962, "url": "kkpqfuj-amager.tripletex.dev/v2/supplier/108382962"}, "invoiceDueDate": "2026-06-05", "kidOrReceiverReference": "", "voucher": {"id": 609056946, "url": "kkpqfuj-amager.tripletex.dev/v2/ledger/voucher/609056946"}, "amount": 0, "amountCurrency": 0, "amountExcludingVat": 0, "amountExcludingVatCurrency": 0, "currency": null, "isCreditNote": false, "orderLines": [], "payments": [], "originalInvoiceDocumentId": 0, "approvalListElements": [{"id": 646967781, "url": "kkpqfuj-amager.tripletex.dev/v2/voucherApprovalListElement/646967781"}, {"id": 646967780, "url": "kkpqfuj-amager.tripletex.dev/v2/voucherApprovalListElement/646967780"}], "outstandingAmount": 0.0}}
  Iteration 6 took 3.4s

──────────────────────────────────────────────────
  ITERATION 7/25
──────────────────────────────────────────────────
  Tokens: prompt=19817 completion=9 total_session=117158
  Messages: 15 (67,368 chars)
  Tool calls (1):
    [1] done()

  ⏳ Verifying task completion (255s remaining)...
  📋 Verification prompt (3068 chars):
    │ TASK: Sie haben eine Lieferantenrechnung erhalten (siehe beigefugte PDF). Registrieren Sie die Rechnung in Tripletex. Erstellen Sie den Lieferanten, falls er nicht existiert. Verwenden Sie das richtige Aufwandskonto und die Vorsteuer.
    │ 
    │ 
    │ ACTION LOG (chronological):
    │ CALL: tripletex_api({"method":"GET","path":"/supplier"})
    │ status=ok
    │ CALL: tripletex_api({"method":"POST","path":"/supplier"})
    │ status=400
    │ CALL: tripletex_api({"method":"POST","path":"/supplier","body":{"name":"Sonnental GmbH","organizationNumber":"972831409","email":"contact@sonnental.no","invoiceEmail":"contact@sonnental.no","overdueNoticeEmail":"contact@sonnental.no","physicalAddress":{"addressLine1":"Fjordveien 74","postalCode":"9008","city":"Tromsø"})
    │ status=ok id=108382962 name=Sonnental GmbH
    │ CALL: tripletex_api({"method":"GET","path":"/ledger/vatType"})
    │ CALL: tripletex_api({"method":"GET","path":"/ledger/account","params":{"number":"6300"}})
    │ status=ok
    │ CALL: tripletex_api({"method":"POST","path":"/supplierInvoice","body":{"invoiceNumber":"INV-2026-7838","invoiceDate":"2026-03-21","invoiceDueDate":"2026-06-05","supplier":{"id":108382962},"voucher":{"date":"2026-03-21","description":"Supplier invoice INV-2026-7838 from Sonnental GmbH","postings":[{"row":1,"date":"2026-)
    │ status=ok id=2147615161 amount=0 amountCurrency=0 invoiceNumber=INV-2026-7838
    │ CALL: done({})
    │ 
    │ You are an accounting verification agent. Based ONLY on the action log above, check:
    │ 1. MATH: All amounts, percentages, VAT calculations correct? (e.g. if task says 50% of 274950, invoice total incl VAT must be 137475)
    │ 2. COMPLETENESS: Were all steps in the task done? Look at the CALL entries — if the action log shows the step was performed with status=ok, it WAS done. Do NOT say a step is missing if you can see it in the log!
    │ IMPORTANT: 'Fakturer'/'Invoice' just means create an invoice — do NOT require sending unless the task explicitly says send/sende/enviar/envoyer/senden!
    │ 3. DATA: Names, org numbers, dates match the task?
    │ 4. AMOUNTS: If any created entity shows amount=0 or totalAmount=0 in the response, that is WRONG — the postings failed silently. EXCEPTION: Supplier invoice (supplierInvoice) responses normally show amount=0 — this is OK.
    │ 5. BUDGET vs INVOICE: NEVER flag a mismatch between project budget and invoice total. For fixed-price projects the invoice excl. VAT matches the fixedprice — this is CORRECT. For other projects, invoice is based on actual work/costs. Either way, do NOT fail on budget vs invoice differences.
    │ 
    │ CRITICAL: Be CONSERVATIVE. When in doubt, say PASS.
    │ Only say FAIL for CLEAR, OBJECTIVE, SPECIFIC errors (wrong math, completely missing step, wrong name).
    │ Do NOT say FAIL for: vague concerns, 'might be wrong', uncertain issues, minor stylistic differences, or steps you cannot confirm from the log (absence of evidence is NOT evidence of absence).
    │ If the action log shows all main steps completed with status=ok, say PASS.
    │ 
    │ Reply ONLY with either:
    │ - 'PASS' if everything looks correct or you are unsure
    │ - 'FAIL: <specific issue>' ONLY if there is an obvious, objective error
  🔍 Verification (800 tokens): PASS

  ✓ DONE — 7 iterations, 117158 tokens, 25.3s

======================================================================
  TASK COMPLETE — total 25.9s
======================================================================

