
======================================================================
  NEW TASK RECEIVED
  Version: unknown
======================================================================
  Prompt: Create a custom accounting dimension "Kostsenter" with the values "Logistikk" and "Produktutvikling". Then post a voucher on account 6300 for 14800 NOK, linked to the dimension value "Logistikk".
  Files:  0
  URL:    https://tx-proxy-jwanbnu3pq-lz.a.run.app/v2
──────────────────────────────────────────────────────────────────────

──────────────────────────────────────────────────
  ITERATION 1/25
──────────────────────────────────────────────────
  [gcs] Upload failed: 403 POST https://storage.googleapis.com/upload/storage/v1/b/tripletex-agent-logs/o?uploadType=multipart: {
  "error": {
    "code": 403,
    "message": "52373769937-compute@developer.gserviceaccount.com does not have storage.objects.create access to the Google Cloud Storage object. Permission 'storage.objects.create' denied on resource (or it may not exist).",
    "errors": [
      {
        "message": "52373769937-compute@developer.gserviceaccount.com does not have storage.objects.create access to the Google Cloud Storage object. Permission 'storage.objects.create' denied on resource (or it may not exist).",
        "domain": "global",
        "reason": "forbidden"
      }
    ]
  }
}
: ('Request failed with status code', 403, 'Expected one of', <HTTPStatus.OK: 200>)
  [gcs] Upload failed: 403 POST https://storage.googleapis.com/upload/storage/v1/b/tripletex-agent-logs/o?uploadType=multipart: {
  "error": {
    "code": 403,
    "message": "52373769937-compute@developer.gserviceaccount.com does not have storage.objects.create access to the Google Cloud Storage object. Permission 'storage.objects.create' denied on resource (or it may not exist).",
    "errors": [
      {
        "message": "52373769937-compute@developer.gserviceaccount.com does not have storage.objects.create access to the Google Cloud Storage object. Permission 'storage.objects.create' denied on resource (or it may not exist).",
        "domain": "global",
        "reason": "forbidden"
      }
    ]
  }
}
: ('Request failed with status code', 403, 'Expected one of', <HTTPStatus.OK: 200>)
  Tokens: prompt=16279 completion=25 total_session=16304
  Messages: 3 (61,040 chars)
  Tool calls (1):
    [1] tripletex_api({"method":"GET","path":"/ledger/accountingDimensionName"})
    ┌─ API GET /ledger/accountingDimensionName
  [github] Log pushed: 20260321_222418_4153_payment_ok_4iter_o_pagamento_de.log (attempt 1)
  [github] Conflict (409), retry in 3.0s (attempt 1/4)...
    └─ 200 OK (3.0s) [0 items]
    │  response: {"fullResultSize": 0, "from": 0, "count": 0, "versionDigest": null, "values": []}
  Iteration 1 took 3.8s

──────────────────────────────────────────────────
  ITERATION 2/25
──────────────────────────────────────────────────
  Tokens: prompt=16345 completion=35 total_session=32684
  Messages: 5 (61,121 chars)
  Tool calls (1):
    [1] tripletex_api({"method":"POST","path":"/ledger/accountingDimensionName","body":{"dimensionName":"Kostsenter"}})
    ┌─ API POST /ledger/accountingDimensionName
    │  body:   {"dimensionName": "Kostsenter"}
  [github] Log pushed: 20260321_222434_7756_task_ok_6iter_vi_treng_overnatting.log (attempt 2)
    └─ 201 OK (3.1s) id=2616
    │  response: {"value": {"id": 2616, "version": 0, "url": "kkpqfuj-amager.tripletex.dev/v2/ledger/accountingDimensionName/2616", "dimensionName": "Kostsenter", "description": null, "dimensionIndex": 1, "active": true}}
  Iteration 2 took 4.2s

──────────────────────────────────────────────────
  ITERATION 3/25
──────────────────────────────────────────────────
  Tokens: prompt=16459 completion=41 total_session=49184
  Messages: 7 (61,325 chars)
  Tool calls (1):
    [1] tripletex_api({"method":"POST","path":"/ledger/accountingDimensionValue?dimensionNameId=2616","body":{"displayName":"Logistikk"}})
    │  [fix] extracted query params from path: {'dimensionNameId': '2616'}
    ┌─ API POST /ledger/accountingDimensionValue
    │  params: {"dimensionNameId": "2616"}
    │  body:   {"displayName": "Logistikk"}
    └─ 201 OK (3.1s) id=19215
    │  response: {"value": {"id": 19215, "version": 0, "url": "kkpqfuj-amager.tripletex.dev/v2/ledger/accountingDimensionValue/19215", "displayName": "Logistikk", "nameAndNumber": "Logistikk", "dimensionIndex": 0, "active": true, "number": null, "showInVoucherRegistration": true, "position": 1}}
  Iteration 3 took 3.9s

──────────────────────────────────────────────────
  ITERATION 4/25
──────────────────────────────────────────────────
  Tokens: prompt=16602 completion=42 total_session=65828
  Messages: 9 (61,604 chars)
  Tool calls (1):
    [1] tripletex_api({"method":"POST","path":"/ledger/accountingDimensionValue?dimensionNameId=2616","body":{"displayName":"Produktutvikling"}})
    │  [fix] extracted query params from path: {'dimensionNameId': '2616'}
    ┌─ API POST /ledger/accountingDimensionValue
    │  params: {"dimensionNameId": "2616"}
    │  body:   {"displayName": "Produktutvikling"}
    └─ 201 OK (2.8s) id=19216
    │  response: {"value": {"id": 19216, "version": 0, "url": "kkpqfuj-amager.tripletex.dev/v2/ledger/accountingDimensionValue/19216", "displayName": "Produktutvikling", "nameAndNumber": "Produktutvikling", "dimensionIndex": 0, "active": true, "number": null, "showInVoucherRegistration": true, "position": 2}}
  Iteration 4 took 3.8s

──────────────────────────────────────────────────
  ITERATION 5/25
──────────────────────────────────────────────────
  Tokens: prompt=16748 completion=28 total_session=82604
  Messages: 11 (61,897 chars)
  Tool calls (1):
    [1] tripletex_api({"method":"GET","path":"/ledger/account?fields=id,number,name"})
    │  [fix] extracted query params from path: {'fields': 'id,number,name'}
    ┌─ API GET /ledger/account
    │  params: {"fields": "id,number,name"}
    └─ 200 OK (3.3s) [529 items]
    │  response: {"fullResultSize": 529, "from": 0, "count": 529, "versionDigest": "'If-None-Match' header not specified", "values": [{"id": 376744544, "number": 1000, "name": "Forskning og utvikling, ervervet"}, {"id": 376744545, "number": 1005, "name": "Forskning og utvikling, egenutviklet"}, {"id": 376744546, "number": 1020, "name": "Konsesjoner, ervervet"}, {"id": 376744547, "number": 1025, "name": "Konsesjoner, egenutviklet"}, {"id": 376744548, "number": 1030, "name": "Patenter, ervervet"}, {"id": 376744549, "number": 1035, "name": "Patenter, egenutviklet"}, {"id": 376744550, "number": 1040, "name": "Lisenser, ervervet"}, {"id": 376744551, "number": 1045, "name": "Lisenser, egenutviklet"}, {"id": 376744552, "number": 1050, "name": "Varemerker, ervervet"}, {"id": 376744553, "number": 1055, "name": "Varemerker, egenutviklet"}, {"id": 376744554, "number": 1060, "name": "Andre rettigheter, ervervet"}, {"id": 376744555, "number": 1065, "name": "Andre rettigherer, egenutviklet"}, {"id": 376744556, "number": 1070, "name": "Utsatt skattefordel"}, {"id": 376744557, "number": 1080, "name": "Goodwill, ervervet"}, {"id": 376744558, "number": 1100, "name": "Forretningsbygg"}, {"id": 376744559, "number": 1117, "name": "Elektroteknisk utrustning i kraftforetak"}, {"id": 376744560, "number": 1120, "name": "Bygningsmessig anlegg"}, {"id": 376744561, "number": 1130, "name": "Anlegg under utførelse"}, {"id": 376744562, "number": 1140, "name": "Jordbrukseiendommer"}, {"id": 376744563, "number": 1145, "name"…
  Iteration 5 took 4.2s

──────────────────────────────────────────────────
  ITERATION 6/25
──────────────────────────────────────────────────
  Tokens: prompt=19823 completion=146 total_session=102573
  Messages: 13 (69,911 chars)
  Tool calls (1):
    [1] tripletex_api({"method":"POST","path":"/ledger/voucher","body":{"date":"2026-03-21","description":"Journal entry for Logistikk dimension value","postings":[{"row":1,"date":"2026-03-21","amountGross":14800,"amountGrossCurrency":14800,"account":{"id":376744687},"vatType":{"id":0},"accountingDimensionValue":{"id":19215}},{"row":2,"date":"2026-03-21","amountGross":-14800,"amountGrossCurrency":-14800,"account":{"id":376744689},"vatType":{"id":0}}]}})
    │  [fix] voucher posting[0]: stripped accountingDimensionValue (not supported)
    ┌─ API POST /ledger/voucher
    │  body:   {"date": "2026-03-21", "description": "Journal entry for Logistikk dimension value", "postings": [{"row": 1, "date": "2026-03-21", "amountGross": 14800, "amountGrossCurrency": 14800, "account": {"id": 376744687}, "vatType": {"id": 0}}, {"row": 2, "date": "2026-03-21", "amountGross": -14800, "amountGrossCurrency": -14800, "account": {"id": 376744689}, "vatType": {"id": 0}}]}
    └─ 201 OK (2.5s) id=609185907
    │  response: {"value": {"id": 609185907, "version": 5, "url": "kkpqfuj-amager.tripletex.dev/v2/ledger/voucher/609185907", "date": "2026-03-21", "number": 1, "tempNumber": 0, "year": 2026, "description": "Journal entry for Logistikk dimension value", "voucherType": null, "reverseVoucher": null, "postings": [{"id": 3845896853, "version": 1, "url": "kkpqfuj-amager.tripletex.dev/v2/ledger/posting/3845896853", "voucher": {"id": 609185907, "url": "kkpqfuj-amager.tripletex.dev/v2/ledger/voucher/609185907"}, "date": "2026-03-21", "description": "Journal entry for Logistikk dimension value", "account": {"id": 376744687, "url": "kkpqfuj-amager.tripletex.dev/v2/ledger/account/376744687"}, "amortizationAccount": null, "amortizationStartDate": null, "amortizationEndDate": null, "customer": null, "supplier": null, "employee": null, "project": null, "product": null, "department": null, "vatType": {"id": 0, "url": "kkpqfuj-amager.tripletex.dev/v2/ledger/vatType/0"}, "amount": 14800.0, "amountCurrency": 14800.0, "amountGross": 14800, "amountGrossCurrency": 14800, "currency": {"id": 1, "url": "kkpqfuj-amager.tripletex.dev/v2/currency/1"}, "closeGroup": null, "invoiceNumber": "", "termOfPayment": null, "row": 1, "type": null, "externalRef": "", "systemGenerated": false, "taxTransactionType": "(Ikke valgt)", "taxTransactionTypeId": 0, "matched": false, "quantityAmount1": 0, "quantityType1": null, "quantityAmount2": 0, "quantityType2": null, "isVatReadonly": true, "isAmountVatClosed": false, "postingRuleId": …
  Iteration 6 took 5.6s

──────────────────────────────────────────────────
  ITERATION 7/25
──────────────────────────────────────────────────
  Tokens: prompt=21015 completion=9 total_session=123597
  Messages: 15 (73,066 chars)
  Tool calls (1):
    [1] done()

  ⏳ Verifying task completion (263s remaining)...
  📋 Verification prompt (3543 chars):
    │ TASK: Create a custom accounting dimension "Kostsenter" with the values "Logistikk" and "Produktutvikling". Then post a voucher on account 6300 for 14800 NOK, linked to the dimension value "Logistikk".
    │ 
    │ 
    │ ACTION LOG (chronological):
    │ CALL: tripletex_api({"method":"GET","path":"/ledger/accountingDimensionName"})
    │ status=ok
    │ CALL: tripletex_api({"method":"POST","path":"/ledger/accountingDimensionName","body":{"dimensionName":"Kostsenter"}})
    │ status=ok id=2616
    │ CALL: tripletex_api({"method":"POST","path":"/ledger/accountingDimensionValue?dimensionNameId=2616","body":{"displayName":"Logistikk"}})
    │ status=ok id=19215
    │ CALL: tripletex_api({"method":"POST","path":"/ledger/accountingDimensionValue?dimensionNameId=2616","body":{"displayName":"Produktutvikling"}})
    │ status=ok id=19216
    │ CALL: tripletex_api({"method":"GET","path":"/ledger/account?fields=id,number,name"})
    │ CALL: tripletex_api({"method":"POST","path":"/ledger/voucher","body":{"date":"2026-03-21","description":"Journal entry for Logistikk dimension value","postings":[{"row":1,"date":"2026-03-21","amountGross":14800,"amountGrossCurrency":14800,"account":{"id":376744687},"vatType":{"id":0},"accountingDimensionValue":{"id":19)
    │ status=ok id=609185907
    │ CALL: done({})
    │ 
    │ You are an accounting verification agent. Based ONLY on the action log above, check:
    │ 1. MATH: All amounts, percentages, VAT calculations correct? (e.g. if task says 50% of 274950, invoice total incl VAT must be 137475)
    │ 2. COMPLETENESS: Were all steps in the task done? Look at the CALL entries — if the action log shows the step was performed with status=ok, it WAS done. Do NOT say a step is missing if you can see it in the log!
    │ IMPORTANT: 'Fakturer'/'Invoice' just means create an invoice — do NOT require sending unless the task explicitly says send/sende/enviar/envoyer/senden!
    │ 3. DATA: Names, org numbers, dates match the task?
    │ 4. AMOUNTS: If any created entity shows amount=0 or totalAmount=0 in the response, that is WRONG — the postings failed silently. EXCEPTION: Supplier invoice (supplierInvoice) responses normally show amount=0 — this is OK.
    │ 5. BUDGET vs INVOICE: NEVER flag a mismatch between project budget and invoice total. For fixed-price projects the invoice excl. VAT matches the fixedprice — this is CORRECT. For other projects, invoice is based on actual work/costs. Either way, do NOT fail on budget vs invoice differences.
    │ 6. PAYMENT AMOUNTS: Invoice payments and reversals use the FULL amount INCLUDING VAT, not excl. VAT. If the task says 'X NOK excl. VAT', the correct payment/reversal amount is X × 1.25 (Norwegian 25% VAT). Do NOT flag a mismatch between excl. VAT amounts in the task and incl. VAT payment amounts.
    │ 7. VAT BREAKDOWN: If the total invoice amount matches the expected sum, do NOT fail on 'VAT breakdown not reflected' or similar vague VAT concerns. Only fail if a specific line item has the WRONG VAT rate applied.
    │ 
    │ CRITICAL: Be CONSERVATIVE. When in doubt, say PASS.
    │ Only say FAIL for CLEAR, OBJECTIVE, SPECIFIC errors (wrong math, completely missing step, wrong name).
    │ Do NOT say FAIL for: vague concerns, 'might be wrong', uncertain issues, minor stylistic differences, or steps you cannot confirm from the log (absence of evidence is NOT evidence of absence).
    │ A false FAIL causes MORE damage than a missed error. When uncertain, ALWAYS say PASS.
    │ If the action log shows all main steps completed with status=ok, say PASS.
    │ 
    │ Reply ONLY with either:
    │ - 'PASS' if everything looks correct or you are unsure
    │ - 'FAIL: <specific issue>' ONLY if there is an obvious, objective error
  🔍 Verification (899 tokens): PASS

  ✓ DONE — 7 iterations, 123597 tokens, 26.7s

======================================================================
  TASK COMPLETE — total 27.1s
======================================================================

