
======================================================================
  NEW TASK RECEIVED
  Version: unknown
======================================================================
  Prompt: Vi har mottatt faktura INV-2026-4085 fra leverandøren Snøhetta AS (org.nr 861790029) på 44450 kr inklusiv MVA. Beløpet gjelder kontortjenester (konto 6300). Registrer leverandørfakturaen med korrekt inngående MVA (25 %).
  Files:  0
  URL:    https://tx-proxy-jwanbnu3pq-lz.a.run.app/v2
──────────────────────────────────────────────────────────────────────
  [pre] Invoice/credit/payment task detected — ensuring bank account...
    ┌─ API GET /invoice/settings
    └─ 200 OK (1.4s) id=774567
    ┌─ API GET /ledger/account
    │  params: {"isBankAccount": "true", "count": 10}
    └─ 200 OK (1.3s) [2 items]
  [bank] found account 1920 id=373900244 v=0
    ┌─ API PUT /ledger/account/373900244
    │  body:   {"id": 373900244, "version": 0, "number": 1920, "name": "Bankinnskudd", "bankAccountNumber": "15030100112"}
    └─ 200 OK (1.4s) id=373900244 name=Bankinnskudd
  [bank] bank account set OK
  [pre] Bank account setup: OK

──────────────────────────────────────────────────
  ITERATION 1/25
──────────────────────────────────────────────────
  Tokens: prompt=14692 completion=21 total_session=14713
  Messages: 3 (54,951 chars)
  Tool calls (1):
    [1] tripletex_api({"method":"POST","path":"/supplier"})
    │  [fix] blocked POST without body: /supplier
  Iteration 1 took 2.0s

──────────────────────────────────────────────────
  ITERATION 2/25
──────────────────────────────────────────────────
  Tokens: prompt=14779 completion=69 total_session=29561
  Messages: 5 (55,161 chars)
  Tool calls (1):
    [1] tripletex_api({"method":"POST","path":"/supplier","body":{"name":"Snøhetta AS","organizationNumber":"861790029","email":"snohetta@example.com","invoiceEmail":"snohetta@example.com","overdueNoticeEmail":"snohetta@example.com"}})
    ┌─ API POST /supplier
    │  body:   {"name": "Snøhetta AS", "organizationNumber": "861790029", "email": "snohetta@example.com", "invoiceEmail": "snohetta@example.com", "overdueNoticeEmail": "snohetta@example.com", "isSupplier": true}
    └─ 201 OK (1.9s) id=108399824 name=Snøhetta AS
    │  response: {"value": {"id": 108399824, "version": 1, "url": "kkpqfuj-amager.tripletex.dev/v2/supplier/108399824", "name": "Snøhetta AS", "organizationNumber": "861790029", "supplierNumber": 20002, "customerNumber": 0, "isSupplier": true, "isCustomer": false, "isInactive": false, "email": "snohetta@example.com", "invoiceEmail": "snohetta@example.com", "overdueNoticeEmail": "snohetta@example.com", "phoneNumber": "", "phoneNumberMobile": "", "description": "", "isPrivateIndividual": false, "showProducts": false, "accountManager": null, "postalAddress": {"id": 405648636, "url": "kkpqfuj-amager.tripletex.dev/v2/address/405648636"}, "physicalAddress": {"id": 405648635, "url": "kkpqfuj-amager.tripletex.dev/v2/address/405648635"}, "deliveryAddress": null, "category1": null, "category2": null, "category3": null, "bankAccountPresentation": [], "currency": {"id": 1, "url": "kkpqfuj-amager.tripletex.dev/v2/currency/1"}, "ledgerAccount": {"id": 373900303, "url": "kkpqfuj-amager.tripletex.dev/v2/ledger/account/373900303"}, "language": "NO", "isWholesaler": false, "displayName": "Snøhetta AS (20002)", "locale": "no_NO", "website": ""}}
  Iteration 2 took 3.7s

──────────────────────────────────────────────────
  ITERATION 3/25
──────────────────────────────────────────────────
  Tokens: prompt=15225 completion=24 total_session=44810
  Messages: 7 (56,288 chars)
  Tool calls (1):
    [1] tripletex_api({"method":"GET","path":"/ledger/vatType"})
    ┌─ API GET /ledger/vatType
    └─ 200 OK (1.5s) [56 items]
    │  response: {"fullResultSize": 56, "from": 0, "count": 56, "versionDigest": "'If-None-Match' header not specified", "values": [{"id": 1, "version": 0, "url": "kkpqfuj-amager.tripletex.dev/v2/ledger/vatType/1", "name": "Fradrag inngående avgift, høy sats", "number": "1", "displayName": "1: (25%) Fradrag inngående avgift, høy sats", "percentage": 25, "deductionPercentage": 100.0, "parentType": {"id": 0, "url": "kkpqfuj-amager.tripletex.dev/v2/ledger/vatType/0"}}, {"id": 2, "version": 0, "url": "kkpqfuj-amager.tripletex.dev/v2/ledger/vatType/2", "name": "Direktepostert fradrag inngående avgift, høy sats (mva-kode utgikk 01.01.2017)", "number": "UT-2", "displayName": "UT-2: (100%) Direktepostert fradrag inngående avgift, høy sats (mva-kode utgikk 01.01.2017)", "percentage": 100.0, "deductionPercentage": 100.0, "parentType": {"id": 0, "url": "kkpqfuj-amager.tripletex.dev/v2/ledger/vatType/0"}}, {"id": 3, "version": 0, "url": "kkpqfuj-amager.tripletex.dev/v2/ledger/vatType/3", "name": "Utgående avgift, høy sats", "number": "3", "displayName": "3: (25%) Utgående avgift, høy sats", "percentage": 25, "deductionPercentage": 100.0, "parentType": {"id": 0, "url": "kkpqfuj-amager.tripletex.dev/v2/ledger/vatType/0"}}, {"id": 4, "version": 0, "url": "kkpqfuj-amager.tripletex.dev/v2/ledger/vatType/4", "name": "Direktepostert utgående avgift, høy sats", "number": "4", "displayName": "4: (100%) Direktepostert utgående avgift, høy sats", "percentage": 100.0, "deductionPercentage": 100.0, "parentType": {"id…
  Iteration 3 took 2.3s

──────────────────────────────────────────────────
  ITERATION 4/25
──────────────────────────────────────────────────
  Tokens: prompt=18256 completion=29 total_session=63095
  Messages: 9 (64,302 chars)
  Tool calls (1):
    [1] tripletex_api({"method":"GET","path":"/ledger/account","params":{"number":"6300"}})
    ┌─ API GET /ledger/account
    │  params: {"number": "6300"}
    └─ 200 OK (1.8s) [1 items]
    │  response: {"fullResultSize": 1, "from": 0, "count": 1, "versionDigest": "'If-None-Match' header not specified", "values": [{"id": 373900499, "version": 0, "url": "kkpqfuj-amager.tripletex.dev/v2/ledger/account/373900499", "number": 6300, "numberPretty": "6300", "name": "Leie lokale", "description": "", "type": "OPERATING_EXPENSES", "legalVatTypes": [{"id": 0, "url": "kkpqfuj-amager.tripletex.dev/v2/ledger/vatType/0"}, {"id": 1, "url": "kkpqfuj-amager.tripletex.dev/v2/ledger/vatType/1"}, {"id": 11, "url": "kkpqfuj-amager.tripletex.dev/v2/ledger/vatType/11"}, {"id": 12, "url": "kkpqfuj-amager.tripletex.dev/v2/ledger/vatType/12"}, {"id": 230, "url": "kkpqfuj-amager.tripletex.dev/v2/ledger/vatType/230"}, {"id": 13, "url": "kkpqfuj-amager.tripletex.dev/v2/ledger/vatType/13"}, {"id": 14, "url": "kkpqfuj-amager.tripletex.dev/v2/ledger/vatType/14"}, {"id": 34, "url": "kkpqfuj-amager.tripletex.dev/v2/ledger/vatType/34"}, {"id": 35, "url": "kkpqfuj-amager.tripletex.dev/v2/ledger/vatType/35"}, {"id": 559, "url": "kkpqfuj-amager.tripletex.dev/v2/ledger/vatType/559"}, {"id": 550, "url": "kkpqfuj-amager.tripletex.dev/v2/ledger/vatType/550"}, {"id": 551, "url": "kkpqfuj-amager.tripletex.dev/v2/ledger/vatType/551"}, {"id": 553, "url": "kkpqfuj-amager.tripletex.dev/v2/ledger/vatType/553"}, {"id": 560, "url": "kkpqfuj-amager.tripletex.dev/v2/ledger/vatType/560"}], "ledgerType": "GENERAL", "balanceGroup": "Ikke i en saldogruppe.", "vatType": {"id": 0, "url": "kkpqfuj-amager.tripletex.dev/v2/ledger/vatTyp…
  Iteration 4 took 2.5s

──────────────────────────────────────────────────
  ITERATION 5/25
──────────────────────────────────────────────────
  Tokens: prompt=19051 completion=29 total_session=82175
  Messages: 11 (66,383 chars)
  Tool calls (1):
    [1] tripletex_api({"method":"GET","path":"/ledger/account","params":{"number":"2400"}})
    ┌─ API GET /ledger/account
    │  params: {"number": "2400"}
    └─ 200 OK (2.2s) [1 items]
    │  response: {"fullResultSize": 1, "from": 0, "count": 1, "versionDigest": "'If-None-Match' header not specified", "values": [{"id": 373900303, "version": 0, "url": "kkpqfuj-amager.tripletex.dev/v2/ledger/account/373900303", "number": 2400, "numberPretty": "2400", "name": "Leverandørgjeld", "description": "", "type": "LIABILITIES", "legalVatTypes": [{"id": 0, "url": "kkpqfuj-amager.tripletex.dev/v2/ledger/vatType/0"}], "ledgerType": "VENDOR", "balanceGroup": "Ikke i en saldogruppe.", "vatType": {"id": 0, "url": "kkpqfuj-amager.tripletex.dev/v2/ledger/vatType/0"}, "vatLocked": true, "currency": null, "isCloseable": true, "isApplicableForSupplierInvoice": true, "requireReconciliation": false, "isInactive": false, "isBankAccount": false, "isInvoiceAccount": false, "bankAccountNumber": "", "bankAccountCountry": null, "bankName": "", "bankAccountIBAN": "", "bankAccountSWIFT": "", "saftCode": "24", "groupingCode": "2400", "displayName": "2400 Leverandørgjeld", "requiresDepartment": false, "requiresProject": false, "invoicingDepartment": null, "isPostingsExist": false, "quantityType1": null, "quantityType2": null, "department": null}]}
  Iteration 5 took 2.9s

──────────────────────────────────────────────────
  ITERATION 6/25
──────────────────────────────────────────────────
  Tokens: prompt=19459 completion=190 total_session=101824
  Messages: 13 (67,516 chars)
  Tool calls (1):
    [1] tripletex_api({"method":"POST","path":"/supplierInvoice","body":{"invoiceNumber":"INV-2026-4085","invoiceDate":"2026-03-21","invoiceDueDate":"2026-04-20","supplier":{"id":108399824},"voucher":{"date":"2026-03-21","description":"Leverandørfaktura INV-2026-4085 fra Snøhetta AS","postings":[{"row":1,"date":"2026-03-21","amountGross":35560,"amountGrossCurrency":35560,"account":{"id":373900499},"vatType":{"id":1}},{"row":2,"date":"2026-03-21","amountGross":-44450,"amountGrossCurrency":-44450,"account":{"id":373900303},"supplier":{"id":108399824}}]}}})
    │  [reject] 1 rule violation(s):
    │    • [voucher-balance] Voucher postings must sum to zero but sum to -8890. Debit = positive, Credit = negative. Adjust amounts so they balance.
  Iteration 6 took 2.0s

──────────────────────────────────────────────────
  ITERATION 7/25
──────────────────────────────────────────────────
  Tokens: prompt=19757 completion=190 total_session=121771
  Messages: 15 (67,909 chars)
  Tool calls (1):
    [1] tripletex_api({"method":"POST","path":"/supplierInvoice","body":{"invoiceNumber":"INV-2026-4085","invoiceDate":"2026-03-21","invoiceDueDate":"2026-04-20","supplier":{"id":108399824},"voucher":{"date":"2026-03-21","description":"Leverandørfaktura INV-2026-4085 fra Snøhetta AS","postings":[{"row":1,"date":"2026-03-21","amountGross":44450,"amountGrossCurrency":44450,"account":{"id":373900499},"vatType":{"id":1}},{"row":2,"date":"2026-03-21","amountGross":-44450,"amountGrossCurrency":-44450,"account":{"id":373900303},"supplier":{"id":108399824}}]}}})
    ┌─ API POST /supplierInvoice
    │  body:   {"invoiceNumber": "INV-2026-4085", "invoiceDate": "2026-03-21", "invoiceDueDate": "2026-04-20", "supplier": {"id": 108399824}, "voucher": {"date": "2026-03-21", "description": "Leverandørfaktura INV-2026-4085 fra Snøhetta AS", "postings": [{"row": 1, "date": "2026-03-21", "amountGross": 44450, "amountGrossCurrency": 44450, "account": {"id": 373900499}, "vatType": {"id": 1}}, {"row": 2, "date": "2026-03-21", "amountGross": -44450, "amountGrossCurrency": -44450, "account": {"id": 373900303}, "supplier": {"id": 108399824}}]}}
    └─ 201 OK (1.3s) id=2147627687
    │  response: {"value": {"id": 2147627687, "version": 0, "url": "kkpqfuj-amager.tripletex.dev/v2/supplierInvoice/2147627687", "invoiceNumber": "INV-2026-4085", "invoiceDate": "2026-03-21", "supplier": {"id": 108399824, "url": "kkpqfuj-amager.tripletex.dev/v2/supplier/108399824"}, "invoiceDueDate": "2026-04-20", "kidOrReceiverReference": "", "voucher": {"id": 609101079, "url": "kkpqfuj-amager.tripletex.dev/v2/ledger/voucher/609101079"}, "amount": 0, "amountCurrency": 0, "amountExcludingVat": 0, "amountExcludingVatCurrency": 0, "currency": null, "isCreditNote": false, "orderLines": [], "payments": [], "originalInvoiceDocumentId": 0, "approvalListElements": [{"id": 647043580, "url": "kkpqfuj-amager.tripletex.dev/v2/voucherApprovalListElement/647043580"}, {"id": 647043579, "url": "kkpqfuj-amager.tripletex.dev/v2/voucherApprovalListElement/647043579"}], "outstandingAmount": 0.0}}
  Iteration 7 took 3.1s

──────────────────────────────────────────────────
  ITERATION 8/25
──────────────────────────────────────────────────
  Tokens: prompt=20261 completion=9 total_session=142041
  Messages: 17 (68,782 chars)
  Tool calls (1):
    [1] done()

  ⏳ Verifying task completion (266s remaining)...
  📋 Verification prompt (4361 chars):
    │ TASK: Vi har mottatt faktura INV-2026-4085 fra leverandøren Snøhetta AS (org.nr 861790029) på 44450 kr inklusiv MVA. Beløpet gjelder kontortjenester (konto 6300). Registrer leverandørfakturaen med korrekt inngående MVA (25 %).
    │ 
    │ TASK TYPE: Supplier invoice.
    │ Check these SPECIFIC things:
    │ - Supplier created with correct name and org number?
    │ - Correct expense account used (typically 4000-7999 range, NOT 1000-range asset accounts)?
    │ - Correct input VAT type (inngående MVA, typically vatType 1 for 25%)?
    │ - Invoice amounts NOT zero — if amount=0 or amountCurrency=0 in the response, the postings were WRONG
    │ - Invoice number, date, due date match the PDF/task?
    │ 
    │ ACTION LOG (chronological):
    │ CALL: tripletex_api({"method":"POST","path":"/supplier"})
    │ status=400
    │ CALL: tripletex_api({"method":"POST","path":"/supplier","body":{"name":"Snøhetta AS","organizationNumber":"861790029","email":"snohetta@example.com","invoiceEmail":"snohetta@example.com","overdueNoticeEmail":"snohetta@example.com"}})
    │ status=ok id=108399824 name=Snøhetta AS
    │ CALL: tripletex_api({"method":"GET","path":"/ledger/vatType"})
    │ CALL: tripletex_api({"method":"GET","path":"/ledger/account","params":{"number":"6300"}})
    │ status=ok
    │ CALL: tripletex_api({"method":"GET","path":"/ledger/account","params":{"number":"2400"}})
    │ status=ok
    │ CALL: tripletex_api({"method":"POST","path":"/supplierInvoice","body":{"invoiceNumber":"INV-2026-4085","invoiceDate":"2026-03-21","invoiceDueDate":"2026-04-20","supplier":{"id":108399824},"voucher":{"date":"2026-03-21","description":"Leverandørfaktura INV-2026-4085 fra Snøhetta AS","postings":[{"row":1,"date":"2026-03-)
    │ status=400
    │ CALL: tripletex_api({"method":"POST","path":"/supplierInvoice","body":{"invoiceNumber":"INV-2026-4085","invoiceDate":"2026-03-21","invoiceDueDate":"2026-04-20","supplier":{"id":108399824},"voucher":{"date":"2026-03-21","description":"Leverandørfaktura INV-2026-4085 fra Snøhetta AS","postings":[{"row":1,"date":"2026-03-)
    │ status=ok id=2147627687 amount=0 amountCurrency=0 invoiceNumber=INV-2026-4085
    │ CALL: done({})
    │ 
    │ You are an accounting verification agent. Based ONLY on the action log above, check:
    │ 1. MATH: All amounts, percentages, VAT calculations correct? (e.g. if task says 50% of 274950, invoice total incl VAT must be 137475)
    │ 2. COMPLETENESS: Were all steps in the task done? Look at the CALL entries — if the action log shows the step was performed with status=ok, it WAS done. Do NOT say a step is missing if you can see it in the log!
    │ IMPORTANT: 'Fakturer'/'Invoice' just means create an invoice — do NOT require sending unless the task explicitly says send/sende/enviar/envoyer/senden!
    │ 3. DATA: Names, org numbers, dates match the task?
    │ 4. AMOUNTS: If any created entity shows amount=0 or totalAmount=0 in the response, that is WRONG — the postings failed silently. EXCEPTION: Supplier invoice (supplierInvoice) responses normally show amount=0 — this is OK.
    │ 5. BUDGET vs INVOICE: NEVER flag a mismatch between project budget and invoice total. For fixed-price projects the invoice excl. VAT matches the fixedprice — this is CORRECT. For other projects, invoice is based on actual work/costs. Either way, do NOT fail on budget vs invoice differences.
    │ 6. PAYMENT AMOUNTS: Invoice payments and reversals use the FULL amount INCLUDING VAT, not excl. VAT. If the task says 'X NOK excl. VAT', the correct payment/reversal amount is X × 1.25 (Norwegian 25% VAT). Do NOT flag a mismatch between excl. VAT amounts in the task and incl. VAT payment amounts.
    │ 7. VAT BREAKDOWN: If the total invoice amount matches the expected sum, do NOT fail on 'VAT breakdown not reflected' or similar vague VAT concerns. Only fail if a specific line item has the WRONG VAT rate applied.
    │ 
    │ CRITICAL: Be CONSERVATIVE. When in doubt, say PASS.
    │ Only say FAIL for CLEAR, OBJECTIVE, SPECIFIC errors (wrong math, completely missing step, wrong name).
    │ Do NOT say FAIL for: vague concerns, 'might be wrong', uncertain issues, minor stylistic differences, or steps you cannot confirm from the log (absence of evidence is NOT evidence of absence).
    │ A false FAIL causes MORE damage than a missed error. When uncertain, ALWAYS say PASS.
    │ If the action log shows all main steps completed with status=ok, say PASS.
    │ 
    │ Reply ONLY with either:
    │ - 'PASS' if everything looks correct or you are unsure
    │ - 'FAIL: <specific issue>' ONLY if there is an obvious, objective error
  🔍 Verification (1184 tokens): FAIL: Invoice amount is 0, indicating that the postings failed silently.
  ↩ Returning to agent to fix issue
  Iteration 8 took 1.9s

──────────────────────────────────────────────────
  ITERATION 9/25
──────────────────────────────────────────────────
  Tokens: prompt=20316 completion=336 total_session=162693
  GPT says: Let's address the issue with the voucher postings. Considering a total including VAT of 44450 NOK and a 25% VAT rate, we'll ensure the voucher postings balance properly.

First, calculate the amounts correctly:
- Total including VAT: 44450 NOK
- VAT amount: 44450 / 1.25 * 0.25 = 8890 NOK
- Amount excluding VAT: 44450 - 8890 = 35560 NOK

Let's update the voucher postings accordingly and try again.
  Messages: 19 (69,339 chars)
  Tool calls (1):
    [1] tripletex_api({"method":"POST","path":"/supplierInvoice","body":{"invoiceNumber":"INV-2026-4085","invoiceDate":"2026-03-21","invoiceDueDate":"2026-04-20","supplier":{"id":108399824},"voucher":{"date":"2026-03-21","description":"Leverandørfaktura INV-2026-4085 fra Snøhetta AS","postings":[{"row":1,"date":"2026-03-21","amountGross":35560,"amountGrossCurrency":35560,"account":{"id":373900499},"vatType":{"id":1}},{"row":2,"date":"2026-03-21","amountGross":8890,"amountGrossCurrency":8890,"account":{"id":373900499},"vatType":{"id":1}},{"row":3,"date":"2026-03-21","amountGross":-44450,"amountGrossCurrency":-44450,"account":{"id":373900303},"supplier":{"id":108399824}}]}}})
    ┌─ API POST /supplierInvoice
    │  body:   {"invoiceNumber": "INV-2026-4085", "invoiceDate": "2026-03-21", "invoiceDueDate": "2026-04-20", "supplier": {"id": 108399824}, "voucher": {"date": "2026-03-21", "description": "Leverandørfaktura INV-2026-4085 fra Snøhetta AS", "postings": [{"row": 1, "date": "2026-03-21", "amountGross": 35560, "amountGrossCurrency": 35560, "account": {"id": 373900499}, "vatType": {"id": 1}}, {"row": 2, "date": "2026-03-21", "amountGross": 8890, "amountGrossCurrency": 8890, "account": {"id": 373900499}, "vatType": {"id": 1}}, {"row": 3, "date": "2026-03-21", "amountGross": -44450, "amountGrossCurrency": -44450, "account": {"id": 373900303}, "supplier": {"id": 108399824}}]}}
    └─ 500 ERR (1.5s) {"status": 500, "code": 1002, "message": null, "link": "https://tripletex.no/v2-docs/", "developerMessage": null, "validationMessages": null, "requestId": "dd59b7ec-6d74-4412-bdbc-ad7699f19b94", "_status_code": 500}
    │  response: {"status": 500, "code": 1002, "message": null, "link": "https://tripletex.no/v2-docs/", "developerMessage": null, "validationMessages": null, "requestId": "dd59b7ec-6d74-4412-bdbc-ad7699f19b94", "_status_code": 500}
  Iteration 9 took 5.3s

──────────────────────────────────────────────────
  ITERATION 10/25
──────────────────────────────────────────────────
  Tokens: prompt=20744 completion=280 total_session=183717
  GPT says: It seems we've encountered a server error (500) while attempting to post the supplier invoice. This could be a temporary issue or internal problem with the Tripletex API. I'll retry posting the supplier invoice as it sometimes resolves the issue.
  Messages: 21 (69,800 chars)
  Tool calls (1):
    [1] tripletex_api({"method":"POST","path":"/supplierInvoice","body":{"invoiceNumber":"INV-2026-4085","invoiceDate":"2026-03-21","invoiceDueDate":"2026-04-20","supplier":{"id":108399824},"voucher":{"date":"2026-03-21","description":"Leverandørfaktura INV-2026-4085 fra Snøhetta AS","postings":[{"row":1,"date":"2026-03-21","amountGross":35560,"amountGrossCurrency":35560,"account":{"id":373900499},"vatType":{"id":1}},{"row":2,"date":"2026-03-21","amountGross":8890,"amountGrossCurrency":8890,"account":{"id":373900499},"vatType":{"id":1}},{"row":3,"date":"2026-03-21","amountGross":-44450,"amountGrossCurrency":-44450,"account":{"id":373900303},"supplier":{"id":108399824}}]}}})
    ┌─ API POST /supplierInvoice
    │  body:   {"invoiceNumber": "INV-2026-4085", "invoiceDate": "2026-03-21", "invoiceDueDate": "2026-04-20", "supplier": {"id": 108399824}, "voucher": {"date": "2026-03-21", "description": "Leverandørfaktura INV-2026-4085 fra Snøhetta AS", "postings": [{"row": 1, "date": "2026-03-21", "amountGross": 35560, "amountGrossCurrency": 35560, "account": {"id": 373900499}, "vatType": {"id": 1}}, {"row": 2, "date": "2026-03-21", "amountGross": 8890, "amountGrossCurrency": 8890, "account": {"id": 373900499}, "vatType": {"id": 1}}, {"row": 3, "date": "2026-03-21", "amountGross": -44450, "amountGrossCurrency": -44450, "account": {"id": 373900303}, "supplier": {"id": 108399824}}]}}
    └─ 500 ERR (1.3s) {"status": 500, "code": 1002, "message": null, "link": "https://tripletex.no/v2-docs/", "developerMessage": null, "validationMessages": null, "requestId": "c2e56de5-ec40-4108-98bf-8f880206d26d", "_status_code": 500}
    │  response: {"status": 500, "code": 1002, "message": null, "link": "https://tripletex.no/v2-docs/", "developerMessage": null, "validationMessages": null, "requestId": "c2e56de5-ec40-4108-98bf-8f880206d26d", "_status_code": 500}
  Iteration 10 took 3.8s

──────────────────────────────────────────────────
  ITERATION 11/25
──────────────────────────────────────────────────
  Tokens: prompt=21118 completion=216 total_session=205051
  GPT says: The server error persists, indicating an issue on the Tripletex API side that's preventing successful posting of the supplier invoice. Let's attempt using an alternative approach by creating a journal voucher directly instead.
  Messages: 23 (70,241 chars)
  Tool calls (1):
    [1] tripletex_api({"method":"POST","path":"/ledger/voucher","body":{"date":"2026-03-21","description":"Leverandørfaktura INV-2026-4085 fra Snøhetta AS","postings":[{"row":1,"date":"2026-03-21","amount":35560,"amountCurrency":35560,"account":{"id":373900499}},{"row":2,"date":"2026-03-21","amount":8890,"amountCurrency":8890,"account":{"id":373900499},"vatType":{"id":1}},{"row":3,"date":"2026-03-21","amount":-44450,"amountCurrency":-44450,"account":{"id":373900303},"supplier":{"id":108399824}}]}})
    ┌─ API POST /ledger/voucher
    │  body:   {"date": "2026-03-21", "description": "Leverandørfaktura INV-2026-4085 fra Snøhetta AS", "postings": [{"row": 1, "date": "2026-03-21", "amount": 35560, "amountCurrency": 35560, "account": {"id": 373900499}}, {"row": 2, "date": "2026-03-21", "amount": 8890, "amountCurrency": 8890, "account": {"id": 373900499}, "vatType": {"id": 1}}, {"row": 3, "date": "2026-03-21", "amount": -44450, "amountCurrency": -44450, "account": {"id": 373900303}, "supplier": {"id": 108399824}}]}
    └─ 201 OK (2.1s) id=609101157
    │  response: {"value": {"id": 609101157, "version": 5, "url": "kkpqfuj-amager.tripletex.dev/v2/ledger/voucher/609101157", "date": "2026-03-21", "number": 1, "tempNumber": 0, "year": 2026, "description": "Leverandørfaktura INV-2026-4085 fra Snøhetta AS", "voucherType": null, "reverseVoucher": null, "postings": [{"id": 3845672572, "version": 1, "url": "kkpqfuj-amager.tripletex.dev/v2/ledger/posting/3845672572", "voucher": {"id": 609101157, "url": "kkpqfuj-amager.tripletex.dev/v2/ledger/voucher/609101157"}, "date": "2026-03-21", "description": "Leverandørfaktura INV-2026-4085 fra Snøhetta AS", "account": {"id": 373900499, "url": "kkpqfuj-amager.tripletex.dev/v2/ledger/account/373900499"}, "amortizationAccount": null, "amortizationStartDate": null, "amortizationEndDate": null, "customer": null, "supplier": null, "employee": null, "project": null, "product": null, "department": null, "vatType": {"id": 0, "url": "kkpqfuj-amager.tripletex.dev/v2/ledger/vatType/0"}, "amount": 0.0, "amountCurrency": 0.0, "amountGross": 0.0, "amountGrossCurrency": 0.0, "currency": {"id": 1, "url": "kkpqfuj-amager.tripletex.dev/v2/currency/1"}, "closeGroup": null, "invoiceNumber": "", "termOfPayment": null, "row": 1, "type": null, "externalRef": "", "systemGenerated": false, "taxTransactionType": "(Ikke valgt)", "taxTransactionTypeId": 0, "matched": false, "quantityAmount1": 0, "quantityType1": null, "quantityAmount2": 0, "quantityType2": null, "isVatReadonly": false, "isAmountVatClosed": false, "postingRuleId": 0, …
  Iteration 11 took 5.1s

──────────────────────────────────────────────────
  ITERATION 12/25
──────────────────────────────────────────────────
  Tokens: prompt=22890 completion=9 total_session=227950
  Messages: 25 (74,770 chars)
  Tool calls (1):
    [1] done()

  ✓ DONE — 12 iterations, 227950 tokens, 40.5s

======================================================================
  TASK COMPLETE — total 40.5s
======================================================================

