
======================================================================
  NEW TASK RECEIVED
  Version: efb32e8
======================================================================
  Prompt: El cliente Solmar SL (org. nº 866440034) tiene una factura pendiente de 30000 NOK sin IVA por "Almacenamiento en la nube". Registre el pago completo de esta factura.
  Files:  0
  URL:    https://tx-proxy-jwanbnu3pq-lz.a.run.app/v2
──────────────────────────────────────────────────────────────────────
  [pre] Invoice/credit/payment task detected — ensuring bank account...
    ┌─ API GET /invoice/settings
    └─ 200 OK (0.8s) id=983077
  [bank] already ready
  [pre] Bank account setup: OK

──────────────────────────────────────────────────
  ITERATION 1/25
──────────────────────────────────────────────────
  Tokens: prompt=18179 completion=45 total_session=18224
  Messages: 3 (67,761 chars)
  Tool calls (1):
    [1] tripletex_api({"method":"GET","path":"/invoice","params":{"invoiceDateFrom":"2000-01-01","invoiceDateTo":"2030-12-31"}})
    ┌─ API GET /invoice
    │  params: {"invoiceDateFrom": "2000-01-01", "invoiceDateTo": "2030-12-31"}
    └─ 200 OK (0.6s) [1 items]
    │  response: {"fullResultSize": 1, "from": 0, "count": 1, "versionDigest": "'If-None-Match' header not specified", "values": [{"id": 2147663686, "version": 3, "url": "kkpqfuj-amager.tripletex.dev/v2/invoice/2147663686", "invoiceNumber": 1, "invoiceDate": "2026-03-01", "customer": {"id": 108495723, "url": "kkpqfuj-amager.tripletex.dev/v2/customer/108495723"}, "creditedInvoice": 0, "isCredited": false, "invoiceDueDate": "2026-03-31", "kid": "", "invoiceComment": "", "comment": "", "orders": [{"id": 402054990, "url": "kkpqfuj-amager.tripletex.dev/v2/order/402054990"}], "orderLines": [{"id": 1607591237, "url": "kkpqfuj-amager.tripletex.dev/v2/order/orderline/1607591237"}], "travelReports": [], "projectInvoiceDetails": [{"id": 1965809230, "url": "kkpqfuj-amager.tripletex.dev/v2/invoice/details/1965809230"}], "voucher": {"id": 609264708, "url": "kkpqfuj-amager.tripletex.dev/v2/ledger/voucher/609264708"}, "deliveryDate": "2026-03-01", "amount": 37500.0, "amountCurrency": 37500.0, "amountExcludingVat": 30000.0, "amountExcludingVatCurrency": 30000.0, "amountRoundoff": 0.0, "amountRoundoffCurrency": 0.0, "amountOutstanding": 37500.0, "amountCurrencyOutstanding": 37500.0, "amountOutstandingTotal": 37500.0, "amountCurrencyOutstandingTotal": 37500.0, "sumRemits": 0, "currency": {"id": 1, "url": "kkpqfuj-amager.tripletex.dev/v2/currency/1"}, "isCreditNote": false, "isCharged": true, "isApproved": false, "postings": [{"id": 3846104518, "url": "kkpqfuj-amager.tripletex.dev/v2/ledger/posting/3846104518"}]…
  Iteration 1 took 1.4s

──────────────────────────────────────────────────
  ITERATION 2/25
──────────────────────────────────────────────────
  Tokens: prompt=18811 completion=23 total_session=37058
  Messages: 5 (69,385 chars)
  Tool calls (1):
    [1] tripletex_api({"method":"GET","path":"/invoice/paymentType"})
    ┌─ API GET /invoice/paymentType
    └─ 200 OK (0.9s) [2 items]
    │  response: {"fullResultSize": 2, "from": 0, "count": 2, "versionDigest": "'If-None-Match' header not specified", "values": [{"id": 38357808, "version": 0, "url": "kkpqfuj-amager.tripletex.dev/v2/invoice/paymentType/38357808", "description": "Kontant", "displayName": "Kontant", "debitAccount": {"id": 484054998, "url": "kkpqfuj-amager.tripletex.dev/v2/ledger/account/484054998"}, "creditAccount": null, "vatType": {"id": 0, "url": "kkpqfuj-amager.tripletex.dev/v2/ledger/vatType/0"}, "sequence": 1, "customer": null, "supplier": null, "currencyId": 1, "currencyCode": "NOK"}, {"id": 38357809, "version": 0, "url": "kkpqfuj-amager.tripletex.dev/v2/invoice/paymentType/38357809", "description": "Betalt til bank", "displayName": "Betalt til bank", "debitAccount": {"id": 484055001, "url": "kkpqfuj-amager.tripletex.dev/v2/ledger/account/484055001"}, "creditAccount": null, "vatType": {"id": 0, "url": "kkpqfuj-amager.tripletex.dev/v2/ledger/vatType/0"}, "sequence": 2, "customer": null, "supplier": null, "currencyId": 1, "currencyCode": "NOK"}]}
  Iteration 2 took 1.7s

──────────────────────────────────────────────────
  ITERATION 3/25
──────────────────────────────────────────────────
  Tokens: prompt=19211 completion=65 total_session=56334
  Messages: 7 (70,418 chars)
  Tool calls (1):
    [1] tripletex_api({"method":"PUT","path":"/invoice/2147663686/:payment","params":{"paymentDate":"2026-03-22","paymentTypeId":38357809,"paidAmount":37500.0,"paidAmountCurrency":37500.0}})
    ┌─ API PUT /invoice/2147663686/:payment
    │  params: {"paymentDate": "2026-03-22", "paymentTypeId": 38357809, "paidAmount": 37500.0, "paidAmountCurrency": 37500.0}
    └─ 200 OK (1.5s) id=2147663686
    │  response: {"value": {"id": 2147663686, "version": 3, "url": "kkpqfuj-amager.tripletex.dev/v2/invoice/2147663686", "invoiceNumber": 1, "invoiceDate": "2026-03-01", "customer": {"id": 108495723, "url": "kkpqfuj-amager.tripletex.dev/v2/customer/108495723"}, "creditedInvoice": 0, "isCredited": false, "invoiceDueDate": "2026-03-31", "kid": "", "invoiceComment": "", "comment": "", "orders": [{"id": 402054990, "url": "kkpqfuj-amager.tripletex.dev/v2/order/402054990"}], "orderLines": [{"id": 1607591237, "url": "kkpqfuj-amager.tripletex.dev/v2/order/orderline/1607591237"}], "travelReports": [], "projectInvoiceDetails": [{"id": 1965809230, "url": "kkpqfuj-amager.tripletex.dev/v2/invoice/details/1965809230"}], "voucher": {"id": 609264708, "url": "kkpqfuj-amager.tripletex.dev/v2/ledger/voucher/609264708"}, "deliveryDate": "2026-03-01", "amount": 37500.0, "amountCurrency": 37500.0, "amountExcludingVat": 30000.0, "amountExcludingVatCurrency": 30000.0, "amountRoundoff": 0.0, "amountRoundoffCurrency": 0.0, "amountOutstanding": 0.0, "amountCurrencyOutstanding": 0.0, "amountOutstandingTotal": 0.0, "amountCurrencyOutstandingTotal": 0.0, "sumRemits": 0, "currency": {"id": 1, "url": "kkpqfuj-amager.tripletex.dev/v2/currency/1"}, "isCreditNote": false, "isCharged": true, "isApproved": false, "postings": [{"id": 3846104518, "url": "kkpqfuj-amager.tripletex.dev/v2/ledger/posting/3846104518"}, {"id": 3846105600, "url": "kkpqfuj-amager.tripletex.dev/v2/ledger/posting/3846105600"}], "reminders": [], "invoiceRema…
  Iteration 3 took 2.8s

──────────────────────────────────────────────────
  ITERATION 4/25
──────────────────────────────────────────────────
  Tokens: prompt=19858 completion=9 total_session=76201
  Messages: 9 (72,010 chars)
  Tool calls (1):
    [1] done()

  ⏳ Verifying task completion (283s remaining)...
  📋 Verification prompt (3028 chars):
    │ TASK: El cliente Solmar SL (org. nº 866440034) tiene una factura pendiente de 30000 NOK sin IVA por "Almacenamiento en la nube". Registre el pago completo de esta factura.
    │ 
    │ 
    │ ACTION LOG (chronological):
    │ CALL: tripletex_api({"method":"GET","path":"/invoice","params":{"invoiceDateFrom":"2000-01-01","invoiceDateTo":"2030-12-31"}})
    │ status=ok
    │ CALL: tripletex_api({"method":"GET","path":"/invoice/paymentType"})
    │ status=ok
    │ CALL: tripletex_api({"method":"PUT","path":"/invoice/2147663686/:payment","params":{"paymentDate":"2026-03-22","paymentTypeId":38357809,"paidAmount":37500.0,"paidAmountCurrency":37500.0}})
    │ status=ok id=2147663686 amount=37500.0 amountCurrency=37500.0 invoiceNumber=1
    │ CALL: done({})
    │ 
    │ You are an accounting verification agent. Based ONLY on the action log above, check:
    │ 1. MATH: All amounts, percentages, VAT calculations correct? (e.g. if task says 50% of 274950, invoice total incl VAT must be 137475)
    │ 2. COMPLETENESS: Were all steps in the task done? Look at the CALL entries — if the action log shows the step was performed with status=ok, it WAS done. Do NOT say a step is missing if you can see it in the log!
    │ IMPORTANT: 'Fakturer'/'Invoice' just means create an invoice — do NOT require sending unless the task explicitly says send/sende/enviar/envoyer/senden!
    │ 3. DATA: Names, org numbers, dates match the task?
    │ 4. AMOUNTS: If any created entity shows amount=0 or totalAmount=0 in the response, that is WRONG — the postings failed silently. For supplier invoices: amount=0 with amountExcludingVat=0 means postings were MISSING or malformed.
    │ 5. BUDGET vs INVOICE: NEVER flag a mismatch between project budget and invoice total. For fixed-price projects the invoice excl. VAT matches the fixedprice — this is CORRECT. For other projects, invoice is based on actual work/costs. Either way, do NOT fail on budget vs invoice differences.
    │ 6. PAYMENT AMOUNTS: Invoice payments and reversals use the FULL amount INCLUDING VAT, not excl. VAT. If the task says 'X NOK excl. VAT', the correct payment/reversal amount is X × 1.25 (Norwegian 25% VAT). Do NOT flag a mismatch between excl. VAT amounts in the task and incl. VAT payment amounts.
    │ 7. VAT BREAKDOWN: If the total invoice amount matches the expected sum, do NOT fail on 'VAT breakdown not reflected' or similar vague VAT concerns. Only fail if a specific line item has the WRONG VAT rate applied.
    │ 
    │ CRITICAL: Be CONSERVATIVE. When in doubt, say PASS.
    │ Only say FAIL for CLEAR, OBJECTIVE, SPECIFIC errors (wrong math, completely missing step, wrong name).
    │ Do NOT say FAIL for: vague concerns, 'might be wrong', uncertain issues, minor stylistic differences, or steps you cannot confirm from the log (absence of evidence is NOT evidence of absence).
    │ A false FAIL causes MORE damage than a missed error. When uncertain, ALWAYS say PASS.
    │ If the action log shows all main steps completed with status=ok, say PASS.
    │ 
    │ Reply ONLY with either:
    │ - 'PASS' if everything looks correct or you are unsure
    │ - 'FAIL: <specific issue>' ONLY if there is an obvious, objective error
  🔍 Verification (817 tokens): FAIL: Payment amount of 37500.0 NOK does not match the invoice amount of 30000 NOK excl. VAT when considering VAT. The correct payment amount should be 37500 NOK (30000 NOK excl. VAT × 1.25).
  ⚠ Verifier said FAIL but proceeding (logged only): FAIL: Payment amount of 37500.0 NOK does not match the invoice amount of 30000 NOK excl. VAT when considering VAT. The correct payment amount should be 37500 NOK (30000 NOK excl. VAT × 1.25).

  ✓ DONE — 4 iterations, 76201 tokens, 7.2s

======================================================================
  TASK COMPLETE — total 8.3s
======================================================================

