
======================================================================
  NEW TASK RECEIVED
  Version: 5ac6906
======================================================================
  Prompt: Registre 34 horas para Carmen Pérez (carmen.perez@example.org) en la actividad "Design" del proyecto "Migración de datos" para Solmar SL (org. nº 920251684). Tarifa por hora: 1100 NOK/h. Genere una factura de proyecto al cliente basada en las horas registradas.
  Files:  0
  URL:    https://tx-proxy-jwanbnu3pq-lz.a.run.app/v2
──────────────────────────────────────────────────────────────────────
  [pre] Invoice/credit/payment task detected — ensuring bank account...
    ┌─ API GET /invoice/settings
    └─ 200 OK (2.2s) id=1019322
    ┌─ API GET /ledger/account
    │  params: {"isBankAccount": "true", "count": 10}
    └─ 200 OK (1.9s) [2 items]
  [bank] found account 1920 id=503090641 v=0
    ┌─ API PUT /ledger/account/503090641
    │  body:   {"id": 503090641, "version": 0, "number": 1920, "name": "Bankinnskudd", "bankAccountNumber": "15030100112"}
    └─ 200 OK (1.9s) id=503090641 name=Bankinnskudd
  [bank] bank account set OK
  [pre] Bank account setup: OK
  [pre] Pre-scans completed in 6.1s

──────────────────────────────────────────────────
  ITERATION 1/25
──────────────────────────────────────────────────
  Tokens: prompt=20120 completion=41 total_session=20161
  Messages: 3 (75,056 chars)
  Tool calls (1):
    [1] tripletex_api({"method":"POST","path":"/customer","body":{"name":"Solmar SL","isCustomer":true,"organizationNumber":"920251684"}})
    ┌─ API POST /customer
    │  body:   {"name": "Solmar SL", "isCustomer": true, "organizationNumber": "920251684"}
    └─ 201 OK (1.9s) id=108610432 name=Solmar SL
    │  response: {"value": {"id": 108610432, "version": 1, "url": "kkpqfuj-amager.tripletex.dev/v2/customer/108610432", "name": "Solmar SL", "organizationNumber": "920251684", "globalLocationNumber": 0, "supplierNumber": 0, "customerNumber": 10002, "isSupplier": false, "isCustomer": true, "isInactive": false, "accountManager": null, "department": null, "email": "", "invoiceEmail": "", "overdueNoticeEmail": "", "phoneNumber": "", "phoneNumberMobile": "", "description": "", "language": "NO", "displayName": "Solmar SL (10002)", "isPrivateIndividual": false, "singleCustomerInvoice": false, "invoiceSendMethod": "EMAIL", "emailAttachmentType": "ATTACHMENT", "postalAddress": {"id": 406065695, "url": "kkpqfuj-amager.tripletex.dev/v2/address/406065695"}, "physicalAddress": {"id": 406065694, "url": "kkpqfuj-amager.tripletex.dev/v2/address/406065694"}, "deliveryAddress": null, "category1": null, "category2": null, "category3": null, "invoicesDueIn": 14, "invoicesDueInType": "DAYS", "currency": {"id": 1, "url": "kkpqfuj-amager.tripletex.dev/v2/currency/1"}, "bankAccountPresentation": [], "ledgerAccount": {"id": 503090585, "url": "kkpqfuj-amager.tripletex.dev/v2/ledger/account/503090585"}, "isFactoring": false, "invoiceSendSMSNotification": false, "invoiceSMSNotificationNumber": "", "isAutomaticSoftReminderEnabled": false, "isAutomaticReminderEnabled": false, "isAutomaticNoticeOfDebtCollectionEnabled": false, "discountPercentage": 0, "website": ""}}
  Iteration 1 took 3.0s

──────────────────────────────────────────────────
  ITERATION 2/25
──────────────────────────────────────────────────
  Tokens: prompt=20606 completion=44 total_session=40811
  Messages: 5 (76,499 chars)
  Tool calls (1):
    [1] tripletex_api({"method":"POST","path":"/employee","body":{"firstName":"Carmen","lastName":"Pérez","email":"carmen.perez@example.org"}})
    │  [reject] 1 rule violation(s):
    │    • [employee-post-dateOfBirth] POST /employee should include 'dateOfBirth' (YYYY-MM-DD). Without it, employment creation will fail. Use a reasonable date like 1990-01-01 if the task doesn't specify. (missing: dateOfBirth)
  Iteration 2 took 0.8s

──────────────────────────────────────────────────
  ITERATION 3/25
──────────────────────────────────────────────────
  Tokens: prompt=20804 completion=55 total_session=61670
  Messages: 7 (77,052 chars)
  Tool calls (1):
    [1] tripletex_api({"method":"POST","path":"/employee","body":{"firstName":"Carmen","lastName":"Pérez","email":"carmen.perez@example.org","dateOfBirth":"1990-01-01"}})
    ┌─ API POST /employee
    │  body:   {"firstName": "Carmen", "lastName": "Pérez", "email": "carmen.perez@example.org", "dateOfBirth": "1990-01-01"}
    └─ 422 ERR (1.8s) {"status": 422, "code": 18000, "message": "Validering feilet.", "link": "https://tripletex.no/v2-docs/", "developerMessage": "VALIDATION_ERROR", "validationMessages": [{"field": null, "message": "Brukertype kan ikke være \"0\" eller tom.", "path": null, "rootId": null}], "requestId": "1b8fb146-117d-486d-a950-3a707cc769c2", "_status_code": 422}
    │  [auto-fix] POST /employee failed — searching for existing employee to rename as Carmen Pérez
    ┌─ API GET /employee
    │  params: {"fields": "*"}
    └─ 200 OK (2.0s) [2 items]
    │  [auto-fix] matched employee 18803939 by email carmen.perez@example.org
    ┌─ API PUT /employee/18803939
    │  body:   {"id": 18803939, "version": 2, "firstName": "Carmen", "lastName": "Pérez", "dateOfBirth": "1990-01-01"}
    └─ 200 OK (3.2s) id=18803939 name=Carmen
    │  [auto-fix] employee 18803939 renamed to Carmen Pérez — returning as created
    │  response: {"value": {"id": 18803939, "version": 3, "url": "kkpqfuj-amager.tripletex.dev/v2/employee/18803939", "firstName": "Carmen", "lastName": "Pérez", "displayName": "Carmen Pérez", "employeeNumber": "", "dateOfBirth": "1990-01-01", "email": "carmen.perez@example.org", "phoneNumberMobileCountry": {"id": 161, "url": "kkpqfuj-amager.tripletex.dev/v2/country/161"}, "phoneNumberMobile": "", "phoneNumberHome": "", "phoneNumberWork": "", "nationalIdentityNumber": "", "dnumber": "", "internationalId": {"intAmeldingType": null, "country": null, "number": ""}, "bankAccountNumber": "", "iban": "", "bic": "", "creditorBankCountryId": 0, "usesAbroadPayment": false, "userType": null, "allowInformationRegistration": true, "isContact": false, "isProxy": false, "comments": "", "address": null, "department": {"id": 1028020, "url": "kkpqfuj-amager.tripletex.dev/v2/department/1028020"}, "employments": [], "holidayAllowanceEarned": {"year": 0, "amount": 0.0, "basis": 0.0, "amountExtraHolidayWeek": 0.0}, "employeeCategory": null, "isAuthProjectOverviewURL": true, "pictureId": 0, "companyId": 108610025, "vismaConnect2FAactive": false}, "_status_code": 201}
  Iteration 3 took 8.2s

──────────────────────────────────────────────────
  ITERATION 4/25
──────────────────────────────────────────────────
  Tokens: prompt=21240 completion=66 total_session=82976
  Messages: 9 (78,198 chars)
  Tool calls (1):
    [1] tripletex_api({"method":"POST","path":"/project","body":{"name":"Migración de datos","number":"PRJ-3847","projectManager":{"id":18803939},"startDate":"2026-03-22","customer":{"id":108610432}}})
    ┌─ API POST /project
    │  body:   {"name": "Migración de datos", "number": "PRJ-3847", "projectManager": {"id": 18803939}, "startDate": "2026-03-22", "customer": {"id": 108610432}}
    └─ 201 OK (2.4s) id=402084813 name=Migración de datos
    │  response: {"value": {"id": 402084813, "version": 0, "url": "kkpqfuj-amager.tripletex.dev/v2/project/402084813", "name": "Migración de datos", "number": "PRJ-3847", "displayName": "PRJ-3847 Migración de datos", "description": "", "projectManager": {"id": 18803939, "url": "kkpqfuj-amager.tripletex.dev/v2/employee/18803939"}, "department": null, "mainProject": null, "startDate": "2026-03-22", "endDate": null, "customer": {"id": 108610432, "url": "kkpqfuj-amager.tripletex.dev/v2/customer/108610432"}, "isClosed": false, "isReadyForInvoicing": false, "isInternal": false, "isOffer": false, "isFixedPrice": false, "projectCategory": null, "deliveryAddress": null, "boligmappaAddress": null, "displayNameFormat": "NAME_STANDARD", "reference": "", "externalAccountsNumber": "", "discountPercentage": 0, "vatType": {"id": 3, "url": "kkpqfuj-amager.tripletex.dev/v2/ledger/vatType/3"}, "fixedprice": 0, "contributionMarginPercent": 0, "numberOfSubProjects": 0, "numberOfProjectParticipants": 1, "orderLines": [], "currency": {"id": 1, "url": "kkpqfuj-amager.tripletex.dev/v2/currency/1"}, "markUpOrderLines": 0, "markUpFeesEarned": 0, "isPriceCeiling": false, "priceCeilingAmount": 0, "projectHourlyRates": [{"id": 11103330, "url": "kkpqfuj-amager.tripletex.dev/v2/project/hourlyRates/11103330"}], "forParticipantsOnly": false, "participants": [{"id": 15658625, "url": "kkpqfuj-amager.tripletex.dev/v2/project/participant/15658625"}], "contact": null, "attention": null, "invoiceComment": "", "invoicingPlan": [], "…
  Iteration 4 took 3.4s

──────────────────────────────────────────────────
  ITERATION 5/25
──────────────────────────────────────────────────
  Tokens: prompt=21981 completion=21 total_session=104978
  Messages: 11 (80,319 chars)
  Tool calls (1):
    [1] tripletex_api({"method":"GET","path":"/activity"})
    ┌─ API GET /activity
    └─ 200 OK (2.0s) [5 items]
    │  response: {"fullResultSize": 5, "from": 0, "count": 5, "versionDigest": "'If-None-Match' header not specified", "values": [{"id": 6200149, "version": 0, "url": "kkpqfuj-amager.tripletex.dev/v2/activity/6200149", "name": "Administrasjon", "number": "", "description": "", "activityType": "GENERAL_ACTIVITY", "isProjectActivity": false, "isGeneral": true, "isTask": false, "isDisabled": false, "isChargeable": false, "rate": 0.0, "costPercentage": 0.0, "displayName": "Administrasjon", "deletable": true}, {"id": 6200150, "version": 0, "url": "kkpqfuj-amager.tripletex.dev/v2/activity/6200150", "name": "Ferie", "number": "", "description": "", "activityType": "GENERAL_ACTIVITY", "isProjectActivity": false, "isGeneral": true, "isTask": false, "isDisabled": false, "isChargeable": false, "rate": 0.0, "costPercentage": 0.0, "displayName": "Ferie", "deletable": false}, {"id": 6200151, "version": 0, "url": "kkpqfuj-amager.tripletex.dev/v2/activity/6200151", "name": "Prosjektadministrasjon", "number": "", "description": "", "activityType": "PROJECT_GENERAL_ACTIVITY", "isProjectActivity": true, "isGeneral": true, "isTask": false, "isDisabled": false, "isChargeable": false, "rate": 0.0, "costPercentage": 0.0, "displayName": "Prosjektadministrasjon", "deletable": true}, {"id": 6200152, "version": 0, "url": "kkpqfuj-amager.tripletex.dev/v2/activity/6200152", "name": "Fakturerbart arbeid", "number": "", "description": "", "activityType": "PROJECT_GENERAL_ACTIVITY", "isProjectActivity": true, "isGeneral": t…
  Iteration 5 took 2.7s

──────────────────────────────────────────────────
  ITERATION 6/25
──────────────────────────────────────────────────
  Tokens: prompt=22677 completion=85 total_session=127740
  Messages: 13 (82,350 chars)
  Tool calls (1):
    [1] tripletex_api({"method":"POST","path":"/timesheet/entry","body":{"employee":{"id":18803939},"project":{"id":402084813},"activity":{"id":6200265},"date":"2026-03-22","hours":34,"hourlyRate":1100,"chargeable":true,"comment":"Design work for Migración de datos"}})
    ┌─ API POST /timesheet/entry
    │  body:   {"employee": {"id": 18803939}, "project": {"id": 402084813}, "activity": {"id": 6200265}, "date": "2026-03-22", "hours": 34, "hourlyRate": 1100, "chargeable": true, "comment": "Design work for Migración de datos"}
    └─ 201 OK (2.2s) id=175918865
    │  response: {"value": {"id": 175918865, "version": 0, "url": "kkpqfuj-amager.tripletex.dev/v2/timesheet/entry/175918865", "project": {"id": 402084813, "url": "kkpqfuj-amager.tripletex.dev/v2/project/402084813"}, "activity": {"id": 6200265, "url": "kkpqfuj-amager.tripletex.dev/v2/activity/6200265"}, "date": "2026-03-22", "hours": 34.0, "chargeableHours": 34.0, "employee": {"id": 18803939, "url": "kkpqfuj-amager.tripletex.dev/v2/employee/18803939"}, "timeClocks": [], "comment": "Design work for Migración de datos", "locked": false, "chargeable": false, "invoice": null, "hourlyRate": 0.0, "hourlyCost": 0.0, "hourlyCostPercentage": 0, "projectChargeableHours": 34.0}}
  Iteration 6 took 3.3s

──────────────────────────────────────────────────
  ITERATION 7/25
──────────────────────────────────────────────────
  Tokens: prompt=23018 completion=24 total_session=150782
  Messages: 15 (83,009 chars)
  Tool calls (1):
    [1] tripletex_api({"method":"GET","path":"/ledger/vatType"})
    ┌─ API GET /ledger/vatType
    └─ 200 OK (1.6s) [56 items]
    │  [trim] condensed 56 items → key fields (10092 chars)
    │  response: {"fullResultSize": 56, "from": 0, "count": 56, "versionDigest": "'If-None-Match' header not specified", "values": [{"name": "Fradrag inngående avgift, høy sats", "version": 0, "displayName": "1: (25%) Fradrag inngående avgift, høy sats", "id": 1, "number": "1"}, {"name": "Direktepostert fradrag inngående avgift, høy sats (mva-kode utgikk 01.01.2017)", "version": 0, "displayName": "UT-2: (100%) Direktepostert fradrag inngående avgift, høy sats (mva-kode utgikk 01.01.2017)", "id": 2, "number": "UT-2"}, {"name": "Utgående avgift, høy sats", "version": 0, "displayName": "3: (25%) Utgående avgift, høy sats", "id": 3, "number": "3"}, {"name": "Direktepostert utgående avgift, høy sats", "version": 0, "displayName": "4: (100%) Direktepostert utgående avgift, høy sats", "id": 4, "number": "4"}, {"name": "Ingen utgående avgift (innenfor mva-loven)", "version": 0, "displayName": "5: (0%) Ingen utgående avgift (innenfor mva-loven)", "id": 5, "number": "5"}, {"name": "Ingen utgående avgift (utenfor mva-loven)", "version": 0, "displayName": "6: (0%) Ingen utgående avgift (utenfor mva-loven)", "id": 6, "number": "6"}, {"name": "Ingen avgiftsbehandling (inntekter)", "version": 0, "displayName": "7: (0%) Ingen avgiftsbehandling (inntekter)", "id": 7, "number": "7"}, {"name": "Fradrag inngående avgift, middels sats", "version": 0, "displayName": "11: (15%) Fradrag inngående avgift, middels sats", "id": 11, "number": "11"}, {"name": "Fradrag inngående avgift, lav sats", "version": 0, "displayNa…
  Iteration 7 took 2.4s
  [trim] Compressed 3 old tool responses to save tokens

──────────────────────────────────────────────────
  ITERATION 8/25
──────────────────────────────────────────────────
  Tokens: prompt=23905 completion=50 total_session=174737
  Messages: 17 (85,035 chars)
  Tool calls (1):
    [1] tripletex_api({"method":"POST","path":"/product","body":{"name":"Design work for Migración de datos","priceExcludingVatCurrency":1100,"vatType":{"id":3}}})
    ┌─ API POST /product
    │  body:   {"name": "Design work for Migración de datos", "priceExcludingVatCurrency": 1100, "vatType": {"id": 3}}
    └─ 201 OK (2.2s) id=84440980 name=Design work for Migración de datos
    │  response: {"value": {"id": 84440980, "version": 0, "url": "kkpqfuj-amager.tripletex.dev/v2/product/84440980", "name": "Design work for Migración de datos", "number": "", "displayNumber": "", "description": "", "orderLineDescription": "", "costExcludingVatCurrency": 0, "costPrice": 0, "priceExcludingVatCurrency": 1100, "priceIncludingVatCurrency": 1375.0, "isInactive": false, "productUnit": null, "incomingStock": 0, "outgoingStock": 0, "vatType": {"id": 3, "url": "kkpqfuj-amager.tripletex.dev/v2/ledger/vatType/3"}, "currency": {"id": 1, "url": "kkpqfuj-amager.tripletex.dev/v2/currency/1"}, "department": null, "account": null, "supplier": null, "resaleProduct": null, "isDeletable": false, "hasSupplierProductConnected": false, "image": null, "displayName": "Design work for Migración de datos", "mainSupplierProduct": null, "isRoundPriceIncVat": false, "priceInTargetCurrency": 0, "purchasePriceCurrency": 0}}
  Iteration 8 took 3.1s
  [trim] Compressed 1 old tool responses to save tokens

──────────────────────────────────────────────────
  ITERATION 9/25
──────────────────────────────────────────────────
  Tokens: prompt=23622 completion=60 total_session=198419
  Messages: 19 (83,903 chars)
  Tool calls (1):
    [1] tripletex_api({"method":"POST","path":"/order","body":{"customer":{"id":108610432},"orderDate":"2026-03-22","deliveryDate":"2026-03-22","project":{"id":402084813}}})
    ┌─ API POST /order
    │  body:   {"customer": {"id": 108610432}, "orderDate": "2026-03-22", "deliveryDate": "2026-03-22", "project": {"id": 402084813}}
    └─ 201 OK (2.0s) id=402084823
    │  response: {"value": {"id": 402084823, "version": 0, "url": "kkpqfuj-amager.tripletex.dev/v2/order/402084823", "customer": {"id": 108610432, "url": "kkpqfuj-amager.tripletex.dev/v2/customer/108610432"}, "contact": null, "attn": null, "displayName": "2 Ordre", "receiverEmail": "", "overdueNoticeEmail": "", "number": "2", "reference": "", "department": null, "orderDate": "2026-03-22", "project": {"id": 402084813, "url": "kkpqfuj-amager.tripletex.dev/v2/project/402084813"}, "invoiceComment": "", "currency": {"id": 1, "url": "kkpqfuj-amager.tripletex.dev/v2/currency/1"}, "invoicesDueIn": 14, "invoicesDueInType": "DAYS", "isShowOpenPostsOnInvoices": false, "isClosed": false, "deliveryDate": "2026-03-22", "deliveryAddress": null, "deliveryComment": "", "isPrioritizeAmountsIncludingVat": false, "orderLineSorting": "PRODUCT", "orderGroups": [], "orderLines": [], "isSubscription": false, "subscriptionDuration": 0, "subscriptionDurationType": "MONTHS", "subscriptionPeriodsOnInvoice": 0, "subscriptionPeriodsOnInvoiceType": "MONTHS", "subscriptionInvoicingTimeInAdvanceOrArrears": "ADVANCE", "subscriptionInvoicingTime": 0, "subscriptionInvoicingTimeType": "MONTHS", "isSubscriptionAutoInvoicing": false, "preliminaryInvoice": {"id": 2147705926, "url": "kkpqfuj-amager.tripletex.dev/v2/invoice/2147705926"}, "attachment": [], "sendMethodDescription": "Faktura må sendes manuelt.", "invoiceOnAccountVatHigh": false, "totalInvoicedOnAccountAmountAbsoluteCurrency": 0.0, "invoiceSendSMSNotification": false, "i…
  Iteration 9 took 3.0s
  [trim] Compressed 1 old tool responses to save tokens

──────────────────────────────────────────────────
  ITERATION 10/25
──────────────────────────────────────────────────
  Tokens: prompt=23561 completion=45 total_session=222025
  Messages: 21 (83,607 chars)
  Tool calls (1):
    [1] tripletex_api({"method":"POST","path":"/order/orderline","body":{"order":{"id":402084823},"product":{"id":84440980},"count":34}})
    ┌─ API POST /order/orderline
    │  body:   {"order": {"id": 402084823}, "product": {"id": 84440980}, "count": 34}
    └─ 201 OK (3.1s) id=1607617731
    │  response: {"value": {"id": 1607617731, "version": 1, "url": "kkpqfuj-amager.tripletex.dev/v2/order/orderline/1607617731", "product": {"id": 84440980, "url": "kkpqfuj-amager.tripletex.dev/v2/product/84440980"}, "inventory": null, "description": "", "displayName": "Design work for Migración de datos", "count": 34.0, "unitCostCurrency": 0.0, "unitPriceExcludingVatCurrency": 1100.0, "currency": {"id": 1, "url": "kkpqfuj-amager.tripletex.dev/v2/currency/1"}, "markup": 0.0, "discount": 0.0, "vatType": {"id": 3, "url": "kkpqfuj-amager.tripletex.dev/v2/ledger/vatType/3"}, "amountExcludingVatCurrency": 37400.0, "amountIncludingVatCurrency": 46750.0, "vendor": null, "order": {"id": 402084823, "url": "kkpqfuj-amager.tripletex.dev/v2/order/402084823"}, "unitPriceIncludingVatCurrency": 1375.0, "isSubscription": false, "subscriptionPeriodStart": null, "subscriptionPeriodEnd": null, "orderGroup": null, "sortIndex": 0, "isPicked": false, "pickedDate": null, "orderedQuantity": 0, "isCharged": false}}
  Iteration 10 took 4.0s
  [trim] Compressed 1 old tool responses to save tokens

──────────────────────────────────────────────────
  ITERATION 11/25
──────────────────────────────────────────────────
  Tokens: prompt=23729 completion=54 total_session=245808
  Messages: 23 (83,974 chars)
  Tool calls (1):
    [1] tripletex_api({"method":"POST","path":"/invoice","body":{"invoiceDate":"2026-03-22","invoiceDueDate":"2026-04-05","orders":[{"id":402084823}]}})
    ┌─ API POST /invoice
    │  body:   {"invoiceDate": "2026-03-22", "invoiceDueDate": "2026-04-05", "orders": [{"id": 402084823}]}
    └─ 201 OK (3.5s) id=2147705938
    │  response: {"value": {"id": 2147705938, "version": 3, "url": "kkpqfuj-amager.tripletex.dev/v2/invoice/2147705938", "invoiceNumber": 1, "invoiceDate": "2026-03-22", "customer": {"id": 108610432, "url": "kkpqfuj-amager.tripletex.dev/v2/customer/108610432"}, "creditedInvoice": 0, "isCredited": false, "invoiceDueDate": "2026-04-05", "kid": "", "invoiceComment": "", "comment": "", "orders": [{"id": 402084823, "url": "kkpqfuj-amager.tripletex.dev/v2/order/402084823"}], "orderLines": [{"id": 1607617731, "url": "kkpqfuj-amager.tripletex.dev/v2/order/orderline/1607617731"}], "travelReports": [], "projectInvoiceDetails": [{"id": 1965832546, "url": "kkpqfuj-amager.tripletex.dev/v2/invoice/details/1965832546"}], "voucher": {"id": 609446299, "url": "kkpqfuj-amager.tripletex.dev/v2/ledger/voucher/609446299"}, "deliveryDate": "2026-03-22", "amount": 46750.0, "amountCurrency": 46750.0, "amountExcludingVat": 37400.0, "amountExcludingVatCurrency": 37400.0, "amountRoundoff": 0, "amountRoundoffCurrency": 0, "amountOutstanding": 46750.0, "amountCurrencyOutstanding": 46750.0, "amountOutstandingTotal": 46750.0, "amountCurrencyOutstandingTotal": 46750.0, "sumRemits": 0, "currency": {"id": 1, "url": "kkpqfuj-amager.tripletex.dev/v2/currency/1"}, "isCreditNote": false, "isCharged": true, "isApproved": false, "postings": [{"id": 3846583093, "url": "kkpqfuj-amager.tripletex.dev/v2/ledger/posting/3846583093"}], "reminders": [], "invoiceRemarks": "", "invoiceRemark": null, "isPeriodizationPossible": true, "documentI…
  Iteration 11 took 4.6s
  [trim] Compressed 1 old tool responses to save tokens

──────────────────────────────────────────────────
  ITERATION 12/25
──────────────────────────────────────────────────
  Tokens: prompt=22654 completion=9 total_session=268471
  Messages: 25 (80,688 chars)
  Tool calls (1):
    [1] done()

  ⏳ Verifying task completion (195s remaining)...
  📋 Verification prompt (4621 chars):
    │ TASK: Registre 34 horas para Carmen Pérez (carmen.perez@example.org) en la actividad "Design" del proyecto "Migración de datos" para Solmar SL (org. nº 920251684). Tarifa por hora: 1100 NOK/h. Genere una factura de proyecto al cliente basada en las horas registradas.
    │ 
    │ 
    │ ACTION LOG (chronological):
    │ CALL: tripletex_api({"method":"POST","path":"/customer","body":{"name":"Solmar SL","isCustomer":true,"organizationNumber":"920251684"}})
    │ status=ok
    │ CALL: tripletex_api({"method":"POST","path":"/employee","body":{"firstName":"Carmen","lastName":"Pérez","email":"carmen.perez@example.org"}})
    │ status=ok
    │ CALL: tripletex_api({"method":"POST","path":"/employee","body":{"firstName":"Carmen","lastName":"Pérez","email":"carmen.perez@example.org","dateOfBirth":"1990-01-01"}})
    │ status=ok
    │ CALL: tripletex_api({"method":"POST","path":"/project","body":{"name":"Migración de datos","number":"PRJ-3847","projectManager":{"id":18803939},"startDate":"2026-03-22","customer":{"id":108610432}}})
    │ status=ok
    │ CALL: tripletex_api({"method":"GET","path":"/activity"})
    │ status=ok
    │ CALL: tripletex_api({"method":"POST","path":"/timesheet/entry","body":{"employee":{"id":18803939},"project":{"id":402084813},"activity":{"id":6200265},"date":"2026-03-22","hours":34,"hourlyRate":1100,"chargeable":true,"comment":"Design work for Migración de datos"}})
    │ status=ok
    │ CALL: tripletex_api({"method":"GET","path":"/ledger/vatType"})
    │ CALL: tripletex_api({"method":"POST","path":"/product","body":{"name":"Design work for Migración de datos","priceExcludingVatCurrency":1100,"vatType":{"id":3}}})
    │ status=ok id=84440980 name=Design work for Migración de datos priceExcludingVatCurrency=1100 priceIncludingVatCurrency=1375.0
    │ CALL: tripletex_api({"method":"POST","path":"/order","body":{"customer":{"id":108610432},"orderDate":"2026-03-22","deliveryDate":"2026-03-22","project":{"id":402084813}}})
    │ status=ok id=402084823
    │ CALL: tripletex_api({"method":"POST","path":"/order/orderline","body":{"order":{"id":402084823},"product":{"id":84440980},"count":34}})
    │ status=ok id=1607617731 count=34.0
    │ CALL: tripletex_api({"method":"POST","path":"/invoice","body":{"invoiceDate":"2026-03-22","invoiceDueDate":"2026-04-05","orders":[{"id":402084823}]}})
    │ status=ok id=2147705938 amount=46750.0 amountCurrency=46750.0 invoiceNumber=1
    │ CALL: done({})
    │ 
    │ You are an accounting verification agent. Based ONLY on the action log above, check:
    │ 1. MATH: All amounts, percentages, VAT calculations correct? (e.g. if task says 50% of 274950, invoice total incl VAT must be 137475)
    │ 2. COMPLETENESS: Were all steps in the task done? Look at the CALL entries — if the action log shows the step was performed with status=ok, it WAS done. Do NOT say a step is missing if you can see it in the log!
    │ IMPORTANT: 'Fakturer'/'Invoice' just means create an invoice — do NOT require sending unless the task explicitly says send/sende/enviar/envoyer/senden!
    │ 3. DATA: Names, org numbers, dates match the task?
    │ 4. AMOUNTS: If any created entity shows amount=0 or totalAmount=0 in the response, that is WRONG — the postings failed silently. For supplier invoices: amount=0 with amountExcludingVat=0 means postings were MISSING or malformed.
    │ 5. BUDGET vs INVOICE: NEVER flag a mismatch between project budget and invoice total. For fixed-price projects the invoice excl. VAT matches the fixedprice — this is CORRECT. For other projects, invoice is based on actual work/costs. Either way, do NOT fail on budget vs invoice differences.
    │ 6. PAYMENT AMOUNTS: Invoice payments and reversals use the FULL amount INCLUDING VAT, not excl. VAT. If the task says 'X NOK excl. VAT', the correct payment/reversal amount is X × 1.25 (Norwegian 25% VAT). Do NOT flag a mismatch between excl. VAT amounts in the task and incl. VAT payment amounts.
    │ 7. VAT BREAKDOWN: If the total invoice amount matches the expected sum, do NOT fail on 'VAT breakdown not reflected' or similar vague VAT concerns. Only fail if a specific line item has the WRONG VAT rate applied.
    │ 
    │ CRITICAL: Be CONSERVATIVE. When in doubt, say PASS.
    │ Only say FAIL for CLEAR, OBJECTIVE, SPECIFIC errors (wrong math, completely missing step, wrong name).
    │ Do NOT say FAIL for: vague concerns, 'might be wrong', uncertain issues, minor stylistic differences, or steps you cannot confirm from the log (absence of evidence is NOT evidence of absence).
    │ A false FAIL causes MORE damage than a missed error. When uncertain, ALWAYS say PASS.
    │ If the action log shows all main steps completed with status=ok, say PASS.
    │ 
    │ Reply ONLY with either:
    │ - 'PASS' if everything looks correct or you are unsure
    │ - 'FAIL: <specific issue>' ONLY if there is an obvious, objective error
  🔍 Verification (1242 tokens): PASS

  ✓ DONE — 12 iterations, 268471 tokens, 39.2s

======================================================================
  TASK COMPLETE — total 45.8s
======================================================================

