
======================================================================
  NEW TASK RECEIVED
  Version: unknown
======================================================================
  Prompt: Sie haben eine Lieferantenrechnung erhalten (siehe beigefugte PDF). Registrieren Sie die Rechnung in Tripletex. Erstellen Sie den Lieferanten, falls er nicht existiert. Verwenden Sie das richtige Aufwandskonto und die Vorsteuer.
  Files:  1
  URL:    https://tx-proxy-jwanbnu3pq-lz.a.run.app/v2
    - files/leverandorfaktura_de_02.pdf (application/pdf)
──────────────────────────────────────────────────────────────────────
  [pre] Invoice/credit/payment task detected — ensuring bank account...
    ┌─ API GET /invoice/settings
    └─ 200 OK (0.2s) id=956428
    ┌─ API GET /ledger/account
    │  params: {"isBankAccount": "true", "count": 10}
    └─ 200 OK (0.3s) [2 items]
  [bank] found account 1920 id=470032722 v=0
    ┌─ API PUT /ledger/account/470032722
    │  body:   {"id": 470032722, "version": 0, "number": 1920, "name": "Bankinnskudd", "bankAccountNumber": "15030100112"}
    └─ 200 OK (0.3s) id=470032722 name=Bankinnskudd
  [bank] bank account set OK
  [pre] Bank account setup: OK
    [file] Extracted 281 chars from PDF: files/leverandorfaktura_de_02.pdf

──────────────────────────────────────────────────
  ITERATION 1/25
──────────────────────────────────────────────────
  Tokens: prompt=15092 completion=245 total_session=15337
  GPT says: To register the supplier invoice, I will follow these steps:

1. **Create the Supplier**: 
   I will check if the supplier "Brückentor GmbH" exists and create it if necessary.

2. **Look Up Accounts and VAT Types**: 
   I will ensure I have the correct account (6300) and VAT type (25% input) for registration.

3. **Register the Supplier Invoice**:
   I'll try to use the /incomingInvoice endpoint first. If it doesn't work, I'll use the /supplierInvoice endpoint.

Let's proceed to carry out these 
  Messages: 3 (57,055 chars)
  Tool calls (1):
    [1] tripletex_api({"method":"POST","path":"/supplier","body":{"name":"Brückentor GmbH","organizationNumber":"923405070","email":"info@brueckentor.de","invoiceEmail":"info@brueckentor.de","overdueNoticeEmail":"info@brueckentor.de","physicalAddress":{"addressLine1":"Industriveien 49","postalCode":"9008","city":"Tromsø"},"postalAddress":{"addressLine1":"Industriveien 49","postalCode":"9008","city":"Tromsø"}}})
    ┌─ API POST /supplier
    │  body:   {"name": "Brückentor GmbH", "organizationNumber": "923405070", "email": "info@brueckentor.de", "invoiceEmail": "info@brueckentor.de", "overdueNoticeEmail": "info@brueckentor.de", "physicalAddress": {"addressLine1": "Industriveien 49", "postalCode": "9008", "city": "Tromsø"}, "postalAddress": {"addressLine1": "Industriveien 49", "postalCode": "9008", "city": "Tromsø"}, "isSupplier": true}
    └─ 201 OK (0.3s) id=108409256 name=Brückentor GmbH
    │  response: {"value": {"id": 108409256, "version": 1, "url": "kkpqfuj-amager.tripletex.dev/v2/supplier/108409256", "name": "Brückentor GmbH", "organizationNumber": "923405070", "supplierNumber": 20001, "customerNumber": 0, "isSupplier": true, "isCustomer": false, "isInactive": false, "email": "info@brueckentor.de", "invoiceEmail": "info@brueckentor.de", "overdueNoticeEmail": "info@brueckentor.de", "phoneNumber": "", "phoneNumberMobile": "", "description": "", "isPrivateIndividual": false, "showProducts": false, "accountManager": null, "postalAddress": {"id": 405667290, "version": 0, "url": "kkpqfuj-amager.tripletex.dev/v2/address/405667290", "addressLine1": "Industriveien 49", "addressLine2": "", "postalCode": "9008", "city": "Tromsø", "country": {"id": 161, "url": "kkpqfuj-amager.tripletex.dev/v2/country/161"}, "displayName": "Brückentor GmbH, Industriveien 49, 9008 Tromsø, Norge", "addressAsString": "Industriveien 49, 9008 Tromsø, Norge", "displayNameInklMatrikkel": "Brückentor GmbH, Industriveien 49, 9008 Tromsø, Norge", "knr": 0, "gnr": 0, "bnr": 0, "fnr": 0, "snr": 0, "unitNumber": ""}, "physicalAddress": {"id": 405667289, "version": 0, "url": "kkpqfuj-amager.tripletex.dev/v2/address/405667289", "addressLine1": "Industriveien 49", "addressLine2": "", "postalCode": "9008", "city": "Tromsø", "country": {"id": 161, "url": "kkpqfuj-amager.tripletex.dev/v2/country/161"}, "displayName": "Brückentor GmbH, Industriveien 49, 9008 Tromsø, Norge", "addressAsString": "Industriveien 49, 9008 Tro…
  Iteration 1 took 3.7s

──────────────────────────────────────────────────
  ITERATION 2/25
──────────────────────────────────────────────────
  Tokens: prompt=16092 completion=24 total_session=31453
  Messages: 5 (59,131 chars)
  Tool calls (1):
    [1] tripletex_api({"method":"GET","path":"/ledger/vatType"})
    ┌─ API GET /ledger/vatType
    └─ 200 OK (0.2s) [56 items]
    │  response: {"fullResultSize": 56, "from": 0, "count": 56, "versionDigest": "'If-None-Match' header not specified", "values": [{"id": 1, "version": 0, "url": "kkpqfuj-amager.tripletex.dev/v2/ledger/vatType/1", "name": "Fradrag inngående avgift, høy sats", "number": "1", "displayName": "1: (25%) Fradrag inngående avgift, høy sats", "percentage": 25, "deductionPercentage": 100.0, "parentType": {"id": 0, "url": "kkpqfuj-amager.tripletex.dev/v2/ledger/vatType/0"}}, {"id": 2, "version": 0, "url": "kkpqfuj-amager.tripletex.dev/v2/ledger/vatType/2", "name": "Direktepostert fradrag inngående avgift, høy sats (mva-kode utgikk 01.01.2017)", "number": "UT-2", "displayName": "UT-2: (100%) Direktepostert fradrag inngående avgift, høy sats (mva-kode utgikk 01.01.2017)", "percentage": 100.0, "deductionPercentage": 100.0, "parentType": {"id": 0, "url": "kkpqfuj-amager.tripletex.dev/v2/ledger/vatType/0"}}, {"id": 3, "version": 0, "url": "kkpqfuj-amager.tripletex.dev/v2/ledger/vatType/3", "name": "Utgående avgift, høy sats", "number": "3", "displayName": "3: (25%) Utgående avgift, høy sats", "percentage": 25, "deductionPercentage": 100.0, "parentType": {"id": 0, "url": "kkpqfuj-amager.tripletex.dev/v2/ledger/vatType/0"}}, {"id": 4, "version": 0, "url": "kkpqfuj-amager.tripletex.dev/v2/ledger/vatType/4", "name": "Direktepostert utgående avgift, høy sats", "number": "4", "displayName": "4: (100%) Direktepostert utgående avgift, høy sats", "percentage": 100.0, "deductionPercentage": 100.0, "parentType": {"id…
  Iteration 2 took 1.0s

──────────────────────────────────────────────────
  ITERATION 3/25
──────────────────────────────────────────────────
  Tokens: prompt=19123 completion=29 total_session=50605
  Messages: 7 (67,145 chars)
  Tool calls (1):
    [1] tripletex_api({"method":"GET","path":"/ledger/account","params":{"number":"6300"}})
    ┌─ API GET /ledger/account
    │  params: {"number": "6300"}
    └─ 200 OK (0.3s) [1 items]
    │  response: {"fullResultSize": 1, "from": 0, "count": 1, "versionDigest": "'If-None-Match' header not specified", "values": [{"id": 470032977, "version": 0, "url": "kkpqfuj-amager.tripletex.dev/v2/ledger/account/470032977", "number": 6300, "numberPretty": "6300", "name": "Leie lokale", "description": "", "type": "OPERATING_EXPENSES", "legalVatTypes": [{"id": 0, "url": "kkpqfuj-amager.tripletex.dev/v2/ledger/vatType/0"}, {"id": 1, "url": "kkpqfuj-amager.tripletex.dev/v2/ledger/vatType/1"}, {"id": 11, "url": "kkpqfuj-amager.tripletex.dev/v2/ledger/vatType/11"}, {"id": 12, "url": "kkpqfuj-amager.tripletex.dev/v2/ledger/vatType/12"}, {"id": 230, "url": "kkpqfuj-amager.tripletex.dev/v2/ledger/vatType/230"}, {"id": 13, "url": "kkpqfuj-amager.tripletex.dev/v2/ledger/vatType/13"}, {"id": 14, "url": "kkpqfuj-amager.tripletex.dev/v2/ledger/vatType/14"}, {"id": 34, "url": "kkpqfuj-amager.tripletex.dev/v2/ledger/vatType/34"}, {"id": 35, "url": "kkpqfuj-amager.tripletex.dev/v2/ledger/vatType/35"}, {"id": 559, "url": "kkpqfuj-amager.tripletex.dev/v2/ledger/vatType/559"}, {"id": 550, "url": "kkpqfuj-amager.tripletex.dev/v2/ledger/vatType/550"}, {"id": 551, "url": "kkpqfuj-amager.tripletex.dev/v2/ledger/vatType/551"}, {"id": 553, "url": "kkpqfuj-amager.tripletex.dev/v2/ledger/vatType/553"}, {"id": 560, "url": "kkpqfuj-amager.tripletex.dev/v2/ledger/vatType/560"}], "ledgerType": "GENERAL", "balanceGroup": "Ikke i en saldogruppe.", "vatType": {"id": 0, "url": "kkpqfuj-amager.tripletex.dev/v2/ledger/vatTyp…
  Iteration 3 took 1.3s

──────────────────────────────────────────────────
  ITERATION 4/25
──────────────────────────────────────────────────
  Tokens: prompt=19918 completion=143 total_session=70666
  Messages: 9 (69,226 chars)
  Tool calls (1):
    [1] tripletex_api({"method":"POST","path":"/incomingInvoice","params":{"sendTo":"ledger"},"body":{"invoiceHeader":{"vendorId":108409256,"invoiceDate":"2026-03-21","dueDate":"2026-02-22","invoiceAmount":64250,"invoiceNumber":"INV-2026-4342","description":"Supplier invoice INV-2026-4342 from Brückentor GmbH"},"orderLines":[{"externalId":"line-1","row":1,"description":"Nettverkstjenester","accountId":470032977,"amountInclVat":64250,"vatTypeId":1}]}})
    ┌─ API POST /incomingInvoice
    │  params: {"sendTo": "ledger"}
    │  body:   {"invoiceHeader": {"vendorId": 108409256, "invoiceDate": "2026-03-21", "dueDate": "2026-02-22", "invoiceAmount": 64250, "invoiceNumber": "INV-2026-4342", "description": "Supplier invoice INV-2026-4342 from Brückentor GmbH"}, "orderLines": [{"externalId": "line-1", "row": 1, "description": "Nettverkstjenester", "accountId": 470032977, "amountInclVat": 64250, "vatTypeId": 1}]}
    └─ 403 ERR (1.0s) {"status": 403, "code": 9000, "message": "You do not have permission to access this feature.", "link": "https://tripletex.no/v2-docs/", "developerMessage": null, "validationMessages": null, "requestId": "5915f28a-0bfd-403c-918d-f28ba5fe569a", "_status_code": 403}
    │  response: {"status": 403, "code": 9000, "message": "You do not have permission to access this feature.", "link": "https://tripletex.no/v2-docs/", "developerMessage": null, "validationMessages": null, "requestId": "5915f28a-0bfd-403c-918d-f28ba5fe569a", "_status_code": 403}
  Iteration 4 took 4.0s

──────────────────────────────────────────────────
  ITERATION 5/25
──────────────────────────────────────────────────
  Tokens: prompt=20159 completion=29 total_session=90854
  Messages: 11 (69,489 chars)
  Tool calls (1):
    [1] tripletex_api({"method":"GET","path":"/ledger/account","params":{"number":"2400"}})
    ┌─ API GET /ledger/account
    │  params: {"number": "2400"}
    └─ 200 OK (2.6s) [1 items]
    │  response: {"fullResultSize": 1, "from": 0, "count": 1, "versionDigest": "'If-None-Match' header not specified", "values": [{"id": 470032781, "version": 0, "url": "kkpqfuj-amager.tripletex.dev/v2/ledger/account/470032781", "number": 2400, "numberPretty": "2400", "name": "Leverandørgjeld", "description": "", "type": "LIABILITIES", "legalVatTypes": [{"id": 0, "url": "kkpqfuj-amager.tripletex.dev/v2/ledger/vatType/0"}], "ledgerType": "VENDOR", "balanceGroup": "Ikke i en saldogruppe.", "vatType": {"id": 0, "url": "kkpqfuj-amager.tripletex.dev/v2/ledger/vatType/0"}, "vatLocked": true, "currency": null, "isCloseable": true, "isApplicableForSupplierInvoice": true, "requireReconciliation": false, "isInactive": false, "isBankAccount": false, "isInvoiceAccount": false, "bankAccountNumber": "", "bankAccountCountry": null, "bankName": "", "bankAccountIBAN": "", "bankAccountSWIFT": "", "saftCode": "24", "groupingCode": "2400", "displayName": "2400 Leverandørgjeld", "requiresDepartment": false, "requiresProject": false, "invoicingDepartment": null, "isPostingsExist": false, "quantityType1": null, "quantityType2": null, "department": null}]}
  Iteration 5 took 4.9s

──────────────────────────────────────────────────
  ITERATION 6/25
──────────────────────────────────────────────────
  Tokens: prompt=20567 completion=186 total_session=111607
  Messages: 13 (70,622 chars)
  Tool calls (1):
    [1] tripletex_api({"method":"POST","path":"/supplierInvoice","body":{"invoiceNumber":"INV-2026-4342","invoiceDate":"2026-03-21","invoiceDueDate":"2026-02-22","supplier":{"id":108409256},"voucher":{"date":"2026-03-21","description":"Supplier invoice INV-2026-4342 from Brückentor GmbH","postings":[{"row":1,"date":"2026-03-21","amountGross":64250,"amountGrossCurrency":64250,"account":{"id":470032977},"vatType":{"id":1}},{"row":2,"date":"2026-03-21","amountGross":-64250,"amountGrossCurrency":-64250,"account":{"id":470032781},"supplier":{"id":108409256}}]}}})
    ┌─ API POST /supplierInvoice
    │  body:   {"invoiceNumber": "INV-2026-4342", "invoiceDate": "2026-03-21", "invoiceDueDate": "2026-02-22", "supplier": {"id": 108409256}, "voucher": {"date": "2026-03-21", "description": "Supplier invoice INV-2026-4342 from Brückentor GmbH", "postings": [{"row": 1, "date": "2026-03-21", "amountGross": 64250, "amountGrossCurrency": 64250, "account": {"id": 470032977}, "vatType": {"id": 1}}, {"row": 2, "date": "2026-03-21", "amountGross": -64250, "amountGrossCurrency": -64250, "account": {"id": 470032781}, "supplier": {"id": 108409256}}]}}
    └─ 201 OK (2.1s) id=2147631201
    │  response: {"value": {"id": 2147631201, "version": 0, "url": "kkpqfuj-amager.tripletex.dev/v2/supplierInvoice/2147631201", "invoiceNumber": "INV-2026-4342", "invoiceDate": "2026-03-21", "supplier": {"id": 108409256, "url": "kkpqfuj-amager.tripletex.dev/v2/supplier/108409256"}, "invoiceDueDate": "2026-02-22", "kidOrReceiverReference": "", "voucher": {"id": 609118922, "url": "kkpqfuj-amager.tripletex.dev/v2/ledger/voucher/609118922"}, "amount": 0, "amountCurrency": 0, "amountExcludingVat": 0, "amountExcludingVatCurrency": 0, "currency": null, "isCreditNote": false, "orderLines": [], "payments": [], "originalInvoiceDocumentId": 0, "approvalListElements": [{"id": 647075494, "url": "kkpqfuj-amager.tripletex.dev/v2/voucherApprovalListElement/647075494"}, {"id": 647075492, "url": "kkpqfuj-amager.tripletex.dev/v2/voucherApprovalListElement/647075492"}], "outstandingAmount": 0.0}}
  Iteration 6 took 3.9s

──────────────────────────────────────────────────
  ITERATION 7/25
──────────────────────────────────────────────────
  Tokens: prompt=21067 completion=9 total_session=132683
  Messages: 15 (71,495 chars)
  Tool calls (1):
    [1] done()

  ⏳ Verifying task completion (269s remaining)...
  📋 Verification prompt (3964 chars):
    │ TASK: Sie haben eine Lieferantenrechnung erhalten (siehe beigefugte PDF). Registrieren Sie die Rechnung in Tripletex. Erstellen Sie den Lieferanten, falls er nicht existiert. Verwenden Sie das richtige Aufwandskonto und die Vorsteuer.
    │ 
    │ 
    │ ACTION LOG (chronological):
    │ CALL: tripletex_api({"method":"POST","path":"/supplier","body":{"name":"Brückentor GmbH","organizationNumber":"923405070","email":"info@brueckentor.de","invoiceEmail":"info@brueckentor.de","overdueNoticeEmail":"info@brueckentor.de","physicalAddress":{"addressLine1":"Industriveien 49","postalCode":"9008","city":"Tromsø")
    │ status=ok id=108409256 name=Brückentor GmbH
    │ CALL: tripletex_api({"method":"GET","path":"/ledger/vatType"})
    │ CALL: tripletex_api({"method":"GET","path":"/ledger/account","params":{"number":"6300"}})
    │ status=ok
    │ CALL: tripletex_api({"method":"POST","path":"/incomingInvoice","params":{"sendTo":"ledger"},"body":{"invoiceHeader":{"vendorId":108409256,"invoiceDate":"2026-03-21","dueDate":"2026-02-22","invoiceAmount":64250,"invoiceNumber":"INV-2026-4342","description":"Supplier invoice INV-2026-4342 from Brückentor GmbH"},"orderLin)
    │ status=403
    │ CALL: tripletex_api({"method":"GET","path":"/ledger/account","params":{"number":"2400"}})
    │ status=ok
    │ CALL: tripletex_api({"method":"POST","path":"/supplierInvoice","body":{"invoiceNumber":"INV-2026-4342","invoiceDate":"2026-03-21","invoiceDueDate":"2026-02-22","supplier":{"id":108409256},"voucher":{"date":"2026-03-21","description":"Supplier invoice INV-2026-4342 from Brückentor GmbH","postings":[{"row":1,"date":"2026)
    │ status=ok id=2147631201 amount=0 amountCurrency=0 invoiceNumber=INV-2026-4342
    │ CALL: done({})
    │ 
    │ You are an accounting verification agent. Based ONLY on the action log above, check:
    │ 1. MATH: All amounts, percentages, VAT calculations correct? (e.g. if task says 50% of 274950, invoice total incl VAT must be 137475)
    │ 2. COMPLETENESS: Were all steps in the task done? Look at the CALL entries — if the action log shows the step was performed with status=ok, it WAS done. Do NOT say a step is missing if you can see it in the log!
    │ IMPORTANT: 'Fakturer'/'Invoice' just means create an invoice — do NOT require sending unless the task explicitly says send/sende/enviar/envoyer/senden!
    │ 3. DATA: Names, org numbers, dates match the task?
    │ 4. AMOUNTS: If any created entity shows amount=0 or totalAmount=0 in the response, that is WRONG — the postings failed silently. EXCEPTION: Supplier invoice (supplierInvoice) responses normally show amount=0 — this is OK.
    │ 5. BUDGET vs INVOICE: NEVER flag a mismatch between project budget and invoice total. For fixed-price projects the invoice excl. VAT matches the fixedprice — this is CORRECT. For other projects, invoice is based on actual work/costs. Either way, do NOT fail on budget vs invoice differences.
    │ 6. PAYMENT AMOUNTS: Invoice payments and reversals use the FULL amount INCLUDING VAT, not excl. VAT. If the task says 'X NOK excl. VAT', the correct payment/reversal amount is X × 1.25 (Norwegian 25% VAT). Do NOT flag a mismatch between excl. VAT amounts in the task and incl. VAT payment amounts.
    │ 7. VAT BREAKDOWN: If the total invoice amount matches the expected sum, do NOT fail on 'VAT breakdown not reflected' or similar vague VAT concerns. Only fail if a specific line item has the WRONG VAT rate applied.
    │ 
    │ CRITICAL: Be CONSERVATIVE. When in doubt, say PASS.
    │ Only say FAIL for CLEAR, OBJECTIVE, SPECIFIC errors (wrong math, completely missing step, wrong name).
    │ Do NOT say FAIL for: vague concerns, 'might be wrong', uncertain issues, minor stylistic differences, or steps you cannot confirm from the log (absence of evidence is NOT evidence of absence).
    │ A false FAIL causes MORE damage than a missed error. When uncertain, ALWAYS say PASS.
    │ If the action log shows all main steps completed with status=ok, say PASS.
    │ 
    │ Reply ONLY with either:
    │ - 'PASS' if everything looks correct or you are unsure
    │ - 'FAIL: <specific issue>' ONLY if there is an obvious, objective error
  🔍 Verification (1032 tokens): PASS

  ✓ DONE — 7 iterations, 132683 tokens, 20.9s

======================================================================
  TASK COMPLETE — total 21.3s
======================================================================

