
======================================================================
  NEW TASK RECEIVED
  Version: unknown
======================================================================
  Prompt: Enviámos uma fatura de 13986 EUR ao Porto Alegre Lda (org. nº 906918129) quando a taxa de câmbio era 10.37 NOK/EUR. O cliente pagou agora, mas a taxa é 11.31 NOK/EUR. Registe o pagamento e lance a diferença cambial (agio) na conta correta.
  Files:  0
  URL:    https://tx-proxy-jwanbnu3pq-lz.a.run.app/v2
──────────────────────────────────────────────────────────────────────
  [pre] Invoice/credit/payment task detected — ensuring bank account...
    ┌─ API GET /invoice/settings
    └─ 200 OK (0.3s) id=962586
  [bank] already ready
  [pre] Bank account setup: OK

──────────────────────────────────────────────────
  ITERATION 1/25
──────────────────────────────────────────────────
  Tokens: prompt=15798 completion=21 total_session=15819
  Messages: 3 (59,235 chars)
  Tool calls (1):
    [1] tripletex_api({"method":"GET","path":"/invoice"})
    │  [reject] 1 rule violation(s):
    │    • [invoice-get-date-params] GET /invoice requires params invoiceDateFrom and invoiceDateTo. Use wide range like invoiceDateFrom=2000-01-01&invoiceDateTo=2030-12-31. (missing param: invoiceDateFrom)
  Iteration 1 took 0.8s

──────────────────────────────────────────────────
  ITERATION 2/25
──────────────────────────────────────────────────
  Tokens: prompt=15971 completion=43 total_session=31833
  Messages: 5 (59,742 chars)
  Tool calls (1):
    [1] tripletex_api({"method":"GET","path":"/invoice?invoiceDateFrom=2000-01-01&invoiceDateTo=2030-12-31"})
    │  [fix] extracted query params from path: {'invoiceDateFrom': '2000-01-01', 'invoiceDateTo': '2030-12-31'}
    ┌─ API GET /invoice
    │  params: {"invoiceDateFrom": "2000-01-01", "invoiceDateTo": "2030-12-31"}
    └─ 200 OK (0.3s) [1 items]
    │  response: {"fullResultSize": 1, "from": 0, "count": 1, "versionDigest": "'If-None-Match' header not specified", "values": [{"id": 2147639566, "version": 3, "url": "kkpqfuj-amager.tripletex.dev/v2/invoice/2147639566", "invoiceNumber": 1, "invoiceDate": "2026-02-01", "customer": {"id": 108428830, "url": "kkpqfuj-amager.tripletex.dev/v2/customer/108428830"}, "creditedInvoice": 0, "isCredited": false, "invoiceDueDate": "2026-03-01", "kid": "", "invoiceComment": "", "comment": "", "orders": [{"id": 402037953, "url": "kkpqfuj-amager.tripletex.dev/v2/order/402037953"}], "orderLines": [{"id": 1607575475, "url": "kkpqfuj-amager.tripletex.dev/v2/order/orderline/1607575475"}], "travelReports": [], "projectInvoiceDetails": [{"id": 1965795477, "url": "kkpqfuj-amager.tripletex.dev/v2/invoice/details/1965795477"}], "voucher": {"id": 609159508, "url": "kkpqfuj-amager.tripletex.dev/v2/ledger/voucher/609159508"}, "deliveryDate": "2026-02-01", "amount": 17482.5, "amountCurrency": 17482.5, "amountExcludingVat": 13986.0, "amountExcludingVatCurrency": 13986.0, "amountRoundoff": 0.0, "amountRoundoffCurrency": 0.0, "amountOutstanding": 17482.5, "amountCurrencyOutstanding": 17482.5, "amountOutstandingTotal": 17482.5, "amountCurrencyOutstandingTotal": 17482.5, "sumRemits": 0, "currency": {"id": 1, "url": "kkpqfuj-amager.tripletex.dev/v2/currency/1"}, "isCreditNote": false, "isCharged": true, "isApproved": false, "postings": [{"id": 3845826623, "url": "kkpqfuj-amager.tripletex.dev/v2/ledger/posting/3845826623"}]…
  Iteration 2 took 1.1s

──────────────────────────────────────────────────
  ITERATION 3/25
──────────────────────────────────────────────────
  Tokens: prompt=16601 completion=23 total_session=48457
  Messages: 7 (61,366 chars)
  Tool calls (1):
    [1] tripletex_api({"method":"GET","path":"/invoice/paymentType"})
    ┌─ API GET /invoice/paymentType
    └─ 200 OK (0.3s) [2 items]
    │  response: {"fullResultSize": 2, "from": 0, "count": 2, "versionDigest": "'If-None-Match' header not specified", "values": [{"id": 37360266, "version": 0, "url": "kkpqfuj-amager.tripletex.dev/v2/invoice/paymentType/37360266", "description": "Kontant", "displayName": "Kontant", "debitAccount": {"id": 473284993, "url": "kkpqfuj-amager.tripletex.dev/v2/ledger/account/473284993"}, "creditAccount": null, "vatType": {"id": 0, "url": "kkpqfuj-amager.tripletex.dev/v2/ledger/vatType/0"}, "sequence": 1, "customer": null, "supplier": null, "currencyId": 1, "currencyCode": "NOK"}, {"id": 37360267, "version": 0, "url": "kkpqfuj-amager.tripletex.dev/v2/invoice/paymentType/37360267", "description": "Betalt til bank", "displayName": "Betalt til bank", "debitAccount": {"id": 473284996, "url": "kkpqfuj-amager.tripletex.dev/v2/ledger/account/473284996"}, "creditAccount": null, "vatType": {"id": 0, "url": "kkpqfuj-amager.tripletex.dev/v2/ledger/vatType/0"}, "sequence": 2, "customer": null, "supplier": null, "currencyId": 1, "currencyCode": "NOK"}]}
  Iteration 3 took 1.1s

──────────────────────────────────────────────────
  ITERATION 4/25
──────────────────────────────────────────────────
  Tokens: prompt=17001 completion=63 total_session=65521
  Messages: 9 (62,399 chars)
  Tool calls (1):
    [1] tripletex_api({"method":"PUT","path":"/invoice/2147639566/:payment?paymentDate=2026-03-21&paymentTypeId=37360267&paidAmount=17482.5&paidAmountCurrency=17482.5"})
    │  [fix] extracted query params from path: {'paymentDate': '2026-03-21', 'paymentTypeId': '37360267', 'paidAmount': '17482.5', 'paidAmountCurrency': '17482.5'}
    ┌─ API PUT /invoice/2147639566/:payment
    │  params: {"paymentDate": "2026-03-21", "paymentTypeId": "37360267", "paidAmount": "17482.5", "paidAmountCurrency": "17482.5"}
    └─ 200 OK (0.5s) id=2147639566
    │  response: {"value": {"id": 2147639566, "version": 3, "url": "kkpqfuj-amager.tripletex.dev/v2/invoice/2147639566", "invoiceNumber": 1, "invoiceDate": "2026-02-01", "customer": {"id": 108428830, "url": "kkpqfuj-amager.tripletex.dev/v2/customer/108428830"}, "creditedInvoice": 0, "isCredited": false, "invoiceDueDate": "2026-03-01", "kid": "", "invoiceComment": "", "comment": "", "orders": [{"id": 402037953, "url": "kkpqfuj-amager.tripletex.dev/v2/order/402037953"}], "orderLines": [{"id": 1607575475, "url": "kkpqfuj-amager.tripletex.dev/v2/order/orderline/1607575475"}], "travelReports": [], "projectInvoiceDetails": [{"id": 1965795477, "url": "kkpqfuj-amager.tripletex.dev/v2/invoice/details/1965795477"}], "voucher": {"id": 609159508, "url": "kkpqfuj-amager.tripletex.dev/v2/ledger/voucher/609159508"}, "deliveryDate": "2026-02-01", "amount": 17482.5, "amountCurrency": 17482.5, "amountExcludingVat": 13986.0, "amountExcludingVatCurrency": 13986.0, "amountRoundoff": 0.0, "amountRoundoffCurrency": 0.0, "amountOutstanding": 0.0, "amountCurrencyOutstanding": 0.0, "amountOutstandingTotal": 0.0, "amountCurrencyOutstandingTotal": 0.0, "sumRemits": 0, "currency": {"id": 1, "url": "kkpqfuj-amager.tripletex.dev/v2/currency/1"}, "isCreditNote": false, "isCharged": true, "isApproved": false, "postings": [{"id": 3845826623, "url": "kkpqfuj-amager.tripletex.dev/v2/ledger/posting/3845826623"}, {"id": 3845826725, "url": "kkpqfuj-amager.tripletex.dev/v2/ledger/posting/3845826725"}], "reminders": [], "invoiceRema…
  Iteration 4 took 1.7s

──────────────────────────────────────────────────
  ITERATION 5/25
──────────────────────────────────────────────────
  Tokens: prompt=17646 completion=27 total_session=83194
  Messages: 11 (63,991 chars)
  Tool calls (1):
    [1] tripletex_api({"method":"GET","path":"/ledger/account?number=8060"})
    │  [fix] extracted query params from path: {'number': '8060'}
    ┌─ API GET /ledger/account
    │  params: {"number": "8060"}
    └─ 200 OK (0.4s) [1 items]
    │  response: {"fullResultSize": 1, "from": 0, "count": 1, "versionDigest": "'If-None-Match' header not specified", "values": [{"id": 473285348, "version": 0, "url": "kkpqfuj-amager.tripletex.dev/v2/ledger/account/473285348", "number": 8060, "numberPretty": "8060", "name": "Valutagevinst (agio)", "description": "", "type": "INVESTMENT_INCOME", "legalVatTypes": [{"id": 0, "url": "kkpqfuj-amager.tripletex.dev/v2/ledger/vatType/0"}], "ledgerType": "GENERAL", "balanceGroup": "Ikke i en saldogruppe.", "vatType": {"id": 0, "url": "kkpqfuj-amager.tripletex.dev/v2/ledger/vatType/0"}, "vatLocked": true, "currency": null, "isCloseable": false, "isApplicableForSupplierInvoice": false, "requireReconciliation": false, "isInactive": false, "isBankAccount": false, "isInvoiceAccount": false, "bankAccountNumber": "", "bankAccountCountry": null, "bankName": "", "bankAccountIBAN": "", "bankAccountSWIFT": "", "saftCode": "80", "groupingCode": "8060", "displayName": "8060 Valutagevinst (agio)", "requiresDepartment": false, "requiresProject": false, "invoicingDepartment": null, "isPostingsExist": false, "quantityType1": null, "quantityType2": null, "department": null}]}
  Iteration 5 took 1.3s

──────────────────────────────────────────────────
  ITERATION 6/25
──────────────────────────────────────────────────
  Tokens: prompt=18055 completion=27 total_session=101276
  Messages: 13 (65,143 chars)
  Tool calls (1):
    [1] tripletex_api({"method":"GET","path":"/ledger/account?isBankAccount=true"})
    │  [fix] extracted query params from path: {'isBankAccount': 'true'}
    ┌─ API GET /ledger/account
    │  params: {"isBankAccount": "true"}
    └─ 200 OK (0.5s) [2 items]
    │  response: {"fullResultSize": 2, "from": 0, "count": 2, "versionDigest": "'If-None-Match' header not specified", "values": [{"id": 473284996, "version": 1, "url": "kkpqfuj-amager.tripletex.dev/v2/ledger/account/473284996", "number": 1920, "numberPretty": "1920", "name": "Bankinnskudd", "description": "", "type": "ASSETS", "legalVatTypes": [{"id": 0, "url": "kkpqfuj-amager.tripletex.dev/v2/ledger/vatType/0"}], "ledgerType": "GENERAL", "balanceGroup": "Ikke i en saldogruppe.", "vatType": {"id": 0, "url": "kkpqfuj-amager.tripletex.dev/v2/ledger/vatType/0"}, "vatLocked": true, "currency": {"id": 1, "url": "kkpqfuj-amager.tripletex.dev/v2/currency/1"}, "isCloseable": false, "isApplicableForSupplierInvoice": false, "requireReconciliation": true, "isInactive": false, "isBankAccount": true, "isInvoiceAccount": true, "bankAccountNumber": "12345678903", "bankAccountCountry": {"id": 161, "url": "kkpqfuj-amager.tripletex.dev/v2/country/161"}, "bankName": "", "bankAccountIBAN": "", "bankAccountSWIFT": "", "saftCode": "19", "groupingCode": "1920", "displayName": "1920 Bankinnskudd", "requiresDepartment": false, "requiresProject": false, "invoicingDepartment": null, "isPostingsExist": true, "quantityType1": null, "quantityType2": null, "department": null}, {"id": 473284998, "version": 0, "url": "kkpqfuj-amager.tripletex.dev/v2/ledger/account/473284998", "number": 1950, "numberPretty": "1950", "name": "Bankinnskudd for skattetrekk", "description": "", "type": "ASSETS", "legalVatTypes": [{"id": 0, "url"…
  Iteration 6 took 1.5s

──────────────────────────────────────────────────
  ITERATION 7/25
──────────────────────────────────────────────────
  Tokens: prompt=18896 completion=23 total_session=120195
  Messages: 15 (67,556 chars)
  Tool calls (1):
    [1] tripletex_api({"method":"POST","path":"/ledger/voucher"})
    │  [fix] blocked POST without body: /ledger/voucher
  Iteration 7 took 0.8s

──────────────────────────────────────────────────
  ITERATION 8/25
──────────────────────────────────────────────────
  Tokens: prompt=18989 completion=141 total_session=139325
  Messages: 17 (67,778 chars)
  Tool calls (1):
    [1] tripletex_api({"method":"POST","path":"/ledger/voucher","body":{"date":"2026-03-21","description":"Exchange rate difference for payment received on invoice 2147639566","postings":[{"row":1,"date":"2026-03-21","amountGross":13068,"amountGrossCurrency":13068,"account":{"id":473284996},"vatType":{"id":0}},{"row":2,"date":"2026-03-21","amountGross":-13068,"amountGrossCurrency":-13068,"account":{"id":473285348},"vatType":{"id":0}}]}})
    ┌─ API POST /ledger/voucher
    │  body:   {"date": "2026-03-21", "description": "Exchange rate difference for payment received on invoice 2147639566", "postings": [{"row": 1, "date": "2026-03-21", "amountGross": 13068, "amountGrossCurrency": 13068, "account": {"id": 473284996}, "vatType": {"id": 0}}, {"row": 2, "date": "2026-03-21", "amountGross": -13068, "amountGrossCurrency": -13068, "account": {"id": 473285348}, "vatType": {"id": 0}}]}
    └─ 201 OK (0.5s) id=609159571
    │  response: {"value": {"id": 609159571, "version": 5, "url": "kkpqfuj-amager.tripletex.dev/v2/ledger/voucher/609159571", "date": "2026-03-21", "number": 2, "tempNumber": 0, "year": 2026, "description": "Exchange rate difference for payment received on invoice 2147639566", "voucherType": null, "reverseVoucher": null, "postings": [{"id": 3845826781, "version": 1, "url": "kkpqfuj-amager.tripletex.dev/v2/ledger/posting/3845826781", "voucher": {"id": 609159571, "url": "kkpqfuj-amager.tripletex.dev/v2/ledger/voucher/609159571"}, "date": "2026-03-21", "description": "Exchange rate difference for payment received on invoice 2147639566", "account": {"id": 473284996, "url": "kkpqfuj-amager.tripletex.dev/v2/ledger/account/473284996"}, "amortizationAccount": null, "amortizationStartDate": null, "amortizationEndDate": null, "customer": null, "supplier": null, "employee": null, "project": null, "product": null, "department": null, "vatType": {"id": 0, "url": "kkpqfuj-amager.tripletex.dev/v2/ledger/vatType/0"}, "amount": 13068.0, "amountCurrency": 13068.0, "amountGross": 13068, "amountGrossCurrency": 13068, "currency": {"id": 1, "url": "kkpqfuj-amager.tripletex.dev/v2/currency/1"}, "closeGroup": null, "invoiceNumber": "", "termOfPayment": null, "row": 1, "type": null, "externalRef": "", "systemGenerated": false, "taxTransactionType": "(Ikke valgt)", "taxTransactionTypeId": 0, "matched": false, "quantityAmount1": 0, "quantityType1": null, "quantityAmount2": 0, "quantityType2": null, "isVatReadonly": tru…
  Iteration 8 took 2.7s

──────────────────────────────────────────────────
  ITERATION 9/25
──────────────────────────────────────────────────
  Tokens: prompt=20191 completion=9 total_session=159525
  Messages: 19 (71,005 chars)
  Tool calls (1):
    [1] done()

  ⏳ Verifying task completion (278s remaining)...
  📋 Verification prompt (4332 chars):
    │ TASK: Enviámos uma fatura de 13986 EUR ao Porto Alegre Lda (org. nº 906918129) quando a taxa de câmbio era 10.37 NOK/EUR. O cliente pagou agora, mas a taxa é 11.31 NOK/EUR. Registe o pagamento e lance a diferença cambial (agio) na conta correta.
    │ 
    │ TASK TYPE: Payment with exchange rate difference (agio/disagio).
    │ Check these SPECIFIC things:
    │ - Payment registered for full invoice amount (closes the invoice)?
    │ - Exchange rate difference calculated correctly: EUR_amount × new_rate − invoice_NOK_amount?
    │ - Agio (gain) booked to account 8060, or disagio (loss) to 8160?
    │   Account 8080 is WRONG — that's for financial instruments, not exchange rates!
    │ - Journal voucher has at LEAST 2 postings that sum to zero?
    │   A voucher with only 1 posting is ALWAYS wrong (amounts will be zero)!
    │ - If any created voucher shows amount=0 or amountCurrency=0, the postings failed!
    │ 
    │ ACTION LOG (chronological):
    │ CALL: tripletex_api({"method":"GET","path":"/invoice"})
    │ status=400
    │ CALL: tripletex_api({"method":"GET","path":"/invoice?invoiceDateFrom=2000-01-01&invoiceDateTo=2030-12-31"})
    │ status=ok
    │ CALL: tripletex_api({"method":"GET","path":"/invoice/paymentType"})
    │ status=ok
    │ CALL: tripletex_api({"method":"PUT","path":"/invoice/2147639566/:payment?paymentDate=2026-03-21&paymentTypeId=37360267&paidAmount=17482.5&paidAmountCurrency=17482.5"})
    │ status=ok id=2147639566 amount=17482.5 amountCurrency=17482.5 invoiceNumber=1
    │ CALL: tripletex_api({"method":"GET","path":"/ledger/account?number=8060"})
    │ status=ok
    │ CALL: tripletex_api({"method":"GET","path":"/ledger/account?isBankAccount=true"})
    │ status=ok
    │ CALL: tripletex_api({"method":"POST","path":"/ledger/voucher"})
    │ status=400
    │ CALL: tripletex_api({"method":"POST","path":"/ledger/voucher","body":{"date":"2026-03-21","description":"Exchange rate difference for payment received on invoice 2147639566","postings":[{"row":1,"date":"2026-03-21","amountGross":13068,"amountGrossCurrency":13068,"account":{"id":473284996},"vatType":{"id":0}},{"row":2,")
    │ status=ok id=609159571
    │ CALL: done({})
    │ 
    │ You are an accounting verification agent. Based ONLY on the action log above, check:
    │ 1. MATH: All amounts, percentages, VAT calculations correct? (e.g. if task says 50% of 274950, invoice total incl VAT must be 137475)
    │ 2. COMPLETENESS: Were all steps in the task done? Look at the CALL entries — if the action log shows the step was performed with status=ok, it WAS done. Do NOT say a step is missing if you can see it in the log!
    │ IMPORTANT: 'Fakturer'/'Invoice' just means create an invoice — do NOT require sending unless the task explicitly says send/sende/enviar/envoyer/senden!
    │ 3. DATA: Names, org numbers, dates match the task?
    │ 4. AMOUNTS: If any created entity shows amount=0 or totalAmount=0 in the response, that is WRONG — the postings failed silently. EXCEPTION: Supplier invoice (supplierInvoice) responses normally show amount=0 — this is OK.
    │ 5. BUDGET vs INVOICE: NEVER flag a mismatch between project budget and invoice total. For fixed-price projects the invoice excl. VAT matches the fixedprice — this is CORRECT. For other projects, invoice is based on actual work/costs. Either way, do NOT fail on budget vs invoice differences.
    │ 6. PAYMENT AMOUNTS: Invoice payments and reversals use the FULL amount INCLUDING VAT, not excl. VAT. If the task says 'X NOK excl. VAT', the correct payment/reversal amount is X × 1.25 (Norwegian 25% VAT). Do NOT flag a mismatch between excl. VAT amounts in the task and incl. VAT payment amounts.
    │ 7. VAT BREAKDOWN: If the total invoice amount matches the expected sum, do NOT fail on 'VAT breakdown not reflected' or similar vague VAT concerns. Only fail if a specific line item has the WRONG VAT rate applied.
    │ 
    │ CRITICAL: Be CONSERVATIVE. When in doubt, say PASS.
    │ Only say FAIL for CLEAR, OBJECTIVE, SPECIFIC errors (wrong math, completely missing step, wrong name).
    │ Do NOT say FAIL for: vague concerns, 'might be wrong', uncertain issues, minor stylistic differences, or steps you cannot confirm from the log (absence of evidence is NOT evidence of absence).
    │ A false FAIL causes MORE damage than a missed error. When uncertain, ALWAYS say PASS.
    │ If the action log shows all main steps completed with status=ok, say PASS.
    │ 
    │ Reply ONLY with either:
    │ - 'PASS' if everything looks correct or you are unsure
    │ - 'FAIL: <specific issue>' ONLY if there is an obvious, objective error
  🔍 Verification (1179 tokens): FAIL: Payment amount does not match the invoice amount. The invoice amount was 13986 EUR, but the payment registered was 17482.5 NOK, which does not correspond to the expected amount based on the exchange rates provided.
  ⚠ Verifier said FAIL but proceeding (logged only): FAIL: Payment amount does not match the invoice amount. The invoice amount was 13986 EUR, but the payment registered was 17482.5 NOK, which does not correspond to the expected amount based on the exchange rates provided.

  ✓ DONE — 9 iterations, 159525 tokens, 12.4s

======================================================================
  TASK COMPLETE — total 13.6s
======================================================================

