
======================================================================
  NEW TASK RECEIVED
  Version: unknown
======================================================================
  Prompt: Nous avons reçu la facture INV-2026-5683 du fournisseur Lumière SARL (nº org. 904564184) de 75500 NOK TTC. Le montant concerne des services de bureau (compte 7140). Enregistrez la facture fournisseur avec la TVA déductible correcte (25 %).
  Files:  0
  URL:    https://tx-proxy-jwanbnu3pq-lz.a.run.app/v2
──────────────────────────────────────────────────────────────────────
  [pre] Invoice/credit/payment task detected — ensuring bank account...
    ┌─ API GET /invoice/settings
    └─ 200 OK (3.5s) id=782061
    ┌─ API GET /ledger/account
    │  params: {"isBankAccount": "true", "count": 10}
    └─ 200 OK (2.9s) [2 items]
  [bank] found account 1920 id=377864570 v=0
    ┌─ API PUT /ledger/account/377864570
    │  body:   {"id": 377864570, "version": 0, "number": 1920, "name": "Bankinnskudd", "bankAccountNumber": "15030100112"}
    └─ 200 OK (2.5s) id=377864570 name=Bankinnskudd
  [bank] bank account set OK
  [pre] Bank account setup: OK

──────────────────────────────────────────────────
  ITERATION 1/25
──────────────────────────────────────────────────
  Tokens: prompt=16480 completion=120 total_session=16600
  GPT says: To register the supplier invoice from Lumière SARL, we need to follow these steps:

1. Create the supplier if it doesn't already exist.
2. Look up the VAT types to find the correct VAT type for 25% incoming VAT.
3. Look up the accounts to find the correct account for services of "compte 7140".
4. Register the supplier invoice using the information provided.

Let's begin by checking if the supplier already exists, and if not, create it.
  Messages: 3 (62,266 chars)
  Tool calls (1):
    [1] tripletex_api({"method":"GET","path":"/supplier"})
    ┌─ API GET /supplier
    └─ 200 OK (3.0s) [1 items]
    │  response: {"fullResultSize": 1, "from": 0, "count": 1, "versionDigest": "'If-None-Match' header not specified", "values": [{"id": 108331233, "version": 1, "url": "kkpqfuj-amager.tripletex.dev/v2/supplier/108331233", "name": "Lumière SARL", "organizationNumber": "904564184", "supplierNumber": 20001, "customerNumber": 0, "isSupplier": true, "isCustomer": false, "isInactive": false, "email": "", "invoiceEmail": "", "overdueNoticeEmail": "", "phoneNumber": "", "phoneNumberMobile": "", "description": "", "isPrivateIndividual": false, "showProducts": false, "accountManager": null, "postalAddress": {"id": 405512907, "url": "kkpqfuj-amager.tripletex.dev/v2/address/405512907"}, "physicalAddress": {"id": 405512906, "url": "kkpqfuj-amager.tripletex.dev/v2/address/405512906"}, "deliveryAddress": null, "category1": null, "category2": null, "category3": null, "bankAccountPresentation": [], "currency": {"id": 1, "url": "kkpqfuj-amager.tripletex.dev/v2/currency/1"}, "ledgerAccount": {"id": 377864629, "url": "kkpqfuj-amager.tripletex.dev/v2/ledger/account/377864629"}, "language": "NO", "isWholesaler": false, "displayName": "Lumière SARL (20001)", "locale": "no_NO", "website": ""}]}
  Iteration 1 took 5.1s

──────────────────────────────────────────────────
  ITERATION 2/25
──────────────────────────────────────────────────
  Tokens: prompt=16995 completion=70 total_session=33665
  GPT says: The supplier "Lumière SARL" already exists in the system with the organization number 904564184. Next, I will look up the VAT types to find the corresponding VAT type for 25% incoming VAT.
  Messages: 5 (63,627 chars)
  Tool calls (1):
    [1] tripletex_api({"method":"GET","path":"/ledger/vatType"})
    ┌─ API GET /ledger/vatType
    └─ 200 OK (2.9s) [56 items]
    │  response: {"fullResultSize": 56, "from": 0, "count": 56, "versionDigest": "'If-None-Match' header not specified", "values": [{"id": 1, "version": 0, "url": "kkpqfuj-amager.tripletex.dev/v2/ledger/vatType/1", "name": "Fradrag inngående avgift, høy sats", "number": "1", "displayName": "1: (25%) Fradrag inngående avgift, høy sats", "percentage": 25, "deductionPercentage": 100.0, "parentType": {"id": 0, "url": "kkpqfuj-amager.tripletex.dev/v2/ledger/vatType/0"}}, {"id": 2, "version": 0, "url": "kkpqfuj-amager.tripletex.dev/v2/ledger/vatType/2", "name": "Direktepostert fradrag inngående avgift, høy sats (mva-kode utgikk 01.01.2017)", "number": "UT-2", "displayName": "UT-2: (100%) Direktepostert fradrag inngående avgift, høy sats (mva-kode utgikk 01.01.2017)", "percentage": 100.0, "deductionPercentage": 100.0, "parentType": {"id": 0, "url": "kkpqfuj-amager.tripletex.dev/v2/ledger/vatType/0"}}, {"id": 3, "version": 0, "url": "kkpqfuj-amager.tripletex.dev/v2/ledger/vatType/3", "name": "Utgående avgift, høy sats", "number": "3", "displayName": "3: (25%) Utgående avgift, høy sats", "percentage": 25, "deductionPercentage": 100.0, "parentType": {"id": 0, "url": "kkpqfuj-amager.tripletex.dev/v2/ledger/vatType/0"}}, {"id": 4, "version": 0, "url": "kkpqfuj-amager.tripletex.dev/v2/ledger/vatType/4", "name": "Direktepostert utgående avgift, høy sats", "number": "4", "displayName": "4: (100%) Direktepostert utgående avgift, høy sats", "percentage": 100.0, "deductionPercentage": 100.0, "parentType": {"id…
  Iteration 2 took 4.6s

──────────────────────────────────────────────────
  ITERATION 3/25
──────────────────────────────────────────────────
  Tokens: prompt=20075 completion=79 total_session=53819
  GPT says: I found the correct VAT type for the 25% incoming VAT, which is "Fradrag inngående avgift, høy sats" with ID 1.

Next, let's look up the account for services "compte 7140".
  Messages: 7 (71,813 chars)
  Tool calls (1):
    [1] tripletex_api({"method":"GET","path":"/ledger/account","params":{"number":"7140"}})
    ┌─ API GET /ledger/account
    │  params: {"number": "7140"}
    └─ 200 OK (3.1s) [1 items]
    │  response: {"fullResultSize": 1, "from": 0, "count": 1, "versionDigest": "'If-None-Match' header not specified", "values": [{"id": 377864873, "version": 0, "url": "kkpqfuj-amager.tripletex.dev/v2/ledger/account/377864873", "number": 7140, "numberPretty": "7140", "name": "Reisekostnad, ikke oppgavepliktig", "description": "", "type": "OPERATING_EXPENSES", "legalVatTypes": [{"id": 0, "url": "kkpqfuj-amager.tripletex.dev/v2/ledger/vatType/0"}, {"id": 1, "url": "kkpqfuj-amager.tripletex.dev/v2/ledger/vatType/1"}, {"id": 11, "url": "kkpqfuj-amager.tripletex.dev/v2/ledger/vatType/11"}, {"id": 12, "url": "kkpqfuj-amager.tripletex.dev/v2/ledger/vatType/12"}, {"id": 230, "url": "kkpqfuj-amager.tripletex.dev/v2/ledger/vatType/230"}, {"id": 13, "url": "kkpqfuj-amager.tripletex.dev/v2/ledger/vatType/13"}, {"id": 14, "url": "kkpqfuj-amager.tripletex.dev/v2/ledger/vatType/14"}, {"id": 34, "url": "kkpqfuj-amager.tripletex.dev/v2/ledger/vatType/34"}, {"id": 35, "url": "kkpqfuj-amager.tripletex.dev/v2/ledger/vatType/35"}, {"id": 559, "url": "kkpqfuj-amager.tripletex.dev/v2/ledger/vatType/559"}, {"id": 550, "url": "kkpqfuj-amager.tripletex.dev/v2/ledger/vatType/550"}, {"id": 551, "url": "kkpqfuj-amager.tripletex.dev/v2/ledger/vatType/551"}, {"id": 553, "url": "kkpqfuj-amager.tripletex.dev/v2/ledger/vatType/553"}, {"id": 560, "url": "kkpqfuj-amager.tripletex.dev/v2/ledger/vatType/560"}], "ledgerType": "GENERAL", "balanceGroup": "Ikke i en saldogruppe.", "vatType": {"id": 12, "url": "kkpqfuj-amager.triplet…
  Iteration 3 took 5.1s

──────────────────────────────────────────────────
  ITERATION 4/25
──────────────────────────────────────────────────
  Tokens: prompt=20937 completion=268 total_session=75024
  GPT says: The account for services "compte 7140" is identified with ID 377864873, named "Reisekostnad, ikke oppgavepliktig."

Now, let's proceed to register the supplier invoice. We need to calculate the amounts and use the correct VAT type for posting.

**Invoice Details**:
- Total including VAT: 75,500 NOK
- VAT (25%): 15,100 NOK (75,500 / 1.25 * 0.25)
- Amount excluding VAT: 60,400 NOK (75,500 - 15,100)

Let's register the invoice with these details.
  Messages: 9 (74,387 chars)
  Tool calls (1):
    [1] tripletex_api({"method":"POST","path":"/incomingInvoice","params":{"sendTo":"ledger"},"body":{"invoiceHeader":{"vendorId":108331233,"invoiceDate":"2026-03-21","dueDate":"2026-04-20","invoiceAmount":75500,"invoiceNumber":"INV-2026-5683","description":"Supplier invoice INV-2026-5683 from Lumière SARL"},"orderLines":[{"externalId":"line-1","row":1,"description":"Services de bureau","accountId":377864873,"amountInclVat":75500,"vatTypeId":1}]}})
    ┌─ API POST /incomingInvoice
    │  params: {"sendTo": "ledger"}
    │  body:   {"invoiceHeader": {"vendorId": 108331233, "invoiceDate": "2026-03-21", "dueDate": "2026-04-20", "invoiceAmount": 75500, "invoiceNumber": "INV-2026-5683", "description": "Supplier invoice INV-2026-5683 from Lumière SARL"}, "orderLines": [{"externalId": "line-1", "row": 1, "description": "Services de bureau", "accountId": 377864873, "amountInclVat": 75500, "vatTypeId": 1}]}
    └─ 403 ERR (8.1s) {"status": 403, "code": 9000, "message": "You do not have permission to access this feature.", "link": "https://tripletex.no/v2-docs/", "developerMessage": null, "validationMessages": null, "requestId": "30c39690-6cc7-49ea-991e-4d16c5730eba", "_status_code": 403}
    │  response: {"status": 403, "code": 9000, "message": "You do not have permission to access this feature.", "link": "https://tripletex.no/v2-docs/", "developerMessage": null, "validationMessages": null, "requestId": "30c39690-6cc7-49ea-991e-4d16c5730eba", "_status_code": 403}
  Iteration 4 took 10.8s

──────────────────────────────────────────────────
  ITERATION 5/25
──────────────────────────────────────────────────
  Tokens: prompt=21307 completion=74 total_session=96405
  GPT says: It seems we don't have permission to use the `/incomingInvoice` endpoint. Let's try registering the supplier invoice using the fallback method via `/supplierInvoice`.

Let's confirm the account ID for account 2400 (accounts payable).
  Messages: 11 (74,883 chars)
  Tool calls (1):
    [1] tripletex_api({"method":"GET","path":"/ledger/account","params":{"number":"2400"}})
    ┌─ API GET /ledger/account
    │  params: {"number": "2400"}
    └─ 200 OK (3.0s) [1 items]
    │  response: {"fullResultSize": 1, "from": 0, "count": 1, "versionDigest": "'If-None-Match' header not specified", "values": [{"id": 377864629, "version": 0, "url": "kkpqfuj-amager.tripletex.dev/v2/ledger/account/377864629", "number": 2400, "numberPretty": "2400", "name": "Leverandørgjeld", "description": "", "type": "LIABILITIES", "legalVatTypes": [{"id": 0, "url": "kkpqfuj-amager.tripletex.dev/v2/ledger/vatType/0"}], "ledgerType": "VENDOR", "balanceGroup": "Ikke i en saldogruppe.", "vatType": {"id": 0, "url": "kkpqfuj-amager.tripletex.dev/v2/ledger/vatType/0"}, "vatLocked": true, "currency": null, "isCloseable": true, "isApplicableForSupplierInvoice": true, "requireReconciliation": false, "isInactive": false, "isBankAccount": false, "isInvoiceAccount": false, "bankAccountNumber": "", "bankAccountCountry": null, "bankName": "", "bankAccountIBAN": "", "bankAccountSWIFT": "", "saftCode": "24", "groupingCode": "2400", "displayName": "2400 Leverandørgjeld", "requiresDepartment": false, "requiresProject": false, "invoicingDepartment": null, "isPostingsExist": false, "quantityType1": null, "quantityType2": null, "department": null}]}
  Iteration 5 took 6.3s

──────────────────────────────────────────────────
  ITERATION 6/25
──────────────────────────────────────────────────
  Tokens: prompt=21763 completion=232 total_session=118400
  GPT says: The account ID for "Leverandørgjeld" (2400) is 377864629. Now, I'll proceed to register the supplier invoice using the `/supplierInvoice` endpoint with the correct details.

Let's do this.
  Messages: 13 (76,204 chars)
  Tool calls (1):
    [1] tripletex_api({"method":"POST","path":"/supplierInvoice","body":{"invoiceNumber":"INV-2026-5683","invoiceDate":"2026-03-21","invoiceDueDate":"2026-04-20","supplier":{"id":108331233},"voucher":{"date":"2026-03-21","description":"Supplier invoice INV-2026-5683 from Lumière SARL","postings":[{"row":1,"date":"2026-03-21","amountGross":75500,"amountGrossCurrency":75500,"account":{"id":377864873},"vatType":{"id":1}},{"row":2,"date":"2026-03-21","amountGross":-75500,"amountGrossCurrency":-75500,"account":{"id":377864629},"supplier":{"id":108331233}}]}}})
    ┌─ API POST /supplierInvoice
    │  body:   {"invoiceNumber": "INV-2026-5683", "invoiceDate": "2026-03-21", "invoiceDueDate": "2026-04-20", "supplier": {"id": 108331233}, "voucher": {"date": "2026-03-21", "description": "Supplier invoice INV-2026-5683 from Lumière SARL", "postings": [{"row": 1, "date": "2026-03-21", "amountGross": 75500, "amountGrossCurrency": 75500, "account": {"id": 377864873}, "vatType": {"id": 1}}, {"row": 2, "date": "2026-03-21", "amountGross": -75500, "amountGrossCurrency": -75500, "account": {"id": 377864629}, "supplier": {"id": 108331233}}]}}
    └─ 201 OK (5.0s) id=2147646556
    │  response: {"value": {"id": 2147646556, "version": 0, "url": "kkpqfuj-amager.tripletex.dev/v2/supplierInvoice/2147646556", "invoiceNumber": "INV-2026-5683", "invoiceDate": "2026-03-21", "supplier": {"id": 108331233, "url": "kkpqfuj-amager.tripletex.dev/v2/supplier/108331233"}, "invoiceDueDate": "2026-04-20", "kidOrReceiverReference": "", "voucher": {"id": 609191318, "url": "kkpqfuj-amager.tripletex.dev/v2/ledger/voucher/609191318"}, "amount": 0, "amountCurrency": 0, "amountExcludingVat": 0, "amountExcludingVatCurrency": 0, "currency": null, "isCreditNote": false, "orderLines": [], "payments": [], "originalInvoiceDocumentId": 0, "approvalListElements": [{"id": 647203322, "url": "kkpqfuj-amager.tripletex.dev/v2/voucherApprovalListElement/647203322"}, {"id": 647203321, "url": "kkpqfuj-amager.tripletex.dev/v2/voucherApprovalListElement/647203321"}], "outstandingAmount": 0.0}}
  Iteration 6 took 8.1s

──────────────────────────────────────────────────
  ITERATION 7/25
──────────────────────────────────────────────────
  Tokens: prompt=22312 completion=9 total_session=140721
  Messages: 15 (77,077 chars)
  Tool calls (1):
    [1] done()

  ⏳ Verifying task completion (240s remaining)...
  📋 Verification prompt (3676 chars):
    │ TASK: Nous avons reçu la facture INV-2026-5683 du fournisseur Lumière SARL (nº org. 904564184) de 75500 NOK TTC. Le montant concerne des services de bureau (compte 7140). Enregistrez la facture fournisseur avec la TVA déductible correcte (25 %).
    │ 
    │ 
    │ ACTION LOG (chronological):
    │ CALL: tripletex_api({"method":"GET","path":"/supplier"})
    │ status=ok
    │ CALL: tripletex_api({"method":"GET","path":"/ledger/vatType"})
    │ CALL: tripletex_api({"method":"GET","path":"/ledger/account","params":{"number":"7140"}})
    │ status=ok
    │ CALL: tripletex_api({"method":"POST","path":"/incomingInvoice","params":{"sendTo":"ledger"},"body":{"invoiceHeader":{"vendorId":108331233,"invoiceDate":"2026-03-21","dueDate":"2026-04-20","invoiceAmount":75500,"invoiceNumber":"INV-2026-5683","description":"Supplier invoice INV-2026-5683 from Lumière SARL"},"orderLines")
    │ status=403
    │ CALL: tripletex_api({"method":"GET","path":"/ledger/account","params":{"number":"2400"}})
    │ status=ok
    │ CALL: tripletex_api({"method":"POST","path":"/supplierInvoice","body":{"invoiceNumber":"INV-2026-5683","invoiceDate":"2026-03-21","invoiceDueDate":"2026-04-20","supplier":{"id":108331233},"voucher":{"date":"2026-03-21","description":"Supplier invoice INV-2026-5683 from Lumière SARL","postings":[{"row":1,"date":"2026-03)
    │ status=ok id=2147646556 amount=0 amountCurrency=0 invoiceNumber=INV-2026-5683
    │ CALL: done({})
    │ 
    │ You are an accounting verification agent. Based ONLY on the action log above, check:
    │ 1. MATH: All amounts, percentages, VAT calculations correct? (e.g. if task says 50% of 274950, invoice total incl VAT must be 137475)
    │ 2. COMPLETENESS: Were all steps in the task done? Look at the CALL entries — if the action log shows the step was performed with status=ok, it WAS done. Do NOT say a step is missing if you can see it in the log!
    │ IMPORTANT: 'Fakturer'/'Invoice' just means create an invoice — do NOT require sending unless the task explicitly says send/sende/enviar/envoyer/senden!
    │ 3. DATA: Names, org numbers, dates match the task?
    │ 4. AMOUNTS: If any created entity shows amount=0 or totalAmount=0 in the response, that is WRONG — the postings failed silently. EXCEPTION: Supplier invoice (supplierInvoice) responses normally show amount=0 — this is OK.
    │ 5. BUDGET vs INVOICE: NEVER flag a mismatch between project budget and invoice total. For fixed-price projects the invoice excl. VAT matches the fixedprice — this is CORRECT. For other projects, invoice is based on actual work/costs. Either way, do NOT fail on budget vs invoice differences.
    │ 6. PAYMENT AMOUNTS: Invoice payments and reversals use the FULL amount INCLUDING VAT, not excl. VAT. If the task says 'X NOK excl. VAT', the correct payment/reversal amount is X × 1.25 (Norwegian 25% VAT). Do NOT flag a mismatch between excl. VAT amounts in the task and incl. VAT payment amounts.
    │ 7. VAT BREAKDOWN: If the total invoice amount matches the expected sum, do NOT fail on 'VAT breakdown not reflected' or similar vague VAT concerns. Only fail if a specific line item has the WRONG VAT rate applied.
    │ 
    │ CRITICAL: Be CONSERVATIVE. When in doubt, say PASS.
    │ Only say FAIL for CLEAR, OBJECTIVE, SPECIFIC errors (wrong math, completely missing step, wrong name).
    │ Do NOT say FAIL for: vague concerns, 'might be wrong', uncertain issues, minor stylistic differences, or steps you cannot confirm from the log (absence of evidence is NOT evidence of absence).
    │ A false FAIL causes MORE damage than a missed error. When uncertain, ALWAYS say PASS.
    │ If the action log shows all main steps completed with status=ok, say PASS.
    │ 
    │ Reply ONLY with either:
    │ - 'PASS' if everything looks correct or you are unsure
    │ - 'FAIL: <specific issue>' ONLY if there is an obvious, objective error
  🔍 Verification (959 tokens): PASS

  ✓ DONE — 7 iterations, 140721 tokens, 49.9s

======================================================================
  TASK COMPLETE — total 50.4s
======================================================================

