
======================================================================
  NEW TASK RECEIVED
  Version: unknown
======================================================================
  Prompt: Opprett en fri regnskapsdimensjon "Region" med verdiene "Østlandet" og "Sør-Norge". Bokfør deretter et bilag på konto 6340 for 32850 kr, knyttet til dimensjonsverdien "Sør-Norge".
  Files:  0
  URL:    https://tx-proxy-jwanbnu3pq-lz.a.run.app/v2
──────────────────────────────────────────────────────────────────────

──────────────────────────────────────────────────
  ITERATION 1/25
──────────────────────────────────────────────────
  Tokens: prompt=16288 completion=25 total_session=16313
  Messages: 3 (61,024 chars)
  Tool calls (1):
    [1] tripletex_api({"method":"GET","path":"/ledger/accountingDimensionName"})
    ┌─ API GET /ledger/accountingDimensionName
    └─ 200 OK (4.4s) [0 items]
    │  response: {"fullResultSize": 0, "from": 0, "count": 0, "versionDigest": null, "values": []}
  Iteration 1 took 7.5s

──────────────────────────────────────────────────
  ITERATION 2/25
──────────────────────────────────────────────────
  Tokens: prompt=16354 completion=32 total_session=32699
  Messages: 5 (61,105 chars)
  Tool calls (1):
    [1] tripletex_api({"method":"POST","path":"/ledger/accountingDimensionName","body":{"dimensionName":"Region"}})
    ┌─ API POST /ledger/accountingDimensionName
    │  body:   {"dimensionName": "Region"}
    └─ 201 OK (4.5s) id=2590
    │  response: {"value": {"id": 2590, "version": 0, "url": "kkpqfuj-amager.tripletex.dev/v2/ledger/accountingDimensionName/2590", "dimensionName": "Region", "description": null, "dimensionIndex": 1, "active": true}}
  Iteration 2 took 5.9s

──────────────────────────────────────────────────
  ITERATION 3/25
──────────────────────────────────────────────────
  Tokens: prompt=16462 completion=41 total_session=49202
  Messages: 7 (61,305 chars)
  Tool calls (1):
    [1] tripletex_api({"method":"POST","path":"/ledger/accountingDimensionValue?dimensionNameId=2590","body":{"displayName":"Østlandet"}})
    │  [fix] extracted query params from path: {'dimensionNameId': '2590'}
    ┌─ API POST /ledger/accountingDimensionValue
    │  params: {"dimensionNameId": "2590"}
    │  body:   {"displayName": "Østlandet"}
    └─ 201 OK (5.8s) id=19161
    │  response: {"value": {"id": 19161, "version": 0, "url": "kkpqfuj-amager.tripletex.dev/v2/ledger/accountingDimensionValue/19161", "displayName": "Østlandet", "nameAndNumber": "Østlandet", "dimensionIndex": 0, "active": true, "number": null, "showInVoucherRegistration": true, "position": 1}}
  Iteration 3 took 6.7s

──────────────────────────────────────────────────
  ITERATION 4/25
──────────────────────────────────────────────────
  Tokens: prompt=16605 completion=42 total_session=65849
  Messages: 9 (61,584 chars)
  Tool calls (1):
    [1] tripletex_api({"method":"POST","path":"/ledger/accountingDimensionValue?dimensionNameId=2590","body":{"displayName":"Sør-Norge"}})
    │  [fix] extracted query params from path: {'dimensionNameId': '2590'}
    ┌─ API POST /ledger/accountingDimensionValue
    │  params: {"dimensionNameId": "2590"}
    │  body:   {"displayName": "Sør-Norge"}
    └─ 201 OK (5.0s) id=19162
    │  response: {"value": {"id": 19162, "version": 0, "url": "kkpqfuj-amager.tripletex.dev/v2/ledger/accountingDimensionValue/19162", "displayName": "Sør-Norge", "nameAndNumber": "Sør-Norge", "dimensionIndex": 0, "active": true, "number": null, "showInVoucherRegistration": true, "position": 2}}
  Iteration 4 took 6.0s

──────────────────────────────────────────────────
  ITERATION 5/25
──────────────────────────────────────────────────
  Tokens: prompt=16751 completion=29 total_session=82629
  Messages: 11 (61,863 chars)
  Tool calls (1):
    [1] tripletex_api({"method":"GET","path":"/ledger/account","params":{"number":"6340"}})
    ┌─ API GET /ledger/account
    │  params: {"number": "6340"}
    └─ 200 OK (3.6s) [1 items]
    │  response: {"fullResultSize": 1, "from": 0, "count": 1, "versionDigest": "'If-None-Match' header not specified", "values": [{"id": 376448165, "version": 0, "url": "kkpqfuj-amager.tripletex.dev/v2/ledger/account/376448165", "number": 6340, "numberPretty": "6340", "name": "Lys, varme", "description": "", "type": "OPERATING_EXPENSES", "legalVatTypes": [{"id": 0, "url": "kkpqfuj-amager.tripletex.dev/v2/ledger/vatType/0"}, {"id": 1, "url": "kkpqfuj-amager.tripletex.dev/v2/ledger/vatType/1"}, {"id": 11, "url": "kkpqfuj-amager.tripletex.dev/v2/ledger/vatType/11"}, {"id": 12, "url": "kkpqfuj-amager.tripletex.dev/v2/ledger/vatType/12"}, {"id": 230, "url": "kkpqfuj-amager.tripletex.dev/v2/ledger/vatType/230"}, {"id": 13, "url": "kkpqfuj-amager.tripletex.dev/v2/ledger/vatType/13"}, {"id": 14, "url": "kkpqfuj-amager.tripletex.dev/v2/ledger/vatType/14"}, {"id": 34, "url": "kkpqfuj-amager.tripletex.dev/v2/ledger/vatType/34"}, {"id": 35, "url": "kkpqfuj-amager.tripletex.dev/v2/ledger/vatType/35"}, {"id": 559, "url": "kkpqfuj-amager.tripletex.dev/v2/ledger/vatType/559"}, {"id": 550, "url": "kkpqfuj-amager.tripletex.dev/v2/ledger/vatType/550"}, {"id": 551, "url": "kkpqfuj-amager.tripletex.dev/v2/ledger/vatType/551"}, {"id": 553, "url": "kkpqfuj-amager.tripletex.dev/v2/ledger/vatType/553"}, {"id": 560, "url": "kkpqfuj-amager.tripletex.dev/v2/ledger/vatType/560"}], "ledgerType": "GENERAL", "balanceGroup": "Ikke i en saldogruppe.", "vatType": {"id": 1, "url": "kkpqfuj-amager.tripletex.dev/v2/ledger/vatType…
  Iteration 5 took 4.4s

──────────────────────────────────────────────────
  ITERATION 6/25
──────────────────────────────────────────────────
  Tokens: prompt=17547 completion=148 total_session=100324
  Messages: 13 (63,942 chars)
  Tool calls (1):
    [1] tripletex_api({"method":"POST","path":"/ledger/voucher","body":{"date":"2026-03-21","description":"Bokføring knyttet til Sør-Norge","postings":[{"row":1,"date":"2026-03-21","amountGross":32850,"amountGrossCurrency":32850,"account":{"id":376448165},"accountingDimensionValue":{"id":19162},"vatType":{"id":0}},{"row":2,"date":"2026-03-21","amountGross":-32850,"amountGrossCurrency":-32850,"account":{"id":376448165},"vatType":{"id":0}}]}})
    │  [fix] voucher posting[0]: stripped accountingDimensionValue (not supported)
    ┌─ API POST /ledger/voucher
    │  body:   {"date": "2026-03-21", "description": "Bokføring knyttet til Sør-Norge", "postings": [{"row": 1, "date": "2026-03-21", "amountGross": 32850, "amountGrossCurrency": 32850, "account": {"id": 376448165}, "vatType": {"id": 0}}, {"row": 2, "date": "2026-03-21", "amountGross": -32850, "amountGrossCurrency": -32850, "account": {"id": 376448165}, "vatType": {"id": 0}}]}
    └─ 201 OK (5.5s) id=609180667
    │  response: {"value": {"id": 609180667, "version": 5, "url": "kkpqfuj-amager.tripletex.dev/v2/ledger/voucher/609180667", "date": "2026-03-21", "number": 1, "tempNumber": 0, "year": 2026, "description": "Bokføring knyttet til Sør-Norge", "voucherType": null, "reverseVoucher": null, "postings": [{"id": 3845883116, "version": 1, "url": "kkpqfuj-amager.tripletex.dev/v2/ledger/posting/3845883116", "voucher": {"id": 609180667, "url": "kkpqfuj-amager.tripletex.dev/v2/ledger/voucher/609180667"}, "date": "2026-03-21", "description": "Bokføring knyttet til Sør-Norge", "account": {"id": 376448165, "url": "kkpqfuj-amager.tripletex.dev/v2/ledger/account/376448165"}, "amortizationAccount": null, "amortizationStartDate": null, "amortizationEndDate": null, "customer": null, "supplier": null, "employee": null, "project": null, "product": null, "department": null, "vatType": {"id": 0, "url": "kkpqfuj-amager.tripletex.dev/v2/ledger/vatType/0"}, "amount": 32850.0, "amountCurrency": 32850.0, "amountGross": 32850, "amountGrossCurrency": 32850, "currency": {"id": 1, "url": "kkpqfuj-amager.tripletex.dev/v2/currency/1"}, "closeGroup": null, "invoiceNumber": "", "termOfPayment": null, "row": 1, "type": null, "externalRef": "", "systemGenerated": false, "taxTransactionType": "(Ikke valgt)", "taxTransactionTypeId": 0, "matched": false, "quantityAmount1": 0, "quantityType1": null, "quantityAmount2": 0, "quantityType2": null, "isVatReadonly": false, "isAmountVatClosed": false, "postingRuleId": 0, "freeAccountingDimen…
  Iteration 6 took 7.0s

──────────────────────────────────────────────────
  ITERATION 7/25
──────────────────────────────────────────────────
  Tokens: prompt=18747 completion=9 total_session=119080
  Messages: 15 (67,063 chars)
  Tool calls (1):
    [1] done()

  ⏳ Verifying task completion (252s remaining)...
  📋 Verification prompt (3531 chars):
    │ TASK: Opprett en fri regnskapsdimensjon "Region" med verdiene "Østlandet" og "Sør-Norge". Bokfør deretter et bilag på konto 6340 for 32850 kr, knyttet til dimensjonsverdien "Sør-Norge".
    │ 
    │ 
    │ ACTION LOG (chronological):
    │ CALL: tripletex_api({"method":"GET","path":"/ledger/accountingDimensionName"})
    │ status=ok
    │ CALL: tripletex_api({"method":"POST","path":"/ledger/accountingDimensionName","body":{"dimensionName":"Region"}})
    │ status=ok id=2590
    │ CALL: tripletex_api({"method":"POST","path":"/ledger/accountingDimensionValue?dimensionNameId=2590","body":{"displayName":"Østlandet"}})
    │ status=ok id=19161
    │ CALL: tripletex_api({"method":"POST","path":"/ledger/accountingDimensionValue?dimensionNameId=2590","body":{"displayName":"Sør-Norge"}})
    │ status=ok id=19162
    │ CALL: tripletex_api({"method":"GET","path":"/ledger/account","params":{"number":"6340"}})
    │ status=ok
    │ CALL: tripletex_api({"method":"POST","path":"/ledger/voucher","body":{"date":"2026-03-21","description":"Bokføring knyttet til Sør-Norge","postings":[{"row":1,"date":"2026-03-21","amountGross":32850,"amountGrossCurrency":32850,"account":{"id":376448165},"accountingDimensionValue":{"id":19162},"vatType":{"id":0}},{"row")
    │ status=ok id=609180667
    │ CALL: done({})
    │ 
    │ You are an accounting verification agent. Based ONLY on the action log above, check:
    │ 1. MATH: All amounts, percentages, VAT calculations correct? (e.g. if task says 50% of 274950, invoice total incl VAT must be 137475)
    │ 2. COMPLETENESS: Were all steps in the task done? Look at the CALL entries — if the action log shows the step was performed with status=ok, it WAS done. Do NOT say a step is missing if you can see it in the log!
    │ IMPORTANT: 'Fakturer'/'Invoice' just means create an invoice — do NOT require sending unless the task explicitly says send/sende/enviar/envoyer/senden!
    │ 3. DATA: Names, org numbers, dates match the task?
    │ 4. AMOUNTS: If any created entity shows amount=0 or totalAmount=0 in the response, that is WRONG — the postings failed silently. EXCEPTION: Supplier invoice (supplierInvoice) responses normally show amount=0 — this is OK.
    │ 5. BUDGET vs INVOICE: NEVER flag a mismatch between project budget and invoice total. For fixed-price projects the invoice excl. VAT matches the fixedprice — this is CORRECT. For other projects, invoice is based on actual work/costs. Either way, do NOT fail on budget vs invoice differences.
    │ 6. PAYMENT AMOUNTS: Invoice payments and reversals use the FULL amount INCLUDING VAT, not excl. VAT. If the task says 'X NOK excl. VAT', the correct payment/reversal amount is X × 1.25 (Norwegian 25% VAT). Do NOT flag a mismatch between excl. VAT amounts in the task and incl. VAT payment amounts.
    │ 7. VAT BREAKDOWN: If the total invoice amount matches the expected sum, do NOT fail on 'VAT breakdown not reflected' or similar vague VAT concerns. Only fail if a specific line item has the WRONG VAT rate applied.
    │ 
    │ CRITICAL: Be CONSERVATIVE. When in doubt, say PASS.
    │ Only say FAIL for CLEAR, OBJECTIVE, SPECIFIC errors (wrong math, completely missing step, wrong name).
    │ Do NOT say FAIL for: vague concerns, 'might be wrong', uncertain issues, minor stylistic differences, or steps you cannot confirm from the log (absence of evidence is NOT evidence of absence).
    │ A false FAIL causes MORE damage than a missed error. When uncertain, ALWAYS say PASS.
    │ If the action log shows all main steps completed with status=ok, say PASS.
    │ 
    │ Reply ONLY with either:
    │ - 'PASS' if everything looks correct or you are unsure
    │ - 'FAIL: <specific issue>' ONLY if there is an obvious, objective error
  🔍 Verification (917 tokens): PASS

  ✓ DONE — 7 iterations, 119080 tokens, 38.4s

======================================================================
  TASK COMPLETE — total 38.9s
======================================================================

