
======================================================================
  NEW TASK RECEIVED
  Version: 882063e
======================================================================
  Prompt: Me har motteke faktura INV-2026-4876 frå leverandøren Fossekraft AS (org.nr 887157731) på 61800 kr inklusiv MVA. Beløpet gjeld kontortenester (konto 6340). Registrer leverandørfakturaen med korrekt inngåande MVA (25 %).
  Files:  0
  URL:    https://tx-proxy-jwanbnu3pq-lz.a.run.app/v2
──────────────────────────────────────────────────────────────────────
  [pre] Invoice/credit/payment task detected — ensuring bank account...
    ┌─ API GET /invoice/settings
    └─ 200 OK (0.8s) id=982276
    ┌─ API GET /ledger/account
    │  params: {"isBankAccount": "true", "count": 10}
    └─ 200 OK (0.7s) [2 items]
  [bank] found account 1920 id=483632289 v=0
    ┌─ API PUT /ledger/account/483632289
    │  body:   {"id": 483632289, "version": 0, "number": 1920, "name": "Bankinnskudd", "bankAccountNumber": "15030100112"}
    └─ 200 OK (0.9s) id=483632289 name=Bankinnskudd
  [bank] bank account set OK
  [pre] Bank account setup: OK

──────────────────────────────────────────────────
  ITERATION 1/25
──────────────────────────────────────────────────
  Tokens: prompt=18299 completion=43 total_session=18342
  Messages: 3 (68,122 chars)
  Tool calls (1):
    [1] tripletex_api({"method":"POST","path":"/supplier","body":{"name":"Fossekraft AS","organizationNumber":"887157731","isSupplier":true}})
    ┌─ API POST /supplier
    │  body:   {"name": "Fossekraft AS", "organizationNumber": "887157731", "isSupplier": true}
    └─ 201 OK (0.8s) id=108492637 name=Fossekraft AS
    │  response: {"value": {"id": 108492637, "version": 1, "url": "kkpqfuj-amager.tripletex.dev/v2/supplier/108492637", "name": "Fossekraft AS", "organizationNumber": "887157731", "supplierNumber": 20002, "customerNumber": 0, "isSupplier": true, "isCustomer": false, "isInactive": false, "email": "", "invoiceEmail": "", "overdueNoticeEmail": "", "phoneNumber": "", "phoneNumberMobile": "", "description": "", "isPrivateIndividual": false, "showProducts": false, "accountManager": null, "postalAddress": {"id": 405832042, "url": "kkpqfuj-amager.tripletex.dev/v2/address/405832042"}, "physicalAddress": {"id": 405832041, "url": "kkpqfuj-amager.tripletex.dev/v2/address/405832041"}, "deliveryAddress": null, "category1": null, "category2": null, "category3": null, "bankAccountPresentation": [], "currency": {"id": 1, "url": "kkpqfuj-amager.tripletex.dev/v2/currency/1"}, "ledgerAccount": {"id": 483632348, "url": "kkpqfuj-amager.tripletex.dev/v2/ledger/account/483632348"}, "language": "NO", "isWholesaler": false, "displayName": "Fossekraft AS (20002)", "locale": "no_NO", "website": ""}}
  Iteration 1 took 1.7s

──────────────────────────────────────────────────
  ITERATION 2/25
──────────────────────────────────────────────────
  Tokens: prompt=18698 completion=24 total_session=37064
  Messages: 5 (69,193 chars)
  Tool calls (1):
    [1] tripletex_api({"method":"GET","path":"/ledger/vatType"})
    ┌─ API GET /ledger/vatType
    └─ 200 OK (0.7s) [56 items]
    │  [trim] condensed 56 items → key fields (10092 chars)
    │  response: {"fullResultSize": 56, "from": 0, "count": 56, "versionDigest": "'If-None-Match' header not specified", "values": [{"name": "Fradrag inngående avgift, høy sats", "displayName": "1: (25%) Fradrag inngående avgift, høy sats", "version": 0, "number": "1", "id": 1}, {"name": "Direktepostert fradrag inngående avgift, høy sats (mva-kode utgikk 01.01.2017)", "displayName": "UT-2: (100%) Direktepostert fradrag inngående avgift, høy sats (mva-kode utgikk 01.01.2017)", "version": 0, "number": "UT-2", "id": 2}, {"name": "Utgående avgift, høy sats", "displayName": "3: (25%) Utgående avgift, høy sats", "version": 0, "number": "3", "id": 3}, {"name": "Direktepostert utgående avgift, høy sats", "displayName": "4: (100%) Direktepostert utgående avgift, høy sats", "version": 0, "number": "4", "id": 4}, {"name": "Ingen utgående avgift (innenfor mva-loven)", "displayName": "5: (0%) Ingen utgående avgift (innenfor mva-loven)", "version": 0, "number": "5", "id": 5}, {"name": "Ingen utgående avgift (utenfor mva-loven)", "displayName": "6: (0%) Ingen utgående avgift (utenfor mva-loven)", "version": 0, "number": "6", "id": 6}, {"name": "Ingen avgiftsbehandling (inntekter)", "displayName": "7: (0%) Ingen avgiftsbehandling (inntekter)", "version": 0, "number": "7", "id": 7}, {"name": "Fradrag inngående avgift, middels sats", "displayName": "11: (15%) Fradrag inngående avgift, middels sats", "version": 0, "number": "11", "id": 11}, {"name": "Fradrag inngående avgift, lav sats", "displayName": "13: (12%…
  Iteration 2 took 1.6s

──────────────────────────────────────────────────
  ITERATION 3/25
──────────────────────────────────────────────────
  Tokens: prompt=21632 completion=29 total_session=58725
  Messages: 7 (77,207 chars)
  Tool calls (1):
    [1] tripletex_api({"method":"GET","path":"/ledger/account","params":{"number":"6340"}})
    ┌─ API GET /ledger/account
    │  params: {"number": "6340"}
    └─ 200 OK (0.8s) [1 items]
    │  response: {"fullResultSize": 1, "from": 0, "count": 1, "versionDigest": "'If-None-Match' header not specified", "values": [{"id": 483632546, "version": 0, "url": "kkpqfuj-amager.tripletex.dev/v2/ledger/account/483632546", "number": 6340, "numberPretty": "6340", "name": "Lys, varme", "description": "", "type": "OPERATING_EXPENSES", "legalVatTypes": [{"id": 0, "url": "kkpqfuj-amager.tripletex.dev/v2/ledger/vatType/0"}, {"id": 1, "url": "kkpqfuj-amager.tripletex.dev/v2/ledger/vatType/1"}, {"id": 11, "url": "kkpqfuj-amager.tripletex.dev/v2/ledger/vatType/11"}, {"id": 12, "url": "kkpqfuj-amager.tripletex.dev/v2/ledger/vatType/12"}, {"id": 230, "url": "kkpqfuj-amager.tripletex.dev/v2/ledger/vatType/230"}, {"id": 13, "url": "kkpqfuj-amager.tripletex.dev/v2/ledger/vatType/13"}, {"id": 14, "url": "kkpqfuj-amager.tripletex.dev/v2/ledger/vatType/14"}, {"id": 34, "url": "kkpqfuj-amager.tripletex.dev/v2/ledger/vatType/34"}, {"id": 35, "url": "kkpqfuj-amager.tripletex.dev/v2/ledger/vatType/35"}, {"id": 559, "url": "kkpqfuj-amager.tripletex.dev/v2/ledger/vatType/559"}, {"id": 550, "url": "kkpqfuj-amager.tripletex.dev/v2/ledger/vatType/550"}, {"id": 551, "url": "kkpqfuj-amager.tripletex.dev/v2/ledger/vatType/551"}, {"id": 553, "url": "kkpqfuj-amager.tripletex.dev/v2/ledger/vatType/553"}, {"id": 560, "url": "kkpqfuj-amager.tripletex.dev/v2/ledger/vatType/560"}], "ledgerType": "GENERAL", "balanceGroup": "Ikke i en saldogruppe.", "vatType": {"id": 1, "url": "kkpqfuj-amager.tripletex.dev/v2/ledger/vatType…
  Iteration 3 took 1.7s

──────────────────────────────────────────────────
  ITERATION 4/25
──────────────────────────────────────────────────
  Tokens: prompt=22428 completion=29 total_session=81182
  Messages: 9 (79,286 chars)
  Tool calls (1):
    [1] tripletex_api({"method":"GET","path":"/ledger/account","params":{"number":"2400"}})
    ┌─ API GET /ledger/account
    │  params: {"number": "2400"}
    └─ 200 OK (1.0s) [1 items]
    │  response: {"fullResultSize": 1, "from": 0, "count": 1, "versionDigest": "'If-None-Match' header not specified", "values": [{"id": 483632348, "version": 0, "url": "kkpqfuj-amager.tripletex.dev/v2/ledger/account/483632348", "number": 2400, "numberPretty": "2400", "name": "Leverandørgjeld", "description": "", "type": "LIABILITIES", "legalVatTypes": [{"id": 0, "url": "kkpqfuj-amager.tripletex.dev/v2/ledger/vatType/0"}], "ledgerType": "VENDOR", "balanceGroup": "Ikke i en saldogruppe.", "vatType": {"id": 0, "url": "kkpqfuj-amager.tripletex.dev/v2/ledger/vatType/0"}, "vatLocked": true, "currency": null, "isCloseable": true, "isApplicableForSupplierInvoice": true, "requireReconciliation": false, "isInactive": false, "isBankAccount": false, "isInvoiceAccount": false, "bankAccountNumber": "", "bankAccountCountry": null, "bankName": "", "bankAccountIBAN": "", "bankAccountSWIFT": "", "saftCode": "24", "groupingCode": "2400", "displayName": "2400 Leverandørgjeld", "requiresDepartment": false, "requiresProject": false, "invoicingDepartment": null, "isPostingsExist": false, "quantityType1": null, "quantityType2": null, "department": null}]}
  Iteration 4 took 1.9s

──────────────────────────────────────────────────
  ITERATION 5/25
──────────────────────────────────────────────────
  Tokens: prompt=22836 completion=400 total_session=104418
  GPT says: First, we have received invoice "INV-2026-4876" from the supplier "Fossekraft AS," including VAT for office services, which needs to be registered. Here’s the detailed breakdown and registration process, keeping in mind the 25% VAT rate:

- Total Invoice Amount (Including VAT): 61,800 NOK
- VAT Rate: 25%
- Calculate Net Amount: 61,800 / 1.25 = 49,440 NOK
- Calculate VAT Amount: 61,800 - 49,440 = 12,360 NOK

Now, we'll register this supplier invoice using the verified information:

- Supplier: Fo
  Messages: 11 (81,153 chars)
  Tool calls (1):
    [1] tripletex_api({"method":"POST","path":"/supplierInvoice","body":{"invoiceNumber":"INV-2026-4876","invoiceDate":"2026-03-22","invoiceDueDate":"2026-04-21","supplier":{"id":108492637},"voucher":{"date":"2026-03-22","description":"Supplier invoice INV-2026-4876 from Fossekraft AS","postings":[{"row":1,"date":"2026-03-22","amountGross":49440,"amountGrossCurrency":49440,"account":{"id":483632546},"vatType":{"id":1}},{"row":2,"date":"2026-03-22","amountGross":-61800,"amountGrossCurrency":-61800,"account":{"id":483632348},"supplier":{"id":108492637}}]}}})
    │  [reject] 1 rule violation(s):
    │    • [voucher-balance] Voucher postings must sum to zero but sum to -12360. Debit = positive, Credit = negative. Adjust amounts so they balance.
  Iteration 5 took 7.6s

──────────────────────────────────────────────────
  ITERATION 6/25
──────────────────────────────────────────────────
  Tokens: prompt=23347 completion=335 total_session=128100
  GPT says: It seems there's a discrepancy in balancing the voucher postings. Let's correct the posting amounts to ensure they balance by including both the net amount and the VAT amount correctly:

- Expense Posting: 49,440 NOK (Expense Account: 6340)
- VAT Posting: 12,360 NOK (for VAT Type: 25% Fradrag inngående avgift, Account: 6340)
- Total Credit Posting: 61,800 NOK (Account 2400 for supplier debt)

Let's adjust and register the invoice again.
  Messages: 13 (81,988 chars)
  Tool calls (1):
    [1] tripletex_api({"method":"POST","path":"/supplierInvoice","body":{"invoiceNumber":"INV-2026-4876","invoiceDate":"2026-03-22","invoiceDueDate":"2026-04-21","supplier":{"id":108492637},"voucher":{"date":"2026-03-22","description":"Supplier invoice INV-2026-4876 from Fossekraft AS","postings":[{"row":1,"date":"2026-03-22","amountGross":49440,"amountGrossCurrency":49440,"account":{"id":483632546},"vatType":{"id":1}},{"row":2,"date":"2026-03-22","amountGross":12360,"amountGrossCurrency":12360,"account":{"id":483632546},"vatType":{"id":1}},{"row":3,"date":"2026-03-22","amountGross":-61800,"amountGrossCurrency":-61800,"account":{"id":483632348},"supplier":{"id":108492637}}]}}})
    ┌─ API POST /supplierInvoice
    │  body:   {"invoiceNumber": "INV-2026-4876", "invoiceDate": "2026-03-22", "invoiceDueDate": "2026-04-21", "supplier": {"id": 108492637}, "voucher": {"date": "2026-03-22", "description": "Supplier invoice INV-2026-4876 from Fossekraft AS", "postings": [{"row": 1, "date": "2026-03-22", "amountGross": 49440, "amountGrossCurrency": 49440, "account": {"id": 483632546}, "vatType": {"id": 1}}, {"row": 2, "date": "2026-03-22", "amountGross": 12360, "amountGrossCurrency": 12360, "account": {"id": 483632546}, "vatType": {"id": 1}}, {"row": 3, "date": "2026-03-22", "amountGross": -61800, "amountGrossCurrency": -61800, "account": {"id": 483632348}, "supplier": {"id": 108492637}}]}}
    └─ 500 ERR (0.8s) {"status": 500, "code": 1002, "message": null, "link": "https://tripletex.no/v2-docs/", "developerMessage": null, "validationMessages": null, "requestId": "2184598d-12c4-4f63-ad85-b5a0a1a4c98d", "_status_code": 500}
    │  response: {"status": 500, "code": 1002, "message": null, "link": "https://tripletex.no/v2-docs/", "developerMessage": null, "validationMessages": null, "requestId": "2184598d-12c4-4f63-ad85-b5a0a1a4c98d", "_status_code": 500}
  Iteration 6 took 4.5s

──────────────────────────────────────────────────
  ITERATION 7/25
──────────────────────────────────────────────────
  Tokens: prompt=23778 completion=231 total_session=152109
  GPT says: The registration of the supplier invoice failed due to a server-side error. Let's try using the older method of creating a supplier invoice, which may avoid this backend issue.

We'll post the registrations through the `voucher` API instead.
  Messages: 15 (82,444 chars)
  Tool calls (1):
    [1] tripletex_api({"method":"POST","path":"/ledger/voucher","body":{"date":"2026-03-22","description":"Supplier invoice INV-2026-4876 from Fossekraft AS","postings":[{"row":1,"date":"2026-03-22","amountGross":49440,"amountGrossCurrency":49440,"account":{"id":483632546},"vatType":{"id":1}},{"row":2,"date":"2026-03-22","amountGross":12360,"amountGrossCurrency":12360,"account":{"id":483632546},"vatType":{"id":1}},{"row":3,"date":"2026-03-22","amountGross":-61800,"amountGrossCurrency":-61800,"account":{"id":483632348},"supplier":{"id":108492637}}]}})
    │  [fix] voucher posting[2]: added vatType={id:0}
    ┌─ API POST /ledger/voucher
    │  body:   {"date": "2026-03-22", "description": "Supplier invoice INV-2026-4876 from Fossekraft AS", "postings": [{"row": 1, "date": "2026-03-22", "amountGross": 49440, "amountGrossCurrency": 49440, "account": {"id": 483632546}, "vatType": {"id": 1}}, {"row": 2, "date": "2026-03-22", "amountGross": 12360, "amountGrossCurrency": 12360, "account": {"id": 483632546}, "vatType": {"id": 1}}, {"row": 3, "date": "2026-03-22", "amountGross": -61800, "amountGrossCurrency": -61800, "account": {"id": 483632348}, "supplier": {"id": 108492637}, "vatType": {"id": 0}}]}
    └─ 201 OK (1.7s) id=609260085
    │  response: {"value": {"id": 609260085, "version": 5, "url": "kkpqfuj-amager.tripletex.dev/v2/ledger/voucher/609260085", "date": "2026-03-22", "number": 1, "tempNumber": 0, "year": 2026, "description": "Supplier invoice INV-2026-4876 from Fossekraft AS", "voucherType": null, "reverseVoucher": null, "postings": [{"id": 3846092325, "version": 1, "url": "kkpqfuj-amager.tripletex.dev/v2/ledger/posting/3846092325", "voucher": {"id": 609260085, "url": "kkpqfuj-amager.tripletex.dev/v2/ledger/voucher/609260085"}, "date": "2026-03-22", "description": "Supplier invoice INV-2026-4876 from Fossekraft AS", "account": {"id": 483632546, "url": "kkpqfuj-amager.tripletex.dev/v2/ledger/account/483632546"}, "amortizationAccount": null, "amortizationStartDate": null, "amortizationEndDate": null, "customer": null, "supplier": null, "employee": null, "project": null, "product": null, "department": null, "vatType": {"id": 1, "url": "kkpqfuj-amager.tripletex.dev/v2/ledger/vatType/1"}, "amount": 39552.0, "amountCurrency": 39552.0, "amountGross": 49440, "amountGrossCurrency": 49440, "currency": {"id": 1, "url": "kkpqfuj-amager.tripletex.dev/v2/currency/1"}, "closeGroup": null, "invoiceNumber": "", "termOfPayment": null, "row": 1, "type": null, "externalRef": "", "systemGenerated": false, "taxTransactionType": "(Ikke valgt)", "taxTransactionTypeId": 0, "matched": false, "quantityAmount1": 0, "quantityType1": null, "quantityAmount2": 0, "quantityType2": null, "isVatReadonly": false, "isAmountVatClosed": false, "pos…
  Iteration 7 took 5.7s

──────────────────────────────────────────────────
  ITERATION 8/25
──────────────────────────────────────────────────
  Tokens: prompt=25997 completion=9 total_session=178115
  Messages: 17 (88,358 chars)
  Tool calls (1):
    [1] done()

  ⏳ Verifying task completion (262s remaining)...
  📋 Verification prompt (4478 chars):
    │ TASK: Me har motteke faktura INV-2026-4876 frå leverandøren Fossekraft AS (org.nr 887157731) på 61800 kr inklusiv MVA. Beløpet gjeld kontortenester (konto 6340). Registrer leverandørfakturaen med korrekt inngåande MVA (25 %).
    │ 
    │ TASK TYPE: Supplier invoice.
    │ Check these SPECIFIC things:
    │ - Supplier created with correct name and org number?
    │ - Correct expense account used (typically 4000-7999 range, NOT 1000-range asset accounts)?
    │ - Correct input VAT type (inngående MVA, typically vatType 1 for 25%)?
    │ - Invoice amounts NOT zero — if amount=0 or amountCurrency=0 in the response, the postings were WRONG
    │ - Invoice number, date, due date match the PDF/task?
    │ 
    │ ACTION LOG (chronological):
    │ CALL: tripletex_api({"method":"POST","path":"/supplier","body":{"name":"Fossekraft AS","organizationNumber":"887157731","isSupplier":true}})
    │ status=ok id=108492637 name=Fossekraft AS
    │ CALL: tripletex_api({"method":"GET","path":"/ledger/vatType"})
    │ CALL: tripletex_api({"method":"GET","path":"/ledger/account","params":{"number":"6340"}})
    │ status=ok
    │ CALL: tripletex_api({"method":"GET","path":"/ledger/account","params":{"number":"2400"}})
    │ status=ok
    │ CALL: tripletex_api({"method":"POST","path":"/supplierInvoice","body":{"invoiceNumber":"INV-2026-4876","invoiceDate":"2026-03-22","invoiceDueDate":"2026-04-21","supplier":{"id":108492637},"voucher":{"date":"2026-03-22","description":"Supplier invoice INV-2026-4876 from Fossekraft AS","postings":[{"row":1,"date":"2026-0)
    │ status=400
    │ CALL: tripletex_api({"method":"POST","path":"/supplierInvoice","body":{"invoiceNumber":"INV-2026-4876","invoiceDate":"2026-03-22","invoiceDueDate":"2026-04-21","supplier":{"id":108492637},"voucher":{"date":"2026-03-22","description":"Supplier invoice INV-2026-4876 from Fossekraft AS","postings":[{"row":1,"date":"2026-0)
    │ status=500
    │ CALL: tripletex_api({"method":"POST","path":"/ledger/voucher","body":{"date":"2026-03-22","description":"Supplier invoice INV-2026-4876 from Fossekraft AS","postings":[{"row":1,"date":"2026-03-22","amountGross":49440,"amountGrossCurrency":49440,"account":{"id":483632546},"vatType":{"id":1}},{"row":2,"date":"2026-03-22")
    │ status=ok id=609260085
    │ CALL: done({})
    │ 
    │ You are an accounting verification agent. Based ONLY on the action log above, check:
    │ 1. MATH: All amounts, percentages, VAT calculations correct? (e.g. if task says 50% of 274950, invoice total incl VAT must be 137475)
    │ 2. COMPLETENESS: Were all steps in the task done? Look at the CALL entries — if the action log shows the step was performed with status=ok, it WAS done. Do NOT say a step is missing if you can see it in the log!
    │ IMPORTANT: 'Fakturer'/'Invoice' just means create an invoice — do NOT require sending unless the task explicitly says send/sende/enviar/envoyer/senden!
    │ 3. DATA: Names, org numbers, dates match the task?
    │ 4. AMOUNTS: If any created entity shows amount=0 or totalAmount=0 in the response, that is WRONG — the postings failed silently. EXCEPTION: Supplier invoice (supplierInvoice) responses normally show amount=0 — this is OK.
    │ 5. BUDGET vs INVOICE: NEVER flag a mismatch between project budget and invoice total. For fixed-price projects the invoice excl. VAT matches the fixedprice — this is CORRECT. For other projects, invoice is based on actual work/costs. Either way, do NOT fail on budget vs invoice differences.
    │ 6. PAYMENT AMOUNTS: Invoice payments and reversals use the FULL amount INCLUDING VAT, not excl. VAT. If the task says 'X NOK excl. VAT', the correct payment/reversal amount is X × 1.25 (Norwegian 25% VAT). Do NOT flag a mismatch between excl. VAT amounts in the task and incl. VAT payment amounts.
    │ 7. VAT BREAKDOWN: If the total invoice amount matches the expected sum, do NOT fail on 'VAT breakdown not reflected' or similar vague VAT concerns. Only fail if a specific line item has the WRONG VAT rate applied.
    │ 
    │ CRITICAL: Be CONSERVATIVE. When in doubt, say PASS.
    │ Only say FAIL for CLEAR, OBJECTIVE, SPECIFIC errors (wrong math, completely missing step, wrong name).
    │ Do NOT say FAIL for: vague concerns, 'might be wrong', uncertain issues, minor stylistic differences, or steps you cannot confirm from the log (absence of evidence is NOT evidence of absence).
    │ A false FAIL causes MORE damage than a missed error. When uncertain, ALWAYS say PASS.
    │ If the action log shows all main steps completed with status=ok, say PASS.
    │ 
    │ Reply ONLY with either:
    │ - 'PASS' if everything looks correct or you are unsure
    │ - 'FAIL: <specific issue>' ONLY if there is an obvious, objective error
  🔍 Verification (1203 tokens): PASS

  ✓ DONE — 8 iterations, 178115 tokens, 27.9s

======================================================================
  TASK COMPLETE — total 28.7s
======================================================================

