
======================================================================
  NEW TASK RECEIVED
  Version: unknown
======================================================================
  Prompt: El cliente Luna SL (org. nº 853261750) ha reclamado sobre la factura por "Horas de consultoría" (45300 NOK sin IVA). Emita una nota de crédito completa que revierta toda la factura.
  Files:  0
  URL:    https://tx-proxy-jwanbnu3pq-lz.a.run.app/v2
──────────────────────────────────────────────────────────────────────
  [pre] Invoice/credit/payment task detected — ensuring bank account...
    ┌─ API GET /invoice/settings
    └─ 200 OK (3.2s) id=781277
  [bank] already ready
  [pre] Bank account setup: OK

──────────────────────────────────────────────────
  ITERATION 1/25
──────────────────────────────────────────────────
  Tokens: prompt=15770 completion=21 total_session=15791
  Messages: 3 (59,177 chars)
  Tool calls (1):
    [1] tripletex_api({"method":"GET","path":"/invoice"})
    │  [reject] 1 rule violation(s):
    │    • [invoice-get-date-params] GET /invoice requires params invoiceDateFrom and invoiceDateTo. Use wide range like invoiceDateFrom=2000-01-01&invoiceDateTo=2030-12-31. (missing param: invoiceDateFrom)
  Iteration 1 took 2.1s

──────────────────────────────────────────────────
  ITERATION 2/25
──────────────────────────────────────────────────
  Tokens: prompt=15943 completion=43 total_session=31777
  Messages: 5 (59,684 chars)
  Tool calls (1):
    [1] tripletex_api({"method":"GET","path":"/invoice?invoiceDateFrom=2000-01-01&invoiceDateTo=2030-12-31"})
    │  [fix] extracted query params from path: {'invoiceDateFrom': '2000-01-01', 'invoiceDateTo': '2030-12-31'}
    ┌─ API GET /invoice
    │  params: {"invoiceDateFrom": "2000-01-01", "invoiceDateTo": "2030-12-31"}
    └─ 200 OK (3.1s) [1 items]
    │  response: {"fullResultSize": 1, "from": 0, "count": 1, "versionDigest": "'If-None-Match' header not specified", "values": [{"id": 2147576264, "version": 3, "url": "kkpqfuj-amager.tripletex.dev/v2/invoice/2147576264", "invoiceNumber": 1, "invoiceDate": "2026-03-01", "customer": {"id": 108330681, "url": "kkpqfuj-amager.tripletex.dev/v2/customer/108330681"}, "creditedInvoice": 0, "isCredited": false, "invoiceDueDate": "2026-03-31", "kid": "", "invoiceComment": "", "comment": "", "orders": [{"id": 401995102, "url": "kkpqfuj-amager.tripletex.dev/v2/order/401995102"}], "orderLines": [{"id": 1607537201, "url": "kkpqfuj-amager.tripletex.dev/v2/order/orderline/1607537201"}], "travelReports": [], "projectInvoiceDetails": [{"id": 1965759694, "url": "kkpqfuj-amager.tripletex.dev/v2/invoice/details/1965759694"}], "voucher": {"id": 608893222, "url": "kkpqfuj-amager.tripletex.dev/v2/ledger/voucher/608893222"}, "deliveryDate": "2026-03-01", "amount": 56625.0, "amountCurrency": 56625.0, "amountExcludingVat": 45300.0, "amountExcludingVatCurrency": 45300.0, "amountRoundoff": 0.0, "amountRoundoffCurrency": 0.0, "amountOutstanding": 56625.0, "amountCurrencyOutstanding": 56625.0, "amountOutstandingTotal": 56625.0, "amountCurrencyOutstandingTotal": 56625.0, "sumRemits": 0, "currency": {"id": 1, "url": "kkpqfuj-amager.tripletex.dev/v2/currency/1"}, "isCreditNote": false, "isCharged": true, "isApproved": false, "postings": [{"id": 3845098952, "url": "kkpqfuj-amager.tripletex.dev/v2/ledger/posting/3845098952"}]…
  Iteration 2 took 4.4s

──────────────────────────────────────────────────
  ITERATION 3/25
──────────────────────────────────────────────────
  Tokens: prompt=16573 completion=41 total_session=48391
  Messages: 7 (61,308 chars)
  Tool calls (1):
    [1] tripletex_api({"method":"PUT","path":"/invoice/2147576264/:createCreditNote","params":{"date":"2026-03-21"}})
    ┌─ API PUT /invoice/2147576264/:createCreditNote
    │  params: {"date": "2026-03-21"}
    └─ 200 OK (5.1s) id=2147643469
    │  response: {"value": {"id": 2147643469, "version": 2, "url": "kkpqfuj-amager.tripletex.dev/v2/invoice/2147643469", "invoiceNumber": 2, "invoiceDate": "2026-03-21", "customer": {"id": 108330681, "url": "kkpqfuj-amager.tripletex.dev/v2/customer/108330681"}, "creditedInvoice": 2147576264, "isCredited": false, "invoiceDueDate": "2026-03-21", "kid": "", "invoiceComment": "", "comment": "", "orders": [{"id": 401995102, "url": "kkpqfuj-amager.tripletex.dev/v2/order/401995102"}], "orderLines": [{"id": 1607578074, "url": "kkpqfuj-amager.tripletex.dev/v2/order/orderline/1607578074"}], "travelReports": [], "projectInvoiceDetails": [{"id": 1965797722, "url": "kkpqfuj-amager.tripletex.dev/v2/invoice/details/1965797722"}], "voucher": {"id": 609177702, "url": "kkpqfuj-amager.tripletex.dev/v2/ledger/voucher/609177702"}, "deliveryDate": "2026-03-01", "amount": -56625.0, "amountCurrency": -56625.0, "amountExcludingVat": -45300.0, "amountExcludingVatCurrency": -45300.0, "amountRoundoff": 0.0, "amountRoundoffCurrency": 0.0, "amountOutstanding": 0.0, "amountCurrencyOutstanding": 0.0, "amountOutstandingTotal": 0.0, "amountCurrencyOutstandingTotal": 0.0, "sumRemits": 0, "currency": {"id": 1, "url": "kkpqfuj-amager.tripletex.dev/v2/currency/1"}, "isCreditNote": true, "isCharged": true, "isApproved": false, "postings": [{"id": 3845098952, "url": "kkpqfuj-amager.tripletex.dev/v2/ledger/posting/3845098952"}, {"id": 3845875327, "url": "kkpqfuj-amager.tripletex.dev/v2/ledger/posting/3845875327"}], "reminders": [], …
  Iteration 3 took 6.0s

──────────────────────────────────────────────────
  ITERATION 4/25
──────────────────────────────────────────────────
  Tokens: prompt=17199 completion=9 total_session=65599
  Messages: 9 (62,912 chars)
  Tool calls (1):
    [1] done()

  ⏳ Verifying task completion (273s remaining)...
  📋 Verification prompt (3037 chars):
    │ TASK: El cliente Luna SL (org. nº 853261750) ha reclamado sobre la factura por "Horas de consultoría" (45300 NOK sin IVA). Emita una nota de crédito completa que revierta toda la factura.
    │ 
    │ TASK TYPE: Credit note.
    │ Check: original invoice found, credit note created referencing it, date set.
    │ 
    │ ACTION LOG (chronological):
    │ CALL: tripletex_api({"method":"GET","path":"/invoice"})
    │ status=400
    │ CALL: tripletex_api({"method":"GET","path":"/invoice?invoiceDateFrom=2000-01-01&invoiceDateTo=2030-12-31"})
    │ status=ok
    │ CALL: tripletex_api({"method":"PUT","path":"/invoice/2147576264/:createCreditNote","params":{"date":"2026-03-21"}})
    │ status=ok id=2147643469 amount=-56625.0 amountCurrency=-56625.0 invoiceNumber=2
    │ CALL: done({})
    │ 
    │ You are an accounting verification agent. Based ONLY on the action log above, check:
    │ 1. MATH: All amounts, percentages, VAT calculations correct? (e.g. if task says 50% of 274950, invoice total incl VAT must be 137475)
    │ 2. COMPLETENESS: Were all steps in the task done? Look at the CALL entries — if the action log shows the step was performed with status=ok, it WAS done. Do NOT say a step is missing if you can see it in the log!
    │ IMPORTANT: 'Fakturer'/'Invoice' just means create an invoice — do NOT require sending unless the task explicitly says send/sende/enviar/envoyer/senden!
    │ 3. DATA: Names, org numbers, dates match the task?
    │ 4. AMOUNTS: If any created entity shows amount=0 or totalAmount=0 in the response, that is WRONG — the postings failed silently. EXCEPTION: Supplier invoice (supplierInvoice) responses normally show amount=0 — this is OK.
    │ 5. BUDGET vs INVOICE: NEVER flag a mismatch between project budget and invoice total. For fixed-price projects the invoice excl. VAT matches the fixedprice — this is CORRECT. For other projects, invoice is based on actual work/costs. Either way, do NOT fail on budget vs invoice differences.
    │ 6. PAYMENT AMOUNTS: Invoice payments and reversals use the FULL amount INCLUDING VAT, not excl. VAT. If the task says 'X NOK excl. VAT', the correct payment/reversal amount is X × 1.25 (Norwegian 25% VAT). Do NOT flag a mismatch between excl. VAT amounts in the task and incl. VAT payment amounts.
    │ 7. VAT BREAKDOWN: If the total invoice amount matches the expected sum, do NOT fail on 'VAT breakdown not reflected' or similar vague VAT concerns. Only fail if a specific line item has the WRONG VAT rate applied.
    │ 
    │ CRITICAL: Be CONSERVATIVE. When in doubt, say PASS.
    │ Only say FAIL for CLEAR, OBJECTIVE, SPECIFIC errors (wrong math, completely missing step, wrong name).
    │ Do NOT say FAIL for: vague concerns, 'might be wrong', uncertain issues, minor stylistic differences, or steps you cannot confirm from the log (absence of evidence is NOT evidence of absence).
    │ A false FAIL causes MORE damage than a missed error. When uncertain, ALWAYS say PASS.
    │ If the action log shows all main steps completed with status=ok, say PASS.
    │ 
    │ Reply ONLY with either:
    │ - 'PASS' if everything looks correct or you are unsure
    │ - 'FAIL: <specific issue>' ONLY if there is an obvious, objective error
  🔍 Verification (761 tokens): PASS

  ✓ DONE — 4 iterations, 65599 tokens, 16.6s

======================================================================
  TASK COMPLETE — total 17.8s
======================================================================

