
======================================================================
  NEW TASK RECEIVED
  Version: 9b42bf7
======================================================================
  Prompt: Exécutez la paie de Chloé Dubois (chloe.dubois@example.org) pour ce mois. Le salaire de base est de 58350 NOK. Ajoutez une prime unique de 9300 NOK en plus du salaire de base.
  Files:  0
  URL:    https://tx-proxy-jwanbnu3pq-lz.a.run.app/v2
──────────────────────────────────────────────────────────────────────
  [pre] Employee/salary task detected — scanning employees and employment...
    ┌─ API GET /employee
    │  params: {"fields": "*"}
  [github] Log pushed: 20260322_095138_9142_salary_ok_15iter_you_received_an.log (attempt 1)
  [github] Conflict (409), retry in 2.9s (attempt 1/4)...
  [github] Log pushed: 20260322_095010_7372_supplier_invoice_ok_11iter_has_recibido_una.log (attempt 2)
    └─ 200 OK (12.1s) [2 items]
    ┌─ API GET /employee/employment
    │  params: {"employeeId": 18268760, "fields": "*"}
    └─ 200 OK (12.3s) [1 items]
    ┌─ API GET /employee/employment
    │  params: {"employeeId": 18779207, "fields": "*"}
    └─ 200 OK (11.3s) [0 items]
    ┌─ API GET /company/>withLoginAccess
    └─ 200 OK (10.9s) [0 items]
    ┌─ API GET /department
    └─ 200 OK (14.3s) [1 items]
  [pre] Pre-scan complete: 2 employees found

──────────────────────────────────────────────────
  ITERATION 1/25
──────────────────────────────────────────────────
  Tokens: prompt=20263 completion=23 total_session=20286
  Messages: 3 (75,535 chars)
  Tool calls (1):
    [1] tripletex_api({"method":"POST","path":"/employee/employment"})
    │  [fix] blocked POST without body: /employee/employment
  Iteration 1 took 1.0s

──────────────────────────────────────────────────
  ITERATION 2/25
──────────────────────────────────────────────────
  Tokens: prompt=20356 completion=52 total_session=40694
  Messages: 5 (75,767 chars)
  Tool calls (1):
    [1] tripletex_api({"method":"POST","path":"/employee/employment","body":{"employee":{"id":18779207},"startDate":"2026-03-01","division":{"id":107931621}}})
    ┌─ API GET /employee/18779207
    │  params: {"fields": "id,version,firstName,lastName,dateOfBirth"}
    └─ 200 OK (11.5s) id=18779207 name=Chloé
    ┌─ API PUT /employee/18779207
    │  body:   {"id": 18779207, "version": 2, "firstName": "Chloé", "lastName": "Dubois", "dateOfBirth": "1990-01-01"}
    └─ 200 OK (12.1s) id=18779207 name=Chloé
    │  [fix] employee 18779207: set dateOfBirth=1990-01-01 (required for employment)
    ┌─ API POST /employee/employment
    │  body:   {"employee": {"id": 18779207}, "startDate": "2026-03-01", "division": {"id": 107931621}}
    └─ 422 ERR (11.7s) {"status": 422, "code": 18000, "message": "Validering feilet.", "link": "https://tripletex.no/v2-docs/", "developerMessage": "VALIDATION_ERROR", "validationMessages": [{"field": "division.id", "message": "Det er ikke mulig å knytte arbeidsforholdet til den juridiske enheten.", "path": null, "rootId": null}], "requestId": "fcb8c6e5-a547-47d3-9ae4-60ae928c4336", "_status_code": 422}
    ┌─ API GET /employee
    │  params: {"fields": "id"}
    └─ 200 OK (9.7s) [2 items]
    ┌─ API GET /employee/employment
    │  params: {"employeeId": 18268760, "fields": "division"}
    └─ 200 OK (10.7s) [1 items]
    ┌─ API GET /employee/employment
    │  params: {"employeeId": 18779207, "fields": "division"}
    └─ 200 OK (11.0s) [0 items]
    │  [auto-fix] division.id rejected — no alternative found, retrying without division
    ┌─ API POST /employee/employment
    │  body:   {"employee": {"id": 18779207}, "startDate": "2026-03-01"}
    └─ 201 OK (12.2s) id=2889003
    │  [auto-fix] employment created without division OK
    │  response: {"value": {"id": 2889003, "version": 0, "url": "kkpqfuj-amager.tripletex.dev/v2/employee/employment/2889003", "employee": {"id": 18779207, "url": "kkpqfuj-amager.tripletex.dev/v2/employee/18779207"}, "employmentId": "", "startDate": "2026-03-01", "endDate": null, "employmentEndReason": null, "division": null, "lastSalaryChangeDate": null, "noEmploymentRelationship": false, "isMainEmployer": true, "taxDeductionCode": "loennFraHovedarbeidsgiver", "employmentDetails": [], "isRemoveAccessAtEmploymentEnded": false, "latestSalary": null}}
  Iteration 2 took 79.8s

──────────────────────────────────────────────────
  ITERATION 3/25
──────────────────────────────────────────────────
  Tokens: prompt=20589 completion=22 total_session=61305
  Messages: 7 (76,305 chars)
  Tool calls (1):
    [1] tripletex_api({"method":"GET","path":"/salary/type"})
    ┌─ API GET /salary/type
    └─ 200 OK (15.2s) [155 items]
    │  [trim] condensed 155 items → key fields (17904 chars)
    │  response: {"fullResultSize": 155, "from": 0, "count": 155, "versionDigest": null, "values": [{"description": "", "version": 0, "id": 55633428, "number": "1000", "name": "Gjeld til ansatte"}, {"description": "", "version": 1, "id": 55633431, "number": "2000", "name": "Fastlønn"}, {"description": "", "version": 0, "id": 55633433, "number": "2001", "name": "Timelønn"}, {"description": "", "version": 0, "id": 55633577, "number": "2009", "name": "Utbetalt fleksisaldo"}, {"description": "", "version": 0, "id": 55633579, "number": "2010", "name": "Utbetalt feriesaldo"}, {"description": "", "version": 0, "id": 55633582, "number": "2015", "name": "Feriepenger u/skattetrekk"}, {"description": "", "version": 0, "id": 55633584, "number": "2016", "name": "Feriepenger m/skattetrekk"}, {"description": "", "version": 0, "id": 55633585, "number": "2017", "name": "Feriepenger - ekstra ferieuke f.o.m. 60 år"}, {"description": "", "version": 0, "id": 55633587, "number": "2028", "name": "Trekk i lønn for ferie - fastlønn"}, {"description": "", "version": 0, "id": 55633594, "number": "5001", "name": "Kilometergodtgjørelse bil"}, {"description": "", "version": 0, "id": 55633596, "number": "5002", "name": "Kost"}, {"description": "", "version": 0, "id": 55633599, "number": "5005", "name": "Losji - innland/utland"}, {"description": "", "version": 0, "id": 55633604, "number": "6000", "name": "Skattetrekk"}, {"description": "", "version": 0, "id": 55633748, "number": "1001", "name": "Forskudd på lønn"}, {"descri…
  Iteration 3 took 16.2s

──────────────────────────────────────────────────
  ITERATION 4/25
──────────────────────────────────────────────────
  Tokens: prompt=23441 completion=91 total_session=84837
  Messages: 9 (84,319 chars)
  Tool calls (1):
    [1] tripletex_api({"method":"POST","path":"/salary/transaction","body":{"year":2026,"month":3,"payslips":[{"employee":{"id":18779207},"specifications":[{"salaryType":{"id":55633431},"rate":58350,"count":1},{"salaryType":{"id":55633750},"rate":9300,"count":1}]}]}})
    ┌─ API POST /salary/transaction
    │  body:   {"year": 2026, "month": 3, "payslips": [{"employee": {"id": 18779207}, "specifications": [{"salaryType": {"id": 55633431}, "rate": 58350, "count": 1}, {"salaryType": {"id": 55633750}, "rate": 9300, "count": 1}]}]}
    └─ 422 ERR (10.5s) {"status": 422, "code": 18000, "message": "Validering feilet.", "link": "https://tripletex.no/v2-docs/", "developerMessage": "VALIDATION_ERROR", "validationMessages": [{"field": "employee", "message": "Arbeidsforholdet er ikke knyttet mot en virksomhet.", "path": "employee", "rootId": null}], "requestId": "5776eb14-c0a7-4543-a34e-5d0f9a3ec327", "_status_code": 422}
    │  [hint] salary API failed with division error — injected voucher fallback guidance
    │  response: {"status": 422, "code": 18000, "message": "Validering feilet.", "link": "https://tripletex.no/v2-docs/", "developerMessage": "VALIDATION_ERROR", "validationMessages": [{"field": "employee", "message": "Arbeidsforholdet er ikke knyttet mot en virksomhet.", "path": "employee", "rootId": null}], "requestId": "5776eb14-c0a7-4543-a34e-5d0f9a3ec327", "_status_code": 422, "_fallback_hint": "Salary API failed because employment is not linked to a business unit. USE MANUAL VOUCHER FALLBACK: 1. GET /ledger/account?number=5000 to find 'Lønn til ansatte' account id. 2. GET /ledger/account?number=2930 to find 'Skyldig lønn' account id. 3. POST /ledger/voucher with TWO balanced postings: debit 5000 (positive amount = total salary incl. bonus) and credit 2930 (negative same amount). This records the payroll expense correctly."}
  Iteration 4 took 11.9s

──────────────────────────────────────────────────
  ITERATION 5/25
──────────────────────────────────────────────────
  Tokens: prompt=23787 completion=29 total_session=108653
  Messages: 11 (85,143 chars)
  Tool calls (1):
    [1] tripletex_api({"method":"GET","path":"/ledger/account","params":{"number":"5000"}})
    ┌─ API GET /ledger/account
    │  params: {"number": "5000"}
    └─ 200 OK (11.9s) [1 items]
    │  response: {"fullResultSize": 1, "from": 0, "count": 1, "versionDigest": "'If-None-Match' header not specified", "values": [{"id": 378462526, "version": 0, "url": "kkpqfuj-amager.tripletex.dev/v2/ledger/account/378462526", "number": 5000, "numberPretty": "5000", "name": "Lønn til ansatte", "description": "", "type": "OPERATING_EXPENSES", "legalVatTypes": [{"id": 0, "url": "kkpqfuj-amager.tripletex.dev/v2/ledger/vatType/0"}], "ledgerType": "GENERAL", "balanceGroup": "Ikke i en saldogruppe.", "vatType": {"id": 0, "url": "kkpqfuj-amager.tripletex.dev/v2/ledger/vatType/0"}, "vatLocked": true, "currency": null, "isCloseable": false, "isApplicableForSupplierInvoice": false, "requireReconciliation": false, "isInactive": false, "isBankAccount": false, "isInvoiceAccount": false, "bankAccountNumber": "", "bankAccountCountry": null, "bankName": "", "bankAccountIBAN": "", "bankAccountSWIFT": "", "saftCode": "50", "groupingCode": "5000", "displayName": "5000 Lønn til ansatte", "requiresDepartment": false, "requiresProject": false, "invoicingDepartment": null, "isPostingsExist": false, "quantityType1": null, "quantityType2": null, "department": null}]}
  Iteration 5 took 12.9s

──────────────────────────────────────────────────
  ITERATION 6/25
──────────────────────────────────────────────────
  Tokens: prompt=24196 completion=29 total_session=132878
  Messages: 13 (86,288 chars)
  Tool calls (1):
    [1] tripletex_api({"method":"GET","path":"/ledger/account","params":{"number":"2930"}})
    ┌─ API GET /ledger/account
    │  params: {"number": "2930"}
    └─ 200 OK (11.2s) [1 items]
    │  response: {"fullResultSize": 1, "from": 0, "count": 1, "versionDigest": "'If-None-Match' header not specified", "values": [{"id": 378462439, "version": 0, "url": "kkpqfuj-amager.tripletex.dev/v2/ledger/account/378462439", "number": 2930, "numberPretty": "2930", "name": "Skyldig lønn", "description": "", "type": "LIABILITIES", "legalVatTypes": [{"id": 0, "url": "kkpqfuj-amager.tripletex.dev/v2/ledger/vatType/0"}], "ledgerType": "GENERAL", "balanceGroup": "Ikke i en saldogruppe.", "vatType": {"id": 0, "url": "kkpqfuj-amager.tripletex.dev/v2/ledger/vatType/0"}, "vatLocked": true, "currency": null, "isCloseable": false, "isApplicableForSupplierInvoice": false, "requireReconciliation": false, "isInactive": false, "isBankAccount": false, "isInvoiceAccount": false, "bankAccountNumber": "", "bankAccountCountry": null, "bankName": "", "bankAccountIBAN": "", "bankAccountSWIFT": "", "saftCode": "29", "groupingCode": "2949", "displayName": "2930 Skyldig lønn", "requiresDepartment": false, "requiresProject": false, "invoicingDepartment": null, "isPostingsExist": false, "quantityType1": null, "quantityType2": null, "department": null}]}
  Iteration 6 took 12.1s

──────────────────────────────────────────────────
  ITERATION 7/25
──────────────────────────────────────────────────
  Tokens: prompt=24603 completion=137 total_session=157618
  Messages: 15 (87,418 chars)
  Tool calls (1):
    [1] tripletex_api({"method":"POST","path":"/ledger/voucher","body":{"date":"2026-03-22","description":"Salary and bonus for Chloé Dubois","postings":[{"row":1,"date":"2026-03-22","amountGross":67650,"amountGrossCurrency":67650,"account":{"id":378462526},"vatType":{"id":0}},{"row":2,"date":"2026-03-22","amountGross":-67650,"amountGrossCurrency":-67650,"account":{"id":378462439},"vatType":{"id":0}}]}})
    ┌─ API POST /ledger/voucher
    │  body:   {"date": "2026-03-22", "description": "Salary and bonus for Chloé Dubois", "postings": [{"row": 1, "date": "2026-03-22", "amountGross": 67650, "amountGrossCurrency": 67650, "account": {"id": 378462526}, "vatType": {"id": 0}}, {"row": 2, "date": "2026-03-22", "amountGross": -67650, "amountGrossCurrency": -67650, "account": {"id": 378462439}, "vatType": {"id": 0}}]}
    └─ 201 OK (11.2s) id=609383816
    │  response: {"value": {"id": 609383816, "version": 5, "url": "kkpqfuj-amager.tripletex.dev/v2/ledger/voucher/609383816", "date": "2026-03-22", "number": 1, "tempNumber": 0, "year": 2026, "description": "Salary and bonus for Chloé Dubois", "voucherType": null, "reverseVoucher": null, "postings": [{"id": 3846416868, "version": 1, "url": "kkpqfuj-amager.tripletex.dev/v2/ledger/posting/3846416868", "voucher": {"id": 609383816, "url": "kkpqfuj-amager.tripletex.dev/v2/ledger/voucher/609383816"}, "date": "2026-03-22", "description": "Salary and bonus for Chloé Dubois", "account": {"id": 378462526, "url": "kkpqfuj-amager.tripletex.dev/v2/ledger/account/378462526"}, "amortizationAccount": null, "amortizationStartDate": null, "amortizationEndDate": null, "customer": null, "supplier": null, "employee": null, "project": null, "product": null, "department": null, "vatType": {"id": 0, "url": "kkpqfuj-amager.tripletex.dev/v2/ledger/vatType/0"}, "amount": 67650.0, "amountCurrency": 67650.0, "amountGross": 67650, "amountGrossCurrency": 67650, "currency": {"id": 1, "url": "kkpqfuj-amager.tripletex.dev/v2/currency/1"}, "closeGroup": null, "invoiceNumber": "", "termOfPayment": null, "row": 1, "type": null, "externalRef": "", "systemGenerated": false, "taxTransactionType": "(Ikke valgt)", "taxTransactionTypeId": 0, "matched": false, "quantityAmount1": 0, "quantityType1": null, "quantityAmount2": 0, "quantityType2": null, "isVatReadonly": true, "isAmountVatClosed": false, "postingRuleId": 0, "freeAccountingDi…
  Iteration 7 took 13.1s

──────────────────────────────────────────────────
  ITERATION 8/25
──────────────────────────────────────────────────
  Tokens: prompt=25789 completion=9 total_session=183416
  Messages: 17 (90,543 chars)
  Tool calls (1):
    [1] done()

  ⏳ Verifying task completion (81s remaining)...
  📋 Verification prompt (3836 chars):
    │ TASK: Exécutez la paie de Chloé Dubois (chloe.dubois@example.org) pour ce mois. Le salaire de base est de 58350 NOK. Ajoutez une prime unique de 9300 NOK en plus du salaire de base.
    │ 
    │ TASK TYPE: Salary/payroll.
    │ Check: employee name correct, employment exists, salary transaction has correct base salary and bonus amounts.
    │ 
    │ ACTION LOG (chronological):
    │ CALL: tripletex_api({"method":"POST","path":"/employee/employment"})
    │ status=400
    │ CALL: tripletex_api({"method":"POST","path":"/employee/employment","body":{"employee":{"id":18779207},"startDate":"2026-03-01","division":{"id":107931621}}})
    │ status=ok id=2889003
    │ CALL: tripletex_api({"method":"GET","path":"/salary/type"})
    │ CALL: tripletex_api({"method":"POST","path":"/salary/transaction","body":{"year":2026,"month":3,"payslips":[{"employee":{"id":18779207},"specifications":[{"salaryType":{"id":55633431},"rate":58350,"count":1},{"salaryType":{"id":55633750},"rate":9300,"count":1}]}]}})
    │ status=422
    │ CALL: tripletex_api({"method":"GET","path":"/ledger/account","params":{"number":"5000"}})
    │ status=ok
    │ CALL: tripletex_api({"method":"GET","path":"/ledger/account","params":{"number":"2930"}})
    │ status=ok
    │ CALL: tripletex_api({"method":"POST","path":"/ledger/voucher","body":{"date":"2026-03-22","description":"Salary and bonus for Chloé Dubois","postings":[{"row":1,"date":"2026-03-22","amountGross":67650,"amountGrossCurrency":67650,"account":{"id":378462526},"vatType":{"id":0}},{"row":2,"date":"2026-03-22","amountGross":-)
    │ status=ok id=609383816
    │ CALL: done({})
    │ 
    │ You are an accounting verification agent. Based ONLY on the action log above, check:
    │ 1. MATH: All amounts, percentages, VAT calculations correct? (e.g. if task says 50% of 274950, invoice total incl VAT must be 137475)
    │ 2. COMPLETENESS: Were all steps in the task done? Look at the CALL entries — if the action log shows the step was performed with status=ok, it WAS done. Do NOT say a step is missing if you can see it in the log!
    │ IMPORTANT: 'Fakturer'/'Invoice' just means create an invoice — do NOT require sending unless the task explicitly says send/sende/enviar/envoyer/senden!
    │ 3. DATA: Names, org numbers, dates match the task?
    │ 4. AMOUNTS: If any created entity shows amount=0 or totalAmount=0 in the response, that is WRONG — the postings failed silently. For supplier invoices: amount=0 with amountExcludingVat=0 means postings were MISSING or malformed.
    │ 5. BUDGET vs INVOICE: NEVER flag a mismatch between project budget and invoice total. For fixed-price projects the invoice excl. VAT matches the fixedprice — this is CORRECT. For other projects, invoice is based on actual work/costs. Either way, do NOT fail on budget vs invoice differences.
    │ 6. PAYMENT AMOUNTS: Invoice payments and reversals use the FULL amount INCLUDING VAT, not excl. VAT. If the task says 'X NOK excl. VAT', the correct payment/reversal amount is X × 1.25 (Norwegian 25% VAT). Do NOT flag a mismatch between excl. VAT amounts in the task and incl. VAT payment amounts.
    │ 7. VAT BREAKDOWN: If the total invoice amount matches the expected sum, do NOT fail on 'VAT breakdown not reflected' or similar vague VAT concerns. Only fail if a specific line item has the WRONG VAT rate applied.
    │ 
    │ CRITICAL: Be CONSERVATIVE. When in doubt, say PASS.
    │ Only say FAIL for CLEAR, OBJECTIVE, SPECIFIC errors (wrong math, completely missing step, wrong name).
    │ Do NOT say FAIL for: vague concerns, 'might be wrong', uncertain issues, minor stylistic differences, or steps you cannot confirm from the log (absence of evidence is NOT evidence of absence).
    │ A false FAIL causes MORE damage than a missed error. When uncertain, ALWAYS say PASS.
    │ If the action log shows all main steps completed with status=ok, say PASS.
    │ 
    │ Reply ONLY with either:
    │ - 'PASS' if everything looks correct or you are unsure
    │ - 'FAIL: <specific issue>' ONLY if there is an obvious, objective error
  🔍 Verification (1006 tokens): PASS

  ✓ DONE — 8 iterations, 183416 tokens, 208.7s

======================================================================
  TASK COMPLETE — total 209.1s
======================================================================

