
======================================================================
  NEW TASK RECEIVED
  Version: unknown
======================================================================
  Prompt: Opprett og send en faktura til kunden Brattli AS (org.nr 845762686) på 26450 kr eksklusiv MVA. Fakturaen gjelder Skylagring.
  Files:  0
  URL:    https://tx-proxy-jwanbnu3pq-lz.a.run.app/v2
──────────────────────────────────────────────────────────────────────
  [pre] Invoice/credit/payment task detected — ensuring bank account...
    ┌─ API GET /invoice/settings
    └─ 200 OK (2.7s) id=772394
    ┌─ API GET /ledger/account
    │  params: {"isBankAccount": "true", "count": 10}
    └─ 200 OK (2.7s) [2 items]
  [bank] found account 1920 id=372750727 v=0
    ┌─ API PUT /ledger/account/372750727
    │  body:   {"id": 372750727, "version": 0, "number": 1920, "name": "Bankinnskudd", "bankAccountNumber": "15030100112"}
    └─ 200 OK (6.5s) id=372750727 name=Bankinnskudd
  [bank] bank account set OK
  [pre] Bank account setup: OK

──────────────────────────────────────────────────
  ITERATION 1/25
──────────────────────────────────────────────────
  Tokens: prompt=14535 completion=21 total_session=14556
  Messages: 3 (54,275 chars)
  Tool calls (1):
    [1] tripletex_api({"method":"GET","path":"/customer"})
    ┌─ API GET /customer
    └─ 200 OK (3.1s) [1 items]
    │  response: {"fullResultSize": 1, "from": 0, "count": 1, "versionDigest": "'If-None-Match' header not specified", "values": [{"id": 108321217, "version": 1, "url": "kkpqfuj-amager.tripletex.dev/v2/customer/108321217", "name": "Brattli AS", "organizationNumber": "845762686", "globalLocationNumber": 0, "supplierNumber": 0, "customerNumber": 10001, "isSupplier": false, "isCustomer": true, "isInactive": false, "accountManager": null, "department": null, "email": "", "invoiceEmail": "", "overdueNoticeEmail": "", "phoneNumber": "", "phoneNumberMobile": "", "description": "", "language": "NO", "displayName": "Brattli AS (10001)", "isPrivateIndividual": false, "singleCustomerInvoice": false, "invoiceSendMethod": "EMAIL", "emailAttachmentType": "ATTACHMENT", "postalAddress": {"id": 405492969, "url": "kkpqfuj-amager.tripletex.dev/v2/address/405492969"}, "physicalAddress": {"id": 405492968, "url": "kkpqfuj-amager.tripletex.dev/v2/address/405492968"}, "deliveryAddress": null, "category1": null, "category2": null, "category3": null, "invoicesDueIn": 14, "invoicesDueInType": "DAYS", "currency": {"id": 1, "url": "kkpqfuj-amager.tripletex.dev/v2/currency/1"}, "bankAccountPresentation": [], "ledgerAccount": {"id": 372750671, "url": "kkpqfuj-amager.tripletex.dev/v2/ledger/account/372750671"}, "isFactoring": false, "invoiceSendSMSNotification": false, "invoiceSMSNotificationNumber": "", "isAutomaticSoftReminderEnabled": false, "isAutomaticReminderEnabled": false, "isAutomaticNoticeOfDebtCollectionEnabled":…
  Iteration 1 took 4.2s

──────────────────────────────────────────────────
  ITERATION 2/25
──────────────────────────────────────────────────
  Tokens: prompt=15041 completion=21 total_session=29618
  Messages: 5 (55,826 chars)
  Tool calls (1):
    [1] tripletex_api({"method":"GET","path":"/product"})
    ┌─ API GET /product
    └─ 200 OK (3.2s) [0 items]
    │  response: {"fullResultSize": 0, "from": 0, "count": 0, "versionDigest": "'If-None-Match' header not specified", "values": []}
  Iteration 2 took 3.8s

──────────────────────────────────────────────────
  ITERATION 3/25
──────────────────────────────────────────────────
  Tokens: prompt=15112 completion=24 total_session=44754
  Messages: 7 (55,941 chars)
  Tool calls (1):
    [1] tripletex_api({"method":"GET","path":"/ledger/vatType"})
    ┌─ API GET /ledger/vatType
    └─ 200 OK (3.2s) [56 items]
    │  response: {"fullResultSize": 56, "from": 0, "count": 56, "versionDigest": "'If-None-Match' header not specified", "values": [{"id": 1, "version": 0, "url": "kkpqfuj-amager.tripletex.dev/v2/ledger/vatType/1", "name": "Fradrag inngående avgift, høy sats", "number": "1", "displayName": "1: (25%) Fradrag inngående avgift, høy sats", "percentage": 25, "deductionPercentage": 100.0, "parentType": {"id": 0, "url": "kkpqfuj-amager.tripletex.dev/v2/ledger/vatType/0"}}, {"id": 2, "version": 0, "url": "kkpqfuj-amager.tripletex.dev/v2/ledger/vatType/2", "name": "Direktepostert fradrag inngående avgift, høy sats (mva-kode utgikk 01.01.2017)", "number": "UT-2", "displayName": "UT-2: (100%) Direktepostert fradrag inngående avgift, høy sats (mva-kode utgikk 01.01.2017)", "percentage": 100.0, "deductionPercentage": 100.0, "parentType": {"id": 0, "url": "kkpqfuj-amager.tripletex.dev/v2/ledger/vatType/0"}}, {"id": 3, "version": 0, "url": "kkpqfuj-amager.tripletex.dev/v2/ledger/vatType/3", "name": "Utgående avgift, høy sats", "number": "3", "displayName": "3: (25%) Utgående avgift, høy sats", "percentage": 25, "deductionPercentage": 100.0, "parentType": {"id": 0, "url": "kkpqfuj-amager.tripletex.dev/v2/ledger/vatType/0"}}, {"id": 4, "version": 0, "url": "kkpqfuj-amager.tripletex.dev/v2/ledger/vatType/4", "name": "Direktepostert utgående avgift, høy sats", "number": "4", "displayName": "4: (100%) Direktepostert utgående avgift, høy sats", "percentage": 100.0, "deductionPercentage": 100.0, "parentType": {"id…
  Iteration 3 took 3.9s

──────────────────────────────────────────────────
  ITERATION 4/25
──────────────────────────────────────────────────
  Tokens: prompt=18143 completion=21 total_session=62918
  Messages: 9 (63,955 chars)
  Tool calls (1):
    [1] tripletex_api({"method":"POST","path":"/product"})
    │  [fix] blocked POST without body: /product
  Iteration 4 took 1.0s

──────────────────────────────────────────────────
  ITERATION 5/25
──────────────────────────────────────────────────
  Tokens: prompt=18230 completion=47 total_session=81195
  Messages: 11 (64,163 chars)
  Tool calls (1):
    [1] tripletex_api({"method":"POST","path":"/product","body":{"name":"Skylagring","priceExcludingVatCurrency":26450,"vatType":{"id":3}}})
    ┌─ API POST /product
    │  body:   {"name": "Skylagring", "priceExcludingVatCurrency": 26450, "vatType": {"id": 3}}
    └─ 201 OK (3.2s) id=84417947 name=Skylagring
    │  response: {"value": {"id": 84417947, "version": 0, "url": "kkpqfuj-amager.tripletex.dev/v2/product/84417947", "name": "Skylagring", "number": "", "displayNumber": "", "description": "", "orderLineDescription": "", "costExcludingVatCurrency": 0, "costPrice": 0, "priceExcludingVatCurrency": 26450, "priceIncludingVatCurrency": 33062.5, "isInactive": false, "productUnit": null, "incomingStock": 0, "outgoingStock": 0, "vatType": {"id": 3, "url": "kkpqfuj-amager.tripletex.dev/v2/ledger/vatType/3"}, "currency": {"id": 1, "url": "kkpqfuj-amager.tripletex.dev/v2/currency/1"}, "department": null, "account": null, "supplier": null, "resaleProduct": null, "isDeletable": false, "hasSupplierProductConnected": false, "image": null, "displayName": "Skylagring", "mainSupplierProduct": null, "isRoundPriceIncVat": false, "priceInTargetCurrency": 0, "purchasePriceCurrency": 0}}
  Iteration 5 took 4.2s

──────────────────────────────────────────────────
  ITERATION 6/25
──────────────────────────────────────────────────
  Tokens: prompt=18571 completion=51 total_session=99817
  Messages: 13 (65,023 chars)
  Tool calls (1):
    [1] tripletex_api({"method":"POST","path":"/order","body":{"customer":{"id":108321217},"orderDate":"2026-03-21","deliveryDate":"2026-03-21"}})
    ┌─ API POST /order
    │  body:   {"customer": {"id": 108321217}, "orderDate": "2026-03-21", "deliveryDate": "2026-03-21"}
    └─ 201 OK (2.5s) id=402026057
    │  response: {"value": {"id": 402026057, "version": 0, "url": "kkpqfuj-amager.tripletex.dev/v2/order/402026057", "customer": {"id": 108321217, "url": "kkpqfuj-amager.tripletex.dev/v2/customer/108321217"}, "contact": null, "attn": null, "displayName": "1 Ordre", "receiverEmail": "", "overdueNoticeEmail": "", "number": "1", "reference": "", "department": null, "orderDate": "2026-03-21", "project": null, "invoiceComment": "", "currency": {"id": 1, "url": "kkpqfuj-amager.tripletex.dev/v2/currency/1"}, "invoicesDueIn": 14, "invoicesDueInType": "DAYS", "isShowOpenPostsOnInvoices": false, "isClosed": false, "deliveryDate": "2026-03-21", "deliveryAddress": null, "deliveryComment": "", "isPrioritizeAmountsIncludingVat": false, "orderLineSorting": "PRODUCT", "orderGroups": [], "orderLines": [], "isSubscription": false, "subscriptionDuration": 0, "subscriptionDurationType": "MONTHS", "subscriptionPeriodsOnInvoice": 0, "subscriptionPeriodsOnInvoiceType": "MONTHS", "subscriptionInvoicingTimeInAdvanceOrArrears": "ADVANCE", "subscriptionInvoicingTime": 0, "subscriptionInvoicingTimeType": "MONTHS", "isSubscriptionAutoInvoicing": false, "preliminaryInvoice": {"id": 2147622113, "url": "kkpqfuj-amager.tripletex.dev/v2/invoice/2147622113"}, "attachment": [], "sendMethodDescription": "Faktura må sendes manuelt.", "invoiceOnAccountVatHigh": false, "totalInvoicedOnAccountAmountAbsoluteCurrency": 0.0, "invoiceSendSMSNotification": false, "invoiceSMSNotificationNumber": "", "markUpOrderLines": 0, "discountPercent…
  Iteration 6 took 4.2s

──────────────────────────────────────────────────
  ITERATION 7/25
──────────────────────────────────────────────────
  Tokens: prompt=19127 completion=45 total_session=118989
  Messages: 15 (66,653 chars)
  Tool calls (1):
    [1] tripletex_api({"method":"POST","path":"/order/orderline","body":{"order":{"id":402026057},"product":{"id":84417947},"count":1}})
    ┌─ API POST /order/orderline
    │  body:   {"order": {"id": 402026057}, "product": {"id": 84417947}, "count": 1}
    └─ 201 OK (2.6s) id=1607564512
    │  response: {"value": {"id": 1607564512, "version": 1, "url": "kkpqfuj-amager.tripletex.dev/v2/order/orderline/1607564512", "product": {"id": 84417947, "url": "kkpqfuj-amager.tripletex.dev/v2/product/84417947"}, "inventory": null, "description": "", "displayName": "Skylagring", "count": 1.0, "unitCostCurrency": 0.0, "unitPriceExcludingVatCurrency": 26450.0, "currency": {"id": 1, "url": "kkpqfuj-amager.tripletex.dev/v2/currency/1"}, "markup": 0.0, "discount": 0.0, "vatType": {"id": 3, "url": "kkpqfuj-amager.tripletex.dev/v2/ledger/vatType/3"}, "amountExcludingVatCurrency": 26450.0, "amountIncludingVatCurrency": 33062.5, "vendor": null, "order": {"id": 402026057, "url": "kkpqfuj-amager.tripletex.dev/v2/order/402026057"}, "unitPriceIncludingVatCurrency": 33062.5, "isSubscription": false, "subscriptionPeriodStart": null, "subscriptionPeriodEnd": null, "orderGroup": null, "sortIndex": 0, "isPicked": false, "pickedDate": null, "orderedQuantity": 0, "isCharged": false}}
  Iteration 7 took 3.9s

──────────────────────────────────────────────────
  ITERATION 8/25
──────────────────────────────────────────────────
  Tokens: prompt=19524 completion=54 total_session=138567
  Messages: 17 (67,618 chars)
  Tool calls (1):
    [1] tripletex_api({"method":"POST","path":"/invoice","body":{"invoiceDate":"2026-03-21","invoiceDueDate":"2026-04-04","orders":[{"id":402026057}]}})
    ┌─ API POST /invoice
    │  body:   {"invoiceDate": "2026-03-21", "invoiceDueDate": "2026-04-04", "orders": [{"id": 402026057}]}
    └─ 201 OK (2.7s) id=2147622131
    │  response: {"value": {"id": 2147622131, "version": 3, "url": "kkpqfuj-amager.tripletex.dev/v2/invoice/2147622131", "invoiceNumber": 1, "invoiceDate": "2026-03-21", "customer": {"id": 108321217, "url": "kkpqfuj-amager.tripletex.dev/v2/customer/108321217"}, "creditedInvoice": 0, "isCredited": false, "invoiceDueDate": "2026-04-04", "kid": "", "invoiceComment": "", "comment": "", "orders": [{"id": 402026057, "url": "kkpqfuj-amager.tripletex.dev/v2/order/402026057"}], "orderLines": [{"id": 1607564512, "url": "kkpqfuj-amager.tripletex.dev/v2/order/orderline/1607564512"}], "travelReports": [], "projectInvoiceDetails": [{"id": 1965785612, "url": "kkpqfuj-amager.tripletex.dev/v2/invoice/details/1965785612"}], "voucher": {"id": 609080871, "url": "kkpqfuj-amager.tripletex.dev/v2/ledger/voucher/609080871"}, "deliveryDate": "2026-03-21", "amount": 33062.5, "amountCurrency": 33062.5, "amountExcludingVat": 26450.0, "amountExcludingVatCurrency": 26450.0, "amountRoundoff": 0, "amountRoundoffCurrency": 0, "amountOutstanding": 33062.5, "amountCurrencyOutstanding": 33062.5, "amountOutstandingTotal": 33062.5, "amountCurrencyOutstandingTotal": 33062.5, "sumRemits": 0, "currency": {"id": 1, "url": "kkpqfuj-amager.tripletex.dev/v2/currency/1"}, "isCreditNote": false, "isCharged": true, "isApproved": false, "postings": [{"id": 3845618710, "url": "kkpqfuj-amager.tripletex.dev/v2/ledger/posting/3845618710"}], "reminders": [], "invoiceRemarks": "", "invoiceRemark": null, "isPeriodizationPossible": true, "documentI…
  Iteration 8 took 5.0s

──────────────────────────────────────────────────
  ITERATION 9/25
──────────────────────────────────────────────────
  Tokens: prompt=20125 completion=35 total_session=158727
  Messages: 19 (69,134 chars)
  Tool calls (1):
    [1] tripletex_api({"method":"PUT","path":"/invoice/2147622131/:send","params":{"sendType":"EMAIL"}})
    ┌─ API PUT /invoice/2147622131/:send
    │  params: {"sendType": "EMAIL"}
    └─ 204 OK (2.8s)
    │  response: {"raw": ""}
  Iteration 9 took 4.1s

──────────────────────────────────────────────────
  ITERATION 10/25
──────────────────────────────────────────────────
  Tokens: prompt=20175 completion=9 total_session=178911
  Messages: 21 (69,145 chars)
  Tool calls (1):
    [1] done()

  ⏳ Verifying task completion (233s remaining)...
  📋 Verification prompt (3086 chars):
    │ TASK: Opprett og send en faktura til kunden Brattli AS (org.nr 845762686) på 26450 kr eksklusiv MVA. Fakturaen gjelder Skylagring.
    │ 
    │ 
    │ ACTION LOG (chronological):
    │ CALL: tripletex_api({"method":"GET","path":"/customer"})
    │ status=ok
    │ CALL: tripletex_api({"method":"GET","path":"/product"})
    │ status=ok
    │ CALL: tripletex_api({"method":"GET","path":"/ledger/vatType"})
    │ CALL: tripletex_api({"method":"POST","path":"/product"})
    │ status=400
    │ CALL: tripletex_api({"method":"POST","path":"/product","body":{"name":"Skylagring","priceExcludingVatCurrency":26450,"vatType":{"id":3}}})
    │ status=ok id=84417947 name=Skylagring priceExcludingVatCurrency=26450 priceIncludingVatCurrency=33062.5
    │ CALL: tripletex_api({"method":"POST","path":"/order","body":{"customer":{"id":108321217},"orderDate":"2026-03-21","deliveryDate":"2026-03-21"}})
    │ status=ok id=402026057
    │ CALL: tripletex_api({"method":"POST","path":"/order/orderline","body":{"order":{"id":402026057},"product":{"id":84417947},"count":1}})
    │ status=ok id=1607564512 count=1.0
    │ CALL: tripletex_api({"method":"POST","path":"/invoice","body":{"invoiceDate":"2026-03-21","invoiceDueDate":"2026-04-04","orders":[{"id":402026057}]}})
    │ status=ok id=2147622131 amount=33062.5 amountCurrency=33062.5 invoiceNumber=1
    │ CALL: tripletex_api({"method":"PUT","path":"/invoice/2147622131/:send","params":{"sendType":"EMAIL"}})
    │ status=ok
    │ CALL: done({})
    │ 
    │ You are an accounting verification agent. Based ONLY on the action log above, check:
    │ 1. MATH: All amounts, percentages, VAT calculations correct? (e.g. if task says 50% of 274950, invoice total incl VAT must be 137475)
    │ 2. COMPLETENESS: Were all steps in the task done? Look at the CALL entries — if the action log shows the step was performed with status=ok, it WAS done. Do NOT say a step is missing if you can see it in the log!
    │ IMPORTANT: 'Fakturer'/'Invoice' just means create an invoice — do NOT require sending unless the task explicitly says send/sende/enviar/envoyer/senden!
    │ 3. DATA: Names, org numbers, dates match the task?
    │ 4. AMOUNTS: If any created entity shows amount=0 or totalAmount=0 in the response, that is WRONG — the postings failed silently. EXCEPTION: Supplier invoice (supplierInvoice) responses normally show amount=0 — this is OK.
    │ 5. BUDGET vs INVOICE: NEVER flag a mismatch between project budget and invoice total. For fixed-price projects the invoice excl. VAT matches the fixedprice — this is CORRECT. For other projects, invoice is based on actual work/costs. Either way, do NOT fail on budget vs invoice differences.
    │ 
    │ CRITICAL: Be CONSERVATIVE. When in doubt, say PASS.
    │ Only say FAIL for CLEAR, OBJECTIVE, SPECIFIC errors (wrong math, completely missing step, wrong name).
    │ Do NOT say FAIL for: vague concerns, 'might be wrong', uncertain issues, minor stylistic differences, or steps you cannot confirm from the log (absence of evidence is NOT evidence of absence).
    │ If the action log shows all main steps completed with status=ok, say PASS.
    │ 
    │ Reply ONLY with either:
    │ - 'PASS' if everything looks correct or you are unsure
    │ - 'FAIL: <specific issue>' ONLY if there is an obvious, objective error
  🔍 Verification (842 tokens): PASS

  ✓ DONE — 10 iterations, 178911 tokens, 47.1s

======================================================================
  TASK COMPLETE — total 47.4s
======================================================================

