
======================================================================
  NEW TASK RECEIVED
  Version: unknown
======================================================================
  Prompt: Der Kunde Grünfeld GmbH (Org.-Nr. 888415769) hat eine offene Rechnung über 32800 NOK ohne MwSt. für "Datenberatung". Registrieren Sie die vollständige Zahlung dieser Rechnung.
  Files:  0
  URL:    https://tx-proxy-jwanbnu3pq-lz.a.run.app/v2
──────────────────────────────────────────────────────────────────────
  [pre] Invoice/credit/payment task detected — ensuring bank account...
    ┌─ API GET /invoice/settings
    └─ 200 OK (0.3s) id=975662
  [bank] already ready
  [pre] Bank account setup: OK

──────────────────────────────────────────────────
  ITERATION 1/25
──────────────────────────────────────────────────
  Tokens: prompt=16743 completion=45 total_session=16788
  Messages: 3 (62,869 chars)
  Tool calls (1):
    [1] tripletex_api({"method":"GET","path":"/invoice","params":{"invoiceDateFrom":"2000-01-01","invoiceDateTo":"2030-12-31"}})
    ┌─ API GET /invoice
    │  params: {"invoiceDateFrom": "2000-01-01", "invoiceDateTo": "2030-12-31"}
    └─ 200 OK (0.3s) [1 items]
    │  response: {"fullResultSize": 1, "from": 0, "count": 1, "versionDigest": "'If-None-Match' header not specified", "values": [{"id": 2147655348, "version": 3, "url": "kkpqfuj-amager.tripletex.dev/v2/invoice/2147655348", "invoiceNumber": 1, "invoiceDate": "2026-03-01", "customer": {"id": 108471042, "url": "kkpqfuj-amager.tripletex.dev/v2/customer/108471042"}, "creditedInvoice": 0, "isCredited": false, "invoiceDueDate": "2026-03-31", "kid": "", "invoiceComment": "", "comment": "", "orders": [{"id": 402049080, "url": "kkpqfuj-amager.tripletex.dev/v2/order/402049080"}], "orderLines": [{"id": 1607585991, "url": "kkpqfuj-amager.tripletex.dev/v2/order/orderline/1607585991"}], "travelReports": [], "projectInvoiceDetails": [{"id": 1965804539, "url": "kkpqfuj-amager.tripletex.dev/v2/invoice/details/1965804539"}], "voucher": {"id": 609229088, "url": "kkpqfuj-amager.tripletex.dev/v2/ledger/voucher/609229088"}, "deliveryDate": "2026-03-01", "amount": 41000.0, "amountCurrency": 41000.0, "amountExcludingVat": 32800.0, "amountExcludingVatCurrency": 32800.0, "amountRoundoff": 0.0, "amountRoundoffCurrency": 0.0, "amountOutstanding": 41000.0, "amountCurrencyOutstanding": 41000.0, "amountOutstandingTotal": 41000.0, "amountCurrencyOutstandingTotal": 41000.0, "sumRemits": 0, "currency": {"id": 1, "url": "kkpqfuj-amager.tripletex.dev/v2/currency/1"}, "isCreditNote": false, "isCharged": true, "isApproved": false, "postings": [{"id": 3846011117, "url": "kkpqfuj-amager.tripletex.dev/v2/ledger/posting/3846011117"}]…
  Iteration 1 took 1.4s

──────────────────────────────────────────────────
  ITERATION 2/25
──────────────────────────────────────────────────
  [github] Log pushed: 20260321_235955_6502_salary_ok_9iter_you_received_an.log (attempt 1)
  Tokens: prompt=17375 completion=23 total_session=34186
  Messages: 5 (64,493 chars)
  Tool calls (1):
    [1] tripletex_api({"method":"GET","path":"/invoice/paymentType"})
    ┌─ API GET /invoice/paymentType
    └─ 200 OK (0.3s) [2 items]
    │  response: {"fullResultSize": 2, "from": 0, "count": 2, "versionDigest": "'If-None-Match' header not specified", "values": [{"id": 37998736, "version": 0, "url": "kkpqfuj-amager.tripletex.dev/v2/invoice/paymentType/37998736", "description": "Kontant", "displayName": "Kontant", "debitAccount": {"id": 480178146, "url": "kkpqfuj-amager.tripletex.dev/v2/ledger/account/480178146"}, "creditAccount": null, "vatType": {"id": 0, "url": "kkpqfuj-amager.tripletex.dev/v2/ledger/vatType/0"}, "sequence": 1, "customer": null, "supplier": null, "currencyId": 1, "currencyCode": "NOK"}, {"id": 37998737, "version": 0, "url": "kkpqfuj-amager.tripletex.dev/v2/invoice/paymentType/37998737", "description": "Betalt til bank", "displayName": "Betalt til bank", "debitAccount": {"id": 480178149, "url": "kkpqfuj-amager.tripletex.dev/v2/ledger/account/480178149"}, "creditAccount": null, "vatType": {"id": 0, "url": "kkpqfuj-amager.tripletex.dev/v2/ledger/vatType/0"}, "sequence": 2, "customer": null, "supplier": null, "currencyId": 1, "currencyCode": "NOK"}]}
  Iteration 2 took 1.1s

──────────────────────────────────────────────────
  ITERATION 3/25
──────────────────────────────────────────────────
  Tokens: prompt=17775 completion=61 total_session=52022
  Messages: 7 (65,526 chars)
  Tool calls (1):
    [1] tripletex_api({"method":"PUT","path":"/invoice/2147655348/:payment","params":{"paymentDate":"2026-03-21","paymentTypeId":37998737,"paidAmount":41000,"paidAmountCurrency":41000}})
    ┌─ API PUT /invoice/2147655348/:payment
    │  params: {"paymentDate": "2026-03-21", "paymentTypeId": 37998737, "paidAmount": 41000, "paidAmountCurrency": 41000}
    └─ 200 OK (0.5s) id=2147655348
    │  response: {"value": {"id": 2147655348, "version": 3, "url": "kkpqfuj-amager.tripletex.dev/v2/invoice/2147655348", "invoiceNumber": 1, "invoiceDate": "2026-03-01", "customer": {"id": 108471042, "url": "kkpqfuj-amager.tripletex.dev/v2/customer/108471042"}, "creditedInvoice": 0, "isCredited": false, "invoiceDueDate": "2026-03-31", "kid": "", "invoiceComment": "", "comment": "", "orders": [{"id": 402049080, "url": "kkpqfuj-amager.tripletex.dev/v2/order/402049080"}], "orderLines": [{"id": 1607585991, "url": "kkpqfuj-amager.tripletex.dev/v2/order/orderline/1607585991"}], "travelReports": [], "projectInvoiceDetails": [{"id": 1965804539, "url": "kkpqfuj-amager.tripletex.dev/v2/invoice/details/1965804539"}], "voucher": {"id": 609229088, "url": "kkpqfuj-amager.tripletex.dev/v2/ledger/voucher/609229088"}, "deliveryDate": "2026-03-01", "amount": 41000.0, "amountCurrency": 41000.0, "amountExcludingVat": 32800.0, "amountExcludingVatCurrency": 32800.0, "amountRoundoff": 0.0, "amountRoundoffCurrency": 0.0, "amountOutstanding": 0.0, "amountCurrencyOutstanding": 0.0, "amountOutstandingTotal": 0.0, "amountCurrencyOutstandingTotal": 0.0, "sumRemits": 0, "currency": {"id": 1, "url": "kkpqfuj-amager.tripletex.dev/v2/currency/1"}, "isCreditNote": false, "isCharged": true, "isApproved": false, "postings": [{"id": 3846011117, "url": "kkpqfuj-amager.tripletex.dev/v2/ledger/posting/3846011117"}, {"id": 3846011647, "url": "kkpqfuj-amager.tripletex.dev/v2/ledger/posting/3846011647"}], "reminders": [], "invoiceRema…
  Iteration 3 took 1.4s

──────────────────────────────────────────────────
  ITERATION 4/25
──────────────────────────────────────────────────
  Tokens: prompt=18418 completion=9 total_session=70449
  Messages: 9 (67,118 chars)
  Tool calls (1):
    [1] done()

  ⏳ Verifying task completion (285s remaining)...
  📋 Verification prompt (3027 chars):
    │ TASK: Der Kunde Grünfeld GmbH (Org.-Nr. 888415769) hat eine offene Rechnung über 32800 NOK ohne MwSt. für "Datenberatung". Registrieren Sie die vollständige Zahlung dieser Rechnung.
    │ 
    │ 
    │ ACTION LOG (chronological):
    │ CALL: tripletex_api({"method":"GET","path":"/invoice","params":{"invoiceDateFrom":"2000-01-01","invoiceDateTo":"2030-12-31"}})
    │ status=ok
    │ CALL: tripletex_api({"method":"GET","path":"/invoice/paymentType"})
    │ status=ok
    │ CALL: tripletex_api({"method":"PUT","path":"/invoice/2147655348/:payment","params":{"paymentDate":"2026-03-21","paymentTypeId":37998737,"paidAmount":41000,"paidAmountCurrency":41000}})
    │ status=ok id=2147655348 amount=41000.0 amountCurrency=41000.0 invoiceNumber=1
    │ CALL: done({})
    │ 
    │ You are an accounting verification agent. Based ONLY on the action log above, check:
    │ 1. MATH: All amounts, percentages, VAT calculations correct? (e.g. if task says 50% of 274950, invoice total incl VAT must be 137475)
    │ 2. COMPLETENESS: Were all steps in the task done? Look at the CALL entries — if the action log shows the step was performed with status=ok, it WAS done. Do NOT say a step is missing if you can see it in the log!
    │ IMPORTANT: 'Fakturer'/'Invoice' just means create an invoice — do NOT require sending unless the task explicitly says send/sende/enviar/envoyer/senden!
    │ 3. DATA: Names, org numbers, dates match the task?
    │ 4. AMOUNTS: If any created entity shows amount=0 or totalAmount=0 in the response, that is WRONG — the postings failed silently. EXCEPTION: Supplier invoice (supplierInvoice) responses normally show amount=0 — this is OK.
    │ 5. BUDGET vs INVOICE: NEVER flag a mismatch between project budget and invoice total. For fixed-price projects the invoice excl. VAT matches the fixedprice — this is CORRECT. For other projects, invoice is based on actual work/costs. Either way, do NOT fail on budget vs invoice differences.
    │ 6. PAYMENT AMOUNTS: Invoice payments and reversals use the FULL amount INCLUDING VAT, not excl. VAT. If the task says 'X NOK excl. VAT', the correct payment/reversal amount is X × 1.25 (Norwegian 25% VAT). Do NOT flag a mismatch between excl. VAT amounts in the task and incl. VAT payment amounts.
    │ 7. VAT BREAKDOWN: If the total invoice amount matches the expected sum, do NOT fail on 'VAT breakdown not reflected' or similar vague VAT concerns. Only fail if a specific line item has the WRONG VAT rate applied.
    │ 
    │ CRITICAL: Be CONSERVATIVE. When in doubt, say PASS.
    │ Only say FAIL for CLEAR, OBJECTIVE, SPECIFIC errors (wrong math, completely missing step, wrong name).
    │ Do NOT say FAIL for: vague concerns, 'might be wrong', uncertain issues, minor stylistic differences, or steps you cannot confirm from the log (absence of evidence is NOT evidence of absence).
    │ A false FAIL causes MORE damage than a missed error. When uncertain, ALWAYS say PASS.
    │ If the action log shows all main steps completed with status=ok, say PASS.
    │ 
    │ Reply ONLY with either:
    │ - 'PASS' if everything looks correct or you are unsure
    │ - 'FAIL: <specific issue>' ONLY if there is an obvious, objective error
  🔍 Verification (809 tokens): FAIL: Payment amount of 41000 NOK does not match the expected amount of 41000 NOK including VAT for an invoice of 32800 NOK excl. VAT (32800 NOK * 1.25 = 41000 NOK).
  ⚠ Verifier said FAIL but proceeding (logged only): FAIL: Payment amount of 41000 NOK does not match the expected amount of 41000 NOK including VAT for an invoice of 32800 NOK excl. VAT (32800 NOK * 1.25 = 41000 NOK).

  ✓ DONE — 4 iterations, 70449 tokens, 4.8s

======================================================================
  TASK COMPLETE — total 6.0s
======================================================================

