
======================================================================
  NEW TASK RECEIVED
  Version: unknown
======================================================================
  Prompt: Der Kunde Waldstein GmbH (Org.-Nr. 898006263) hat die Rechnung für "Beratungsstunden" (36900 NOK ohne MwSt.) reklamiert. Erstellen Sie eine vollständige Gutschrift, die die gesamte Rechnung storniert.
  Files:  0
  URL:    https://tx-proxy-jwanbnu3pq-lz.a.run.app/v2
──────────────────────────────────────────────────────────────────────
  [pre] Invoice/credit/payment task detected — ensuring bank account...
    ┌─ API GET /invoice/settings
    └─ 200 OK (1.6s) id=775595
  [bank] already ready
  [pre] Bank account setup: OK

──────────────────────────────────────────────────
  ITERATION 1/25
──────────────────────────────────────────────────
  Tokens: prompt=14673 completion=45 total_session=14718
  Messages: 3 (54,931 chars)
  Tool calls (1):
    [1] tripletex_api({"method":"GET","path":"/invoice","params":{"invoiceDateFrom":"2000-01-01","invoiceDateTo":"2030-12-31"}})
    ┌─ API GET /invoice
    │  params: {"invoiceDateFrom": "2000-01-01", "invoiceDateTo": "2030-12-31"}
    └─ 200 OK (1.6s) [1 items]
    │  response: {"fullResultSize": 1, "from": 0, "count": 1, "versionDigest": "'If-None-Match' header not specified", "values": [{"id": 2147572387, "version": 3, "url": "kkpqfuj-amager.tripletex.dev/v2/invoice/2147572387", "invoiceNumber": 1, "invoiceDate": "2026-03-01", "customer": {"id": 108324755, "url": "kkpqfuj-amager.tripletex.dev/v2/customer/108324755"}, "creditedInvoice": 0, "isCredited": false, "invoiceDueDate": "2026-03-31", "kid": "", "invoiceComment": "", "comment": "", "orders": [{"id": 401991895, "url": "kkpqfuj-amager.tripletex.dev/v2/order/401991895"}], "orderLines": [{"id": 1607535080, "url": "kkpqfuj-amager.tripletex.dev/v2/order/orderline/1607535080"}], "travelReports": [], "projectInvoiceDetails": [{"id": 1965757604, "url": "kkpqfuj-amager.tripletex.dev/v2/invoice/details/1965757604"}], "voucher": {"id": 608890561, "url": "kkpqfuj-amager.tripletex.dev/v2/ledger/voucher/608890561"}, "deliveryDate": "2026-03-01", "amount": 46125.0, "amountCurrency": 46125.0, "amountExcludingVat": 36900.0, "amountExcludingVatCurrency": 36900.0, "amountRoundoff": 0.0, "amountRoundoffCurrency": 0.0, "amountOutstanding": 46125.0, "amountCurrencyOutstanding": 46125.0, "amountOutstandingTotal": 46125.0, "amountCurrencyOutstandingTotal": 46125.0, "sumRemits": 0, "currency": {"id": 1, "url": "kkpqfuj-amager.tripletex.dev/v2/currency/1"}, "isCreditNote": false, "isCharged": true, "isApproved": false, "postings": [{"id": 3845091691, "url": "kkpqfuj-amager.tripletex.dev/v2/ledger/posting/3845091691"}]…
  Iteration 1 took 3.3s

──────────────────────────────────────────────────
  ITERATION 2/25
──────────────────────────────────────────────────
  Tokens: prompt=15305 completion=41 total_session=30064
  Messages: 5 (56,555 chars)
  Tool calls (1):
    [1] tripletex_api({"method":"PUT","path":"/invoice/2147572387/:createCreditNote","params":{"date":"2026-03-21"}})
    ┌─ API PUT /invoice/2147572387/:createCreditNote
    │  params: {"date": "2026-03-21"}
    └─ 200 OK (1.6s) id=2147628388
    │  response: {"value": {"id": 2147628388, "version": 2, "url": "kkpqfuj-amager.tripletex.dev/v2/invoice/2147628388", "invoiceNumber": 2, "invoiceDate": "2026-03-21", "customer": {"id": 108324755, "url": "kkpqfuj-amager.tripletex.dev/v2/customer/108324755"}, "creditedInvoice": 2147572387, "isCredited": false, "invoiceDueDate": "2026-03-21", "kid": "", "invoiceComment": "", "comment": "", "orders": [{"id": 401991895, "url": "kkpqfuj-amager.tripletex.dev/v2/order/401991895"}], "orderLines": [{"id": 1607568302, "url": "kkpqfuj-amager.tripletex.dev/v2/order/orderline/1607568302"}], "travelReports": [], "projectInvoiceDetails": [{"id": 1965789074, "url": "kkpqfuj-amager.tripletex.dev/v2/invoice/details/1965789074"}], "voucher": {"id": 609104385, "url": "kkpqfuj-amager.tripletex.dev/v2/ledger/voucher/609104385"}, "deliveryDate": "2026-03-01", "amount": -46125.0, "amountCurrency": -46125.0, "amountExcludingVat": -36900.0, "amountExcludingVatCurrency": -36900.0, "amountRoundoff": 0.0, "amountRoundoffCurrency": 0.0, "amountOutstanding": 0.0, "amountCurrencyOutstanding": 0.0, "amountOutstandingTotal": 0.0, "amountCurrencyOutstandingTotal": 0.0, "sumRemits": 0, "currency": {"id": 1, "url": "kkpqfuj-amager.tripletex.dev/v2/currency/1"}, "isCreditNote": true, "isCharged": true, "isApproved": false, "postings": [{"id": 3845091691, "url": "kkpqfuj-amager.tripletex.dev/v2/ledger/posting/3845091691"}, {"id": 3845681310, "url": "kkpqfuj-amager.tripletex.dev/v2/ledger/posting/3845681310"}], "reminders": [], …
  Iteration 2 took 2.4s

──────────────────────────────────────────────────
  ITERATION 3/25
──────────────────────────────────────────────────
  Tokens: prompt=15931 completion=9 total_session=46004
  Messages: 7 (58,159 chars)
  Tool calls (1):
    [1] done()

  ⏳ Verifying task completion (282s remaining)...
  📋 Verification prompt (3008 chars):
    │ TASK: Der Kunde Waldstein GmbH (Org.-Nr. 898006263) hat die Rechnung für "Beratungsstunden" (36900 NOK ohne MwSt.) reklamiert. Erstellen Sie eine vollständige Gutschrift, die die gesamte Rechnung storniert.
    │ 
    │ TASK TYPE: Credit note.
    │ Check: original invoice found, credit note created referencing it, date set.
    │ 
    │ ACTION LOG (chronological):
    │ CALL: tripletex_api({"method":"GET","path":"/invoice","params":{"invoiceDateFrom":"2000-01-01","invoiceDateTo":"2030-12-31"}})
    │ status=ok
    │ CALL: tripletex_api({"method":"PUT","path":"/invoice/2147572387/:createCreditNote","params":{"date":"2026-03-21"}})
    │ status=ok id=2147628388 amount=-46125.0 amountCurrency=-46125.0 invoiceNumber=2
    │ CALL: done({})
    │ 
    │ You are an accounting verification agent. Based ONLY on the action log above, check:
    │ 1. MATH: All amounts, percentages, VAT calculations correct? (e.g. if task says 50% of 274950, invoice total incl VAT must be 137475)
    │ 2. COMPLETENESS: Were all steps in the task done? Look at the CALL entries — if the action log shows the step was performed with status=ok, it WAS done. Do NOT say a step is missing if you can see it in the log!
    │ IMPORTANT: 'Fakturer'/'Invoice' just means create an invoice — do NOT require sending unless the task explicitly says send/sende/enviar/envoyer/senden!
    │ 3. DATA: Names, org numbers, dates match the task?
    │ 4. AMOUNTS: If any created entity shows amount=0 or totalAmount=0 in the response, that is WRONG — the postings failed silently. EXCEPTION: Supplier invoice (supplierInvoice) responses normally show amount=0 — this is OK.
    │ 5. BUDGET vs INVOICE: NEVER flag a mismatch between project budget and invoice total. For fixed-price projects the invoice excl. VAT matches the fixedprice — this is CORRECT. For other projects, invoice is based on actual work/costs. Either way, do NOT fail on budget vs invoice differences.
    │ 6. PAYMENT AMOUNTS: Invoice payments and reversals use the FULL amount INCLUDING VAT, not excl. VAT. If the task says 'X NOK excl. VAT', the correct payment/reversal amount is X × 1.25 (Norwegian 25% VAT). Do NOT flag a mismatch between excl. VAT amounts in the task and incl. VAT payment amounts.
    │ 7. VAT BREAKDOWN: If the total invoice amount matches the expected sum, do NOT fail on 'VAT breakdown not reflected' or similar vague VAT concerns. Only fail if a specific line item has the WRONG VAT rate applied.
    │ 
    │ CRITICAL: Be CONSERVATIVE. When in doubt, say PASS.
    │ Only say FAIL for CLEAR, OBJECTIVE, SPECIFIC errors (wrong math, completely missing step, wrong name).
    │ Do NOT say FAIL for: vague concerns, 'might be wrong', uncertain issues, minor stylistic differences, or steps you cannot confirm from the log (absence of evidence is NOT evidence of absence).
    │ A false FAIL causes MORE damage than a missed error. When uncertain, ALWAYS say PASS.
    │ If the action log shows all main steps completed with status=ok, say PASS.
    │ 
    │ Reply ONLY with either:
    │ - 'PASS' if everything looks correct or you are unsure
    │ - 'FAIL: <specific issue>' ONLY if there is an obvious, objective error
  🔍 Verification (753 tokens): PASS

  ✓ DONE — 3 iterations, 46004 tokens, 8.5s

======================================================================
  TASK COMPLETE — total 9.1s
======================================================================

