
======================================================================
  NEW TASK RECEIVED
  Version: unknown
======================================================================
  Prompt: Opprett produktet "Havregryn" med produktnummer 3113. Prisen er 29250 kr eksklusiv MVA, og MVA-sats for næringsmiddel på 15 % skal nyttast.
  Files:  0
  URL:    https://tx-proxy-jwanbnu3pq-lz.a.run.app/v2
──────────────────────────────────────────────────────────────────────

──────────────────────────────────────────────────
  ITERATION 1/25
──────────────────────────────────────────────────
  Tokens: prompt=14300 completion=21 total_session=14321
  Messages: 3 (53,564 chars)
  Tool calls (1):
    [1] tripletex_api({"method":"GET","path":"/product"})
    ┌─ API GET /product
    └─ 200 OK (2.1s) [0 items]
    │  response: {"fullResultSize": 0, "from": 0, "count": 0, "versionDigest": "'If-None-Match' header not specified", "values": []}
  Iteration 1 took 3.1s

──────────────────────────────────────────────────
  ITERATION 2/25
──────────────────────────────────────────────────
  Tokens: prompt=14371 completion=24 total_session=28716
  Messages: 5 (53,679 chars)
  Tool calls (1):
    [1] tripletex_api({"method":"GET","path":"/ledger/vatType"})
    ┌─ API GET /ledger/vatType
    └─ 200 OK (2.3s) [56 items]
    │  response: {"fullResultSize": 56, "from": 0, "count": 56, "versionDigest": "'If-None-Match' header not specified", "values": [{"id": 1, "version": 0, "url": "kkpqfuj-amager.tripletex.dev/v2/ledger/vatType/1", "name": "Fradrag inngående avgift, høy sats", "number": "1", "displayName": "1: (25%) Fradrag inngående avgift, høy sats", "percentage": 25, "deductionPercentage": 100.0, "parentType": {"id": 0, "url": "kkpqfuj-amager.tripletex.dev/v2/ledger/vatType/0"}}, {"id": 2, "version": 0, "url": "kkpqfuj-amager.tripletex.dev/v2/ledger/vatType/2", "name": "Direktepostert fradrag inngående avgift, høy sats (mva-kode utgikk 01.01.2017)", "number": "UT-2", "displayName": "UT-2: (100%) Direktepostert fradrag inngående avgift, høy sats (mva-kode utgikk 01.01.2017)", "percentage": 100.0, "deductionPercentage": 100.0, "parentType": {"id": 0, "url": "kkpqfuj-amager.tripletex.dev/v2/ledger/vatType/0"}}, {"id": 3, "version": 0, "url": "kkpqfuj-amager.tripletex.dev/v2/ledger/vatType/3", "name": "Utgående avgift, høy sats", "number": "3", "displayName": "3: (25%) Utgående avgift, høy sats", "percentage": 25, "deductionPercentage": 100.0, "parentType": {"id": 0, "url": "kkpqfuj-amager.tripletex.dev/v2/ledger/vatType/0"}}, {"id": 4, "version": 0, "url": "kkpqfuj-amager.tripletex.dev/v2/ledger/vatType/4", "name": "Direktepostert utgående avgift, høy sats", "number": "4", "displayName": "4: (100%) Direktepostert utgående avgift, høy sats", "percentage": 100.0, "deductionPercentage": 100.0, "parentType": {"id…
  Iteration 2 took 3.4s

──────────────────────────────────────────────────
  ITERATION 3/25
──────────────────────────────────────────────────
  Tokens: prompt=17402 completion=21 total_session=46139
  Messages: 7 (61,693 chars)
  Tool calls (1):
    [1] tripletex_api({"method":"POST","path":"/product"})
    │  [fix] blocked POST without body: /product
  Iteration 3 took 1.2s

──────────────────────────────────────────────────
  ITERATION 4/25
──────────────────────────────────────────────────
  Tokens: prompt=17489 completion=53 total_session=63681
  Messages: 9 (61,901 chars)
  Tool calls (1):
    [1] tripletex_api({"method":"POST","path":"/product","body":{"name":"Havregryn","number":"3113","priceExcludingVatCurrency":29250,"vatType":{"id":31}}})
    ┌─ API POST /product
    │  body:   {"name": "Havregryn", "number": "3113", "priceExcludingVatCurrency": 29250, "vatType": {"id": 31}}
    └─ 201 OK (2.3s) id=84417449 name=Havregryn
    │  response: {"value": {"id": 84417449, "version": 0, "url": "kkpqfuj-amager.tripletex.dev/v2/product/84417449", "name": "Havregryn", "number": "3113", "displayNumber": "3113", "description": "", "orderLineDescription": "", "costExcludingVatCurrency": 0, "costPrice": 0, "priceExcludingVatCurrency": 29250, "priceIncludingVatCurrency": 33637.5, "isInactive": false, "productUnit": null, "incomingStock": 0, "outgoingStock": 0, "vatType": {"id": 31, "url": "kkpqfuj-amager.tripletex.dev/v2/ledger/vatType/31"}, "currency": {"id": 1, "url": "kkpqfuj-amager.tripletex.dev/v2/currency/1"}, "department": null, "account": null, "supplier": null, "resaleProduct": null, "isDeletable": false, "hasSupplierProductConnected": false, "image": null, "displayName": "3113 Havregryn", "mainSupplierProduct": null, "isRoundPriceIncVat": false, "priceInTargetCurrency": 0, "purchasePriceCurrency": 0}}
  Iteration 4 took 3.5s

──────────────────────────────────────────────────
  ITERATION 5/25
──────────────────────────────────────────────────
  Tokens: prompt=17845 completion=9 total_session=81535
  Messages: 11 (62,774 chars)
  Tool calls (1):
    [1] done()

  ⏳ Verifying task completion (268s remaining)...
  📋 Verification prompt (2370 chars):
    │ TASK: Opprett produktet "Havregryn" med produktnummer 3113. Prisen er 29250 kr eksklusiv MVA, og MVA-sats for næringsmiddel på 15 % skal nyttast.
    │ 
    │ 
    │ ACTION LOG (chronological):
    │ CALL: tripletex_api({"method":"GET","path":"/product"})
    │ status=ok
    │ CALL: tripletex_api({"method":"GET","path":"/ledger/vatType"})
    │ CALL: tripletex_api({"method":"POST","path":"/product"})
    │ status=400
    │ CALL: tripletex_api({"method":"POST","path":"/product","body":{"name":"Havregryn","number":"3113","priceExcludingVatCurrency":29250,"vatType":{"id":31}}})
    │ status=ok id=84417449 name=Havregryn priceExcludingVatCurrency=29250 priceIncludingVatCurrency=33637.5
    │ CALL: done({})
    │ 
    │ You are an accounting verification agent. Based ONLY on the action log above, check:
    │ 1. MATH: All amounts, percentages, VAT calculations correct? (e.g. if task says 50% of 274950, invoice total incl VAT must be 137475)
    │ 2. COMPLETENESS: Were all steps in the task done? Look at the CALL entries — if the action log shows the step was performed with status=ok, it WAS done. Do NOT say a step is missing if you can see it in the log!
    │ IMPORTANT: 'Fakturer'/'Invoice' just means create an invoice — do NOT require sending unless the task explicitly says send/sende/enviar/envoyer/senden!
    │ 3. DATA: Names, org numbers, dates match the task?
    │ 4. AMOUNTS: If any created entity shows amount=0 or totalAmount=0 in the response, that is WRONG — the postings failed silently. EXCEPTION: Supplier invoice (supplierInvoice) responses normally show amount=0 — this is OK.
    │ 5. BUDGET vs INVOICE: NEVER flag a mismatch between project budget and invoice total. For fixed-price projects the invoice excl. VAT matches the fixedprice — this is CORRECT. For other projects, invoice is based on actual work/costs. Either way, do NOT fail on budget vs invoice differences.
    │ 
    │ CRITICAL: Be CONSERVATIVE. When in doubt, say PASS.
    │ Only say FAIL for CLEAR, OBJECTIVE, SPECIFIC errors (wrong math, completely missing step, wrong name).
    │ Do NOT say FAIL for: vague concerns, 'might be wrong', uncertain issues, minor stylistic differences, or steps you cannot confirm from the log (absence of evidence is NOT evidence of absence).
    │ If the action log shows all main steps completed with status=ok, say PASS.
    │ 
    │ Reply ONLY with either:
    │ - 'PASS' if everything looks correct or you are unsure
    │ - 'FAIL: <specific issue>' ONLY if there is an obvious, objective error
  🔍 Verification (615 tokens): PASS

  ✓ DONE — 5 iterations, 81535 tokens, 12.2s

======================================================================
  TASK COMPLETE — total 13.1s
======================================================================

