
======================================================================
  NEW TASK RECEIVED
  Version: b49df29
======================================================================
  Prompt: Opprett tre avdelingar i Tripletex: "Markedsføring", "Administrasjon" og "Regnskap".
  Files:  0
  URL:    https://tx-proxy-jwanbnu3pq-lz.a.run.app/v2
──────────────────────────────────────────────────────────────────────
  [pre] Pre-scans completed in 0.0s

──────────────────────────────────────────────────
  ITERATION 1/25
──────────────────────────────────────────────────
  Tokens: prompt=20439 completion=117 total_session=20556
  Messages: 3 (76,278 chars)
  Tool calls (3):
    [1] tripletex_api({"method": "POST", "path": "/department", "body": {"name": "Markedsføring", "departmentNumber": "1"}})
    [2] tripletex_api({"method": "POST", "path": "/department", "body": {"name": "Administrasjon", "departmentNumber": "2"}})
    [3] tripletex_api({"method": "POST", "path": "/department", "body": {"name": "Regnskap", "departmentNumber": "3"}})
    ┌─ API POST /department
    │  body:   {"name": "Markedsføring", "departmentNumber": "1"}
    └─ 201 OK (18.7s) id=1030494 name=Markedsføring
    │  response: {"value": {"id": 1030494, "version": 0, "url": "kkpqfuj-amager.tripletex.dev/v2/department/1030494", "name": "Markedsføring", "departmentNumber": "1", "departmentManager": null, "displayName": "1 Markedsføring", "isInactive": false, "businessActivityTypeId": 0}}
    ┌─ API POST /department
    │  body:   {"name": "Administrasjon", "departmentNumber": "2"}
    └─ 201 OK (17.7s) id=1030531 name=Administrasjon
    │  response: {"value": {"id": 1030531, "version": 0, "url": "kkpqfuj-amager.tripletex.dev/v2/department/1030531", "name": "Administrasjon", "departmentNumber": "2", "departmentManager": null, "displayName": "2 Administrasjon", "isInactive": false, "businessActivityTypeId": 0}}
    ┌─ API POST /department
    │  body:   {"name": "Regnskap", "departmentNumber": "3"}
    └─ EXCEPTION (20.0s): HTTPSConnectionPool(host='tx-proxy-jwanbnu3pq-lz.a.run.app', port=443): Read timed out. (read timeout=20)
    │  response: {"error": "HTTPSConnectionPool(host='tx-proxy-jwanbnu3pq-lz.a.run.app', port=443): Read timed out. (read timeout=20)"}
  Iteration 1 took 57.8s

──────────────────────────────────────────────────
  ITERATION 2/25
──────────────────────────────────────────────────
  Tokens: prompt=20777 completion=33 total_session=41366
  Messages: 7 (76,922 chars)
  Tool calls (1):
    [1] tripletex_api({"method":"POST","path":"/department","body":{"name":"Regnskap","departmentNumber":"3"}})
    ┌─ API POST /department
    │  body:   {"name": "Regnskap", "departmentNumber": "3"}
    └─ 422 ERR (13.6s) {"status": 422, "code": 18000, "message": "Validering feilet.", "link": "https://tripletex.no/v2-docs/", "developerMessage": "VALIDATION_ERROR", "validationMessages": [{"field": "departmentNumber", "message": "Nummeret er i bruk.", "path": null, "rootId": null}], "requestId": "2f7b9105-c7f2-4305-a4b2-e73c7867609e", "_status_code": 422}
    │  response: {"status": 422, "code": 18000, "message": "Validering feilet.", "link": "https://tripletex.no/v2-docs/", "developerMessage": "VALIDATION_ERROR", "validationMessages": [{"field": "departmentNumber", "message": "Nummeret er i bruk.", "path": null, "rootId": null}], "requestId": "2f7b9105-c7f2-4305-a4b2-e73c7867609e", "_status_code": 422}
  Iteration 2 took 21.9s

──────────────────────────────────────────────────
  ITERATION 3/25
──────────────────────────────────────────────────
  Tokens: prompt=20937 completion=33 total_session=62336
  Messages: 9 (77,259 chars)
  Tool calls (1):
    [1] tripletex_api({"method":"POST","path":"/department","body":{"name":"Regnskap","departmentNumber":"4"}})
    ┌─ API POST /department
    │  body:   {"name": "Regnskap", "departmentNumber": "4"}
    └─ 201 OK (14.5s) id=1030570 name=Regnskap
    │  response: {"value": {"id": 1030570, "version": 0, "url": "kkpqfuj-amager.tripletex.dev/v2/department/1030570", "name": "Regnskap", "departmentNumber": "4", "departmentManager": null, "displayName": "4 Regnskap", "isInactive": false, "businessActivityTypeId": 0}}
  Iteration 3 took 21.5s

──────────────────────────────────────────────────
  ITERATION 4/25
──────────────────────────────────────────────────
  Tokens: prompt=21064 completion=9 total_session=83409
  Messages: 11 (77,511 chars)
  Tool calls (1):
    [1] done()

  ⏳ Verifying task completion (138s remaining)...
  📋 Verification prompt (3309 chars):
    │ TASK: Opprett tre avdelingar i Tripletex: "Markedsføring", "Administrasjon" og "Regnskap".
    │ 
    │ TASK TYPE: Department creation.
    │ Check: all requested departments created with correct names and unique departmentNumbers.
    │ 
    │ ACTION LOG (chronological):
    │ CALL: tripletex_api({"method": "POST", "path": "/department", "body": {"name": "Markedsføring", "departmentNumber": "1"}})
    │ CALL: tripletex_api({"method": "POST", "path": "/department", "body": {"name": "Administrasjon", "departmentNumber": "2"}})
    │ CALL: tripletex_api({"method": "POST", "path": "/department", "body": {"name": "Regnskap", "departmentNumber": "3"}})
    │ status=ok id=1030494 name=Markedsføring
    │ status=ok id=1030531 name=Administrasjon
    │ status=ok
    │ CALL: tripletex_api({"method":"POST","path":"/department","body":{"name":"Regnskap","departmentNumber":"3"}})
    │ status=422
    │ CALL: tripletex_api({"method":"POST","path":"/department","body":{"name":"Regnskap","departmentNumber":"4"}})
    │ status=ok id=1030570 name=Regnskap
    │ CALL: done({})
    │ 
    │ You are an accounting verification agent. Based ONLY on the action log above, check:
    │ 1. MATH: All amounts, percentages, VAT calculations correct? (e.g. if task says 50% of 274950, invoice total incl VAT must be 137475)
    │ 2. COMPLETENESS: Were all steps in the task done? Look at the CALL entries — if the action log shows the step was performed with status=ok, it WAS done. Do NOT say a step is missing if you can see it in the log!
    │ IMPORTANT: 'Fakturer'/'Invoice' just means create an invoice — do NOT require sending unless the task explicitly says send/sende/enviar/envoyer/senden!
    │ 3. DATA: Names, org numbers, dates match the task?
    │ 4. AMOUNTS: If any created entity shows amount=0 or totalAmount=0 in the response, that is WRONG — the postings failed silently. For supplier invoices: amount=0 with amountExcludingVat=0 means postings were MISSING or malformed.
    │ 5. BUDGET vs INVOICE: NEVER flag a mismatch between project budget and invoice total. For fixed-price projects the invoice excl. VAT matches the fixedprice — this is CORRECT. For other projects, invoice is based on actual work/costs. Either way, do NOT fail on budget vs invoice differences.
    │ 6. PAYMENT AMOUNTS: Invoice payments and reversals use the FULL amount INCLUDING VAT, not excl. VAT. If the task says 'X NOK excl. VAT', the correct payment/reversal amount is X × 1.25 (Norwegian 25% VAT). Do NOT flag a mismatch between excl. VAT amounts in the task and incl. VAT payment amounts.
    │ 7. VAT BREAKDOWN: If the total invoice amount matches the expected sum, do NOT fail on 'VAT breakdown not reflected' or similar vague VAT concerns. Only fail if a specific line item has the WRONG VAT rate applied.
    │ 
    │ CRITICAL: Be CONSERVATIVE. When in doubt, say PASS.
    │ Only say FAIL for CLEAR, OBJECTIVE, SPECIFIC errors (wrong math, completely missing step, wrong name).
    │ Do NOT say FAIL for: vague concerns, 'might be wrong', uncertain issues, minor stylistic differences, or steps you cannot confirm from the log (absence of evidence is NOT evidence of absence).
    │ A false FAIL causes MORE damage than a missed error. When uncertain, ALWAYS say PASS.
    │ If the action log shows all main steps completed with status=ok, say PASS.
    │ 
    │ Reply ONLY with either:
    │ - 'PASS' if everything looks correct or you are unsure
    │ - 'FAIL: <specific issue>' ONLY if there is an obvious, objective error
  🔍 Verification (829 tokens): PASS

  ✓ DONE — 4 iterations, 83409 tokens, 102.0s

======================================================================
  TASK COMPLETE — total 102.6s
======================================================================

