
======================================================================
  NEW TASK RECEIVED
  Version: 8ce6ae1
======================================================================
  Prompt: L'un de vos clients a une facture en retard. Trouvez la facture en retard et enregistrez des frais de rappel de 50 NOK. Debit creances clients (1500), credit revenus de rappel (3400). Créez également une facture pour les frais de rappel au client et envoyez-la. De plus, enregistrez un paiement partiel de 5000 NOK sur la facture en retard.
  Files:  0
  URL:    https://tx-proxy-jwanbnu3pq-lz.a.run.app/v2
──────────────────────────────────────────────────────────────────────
  [pre] Invoice/credit/payment task detected — ensuring bank account...
    ┌─ API GET /invoice/settings
    └─ 200 OK (5.4s) id=783993
  [bank] already ready
  [pre] Bank account setup: OK
  [pre] Employee/salary task detected — scanning employees and employment...
    ┌─ API GET /employee
    │  params: {"fields": "*"}
    └─ 200 OK (6.3s) [1 items]
    ┌─ API GET /employee/employment
    │  params: {"employeeId": 18270363, "fields": "*"}
    └─ 200 OK (6.1s) [1 items]
    ┌─ API GET /company/>withLoginAccess
    └─ 200 OK (5.5s) [0 items]
    ┌─ API GET /department
    └─ 200 OK (5.3s) [1 items]
  [pre] Pre-scan complete: 1 employees found
  [pre] Account-related task detected — pre-fetching key accounts...
    ┌─ API GET /ledger/account
    │  params: {"fields": "id,number,name"}
    └─ 200 OK (5.2s) [529 items]
  [pre] Pre-scanned 14 key accounts
  [pre] Pre-scans completed in 33.9s

──────────────────────────────────────────────────
  ITERATION 1/25
──────────────────────────────────────────────────
  Tokens: prompt=20596 completion=45 total_session=20641
  Messages: 3 (76,556 chars)
  Tool calls (1):
    [1] tripletex_api({"method":"GET","path":"/invoice","params":{"invoiceDateFrom":"2000-01-01","invoiceDateTo":"2030-12-31"}})
    ┌─ API GET /invoice
    │  params: {"invoiceDateFrom": "2000-01-01", "invoiceDateTo": "2030-12-31"}
    └─ 200 OK (5.8s) [3 items]
    │  response: {"fullResultSize": 3, "from": 0, "count": 3, "versionDigest": "'If-None-Match' header not specified", "values": [{"id": 2147702437, "version": 3, "url": "kkpqfuj-amager.tripletex.dev/v2/invoice/2147702437", "invoiceNumber": 1, "invoiceDate": "2025-12-15", "customer": {"id": 108601144, "url": "kkpqfuj-amager.tripletex.dev/v2/customer/108601144"}, "creditedInvoice": 0, "isCredited": false, "invoiceDueDate": "2026-05-07", "kid": "", "invoiceComment": "", "comment": "", "orders": [{"id": 402082395, "url": "kkpqfuj-amager.tripletex.dev/v2/order/402082395"}], "orderLines": [{"id": 1607615623, "url": "kkpqfuj-amager.tripletex.dev/v2/order/orderline/1607615623"}], "travelReports": [], "projectInvoiceDetails": [{"id": 1965830637, "url": "kkpqfuj-amager.tripletex.dev/v2/invoice/details/1965830637"}], "voucher": {"id": 609432071, "url": "kkpqfuj-amager.tripletex.dev/v2/ledger/voucher/609432071"}, "deliveryDate": "2025-12-15", "amount": 21750.0, "amountCurrency": 21750.0, "amountExcludingVat": 17400.0, "amountExcludingVatCurrency": 17400.0, "amountRoundoff": 0.0, "amountRoundoffCurrency": 0.0, "amountOutstanding": 21750.0, "amountCurrencyOutstanding": 21750.0, "amountOutstandingTotal": 21750.0, "amountCurrencyOutstandingTotal": 21750.0, "sumRemits": 0, "currency": {"id": 1, "url": "kkpqfuj-amager.tripletex.dev/v2/currency/1"}, "isCreditNote": false, "isCharged": true, "isApproved": false, "postings": [{"id": 3846544740, "url": "kkpqfuj-amager.tripletex.dev/v2/ledger/posting/3846544740"}]…
  Iteration 1 took 9.6s

──────────────────────────────────────────────────
  ITERATION 2/25
──────────────────────────────────────────────────
  Tokens: prompt=22304 completion=140 total_session=43085
  Messages: 5 (81,202 chars)
  Tool calls (1):
    [1] tripletex_api({"method":"POST","path":"/ledger/voucher","params":{"body":{"date":"2026-03-22","description":"Reminder fee for overdue invoice","postings":[{"row":1,"date":"2026-03-22","amountGross":50,"amountGrossCurrency":50,"account":{"id":378886542},"customer":{"id":108601144},"vatType":{"id":0}},{"row":2,"date":"2026-03-22","amountGross":-50,"amountGrossCurrency":-50,"account":{"id":378886738},"vatType":{"id":0}}]}}})
    │  [fix] blocked POST without body: /ledger/voucher
  Iteration 2 took 1.5s

──────────────────────────────────────────────────
  ITERATION 3/25
──────────────────────────────────────────────────
  Tokens: prompt=22514 completion=137 total_session=65736
  Messages: 7 (81,424 chars)
  Tool calls (1):
    [1] tripletex_api({"method":"POST","path":"/ledger/voucher","body":{"date":"2026-03-22","description":"Reminder fee for overdue invoice","postings":[{"row":1,"date":"2026-03-22","amountGross":50,"amountGrossCurrency":50,"account":{"id":378886542},"customer":{"id":108601144},"vatType":{"id":0}},{"row":2,"date":"2026-03-22","amountGross":-50,"amountGrossCurrency":-50,"account":{"id":378886738},"vatType":{"id":0}}]}})
    ┌─ API POST /ledger/voucher
    │  body:   {"date": "2026-03-22", "description": "Reminder fee for overdue invoice", "postings": [{"row": 1, "date": "2026-03-22", "amountGross": 50, "amountGrossCurrency": 50, "account": {"id": 378886542}, "customer": {"id": 108601144}, "vatType": {"id": 0}}, {"row": 2, "date": "2026-03-22", "amountGross": -50, "amountGrossCurrency": -50, "account": {"id": 378886738}, "vatType": {"id": 0}}]}
    └─ 201 OK (6.4s) id=609433517
    │  response: {"value": {"id": 609433517, "version": 5, "url": "kkpqfuj-amager.tripletex.dev/v2/ledger/voucher/609433517", "date": "2026-03-22", "number": 1, "tempNumber": 0, "year": 2026, "description": "Reminder fee for overdue invoice", "voucherType": null, "reverseVoucher": null, "postings": [{"id": 3846548575, "version": 1, "url": "kkpqfuj-amager.tripletex.dev/v2/ledger/posting/3846548575", "voucher": {"id": 609433517, "url": "kkpqfuj-amager.tripletex.dev/v2/ledger/voucher/609433517"}, "date": "2026-03-22", "description": "Reminder fee for overdue invoice", "account": {"id": 378886542, "url": "kkpqfuj-amager.tripletex.dev/v2/ledger/account/378886542"}, "amortizationAccount": null, "amortizationStartDate": null, "amortizationEndDate": null, "customer": {"id": 108601144, "url": "kkpqfuj-amager.tripletex.dev/v2/customer/108601144"}, "supplier": null, "employee": null, "project": null, "product": null, "department": null, "vatType": {"id": 0, "url": "kkpqfuj-amager.tripletex.dev/v2/ledger/vatType/0"}, "amount": 50.0, "amountCurrency": 50.0, "amountGross": 50, "amountGrossCurrency": 50, "currency": {"id": 1, "url": "kkpqfuj-amager.tripletex.dev/v2/currency/1"}, "closeGroup": null, "invoiceNumber": "", "termOfPayment": null, "row": 1, "type": null, "externalRef": "", "systemGenerated": false, "taxTransactionType": "(Ikke valgt)", "taxTransactionTypeId": 0, "matched": false, "quantityAmount1": 0, "quantityType1": null, "quantityAmount2": 0, "quantityType2": null, "isVatReadonly": true, "isAm…
  Iteration 3 took 8.0s

──────────────────────────────────────────────────
  ITERATION 4/25
──────────────────────────────────────────────────
  Tokens: prompt=23708 completion=24 total_session=89468
  Messages: 9 (84,596 chars)
  Tool calls (1):
    [1] tripletex_api({"method":"GET","path":"/ledger/vatType"})
    ┌─ API GET /ledger/vatType
    └─ 200 OK (6.1s) [56 items]
    │  [trim] condensed 56 items → key fields (10092 chars)
    │  response: {"fullResultSize": 56, "from": 0, "count": 56, "versionDigest": "'If-None-Match' header not specified", "values": [{"displayName": "1: (25%) Fradrag inngående avgift, høy sats", "id": 1, "number": "1", "version": 0, "name": "Fradrag inngående avgift, høy sats"}, {"displayName": "UT-2: (100%) Direktepostert fradrag inngående avgift, høy sats (mva-kode utgikk 01.01.2017)", "id": 2, "number": "UT-2", "version": 0, "name": "Direktepostert fradrag inngående avgift, høy sats (mva-kode utgikk 01.01.2017)"}, {"displayName": "3: (25%) Utgående avgift, høy sats", "id": 3, "number": "3", "version": 0, "name": "Utgående avgift, høy sats"}, {"displayName": "4: (100%) Direktepostert utgående avgift, høy sats", "id": 4, "number": "4", "version": 0, "name": "Direktepostert utgående avgift, høy sats"}, {"displayName": "5: (0%) Ingen utgående avgift (innenfor mva-loven)", "id": 5, "number": "5", "version": 0, "name": "Ingen utgående avgift (innenfor mva-loven)"}, {"displayName": "6: (0%) Ingen utgående avgift (utenfor mva-loven)", "id": 6, "number": "6", "version": 0, "name": "Ingen utgående avgift (utenfor mva-loven)"}, {"displayName": "7: (0%) Ingen avgiftsbehandling (inntekter)", "id": 7, "number": "7", "version": 0, "name": "Ingen avgiftsbehandling (inntekter)"}, {"displayName": "11: (15%) Fradrag inngående avgift, middels sats", "id": 11, "number": "11", "version": 0, "name": "Fradrag inngående avgift, middels sats"}, {"displayName": "13: (12%) Fradrag inngående avgift, lav sats", "id": 1…
  Iteration 4 took 7.2s

──────────────────────────────────────────────────
  ITERATION 5/25
──────────────────────────────────────────────────
  Tokens: prompt=25498 completion=44 total_session=115010
  Messages: 11 (89,610 chars)
  Tool calls (1):
    [1] tripletex_api({"method":"POST","path":"/product","body":{"name":"Reminder Fee","priceExcludingVatCurrency":50,"vatType":{"id":6}}})
    ┌─ API POST /product
    │  body:   {"name": "Reminder Fee", "priceExcludingVatCurrency": 50, "vatType": {"id": 6}}
    └─ 201 OK (12.6s) id=84440449 name=Reminder Fee
    │  response: {"value": {"id": 84440449, "version": 0, "url": "kkpqfuj-amager.tripletex.dev/v2/product/84440449", "name": "Reminder Fee", "number": "", "displayNumber": "", "description": "", "orderLineDescription": "", "costExcludingVatCurrency": 0, "costPrice": 0, "priceExcludingVatCurrency": 50, "priceIncludingVatCurrency": 50.0, "isInactive": false, "productUnit": null, "incomingStock": 0, "outgoingStock": 0, "vatType": {"id": 6, "url": "kkpqfuj-amager.tripletex.dev/v2/ledger/vatType/6"}, "currency": {"id": 1, "url": "kkpqfuj-amager.tripletex.dev/v2/currency/1"}, "department": null, "account": null, "supplier": null, "resaleProduct": null, "isDeletable": false, "hasSupplierProductConnected": false, "image": null, "displayName": "Reminder Fee", "mainSupplierProduct": null, "isRoundPriceIncVat": false, "priceInTargetCurrency": 0, "purchasePriceCurrency": 0}}
  Iteration 5 took 13.7s

──────────────────────────────────────────────────
  ITERATION 6/25
──────────────────────────────────────────────────
  Tokens: prompt=25830 completion=51 total_session=140891
  Messages: 13 (90,468 chars)
  Tool calls (1):
    [1] tripletex_api({"method":"POST","path":"/order","body":{"customer":{"id":108601144},"orderDate":"2026-03-22","deliveryDate":"2026-03-22"}})
    ┌─ API POST /order
    │  body:   {"customer": {"id": 108601144}, "orderDate": "2026-03-22", "deliveryDate": "2026-03-22"}
    └─ 201 OK (5.7s) id=402082624
    │  response: {"value": {"id": 402082624, "version": 0, "url": "kkpqfuj-amager.tripletex.dev/v2/order/402082624", "customer": {"id": 108601144, "url": "kkpqfuj-amager.tripletex.dev/v2/customer/108601144"}, "contact": null, "attn": null, "displayName": "4 Ordre", "receiverEmail": "", "overdueNoticeEmail": "", "number": "4", "reference": "", "department": null, "orderDate": "2026-03-22", "project": null, "invoiceComment": "", "currency": {"id": 1, "url": "kkpqfuj-amager.tripletex.dev/v2/currency/1"}, "invoicesDueIn": 14, "invoicesDueInType": "DAYS", "isShowOpenPostsOnInvoices": false, "isClosed": false, "deliveryDate": "2026-03-22", "deliveryAddress": null, "deliveryComment": "", "isPrioritizeAmountsIncludingVat": false, "orderLineSorting": "PRODUCT", "orderGroups": [], "orderLines": [], "isSubscription": false, "subscriptionDuration": 0, "subscriptionDurationType": "MONTHS", "subscriptionPeriodsOnInvoice": 0, "subscriptionPeriodsOnInvoiceType": "MONTHS", "subscriptionInvoicingTimeInAdvanceOrArrears": "ADVANCE", "subscriptionInvoicingTime": 0, "subscriptionInvoicingTimeType": "MONTHS", "isSubscriptionAutoInvoicing": false, "preliminaryInvoice": {"id": 2147702787, "url": "kkpqfuj-amager.tripletex.dev/v2/invoice/2147702787"}, "attachment": [], "sendMethodDescription": "Faktura må sendes manuelt.", "invoiceOnAccountVatHigh": false, "totalInvoicedOnAccountAmountAbsoluteCurrency": 0.0, "invoiceSendSMSNotification": false, "invoiceSMSNotificationNumber": "", "markUpOrderLines": 0, "discountPercent…
  Iteration 6 took 6.7s

──────────────────────────────────────────────────
  ITERATION 7/25
──────────────────────────────────────────────────
  Tokens: prompt=26387 completion=45 total_session=167323
  Messages: 15 (92,099 chars)
  Tool calls (1):
    [1] tripletex_api({"method":"POST","path":"/order/orderline","body":{"order":{"id":402082624},"product":{"id":84440449},"count":1}})
    ┌─ API POST /order/orderline
    │  body:   {"order": {"id": 402082624}, "product": {"id": 84440449}, "count": 1}
    └─ 201 OK (5.1s) id=1607615833
    │  response: {"value": {"id": 1607615833, "version": 1, "url": "kkpqfuj-amager.tripletex.dev/v2/order/orderline/1607615833", "product": {"id": 84440449, "url": "kkpqfuj-amager.tripletex.dev/v2/product/84440449"}, "inventory": null, "description": "", "displayName": "Reminder Fee", "count": 1.0, "unitCostCurrency": 0.0, "unitPriceExcludingVatCurrency": 50.0, "currency": {"id": 1, "url": "kkpqfuj-amager.tripletex.dev/v2/currency/1"}, "markup": 0.0, "discount": 0.0, "vatType": {"id": 6, "url": "kkpqfuj-amager.tripletex.dev/v2/ledger/vatType/6"}, "amountExcludingVatCurrency": 50.0, "amountIncludingVatCurrency": 50.0, "vendor": null, "order": {"id": 402082624, "url": "kkpqfuj-amager.tripletex.dev/v2/order/402082624"}, "unitPriceIncludingVatCurrency": 50.0, "isSubscription": false, "subscriptionPeriodStart": null, "subscriptionPeriodEnd": null, "orderGroup": null, "sortIndex": 0, "isPicked": false, "pickedDate": null, "orderedQuantity": 0, "isCharged": false}}
  Iteration 7 took 5.9s
  [trim] Compressed 2 old tool responses to save tokens

──────────────────────────────────────────────────
  ITERATION 8/25
──────────────────────────────────────────────────
  Tokens: prompt=24107 completion=54 total_session=191484
  Messages: 17 (85,316 chars)
  Tool calls (1):
    [1] tripletex_api({"method":"POST","path":"/invoice","body":{"invoiceDate":"2026-03-22","invoiceDueDate":"2026-04-05","orders":[{"id":402082624}]}})
    ┌─ API POST /invoice
    │  body:   {"invoiceDate": "2026-03-22", "invoiceDueDate": "2026-04-05", "orders": [{"id": 402082624}]}
    └─ 201 OK (7.8s) id=2147702801
    │  response: {"value": {"id": 2147702801, "version": 3, "url": "kkpqfuj-amager.tripletex.dev/v2/invoice/2147702801", "invoiceNumber": 4, "invoiceDate": "2026-03-22", "customer": {"id": 108601144, "url": "kkpqfuj-amager.tripletex.dev/v2/customer/108601144"}, "creditedInvoice": 0, "isCredited": false, "invoiceDueDate": "2026-04-05", "kid": "", "invoiceComment": "", "comment": "", "orders": [{"id": 402082624, "url": "kkpqfuj-amager.tripletex.dev/v2/order/402082624"}], "orderLines": [{"id": 1607615833, "url": "kkpqfuj-amager.tripletex.dev/v2/order/orderline/1607615833"}], "travelReports": [], "projectInvoiceDetails": [{"id": 1965830820, "url": "kkpqfuj-amager.tripletex.dev/v2/invoice/details/1965830820"}], "voucher": {"id": 609433763, "url": "kkpqfuj-amager.tripletex.dev/v2/ledger/voucher/609433763"}, "deliveryDate": "2026-03-22", "amount": 50.0, "amountCurrency": 50.0, "amountExcludingVat": 50.0, "amountExcludingVatCurrency": 50.0, "amountRoundoff": 0, "amountRoundoffCurrency": 0, "amountOutstanding": 50.0, "amountCurrencyOutstanding": 50.0, "amountOutstandingTotal": 50.0, "amountCurrencyOutstandingTotal": 50.0, "sumRemits": 0, "currency": {"id": 1, "url": "kkpqfuj-amager.tripletex.dev/v2/currency/1"}, "isCreditNote": false, "isCharged": true, "isApproved": false, "postings": [{"id": 3846549225, "url": "kkpqfuj-amager.tripletex.dev/v2/ledger/posting/3846549225"}], "reminders": [], "invoiceRemarks": "", "invoiceRemark": null, "isPeriodizationPossible": true, "documentId": 1024380747}}
  Iteration 8 took 9.0s
  [trim] Compressed 1 old tool responses to save tokens

──────────────────────────────────────────────────
  ITERATION 9/25
──────────────────────────────────────────────────
  Tokens: prompt=23019 completion=35 total_session=214538
  Messages: 19 (82,006 chars)
  Tool calls (1):
    [1] tripletex_api({"method":"PUT","path":"/invoice/2147702801/:send","params":{"sendType":"EMAIL"}})
    ┌─ API PUT /invoice/2147702801/:send
    │  params: {"sendType": "EMAIL"}
    └─ 204 OK (7.0s)
    │  response: {"raw": ""}
  Iteration 9 took 8.6s
  [trim] Compressed 1 old tool responses to save tokens

──────────────────────────────────────────────────
  ITERATION 10/25
──────────────────────────────────────────────────
  Tokens: prompt=22811 completion=58 total_session=237407
  Messages: 21 (81,222 chars)
  Tool calls (1):
    [1] tripletex_api({"method":"PUT","path":"/invoice/240848937/:payment","params":{"paymentDate":"2026-03-22","paymentTypeId":1,"paidAmount":5000,"paidAmountCurrency":5000}})
    ┌─ API PUT /invoice/240848937/:payment
    │  params: {"paymentDate": "2026-03-22", "paymentTypeId": 1, "paidAmount": 5000, "paidAmountCurrency": 5000}
    └─ 422 ERR (8.9s) {"status": 422, "code": 18000, "message": "Validering feilet.", "link": "https://tripletex.no/v2-docs/", "developerMessage": "VALIDATION_ERROR", "validationMessages": [{"field": null, "message": "Ugyldig fakturanummer.", "path": null, "rootId": null}], "requestId": "cbcf0d2e-f291-407e-98ed-ab651f6a53b1", "_status_code": 422}
    │  response: {"status": 422, "code": 18000, "message": "Validering feilet.", "link": "https://tripletex.no/v2-docs/", "developerMessage": "VALIDATION_ERROR", "validationMessages": [{"field": null, "message": "Ugyldig fakturanummer.", "path": null, "rootId": null}], "requestId": "cbcf0d2e-f291-407e-98ed-ab651f6a53b1", "_status_code": 422}
  Iteration 10 took 10.4s
  [trim] Compressed 1 old tool responses to save tokens

──────────────────────────────────────────────────
  ITERATION 11/25
──────────────────────────────────────────────────
  Tokens: prompt=22514 completion=139 total_session=260060
  GPT says: The overdue invoice matching process was not completed successfully due to an invalid invoice number error when attempting to register a partial payment. Here's what was accomplished:

1. Found the correct accounts for the voucher entries.
2. Posted a reminder fee with debit to account 1500 and credit to account 3400.
3. Created a product for the reminder fee and generated an invoice for the same.
4. Sent the reminder fee invoice to the customer.

However, registering a partial payment for the o
  Messages: 23 (80,688 chars)
  ⚠ NUDGE — no tool calls, re-prompting GPT (reason: stop)
  [trim] Compressed 1 old tool responses to save tokens

──────────────────────────────────────────────────
  ITERATION 12/25
──────────────────────────────────────────────────
  Tokens: prompt=22373 completion=45 total_session=282478
  Messages: 25 (79,922 chars)
  Tool calls (1):
    [1] tripletex_api({"method":"GET","path":"/invoice","params":{"invoiceDateFrom":"2000-01-01","invoiceDateTo":"2030-12-31"}})
    ┌─ API GET /invoice
    │  params: {"invoiceDateFrom": "2000-01-01", "invoiceDateTo": "2030-12-31"}
    └─ 200 OK (6.4s) [4 items]
    │  response: {"fullResultSize": 4, "from": 0, "count": 4, "versionDigest": "'If-None-Match' header not specified", "values": [{"id": 2147702437, "version": 3, "url": "kkpqfuj-amager.tripletex.dev/v2/invoice/2147702437", "invoiceNumber": 1, "invoiceDate": "2025-12-15", "customer": {"id": 108601144, "url": "kkpqfuj-amager.tripletex.dev/v2/customer/108601144"}, "creditedInvoice": 0, "isCredited": false, "invoiceDueDate": "2026-05-07", "kid": "", "invoiceComment": "", "comment": "", "orders": [{"id": 402082395, "url": "kkpqfuj-amager.tripletex.dev/v2/order/402082395"}], "orderLines": [{"id": 1607615623, "url": "kkpqfuj-amager.tripletex.dev/v2/order/orderline/1607615623"}], "travelReports": [], "projectInvoiceDetails": [{"id": 1965830637, "url": "kkpqfuj-amager.tripletex.dev/v2/invoice/details/1965830637"}], "voucher": {"id": 609432071, "url": "kkpqfuj-amager.tripletex.dev/v2/ledger/voucher/609432071"}, "deliveryDate": "2025-12-15", "amount": 21750.0, "amountCurrency": 21750.0, "amountExcludingVat": 17400.0, "amountExcludingVatCurrency": 17400.0, "amountRoundoff": 0.0, "amountRoundoffCurrency": 0.0, "amountOutstanding": 21750.0, "amountCurrencyOutstanding": 21750.0, "amountOutstandingTotal": 21750.0, "amountCurrencyOutstandingTotal": 21750.0, "sumRemits": 0, "currency": {"id": 1, "url": "kkpqfuj-amager.tripletex.dev/v2/currency/1"}, "isCreditNote": false, "isCharged": true, "isApproved": false, "postings": [{"id": 3846544740, "url": "kkpqfuj-amager.tripletex.dev/v2/ledger/posting/3846544740"}]…
  Iteration 12 took 7.3s
  [trim] Compressed 1 old tool responses to save tokens

──────────────────────────────────────────────────
  ITERATION 13/25
──────────────────────────────────────────────────
  Tokens: prompt=23709 completion=23 total_session=306210
  Messages: 27 (83,511 chars)
  Tool calls (1):
    [1] tripletex_api({"method":"GET","path":"/invoice/paymentType"})
    ┌─ API GET /invoice/paymentType
    └─ 200 OK (7.1s) [2 items]
    │  response: {"fullResultSize": 2, "from": 0, "count": 2, "versionDigest": "'If-None-Match' header not specified", "values": [{"id": 28617485, "version": 0, "url": "kkpqfuj-amager.tripletex.dev/v2/invoice/paymentType/28617485", "description": "Kontant", "displayName": "Kontant", "debitAccount": {"id": 378886595, "url": "kkpqfuj-amager.tripletex.dev/v2/ledger/account/378886595"}, "creditAccount": null, "vatType": {"id": 0, "url": "kkpqfuj-amager.tripletex.dev/v2/ledger/vatType/0"}, "sequence": 1, "customer": null, "supplier": null, "currencyId": 1, "currencyCode": "NOK"}, {"id": 28617486, "version": 0, "url": "kkpqfuj-amager.tripletex.dev/v2/invoice/paymentType/28617486", "description": "Betalt til bank", "displayName": "Betalt til bank", "debitAccount": {"id": 378886598, "url": "kkpqfuj-amager.tripletex.dev/v2/ledger/account/378886598"}, "creditAccount": null, "vatType": {"id": 0, "url": "kkpqfuj-amager.tripletex.dev/v2/ledger/vatType/0"}, "sequence": 2, "customer": null, "supplier": null, "currencyId": 1, "currencyCode": "NOK"}]}
  Iteration 13 took 8.0s

──────────────────────────────────────────────────
  ITERATION 14/25
──────────────────────────────────────────────────
  Tokens: prompt=24109 completion=61 total_session=330380
  Messages: 29 (84,544 chars)
  Tool calls (1):
    [1] tripletex_api({"method":"PUT","path":"/invoice/2147702437/:payment","params":{"paymentDate":"2026-03-22","paymentTypeId":28617486,"paidAmount":5000,"paidAmountCurrency":5000}})
    ┌─ API PUT /invoice/2147702437/:payment
    │  params: {"paymentDate": "2026-03-22", "paymentTypeId": 28617486, "paidAmount": 5000, "paidAmountCurrency": 5000}
    └─ 200 OK (13.3s) id=2147702437
    │  response: {"value": {"id": 2147702437, "version": 3, "url": "kkpqfuj-amager.tripletex.dev/v2/invoice/2147702437", "invoiceNumber": 1, "invoiceDate": "2025-12-15", "customer": {"id": 108601144, "url": "kkpqfuj-amager.tripletex.dev/v2/customer/108601144"}, "creditedInvoice": 0, "isCredited": false, "invoiceDueDate": "2026-05-07", "kid": "", "invoiceComment": "", "comment": "", "orders": [{"id": 402082395, "url": "kkpqfuj-amager.tripletex.dev/v2/order/402082395"}], "orderLines": [{"id": 1607615623, "url": "kkpqfuj-amager.tripletex.dev/v2/order/orderline/1607615623"}], "travelReports": [], "projectInvoiceDetails": [{"id": 1965830637, "url": "kkpqfuj-amager.tripletex.dev/v2/invoice/details/1965830637"}], "voucher": {"id": 609432071, "url": "kkpqfuj-amager.tripletex.dev/v2/ledger/voucher/609432071"}, "deliveryDate": "2025-12-15", "amount": 21750.0, "amountCurrency": 21750.0, "amountExcludingVat": 17400.0, "amountExcludingVatCurrency": 17400.0, "amountRoundoff": 0.0, "amountRoundoffCurrency": 0.0, "amountOutstanding": 16750.0, "amountCurrencyOutstanding": 16750.0, "amountOutstandingTotal": 16750.0, "amountCurrencyOutstandingTotal": 16750.0, "sumRemits": 0, "currency": {"id": 1, "url": "kkpqfuj-amager.tripletex.dev/v2/currency/1"}, "isCreditNote": false, "isCharged": true, "isApproved": false, "postings": [{"id": 3846544740, "url": "kkpqfuj-amager.tripletex.dev/v2/ledger/posting/3846544740"}, {"id": 3846550055, "url": "kkpqfuj-amager.tripletex.dev/v2/ledger/posting/3846550055"}], "reminders": …
  Iteration 14 took 14.4s

──────────────────────────────────────────────────
  ITERATION 15/25
──────────────────────────────────────────────────
  Tokens: prompt=24756 completion=9 total_session=355145
  Messages: 31 (86,152 chars)
  Tool calls (1):
    [1] done()

  ⏳ Verifying task completion (93s remaining)...
  📋 Verification prompt (5098 chars):
    │ TASK: L'un de vos clients a une facture en retard. Trouvez la facture en retard et enregistrez des frais de rappel de 50 NOK. Debit creances clients (1500), credit revenus de rappel (3400). Créez également une facture pour les frais de rappel au client et envoyez-la. De plus, enregistrez un paiement partiel de 5000 NOK sur la facture en retard.
    │ 
    │ TASK TYPE: Salary/payroll.
    │ Check: employee name correct, employment exists, salary transaction has correct base salary and bonus amounts.
    │ 
    │ ACTION LOG (chronological):
    │ CALL: tripletex_api({"method":"GET","path":"/invoice","params":{"invoiceDateFrom":"2000-01-01","invoiceDateTo":"2030-12-31"}})
    │ status=ok
    │ CALL: tripletex_api({"method":"POST","path":"/ledger/voucher","params":{"body":{"date":"2026-03-22","description":"Reminder fee for overdue invoice","postings":[{"row":1,"date":"2026-03-22","amountGross":50,"amountGrossCurrency":50,"account":{"id":378886542},"customer":{"id":108601144},"vatType":{"id":0}},{"row":2,"dat)
    │ status=400
    │ CALL: tripletex_api({"method":"POST","path":"/ledger/voucher","body":{"date":"2026-03-22","description":"Reminder fee for overdue invoice","postings":[{"row":1,"date":"2026-03-22","amountGross":50,"amountGrossCurrency":50,"account":{"id":378886542},"customer":{"id":108601144},"vatType":{"id":0}},{"row":2,"date":"2026-0)
    │ status=ok
    │ CALL: tripletex_api({"method":"GET","path":"/ledger/vatType"})
    │ CALL: tripletex_api({"method":"POST","path":"/product","body":{"name":"Reminder Fee","priceExcludingVatCurrency":50,"vatType":{"id":6}}})
    │ status=ok
    │ CALL: tripletex_api({"method":"POST","path":"/order","body":{"customer":{"id":108601144},"orderDate":"2026-03-22","deliveryDate":"2026-03-22"}})
    │ status=ok
    │ CALL: tripletex_api({"method":"POST","path":"/order/orderline","body":{"order":{"id":402082624},"product":{"id":84440449},"count":1}})
    │ status=ok
    │ CALL: tripletex_api({"method":"POST","path":"/invoice","body":{"invoiceDate":"2026-03-22","invoiceDueDate":"2026-04-05","orders":[{"id":402082624}]}})
    │ status=ok
    │ CALL: tripletex_api({"method":"PUT","path":"/invoice/2147702801/:send","params":{"sendType":"EMAIL"}})
    │ status=ok
    │ CALL: tripletex_api({"method":"PUT","path":"/invoice/240848937/:payment","params":{"paymentDate":"2026-03-22","paymentTypeId":1,"paidAmount":5000,"paidAmountCurrency":5000}})
    │ status=422
    │ CALL: tripletex_api({"method":"GET","path":"/invoice","params":{"invoiceDateFrom":"2000-01-01","invoiceDateTo":"2030-12-31"}})
    │ CALL: tripletex_api({"method":"GET","path":"/invoice/paymentType"})
    │ status=ok
    │ CALL: tripletex_api({"method":"PUT","path":"/invoice/2147702437/:payment","params":{"paymentDate":"2026-03-22","paymentTypeId":28617486,"paidAmount":5000,"paidAmountCurrency":5000}})
    │ status=ok id=2147702437 amount=21750.0 amountCurrency=21750.0 invoiceNumber=1
    │ CALL: done({})
    │ 
    │ You are an accounting verification agent. Based ONLY on the action log above, check:
    │ 1. MATH: All amounts, percentages, VAT calculations correct? (e.g. if task says 50% of 274950, invoice total incl VAT must be 137475)
    │ 2. COMPLETENESS: Were all steps in the task done? Look at the CALL entries — if the action log shows the step was performed with status=ok, it WAS done. Do NOT say a step is missing if you can see it in the log!
    │ IMPORTANT: 'Fakturer'/'Invoice' just means create an invoice — do NOT require sending unless the task explicitly says send/sende/enviar/envoyer/senden!
    │ 3. DATA: Names, org numbers, dates match the task?
    │ 4. AMOUNTS: If any created entity shows amount=0 or totalAmount=0 in the response, that is WRONG — the postings failed silently. For supplier invoices: amount=0 with amountExcludingVat=0 means postings were MISSING or malformed.
    │ 5. BUDGET vs INVOICE: NEVER flag a mismatch between project budget and invoice total. For fixed-price projects the invoice excl. VAT matches the fixedprice — this is CORRECT. For other projects, invoice is based on actual work/costs. Either way, do NOT fail on budget vs invoice differences.
    │ 6. PAYMENT AMOUNTS: Invoice payments and reversals use the FULL amount INCLUDING VAT, not excl. VAT. If the task says 'X NOK excl. VAT', the correct payment/reversal amount is X × 1.25 (Norwegian 25% VAT). Do NOT flag a mismatch between excl. VAT amounts in the task and incl. VAT payment amounts.
    │ 7. VAT BREAKDOWN: If the total invoice amount matches the expected sum, do NOT fail on 'VAT breakdown not reflected' or similar vague VAT concerns. Only fail if a specific line item has the WRONG VAT rate applied.
    │ 
    │ CRITICAL: Be CONSERVATIVE. When in doubt, say PASS.
    │ Only say FAIL for CLEAR, OBJECTIVE, SPECIFIC errors (wrong math, completely missing step, wrong name).
    │ Do NOT say FAIL for: vague concerns, 'might be wrong', uncertain issues, minor stylistic differences, or steps you cannot confirm from the log (absence of evidence is NOT evidence of absence).
    │ A false FAIL causes MORE damage than a missed error. When uncertain, ALWAYS say PASS.
    │ If the action log shows all main steps completed with status=ok, say PASS.
    │ 
    │ Reply ONLY with either:
    │ - 'PASS' if everything looks correct or you are unsure
    │ - 'FAIL: <specific issue>' ONLY if there is an obvious, objective error
  🔍 Verification (1380 tokens): PASS

  ✓ DONE — 15 iterations, 355145 tokens, 113.1s

======================================================================
  TASK COMPLETE — total 147.7s
======================================================================

