
======================================================================
  NEW TASK RECEIVED
  Version: a6630b4
======================================================================
  Prompt: Erfassen Sie eine Reisekostenabrechnung für Johanna Hoffmann (johanna.hoffmann@example.org) für "Kundenbesuch Tromsø". Die Reise dauerte 3 Tage mit Tagegeld (Tagessatz 800 NOK). Auslagen: Flugticket 5250 NOK und Taxi 250 NOK.
  Files:  0
  URL:    https://tx-proxy-jwanbnu3pq-lz.a.run.app/v2
──────────────────────────────────────────────────────────────────────
  [pre] Invoice/credit/payment task detected — ensuring bank account...
    ┌─ API GET /invoice/settings
    └─ 200 OK (0.8s) id=984762
    ┌─ API GET /ledger/account
    │  params: {"isBankAccount": "true", "count": 10}
  [github] Log pushed: 20260322_021757_9521_invoice_ok_13iter_registe_30_horas.log (attempt 1)
    └─ 200 OK (0.8s) [2 items]
  [bank] found account 1920 id=484943307 v=0
    ┌─ API PUT /ledger/account/484943307
    │  body:   {"id": 484943307, "version": 0, "number": 1920, "name": "Bankinnskudd", "bankAccountNumber": "15030100112"}
    └─ 200 OK (1.0s) id=484943307 name=Bankinnskudd
  [bank] bank account set OK
  [pre] Bank account setup: OK

──────────────────────────────────────────────────
  ITERATION 1/25
──────────────────────────────────────────────────
  Tokens: prompt=18714 completion=47 total_session=18761
  Messages: 3 (69,740 chars)
  Tool calls (1):
    [1] tripletex_api({"method":"POST","path":"/employee","body":{"firstName":"Johanna","lastName":"Hoffmann","email":"johanna.hoffmann@example.org"}})
    │  [reject] 1 rule violation(s):
    │    • [employee-post-dateOfBirth] POST /employee should include 'dateOfBirth' (YYYY-MM-DD). Without it, employment creation will fail. Use a reasonable date like 1990-01-01 if the task doesn't specify. (missing: dateOfBirth)
  Iteration 1 took 1.1s

──────────────────────────────────────────────────
  ITERATION 2/25
──────────────────────────────────────────────────
  Tokens: prompt=18915 completion=27 total_session=37703
  Messages: 5 (70,293 chars)
  Tool calls (1):
    [1] tripletex_api({"method":"GET","path":"/employee","params":{"fields":"*"}})
    ┌─ API GET /employee
    │  params: {"fields": "*"}
    └─ 200 OK (0.8s) [2 items]
    │  response: {"fullResultSize": 2, "from": 0, "count": 2, "versionDigest": "Checksum not yet supported for this endpoint", "values": [{"id": 18723889, "version": 1, "url": "kkpqfuj-amager.tripletex.dev/v2/employee/18723889", "firstName": "Admin", "lastName": "NM", "displayName": "Admin NM", "employeeNumber": "", "dateOfBirth": null, "email": "nmiai-validator@test.no", "phoneNumberMobileCountry": {"id": 161, "url": "kkpqfuj-amager.tripletex.dev/v2/country/161"}, "phoneNumberMobile": "", "phoneNumberHome": "", "phoneNumberWork": "", "nationalIdentityNumber": "", "dnumber": "", "internationalId": {"intAmeldingType": null, "country": null, "number": ""}, "bankAccountNumber": "", "iban": "", "bic": "", "creditorBankCountryId": 0, "usesAbroadPayment": false, "userType": null, "allowInformationRegistration": true, "isContact": false, "isProxy": false, "comments": "", "address": null, "department": {"id": 987747, "url": "kkpqfuj-amager.tripletex.dev/v2/department/987747"}, "employments": [{"id": 2863116, "url": "kkpqfuj-amager.tripletex.dev/v2/employee/employment/2863116"}], "holidayAllowanceEarned": {"year": 0, "amount": 0.0, "basis": 0.0, "amountExtraHolidayWeek": 0.0}, "employeeCategory": null, "isAuthProjectOverviewURL": true, "pictureId": 0, "companyId": 108503682, "vismaConnect2FAactive": false}, {"id": 18723902, "version": 2, "url": "kkpqfuj-amager.tripletex.dev/v2/employee/18723902", "firstName": "Johanna", "lastName": "Hoffmann", "displayName": "Johanna Hoffmann", "employeeNumber": "", "…
  Iteration 2 took 2.3s

──────────────────────────────────────────────────
  ITERATION 3/25
──────────────────────────────────────────────────
  Tokens: prompt=19728 completion=61 total_session=57492
  Messages: 7 (72,714 chars)
  Tool calls (1):
    [1] tripletex_api({"method":"PUT","path":"/employee/18723902","body":{"id":18723902,"version":2,"firstName":"Johanna","lastName":"Hoffmann","dateOfBirth":"1990-01-01"}})
    ┌─ API PUT /employee/18723902
    │  body:   {"id": 18723902, "version": 2, "firstName": "Johanna", "lastName": "Hoffmann", "dateOfBirth": "1990-01-01"}
    └─ 200 OK (1.0s) id=18723902 name=Johanna
    │  [track] employee renamed successfully via PUT
    │  response: {"value": {"id": 18723902, "version": 3, "url": "kkpqfuj-amager.tripletex.dev/v2/employee/18723902", "firstName": "Johanna", "lastName": "Hoffmann", "displayName": "Johanna Hoffmann", "employeeNumber": "", "dateOfBirth": "1990-01-01", "email": "johanna.hoffmann@example.org", "phoneNumberMobileCountry": {"id": 161, "url": "kkpqfuj-amager.tripletex.dev/v2/country/161"}, "phoneNumberMobile": "", "phoneNumberHome": "", "phoneNumberWork": "", "nationalIdentityNumber": "", "dnumber": "", "internationalId": {"intAmeldingType": null, "country": null, "number": ""}, "bankAccountNumber": "", "iban": "", "bic": "", "creditorBankCountryId": 0, "usesAbroadPayment": false, "userType": null, "allowInformationRegistration": true, "isContact": false, "isProxy": false, "comments": "", "address": null, "department": {"id": 987747, "url": "kkpqfuj-amager.tripletex.dev/v2/department/987747"}, "employments": [], "holidayAllowanceEarned": {"year": 0, "amount": 0.0, "basis": 0.0, "amountExtraHolidayWeek": 0.0}, "employeeCategory": null, "isAuthProjectOverviewURL": true, "pictureId": 0, "companyId": 108503682, "vismaConnect2FAactive": false}}
  Iteration 3 took 1.9s

──────────────────────────────────────────────────
  ITERATION 4/25
──────────────────────────────────────────────────
  Tokens: prompt=20165 completion=93 total_session=77750
  Messages: 9 (73,849 chars)
  Tool calls (1):
    [1] tripletex_api({"method":"POST","path":"/travelExpense","body":{"employee":{"id":18723902},"title":"Kundenbesuch Tromsø","date":"2026-03-22","travelDetails":{"departureDate":"2026-03-19","returnDate":"2026-03-22","destination":"Tromsø","purpose":"Kundenbesuch","isDayTrip":false}}})
    ┌─ API POST /travelExpense
    │  body:   {"employee": {"id": 18723902}, "title": "Kundenbesuch Tromsø", "date": "2026-03-22", "travelDetails": {"departureDate": "2026-03-19", "returnDate": "2026-03-22", "destination": "Tromsø", "purpose": "Kundenbesuch", "isDayTrip": false}}
    └─ 201 OK (1.1s) id=11151590
    │  response: {"value": {"id": 11151590, "version": 2, "url": "kkpqfuj-amager.tripletex.dev/v2/travelExpense/11151590", "attestationSteps": [], "attestation": null, "project": null, "employee": {"id": 18723902, "url": "kkpqfuj-amager.tripletex.dev/v2/employee/18723902"}, "approvedBy": null, "completedBy": null, "rejectedBy": null, "department": {"id": 987747, "url": "kkpqfuj-amager.tripletex.dev/v2/department/987747"}, "freeDimension1": null, "freeDimension2": null, "freeDimension3": null, "payslip": null, "vatType": {"id": 0, "url": "kkpqfuj-amager.tripletex.dev/v2/ledger/vatType/0"}, "paymentCurrency": {"id": 1, "url": "kkpqfuj-amager.tripletex.dev/v2/currency/1"}, "travelDetails": {"isForeignTravel": false, "isDayTrip": false, "isCompensationFromRates": false, "departureDate": "2026-03-19", "returnDate": "2026-03-22", "detailedJourneyDescription": "", "departureFrom": "", "destination": "Tromsø", "departureTime": "", "returnTime": "", "purpose": "Kundenbesuch"}, "voucher": null, "attachment": null, "isCompleted": false, "isApproved": false, "rejectedComment": "", "isChargeable": false, "isFixedInvoicedAmount": false, "isMarkupInvoicedPercent": false, "isIncludeAttachedReceiptsWhenReinvoicing": false, "completedDate": null, "approvedDate": null, "date": "2026-03-22", "travelAdvance": 0, "fixedInvoicedAmount": 0, "markupInvoicedPercent": 0, "amount": 0, "chargeableAmountCurrency": 0.0, "paymentAmount": 0.0, "chargeableAmount": 0, "lowRateVAT": 0, "mediumRateVAT": 0, "highRateVAT": 0, "pay…
  Iteration 4 took 2.6s

──────────────────────────────────────────────────
  ITERATION 5/25
──────────────────────────────────────────────────
  Tokens: prompt=21053 completion=25 total_session=98828
  Messages: 11 (76,179 chars)
  Tool calls (1):
    [1] tripletex_api({"method":"GET","path":"/travelExpense/costCategory"})
    ┌─ API GET /travelExpense/costCategory
    └─ 200 OK (1.1s) [36 items]
    │  [trim] condensed 36 items → key fields (3711 chars)
    │  response: {"fullResultSize": 36, "from": 0, "count": 36, "versionDigest": "'If-None-Match' header not specified", "values": [{"id": 38440039, "version": 0, "displayName": "Bredbånd", "description": "Bredbånd"}, {"id": 38440040, "version": 0, "displayName": "Kontorrekvisita", "description": "Kontorrekvisita"}, {"id": 38440041, "version": 0, "displayName": "Data/EDB-kostnad", "description": "Data/EDB-kostnad"}, {"id": 38440042, "version": 0, "displayName": "Aviser, tidsskrifter, bøker o.l.", "description": "Aviser, tidsskrifter, bøker o.l."}, {"id": 38440043, "version": 0, "displayName": "Møte, kurs, oppdatering o.l.", "description": "Møte, kurs, oppdatering o.l."}, {"id": 38440044, "version": 0, "displayName": "Annen kontorkostnad", "description": "Annen kontorkostnad"}, {"id": 38440045, "version": 0, "displayName": "Telefon", "description": "Telefon"}, {"id": 38440046, "version": 0, "displayName": "Porto", "description": "Porto"}, {"id": 38440047, "version": 0, "displayName": "Bomavgift", "description": "Bomavgift"}, {"id": 38440048, "version": 0, "displayName": "Buss", "description": "Buss"}, {"id": 38440049, "version": 0, "displayName": "Båt", "description": "Båt"}, {"id": 38440050, "version": 0, "displayName": "Drivstoff", "description": "Drivstoff"}, {"id": 38440051, "version": 0, "displayName": "Drivstoff - leiebil", "description": "Drivstoff - leiebil"}, {"id": 38440052, "version": 0, "displayName": "Drivstoff - selskapets transportmiddel", "description": "Drivstoff - selskapets …
  Iteration 5 took 1.8s

──────────────────────────────────────────────────
  ITERATION 6/25
──────────────────────────────────────────────────
  Tokens: prompt=22379 completion=24 total_session=121231
  Messages: 13 (79,890 chars)
  Tool calls (1):
    [1] tripletex_api({"method":"GET","path":"/travelExpense/paymentType"})
    ┌─ API GET /travelExpense/paymentType
    └─ 200 OK (0.7s) [1 items]
    │  response: {"fullResultSize": 1, "from": 0, "count": 1, "versionDigest": "'If-None-Match' header not specified", "values": [{"id": 38440038, "version": 0, "url": "kkpqfuj-amager.tripletex.dev/v2/travelExpense/paymentType/38440038", "description": "Privat utlegg", "account": {"id": 484943404, "url": "kkpqfuj-amager.tripletex.dev/v2/ledger/account/484943404"}, "showOnTravelExpenses": true, "showOnEmployeeExpenses": true, "isInactive": false, "displayName": "Privat utlegg"}]}
  Iteration 6 took 1.5s

──────────────────────────────────────────────────
  ITERATION 7/25
──────────────────────────────────────────────────
  Tokens: prompt=22568 completion=61 total_session=143860
  Messages: 15 (80,356 chars)
  Tool calls (1):
    [1] tripletex_api({"method":"POST","path":"/travelExpense/cost","body":{"travelExpense":{"id":11151590},"costCategory":{"id":38440054},"paymentType":{"id":38440038},"amountCurrencyIncVat":5250}})
    ┌─ API POST /travelExpense/cost
    │  body:   {"travelExpense": {"id": 11151590}, "costCategory": {"id": 38440054}, "paymentType": {"id": 38440038}, "amountCurrencyIncVat": 5250}
    └─ 201 OK (1.2s)
    │  response: {"value": {"url": "kkpqfuj-amager.tripletex.dev/v2/travelExpense/cost/20258993"}}
  Iteration 7 took 2.2s

──────────────────────────────────────────────────
  ITERATION 8/25
──────────────────────────────────────────────────
  Tokens: prompt=22668 completion=60 total_session=166588
  Messages: 17 (80,437 chars)
  Tool calls (1):
    [1] tripletex_api({"method":"POST","path":"/travelExpense/cost","body":{"travelExpense":{"id":11151590},"costCategory":{"id":38440069},"paymentType":{"id":38440038},"amountCurrencyIncVat":250}})
    ┌─ API POST /travelExpense/cost
    │  body:   {"travelExpense": {"id": 11151590}, "costCategory": {"id": 38440069}, "paymentType": {"id": 38440038}, "amountCurrencyIncVat": 250}
    └─ 201 OK (1.4s)
    │  response: {"value": {"url": "kkpqfuj-amager.tripletex.dev/v2/travelExpense/cost/20258994"}}
  Iteration 8 took 2.7s

──────────────────────────────────────────────────
  ITERATION 9/25
──────────────────────────────────────────────────
  Tokens: prompt=22767 completion=25 total_session=189380
  Messages: 19 (80,518 chars)
  Tool calls (1):
    [1] tripletex_api({"method":"GET","path":"/travelExpense/rateCategory"})
    ┌─ API GET /travelExpense/rateCategory
    └─ 200 OK (0.8s) [459 items]
    │  [filter] rateCategory: 459 → 6 current domestic entries
    │  response: {"fullResultSize": 6, "from": 0, "count": 6, "versionDigest": "'If-None-Match' header not specified", "values": [{"id": 738, "version": 0, "url": "kkpqfuj-amager.tripletex.dev/v2/travelExpense/rateCategory/738", "name": "Dagsreise 6-12 timer - innland", "ameldingWageCode": 13, "wageCodeNumber": "352", "isValidDayTrip": true, "isValidAccommodation": false, "isValidDomestic": true, "isValidForeignTravel": false, "isRequiresZone": false, "isRequiresOvernightAccommodation": false, "fromDate": "2026-01-01", "toDate": "2026-12-31", "type": "PER_DIEM"}, {"id": 739, "version": 0, "url": "kkpqfuj-amager.tripletex.dev/v2/travelExpense/rateCategory/739", "name": "Dagsreise over 12 timer - innland", "ameldingWageCode": 13, "wageCodeNumber": "355", "isValidDayTrip": true, "isValidAccommodation": false, "isValidDomestic": true, "isValidForeignTravel": false, "isRequiresZone": false, "isRequiresOvernightAccommodation": false, "fromDate": "2026-01-01", "toDate": "2026-12-31", "type": "PER_DIEM"}, {"id": 740, "version": 0, "url": "kkpqfuj-amager.tripletex.dev/v2/travelExpense/rateCategory/740", "name": "Overnatting over 12 timer - innland", "ameldingWageCode": 0, "wageCodeNumber": "", "isValidDayTrip": false, "isValidAccommodation": true, "isValidDomestic": true, "isValidForeignTravel": false, "isRequiresZone": false, "isRequiresOvernightAccommodation": true, "fromDate": "2026-01-01", "toDate": "2026-12-31", "type": "PER_DIEM"}, {"id": 741, "version": 0, "url": "kkpqfuj-amager.tripletex.dev/v…
  Iteration 9 took 1.6s

──────────────────────────────────────────────────
  ITERATION 10/25
──────────────────────────────────────────────────
  Tokens: prompt=23765 completion=62 total_session=213207
  Messages: 21 (83,418 chars)
  Tool calls (1):
    [1] tripletex_api({"method":"POST","path":"/travelExpense/perDiemCompensation","body":{"travelExpense":{"id":11151590},"rateCategory":{"id":740},"location":"Tromsø","overnightAccommodation":"HOTEL","count":3}})
    ┌─ API GET /travelExpense/11151590
    │  params: {"fields": "date,travelDetails"}
    └─ 200 OK (1.0s)
    ┌─ API GET /travelExpense/rateCategory
    │  params: {"count": 1000}
    └─ 200 OK (0.8s) [459 items]
    ┌─ API POST /travelExpense/perDiemCompensation
    │  body:   {"travelExpense": {"id": 11151590}, "rateCategory": {"id": 740}, "location": "Tromsø", "overnightAccommodation": "HOTEL", "count": 3}
    └─ 201 OK (0.7s)
    │  response: {"value": {"url": "kkpqfuj-amager.tripletex.dev/v2/travelExpense/perDiemCompensation/1596366"}}
  Iteration 10 took 4.4s

──────────────────────────────────────────────────
  ITERATION 11/25
──────────────────────────────────────────────────
  Tokens: prompt=23869 completion=9 total_session=237085
  Messages: 23 (83,513 chars)
  Tool calls (1):
    [1] done()

  ⏳ Verifying task completion (265s remaining)...
  📋 Verification prompt (4887 chars):
    │ TASK: Erfassen Sie eine Reisekostenabrechnung für Johanna Hoffmann (johanna.hoffmann@example.org) für "Kundenbesuch Tromsø". Die Reise dauerte 3 Tage mit Tagegeld (Tagessatz 800 NOK). Auslagen: Flugticket 5250 NOK und Taxi 250 NOK.
    │ 
    │ TASK TYPE: Travel expense.Check these SPECIFIC things:
    │ - Employee created/found with correct name?
    │ - Travel expense created with correct destination and travel dates?
    │ - Cost lines added for each expense (plane, taxi, hotel, etc.) with correct amounts?
    │ - Per diem compensation added if task mentions daily allowance/diett/dietas?
    │   Per diem rateCategory MUST match the travel year (2026 date range, NOT old 2008 category)!
    │ - Payment type set (typically 'Privat utlegg')?
    │ - Travel expense amount > 0 after adding costs?
    │ - Do NOT require 'completing' or 'delivering' the travel expense — just creating it with costs is enough.
    │ 
    │ ACTION LOG (chronological):
    │ CALL: tripletex_api({"method":"POST","path":"/employee","body":{"firstName":"Johanna","lastName":"Hoffmann","email":"johanna.hoffmann@example.org"}})
    │ status=400
    │ CALL: tripletex_api({"method":"GET","path":"/employee","params":{"fields":"*"}})
    │ status=ok
    │ CALL: tripletex_api({"method":"PUT","path":"/employee/18723902","body":{"id":18723902,"version":2,"firstName":"Johanna","lastName":"Hoffmann","dateOfBirth":"1990-01-01"}})
    │ status=ok id=18723902
    │ CALL: tripletex_api({"method":"POST","path":"/travelExpense","body":{"employee":{"id":18723902},"title":"Kundenbesuch Tromsø","date":"2026-03-22","travelDetails":{"departureDate":"2026-03-19","returnDate":"2026-03-22","destination":"Tromsø","purpose":"Kundenbesuch","isDayTrip":false}}})
    │ status=ok id=11151590 amount=0
    │ CALL: tripletex_api({"method":"GET","path":"/travelExpense/costCategory"})
    │ status=ok
    │ CALL: tripletex_api({"method":"GET","path":"/travelExpense/paymentType"})
    │ status=ok
    │ CALL: tripletex_api({"method":"POST","path":"/travelExpense/cost","body":{"travelExpense":{"id":11151590},"costCategory":{"id":38440054},"paymentType":{"id":38440038},"amountCurrencyIncVat":5250}})
    │ status=ok
    │ CALL: tripletex_api({"method":"POST","path":"/travelExpense/cost","body":{"travelExpense":{"id":11151590},"costCategory":{"id":38440069},"paymentType":{"id":38440038},"amountCurrencyIncVat":250}})
    │ status=ok
    │ CALL: tripletex_api({"method":"GET","path":"/travelExpense/rateCategory"})
    │ status=ok
    │ CALL: tripletex_api({"method":"POST","path":"/travelExpense/perDiemCompensation","body":{"travelExpense":{"id":11151590},"rateCategory":{"id":740},"location":"Tromsø","overnightAccommodation":"HOTEL","count":3}})
    │ status=ok
    │ CALL: done({})
    │ 
    │ You are an accounting verification agent. Based ONLY on the action log above, check:
    │ 1. MATH: All amounts, percentages, VAT calculations correct? (e.g. if task says 50% of 274950, invoice total incl VAT must be 137475)
    │ 2. COMPLETENESS: Were all steps in the task done? Look at the CALL entries — if the action log shows the step was performed with status=ok, it WAS done. Do NOT say a step is missing if you can see it in the log!
    │ IMPORTANT: 'Fakturer'/'Invoice' just means create an invoice — do NOT require sending unless the task explicitly says send/sende/enviar/envoyer/senden!
    │ 3. DATA: Names, org numbers, dates match the task?
    │ 4. AMOUNTS: If any created entity shows amount=0 or totalAmount=0 in the response, that is WRONG — the postings failed silently. For supplier invoices: amount=0 with amountExcludingVat=0 means postings were MISSING or malformed.
    │ 5. BUDGET vs INVOICE: NEVER flag a mismatch between project budget and invoice total. For fixed-price projects the invoice excl. VAT matches the fixedprice — this is CORRECT. For other projects, invoice is based on actual work/costs. Either way, do NOT fail on budget vs invoice differences.
    │ 6. PAYMENT AMOUNTS: Invoice payments and reversals use the FULL amount INCLUDING VAT, not excl. VAT. If the task says 'X NOK excl. VAT', the correct payment/reversal amount is X × 1.25 (Norwegian 25% VAT). Do NOT flag a mismatch between excl. VAT amounts in the task and incl. VAT payment amounts.
    │ 7. VAT BREAKDOWN: If the total invoice amount matches the expected sum, do NOT fail on 'VAT breakdown not reflected' or similar vague VAT concerns. Only fail if a specific line item has the WRONG VAT rate applied.
    │ 
    │ CRITICAL: Be CONSERVATIVE. When in doubt, say PASS.
    │ Only say FAIL for CLEAR, OBJECTIVE, SPECIFIC errors (wrong math, completely missing step, wrong name).
    │ Do NOT say FAIL for: vague concerns, 'might be wrong', uncertain issues, minor stylistic differences, or steps you cannot confirm from the log (absence of evidence is NOT evidence of absence).
    │ A false FAIL causes MORE damage than a missed error. When uncertain, ALWAYS say PASS.
    │ If the action log shows all main steps completed with status=ok, say PASS.
    │ 
    │ Reply ONLY with either:
    │ - 'PASS' if everything looks correct or you are unsure
    │ - 'FAIL: <specific issue>' ONLY if there is an obvious, objective error
  🔍 Verification (1266 tokens): PASS

  ✓ DONE — 11 iterations, 237085 tokens, 25.4s

======================================================================
  TASK COMPLETE — total 25.9s
======================================================================

