
======================================================================
  NEW TASK RECEIVED
  Version: unknown
======================================================================
  Prompt: Gjennomfør heile prosjektsyklusen for 'Dataplattform Fossekraft' (Fossekraft AS, org.nr 992409274): 1) Prosjektet har budsjett 322600 kr. 2) Registrer timar: Geir Berge (prosjektleiar, geir.berge@example.org) 22 timar og Randi Vik (konsulent, randi.vik@example.org) 61 timar. 3) Registrer leverandørkostnad 84650 kr frå Sjøbris AS (org.nr 937539266). 4) Opprett kundefaktura for prosjektet.
  Files:  0
  URL:    https://tx-proxy-jwanbnu3pq-lz.a.run.app/v2
──────────────────────────────────────────────────────────────────────
  [pre] Invoice/credit/payment task detected — ensuring bank account...
    ┌─ API GET /invoice/settings
    └─ 200 OK (0.3s) id=951481
    ┌─ API GET /ledger/account
    │  params: {"isBankAccount": "true", "count": 10}
    └─ 200 OK (0.4s) [2 items]
  [bank] found account 1920 id=467424847 v=0
    ┌─ API PUT /ledger/account/467424847
    │  body:   {"id": 467424847, "version": 0, "number": 1920, "name": "Bankinnskudd", "bankAccountNumber": "15030100112"}
    └─ 200 OK (0.3s) id=467424847 name=Bankinnskudd
  [bank] bank account set OK
  [pre] Bank account setup: OK

──────────────────────────────────────────────────
  ITERATION 1/25
──────────────────────────────────────────────────
  Tokens: prompt=14701 completion=142 total_session=14843
  GPT says: To complete the full project cycle, we'll follow these steps:

1. **Create the customer** (Fossekraft AS).
2. **Create the supplier** (Sjøbris AS).
3. **Create or update the employees** (Geir Berge and Randi Vik).
4. **Create the project** with the budget.
5. **Register timesheet entries** for Geir Berge and Randi Vik.
6. **Register the supplier cost**.
7. **Create and send the customer invoice**.

Let's start with step 1: creating the customer Fossekraft AS.
  Messages: 3 (55,334 chars)
  Tool calls (1):
    [1] tripletex_api({"method":"POST","path":"/customer"})
    │  [fix] blocked POST without body: /customer
  Iteration 1 took 2.1s

──────────────────────────────────────────────────
  ITERATION 2/25
──────────────────────────────────────────────────
  Tokens: prompt=14912 completion=43 total_session=29798
  Messages: 5 (55,544 chars)
  Tool calls (1):
    [1] tripletex_api({"method":"POST","path":"/customer","body":{"name":"Fossekraft AS","isCustomer":true,"organizationNumber":"992409274"}})
    ┌─ API POST /customer
    │  body:   {"name": "Fossekraft AS", "isCustomer": true, "organizationNumber": "992409274"}
    └─ 201 OK (0.3s) id=108392989 name=Fossekraft AS
    │  response: {"value": {"id": 108392989, "version": 1, "url": "kkpqfuj-amager.tripletex.dev/v2/customer/108392989", "name": "Fossekraft AS", "organizationNumber": "992409274", "globalLocationNumber": 0, "supplierNumber": 0, "customerNumber": 10002, "isSupplier": false, "isCustomer": true, "isInactive": false, "accountManager": null, "department": null, "email": "", "invoiceEmail": "", "overdueNoticeEmail": "", "phoneNumber": "", "phoneNumberMobile": "", "description": "", "language": "NO", "displayName": "Fossekraft AS (10002)", "isPrivateIndividual": false, "singleCustomerInvoice": false, "invoiceSendMethod": "EMAIL", "emailAttachmentType": "ATTACHMENT", "postalAddress": {"id": 405635109, "url": "kkpqfuj-amager.tripletex.dev/v2/address/405635109"}, "physicalAddress": {"id": 405635108, "url": "kkpqfuj-amager.tripletex.dev/v2/address/405635108"}, "deliveryAddress": null, "category1": null, "category2": null, "category3": null, "invoicesDueIn": 14, "invoicesDueInType": "DAYS", "currency": {"id": 1, "url": "kkpqfuj-amager.tripletex.dev/v2/currency/1"}, "bankAccountPresentation": [], "ledgerAccount": {"id": 467424791, "url": "kkpqfuj-amager.tripletex.dev/v2/ledger/account/467424791"}, "isFactoring": false, "invoiceSendSMSNotification": false, "invoiceSMSNotificationNumber": "", "isAutomaticSoftReminderEnabled": false, "isAutomaticReminderEnabled": false, "isAutomaticNoticeOfDebtCollectionEnabled": false, "discountPercentage": 0, "website": ""}}
  Iteration 2 took 1.3s

──────────────────────────────────────────────────
  ITERATION 3/25
──────────────────────────────────────────────────
  Tokens: prompt=15404 completion=96 total_session=45298
  GPT says: Customer Fossekraft AS has been created successfully. Now, let's proceed to step 2: creating the supplier Sjøbris AS.
  Messages: 7 (57,112 chars)
  Tool calls (1):
    [1] tripletex_api({"method":"POST","path":"/supplier","body":{"name":"Sjøbris AS","organizationNumber":"937539266","email":"info@sjøbris.no","invoiceEmail":"info@sjøbris.no","overdueNoticeEmail":"info@sjøbris.no"}})
    ┌─ API POST /supplier
    │  body:   {"name": "Sjøbris AS", "organizationNumber": "937539266", "email": "info@sjøbris.no", "invoiceEmail": "info@sjøbris.no", "overdueNoticeEmail": "info@sjøbris.no", "isSupplier": true}
    └─ 201 OK (0.4s) id=108392990 name=Sjøbris AS
    │  response: {"value": {"id": 108392990, "version": 1, "url": "kkpqfuj-amager.tripletex.dev/v2/supplier/108392990", "name": "Sjøbris AS", "organizationNumber": "937539266", "supplierNumber": 20002, "customerNumber": 0, "isSupplier": true, "isCustomer": false, "isInactive": false, "email": "info@sjøbris.no", "invoiceEmail": "info@sjøbris.no", "overdueNoticeEmail": "info@sjøbris.no", "phoneNumber": "", "phoneNumberMobile": "", "description": "", "isPrivateIndividual": false, "showProducts": false, "accountManager": null, "postalAddress": {"id": 405635111, "url": "kkpqfuj-amager.tripletex.dev/v2/address/405635111"}, "physicalAddress": {"id": 405635110, "url": "kkpqfuj-amager.tripletex.dev/v2/address/405635110"}, "deliveryAddress": null, "category1": null, "category2": null, "category3": null, "bankAccountPresentation": [], "currency": {"id": 1, "url": "kkpqfuj-amager.tripletex.dev/v2/currency/1"}, "ledgerAccount": {"id": 467424906, "url": "kkpqfuj-amager.tripletex.dev/v2/ledger/account/467424906"}, "language": "NO", "isWholesaler": false, "displayName": "Sjøbris AS (20002)", "locale": "no_NO", "website": ""}}
  Iteration 3 took 2.3s

──────────────────────────────────────────────────
  ITERATION 4/25
──────────────────────────────────────────────────
  Tokens: prompt=15872 completion=44 total_session=61214
  Messages: 9 (58,222 chars)
  Tool calls (1):
    [1] tripletex_api({"method":"POST","path":"/employee","body":{"firstName":"Geir","lastName":"Berge","email":"geir.berge@example.org"}})
    ┌─ API POST /employee
    │  body:   {"firstName": "Geir", "lastName": "Berge", "email": "geir.berge@example.org"}
    └─ 422 ERR (0.2s) {"status": 422, "code": 18000, "message": "Validering feilet.", "link": "https://tripletex.no/v2-docs/", "developerMessage": "VALIDATION_ERROR", "validationMessages": [{"field": null, "message": "Brukertype kan ikke være \"0\" eller tom.", "path": null, "rootId": null}], "requestId": "43785fda-7b72-425b-8451-f81568557818", "_status_code": 422}
    │  [track] employee rename pending: Geir Berge
    │  response: {"status": 422, "code": 18000, "message": "Validering feilet.", "link": "https://tripletex.no/v2-docs/", "developerMessage": "VALIDATION_ERROR", "validationMessages": [{"field": null, "message": "Brukertype kan ikke være \"0\" eller tom.", "path": null, "rootId": null}], "requestId": "43785fda-7b72-425b-8451-f81568557818", "_status_code": 422}
  Iteration 4 took 1.0s

──────────────────────────────────────────────────
  ITERATION 5/25
──────────────────────────────────────────────────
  Tokens: prompt=16041 completion=24 total_session=77279
  Messages: 11 (58,567 chars)
  Tool calls (1):
    [1] tripletex_api({"method":"GET","path":"/employee?fields=*"})
    │  [fix] extracted query params from path: {'fields': '*'}
    ┌─ API GET /employee
    │  params: {"fields": "*"}
    └─ 200 OK (0.3s) [3 items]
    │  response: {"fullResultSize": 3, "from": 0, "count": 3, "versionDigest": "Checksum not yet supported for this endpoint", "values": [{"id": 18646361, "version": 1, "url": "kkpqfuj-amager.tripletex.dev/v2/employee/18646361", "firstName": "Admin", "lastName": "NM", "displayName": "Admin NM", "employeeNumber": "", "dateOfBirth": null, "email": "nmiai-validator@test.no", "phoneNumberMobileCountry": {"id": 161, "url": "kkpqfuj-amager.tripletex.dev/v2/country/161"}, "phoneNumberMobile": "", "phoneNumberHome": "", "phoneNumberWork": "", "nationalIdentityNumber": "", "dnumber": "", "internationalId": {"intAmeldingType": null, "country": null, "number": ""}, "bankAccountNumber": "", "iban": "", "bic": "", "creditorBankCountryId": 0, "usesAbroadPayment": false, "userType": null, "allowInformationRegistration": true, "isContact": false, "isProxy": false, "comments": "", "address": null, "department": {"id": 946216, "url": "kkpqfuj-amager.tripletex.dev/v2/department/946216"}, "employments": [{"id": 2826003, "url": "kkpqfuj-amager.tripletex.dev/v2/employee/employment/2826003"}], "holidayAllowanceEarned": {"year": 0, "amount": 0.0, "basis": 0.0, "amountExtraHolidayWeek": 0.0}, "employeeCategory": null, "isAuthProjectOverviewURL": true, "pictureId": 0, "companyId": 108392963, "vismaConnect2FAactive": false}, {"id": 18646365, "version": 2, "url": "kkpqfuj-amager.tripletex.dev/v2/employee/18646365", "firstName": "Geir", "lastName": "Berge", "displayName": "Geir Berge", "employeeNumber": "", "dateOfBirth"…
  Iteration 5 took 1.4s

──────────────────────────────────────────────────
  ITERATION 6/25
──────────────────────────────────────────────────
  Tokens: prompt=17200 completion=60 total_session=94539
  Messages: 13 (62,067 chars)
  Tool calls (1):
    [1] tripletex_api({"method":"PUT","path":"/employee/18646365","body":{"id":18646365,"version":2,"firstName":"Geir","lastName":"Berge","dateOfBirth":"1990-01-01"}})
    ┌─ API PUT /employee/18646365
    │  body:   {"id": 18646365, "version": 2, "firstName": "Geir", "lastName": "Berge", "dateOfBirth": "1990-01-01"}
    └─ 200 OK (0.3s) id=18646365 name=Geir
    │  [track] employee renamed successfully via PUT
    │  response: {"value": {"id": 18646365, "version": 3, "url": "kkpqfuj-amager.tripletex.dev/v2/employee/18646365", "firstName": "Geir", "lastName": "Berge", "displayName": "Geir Berge", "employeeNumber": "", "dateOfBirth": "1990-01-01", "email": "geir.berge@example.org", "phoneNumberMobileCountry": {"id": 161, "url": "kkpqfuj-amager.tripletex.dev/v2/country/161"}, "phoneNumberMobile": "", "phoneNumberHome": "", "phoneNumberWork": "", "nationalIdentityNumber": "", "dnumber": "", "internationalId": {"intAmeldingType": null, "country": null, "number": ""}, "bankAccountNumber": "", "iban": "", "bic": "", "creditorBankCountryId": 0, "usesAbroadPayment": false, "userType": null, "allowInformationRegistration": true, "isContact": false, "isProxy": false, "comments": "", "address": null, "department": {"id": 946216, "url": "kkpqfuj-amager.tripletex.dev/v2/department/946216"}, "employments": [], "holidayAllowanceEarned": {"year": 0, "amount": 0.0, "basis": 0.0, "amountExtraHolidayWeek": 0.0}, "employeeCategory": null, "isAuthProjectOverviewURL": true, "pictureId": 0, "companyId": 108392963, "vismaConnect2FAactive": false}}
  Iteration 6 took 1.5s

──────────────────────────────────────────────────
  ITERATION 7/25
──────────────────────────────────────────────────
  Tokens: prompt=17632 completion=60 total_session=112231
  Messages: 15 (63,184 chars)
  Tool calls (1):
    [1] tripletex_api({"method":"PUT","path":"/employee/18646367","body":{"id":18646367,"version":2,"firstName":"Randi","lastName":"Vik","dateOfBirth":"1990-01-01"}})
    ┌─ API PUT /employee/18646367
    │  body:   {"id": 18646367, "version": 2, "firstName": "Randi", "lastName": "Vik", "dateOfBirth": "1990-01-01"}
    └─ 200 OK (0.3s) id=18646367 name=Randi
    │  [track] employee renamed successfully via PUT
    │  response: {"value": {"id": 18646367, "version": 3, "url": "kkpqfuj-amager.tripletex.dev/v2/employee/18646367", "firstName": "Randi", "lastName": "Vik", "displayName": "Randi Vik", "employeeNumber": "", "dateOfBirth": "1990-01-01", "email": "randi.vik@example.org", "phoneNumberMobileCountry": {"id": 161, "url": "kkpqfuj-amager.tripletex.dev/v2/country/161"}, "phoneNumberMobile": "", "phoneNumberHome": "", "phoneNumberWork": "", "nationalIdentityNumber": "", "dnumber": "", "internationalId": {"intAmeldingType": null, "country": null, "number": ""}, "bankAccountNumber": "", "iban": "", "bic": "", "creditorBankCountryId": 0, "usesAbroadPayment": false, "userType": null, "allowInformationRegistration": true, "isContact": false, "isProxy": false, "comments": "", "address": null, "department": {"id": 946216, "url": "kkpqfuj-amager.tripletex.dev/v2/department/946216"}, "employments": [], "holidayAllowanceEarned": {"year": 0, "amount": 0.0, "basis": 0.0, "amountExtraHolidayWeek": 0.0}, "employeeCategory": null, "isAuthProjectOverviewURL": true, "pictureId": 0, "companyId": 108392963, "vismaConnect2FAactive": false}}
  Iteration 7 took 1.7s

──────────────────────────────────────────────────
  ITERATION 8/25
──────────────────────────────────────────────────
  Tokens: prompt=18064 completion=79 total_session=130374
  Messages: 17 (64,298 chars)
  Tool calls (1):
    [1] tripletex_api({"method":"POST","path":"/project","body":{"name":"Dataplattform Fossekraft","number":"PRJ-4821","projectManager":{"id":18646365},"startDate":"2026-03-21","customer":{"id":108392989},"isFixedPrice":true,"fixedprice":322600}})
    ┌─ API POST /project
    │  body:   {"name": "Dataplattform Fossekraft", "number": "PRJ-4821", "projectManager": {"id": 18646365}, "startDate": "2026-03-21", "customer": {"id": 108392989}, "isFixedPrice": true, "fixedprice": 322600}
    └─ 201 OK (0.6s) id=402026757 name=Dataplattform Fossekraft
    │  [track] fixedprice project: 322600.0
    ┌─ API GET /project/402026757
    │  params: {"fields": "*,project(*)"}
    └─ 400 ERR (0.4s) {"status": 400, "code": 11000, "message": "Illegal field in fields filter: project. project does not match a field in the model: ProjectDTO", "link": "https://tripletex.no/v2-docs/", "developerMessage": null, "validationMessages": null, "requestId": "ba226ff5-d1c0-4e1d-b60a-b26c066ad022", "_status_code": 400}
    │  [diag] GET /project/402026757: fixedprice=None, isFixedPrice=None
    │  [diag] WARNING: fixedprice not visible after creation!
    ┌─ API PUT /project/402026757
    │  body:   {"id": 402026757, "version": 0, "fixedprice": 322600, "isFixedPrice": true}
    └─ 200 OK (0.4s) id=402026757 name=Dataplattform Fossekraft
    │  [diag] PUT fixedprice re-set: 200
    │  response: {"value": {"id": 402026757, "version": 0, "url": "kkpqfuj-amager.tripletex.dev/v2/project/402026757", "name": "Dataplattform Fossekraft", "number": "PRJ-4821", "displayName": "PRJ-4821 Dataplattform Fossekraft", "description": "", "projectManager": {"id": 18646365, "url": "kkpqfuj-amager.tripletex.dev/v2/employee/18646365"}, "department": null, "mainProject": null, "startDate": "2026-03-21", "endDate": null, "customer": {"id": 108392989, "url": "kkpqfuj-amager.tripletex.dev/v2/customer/108392989"}, "isClosed": false, "isReadyForInvoicing": false, "isInternal": false, "isOffer": false, "isFixedPrice": true, "projectCategory": null, "deliveryAddress": null, "boligmappaAddress": null, "displayNameFormat": "NAME_STANDARD", "reference": "", "externalAccountsNumber": "", "discountPercentage": 0, "vatType": {"id": 3, "url": "kkpqfuj-amager.tripletex.dev/v2/ledger/vatType/3"}, "fixedprice": 322600, "contributionMarginPercent": 0, "numberOfSubProjects": 0, "numberOfProjectParticipants": 1, "orderLines": [], "currency": {"id": 1, "url": "kkpqfuj-amager.tripletex.dev/v2/currency/1"}, "markUpOrderLines": 0, "markUpFeesEarned": 0, "isPriceCeiling": false, "priceCeilingAmount": 0, "projectHourlyRates": [{"id": 11087197, "url": "kkpqfuj-amager.tripletex.dev/v2/project/hourlyRates/11087197"}], "forParticipantsOnly": false, "participants": [{"id": 15641911, "url": "kkpqfuj-amager.tripletex.dev/v2/project/participant/15641911"}], "contact": null, "attention": null, "invoiceComment": "", "invoi…
  Iteration 8 took 2.5s

──────────────────────────────────────────────────
  ITERATION 9/25
──────────────────────────────────────────────────
  Tokens: prompt=18828 completion=21 total_session=149223
  Messages: 19 (66,448 chars)
  Tool calls (1):
    [1] tripletex_api({"method":"GET","path":"/activity"})
    ┌─ API GET /activity
    └─ 200 OK (0.3s) [5 items]
    │  response: {"fullResultSize": 5, "from": 0, "count": 5, "versionDigest": "'If-None-Match' header not specified", "values": [{"id": 5922323, "version": 0, "url": "kkpqfuj-amager.tripletex.dev/v2/activity/5922323", "name": "Administrasjon", "number": "", "description": "", "activityType": "GENERAL_ACTIVITY", "isProjectActivity": false, "isGeneral": true, "isTask": false, "isDisabled": false, "isChargeable": false, "rate": 0.0, "costPercentage": 0.0, "displayName": "Administrasjon", "deletable": true}, {"id": 5922324, "version": 0, "url": "kkpqfuj-amager.tripletex.dev/v2/activity/5922324", "name": "Ferie", "number": "", "description": "", "activityType": "GENERAL_ACTIVITY", "isProjectActivity": false, "isGeneral": true, "isTask": false, "isDisabled": false, "isChargeable": false, "rate": 0.0, "costPercentage": 0.0, "displayName": "Ferie", "deletable": false}, {"id": 5922325, "version": 0, "url": "kkpqfuj-amager.tripletex.dev/v2/activity/5922325", "name": "Prosjektadministrasjon", "number": "", "description": "", "activityType": "PROJECT_GENERAL_ACTIVITY", "isProjectActivity": true, "isGeneral": true, "isTask": false, "isDisabled": false, "isChargeable": false, "rate": 0.0, "costPercentage": 0.0, "displayName": "Prosjektadministrasjon", "deletable": true}, {"id": 5922326, "version": 0, "url": "kkpqfuj-amager.tripletex.dev/v2/activity/5922326", "name": "Fakturerbart arbeid", "number": "", "description": "", "activityType": "PROJECT_GENERAL_ACTIVITY", "isProjectActivity": true, "isGeneral": t…
  Iteration 9 took 1.2s

──────────────────────────────────────────────────
  ITERATION 10/25
──────────────────────────────────────────────────
  Tokens: prompt=19524 completion=74 total_session=168821
  Messages: 21 (68,481 chars)
  Tool calls (1):
    [1] tripletex_api({"method":"POST","path":"/timesheet/entry","body":{"employee":{"id":18646365},"project":{"id":402026757},"activity":{"id":5922326},"date":"2026-03-21","hours":22,"comment":"Work on Dataplatform Fossekraft"}})
    ┌─ API POST /timesheet/entry
    │  body:   {"employee": {"id": 18646365}, "project": {"id": 402026757}, "activity": {"id": 5922326}, "date": "2026-03-21", "hours": 22, "comment": "Work on Dataplatform Fossekraft"}
    └─ 201 OK (0.3s) id=175909906
    │  response: {"value": {"id": 175909906, "version": 0, "url": "kkpqfuj-amager.tripletex.dev/v2/timesheet/entry/175909906", "project": {"id": 402026757, "url": "kkpqfuj-amager.tripletex.dev/v2/project/402026757"}, "activity": {"id": 5922326, "url": "kkpqfuj-amager.tripletex.dev/v2/activity/5922326"}, "date": "2026-03-21", "hours": 22.0, "chargeableHours": 22.0, "employee": {"id": 18646365, "url": "kkpqfuj-amager.tripletex.dev/v2/employee/18646365"}, "timeClocks": [], "comment": "Work on Dataplatform Fossekraft", "locked": false, "chargeable": true, "invoice": null, "hourlyRate": 0.0, "hourlyCost": 0.0, "hourlyCostPercentage": 0, "projectChargeableHours": 22.0}}
  Iteration 10 took 1.6s

──────────────────────────────────────────────────
  ITERATION 11/25
──────────────────────────────────────────────────
  Tokens: prompt=19855 completion=75 total_session=188751
  Messages: 23 (69,136 chars)
  Tool calls (1):
    [1] tripletex_api({"method":"POST","path":"/timesheet/entry","body":{"employee":{"id":18646367},"project":{"id":402026757},"activity":{"id":5922326},"date":"2026-03-21","hours":61,"comment":"Consulting on Dataplatform Fossekraft"}})
    ┌─ API POST /timesheet/entry
    │  body:   {"employee": {"id": 18646367}, "project": {"id": 402026757}, "activity": {"id": 5922326}, "date": "2026-03-21", "hours": 61, "comment": "Consulting on Dataplatform Fossekraft"}
    └─ 201 OK (0.4s) id=175909907
    │  response: {"value": {"id": 175909907, "version": 0, "url": "kkpqfuj-amager.tripletex.dev/v2/timesheet/entry/175909907", "project": {"id": 402026757, "url": "kkpqfuj-amager.tripletex.dev/v2/project/402026757"}, "activity": {"id": 5922326, "url": "kkpqfuj-amager.tripletex.dev/v2/activity/5922326"}, "date": "2026-03-21", "hours": 61.0, "chargeableHours": 61.0, "employee": {"id": 18646367, "url": "kkpqfuj-amager.tripletex.dev/v2/employee/18646367"}, "timeClocks": [], "comment": "Consulting on Dataplatform Fossekraft", "locked": false, "chargeable": true, "invoice": null, "hourlyRate": 0.0, "hourlyCost": 0.0, "hourlyCostPercentage": 0, "projectChargeableHours": 61.0}}
  Iteration 11 took 1.7s

──────────────────────────────────────────────────
  ITERATION 12/25
──────────────────────────────────────────────────
  Tokens: prompt=20188 completion=24 total_session=208963
  Messages: 25 (69,797 chars)
  Tool calls (1):
    [1] tripletex_api({"method":"GET","path":"/ledger/vatType"})
    ┌─ API GET /ledger/vatType
    └─ 200 OK (0.4s) [56 items]
    │  response: {"fullResultSize": 56, "from": 0, "count": 56, "versionDigest": "'If-None-Match' header not specified", "values": [{"id": 1, "version": 0, "url": "kkpqfuj-amager.tripletex.dev/v2/ledger/vatType/1", "name": "Fradrag inngående avgift, høy sats", "number": "1", "displayName": "1: (25%) Fradrag inngående avgift, høy sats", "percentage": 25, "deductionPercentage": 100.0, "parentType": {"id": 0, "url": "kkpqfuj-amager.tripletex.dev/v2/ledger/vatType/0"}}, {"id": 2, "version": 0, "url": "kkpqfuj-amager.tripletex.dev/v2/ledger/vatType/2", "name": "Direktepostert fradrag inngående avgift, høy sats (mva-kode utgikk 01.01.2017)", "number": "UT-2", "displayName": "UT-2: (100%) Direktepostert fradrag inngående avgift, høy sats (mva-kode utgikk 01.01.2017)", "percentage": 100.0, "deductionPercentage": 100.0, "parentType": {"id": 0, "url": "kkpqfuj-amager.tripletex.dev/v2/ledger/vatType/0"}}, {"id": 3, "version": 0, "url": "kkpqfuj-amager.tripletex.dev/v2/ledger/vatType/3", "name": "Utgående avgift, høy sats", "number": "3", "displayName": "3: (25%) Utgående avgift, høy sats", "percentage": 25, "deductionPercentage": 100.0, "parentType": {"id": 0, "url": "kkpqfuj-amager.tripletex.dev/v2/ledger/vatType/0"}}, {"id": 4, "version": 0, "url": "kkpqfuj-amager.tripletex.dev/v2/ledger/vatType/4", "name": "Direktepostert utgående avgift, høy sats", "number": "4", "displayName": "4: (100%) Direktepostert utgående avgift, høy sats", "percentage": 100.0, "deductionPercentage": 100.0, "parentType": {"id…
  Iteration 12 took 1.6s

──────────────────────────────────────────────────
  ITERATION 13/25
──────────────────────────────────────────────────
  Tokens: prompt=23219 completion=29 total_session=232211
  Messages: 27 (77,811 chars)
  Tool calls (1):
    [1] tripletex_api({"method":"GET","path":"/ledger/account","params":{"number":"6590"}})
    ┌─ API GET /ledger/account
    │  params: {"number": "6590"}
    └─ 200 OK (0.5s) [1 items]
    │  response: {"fullResultSize": 1, "from": 0, "count": 1, "versionDigest": "'If-None-Match' header not specified", "values": [{"id": 467425123, "version": 0, "url": "kkpqfuj-amager.tripletex.dev/v2/ledger/account/467425123", "number": 6590, "numberPretty": "6590", "name": "Annet driftsmateriale", "description": "", "type": "OPERATING_EXPENSES", "legalVatTypes": [{"id": 0, "url": "kkpqfuj-amager.tripletex.dev/v2/ledger/vatType/0"}, {"id": 1, "url": "kkpqfuj-amager.tripletex.dev/v2/ledger/vatType/1"}, {"id": 11, "url": "kkpqfuj-amager.tripletex.dev/v2/ledger/vatType/11"}, {"id": 12, "url": "kkpqfuj-amager.tripletex.dev/v2/ledger/vatType/12"}, {"id": 230, "url": "kkpqfuj-amager.tripletex.dev/v2/ledger/vatType/230"}, {"id": 13, "url": "kkpqfuj-amager.tripletex.dev/v2/ledger/vatType/13"}, {"id": 14, "url": "kkpqfuj-amager.tripletex.dev/v2/ledger/vatType/14"}, {"id": 34, "url": "kkpqfuj-amager.tripletex.dev/v2/ledger/vatType/34"}, {"id": 35, "url": "kkpqfuj-amager.tripletex.dev/v2/ledger/vatType/35"}, {"id": 559, "url": "kkpqfuj-amager.tripletex.dev/v2/ledger/vatType/559"}, {"id": 550, "url": "kkpqfuj-amager.tripletex.dev/v2/ledger/vatType/550"}, {"id": 551, "url": "kkpqfuj-amager.tripletex.dev/v2/ledger/vatType/551"}, {"id": 553, "url": "kkpqfuj-amager.tripletex.dev/v2/ledger/vatType/553"}, {"id": 560, "url": "kkpqfuj-amager.tripletex.dev/v2/ledger/vatType/560"}], "ledgerType": "GENERAL", "balanceGroup": "Ikke i en saldogruppe.", "vatType": {"id": 1, "url": "kkpqfuj-amager.tripletex.dev/v2/led…
  Iteration 13 took 1.5s

──────────────────────────────────────────────────
  ITERATION 14/25
──────────────────────────────────────────────────
  Tokens: prompt=24020 completion=181 total_session=256412
  Messages: 29 (79,912 chars)
  Tool calls (1):
    [1] tripletex_api({"method":"POST","path":"/supplierInvoice","body":{"invoiceNumber":"INV2026-001","invoiceDate":"2026-03-21","invoiceDueDate":"2026-04-20","supplier":{"id":108392990},"voucher":{"date":"2026-03-21","description":"Supplier invoice INV2026-001 from Sjøbris AS","postings":[{"row":1,"date":"2026-03-21","amountGross":84650,"amountGrossCurrency":84650,"account":{"id":467425123},"vatType":{"id":1}},{"row":2,"date":"2026-03-21","amountGross":-84650,"amountGrossCurrency":-84650,"account":{"id":467424906},"supplier":{"id":108392990}}]}}})
    ┌─ API POST /supplierInvoice
    │  body:   {"invoiceNumber": "INV2026-001", "invoiceDate": "2026-03-21", "invoiceDueDate": "2026-04-20", "supplier": {"id": 108392990}, "voucher": {"date": "2026-03-21", "description": "Supplier invoice INV2026-001 from Sjøbris AS", "postings": [{"row": 1, "date": "2026-03-21", "amountGross": 84650, "amountGrossCurrency": 84650, "account": {"id": 467425123}, "vatType": {"id": 1}}, {"row": 2, "date": "2026-03-21", "amountGross": -84650, "amountGrossCurrency": -84650, "account": {"id": 467424906}, "supplier": {"id": 108392990}}]}}
    └─ 201 OK (0.6s) id=2147623313
    │  response: {"value": {"id": 2147623313, "version": 0, "url": "kkpqfuj-amager.tripletex.dev/v2/supplierInvoice/2147623313", "invoiceNumber": "INV2026-001", "invoiceDate": "2026-03-21", "supplier": {"id": 108392990, "url": "kkpqfuj-amager.tripletex.dev/v2/supplier/108392990"}, "invoiceDueDate": "2026-04-20", "kidOrReceiverReference": "", "voucher": {"id": 609085283, "url": "kkpqfuj-amager.tripletex.dev/v2/ledger/voucher/609085283"}, "amount": 0, "amountCurrency": 0, "amountExcludingVat": 0, "amountExcludingVatCurrency": 0, "currency": null, "isCreditNote": false, "orderLines": [], "payments": [], "originalInvoiceDocumentId": 0, "approvalListElements": [{"id": 647016629, "url": "kkpqfuj-amager.tripletex.dev/v2/voucherApprovalListElement/647016629"}, {"id": 647016628, "url": "kkpqfuj-amager.tripletex.dev/v2/voucherApprovalListElement/647016628"}], "outstandingAmount": 0.0}}
  Iteration 14 took 2.6s

──────────────────────────────────────────────────
  ITERATION 15/25
──────────────────────────────────────────────────
  Tokens: prompt=24513 completion=54 total_session=280979
  Messages: 31 (80,783 chars)
  Tool calls (1):
    [1] tripletex_api({"method":"POST","path":"/product","body":{"name":"Prosjektkostnader for Dataplattform Fossekraft","priceExcludingVatCurrency":322600,"vatType":{"id":3}}})
    │  [fix] milestone product price 322600 → 258080.0 (÷1.25 so total incl. 25% VAT = 322600)
    ┌─ API POST /product
    │  body:   {"name": "Prosjektkostnader for Dataplattform Fossekraft", "priceExcludingVatCurrency": 258080.0, "vatType": {"id": 3}}
    └─ 201 OK (1.1s) id=84418098 name=Prosjektkostnader for Dataplattform Fossekraft
    │  response: {"value": {"id": 84418098, "version": 0, "url": "kkpqfuj-amager.tripletex.dev/v2/product/84418098", "name": "Prosjektkostnader for Dataplattform Fossekraft", "number": "", "displayNumber": "", "description": "", "orderLineDescription": "", "costExcludingVatCurrency": 0, "costPrice": 0, "priceExcludingVatCurrency": 258080.0, "priceIncludingVatCurrency": 322600.0, "isInactive": false, "productUnit": null, "incomingStock": 0, "outgoingStock": 0, "vatType": {"id": 3, "url": "kkpqfuj-amager.tripletex.dev/v2/ledger/vatType/3"}, "currency": {"id": 1, "url": "kkpqfuj-amager.tripletex.dev/v2/currency/1"}, "department": null, "account": null, "supplier": null, "resaleProduct": null, "isDeletable": false, "hasSupplierProductConnected": false, "image": null, "displayName": "Prosjektkostnader for Dataplattform Fossekraft", "mainSupplierProduct": null, "isRoundPriceIncVat": false, "priceInTargetCurrency": 0, "purchasePriceCurrency": 0}}
  Iteration 15 took 2.3s

──────────────────────────────────────────────────
  ITERATION 16/25
──────────────────────────────────────────────────
  Tokens: prompt=24877 completion=60 total_session=305916
  Messages: 33 (81,719 chars)
  Tool calls (1):
    [1] tripletex_api({"method":"POST","path":"/order","body":{"customer":{"id":108392989},"orderDate":"2026-03-21","deliveryDate":"2026-03-21","project":{"id":402026757}}})
    ┌─ API POST /order
    │  body:   {"customer": {"id": 108392989}, "orderDate": "2026-03-21", "deliveryDate": "2026-03-21", "project": {"id": 402026757}}
    └─ 201 OK (0.4s) id=402026775
    │  response: {"value": {"id": 402026775, "version": 0, "url": "kkpqfuj-amager.tripletex.dev/v2/order/402026775", "customer": {"id": 108392989, "url": "kkpqfuj-amager.tripletex.dev/v2/customer/108392989"}, "contact": null, "attn": null, "displayName": "2 Ordre", "receiverEmail": "", "overdueNoticeEmail": "", "number": "2", "reference": "", "department": null, "orderDate": "2026-03-21", "project": {"id": 402026757, "url": "kkpqfuj-amager.tripletex.dev/v2/project/402026757"}, "invoiceComment": "", "currency": {"id": 1, "url": "kkpqfuj-amager.tripletex.dev/v2/currency/1"}, "invoicesDueIn": 14, "invoicesDueInType": "DAYS", "isShowOpenPostsOnInvoices": false, "isClosed": false, "deliveryDate": "2026-03-21", "deliveryAddress": null, "deliveryComment": "", "isPrioritizeAmountsIncludingVat": false, "orderLineSorting": "PRODUCT", "orderGroups": [], "orderLines": [], "isSubscription": false, "subscriptionDuration": 0, "subscriptionDurationType": "MONTHS", "subscriptionPeriodsOnInvoice": 0, "subscriptionPeriodsOnInvoiceType": "MONTHS", "subscriptionInvoicingTimeInAdvanceOrArrears": "ADVANCE", "subscriptionInvoicingTime": 0, "subscriptionInvoicingTimeType": "MONTHS", "isSubscriptionAutoInvoicing": false, "preliminaryInvoice": {"id": 2147623321, "url": "kkpqfuj-amager.tripletex.dev/v2/invoice/2147623321"}, "attachment": [], "sendMethodDescription": "Faktura må sendes manuelt.", "invoiceOnAccountVatHigh": false, "totalInvoicedOnAccountAmountAbsoluteCurrency": 0.0, "invoiceSendSMSNotification": false, "i…
  Iteration 16 took 1.5s

──────────────────────────────────────────────────
  ITERATION 17/25
──────────────────────────────────────────────────
  Tokens: prompt=25471 completion=45 total_session=331432
  Messages: 35 (83,425 chars)
  Tool calls (1):
    [1] tripletex_api({"method":"POST","path":"/order/orderline","body":{"order":{"id":402026775},"product":{"id":84418098},"count":1}})
    ┌─ API POST /order/orderline
    │  body:   {"order": {"id": 402026775}, "product": {"id": 84418098}, "count": 1}
    └─ 201 OK (0.9s) id=1607565216
    │  response: {"value": {"id": 1607565216, "version": 1, "url": "kkpqfuj-amager.tripletex.dev/v2/order/orderline/1607565216", "product": {"id": 84418098, "url": "kkpqfuj-amager.tripletex.dev/v2/product/84418098"}, "inventory": null, "description": "", "displayName": "Prosjektkostnader for Dataplattform Fossekraft", "count": 1.0, "unitCostCurrency": 0.0, "unitPriceExcludingVatCurrency": 258080.0, "currency": {"id": 1, "url": "kkpqfuj-amager.tripletex.dev/v2/currency/1"}, "markup": 0.0, "discount": 0.0, "vatType": {"id": 3, "url": "kkpqfuj-amager.tripletex.dev/v2/ledger/vatType/3"}, "amountExcludingVatCurrency": 258080.0, "amountIncludingVatCurrency": 322600.0, "vendor": null, "order": {"id": 402026775, "url": "kkpqfuj-amager.tripletex.dev/v2/order/402026775"}, "unitPriceIncludingVatCurrency": 322600.0, "isSubscription": false, "subscriptionPeriodStart": null, "subscriptionPeriodEnd": null, "orderGroup": null, "sortIndex": 0, "isPicked": false, "pickedDate": null, "orderedQuantity": 0, "isCharged": false}}
  Iteration 17 took 2.0s

──────────────────────────────────────────────────
  ITERATION 18/25
──────────────────────────────────────────────────
  Tokens: prompt=25875 completion=54 total_session=357361
  Messages: 37 (84,430 chars)
  Tool calls (1):
    [1] tripletex_api({"method":"POST","path":"/invoice","body":{"invoiceDate":"2026-03-21","invoiceDueDate":"2026-04-04","orders":[{"id":402026775}]}})
    ┌─ API POST /invoice
    │  body:   {"invoiceDate": "2026-03-21", "invoiceDueDate": "2026-04-04", "orders": [{"id": 402026775}]}
    └─ 201 OK (0.6s) id=2147623331
    │  response: {"value": {"id": 2147623331, "version": 3, "url": "kkpqfuj-amager.tripletex.dev/v2/invoice/2147623331", "invoiceNumber": 1, "invoiceDate": "2026-03-21", "customer": {"id": 108392989, "url": "kkpqfuj-amager.tripletex.dev/v2/customer/108392989"}, "creditedInvoice": 0, "isCredited": false, "invoiceDueDate": "2026-04-04", "kid": "", "invoiceComment": "", "comment": "", "orders": [{"id": 402026775, "url": "kkpqfuj-amager.tripletex.dev/v2/order/402026775"}], "orderLines": [{"id": 1607565216, "url": "kkpqfuj-amager.tripletex.dev/v2/order/orderline/1607565216"}], "travelReports": [], "projectInvoiceDetails": [{"id": 1965786275, "url": "kkpqfuj-amager.tripletex.dev/v2/invoice/details/1965786275"}], "voucher": {"id": 609085334, "url": "kkpqfuj-amager.tripletex.dev/v2/ledger/voucher/609085334"}, "deliveryDate": "2026-03-21", "amount": 322600.0, "amountCurrency": 322600.0, "amountExcludingVat": 258080.0, "amountExcludingVatCurrency": 258080.0, "amountRoundoff": 0, "amountRoundoffCurrency": 0, "amountOutstanding": 322600.0, "amountCurrencyOutstanding": 322600.0, "amountOutstandingTotal": 322600.0, "amountCurrencyOutstandingTotal": 322600.0, "sumRemits": 0, "currency": {"id": 1, "url": "kkpqfuj-amager.tripletex.dev/v2/currency/1"}, "isCreditNote": false, "isCharged": true, "isApproved": false, "postings": [{"id": 3845631021, "url": "kkpqfuj-amager.tripletex.dev/v2/ledger/posting/3845631021"}], "reminders": [], "invoiceRemarks": "", "invoiceRemark": null, "isPeriodizationPossible": true, "d…
  Iteration 18 took 1.7s

──────────────────────────────────────────────────
  ITERATION 19/25
──────────────────────────────────────────────────
  Tokens: prompt=26476 completion=9 total_session=383846
  Messages: 39 (85,954 chars)
  Tool calls (1):
    [1] done()

  ⏳ Verifying task completion (247s remaining)...
  📋 Verification prompt (6391 chars):
    │ TASK: Gjennomfør heile prosjektsyklusen for 'Dataplattform Fossekraft' (Fossekraft AS, org.nr 992409274): 1) Prosjektet har budsjett 322600 kr. 2) Registrer timar: Geir Berge (prosjektleiar, geir.berge@example.org) 22 timar og Randi Vik (konsulent, randi.vik@example.org) 61 timar. 3) Registrer leverandørkostnad 84650 kr frå Sjøbris AS (org.nr 937539266). 4) Opprett kundefaktura for prosjektet.
    │ 
    │ TASK TYPE: Full project cycle (create project, register hours/costs, invoice).
    │ Check these SPECIFIC things:
    │ - Customer and supplier created with correct names and org numbers?
    │ - Employees created/updated with correct names?
    │ - Project created with correct budget/fixedprice?
    │ - Timesheet hours registered for each employee as specified?
    │ - Supplier costs registered if mentioned in task?
    │ - Customer invoice created and linked to the project?
    │ - BUDGET: The budget/budsjett IS the project fixed price. The invoice excl. VAT should equal the fixedprice. Do NOT flag this as wrong.
    │ - Invoice NOT sent unless task explicitly says send/sende.
    │ - Supplier invoice amount=0 in response is NORMAL for Tripletex — do NOT flag it as an error.
    │ 
    │ ACTION LOG (chronological):
    │ CALL: tripletex_api({"method":"POST","path":"/customer"})
    │ status=400
    │ CALL: tripletex_api({"method":"POST","path":"/customer","body":{"name":"Fossekraft AS","isCustomer":true,"organizationNumber":"992409274"}})
    │ status=ok id=108392989 name=Fossekraft AS
    │ CALL: tripletex_api({"method":"POST","path":"/supplier","body":{"name":"Sjøbris AS","organizationNumber":"937539266","email":"info@sjøbris.no","invoiceEmail":"info@sjøbris.no","overdueNoticeEmail":"info@sjøbris.no"}})
    │ status=ok id=108392990 name=Sjøbris AS
    │ CALL: tripletex_api({"method":"POST","path":"/employee","body":{"firstName":"Geir","lastName":"Berge","email":"geir.berge@example.org"}})
    │ status=422
    │ CALL: tripletex_api({"method":"GET","path":"/employee?fields=*"})
    │ status=ok
    │ CALL: tripletex_api({"method":"PUT","path":"/employee/18646365","body":{"id":18646365,"version":2,"firstName":"Geir","lastName":"Berge","dateOfBirth":"1990-01-01"}})
    │ status=ok id=18646365
    │ CALL: tripletex_api({"method":"PUT","path":"/employee/18646367","body":{"id":18646367,"version":2,"firstName":"Randi","lastName":"Vik","dateOfBirth":"1990-01-01"}})
    │ status=ok id=18646367
    │ CALL: tripletex_api({"method":"POST","path":"/project","body":{"name":"Dataplattform Fossekraft","number":"PRJ-4821","projectManager":{"id":18646365},"startDate":"2026-03-21","customer":{"id":108392989},"isFixedPrice":true,"fixedprice":322600}})
    │ status=ok id=402026757 name=Dataplattform Fossekraft fixedprice=322600 isFixedPrice=True
    │ CALL: tripletex_api({"method":"GET","path":"/activity"})
    │ status=ok
    │ CALL: tripletex_api({"method":"POST","path":"/timesheet/entry","body":{"employee":{"id":18646365},"project":{"id":402026757},"activity":{"id":5922326},"date":"2026-03-21","hours":22,"comment":"Work on Dataplatform Fossekraft"}})
    │ status=ok id=175909906
    │ CALL: tripletex_api({"method":"POST","path":"/timesheet/entry","body":{"employee":{"id":18646367},"project":{"id":402026757},"activity":{"id":5922326},"date":"2026-03-21","hours":61,"comment":"Consulting on Dataplatform Fossekraft"}})
    │ status=ok id=175909907
    │ CALL: tripletex_api({"method":"GET","path":"/ledger/vatType"})
    │ CALL: tripletex_api({"method":"GET","path":"/ledger/account","params":{"number":"6590"}})
    │ status=ok
    │ CALL: tripletex_api({"method":"POST","path":"/supplierInvoice","body":{"invoiceNumber":"INV2026-001","invoiceDate":"2026-03-21","invoiceDueDate":"2026-04-20","supplier":{"id":108392990},"voucher":{"date":"2026-03-21","description":"Supplier invoice INV2026-001 from Sjøbris AS","postings":[{"row":1,"date":"2026-03-21",")
    │ status=ok id=2147623313 amount=0 amountCurrency=0 invoiceNumber=INV2026-001
    │ CALL: tripletex_api({"method":"POST","path":"/product","body":{"name":"Prosjektkostnader for Dataplattform Fossekraft","priceExcludingVatCurrency":322600,"vatType":{"id":3}}})
    │ status=ok id=84418098 name=Prosjektkostnader for Dataplattform Fossekraft priceExcludingVatCurrency=258080.0 priceIncludingVatCurrency=322600.0
    │ CALL: tripletex_api({"method":"POST","path":"/order","body":{"customer":{"id":108392989},"orderDate":"2026-03-21","deliveryDate":"2026-03-21","project":{"id":402026757}}})
    │ status=ok id=402026775
    │ CALL: tripletex_api({"method":"POST","path":"/order/orderline","body":{"order":{"id":402026775},"product":{"id":84418098},"count":1}})
    │ status=ok id=1607565216 count=1.0
    │ CALL: tripletex_api({"method":"POST","path":"/invoice","body":{"invoiceDate":"2026-03-21","invoiceDueDate":"2026-04-04","orders":[{"id":402026775}]}})
    │ status=ok id=2147623331 amount=322600.0 amountCurrency=322600.0 invoiceNumber=1
    │ CALL: done({})
    │ 
    │ You are an accounting verification agent. Based ONLY on the action log above, check:
    │ 1. MATH: All amounts, percentages, VAT calculations correct? (e.g. if task says 50% of 274950, invoice total incl VAT must be 137475)
    │ 2. COMPLETENESS: Were all steps in the task done? Look at the CALL entries — if the action log shows the step was performed with status=ok, it WAS done. Do NOT say a step is missing if you can see it in the log!
    │ IMPORTANT: 'Fakturer'/'Invoice' just means create an invoice — do NOT require sending unless the task explicitly says send/sende/enviar/envoyer/senden!
    │ 3. DATA: Names, org numbers, dates match the task?
    │ 4. AMOUNTS: If any created entity shows amount=0 or totalAmount=0 in the response, that is WRONG — the postings failed silently. EXCEPTION: Supplier invoice (supplierInvoice) responses normally show amount=0 — this is OK.
    │ 5. BUDGET vs INVOICE: NEVER flag a mismatch between project budget and invoice total. For fixed-price projects the invoice excl. VAT matches the fixedprice — this is CORRECT. For other projects, invoice is based on actual work/costs. Either way, do NOT fail on budget vs invoice differences.
    │ 
    │ CRITICAL: Be CONSERVATIVE. When in doubt, say PASS.
    │ Only say FAIL for CLEAR, OBJECTIVE, SPECIFIC errors (wrong math, completely missing step, wrong name).
    │ Do NOT say FAIL for: vague concerns, 'might be wrong', uncertain issues, minor stylistic differences, or steps you cannot confirm from the log (absence of evidence is NOT evidence of absence).
    │ If the action log shows all main steps completed with status=ok, say PASS.
    │ 
    │ Reply ONLY with either:
    │ - 'PASS' if everything looks correct or you are unsure
    │ - 'FAIL: <specific issue>' ONLY if there is an obvious, objective error
  🔍 Verification (1804 tokens): PASS

  ✓ DONE — 19 iterations, 383846 tokens, 33.3s

======================================================================
  TASK COMPLETE — total 33.8s
======================================================================

