
======================================================================
  NEW TASK RECEIVED
  Version: unknown
======================================================================
  Prompt: Establezca un precio fijo de 457650 NOK en el proyecto "Implementación ERP" para Solmar SL (org. nº 866378843). El director del proyecto es María Sánchez (maria.sanchez@example.org). Facture al cliente el 25 % del precio fijo como pago parcial.
  Files:  0
  URL:    https://tx-proxy-jwanbnu3pq-lz.a.run.app/v2
──────────────────────────────────────────────────────────────────────
  [pre] Invoice/credit/payment task detected — ensuring bank account...
    ┌─ API GET /invoice/settings
    └─ 200 OK (1.5s) id=778887
    ┌─ API GET /ledger/account
    │  params: {"isBankAccount": "true", "count": 10}
    └─ 200 OK (1.7s) [2 items]
  [bank] found account 1920 id=376186053 v=0
    ┌─ API PUT /ledger/account/376186053
    │  body:   {"id": 376186053, "version": 0, "number": 1920, "name": "Bankinnskudd", "bankAccountNumber": "15030100112"}
    └─ 200 OK (1.6s) id=376186053 name=Bankinnskudd
  [bank] bank account set OK
  [pre] Bank account setup: OK

──────────────────────────────────────────────────
  ITERATION 1/25
──────────────────────────────────────────────────
  Tokens: prompt=15786 completion=227 total_session=16013
  GPT says: To complete the task, we will follow a series of steps including creating the customer, finding or creating the project manager as a new employee, creating the project with the fixed price, and issuing an invoice for 25% of that price. Let's proceed with these steps.

### Step 1: Create the Customer

First, we'll create the customer "Solmar SL" with the organization number 866378843.

### Step 2: Create the Employee for Project Manager

Next, we will create or update an employee for the project 
  Messages: 3 (60,288 chars)
  ⚠ NUDGE — no tool calls, re-prompting GPT (reason: stop)

──────────────────────────────────────────────────
  ITERATION 2/25
──────────────────────────────────────────────────
  Tokens: prompt=16054 completion=21 total_session=32088
  Messages: 5 (60,438 chars)
  Tool calls (1):
    [1] tripletex_api({"method":"POST","path":"/customer"})
    │  [fix] blocked POST without body: /customer
  Iteration 2 took 0.9s

──────────────────────────────────────────────────
  ITERATION 3/25
──────────────────────────────────────────────────
  Tokens: prompt=16141 completion=41 total_session=48270
  Messages: 7 (60,648 chars)
  Tool calls (1):
    [1] tripletex_api({"method":"POST","path":"/customer","body":{"name":"Solmar SL","isCustomer":true,"organizationNumber":"866378843"}})
    ┌─ API POST /customer
    │  body:   {"name": "Solmar SL", "isCustomer": true, "organizationNumber": "866378843"}
    └─ 201 OK (1.8s) id=108429981 name=Solmar SL
    │  response: {"value": {"id": 108429981, "version": 1, "url": "kkpqfuj-amager.tripletex.dev/v2/customer/108429981", "name": "Solmar SL", "organizationNumber": "866378843", "globalLocationNumber": 0, "supplierNumber": 0, "customerNumber": 10002, "isSupplier": false, "isCustomer": true, "isInactive": false, "accountManager": null, "department": null, "email": "", "invoiceEmail": "", "overdueNoticeEmail": "", "phoneNumber": "", "phoneNumberMobile": "", "description": "", "language": "NO", "displayName": "Solmar SL (10002)", "isPrivateIndividual": false, "singleCustomerInvoice": false, "invoiceSendMethod": "EMAIL", "emailAttachmentType": "ATTACHMENT", "postalAddress": {"id": 405708012, "url": "kkpqfuj-amager.tripletex.dev/v2/address/405708012"}, "physicalAddress": {"id": 405708011, "url": "kkpqfuj-amager.tripletex.dev/v2/address/405708011"}, "deliveryAddress": null, "category1": null, "category2": null, "category3": null, "invoicesDueIn": 14, "invoicesDueInType": "DAYS", "currency": {"id": 1, "url": "kkpqfuj-amager.tripletex.dev/v2/currency/1"}, "bankAccountPresentation": [], "ledgerAccount": {"id": 376185997, "url": "kkpqfuj-amager.tripletex.dev/v2/ledger/account/376185997"}, "isFactoring": false, "invoiceSendSMSNotification": false, "invoiceSMSNotificationNumber": "", "isAutomaticSoftReminderEnabled": false, "isAutomaticReminderEnabled": false, "isAutomaticNoticeOfDebtCollectionEnabled": false, "discountPercentage": 0, "website": ""}}
  Iteration 3 took 2.9s

──────────────────────────────────────────────────
  ITERATION 4/25
──────────────────────────────────────────────────
  Tokens: prompt=16627 completion=45 total_session=64942
  Messages: 9 (62,091 chars)
  Tool calls (1):
    [1] tripletex_api({"method":"POST","path":"/employee","body":{"firstName":"María","lastName":"Sánchez","email":"maria.sanchez@example.org"}})
    ┌─ API POST /employee
    │  body:   {"firstName": "María", "lastName": "Sánchez", "email": "maria.sanchez@example.org"}
    └─ 422 ERR (1.9s) {"status": 422, "code": 18000, "message": "Validering feilet.", "link": "https://tripletex.no/v2-docs/", "developerMessage": "VALIDATION_ERROR", "validationMessages": [{"field": null, "message": "Brukertype kan ikke være \"0\" eller tom.", "path": null, "rootId": null}], "requestId": "0fe3ff0e-844a-4ac6-8a35-915f488c730c", "_status_code": 422}
    │  [auto-fix] POST /employee failed — searching for existing employee to rename as María Sánchez
    ┌─ API GET /employee
    │  params: {"fields": "*"}
    └─ 200 OK (1.4s) [2 items]
    ┌─ API PUT /employee/18616360
    │  body:   {"id": 18616360, "version": 2, "firstName": "María", "lastName": "Sánchez", "dateOfBirth": "1990-01-01"}
    └─ 200 OK (1.7s) id=18616360 name=María
    │  [auto-fix] employee 18616360 renamed to María Sánchez — returning as created
    │  response: {"value": {"id": 18616360, "version": 3, "url": "kkpqfuj-amager.tripletex.dev/v2/employee/18616360", "firstName": "María", "lastName": "Sánchez", "displayName": "María Sánchez", "employeeNumber": "", "dateOfBirth": "1990-01-01", "email": "maria.sanchez@example.org", "phoneNumberMobileCountry": {"id": 161, "url": "kkpqfuj-amager.tripletex.dev/v2/country/161"}, "phoneNumberMobile": "", "phoneNumberHome": "", "phoneNumberWork": "", "nationalIdentityNumber": "", "dnumber": "", "internationalId": {"intAmeldingType": null, "country": null, "number": ""}, "bankAccountNumber": "", "iban": "", "bic": "", "creditorBankCountryId": 0, "usesAbroadPayment": false, "userType": null, "allowInformationRegistration": true, "isContact": false, "isProxy": false, "comments": "", "address": null, "department": {"id": 742573, "url": "kkpqfuj-amager.tripletex.dev/v2/department/742573"}, "employments": [], "holidayAllowanceEarned": {"year": 0, "amount": 0.0, "basis": 0.0, "amountExtraHolidayWeek": 0.0}, "employeeCategory": null, "isAuthProjectOverviewURL": true, "pictureId": 0, "companyId": 107923015, "vismaConnect2FAactive": false}, "_status_code": 201}
  Iteration 4 took 6.1s

──────────────────────────────────────────────────
  ITERATION 5/25
──────────────────────────────────────────────────
  Tokens: prompt=17052 completion=76 total_session=82070
  Messages: 11 (63,238 chars)
  Tool calls (1):
    [1] tripletex_api({"method":"POST","path":"/project","body":{"name":"Implementación ERP","number":"PRJ-4829","projectManager":{"id":18616360},"startDate":"2026-03-21","customer":{"id":108429981},"isFixedPrice":true,"fixedprice":457650}})
    ┌─ API POST /project
    │  body:   {"name": "Implementación ERP", "number": "PRJ-4829", "projectManager": {"id": 18616360}, "startDate": "2026-03-21", "customer": {"id": 108429981}, "isFixedPrice": true, "fixedprice": 457650}
    └─ 201 OK (2.9s) id=402038370 name=Implementación ERP
    │  [track] fixedprice project: 457650.0
    ┌─ API GET /project/402038370
    │  params: {"fields": "*"}
    └─ 200 OK (1.8s) id=402038370 name=Implementación ERP
    │  [diag] GET /project/402038370: fixedprice=457650.0, isFixedPrice=True
    │  response: {"value": {"id": 402038370, "version": 0, "url": "kkpqfuj-amager.tripletex.dev/v2/project/402038370", "name": "Implementación ERP", "number": "PRJ-4829", "displayName": "PRJ-4829 Implementación ERP", "description": "", "projectManager": {"id": 18616360, "url": "kkpqfuj-amager.tripletex.dev/v2/employee/18616360"}, "department": null, "mainProject": null, "startDate": "2026-03-21", "endDate": null, "customer": {"id": 108429981, "url": "kkpqfuj-amager.tripletex.dev/v2/customer/108429981"}, "isClosed": false, "isReadyForInvoicing": false, "isInternal": false, "isOffer": false, "isFixedPrice": true, "projectCategory": null, "deliveryAddress": null, "boligmappaAddress": null, "displayNameFormat": "NAME_STANDARD", "reference": "", "externalAccountsNumber": "", "discountPercentage": 0, "vatType": {"id": 3, "url": "kkpqfuj-amager.tripletex.dev/v2/ledger/vatType/3"}, "fixedprice": 457650, "contributionMarginPercent": 0, "numberOfSubProjects": 0, "numberOfProjectParticipants": 1, "orderLines": [], "currency": {"id": 1, "url": "kkpqfuj-amager.tripletex.dev/v2/currency/1"}, "markUpOrderLines": 0, "markUpFeesEarned": 0, "isPriceCeiling": false, "priceCeilingAmount": 0, "projectHourlyRates": [{"id": 11090240, "url": "kkpqfuj-amager.tripletex.dev/v2/project/hourlyRates/11090240"}], "forParticipantsOnly": false, "participants": [{"id": 15645069, "url": "kkpqfuj-amager.tripletex.dev/v2/project/participant/15645069"}], "contact": null, "attention": null, "invoiceComment": "", "invoicingPlan": […
  Iteration 5 took 7.5s

──────────────────────────────────────────────────
  ITERATION 6/25
──────────────────────────────────────────────────
  Tokens: prompt=17802 completion=24 total_session=99896
  Messages: 13 (65,369 chars)
  Tool calls (1):
    [1] tripletex_api({"method":"GET","path":"/ledger/vatType"})
    ┌─ API GET /ledger/vatType
    └─ 200 OK (2.1s) [56 items]
    │  response: {"fullResultSize": 56, "from": 0, "count": 56, "versionDigest": "'If-None-Match' header not specified", "values": [{"id": 1, "version": 0, "url": "kkpqfuj-amager.tripletex.dev/v2/ledger/vatType/1", "name": "Fradrag inngående avgift, høy sats", "number": "1", "displayName": "1: (25%) Fradrag inngående avgift, høy sats", "percentage": 25, "deductionPercentage": 100.0, "parentType": {"id": 0, "url": "kkpqfuj-amager.tripletex.dev/v2/ledger/vatType/0"}}, {"id": 2, "version": 0, "url": "kkpqfuj-amager.tripletex.dev/v2/ledger/vatType/2", "name": "Direktepostert fradrag inngående avgift, høy sats (mva-kode utgikk 01.01.2017)", "number": "UT-2", "displayName": "UT-2: (100%) Direktepostert fradrag inngående avgift, høy sats (mva-kode utgikk 01.01.2017)", "percentage": 100.0, "deductionPercentage": 100.0, "parentType": {"id": 0, "url": "kkpqfuj-amager.tripletex.dev/v2/ledger/vatType/0"}}, {"id": 3, "version": 0, "url": "kkpqfuj-amager.tripletex.dev/v2/ledger/vatType/3", "name": "Utgående avgift, høy sats", "number": "3", "displayName": "3: (25%) Utgående avgift, høy sats", "percentage": 25, "deductionPercentage": 100.0, "parentType": {"id": 0, "url": "kkpqfuj-amager.tripletex.dev/v2/ledger/vatType/0"}}, {"id": 4, "version": 0, "url": "kkpqfuj-amager.tripletex.dev/v2/ledger/vatType/4", "name": "Direktepostert utgående avgift, høy sats", "number": "4", "displayName": "4: (100%) Direktepostert utgående avgift, høy sats", "percentage": 100.0, "deductionPercentage": 100.0, "parentType": {"id…
  Iteration 6 took 3.0s

──────────────────────────────────────────────────
  ITERATION 7/25
──────────────────────────────────────────────────
  Tokens: prompt=20833 completion=54 total_session=120783
  Messages: 15 (73,383 chars)
  Tool calls (1):
    [1] tripletex_api({"method":"POST","path":"/product","body":{"name":"Delbetaling - Implementación ERP","priceExcludingVatCurrency":91451.99999999999,"vatType":{"id":3}}})
    ┌─ API POST /product
    │  body:   {"name": "Delbetaling - Implementación ERP", "priceExcludingVatCurrency": 91451.99999999999, "vatType": {"id": 3}}
    └─ 201 OK (1.8s) id=84420423 name=Delbetaling - Implementación ERP
    │  response: {"value": {"id": 84420423, "version": 0, "url": "kkpqfuj-amager.tripletex.dev/v2/product/84420423", "name": "Delbetaling - Implementación ERP", "number": "", "displayNumber": "", "description": "", "orderLineDescription": "", "costExcludingVatCurrency": 0, "costPrice": 0, "priceExcludingVatCurrency": 91451.99999999999, "priceIncludingVatCurrency": 114315.0, "isInactive": false, "productUnit": null, "incomingStock": 0, "outgoingStock": 0, "vatType": {"id": 3, "url": "kkpqfuj-amager.tripletex.dev/v2/ledger/vatType/3"}, "currency": {"id": 1, "url": "kkpqfuj-amager.tripletex.dev/v2/currency/1"}, "department": null, "account": null, "supplier": null, "resaleProduct": null, "isDeletable": false, "hasSupplierProductConnected": false, "image": null, "displayName": "Delbetaling - Implementación ERP", "mainSupplierProduct": null, "isRoundPriceIncVat": false, "priceInTargetCurrency": 0, "purchasePriceCurrency": 0}}
  Iteration 7 took 4.0s

──────────────────────────────────────────────────
  ITERATION 8/25
──────────────────────────────────────────────────
  Tokens: prompt=21190 completion=60 total_session=142033
  Messages: 17 (74,300 chars)
  Tool calls (1):
    [1] tripletex_api({"method":"POST","path":"/order","body":{"customer":{"id":108429981},"orderDate":"2026-03-21","deliveryDate":"2026-03-21","project":{"id":402038370}}})
    ┌─ API POST /order
    │  body:   {"customer": {"id": 108429981}, "orderDate": "2026-03-21", "deliveryDate": "2026-03-21", "project": {"id": 402038370}}
    └─ 201 OK (2.6s) id=402038380
    │  response: {"value": {"id": 402038380, "version": 0, "url": "kkpqfuj-amager.tripletex.dev/v2/order/402038380", "customer": {"id": 108429981, "url": "kkpqfuj-amager.tripletex.dev/v2/customer/108429981"}, "contact": null, "attn": null, "displayName": "2 Ordre", "receiverEmail": "", "overdueNoticeEmail": "", "number": "2", "reference": "", "department": null, "orderDate": "2026-03-21", "project": {"id": 402038370, "url": "kkpqfuj-amager.tripletex.dev/v2/project/402038370"}, "invoiceComment": "", "currency": {"id": 1, "url": "kkpqfuj-amager.tripletex.dev/v2/currency/1"}, "invoicesDueIn": 14, "invoicesDueInType": "DAYS", "isShowOpenPostsOnInvoices": false, "isClosed": false, "deliveryDate": "2026-03-21", "deliveryAddress": null, "deliveryComment": "", "isPrioritizeAmountsIncludingVat": false, "orderLineSorting": "PRODUCT", "orderGroups": [], "orderLines": [], "isSubscription": false, "subscriptionDuration": 0, "subscriptionDurationType": "MONTHS", "subscriptionPeriodsOnInvoice": 0, "subscriptionPeriodsOnInvoiceType": "MONTHS", "subscriptionInvoicingTimeInAdvanceOrArrears": "ADVANCE", "subscriptionInvoicingTime": 0, "subscriptionInvoicingTimeType": "MONTHS", "isSubscriptionAutoInvoicing": false, "preliminaryInvoice": {"id": 2147640142, "url": "kkpqfuj-amager.tripletex.dev/v2/invoice/2147640142"}, "attachment": [], "sendMethodDescription": "Faktura må sendes manuelt.", "invoiceOnAccountVatHigh": false, "totalInvoicedOnAccountAmountAbsoluteCurrency": 0.0, "invoiceSendSMSNotification": false, "i…
  Iteration 8 took 3.6s

──────────────────────────────────────────────────
  ITERATION 9/25
──────────────────────────────────────────────────
  Tokens: prompt=21782 completion=45 total_session=163860
  Messages: 19 (76,002 chars)
  Tool calls (1):
    [1] tripletex_api({"method":"POST","path":"/order/orderline","body":{"order":{"id":402038380},"product":{"id":84420423},"count":1}})
    ┌─ API POST /order/orderline
    │  body:   {"order": {"id": 402038380}, "product": {"id": 84420423}, "count": 1}
    └─ 201 OK (2.4s) id=1607575844
    │  response: {"value": {"id": 1607575844, "version": 1, "url": "kkpqfuj-amager.tripletex.dev/v2/order/orderline/1607575844", "product": {"id": 84420423, "url": "kkpqfuj-amager.tripletex.dev/v2/product/84420423"}, "inventory": null, "description": "", "displayName": "Delbetaling - Implementación ERP", "count": 1.0, "unitCostCurrency": 0.0, "unitPriceExcludingVatCurrency": 91452.0, "currency": {"id": 1, "url": "kkpqfuj-amager.tripletex.dev/v2/currency/1"}, "markup": 0.0, "discount": 0.0, "vatType": {"id": 3, "url": "kkpqfuj-amager.tripletex.dev/v2/ledger/vatType/3"}, "amountExcludingVatCurrency": 91452.0, "amountIncludingVatCurrency": 114315.0, "vendor": null, "order": {"id": 402038380, "url": "kkpqfuj-amager.tripletex.dev/v2/order/402038380"}, "unitPriceIncludingVatCurrency": 114315.0, "isSubscription": false, "subscriptionPeriodStart": null, "subscriptionPeriodEnd": null, "orderGroup": null, "sortIndex": 0, "isPicked": false, "pickedDate": null, "orderedQuantity": 0, "isCharged": false}}
  Iteration 9 took 3.5s

──────────────────────────────────────────────────
  ITERATION 10/25
──────────────────────────────────────────────────
  Tokens: prompt=22181 completion=54 total_session=186095
  Messages: 21 (76,991 chars)
  Tool calls (1):
    [1] tripletex_api({"method":"POST","path":"/invoice","body":{"invoiceDate":"2026-03-21","invoiceDueDate":"2026-04-04","orders":[{"id":402038380}]}})
    ┌─ API POST /invoice
    │  body:   {"invoiceDate": "2026-03-21", "invoiceDueDate": "2026-04-04", "orders": [{"id": 402038380}]}
    └─ 201 OK (2.1s) id=2147640156
    │  response: {"value": {"id": 2147640156, "version": 3, "url": "kkpqfuj-amager.tripletex.dev/v2/invoice/2147640156", "invoiceNumber": 1, "invoiceDate": "2026-03-21", "customer": {"id": 108429981, "url": "kkpqfuj-amager.tripletex.dev/v2/customer/108429981"}, "creditedInvoice": 0, "isCredited": false, "invoiceDueDate": "2026-04-04", "kid": "", "invoiceComment": "", "comment": "", "orders": [{"id": 402038380, "url": "kkpqfuj-amager.tripletex.dev/v2/order/402038380"}], "orderLines": [{"id": 1607575844, "url": "kkpqfuj-amager.tripletex.dev/v2/order/orderline/1607575844"}], "travelReports": [], "projectInvoiceDetails": [{"id": 1965795803, "url": "kkpqfuj-amager.tripletex.dev/v2/invoice/details/1965795803"}], "voucher": {"id": 609161792, "url": "kkpqfuj-amager.tripletex.dev/v2/ledger/voucher/609161792"}, "deliveryDate": "2026-03-21", "amount": 114315.0, "amountCurrency": 114315.0, "amountExcludingVat": 91452.0, "amountExcludingVatCurrency": 91452.0, "amountRoundoff": 0, "amountRoundoffCurrency": 0, "amountOutstanding": 114315.0, "amountCurrencyOutstanding": 114315.0, "amountOutstandingTotal": 114315.0, "amountCurrencyOutstandingTotal": 114315.0, "sumRemits": 0, "currency": {"id": 1, "url": "kkpqfuj-amager.tripletex.dev/v2/currency/1"}, "isCreditNote": false, "isCharged": true, "isApproved": false, "postings": [{"id": 3845832791, "url": "kkpqfuj-amager.tripletex.dev/v2/ledger/posting/3845832791"}], "reminders": [], "invoiceRemarks": "", "invoiceRemark": null, "isPeriodizationPossible": true, "doc…
  Iteration 10 took 3.2s

──────────────────────────────────────────────────
  ITERATION 11/25
──────────────────────────────────────────────────
  Tokens: prompt=22782 completion=9 total_session=208886
  Messages: 23 (78,513 chars)
  Tool calls (1):
    [1] done()

  ⏳ Verifying task completion (247s remaining)...
  📋 Verification prompt (4988 chars):
    │ TASK: Establezca un precio fijo de 457650 NOK en el proyecto "Implementación ERP" para Solmar SL (org. nº 866378843). El director del proyecto es María Sánchez (maria.sanchez@example.org). Facture al cliente el 25 % del precio fijo como pago parcial.
    │ 
    │ TASK TYPE: Fixed-price project + milestone invoice.
    │ Check these SPECIFIC things:
    │ - Customer created with correct name and org number?
    │ - Project created with isFixedPrice=true AND fixedprice=AMOUNT (lowercase 'fixedprice')?
    │ - Project linked to customer (customer.id set on project)?
    │ - Project manager set correctly?
    │ - Milestone amount = fixedprice × percentage. This is the TOTAL invoice amount incl. VAT.
    │ - Product priceExcludingVatCurrency = milestoneAmount / 1.25 (for 25% VAT)?
    │ - Invoice created from order linked to the project?
    │ - Invoice NOT sent unless task explicitly says send/sende/enviar/envoyer?
    │   'Fakturer'/'fakturér' means CREATE invoice, NOT send it!
    │ 
    │ ACTION LOG (chronological):
    │ CALL: tripletex_api({"method":"POST","path":"/customer"})
    │ status=400
    │ CALL: tripletex_api({"method":"POST","path":"/customer","body":{"name":"Solmar SL","isCustomer":true,"organizationNumber":"866378843"}})
    │ status=ok id=108429981 name=Solmar SL
    │ CALL: tripletex_api({"method":"POST","path":"/employee","body":{"firstName":"María","lastName":"Sánchez","email":"maria.sanchez@example.org"}})
    │ status=201 id=18616360
    │ CALL: tripletex_api({"method":"POST","path":"/project","body":{"name":"Implementación ERP","number":"PRJ-4829","projectManager":{"id":18616360},"startDate":"2026-03-21","customer":{"id":108429981},"isFixedPrice":true,"fixedprice":457650}})
    │ status=ok id=402038370 name=Implementación ERP fixedprice=457650 isFixedPrice=True
    │ CALL: tripletex_api({"method":"GET","path":"/ledger/vatType"})
    │ CALL: tripletex_api({"method":"POST","path":"/product","body":{"name":"Delbetaling - Implementación ERP","priceExcludingVatCurrency":91451.99999999999,"vatType":{"id":3}}})
    │ status=ok id=84420423 name=Delbetaling - Implementación ERP priceExcludingVatCurrency=91451.99999999999 priceIncludingVatCurrency=114315.0
    │ CALL: tripletex_api({"method":"POST","path":"/order","body":{"customer":{"id":108429981},"orderDate":"2026-03-21","deliveryDate":"2026-03-21","project":{"id":402038370}}})
    │ status=ok id=402038380
    │ CALL: tripletex_api({"method":"POST","path":"/order/orderline","body":{"order":{"id":402038380},"product":{"id":84420423},"count":1}})
    │ status=ok id=1607575844 count=1.0
    │ CALL: tripletex_api({"method":"POST","path":"/invoice","body":{"invoiceDate":"2026-03-21","invoiceDueDate":"2026-04-04","orders":[{"id":402038380}]}})
    │ status=ok id=2147640156 amount=114315.0 amountCurrency=114315.0 invoiceNumber=1
    │ CALL: done({})
    │ 
    │ You are an accounting verification agent. Based ONLY on the action log above, check:
    │ 1. MATH: All amounts, percentages, VAT calculations correct? (e.g. if task says 50% of 274950, invoice total incl VAT must be 137475)
    │ 2. COMPLETENESS: Were all steps in the task done? Look at the CALL entries — if the action log shows the step was performed with status=ok, it WAS done. Do NOT say a step is missing if you can see it in the log!
    │ IMPORTANT: 'Fakturer'/'Invoice' just means create an invoice — do NOT require sending unless the task explicitly says send/sende/enviar/envoyer/senden!
    │ 3. DATA: Names, org numbers, dates match the task?
    │ 4. AMOUNTS: If any created entity shows amount=0 or totalAmount=0 in the response, that is WRONG — the postings failed silently. EXCEPTION: Supplier invoice (supplierInvoice) responses normally show amount=0 — this is OK.
    │ 5. BUDGET vs INVOICE: NEVER flag a mismatch between project budget and invoice total. For fixed-price projects the invoice excl. VAT matches the fixedprice — this is CORRECT. For other projects, invoice is based on actual work/costs. Either way, do NOT fail on budget vs invoice differences.
    │ 6. PAYMENT AMOUNTS: Invoice payments and reversals use the FULL amount INCLUDING VAT, not excl. VAT. If the task says 'X NOK excl. VAT', the correct payment/reversal amount is X × 1.25 (Norwegian 25% VAT). Do NOT flag a mismatch between excl. VAT amounts in the task and incl. VAT payment amounts.
    │ 7. VAT BREAKDOWN: If the total invoice amount matches the expected sum, do NOT fail on 'VAT breakdown not reflected' or similar vague VAT concerns. Only fail if a specific line item has the WRONG VAT rate applied.
    │ 
    │ CRITICAL: Be CONSERVATIVE. When in doubt, say PASS.
    │ Only say FAIL for CLEAR, OBJECTIVE, SPECIFIC errors (wrong math, completely missing step, wrong name).
    │ Do NOT say FAIL for: vague concerns, 'might be wrong', uncertain issues, minor stylistic differences, or steps you cannot confirm from the log (absence of evidence is NOT evidence of absence).
    │ A false FAIL causes MORE damage than a missed error. When uncertain, ALWAYS say PASS.
    │ If the action log shows all main steps completed with status=ok, say PASS.
    │ 
    │ Reply ONLY with either:
    │ - 'PASS' if everything looks correct or you are unsure
    │ - 'FAIL: <specific issue>' ONLY if there is an obvious, objective error
  🔍 Verification (1300 tokens): PASS

  ✓ DONE — 11 iterations, 208886 tokens, 43.1s

======================================================================
  TASK COMPLETE — total 43.5s
======================================================================

