
======================================================================
  NEW TASK RECEIVED
  Version: unknown
======================================================================
  Prompt: Opprett produktet "Datarådgjeving" med produktnummer 4993. Prisen er 16250 kr eksklusiv MVA, og standard MVA-sats på 25 % skal nyttast.
  Files:  0
  URL:    https://tx-proxy-jwanbnu3pq-lz.a.run.app/v2
──────────────────────────────────────────────────────────────────────

──────────────────────────────────────────────────
  ITERATION 1/25
──────────────────────────────────────────────────
  Tokens: prompt=14541 completion=21 total_session=14562
  Messages: 3 (54,286 chars)
  Tool calls (1):
    [1] tripletex_api({"method":"GET","path":"/product"})
    ┌─ API GET /product
    └─ 200 OK (2.8s) [0 items]
    │  response: {"fullResultSize": 0, "from": 0, "count": 0, "versionDigest": "'If-None-Match' header not specified", "values": []}
  Iteration 1 took 3.8s

──────────────────────────────────────────────────
  ITERATION 2/25
──────────────────────────────────────────────────
  Tokens: prompt=14612 completion=24 total_session=29198
  Messages: 5 (54,401 chars)
  Tool calls (1):
    [1] tripletex_api({"method":"GET","path":"/ledger/vatType"})
    ┌─ API GET /ledger/vatType
    └─ 200 OK (3.4s) [56 items]
    │  response: {"fullResultSize": 56, "from": 0, "count": 56, "versionDigest": "'If-None-Match' header not specified", "values": [{"id": 1, "version": 0, "url": "kkpqfuj-amager.tripletex.dev/v2/ledger/vatType/1", "name": "Fradrag inngående avgift, høy sats", "number": "1", "displayName": "1: (25%) Fradrag inngående avgift, høy sats", "percentage": 25, "deductionPercentage": 100.0, "parentType": {"id": 0, "url": "kkpqfuj-amager.tripletex.dev/v2/ledger/vatType/0"}}, {"id": 2, "version": 0, "url": "kkpqfuj-amager.tripletex.dev/v2/ledger/vatType/2", "name": "Direktepostert fradrag inngående avgift, høy sats (mva-kode utgikk 01.01.2017)", "number": "UT-2", "displayName": "UT-2: (100%) Direktepostert fradrag inngående avgift, høy sats (mva-kode utgikk 01.01.2017)", "percentage": 100.0, "deductionPercentage": 100.0, "parentType": {"id": 0, "url": "kkpqfuj-amager.tripletex.dev/v2/ledger/vatType/0"}}, {"id": 3, "version": 0, "url": "kkpqfuj-amager.tripletex.dev/v2/ledger/vatType/3", "name": "Utgående avgift, høy sats", "number": "3", "displayName": "3: (25%) Utgående avgift, høy sats", "percentage": 25, "deductionPercentage": 100.0, "parentType": {"id": 0, "url": "kkpqfuj-amager.tripletex.dev/v2/ledger/vatType/0"}}, {"id": 4, "version": 0, "url": "kkpqfuj-amager.tripletex.dev/v2/ledger/vatType/4", "name": "Direktepostert utgående avgift, høy sats", "number": "4", "displayName": "4: (100%) Direktepostert utgående avgift, høy sats", "percentage": 100.0, "deductionPercentage": 100.0, "parentType": {"id…
  Iteration 2 took 4.3s

──────────────────────────────────────────────────
  ITERATION 3/25
──────────────────────────────────────────────────
  Tokens: prompt=17643 completion=21 total_session=46862
  Messages: 7 (62,415 chars)
  Tool calls (1):
    [1] tripletex_api({"method":"POST","path":"/product"})
    │  [fix] blocked POST without body: /product
  Iteration 3 took 1.0s

──────────────────────────────────────────────────
  ITERATION 4/25
──────────────────────────────────────────────────
  Tokens: prompt=17730 completion=54 total_session=64646
  Messages: 9 (62,623 chars)
  Tool calls (1):
    [1] tripletex_api({"method":"POST","path":"/product","body":{"name":"Datarådgjeving","number":"4993","priceExcludingVatCurrency":16250,"vatType":{"id":3}}})
    ┌─ API POST /product
    │  body:   {"name": "Datarådgjeving", "number": "4993", "priceExcludingVatCurrency": 16250, "vatType": {"id": 3}}
    └─ 201 OK (3.0s) id=84417930 name=Datarådgjeving
    │  response: {"value": {"id": 84417930, "version": 0, "url": "kkpqfuj-amager.tripletex.dev/v2/product/84417930", "name": "Datarådgjeving", "number": "4993", "displayNumber": "4993", "description": "", "orderLineDescription": "", "costExcludingVatCurrency": 0, "costPrice": 0, "priceExcludingVatCurrency": 16250, "priceIncludingVatCurrency": 20312.5, "isInactive": false, "productUnit": null, "incomingStock": 0, "outgoingStock": 0, "vatType": {"id": 3, "url": "kkpqfuj-amager.tripletex.dev/v2/ledger/vatType/3"}, "currency": {"id": 1, "url": "kkpqfuj-amager.tripletex.dev/v2/currency/1"}, "department": null, "account": null, "supplier": null, "resaleProduct": null, "isDeletable": false, "hasSupplierProductConnected": false, "image": null, "displayName": "4993 Datarådgjeving", "mainSupplierProduct": null, "isRoundPriceIncVat": false, "priceInTargetCurrency": 0, "purchasePriceCurrency": 0}}
  Iteration 4 took 4.3s

──────────────────────────────────────────────────
  ITERATION 5/25
──────────────────────────────────────────────────
  Tokens: prompt=18090 completion=9 total_session=82745
  Messages: 11 (63,504 chars)
  Tool calls (1):
    [1] done()

  ⏳ Verifying task completion (266s remaining)...
  📋 Verification prompt (2375 chars):
    │ TASK: Opprett produktet "Datarådgjeving" med produktnummer 4993. Prisen er 16250 kr eksklusiv MVA, og standard MVA-sats på 25 % skal nyttast.
    │ 
    │ 
    │ ACTION LOG (chronological):
    │ CALL: tripletex_api({"method":"GET","path":"/product"})
    │ status=ok
    │ CALL: tripletex_api({"method":"GET","path":"/ledger/vatType"})
    │ CALL: tripletex_api({"method":"POST","path":"/product"})
    │ status=400
    │ CALL: tripletex_api({"method":"POST","path":"/product","body":{"name":"Datarådgjeving","number":"4993","priceExcludingVatCurrency":16250,"vatType":{"id":3}}})
    │ status=ok id=84417930 name=Datarådgjeving priceExcludingVatCurrency=16250 priceIncludingVatCurrency=20312.5
    │ CALL: done({})
    │ 
    │ You are an accounting verification agent. Based ONLY on the action log above, check:
    │ 1. MATH: All amounts, percentages, VAT calculations correct? (e.g. if task says 50% of 274950, invoice total incl VAT must be 137475)
    │ 2. COMPLETENESS: Were all steps in the task done? Look at the CALL entries — if the action log shows the step was performed with status=ok, it WAS done. Do NOT say a step is missing if you can see it in the log!
    │ IMPORTANT: 'Fakturer'/'Invoice' just means create an invoice — do NOT require sending unless the task explicitly says send/sende/enviar/envoyer/senden!
    │ 3. DATA: Names, org numbers, dates match the task?
    │ 4. AMOUNTS: If any created entity shows amount=0 or totalAmount=0 in the response, that is WRONG — the postings failed silently. EXCEPTION: Supplier invoice (supplierInvoice) responses normally show amount=0 — this is OK.
    │ 5. BUDGET vs INVOICE: NEVER flag a mismatch between project budget and invoice total. For fixed-price projects the invoice excl. VAT matches the fixedprice — this is CORRECT. For other projects, invoice is based on actual work/costs. Either way, do NOT fail on budget vs invoice differences.
    │ 
    │ CRITICAL: Be CONSERVATIVE. When in doubt, say PASS.
    │ Only say FAIL for CLEAR, OBJECTIVE, SPECIFIC errors (wrong math, completely missing step, wrong name).
    │ Do NOT say FAIL for: vague concerns, 'might be wrong', uncertain issues, minor stylistic differences, or steps you cannot confirm from the log (absence of evidence is NOT evidence of absence).
    │ If the action log shows all main steps completed with status=ok, say PASS.
    │ 
    │ Reply ONLY with either:
    │ - 'PASS' if everything looks correct or you are unsure
    │ - 'FAIL: <specific issue>' ONLY if there is an obvious, objective error
  🔍 Verification (614 tokens): PASS

  ✓ DONE — 5 iterations, 82745 tokens, 14.0s

======================================================================
  TASK COMPLETE — total 14.8s
======================================================================

