
======================================================================
  NEW TASK RECEIVED
  Version: unknown
======================================================================
  Prompt: We sent an invoice for 11671 EUR to Ironbridge Ltd (org no. 915238106) when the exchange rate was 11.22 NOK/EUR. The customer has now paid, but the rate is 11.71 NOK/EUR. Register the payment and post the exchange rate difference (agio) to the correct account.
  Files:  0
  URL:    https://tx-proxy-jwanbnu3pq-lz.a.run.app/v2
──────────────────────────────────────────────────────────────────────
  [pre] Invoice/credit/payment task detected — ensuring bank account...
    ┌─ API GET /invoice/settings
    └─ 200 OK (0.4s) id=964706
  [bank] already ready
  [pre] Bank account setup: OK

──────────────────────────────────────────────────
  ITERATION 1/25
──────────────────────────────────────────────────
  Tokens: prompt=15793 completion=45 total_session=15838
  Messages: 3 (59,256 chars)
  Tool calls (1):
    [1] tripletex_api({"method":"GET","path":"/invoice","params":{"invoiceDateFrom":"2000-01-01","invoiceDateTo":"2030-12-31"}})
    ┌─ API GET /invoice
    │  params: {"invoiceDateFrom": "2000-01-01", "invoiceDateTo": "2030-12-31"}
    └─ 200 OK (0.4s) [1 items]
    │  response: {"fullResultSize": 1, "from": 0, "count": 1, "versionDigest": "'If-None-Match' header not specified", "values": [{"id": 2147642482, "version": 3, "url": "kkpqfuj-amager.tripletex.dev/v2/invoice/2147642482", "invoiceNumber": 1, "invoiceDate": "2026-02-01", "customer": {"id": 108435785, "url": "kkpqfuj-amager.tripletex.dev/v2/customer/108435785"}, "creditedInvoice": 0, "isCredited": false, "invoiceDueDate": "2026-03-01", "kid": "", "invoiceComment": "", "comment": "", "orders": [{"id": 402040047, "url": "kkpqfuj-amager.tripletex.dev/v2/order/402040047"}], "orderLines": [{"id": 1607577393, "url": "kkpqfuj-amager.tripletex.dev/v2/order/orderline/1607577393"}], "travelReports": [], "projectInvoiceDetails": [{"id": 1965797157, "url": "kkpqfuj-amager.tripletex.dev/v2/invoice/details/1965797157"}], "voucher": {"id": 609172922, "url": "kkpqfuj-amager.tripletex.dev/v2/ledger/voucher/609172922"}, "deliveryDate": "2026-02-01", "amount": 14588.75, "amountCurrency": 14588.75, "amountExcludingVat": 11671.0, "amountExcludingVatCurrency": 11671.0, "amountRoundoff": 0.0, "amountRoundoffCurrency": 0.0, "amountOutstanding": 14588.75, "amountCurrencyOutstanding": 14588.75, "amountOutstandingTotal": 14588.75, "amountCurrencyOutstandingTotal": 14588.75, "sumRemits": 0, "currency": {"id": 1, "url": "kkpqfuj-amager.tripletex.dev/v2/currency/1"}, "isCreditNote": false, "isCharged": true, "isApproved": false, "postings": [{"id": 3845862401, "url": "kkpqfuj-amager.tripletex.dev/v2/ledger/posting/3845862…
  Iteration 1 took 2.5s

──────────────────────────────────────────────────
  ITERATION 2/25
──────────────────────────────────────────────────
  Tokens: prompt=16425 completion=23 total_session=32286
  Messages: 5 (60,886 chars)
  Tool calls (1):
    [1] tripletex_api({"method":"GET","path":"/invoice/paymentType"})
    ┌─ API GET /invoice/paymentType
    └─ 200 OK (0.6s) [2 items]
    │  response: {"fullResultSize": 2, "from": 0, "count": 2, "versionDigest": "'If-None-Match' header not specified", "values": [{"id": 37463999, "version": 0, "url": "kkpqfuj-amager.tripletex.dev/v2/invoice/paymentType/37463999", "description": "Kontant", "displayName": "Kontant", "debitAccount": {"id": 474404515, "url": "kkpqfuj-amager.tripletex.dev/v2/ledger/account/474404515"}, "creditAccount": null, "vatType": {"id": 0, "url": "kkpqfuj-amager.tripletex.dev/v2/ledger/vatType/0"}, "sequence": 1, "customer": null, "supplier": null, "currencyId": 1, "currencyCode": "NOK"}, {"id": 37464000, "version": 0, "url": "kkpqfuj-amager.tripletex.dev/v2/invoice/paymentType/37464000", "description": "Betalt til bank", "displayName": "Betalt til bank", "debitAccount": {"id": 474404518, "url": "kkpqfuj-amager.tripletex.dev/v2/ledger/account/474404518"}, "creditAccount": null, "vatType": {"id": 0, "url": "kkpqfuj-amager.tripletex.dev/v2/ledger/vatType/0"}, "sequence": 2, "customer": null, "supplier": null, "currencyId": 1, "currencyCode": "NOK"}]}
  Iteration 2 took 5.4s

──────────────────────────────────────────────────
  ITERATION 3/25
──────────────────────────────────────────────────
  Tokens: prompt=16825 completion=65 total_session=49176
  Messages: 7 (61,919 chars)
  Tool calls (1):
    [1] tripletex_api({"method":"PUT","path":"/invoice/2147642482/:payment","params":{"paymentDate":"2026-03-21","paymentTypeId":37464000,"paidAmount":14588.75,"paidAmountCurrency":14588.75}})
    ┌─ API PUT /invoice/2147642482/:payment
    │  params: {"paymentDate": "2026-03-21", "paymentTypeId": 37464000, "paidAmount": 14588.75, "paidAmountCurrency": 14588.75}
    └─ 200 OK (1.3s) id=2147642482
    │  response: {"value": {"id": 2147642482, "version": 3, "url": "kkpqfuj-amager.tripletex.dev/v2/invoice/2147642482", "invoiceNumber": 1, "invoiceDate": "2026-02-01", "customer": {"id": 108435785, "url": "kkpqfuj-amager.tripletex.dev/v2/customer/108435785"}, "creditedInvoice": 0, "isCredited": false, "invoiceDueDate": "2026-03-01", "kid": "", "invoiceComment": "", "comment": "", "orders": [{"id": 402040047, "url": "kkpqfuj-amager.tripletex.dev/v2/order/402040047"}], "orderLines": [{"id": 1607577393, "url": "kkpqfuj-amager.tripletex.dev/v2/order/orderline/1607577393"}], "travelReports": [], "projectInvoiceDetails": [{"id": 1965797157, "url": "kkpqfuj-amager.tripletex.dev/v2/invoice/details/1965797157"}], "voucher": {"id": 609172922, "url": "kkpqfuj-amager.tripletex.dev/v2/ledger/voucher/609172922"}, "deliveryDate": "2026-02-01", "amount": 14588.75, "amountCurrency": 14588.75, "amountExcludingVat": 11671.0, "amountExcludingVatCurrency": 11671.0, "amountRoundoff": 0.0, "amountRoundoffCurrency": 0.0, "amountOutstanding": 0.0, "amountCurrencyOutstanding": 0.0, "amountOutstandingTotal": 0.0, "amountCurrencyOutstandingTotal": 0.0, "sumRemits": 0, "currency": {"id": 1, "url": "kkpqfuj-amager.tripletex.dev/v2/currency/1"}, "isCreditNote": false, "isCharged": true, "isApproved": false, "postings": [{"id": 3845862401, "url": "kkpqfuj-amager.tripletex.dev/v2/ledger/posting/3845862401"}, {"id": 3845862750, "url": "kkpqfuj-amager.tripletex.dev/v2/ledger/posting/3845862750"}], "reminders": [], "invoiceRe…
  Iteration 3 took 2.6s

──────────────────────────────────────────────────
  ITERATION 4/25
──────────────────────────────────────────────────
  Tokens: prompt=17472 completion=29 total_session=66677
  Messages: 9 (63,513 chars)
  Tool calls (1):
    [1] tripletex_api({"method":"GET","path":"/ledger/account","params":{"number":"8060"}})
    ┌─ API GET /ledger/account
    │  params: {"number": "8060"}
    └─ 200 OK (0.7s) [1 items]
    │  response: {"fullResultSize": 1, "from": 0, "count": 1, "versionDigest": "'If-None-Match' header not specified", "values": [{"id": 474404870, "version": 0, "url": "kkpqfuj-amager.tripletex.dev/v2/ledger/account/474404870", "number": 8060, "numberPretty": "8060", "name": "Valutagevinst (agio)", "description": "", "type": "INVESTMENT_INCOME", "legalVatTypes": [{"id": 0, "url": "kkpqfuj-amager.tripletex.dev/v2/ledger/vatType/0"}], "ledgerType": "GENERAL", "balanceGroup": "Ikke i en saldogruppe.", "vatType": {"id": 0, "url": "kkpqfuj-amager.tripletex.dev/v2/ledger/vatType/0"}, "vatLocked": true, "currency": null, "isCloseable": false, "isApplicableForSupplierInvoice": false, "requireReconciliation": false, "isInactive": false, "isBankAccount": false, "isInvoiceAccount": false, "bankAccountNumber": "", "bankAccountCountry": null, "bankName": "", "bankAccountIBAN": "", "bankAccountSWIFT": "", "saftCode": "80", "groupingCode": "8060", "displayName": "8060 Valutagevinst (agio)", "requiresDepartment": false, "requiresProject": false, "invoicingDepartment": null, "isPostingsExist": false, "quantityType1": null, "quantityType2": null, "department": null}]}
  Iteration 4 took 1.9s

──────────────────────────────────────────────────
  ITERATION 5/25
──────────────────────────────────────────────────
  Tokens: prompt=17883 completion=29 total_session=84589
  Messages: 11 (64,665 chars)
  Tool calls (1):
    [1] tripletex_api({"method":"GET","path":"/ledger/account","params":{"number":"1920"}})
    ┌─ API GET /ledger/account
    │  params: {"number": "1920"}
    └─ 200 OK (0.5s) [1 items]
    │  response: {"fullResultSize": 1, "from": 0, "count": 1, "versionDigest": "'If-None-Match' header not specified", "values": [{"id": 474404518, "version": 1, "url": "kkpqfuj-amager.tripletex.dev/v2/ledger/account/474404518", "number": 1920, "numberPretty": "1920", "name": "Bankinnskudd", "description": "", "type": "ASSETS", "legalVatTypes": [{"id": 0, "url": "kkpqfuj-amager.tripletex.dev/v2/ledger/vatType/0"}], "ledgerType": "GENERAL", "balanceGroup": "Ikke i en saldogruppe.", "vatType": {"id": 0, "url": "kkpqfuj-amager.tripletex.dev/v2/ledger/vatType/0"}, "vatLocked": true, "currency": {"id": 1, "url": "kkpqfuj-amager.tripletex.dev/v2/currency/1"}, "isCloseable": false, "isApplicableForSupplierInvoice": false, "requireReconciliation": true, "isInactive": false, "isBankAccount": true, "isInvoiceAccount": true, "bankAccountNumber": "12345678903", "bankAccountCountry": {"id": 161, "url": "kkpqfuj-amager.tripletex.dev/v2/country/161"}, "bankName": "", "bankAccountIBAN": "", "bankAccountSWIFT": "", "saftCode": "19", "groupingCode": "1920", "displayName": "1920 Bankinnskudd", "requiresDepartment": false, "requiresProject": false, "invoicingDepartment": null, "isPostingsExist": true, "quantityType1": null, "quantityType2": null, "department": null}]}
  Iteration 5 took 1.4s

──────────────────────────────────────────────────
  ITERATION 6/25
──────────────────────────────────────────────────
  Tokens: prompt=18342 completion=149 total_session=103080
  Messages: 13 (65,916 chars)
  Tool calls (1):
    [1] tripletex_api({"method":"POST","path":"/ledger/voucher","body":{"date":"2026-03-21","description":"Exchange rate difference for payment of invoice 1 from Ironbridge Ltd","postings":[{"row":1,"date":"2026-03-21","amountGross":5710.75,"amountGrossCurrency":5710.75,"account":{"id":474404518},"vatType":{"id":0}},{"row":2,"date":"2026-03-21","amountGross":-5710.75,"amountGrossCurrency":-5710.75,"account":{"id":474404870},"vatType":{"id":0}}]}})
    ┌─ API POST /ledger/voucher
    │  body:   {"date": "2026-03-21", "description": "Exchange rate difference for payment of invoice 1 from Ironbridge Ltd", "postings": [{"row": 1, "date": "2026-03-21", "amountGross": 5710.75, "amountGrossCurrency": 5710.75, "account": {"id": 474404518}, "vatType": {"id": 0}}, {"row": 2, "date": "2026-03-21", "amountGross": -5710.75, "amountGrossCurrency": -5710.75, "account": {"id": 474404870}, "vatType": {"id": 0}}]}
    └─ 201 OK (0.8s) id=609173101
    │  response: {"value": {"id": 609173101, "version": 5, "url": "kkpqfuj-amager.tripletex.dev/v2/ledger/voucher/609173101", "date": "2026-03-21", "number": 2, "tempNumber": 0, "year": 2026, "description": "Exchange rate difference for payment of invoice 1 from Ironbridge Ltd", "voucherType": null, "reverseVoucher": null, "postings": [{"id": 3845862863, "version": 1, "url": "kkpqfuj-amager.tripletex.dev/v2/ledger/posting/3845862863", "voucher": {"id": 609173101, "url": "kkpqfuj-amager.tripletex.dev/v2/ledger/voucher/609173101"}, "date": "2026-03-21", "description": "Exchange rate difference for payment of invoice 1 from Ironbridge Ltd", "account": {"id": 474404518, "url": "kkpqfuj-amager.tripletex.dev/v2/ledger/account/474404518"}, "amortizationAccount": null, "amortizationStartDate": null, "amortizationEndDate": null, "customer": null, "supplier": null, "employee": null, "project": null, "product": null, "department": null, "vatType": {"id": 0, "url": "kkpqfuj-amager.tripletex.dev/v2/ledger/vatType/0"}, "amount": 5710.75, "amountCurrency": 5710.75, "amountGross": 5710.75, "amountGrossCurrency": 5710.75, "currency": {"id": 1, "url": "kkpqfuj-amager.tripletex.dev/v2/currency/1"}, "closeGroup": null, "invoiceNumber": "", "termOfPayment": null, "row": 1, "type": null, "externalRef": "", "systemGenerated": false, "taxTransactionType": "(Ikke valgt)", "taxTransactionTypeId": 0, "matched": false, "quantityAmount1": 0, "quantityType1": null, "quantityAmount2": 0, "quantityType2": null, "isVatReadon…
  Iteration 6 took 2.6s

──────────────────────────────────────────────────
  ITERATION 7/25
──────────────────────────────────────────────────
  Tokens: prompt=19556 completion=9 total_session=122645
  Messages: 15 (69,153 chars)
  Tool calls (1):
    [1] done()

  ⏳ Verifying task completion (272s remaining)...
  📋 Verification prompt (4278 chars):
    │ TASK: We sent an invoice for 11671 EUR to Ironbridge Ltd (org no. 915238106) when the exchange rate was 11.22 NOK/EUR. The customer has now paid, but the rate is 11.71 NOK/EUR. Register the payment and post the exchange rate difference (agio) to the correct account.
    │ 
    │ TASK TYPE: Payment with exchange rate difference (agio/disagio).
    │ Check these SPECIFIC things:
    │ - Payment registered for full invoice amount (closes the invoice)?
    │ - Exchange rate difference calculated correctly: EUR_amount × new_rate − invoice_NOK_amount?
    │ - Agio (gain) booked to account 8060, or disagio (loss) to 8160?
    │   Account 8080 is WRONG — that's for financial instruments, not exchange rates!
    │ - Journal voucher has at LEAST 2 postings that sum to zero?
    │   A voucher with only 1 posting is ALWAYS wrong (amounts will be zero)!
    │ - If any created voucher shows amount=0 or amountCurrency=0, the postings failed!
    │ 
    │ ACTION LOG (chronological):
    │ CALL: tripletex_api({"method":"GET","path":"/invoice","params":{"invoiceDateFrom":"2000-01-01","invoiceDateTo":"2030-12-31"}})
    │ status=ok
    │ CALL: tripletex_api({"method":"GET","path":"/invoice/paymentType"})
    │ status=ok
    │ CALL: tripletex_api({"method":"PUT","path":"/invoice/2147642482/:payment","params":{"paymentDate":"2026-03-21","paymentTypeId":37464000,"paidAmount":14588.75,"paidAmountCurrency":14588.75}})
    │ status=ok id=2147642482 amount=14588.75 amountCurrency=14588.75 invoiceNumber=1
    │ CALL: tripletex_api({"method":"GET","path":"/ledger/account","params":{"number":"8060"}})
    │ status=ok
    │ CALL: tripletex_api({"method":"GET","path":"/ledger/account","params":{"number":"1920"}})
    │ status=ok
    │ CALL: tripletex_api({"method":"POST","path":"/ledger/voucher","body":{"date":"2026-03-21","description":"Exchange rate difference for payment of invoice 1 from Ironbridge Ltd","postings":[{"row":1,"date":"2026-03-21","amountGross":5710.75,"amountGrossCurrency":5710.75,"account":{"id":474404518},"vatType":{"id":0}},{"ro)
    │ status=ok id=609173101
    │ CALL: done({})
    │ 
    │ You are an accounting verification agent. Based ONLY on the action log above, check:
    │ 1. MATH: All amounts, percentages, VAT calculations correct? (e.g. if task says 50% of 274950, invoice total incl VAT must be 137475)
    │ 2. COMPLETENESS: Were all steps in the task done? Look at the CALL entries — if the action log shows the step was performed with status=ok, it WAS done. Do NOT say a step is missing if you can see it in the log!
    │ IMPORTANT: 'Fakturer'/'Invoice' just means create an invoice — do NOT require sending unless the task explicitly says send/sende/enviar/envoyer/senden!
    │ 3. DATA: Names, org numbers, dates match the task?
    │ 4. AMOUNTS: If any created entity shows amount=0 or totalAmount=0 in the response, that is WRONG — the postings failed silently. EXCEPTION: Supplier invoice (supplierInvoice) responses normally show amount=0 — this is OK.
    │ 5. BUDGET vs INVOICE: NEVER flag a mismatch between project budget and invoice total. For fixed-price projects the invoice excl. VAT matches the fixedprice — this is CORRECT. For other projects, invoice is based on actual work/costs. Either way, do NOT fail on budget vs invoice differences.
    │ 6. PAYMENT AMOUNTS: Invoice payments and reversals use the FULL amount INCLUDING VAT, not excl. VAT. If the task says 'X NOK excl. VAT', the correct payment/reversal amount is X × 1.25 (Norwegian 25% VAT). Do NOT flag a mismatch between excl. VAT amounts in the task and incl. VAT payment amounts.
    │ 7. VAT BREAKDOWN: If the total invoice amount matches the expected sum, do NOT fail on 'VAT breakdown not reflected' or similar vague VAT concerns. Only fail if a specific line item has the WRONG VAT rate applied.
    │ 
    │ CRITICAL: Be CONSERVATIVE. When in doubt, say PASS.
    │ Only say FAIL for CLEAR, OBJECTIVE, SPECIFIC errors (wrong math, completely missing step, wrong name).
    │ Do NOT say FAIL for: vague concerns, 'might be wrong', uncertain issues, minor stylistic differences, or steps you cannot confirm from the log (absence of evidence is NOT evidence of absence).
    │ A false FAIL causes MORE damage than a missed error. When uncertain, ALWAYS say PASS.
    │ If the action log shows all main steps completed with status=ok, say PASS.
    │ 
    │ Reply ONLY with either:
    │ - 'PASS' if everything looks correct or you are unsure
    │ - 'FAIL: <specific issue>' ONLY if there is an obvious, objective error
  🔍 Verification (1098 tokens): PASS

  ✓ DONE — 7 iterations, 122645 tokens, 17.5s

======================================================================
  TASK COMPLETE — total 18.2s
======================================================================

