
======================================================================
  NEW TASK RECEIVED
  Version: unknown
======================================================================
  Prompt: Nous avons besoin de la depense Flybillett de ce recu enregistree au departement IT. Utilisez le bon compte de charges et assurez le traitement correct de la TVA.
  Files:  1
  URL:    https://tx-proxy-jwanbnu3pq-lz.a.run.app/v2
    - files/kvittering_fr_02.pdf (application/pdf)
──────────────────────────────────────────────────────────────────────
    [file] Extracted 207 chars from PDF: files/kvittering_fr_02.pdf

──────────────────────────────────────────────────
  ITERATION 1/25
──────────────────────────────────────────────────
  Tokens: prompt=14654 completion=131 total_session=14785
  GPT says: To register the Flybillett expense correctly, we need to follow these steps:

1. **Look up the correct cost category for "Fly" (plane tickets) and the appropriate payment type.**
2. **Use the accurate expense account, considering it's associated with IT department expenses.**
3. **Register the cost in the travel expense report for the specified department (IT).**

Let's proceed with these steps.

First, I'll get the cost categories for travel expenses to identify the one that matches Fly (plane 
  Messages: 3 (55,118 chars)
  Tool calls (1):
    [1] tripletex_api({"method":"GET","path":"/travelExpense/costCategory"})
    ┌─ API GET /travelExpense/costCategory
    └─ 200 OK (0.5s) [36 items]
    │  response: {"fullResultSize": 36, "from": 0, "count": 36, "versionDigest": "'If-None-Match' header not specified", "values": [{"id": 36803635, "version": 0, "url": "kkpqfuj-amager.tripletex.dev/v2/travelExpense/costCategory/36803635", "description": "Bredbånd", "account": {"id": 467274826, "url": "kkpqfuj-amager.tripletex.dev/v2/ledger/account/467274826"}, "vatType": {"id": 1, "url": "kkpqfuj-amager.tripletex.dev/v2/ledger/vatType/1"}, "isVatLocked": false, "showOnTravelExpenses": false, "showOnEmployeeExpenses": true, "isInactive": false, "sequence": 10, "displayName": "Bredbånd"}, {"id": 36803636, "version": 0, "url": "kkpqfuj-amager.tripletex.dev/v2/travelExpense/costCategory/36803636", "description": "Kontorrekvisita", "account": {"id": 467274820, "url": "kkpqfuj-amager.tripletex.dev/v2/ledger/account/467274820"}, "vatType": {"id": 1, "url": "kkpqfuj-amager.tripletex.dev/v2/ledger/vatType/1"}, "isVatLocked": false, "showOnTravelExpenses": false, "showOnEmployeeExpenses": true, "isInactive": false, "sequence": 11, "displayName": "Kontorrekvisita"}, {"id": 36803637, "version": 0, "url": "kkpqfuj-amager.tripletex.dev/v2/travelExpense/costCategory/36803637", "description": "Data/EDB-kostnad", "account": {"id": 467274821, "url": "kkpqfuj-amager.tripletex.dev/v2/ledger/account/467274821"}, "vatType": {"id": 1, "url": "kkpqfuj-amager.tripletex.dev/v2/ledger/vatType/1"}, "isVatLocked": false, "showOnTravelExpenses": false, "showOnEmployeeExpenses": true, "isInactive": false, "sequence": 12,…
  Iteration 1 took 2.8s

──────────────────────────────────────────────────
  ITERATION 2/25
──────────────────────────────────────────────────
  Tokens: prompt=17595 completion=89 total_session=32469
  GPT says: The cost category for "Fly" (plane tickets) is found with the following details:
- **Cost Category ID:** 36803650
- **Account ID:** 467274836

Next, I will look up the VAT type for this cost category, as it relates to expenses with 25% VAT.
  Messages: 5 (63,372 chars)
  Tool calls (1):
    [1] tripletex_api({"method":"GET","path":"/ledger/vatType"})
    ┌─ API GET /ledger/vatType
    └─ 200 OK (0.8s) [56 items]
    │  response: {"fullResultSize": 56, "from": 0, "count": 56, "versionDigest": "'If-None-Match' header not specified", "values": [{"id": 1, "version": 0, "url": "kkpqfuj-amager.tripletex.dev/v2/ledger/vatType/1", "name": "Fradrag inngående avgift, høy sats", "number": "1", "displayName": "1: (25%) Fradrag inngående avgift, høy sats", "percentage": 25, "deductionPercentage": 100.0, "parentType": {"id": 0, "url": "kkpqfuj-amager.tripletex.dev/v2/ledger/vatType/0"}}, {"id": 2, "version": 0, "url": "kkpqfuj-amager.tripletex.dev/v2/ledger/vatType/2", "name": "Direktepostert fradrag inngående avgift, høy sats (mva-kode utgikk 01.01.2017)", "number": "UT-2", "displayName": "UT-2: (100%) Direktepostert fradrag inngående avgift, høy sats (mva-kode utgikk 01.01.2017)", "percentage": 100.0, "deductionPercentage": 100.0, "parentType": {"id": 0, "url": "kkpqfuj-amager.tripletex.dev/v2/ledger/vatType/0"}}, {"id": 3, "version": 0, "url": "kkpqfuj-amager.tripletex.dev/v2/ledger/vatType/3", "name": "Utgående avgift, høy sats", "number": "3", "displayName": "3: (25%) Utgående avgift, høy sats", "percentage": 25, "deductionPercentage": 100.0, "parentType": {"id": 0, "url": "kkpqfuj-amager.tripletex.dev/v2/ledger/vatType/0"}}, {"id": 4, "version": 0, "url": "kkpqfuj-amager.tripletex.dev/v2/ledger/vatType/4", "name": "Direktepostert utgående avgift, høy sats", "number": "4", "displayName": "4: (100%) Direktepostert utgående avgift, høy sats", "percentage": 100.0, "deductionPercentage": 100.0, "parentType": {"id…
  Iteration 2 took 2.7s

──────────────────────────────────────────────────
  ITERATION 3/25
──────────────────────────────────────────────────
  Tokens: prompt=20694 completion=113 total_session=53276
  GPT says: The correct VAT type for expenses with 25% VAT is found:
- **VAT Type ID:** 1 (Fradrag inngående avgift, høy sats)

Since the task specifies registering the Flybillett expense as part of the IT department, let's ensure we use the correct details for the cost category, account, and VAT setup.

Next, I will check the available departments to confirm the IT department's details or create it if necessary.
  Messages: 7 (71,790 chars)
  Tool calls (1):
    [1] tripletex_api({"method":"GET","path":"/department"})
    ┌─ API GET /department
    └─ 200 OK (0.4s) [3 items]
    │  response: {"fullResultSize": 3, "from": 0, "count": 3, "versionDigest": "'If-None-Match' header not specified", "values": [{"id": 945714, "version": 0, "url": "kkpqfuj-amager.tripletex.dev/v2/department/945714", "name": "Avdeling", "departmentNumber": "", "departmentManager": null, "displayName": "Avdeling", "isInactive": false, "businessActivityTypeId": 0}, {"id": 945723, "version": 0, "url": "kkpqfuj-amager.tripletex.dev/v2/department/945723", "name": "IT", "departmentNumber": "", "departmentManager": null, "displayName": "IT", "isInactive": false, "businessActivityTypeId": 0}, {"id": 945724, "version": 0, "url": "kkpqfuj-amager.tripletex.dev/v2/department/945724", "name": "Utvikling", "departmentNumber": "", "departmentManager": null, "displayName": "Utvikling", "isInactive": false, "businessActivityTypeId": 0}]}
  Iteration 3 took 3.1s

──────────────────────────────────────────────────
  ITERATION 4/25
──────────────────────────────────────────────────
  Tokens: prompt=21087 completion=70 total_session=74433
  GPT says: The IT department is already available:
- **IT Department ID:** 945723

Now, I'll proceed to register the expense for the Flybillett as part of the IT department with the correct account and VAT setup.
  Messages: 9 (72,808 chars)
  Tool calls (1):
    [1] tripletex_api({"method":"GET","path":"/travelExpense/paymentType"})
    ┌─ API GET /travelExpense/paymentType
    └─ 200 OK (0.3s) [1 items]
    │  response: {"fullResultSize": 1, "from": 0, "count": 1, "versionDigest": "'If-None-Match' header not specified", "values": [{"id": 36803634, "version": 0, "url": "kkpqfuj-amager.tripletex.dev/v2/travelExpense/paymentType/36803634", "description": "Privat utlegg", "account": {"id": 467274630, "url": "kkpqfuj-amager.tripletex.dev/v2/ledger/account/467274630"}, "showOnTravelExpenses": true, "showOnEmployeeExpenses": true, "isInactive": false, "displayName": "Privat utlegg"}]}
  Iteration 4 took 2.0s

──────────────────────────────────────────────────
  ITERATION 5/25
──────────────────────────────────────────────────
  Tokens: prompt=21325 completion=61 total_session=95819
  Messages: 11 (73,274 chars)
  Tool calls (1):
    [1] tripletex_api({"method":"POST","path":"/travelExpense/cost","body":{"travelExpense":{"id":36803650},"costCategory":{"id":36803650},"paymentType":{"id":36803634},"amountCurrencyIncVat":2200}})
    ┌─ API POST /travelExpense/cost
    │  body:   {"travelExpense": {"id": 36803650}, "costCategory": {"id": 36803650}, "paymentType": {"id": 36803634}, "amountCurrencyIncVat": 2200}
    └─ 422 ERR (0.3s) {"status": 422, "code": 18000, "message": "Validering feilet.", "link": "https://tripletex.no/v2-docs/", "developerMessage": "VALIDATION_ERROR", "validationMessages": [{"field": "cost", "message": "ID-en må referere til et gyldig object.", "path": "cost", "rootId": null}], "requestId": "a940da76-3bd2-4fde-8423-f3e436c57346", "_status_code": 422}
    │  response: {"status": 422, "code": 18000, "message": "Validering feilet.", "link": "https://tripletex.no/v2-docs/", "developerMessage": "VALIDATION_ERROR", "validationMessages": [{"field": "cost", "message": "ID-en må referere til et gyldig object.", "path": "cost", "rootId": null}], "requestId": "a940da76-3bd2-4fde-8423-f3e436c57346", "_status_code": 422}
  Iteration 5 took 1.5s

──────────────────────────────────────────────────
  ITERATION 6/25
──────────────────────────────────────────────────
  Tokens: prompt=21515 completion=171 total_session=117505
  GPT says: It seems we encountered a validation error due to a missing valid travel expense object ID. We need to create a travel expense first, and then add the specific cost for the Flybillett.

Let's create the travel expense for the trip, specifying the IT department and the nature of the travel. Then, we'll add the Flybillett cost to it.
  Messages: 13 (73,954 chars)
  Tool calls (1):
    [1] tripletex_api({"method":"POST","path":"/travelExpense","body":{"employee":{"id":1},"title":"Flybillett til IT avdeling","date":"2026-03-21","department":{"id":945723},"travelDetails":{"departureDate":"2026-03-16","returnDate":"2026-03-17","destination":"Oslo","purpose":"IT konferanse","isDayTrip":false}}})
    ┌─ API POST /travelExpense
    │  body:   {"employee": {"id": 1}, "title": "Flybillett til IT avdeling", "date": "2026-03-21", "department": {"id": 945723}, "travelDetails": {"departureDate": "2026-03-16", "returnDate": "2026-03-17", "destination": "Oslo", "purpose": "IT konferanse", "isDayTrip": false}}
    └─ 422 ERR (0.4s) {"status": 422, "code": 18000, "message": "Validering feilet.", "link": "https://tripletex.no/v2-docs/", "developerMessage": "VALIDATION_ERROR", "validationMessages": [{"field": "employee.id", "message": "Brukertilgangen \"Det kan føres lønn, reiseregninger, utlegg m.m. på bruker\" er ikke aktivert på den valgte brukeren.", "path": "employee", "rootId": 11149263}], "requestId": "5162c1a1-b92f-4d0c-b073-bd75cc1891df", "_status_code": 422}
    │  response: {"status": 422, "code": 18000, "message": "Validering feilet.", "link": "https://tripletex.no/v2-docs/", "developerMessage": "VALIDATION_ERROR", "validationMessages": [{"field": "employee.id", "message": "Brukertilgangen \"Det kan føres lønn, reiseregninger, utlegg m.m. på bruker\" er ikke aktivert på den valgte brukeren.", "path": "employee", "rootId": 11149263}], "requestId": "5162c1a1-b92f-4d0c-b073-bd75cc1891df", "_status_code": 422}
  Iteration 6 took 3.1s

──────────────────────────────────────────────────
  ITERATION 7/25
──────────────────────────────────────────────────
  Tokens: prompt=21847 completion=83 total_session=139435
  GPT says: It appears that there's an access issue with the employee ID used for creating the travel expense. The error indicates missing permissions for the current employee setup.

Let's retrieve and set the correct employee details to ensure proper travel expense registration. I'll check the existing employees to identify a valid one for this entry.
  Messages: 15 (74,738 chars)
  Tool calls (1):
    [1] tripletex_api({"method":"GET","path":"/employee?fields=*"})
    │  [fix] extracted query params from path: {'fields': '*'}
    ┌─ API GET /employee
    │  params: {"fields": "*"}
    └─ 200 OK (0.3s) [1 items]
    │  response: {"fullResultSize": 1, "from": 0, "count": 1, "versionDigest": "Checksum not yet supported for this endpoint", "values": [{"id": 18645648, "version": 1, "url": "kkpqfuj-amager.tripletex.dev/v2/employee/18645648", "firstName": "Admin", "lastName": "NM", "displayName": "Admin NM", "employeeNumber": "", "dateOfBirth": null, "email": "nmiai-validator@test.no", "phoneNumberMobileCountry": {"id": 161, "url": "kkpqfuj-amager.tripletex.dev/v2/country/161"}, "phoneNumberMobile": "", "phoneNumberHome": "", "phoneNumberWork": "", "nationalIdentityNumber": "", "dnumber": "", "internationalId": {"intAmeldingType": null, "country": null, "number": ""}, "bankAccountNumber": "", "iban": "", "bic": "", "creditorBankCountryId": 0, "usesAbroadPayment": false, "userType": null, "allowInformationRegistration": true, "isContact": false, "isProxy": false, "comments": "", "address": null, "department": {"id": 945714, "url": "kkpqfuj-amager.tripletex.dev/v2/department/945714"}, "employments": [{"id": 2825661, "url": "kkpqfuj-amager.tripletex.dev/v2/employee/employment/2825661"}], "holidayAllowanceEarned": {"year": 0, "amount": 0.0, "basis": 0.0, "amountExtraHolidayWeek": 0.0}, "employeeCategory": null, "isAuthProjectOverviewURL": true, "pictureId": 0, "companyId": 108391340, "vismaConnect2FAactive": false}]}
  Iteration 7 took 2.2s

──────────────────────────────────────────────────
  ITERATION 8/25
──────────────────────────────────────────────────
  Tokens: prompt=22362 completion=151 total_session=161948
  GPT says: The existing employee in the system is "Admin NM". Using this employee, let's try to create the travel expense entry again, ensuring valid permissions. We'll rename the employee for task accuracy if necessary.

Let's proceed with creating the travel expense for the task.
  Messages: 17 (76,312 chars)
  Tool calls (1):
    [1] tripletex_api({"method":"POST","path":"/travelExpense","body":{"employee":{"id":18645648},"title":"Flybillett til IT avdeling","date":"2026-03-21","department":{"id":945723},"travelDetails":{"departureDate":"2026-03-16","returnDate":"2026-03-17","destination":"Oslo","purpose":"IT konferanse","isDayTrip":false}}})
    ┌─ API POST /travelExpense
    │  body:   {"employee": {"id": 18645648}, "title": "Flybillett til IT avdeling", "date": "2026-03-21", "department": {"id": 945723}, "travelDetails": {"departureDate": "2026-03-16", "returnDate": "2026-03-17", "destination": "Oslo", "purpose": "IT konferanse", "isDayTrip": false}}
    └─ 201 OK (0.9s) id=11149264
    │  response: {"value": {"id": 11149264, "version": 2, "url": "kkpqfuj-amager.tripletex.dev/v2/travelExpense/11149264", "attestationSteps": [], "attestation": null, "project": null, "employee": {"id": 18645648, "url": "kkpqfuj-amager.tripletex.dev/v2/employee/18645648"}, "approvedBy": null, "completedBy": null, "rejectedBy": null, "department": {"id": 945723, "url": "kkpqfuj-amager.tripletex.dev/v2/department/945723"}, "freeDimension1": null, "freeDimension2": null, "freeDimension3": null, "payslip": null, "vatType": {"id": 0, "url": "kkpqfuj-amager.tripletex.dev/v2/ledger/vatType/0"}, "paymentCurrency": {"id": 1, "url": "kkpqfuj-amager.tripletex.dev/v2/currency/1"}, "travelDetails": {"isForeignTravel": false, "isDayTrip": false, "isCompensationFromRates": false, "departureDate": "2026-03-16", "returnDate": "2026-03-17", "detailedJourneyDescription": "", "departureFrom": "", "destination": "Oslo", "departureTime": "", "returnTime": "", "purpose": "IT konferanse"}, "voucher": null, "attachment": null, "isCompleted": false, "isApproved": false, "rejectedComment": "", "isChargeable": false, "isFixedInvoicedAmount": false, "isMarkupInvoicedPercent": false, "isIncludeAttachedReceiptsWhenReinvoicing": false, "completedDate": null, "approvedDate": null, "date": "2026-03-17", "travelAdvance": 0, "fixedInvoicedAmount": 0, "markupInvoicedPercent": 0, "amount": 0, "chargeableAmountCurrency": 0.0, "paymentAmount": 0.0, "chargeableAmount": 0, "lowRateVAT": 0, "mediumRateVAT": 0, "highRateVAT": 0, "paym…
  Iteration 8 took 2.9s

──────────────────────────────────────────────────
  ITERATION 9/25
──────────────────────────────────────────────────
  Tokens: prompt=23316 completion=137 total_session=185401
  GPT says: The travel expense for the Flybillett has been successfully created with the following details:

- **ID:** 11149264
- **Title:** Flybillett til IT avdeling
- **Department:** IT
- **Travel Details:** From Oslo, for an IT conference

Now, I'll add the Flybillett cost detail to this travel expense.
  Messages: 19 (78,958 chars)
  Tool calls (1):
    [1] tripletex_api({"method":"POST","path":"/travelExpense/cost","body":{"travelExpense":{"id":11149264},"costCategory":{"id":36803650},"paymentType":{"id":36803634},"amountCurrencyIncVat":2200}})
    ┌─ API POST /travelExpense/cost
    │  body:   {"travelExpense": {"id": 11149264}, "costCategory": {"id": 36803650}, "paymentType": {"id": 36803634}, "amountCurrencyIncVat": 2200}
    └─ 201 OK (0.3s)
    │  response: {"value": {"url": "kkpqfuj-amager.tripletex.dev/v2/travelExpense/cost/20256240"}}
  Iteration 9 took 2.6s

──────────────────────────────────────────────────
  ITERATION 10/25
──────────────────────────────────────────────────
  Tokens: prompt=23495 completion=9 total_session=208905
  Messages: 21 (79,039 chars)
  Tool calls (1):
    [1] done()

  ⏳ Verifying task completion (256s remaining)...
  📋 Verification prompt (3399 chars):
    │ TASK: Nous avons besoin de la depense Flybillett de ce recu enregistree au departement IT. Utilisez le bon compte de charges et assurez le traitement correct de la TVA.
    │ 
    │ 
    │ ACTION LOG (chronological):
    │ CALL: tripletex_api({"method":"GET","path":"/travelExpense/costCategory"})
    │ CALL: tripletex_api({"method":"GET","path":"/ledger/vatType"})
    │ CALL: tripletex_api({"method":"GET","path":"/department"})
    │ status=ok
    │ CALL: tripletex_api({"method":"GET","path":"/travelExpense/paymentType"})
    │ status=ok
    │ CALL: tripletex_api({"method":"POST","path":"/travelExpense/cost","body":{"travelExpense":{"id":36803650},"costCategory":{"id":36803650},"paymentType":{"id":36803634},"amountCurrencyIncVat":2200}})
    │ status=422
    │ CALL: tripletex_api({"method":"POST","path":"/travelExpense","body":{"employee":{"id":1},"title":"Flybillett til IT avdeling","date":"2026-03-21","department":{"id":945723},"travelDetails":{"departureDate":"2026-03-16","returnDate":"2026-03-17","destination":"Oslo","purpose":"IT konferanse","isDayTrip":false}}})
    │ status=422
    │ CALL: tripletex_api({"method":"GET","path":"/employee?fields=*"})
    │ status=ok
    │ CALL: tripletex_api({"method":"POST","path":"/travelExpense","body":{"employee":{"id":18645648},"title":"Flybillett til IT avdeling","date":"2026-03-21","department":{"id":945723},"travelDetails":{"departureDate":"2026-03-16","returnDate":"2026-03-17","destination":"Oslo","purpose":"IT konferanse","isDayTrip":false}}})
    │ status=ok id=11149264 amount=0
    │ CALL: tripletex_api({"method":"POST","path":"/travelExpense/cost","body":{"travelExpense":{"id":11149264},"costCategory":{"id":36803650},"paymentType":{"id":36803634},"amountCurrencyIncVat":2200}})
    │ status=ok
    │ CALL: done({})
    │ 
    │ You are an accounting verification agent. Based ONLY on the action log above, check:
    │ 1. MATH: All amounts, percentages, VAT calculations correct? (e.g. if task says 50% of 274950, invoice total incl VAT must be 137475)
    │ 2. COMPLETENESS: Were all steps in the task done? Look at the CALL entries — if the action log shows the step was performed with status=ok, it WAS done. Do NOT say a step is missing if you can see it in the log!
    │ IMPORTANT: 'Fakturer'/'Invoice' just means create an invoice — do NOT require sending unless the task explicitly says send/sende/enviar/envoyer/senden!
    │ 3. DATA: Names, org numbers, dates match the task?
    │ 4. AMOUNTS: If any created entity shows amount=0 or totalAmount=0 in the response, that is WRONG — the postings failed silently. EXCEPTION: Supplier invoice (supplierInvoice) responses normally show amount=0 — this is OK.
    │ 5. BUDGET vs INVOICE: NEVER flag a mismatch between project budget and invoice total. For fixed-price projects the invoice excl. VAT matches the fixedprice — this is CORRECT. For other projects, invoice is based on actual work/costs. Either way, do NOT fail on budget vs invoice differences.
    │ 
    │ CRITICAL: Be CONSERVATIVE. When in doubt, say PASS.
    │ Only say FAIL for CLEAR, OBJECTIVE, SPECIFIC errors (wrong math, completely missing step, wrong name).
    │ Do NOT say FAIL for: vague concerns, 'might be wrong', uncertain issues, minor stylistic differences, or steps you cannot confirm from the log (absence of evidence is NOT evidence of absence).
    │ If the action log shows all main steps completed with status=ok, say PASS.
    │ 
    │ Reply ONLY with either:
    │ - 'PASS' if everything looks correct or you are unsure
    │ - 'FAIL: <specific issue>' ONLY if there is an obvious, objective error
  🔍 Verification (897 tokens): PASS

  ✓ DONE — 10 iterations, 208905 tokens, 23.6s

======================================================================
  TASK COMPLETE — total 24.6s
======================================================================

