
======================================================================
  NEW TASK RECEIVED
  Version: unknown
======================================================================
  Prompt: Create the product "Orange Juice" with product number 1043. The price is 40400 NOK excluding VAT, using the 15% food and beverage VAT rate.
  Files:  0
  URL:    https://tx-proxy-jwanbnu3pq-lz.a.run.app/v2
──────────────────────────────────────────────────────────────────────

──────────────────────────────────────────────────
  ITERATION 1/25
──────────────────────────────────────────────────
  Tokens: prompt=16878 completion=21 total_session=16899
  Messages: 3 (63,368 chars)
  Tool calls (1):
    [1] tripletex_api({"method":"GET","path":"/product"})
    ┌─ API GET /product
    └─ 200 OK (0.4s) [0 items]
    │  response: {"fullResultSize": 0, "from": 0, "count": 0, "versionDigest": "'If-None-Match' header not specified", "values": []}
  Iteration 1 took 1.2s

──────────────────────────────────────────────────
  ITERATION 2/25
──────────────────────────────────────────────────
  [github] Log pushed: 20260322_000835_3931_task_ok_8iter_køyr_løn_for.log (attempt 1)
  Tokens: prompt=16949 completion=24 total_session=33872
  Messages: 5 (63,483 chars)
  Tool calls (1):
    [1] tripletex_api({"method":"GET","path":"/ledger/vatType"})
    ┌─ API GET /ledger/vatType
  [github] Log pushed: 20260322_000849_5025_invoice_ok_6iter_voce_recebeu_uma.log (attempt 1)
    └─ 200 OK (0.4s) [56 items]
    │  [trim] condensed 56 items → key fields (10092 chars)
    │  response: {"fullResultSize": 56, "from": 0, "count": 56, "versionDigest": "'If-None-Match' header not specified", "values": [{"version": 0, "name": "Fradrag inngående avgift, høy sats", "number": "1", "id": 1, "displayName": "1: (25%) Fradrag inngående avgift, høy sats"}, {"version": 0, "name": "Direktepostert fradrag inngående avgift, høy sats (mva-kode utgikk 01.01.2017)", "number": "UT-2", "id": 2, "displayName": "UT-2: (100%) Direktepostert fradrag inngående avgift, høy sats (mva-kode utgikk 01.01.2017)"}, {"version": 0, "name": "Utgående avgift, høy sats", "number": "3", "id": 3, "displayName": "3: (25%) Utgående avgift, høy sats"}, {"version": 0, "name": "Direktepostert utgående avgift, høy sats", "number": "4", "id": 4, "displayName": "4: (100%) Direktepostert utgående avgift, høy sats"}, {"version": 0, "name": "Ingen utgående avgift (innenfor mva-loven)", "number": "5", "id": 5, "displayName": "5: (0%) Ingen utgående avgift (innenfor mva-loven)"}, {"version": 0, "name": "Ingen utgående avgift (utenfor mva-loven)", "number": "6", "id": 6, "displayName": "6: (0%) Ingen utgående avgift (utenfor mva-loven)"}, {"version": 0, "name": "Ingen avgiftsbehandling (inntekter)", "number": "7", "id": 7, "displayName": "7: (0%) Ingen avgiftsbehandling (inntekter)"}, {"version": 0, "name": "Fradrag inngående avgift, middels sats", "number": "11", "id": 11, "displayName": "11: (15%) Fradrag inngående avgift, middels sats"}, {"version": 0, "name": "Fradrag inngående avgift, lav sats", "number": …
  Iteration 2 took 1.1s

──────────────────────────────────────────────────
  ITERATION 3/25
──────────────────────────────────────────────────
  Tokens: prompt=19892 completion=21 total_session=53785
  Messages: 7 (71,497 chars)
  Tool calls (1):
    [1] tripletex_api({"method":"POST","path":"/product"})
    │  [fix] blocked POST without body: /product
  Iteration 3 took 0.8s

──────────────────────────────────────────────────
  ITERATION 4/25
──────────────────────────────────────────────────
  Tokens: prompt=19979 completion=50 total_session=73814
  Messages: 9 (71,705 chars)
  Tool calls (1):
    [1] tripletex_api({"method":"POST","path":"/product","body":{"name":"Orange Juice","number":"1043","priceExcludingVatCurrency":40400,"vatType":{"id":31}}})
    ┌─ API POST /product
    │  body:   {"name": "Orange Juice", "number": "1043", "priceExcludingVatCurrency": 40400, "vatType": {"id": 31}}
    └─ 201 OK (0.5s) id=84425806 name=Orange Juice
    │  response: {"value": {"id": 84425806, "version": 0, "url": "kkpqfuj-amager.tripletex.dev/v2/product/84425806", "name": "Orange Juice", "number": "1043", "displayNumber": "1043", "description": "", "orderLineDescription": "", "costExcludingVatCurrency": 0, "costPrice": 0, "priceExcludingVatCurrency": 40400, "priceIncludingVatCurrency": 46460.0, "isInactive": false, "productUnit": null, "incomingStock": 0, "outgoingStock": 0, "vatType": {"id": 31, "url": "kkpqfuj-amager.tripletex.dev/v2/ledger/vatType/31"}, "currency": {"id": 1, "url": "kkpqfuj-amager.tripletex.dev/v2/currency/1"}, "department": null, "account": null, "supplier": null, "resaleProduct": null, "isDeletable": false, "hasSupplierProductConnected": false, "image": null, "displayName": "1043 Orange Juice", "mainSupplierProduct": null, "isRoundPriceIncVat": false, "priceInTargetCurrency": 0, "purchasePriceCurrency": 0}}
  Iteration 4 took 1.6s

──────────────────────────────────────────────────
  ITERATION 5/25
──────────────────────────────────────────────────
  Tokens: prompt=20327 completion=9 total_session=94150
  Messages: 11 (72,584 chars)
  Tool calls (1):
    [1] done()

  ⏳ Verifying task completion (285s remaining)...
  📋 Verification prompt (3259 chars):
    │ TASK: Create the product "Orange Juice" with product number 1043. The price is 40400 NOK excluding VAT, using the 15% food and beverage VAT rate.
    │ 
    │ TASK TYPE: Multi-VAT invoice.
    │ Check these SPECIFIC things:
    │ - Customer created with correct name/org?
    │ - Each product has the CORRECT vatType matching its VAT rate (25%, 15%, 0%)?
    │ - Invoice total correct (sum of each product×qty with its specific VAT)?
    │ - Invoice sent if task says send?
    │ 
    │ ACTION LOG (chronological):
    │ CALL: tripletex_api({"method":"GET","path":"/product"})
    │ status=ok
    │ CALL: tripletex_api({"method":"GET","path":"/ledger/vatType"})
    │ CALL: tripletex_api({"method":"POST","path":"/product"})
    │ status=400
    │ CALL: tripletex_api({"method":"POST","path":"/product","body":{"name":"Orange Juice","number":"1043","priceExcludingVatCurrency":40400,"vatType":{"id":31}}})
    │ status=ok id=84425806 name=Orange Juice priceExcludingVatCurrency=40400 priceIncludingVatCurrency=46460.0
    │ CALL: done({})
    │ 
    │ You are an accounting verification agent. Based ONLY on the action log above, check:
    │ 1. MATH: All amounts, percentages, VAT calculations correct? (e.g. if task says 50% of 274950, invoice total incl VAT must be 137475)
    │ 2. COMPLETENESS: Were all steps in the task done? Look at the CALL entries — if the action log shows the step was performed with status=ok, it WAS done. Do NOT say a step is missing if you can see it in the log!
    │ IMPORTANT: 'Fakturer'/'Invoice' just means create an invoice — do NOT require sending unless the task explicitly says send/sende/enviar/envoyer/senden!
    │ 3. DATA: Names, org numbers, dates match the task?
    │ 4. AMOUNTS: If any created entity shows amount=0 or totalAmount=0 in the response, that is WRONG — the postings failed silently. EXCEPTION: Supplier invoice (supplierInvoice) responses normally show amount=0 — this is OK.
    │ 5. BUDGET vs INVOICE: NEVER flag a mismatch between project budget and invoice total. For fixed-price projects the invoice excl. VAT matches the fixedprice — this is CORRECT. For other projects, invoice is based on actual work/costs. Either way, do NOT fail on budget vs invoice differences.
    │ 6. PAYMENT AMOUNTS: Invoice payments and reversals use the FULL amount INCLUDING VAT, not excl. VAT. If the task says 'X NOK excl. VAT', the correct payment/reversal amount is X × 1.25 (Norwegian 25% VAT). Do NOT flag a mismatch between excl. VAT amounts in the task and incl. VAT payment amounts.
    │ 7. VAT BREAKDOWN: If the total invoice amount matches the expected sum, do NOT fail on 'VAT breakdown not reflected' or similar vague VAT concerns. Only fail if a specific line item has the WRONG VAT rate applied.
    │ 
    │ CRITICAL: Be CONSERVATIVE. When in doubt, say PASS.
    │ Only say FAIL for CLEAR, OBJECTIVE, SPECIFIC errors (wrong math, completely missing step, wrong name).
    │ Do NOT say FAIL for: vague concerns, 'might be wrong', uncertain issues, minor stylistic differences, or steps you cannot confirm from the log (absence of evidence is NOT evidence of absence).
    │ A false FAIL causes MORE damage than a missed error. When uncertain, ALWAYS say PASS.
    │ If the action log shows all main steps completed with status=ok, say PASS.
    │ 
    │ Reply ONLY with either:
    │ - 'PASS' if everything looks correct or you are unsure
    │ - 'FAIL: <specific issue>' ONLY if there is an obvious, objective error
  🔍 Verification (805 tokens): PASS

  ✓ DONE — 5 iterations, 94150 tokens, 5.4s

======================================================================
  TASK COMPLETE — total 6.1s
======================================================================

