
======================================================================
  NEW TASK RECEIVED
  Version: unknown
======================================================================
  Prompt: Créez le produit "Service réseau" avec le numéro de produit 2003. Le prix est de 28300 NOK hors TVA, avec le taux standard de 25 %.
  Files:  0
  URL:    https://tx-proxy-jwanbnu3pq-lz.a.run.app/v2
──────────────────────────────────────────────────────────────────────

──────────────────────────────────────────────────
  ITERATION 1/25
──────────────────────────────────────────────────
  Tokens: prompt=16451 completion=24 total_session=16475
  Messages: 3 (61,719 chars)
  Tool calls (1):
    [1] tripletex_api({"method":"GET","path":"/ledger/vatType"})
    ┌─ API GET /ledger/vatType
  [gcs] Upload failed: 403 POST https://storage.googleapis.com/upload/storage/v1/b/tripletex-agent-logs/o?uploadType=multipart: {
  "error": {
    "code": 403,
    "message": "52373769937-compute@developer.gserviceaccount.com does not have storage.objects.create access to the Google Cloud Storage object. Permission 'storage.objects.create' denied on resource (or it may not exist).",
    "errors": [
      {
        "message": "52373769937-compute@developer.gserviceaccount.com does not have storage.objects.create access to the Google Cloud Storage object. Permission 'storage.objects.create' denied on resource (or it may not exist).",
        "domain": "global",
        "reason": "forbidden"
      }
    ]
  }
}
: ('Request failed with status code', 403, 'Expected one of', <HTTPStatus.OK: 200>)
    └─ 200 OK (2.5s) [56 items]
    │  response: {"fullResultSize": 56, "from": 0, "count": 56, "versionDigest": "'If-None-Match' header not specified", "values": [{"id": 1, "version": 0, "url": "kkpqfuj-amager.tripletex.dev/v2/ledger/vatType/1", "name": "Fradrag inngående avgift, høy sats", "number": "1", "displayName": "1: (25%) Fradrag inngående avgift, høy sats", "percentage": 25, "deductionPercentage": 100.0, "parentType": {"id": 0, "url": "kkpqfuj-amager.tripletex.dev/v2/ledger/vatType/0"}}, {"id": 2, "version": 0, "url": "kkpqfuj-amager.tripletex.dev/v2/ledger/vatType/2", "name": "Direktepostert fradrag inngående avgift, høy sats (mva-kode utgikk 01.01.2017)", "number": "UT-2", "displayName": "UT-2: (100%) Direktepostert fradrag inngående avgift, høy sats (mva-kode utgikk 01.01.2017)", "percentage": 100.0, "deductionPercentage": 100.0, "parentType": {"id": 0, "url": "kkpqfuj-amager.tripletex.dev/v2/ledger/vatType/0"}}, {"id": 3, "version": 0, "url": "kkpqfuj-amager.tripletex.dev/v2/ledger/vatType/3", "name": "Utgående avgift, høy sats", "number": "3", "displayName": "3: (25%) Utgående avgift, høy sats", "percentage": 25, "deductionPercentage": 100.0, "parentType": {"id": 0, "url": "kkpqfuj-amager.tripletex.dev/v2/ledger/vatType/0"}}, {"id": 4, "version": 0, "url": "kkpqfuj-amager.tripletex.dev/v2/ledger/vatType/4", "name": "Direktepostert utgående avgift, høy sats", "number": "4", "displayName": "4: (100%) Direktepostert utgående avgift, høy sats", "percentage": 100.0, "deductionPercentage": 100.0, "parentType": {"id…
  Iteration 1 took 3.6s

──────────────────────────────────────────────────
  ITERATION 2/25
──────────────────────────────────────────────────
  [github] Log pushed: 20260321_223039_7850_invoice_ok_8iter_crea_una_factura.log (attempt 1)
  Tokens: prompt=19482 completion=21 total_session=35978
  Messages: 5 (69,733 chars)
  Tool calls (1):
    [1] tripletex_api({"method":"POST","path":"/product"})
    │  [fix] blocked POST without body: /product
  Iteration 2 took 1.0s

──────────────────────────────────────────────────
  ITERATION 3/25
──────────────────────────────────────────────────
  Tokens: prompt=19569 completion=50 total_session=55597
  Messages: 7 (69,941 chars)
  Tool calls (1):
    [1] tripletex_api({"method":"POST","path":"/product","body":{"name":"Service réseau","number":"2003","priceExcludingVatCurrency":28300,"vatType":{"id":3}}})
    ┌─ API POST /product
    │  body:   {"name": "Service réseau", "number": "2003", "priceExcludingVatCurrency": 28300, "vatType": {"id": 3}}
    └─ 201 OK (3.3s) id=84422178 name=Service réseau
    │  response: {"value": {"id": 84422178, "version": 0, "url": "kkpqfuj-amager.tripletex.dev/v2/product/84422178", "name": "Service réseau", "number": "2003", "displayNumber": "2003", "description": "", "orderLineDescription": "", "costExcludingVatCurrency": 0, "costPrice": 0, "priceExcludingVatCurrency": 28300, "priceIncludingVatCurrency": 35375.0, "isInactive": false, "productUnit": null, "incomingStock": 0, "outgoingStock": 0, "vatType": {"id": 3, "url": "kkpqfuj-amager.tripletex.dev/v2/ledger/vatType/3"}, "currency": {"id": 1, "url": "kkpqfuj-amager.tripletex.dev/v2/currency/1"}, "department": null, "account": null, "supplier": null, "resaleProduct": null, "isDeletable": false, "hasSupplierProductConnected": false, "image": null, "displayName": "2003 Service réseau", "mainSupplierProduct": null, "isRoundPriceIncVat": false, "priceInTargetCurrency": 0, "purchasePriceCurrency": 0}}
  Iteration 3 took 4.3s

──────────────────────────────────────────────────
  ITERATION 4/25
──────────────────────────────────────────────────
  Tokens: prompt=19917 completion=9 total_session=75523
  Messages: 9 (70,822 chars)
  Tool calls (1):
    [1] done()

  ⏳ Verifying task completion (280s remaining)...
  📋 Verification prompt (2903 chars):
    │ TASK: Créez le produit "Service réseau" avec le numéro de produit 2003. Le prix est de 28300 NOK hors TVA, avec le taux standard de 25 %.
    │ 
    │ 
    │ ACTION LOG (chronological):
    │ CALL: tripletex_api({"method":"GET","path":"/ledger/vatType"})
    │ CALL: tripletex_api({"method":"POST","path":"/product"})
    │ status=400
    │ CALL: tripletex_api({"method":"POST","path":"/product","body":{"name":"Service réseau","number":"2003","priceExcludingVatCurrency":28300,"vatType":{"id":3}}})
    │ status=ok id=84422178 name=Service réseau priceExcludingVatCurrency=28300 priceIncludingVatCurrency=35375.0
    │ CALL: done({})
    │ 
    │ You are an accounting verification agent. Based ONLY on the action log above, check:
    │ 1. MATH: All amounts, percentages, VAT calculations correct? (e.g. if task says 50% of 274950, invoice total incl VAT must be 137475)
    │ 2. COMPLETENESS: Were all steps in the task done? Look at the CALL entries — if the action log shows the step was performed with status=ok, it WAS done. Do NOT say a step is missing if you can see it in the log!
    │ IMPORTANT: 'Fakturer'/'Invoice' just means create an invoice — do NOT require sending unless the task explicitly says send/sende/enviar/envoyer/senden!
    │ 3. DATA: Names, org numbers, dates match the task?
    │ 4. AMOUNTS: If any created entity shows amount=0 or totalAmount=0 in the response, that is WRONG — the postings failed silently. EXCEPTION: Supplier invoice (supplierInvoice) responses normally show amount=0 — this is OK.
    │ 5. BUDGET vs INVOICE: NEVER flag a mismatch between project budget and invoice total. For fixed-price projects the invoice excl. VAT matches the fixedprice — this is CORRECT. For other projects, invoice is based on actual work/costs. Either way, do NOT fail on budget vs invoice differences.
    │ 6. PAYMENT AMOUNTS: Invoice payments and reversals use the FULL amount INCLUDING VAT, not excl. VAT. If the task says 'X NOK excl. VAT', the correct payment/reversal amount is X × 1.25 (Norwegian 25% VAT). Do NOT flag a mismatch between excl. VAT amounts in the task and incl. VAT payment amounts.
    │ 7. VAT BREAKDOWN: If the total invoice amount matches the expected sum, do NOT fail on 'VAT breakdown not reflected' or similar vague VAT concerns. Only fail if a specific line item has the WRONG VAT rate applied.
    │ 
    │ CRITICAL: Be CONSERVATIVE. When in doubt, say PASS.
    │ Only say FAIL for CLEAR, OBJECTIVE, SPECIFIC errors (wrong math, completely missing step, wrong name).
    │ Do NOT say FAIL for: vague concerns, 'might be wrong', uncertain issues, minor stylistic differences, or steps you cannot confirm from the log (absence of evidence is NOT evidence of absence).
    │ A false FAIL causes MORE damage than a missed error. When uncertain, ALWAYS say PASS.
    │ If the action log shows all main steps completed with status=ok, say PASS.
    │ 
    │ Reply ONLY with either:
    │ - 'PASS' if everything looks correct or you are unsure
    │ - 'FAIL: <specific issue>' ONLY if there is an obvious, objective error
  🔍 Verification (719 tokens): PASS

  ✓ DONE — 4 iterations, 75523 tokens, 9.6s

======================================================================
  TASK COMPLETE — total 10.1s
======================================================================

