
======================================================================
  NEW TASK RECEIVED
  Version: unknown
======================================================================
  Prompt: El cliente Solmar SL (org. nº 939332235) tiene una factura pendiente de 46700 NOK sin IVA por "Diseño web". Registre el pago completo de esta factura.
  Files:  0
  URL:    https://tx-proxy-jwanbnu3pq-lz.a.run.app/v2
──────────────────────────────────────────────────────────────────────
  [pre] Invoice/credit/payment task detected — ensuring bank account...
    ┌─ API GET /invoice/settings
    └─ 200 OK (1.6s) id=772576
  [bank] already ready
  [pre] Bank account setup: OK

──────────────────────────────────────────────────
  ITERATION 1/25
──────────────────────────────────────────────────
  Tokens: prompt=14930 completion=45 total_session=14975
  Messages: 3 (56,092 chars)
  Tool calls (1):
    [1] tripletex_api({"method":"GET","path":"/invoice","params":{"invoiceDateFrom":"2000-01-01","invoiceDateTo":"2030-12-31"}})
    ┌─ API GET /invoice
    │  params: {"invoiceDateFrom": "2000-01-01", "invoiceDateTo": "2030-12-31"}
    └─ 200 OK (1.6s) [2 items]
    │  response: {"fullResultSize": 2, "from": 0, "count": 2, "versionDigest": "'If-None-Match' header not specified", "values": [{"id": 2147570194, "version": 3, "url": "kkpqfuj-amager.tripletex.dev/v2/invoice/2147570194", "invoiceNumber": 1, "invoiceDate": "2026-03-01", "customer": {"id": 108321456, "url": "kkpqfuj-amager.tripletex.dev/v2/customer/108321456"}, "creditedInvoice": 0, "isCredited": false, "invoiceDueDate": "2026-03-31", "kid": "", "invoiceComment": "", "comment": "", "orders": [{"id": 401990063, "url": "kkpqfuj-amager.tripletex.dev/v2/order/401990063"}], "orderLines": [{"id": 1607533841, "url": "kkpqfuj-amager.tripletex.dev/v2/order/orderline/1607533841"}], "travelReports": [], "projectInvoiceDetails": [{"id": 1965756406, "url": "kkpqfuj-amager.tripletex.dev/v2/invoice/details/1965756406"}], "voucher": {"id": 608889018, "url": "kkpqfuj-amager.tripletex.dev/v2/ledger/voucher/608889018"}, "deliveryDate": "2026-03-01", "amount": 55937.5, "amountCurrency": 55937.5, "amountExcludingVat": 44750.0, "amountExcludingVatCurrency": 44750.0, "amountRoundoff": 0.0, "amountRoundoffCurrency": 0.0, "amountOutstanding": 55937.5, "amountCurrencyOutstanding": 55937.5, "amountOutstandingTotal": 55937.5, "amountCurrencyOutstandingTotal": 55937.5, "sumRemits": 0, "currency": {"id": 1, "url": "kkpqfuj-amager.tripletex.dev/v2/currency/1"}, "isCreditNote": false, "isCharged": true, "isApproved": false, "postings": [{"id": 3845087418, "url": "kkpqfuj-amager.tripletex.dev/v2/ledger/posting/3845087418"}]…
  Iteration 1 took 2.5s

──────────────────────────────────────────────────
  ITERATION 2/25
──────────────────────────────────────────────────
  Tokens: prompt=16100 completion=23 total_session=31098
  Messages: 5 (59,227 chars)
  Tool calls (1):
    [1] tripletex_api({"method":"GET","path":"/invoice/paymentType"})
    ┌─ API GET /invoice/paymentType
    └─ 200 OK (3.7s) [2 items]
    │  response: {"fullResultSize": 2, "from": 0, "count": 2, "versionDigest": "'If-None-Match' header not specified", "values": [{"id": 28058052, "version": 0, "url": "kkpqfuj-amager.tripletex.dev/v2/invoice/paymentType/28058052", "description": "Kontant", "displayName": "Kontant", "debitAccount": {"id": 372847002, "url": "kkpqfuj-amager.tripletex.dev/v2/ledger/account/372847002"}, "creditAccount": null, "vatType": {"id": 0, "url": "kkpqfuj-amager.tripletex.dev/v2/ledger/vatType/0"}, "sequence": 1, "customer": null, "supplier": null, "currencyId": 1, "currencyCode": "NOK"}, {"id": 28058053, "version": 0, "url": "kkpqfuj-amager.tripletex.dev/v2/invoice/paymentType/28058053", "description": "Betalt til bank", "displayName": "Betalt til bank", "debitAccount": {"id": 372847005, "url": "kkpqfuj-amager.tripletex.dev/v2/ledger/account/372847005"}, "creditAccount": null, "vatType": {"id": 0, "url": "kkpqfuj-amager.tripletex.dev/v2/ledger/vatType/0"}, "sequence": 2, "customer": null, "supplier": null, "currencyId": 1, "currencyCode": "NOK"}]}
  Iteration 2 took 4.7s

──────────────────────────────────────────────────
  ITERATION 3/25
──────────────────────────────────────────────────
  Tokens: prompt=16500 completion=65 total_session=47663
  Messages: 7 (60,260 chars)
  Tool calls (1):
    [1] tripletex_api({"method":"PUT","path":"/invoice/2147570199/:payment","params":{"paymentDate":"2026-03-21","paymentTypeId":28058053,"paidAmount":58375.0,"paidAmountCurrency":58375.0}})
    ┌─ API PUT /invoice/2147570199/:payment
    │  params: {"paymentDate": "2026-03-21", "paymentTypeId": 28058053, "paidAmount": 58375.0, "paidAmountCurrency": 58375.0}
    └─ 200 OK (2.2s) id=2147570199
    │  response: {"value": {"id": 2147570199, "version": 3, "url": "kkpqfuj-amager.tripletex.dev/v2/invoice/2147570199", "invoiceNumber": 2, "invoiceDate": "2026-03-01", "customer": {"id": 108321457, "url": "kkpqfuj-amager.tripletex.dev/v2/customer/108321457"}, "creditedInvoice": 0, "isCredited": false, "invoiceDueDate": "2026-03-31", "kid": "", "invoiceComment": "", "comment": "", "orders": [{"id": 401990066, "url": "kkpqfuj-amager.tripletex.dev/v2/order/401990066"}], "orderLines": [{"id": 1607533843, "url": "kkpqfuj-amager.tripletex.dev/v2/order/orderline/1607533843"}], "travelReports": [], "projectInvoiceDetails": [{"id": 1965756409, "url": "kkpqfuj-amager.tripletex.dev/v2/invoice/details/1965756409"}], "voucher": {"id": 608889021, "url": "kkpqfuj-amager.tripletex.dev/v2/ledger/voucher/608889021"}, "deliveryDate": "2026-03-01", "amount": 58375.0, "amountCurrency": 58375.0, "amountExcludingVat": 46700.0, "amountExcludingVatCurrency": 46700.0, "amountRoundoff": 0.0, "amountRoundoffCurrency": 0.0, "amountOutstanding": 0.0, "amountCurrencyOutstanding": 0.0, "amountOutstandingTotal": 0.0, "amountCurrencyOutstandingTotal": 0.0, "sumRemits": 0, "currency": {"id": 1, "url": "kkpqfuj-amager.tripletex.dev/v2/currency/1"}, "isCreditNote": false, "isCharged": true, "isApproved": false, "postings": [{"id": 3845087426, "url": "kkpqfuj-amager.tripletex.dev/v2/ledger/posting/3845087426"}, {"id": 3845696530, "url": "kkpqfuj-amager.tripletex.dev/v2/ledger/posting/3845696530"}], "reminders": [], "invoiceRema…
  Iteration 3 took 3.5s

──────────────────────────────────────────────────
  ITERATION 4/25
──────────────────────────────────────────────────
  Tokens: prompt=17147 completion=9 total_session=64819
  Messages: 9 (61,852 chars)
  Tool calls (1):
    [1] done()

  ⏳ Verifying task completion (277s remaining)...
  📋 Verification prompt (3006 chars):
    │ TASK: El cliente Solmar SL (org. nº 939332235) tiene una factura pendiente de 46700 NOK sin IVA por "Diseño web". Registre el pago completo de esta factura.
    │ 
    │ 
    │ ACTION LOG (chronological):
    │ CALL: tripletex_api({"method":"GET","path":"/invoice","params":{"invoiceDateFrom":"2000-01-01","invoiceDateTo":"2030-12-31"}})
    │ status=ok
    │ CALL: tripletex_api({"method":"GET","path":"/invoice/paymentType"})
    │ status=ok
    │ CALL: tripletex_api({"method":"PUT","path":"/invoice/2147570199/:payment","params":{"paymentDate":"2026-03-21","paymentTypeId":28058053,"paidAmount":58375.0,"paidAmountCurrency":58375.0}})
    │ status=ok id=2147570199 amount=58375.0 amountCurrency=58375.0 invoiceNumber=2
    │ CALL: done({})
    │ 
    │ You are an accounting verification agent. Based ONLY on the action log above, check:
    │ 1. MATH: All amounts, percentages, VAT calculations correct? (e.g. if task says 50% of 274950, invoice total incl VAT must be 137475)
    │ 2. COMPLETENESS: Were all steps in the task done? Look at the CALL entries — if the action log shows the step was performed with status=ok, it WAS done. Do NOT say a step is missing if you can see it in the log!
    │ IMPORTANT: 'Fakturer'/'Invoice' just means create an invoice — do NOT require sending unless the task explicitly says send/sende/enviar/envoyer/senden!
    │ 3. DATA: Names, org numbers, dates match the task?
    │ 4. AMOUNTS: If any created entity shows amount=0 or totalAmount=0 in the response, that is WRONG — the postings failed silently. EXCEPTION: Supplier invoice (supplierInvoice) responses normally show amount=0 — this is OK.
    │ 5. BUDGET vs INVOICE: NEVER flag a mismatch between project budget and invoice total. For fixed-price projects the invoice excl. VAT matches the fixedprice — this is CORRECT. For other projects, invoice is based on actual work/costs. Either way, do NOT fail on budget vs invoice differences.
    │ 6. PAYMENT AMOUNTS: Invoice payments and reversals use the FULL amount INCLUDING VAT, not excl. VAT. If the task says 'X NOK excl. VAT', the correct payment/reversal amount is X × 1.25 (Norwegian 25% VAT). Do NOT flag a mismatch between excl. VAT amounts in the task and incl. VAT payment amounts.
    │ 7. VAT BREAKDOWN: If the total invoice amount matches the expected sum, do NOT fail on 'VAT breakdown not reflected' or similar vague VAT concerns. Only fail if a specific line item has the WRONG VAT rate applied.
    │ 
    │ CRITICAL: Be CONSERVATIVE. When in doubt, say PASS.
    │ Only say FAIL for CLEAR, OBJECTIVE, SPECIFIC errors (wrong math, completely missing step, wrong name).
    │ Do NOT say FAIL for: vague concerns, 'might be wrong', uncertain issues, minor stylistic differences, or steps you cannot confirm from the log (absence of evidence is NOT evidence of absence).
    │ A false FAIL causes MORE damage than a missed error. When uncertain, ALWAYS say PASS.
    │ If the action log shows all main steps completed with status=ok, say PASS.
    │ 
    │ Reply ONLY with either:
    │ - 'PASS' if everything looks correct or you are unsure
    │ - 'FAIL: <specific issue>' ONLY if there is an obvious, objective error
  🔍 Verification (811 tokens): FAIL: Payment amount of 58375.0 NOK does not match the expected amount of 58375.0 NOK including VAT for an invoice of 46700 NOK excl. VAT (which should be 58375.0 NOK incl. VAT).
  ↩ Returning to agent to fix issue
  Iteration 4 took 2.0s

──────────────────────────────────────────────────
  ITERATION 5/25
──────────────────────────────────────────────────
  Tokens: prompt=17238 completion=111 total_session=82168
  GPT says: It seems there was an error in verifying the payment amount. Let's double-check.

The invoice amount excluding VAT is 46,700 NOK, and including VAT it totals 58,375 NOK. Let's make sure we're correctly registering the payment of 58,375 NOK for the invoice (ID: 2147570199). Both the excluded and included VAT amounts are correctly handled in the payment.

I will ensure this is correctly processed. Let me make sure the payment registration reflects these details accurately and retry.
  Messages: 11 (62,601 chars)
  Tool calls (1):
    [1] done()

  ✓ DONE — 5 iterations, 82168 tokens, 17.2s

======================================================================
  TASK COMPLETE — total 17.2s
======================================================================

