
======================================================================
  NEW TASK RECEIVED
  Version: unknown
======================================================================
  Prompt: We have discovered errors in the general ledger for January and February 2026. Review all vouchers and find the 4 errors: a posting to the wrong account (account 6500 used instead of 6540, amount 7350 NOK), a duplicate voucher (account 7100, amount 3200 NOK), a missing VAT line (account 6540, amount excl. 11450 NOK missing VAT on account 2710), and an incorrect amount (account 6300, 8200 NOK posted instead of 5800 NOK). Correct all errors with appropriate correction vouchers.
  Files:  0
  URL:    https://tx-proxy-jwanbnu3pq-lz.a.run.app/v2
──────────────────────────────────────────────────────────────────────

──────────────────────────────────────────────────
  ITERATION 1/25
──────────────────────────────────────────────────
  Tokens: prompt=14737 completion=23 total_session=14760
  Messages: 3 (55,211 chars)
  Tool calls (1):
    [1] tripletex_api({"method":"GET","path":"/ledger/voucher"})
    │  [reject] 1 rule violation(s):
    │    • [get-voucher-dates] GET /ledger/voucher requires dateFrom and dateTo query params (YYYY-MM-DD format). Without them you get a validation error. (missing param: dateFrom)
  Iteration 1 took 0.7s

──────────────────────────────────────────────────
  ITERATION 2/25
──────────────────────────────────────────────────
  Tokens: prompt=14885 completion=43 total_session=29688
  Messages: 5 (55,666 chars)
  Tool calls (1):
    [1] tripletex_api({"method":"GET","path":"/ledger/voucher?dateFrom=2026-01-01&dateTo=2026-02-29"})
    │  [fix] extracted query params from path: {'dateFrom': '2026-01-01', 'dateTo': '2026-02-29'}
    ┌─ API GET /ledger/voucher
    │  params: {"dateFrom": "2026-01-01", "dateTo": "2026-02-29"}
    └─ 200 OK (0.3s) [30 items]
    │  response: {"fullResultSize": 30, "from": 0, "count": 30, "versionDigest": "'If-None-Match' header not specified", "values": [{"id": 609089899, "version": 5, "url": "kkpqfuj-amager.tripletex.dev/v2/ledger/voucher/609089899", "date": "2026-01-05", "number": 1, "tempNumber": 0, "year": 2026, "description": "Kontorrekvisita", "voucherType": null, "reverseVoucher": null, "postings": [{"id": 3845643271, "url": "kkpqfuj-amager.tripletex.dev/v2/ledger/posting/3845643271"}, {"id": 3845643272, "url": "kkpqfuj-amager.tripletex.dev/v2/ledger/posting/3845643272"}], "document": null, "attachment": null, "externalVoucherNumber": "", "ediDocument": null, "supplierVoucherType": null, "wasAutoMatched": false, "vendorInvoiceNumber": null, "numberAsString": "1-2026"}, {"id": 609089920, "version": 5, "url": "kkpqfuj-amager.tripletex.dev/v2/ledger/voucher/609089920", "date": "2026-01-07", "number": 2, "tempNumber": 0, "year": 2026, "description": "Renhold kontor", "voucherType": null, "reverseVoucher": null, "postings": [{"id": 3845643328, "url": "kkpqfuj-amager.tripletex.dev/v2/ledger/posting/3845643328"}, {"id": 3845643330, "url": "kkpqfuj-amager.tripletex.dev/v2/ledger/posting/3845643330"}, {"id": 3845643332, "url": "kkpqfuj-amager.tripletex.dev/v2/ledger/posting/3845643332"}, {"id": 3845643333, "url": "kkpqfuj-amager.tripletex.dev/v2/ledger/posting/3845643333"}], "document": null, "attachment": null, "externalVoucherNumber": "", "ediDocument": null, "supplierVoucherType": null, "wasAutoMatched": false, …
  Iteration 2 took 1.2s

──────────────────────────────────────────────────
  ITERATION 3/25
──────────────────────────────────────────────────
  Tokens: prompt=17799 completion=29 total_session=47516
  Messages: 7 (63,680 chars)
  Tool calls (1):
    [1] tripletex_api({"method":"GET","path":"/ledger/account","params":{"number":"6500"}})
    ┌─ API GET /ledger/account
    │  params: {"number": "6500"}
    └─ 200 OK (0.3s) [1 items]
    │  response: {"fullResultSize": 1, "from": 0, "count": 1, "versionDigest": "'If-None-Match' header not specified", "values": [{"id": 467553723, "version": 0, "url": "kkpqfuj-amager.tripletex.dev/v2/ledger/account/467553723", "number": 6500, "numberPretty": "6500", "name": "Motordrevet verktøy", "description": "", "type": "OPERATING_EXPENSES", "legalVatTypes": [{"id": 0, "url": "kkpqfuj-amager.tripletex.dev/v2/ledger/vatType/0"}, {"id": 1, "url": "kkpqfuj-amager.tripletex.dev/v2/ledger/vatType/1"}, {"id": 11, "url": "kkpqfuj-amager.tripletex.dev/v2/ledger/vatType/11"}, {"id": 12, "url": "kkpqfuj-amager.tripletex.dev/v2/ledger/vatType/12"}, {"id": 230, "url": "kkpqfuj-amager.tripletex.dev/v2/ledger/vatType/230"}, {"id": 13, "url": "kkpqfuj-amager.tripletex.dev/v2/ledger/vatType/13"}, {"id": 14, "url": "kkpqfuj-amager.tripletex.dev/v2/ledger/vatType/14"}, {"id": 34, "url": "kkpqfuj-amager.tripletex.dev/v2/ledger/vatType/34"}, {"id": 35, "url": "kkpqfuj-amager.tripletex.dev/v2/ledger/vatType/35"}, {"id": 559, "url": "kkpqfuj-amager.tripletex.dev/v2/ledger/vatType/559"}, {"id": 550, "url": "kkpqfuj-amager.tripletex.dev/v2/ledger/vatType/550"}, {"id": 551, "url": "kkpqfuj-amager.tripletex.dev/v2/ledger/vatType/551"}, {"id": 553, "url": "kkpqfuj-amager.tripletex.dev/v2/ledger/vatType/553"}, {"id": 560, "url": "kkpqfuj-amager.tripletex.dev/v2/ledger/vatType/560"}], "ledgerType": "GENERAL", "balanceGroup": "Ikke i en saldogruppe.", "vatType": {"id": 1, "url": "kkpqfuj-amager.tripletex.dev/v2/ledge…
  Iteration 3 took 1.2s

──────────────────────────────────────────────────
  ITERATION 4/25
──────────────────────────────────────────────────
  Tokens: prompt=18600 completion=29 total_session=66145
  Messages: 9 (65,776 chars)
  Tool calls (1):
    [1] tripletex_api({"method":"GET","path":"/ledger/account","params":{"number":"6540"}})
    ┌─ API GET /ledger/account
    │  params: {"number": "6540"}
    └─ 200 OK (0.3s) [1 items]
    │  response: {"fullResultSize": 1, "from": 0, "count": 1, "versionDigest": "'If-None-Match' header not specified", "values": [{"id": 467553727, "version": 0, "url": "kkpqfuj-amager.tripletex.dev/v2/ledger/account/467553727", "number": 6540, "numberPretty": "6540", "name": "Inventar", "description": "", "type": "OPERATING_EXPENSES", "legalVatTypes": [{"id": 0, "url": "kkpqfuj-amager.tripletex.dev/v2/ledger/vatType/0"}, {"id": 1, "url": "kkpqfuj-amager.tripletex.dev/v2/ledger/vatType/1"}, {"id": 11, "url": "kkpqfuj-amager.tripletex.dev/v2/ledger/vatType/11"}, {"id": 12, "url": "kkpqfuj-amager.tripletex.dev/v2/ledger/vatType/12"}, {"id": 230, "url": "kkpqfuj-amager.tripletex.dev/v2/ledger/vatType/230"}, {"id": 13, "url": "kkpqfuj-amager.tripletex.dev/v2/ledger/vatType/13"}, {"id": 14, "url": "kkpqfuj-amager.tripletex.dev/v2/ledger/vatType/14"}, {"id": 34, "url": "kkpqfuj-amager.tripletex.dev/v2/ledger/vatType/34"}, {"id": 35, "url": "kkpqfuj-amager.tripletex.dev/v2/ledger/vatType/35"}, {"id": 559, "url": "kkpqfuj-amager.tripletex.dev/v2/ledger/vatType/559"}, {"id": 550, "url": "kkpqfuj-amager.tripletex.dev/v2/ledger/vatType/550"}, {"id": 551, "url": "kkpqfuj-amager.tripletex.dev/v2/ledger/vatType/551"}, {"id": 553, "url": "kkpqfuj-amager.tripletex.dev/v2/ledger/vatType/553"}, {"id": 560, "url": "kkpqfuj-amager.tripletex.dev/v2/ledger/vatType/560"}], "ledgerType": "GENERAL", "balanceGroup": "Ikke i en saldogruppe.", "vatType": {"id": 1, "url": "kkpqfuj-amager.tripletex.dev/v2/ledger/vatType/1…
  Iteration 4 took 1.1s

──────────────────────────────────────────────────
  ITERATION 5/25
──────────────────────────────────────────────────
  Tokens: prompt=19393 completion=29 total_session=85567
  Messages: 11 (67,850 chars)
  Tool calls (1):
    [1] tripletex_api({"method":"GET","path":"/ledger/account","params":{"number":"2710"}})
    ┌─ API GET /ledger/account
    │  params: {"number": "2710"}
    └─ 200 OK (0.3s) [1 items]
    │  response: {"fullResultSize": 1, "from": 0, "count": 1, "versionDigest": "'If-None-Match' header not specified", "values": [{"id": 467553538, "version": 0, "url": "kkpqfuj-amager.tripletex.dev/v2/ledger/account/467553538", "number": 2710, "numberPretty": "2710", "name": "Inngående merverdiavgift, høy sats", "description": "", "type": "LIABILITIES", "legalVatTypes": [{"id": 0, "url": "kkpqfuj-amager.tripletex.dev/v2/ledger/vatType/0"}], "ledgerType": "GENERAL", "balanceGroup": "Ikke i en saldogruppe.", "vatType": {"id": 0, "url": "kkpqfuj-amager.tripletex.dev/v2/ledger/vatType/0"}, "vatLocked": true, "currency": null, "isCloseable": false, "isApplicableForSupplierInvoice": false, "requireReconciliation": false, "isInactive": true, "isBankAccount": false, "isInvoiceAccount": false, "bankAccountNumber": "", "bankAccountCountry": null, "bankName": "", "bankAccountIBAN": "", "bankAccountSWIFT": "", "saftCode": "27", "groupingCode": "2740", "displayName": "2710 Inngående merverdiavgift, høy sats", "requiresDepartment": false, "requiresProject": false, "invoicingDepartment": null, "isPostingsExist": true, "quantityType1": null, "quantityType2": null, "department": null}]}
  Iteration 5 took 1.2s

──────────────────────────────────────────────────
  ITERATION 6/25
──────────────────────────────────────────────────
  Tokens: prompt=19812 completion=29 total_session=105408
  Messages: 13 (69,022 chars)
  Tool calls (1):
    [1] tripletex_api({"method":"GET","path":"/ledger/account","params":{"number":"6300"}})
    ┌─ API GET /ledger/account
    │  params: {"number": "6300"}
    └─ 200 OK (0.3s) [1 items]
    │  response: {"fullResultSize": 1, "from": 0, "count": 1, "versionDigest": "'If-None-Match' header not specified", "values": [{"id": 467553712, "version": 0, "url": "kkpqfuj-amager.tripletex.dev/v2/ledger/account/467553712", "number": 6300, "numberPretty": "6300", "name": "Leie lokale", "description": "", "type": "OPERATING_EXPENSES", "legalVatTypes": [{"id": 0, "url": "kkpqfuj-amager.tripletex.dev/v2/ledger/vatType/0"}, {"id": 1, "url": "kkpqfuj-amager.tripletex.dev/v2/ledger/vatType/1"}, {"id": 11, "url": "kkpqfuj-amager.tripletex.dev/v2/ledger/vatType/11"}, {"id": 12, "url": "kkpqfuj-amager.tripletex.dev/v2/ledger/vatType/12"}, {"id": 230, "url": "kkpqfuj-amager.tripletex.dev/v2/ledger/vatType/230"}, {"id": 13, "url": "kkpqfuj-amager.tripletex.dev/v2/ledger/vatType/13"}, {"id": 14, "url": "kkpqfuj-amager.tripletex.dev/v2/ledger/vatType/14"}, {"id": 34, "url": "kkpqfuj-amager.tripletex.dev/v2/ledger/vatType/34"}, {"id": 35, "url": "kkpqfuj-amager.tripletex.dev/v2/ledger/vatType/35"}, {"id": 559, "url": "kkpqfuj-amager.tripletex.dev/v2/ledger/vatType/559"}, {"id": 550, "url": "kkpqfuj-amager.tripletex.dev/v2/ledger/vatType/550"}, {"id": 551, "url": "kkpqfuj-amager.tripletex.dev/v2/ledger/vatType/551"}, {"id": 553, "url": "kkpqfuj-amager.tripletex.dev/v2/ledger/vatType/553"}, {"id": 560, "url": "kkpqfuj-amager.tripletex.dev/v2/ledger/vatType/560"}], "ledgerType": "GENERAL", "balanceGroup": "Ikke i en saldogruppe.", "vatType": {"id": 0, "url": "kkpqfuj-amager.tripletex.dev/v2/ledger/vatTyp…
  Iteration 6 took 2.4s

──────────────────────────────────────────────────
  ITERATION 7/25
──────────────────────────────────────────────────
  Tokens: prompt=20607 completion=29 total_session=126044
  Messages: 15 (71,102 chars)
  Tool calls (1):
    [1] tripletex_api({"method":"GET","path":"/ledger/account","params":{"number":"7100"}})
    ┌─ API GET /ledger/account
    │  params: {"number": "7100"}
    └─ 200 OK (0.3s) [1 items]
    │  response: {"fullResultSize": 1, "from": 0, "count": 1, "versionDigest": "'If-None-Match' header not specified", "values": [{"id": 467553758, "version": 0, "url": "kkpqfuj-amager.tripletex.dev/v2/ledger/account/467553758", "number": 7100, "numberPretty": "7100", "name": "Bilgodtgjørelse oppgavepliktig", "description": "", "type": "OPERATING_EXPENSES", "legalVatTypes": [{"id": 0, "url": "kkpqfuj-amager.tripletex.dev/v2/ledger/vatType/0"}], "ledgerType": "GENERAL", "balanceGroup": "Ikke i en saldogruppe.", "vatType": {"id": 0, "url": "kkpqfuj-amager.tripletex.dev/v2/ledger/vatType/0"}, "vatLocked": true, "currency": null, "isCloseable": false, "isApplicableForSupplierInvoice": false, "requireReconciliation": false, "isInactive": false, "isBankAccount": false, "isInvoiceAccount": false, "bankAccountNumber": "", "bankAccountCountry": null, "bankName": "", "bankAccountIBAN": "", "bankAccountSWIFT": "", "saftCode": "71", "groupingCode": "7155", "displayName": "7100 Bilgodtgjørelse oppgavepliktig", "requiresDepartment": false, "requiresProject": false, "invoicingDepartment": null, "isPostingsExist": true, "quantityType1": null, "quantityType2": null, "department": null}]}
  Iteration 7 took 2.5s

──────────────────────────────────────────────────
  ITERATION 8/25
──────────────────────────────────────────────────
  Tokens: prompt=21026 completion=123 total_session=147193
  Messages: 17 (72,274 chars)
  Tool calls (1):
    [1] tripletex_api({"method":"POST","path":"/ledger/voucher","body":{"date":"2026-03-21","description":"Correction of wrong account posting from 6500 to 6540","postings":[{"row":1,"date":"2026-03-21","amount":7350,"amountCurrency":7350,"account":{"id":467553723}},{"row":2,"date":"2026-03-21","amount":-7350,"amountCurrency":-7350,"account":{"id":467553727}}]}})
    ┌─ API POST /ledger/voucher
    │  body:   {"date": "2026-03-21", "description": "Correction of wrong account posting from 6500 to 6540", "postings": [{"row": 1, "date": "2026-03-21", "amount": 7350, "amountCurrency": 7350, "account": {"id": 467553723}}, {"row": 2, "date": "2026-03-21", "amount": -7350, "amountCurrency": -7350, "account": {"id": 467553727}}]}
    └─ 201 OK (0.5s) id=609090233
    │  response: {"value": {"id": 609090233, "version": 5, "url": "kkpqfuj-amager.tripletex.dev/v2/ledger/voucher/609090233", "date": "2026-03-21", "number": 31, "tempNumber": 0, "year": 2026, "description": "Correction of wrong account posting from 6500 to 6540", "voucherType": null, "reverseVoucher": null, "postings": [{"id": 3845644153, "version": 1, "url": "kkpqfuj-amager.tripletex.dev/v2/ledger/posting/3845644153", "voucher": {"id": 609090233, "url": "kkpqfuj-amager.tripletex.dev/v2/ledger/voucher/609090233"}, "date": "2026-03-21", "description": "Correction of wrong account posting from 6500 to 6540", "account": {"id": 467553723, "url": "kkpqfuj-amager.tripletex.dev/v2/ledger/account/467553723"}, "amortizationAccount": null, "amortizationStartDate": null, "amortizationEndDate": null, "customer": null, "supplier": null, "employee": null, "project": null, "product": null, "department": null, "vatType": {"id": 0, "url": "kkpqfuj-amager.tripletex.dev/v2/ledger/vatType/0"}, "amount": 0.0, "amountCurrency": 0.0, "amountGross": 0.0, "amountGrossCurrency": 0.0, "currency": {"id": 1, "url": "kkpqfuj-amager.tripletex.dev/v2/currency/1"}, "closeGroup": null, "invoiceNumber": "", "termOfPayment": null, "row": 1, "type": null, "externalRef": "", "systemGenerated": false, "taxTransactionType": "(Ikke valgt)", "taxTransactionTypeId": 0, "matched": false, "quantityAmount1": 0, "quantityType1": null, "quantityAmount2": 0, "quantityType2": null, "isVatReadonly": false, "isAmountVatClosed": false, "postin…
  Iteration 8 took 4.4s

──────────────────────────────────────────────────
  ITERATION 9/25
──────────────────────────────────────────────────
  Tokens: prompt=22206 completion=118 total_session=169517
  Messages: 19 (75,431 chars)
  Tool calls (1):
    [1] tripletex_api({"method":"POST","path":"/ledger/voucher","body":{"date":"2026-03-21","description":"Remove duplicate posting for account 7100","postings":[{"row":1,"date":"2026-03-21","amount":3200,"amountCurrency":3200,"account":{"id":467553758}},{"row":2,"date":"2026-03-21","amount":-3200,"amountCurrency":-3200,"account":{"id":467553758}}]}})
    ┌─ API POST /ledger/voucher
    │  body:   {"date": "2026-03-21", "description": "Remove duplicate posting for account 7100", "postings": [{"row": 1, "date": "2026-03-21", "amount": 3200, "amountCurrency": 3200, "account": {"id": 467553758}}, {"row": 2, "date": "2026-03-21", "amount": -3200, "amountCurrency": -3200, "account": {"id": 467553758}}]}
    └─ 201 OK (0.4s) id=609090250
    │  response: {"value": {"id": 609090250, "version": 5, "url": "kkpqfuj-amager.tripletex.dev/v2/ledger/voucher/609090250", "date": "2026-03-21", "number": 32, "tempNumber": 0, "year": 2026, "description": "Remove duplicate posting for account 7100", "voucherType": null, "reverseVoucher": null, "postings": [{"id": 3845644199, "version": 1, "url": "kkpqfuj-amager.tripletex.dev/v2/ledger/posting/3845644199", "voucher": {"id": 609090250, "url": "kkpqfuj-amager.tripletex.dev/v2/ledger/voucher/609090250"}, "date": "2026-03-21", "description": "Remove duplicate posting for account 7100", "account": {"id": 467553758, "url": "kkpqfuj-amager.tripletex.dev/v2/ledger/account/467553758"}, "amortizationAccount": null, "amortizationStartDate": null, "amortizationEndDate": null, "customer": null, "supplier": null, "employee": null, "project": null, "product": null, "department": null, "vatType": {"id": 0, "url": "kkpqfuj-amager.tripletex.dev/v2/ledger/vatType/0"}, "amount": 0.0, "amountCurrency": 0.0, "amountGross": 0.0, "amountGrossCurrency": 0.0, "currency": {"id": 1, "url": "kkpqfuj-amager.tripletex.dev/v2/currency/1"}, "closeGroup": null, "invoiceNumber": "", "termOfPayment": null, "row": 1, "type": null, "externalRef": "", "systemGenerated": false, "taxTransactionType": "(Ikke valgt)", "taxTransactionTypeId": 0, "matched": false, "quantityAmount1": 0, "quantityType1": null, "quantityAmount2": 0, "quantityType2": null, "isVatReadonly": true, "isAmountVatClosed": false, "postingRuleId": 0, "freeAccount…
  Iteration 9 took 2.3s

──────────────────────────────────────────────────
  ITERATION 10/25
──────────────────────────────────────────────────
  Tokens: prompt=23366 completion=130 total_session=193013
  Messages: 21 (78,550 chars)
  Tool calls (1):
    [1] tripletex_api({"method":"POST","path":"/ledger/voucher","body":{"date":"2026-03-21","description":"Correction of missing VAT line on account 2710 for account 6540 expense","postings":[{"row":1,"date":"2026-03-21","amount":11450,"amountCurrency":11450,"account":{"id":467553727}},{"row":2,"date":"2026-03-21","amount":-2862.5,"amountCurrency":-2862.5,"account":{"id":467553538}}]}})
    │  [reject] 1 rule violation(s):
    │    • [voucher-balance] Voucher postings must sum to zero but sum to 8587.5. Debit = positive, Credit = negative. Adjust amounts so they balance.
  Iteration 10 took 2.0s

──────────────────────────────────────────────────
  ITERATION 11/25
──────────────────────────────────────────────────
  Tokens: prompt=23608 completion=134 total_session=216755
  Messages: 23 (78,945 chars)
  Tool calls (1):
    [1] tripletex_api({"method":"POST","path":"/ledger/voucher","body":{"date":"2026-03-21","description":"Correction of missing VAT line on account 2710 for account 6540 expense","postings":[{"row":1,"date":"2026-03-21","amount":14312.5,"amountCurrency":14312.5,"account":{"id":467553727}},{"row":2,"date":"2026-03-21","amount":-2862.5,"amountCurrency":-2862.5,"account":{"id":467553538}}]}})
    │  [reject] 1 rule violation(s):
    │    • [voucher-balance] Voucher postings must sum to zero but sum to 11450.0. Debit = positive, Credit = negative. Adjust amounts so they balance.
  Iteration 11 took 1.8s

──────────────────────────────────────────────────
  ITERATION 12/25
──────────────────────────────────────────────────
  Tokens: prompt=23854 completion=169 total_session=240778
  Messages: 25 (79,342 chars)
  Tool calls (1):
    [1] tripletex_api({"method":"POST","path":"/ledger/voucher","body":{"date":"2026-03-21","description":"Correction of missing VAT line on account 2710 for account 6540 expense","postings":[{"row":1,"date":"2026-03-21","amount":14312.5,"amountCurrency":14312.5,"account":{"id":467553727}},{"row":2,"date":"2026-03-21","amount":-2862.5,"amountCurrency":-2862.5,"account":{"id":467553538}},{"row":3,"date":"2026-03-21","amount":-11450,"amountCurrency":-11450,"account":{"id":467553727}}]}})
    ┌─ API POST /ledger/voucher
    │  body:   {"date": "2026-03-21", "description": "Correction of missing VAT line on account 2710 for account 6540 expense", "postings": [{"row": 1, "date": "2026-03-21", "amount": 14312.5, "amountCurrency": 14312.5, "account": {"id": 467553727}}, {"row": 2, "date": "2026-03-21", "amount": -2862.5, "amountCurrency": -2862.5, "account": {"id": 467553538}}, {"row": 3, "date": "2026-03-21", "amount": -11450, "amountCurrency": -11450, "account": {"id": 467553727}}]}
    └─ 201 OK (0.4s) id=609090294
    │  response: {"value": {"id": 609090294, "version": 5, "url": "kkpqfuj-amager.tripletex.dev/v2/ledger/voucher/609090294", "date": "2026-03-21", "number": 33, "tempNumber": 0, "year": 2026, "description": "Correction of missing VAT line on account 2710 for account 6540 expense", "voucherType": null, "reverseVoucher": null, "postings": [{"id": 3845644319, "version": 1, "url": "kkpqfuj-amager.tripletex.dev/v2/ledger/posting/3845644319", "voucher": {"id": 609090294, "url": "kkpqfuj-amager.tripletex.dev/v2/ledger/voucher/609090294"}, "date": "2026-03-21", "description": "Correction of missing VAT line on account 2710 for account 6540 expense", "account": {"id": 467553727, "url": "kkpqfuj-amager.tripletex.dev/v2/ledger/account/467553727"}, "amortizationAccount": null, "amortizationStartDate": null, "amortizationEndDate": null, "customer": null, "supplier": null, "employee": null, "project": null, "product": null, "department": null, "vatType": {"id": 0, "url": "kkpqfuj-amager.tripletex.dev/v2/ledger/vatType/0"}, "amount": 0.0, "amountCurrency": 0.0, "amountGross": 0.0, "amountGrossCurrency": 0.0, "currency": {"id": 1, "url": "kkpqfuj-amager.tripletex.dev/v2/currency/1"}, "closeGroup": null, "invoiceNumber": "", "termOfPayment": null, "row": 1, "type": null, "externalRef": "", "systemGenerated": false, "taxTransactionType": "(Ikke valgt)", "taxTransactionTypeId": 0, "matched": false, "quantityAmount1": 0, "quantityType1": null, "quantityAmount2": 0, "quantityType2": null, "isVatReadonly": false,…
  Iteration 12 took 2.7s

──────────────────────────────────────────────────
  ITERATION 13/25
──────────────────────────────────────────────────
  Tokens: prompt=25535 completion=119 total_session=266432
  Messages: 27 (83,895 chars)
  Tool calls (1):
    [1] tripletex_api({"method":"POST","path":"/ledger/voucher","body":{"date":"2026-03-21","description":"Correction of incorrect amount on account 6300","postings":[{"row":1,"date":"2026-03-21","amount":8200,"amountCurrency":8200,"account":{"id":467553712}},{"row":2,"date":"2026-03-21","amount":-5800,"amountCurrency":-5800,"account":{"id":467553712}}]}})
    │  [reject] 1 rule violation(s):
    │    • [voucher-balance] Voucher postings must sum to zero but sum to 2400. Debit = positive, Credit = negative. Adjust amounts so they balance.
  Iteration 13 took 1.8s

──────────────────────────────────────────────────
  ITERATION 14/25
──────────────────────────────────────────────────
  Tokens: prompt=25762 completion=119 total_session=292313
  Messages: 29 (84,286 chars)
  Tool calls (1):
    [1] tripletex_api({"method":"POST","path":"/ledger/voucher","body":{"date":"2026-03-21","description":"Correction of incorrect amount on account 6300","postings":[{"row":1,"date":"2026-03-21","amount":5800,"amountCurrency":5800,"account":{"id":467553712}},{"row":2,"date":"2026-03-21","amount":-8200,"amountCurrency":-8200,"account":{"id":467553712}}]}})
    │  [reject] 1 rule violation(s):
    │    • [voucher-balance] Voucher postings must sum to zero but sum to -2400. Debit = positive, Credit = negative. Adjust amounts so they balance.
  Iteration 14 took 2.7s

──────────────────────────────────────────────────
  ITERATION 15/25
──────────────────────────────────────────────────
  Tokens: prompt=25989 completion=187 total_session=318489
  Messages: 31 (84,679 chars)
  Tool calls (1):
    [1] tripletex_api({"method":"POST","path":"/ledger/voucher","body":{"date":"2026-03-21","description":"Correction of incorrect amount on account 6300","postings":[{"row":1,"date":"2026-03-21","amount":8200,"amountCurrency":8200,"account":{"id":467553712}},{"row":2,"date":"2026-03-21","amount":-8200,"amountCurrency":-8200,"account":{"id":467553538}},{"row":3,"date":"2026-03-21","amount":5800,"amountCurrency":5800,"account":{"id":467553538}},{"row":4,"date":"2026-03-21","amount":-5800,"amountCurrency":-5800,"account":{"id":467553712}}]}})
    ┌─ API POST /ledger/voucher
    │  body:   {"date": "2026-03-21", "description": "Correction of incorrect amount on account 6300", "postings": [{"row": 1, "date": "2026-03-21", "amount": 8200, "amountCurrency": 8200, "account": {"id": 467553712}}, {"row": 2, "date": "2026-03-21", "amount": -8200, "amountCurrency": -8200, "account": {"id": 467553538}}, {"row": 3, "date": "2026-03-21", "amount": 5800, "amountCurrency": 5800, "account": {"id": 467553538}}, {"row": 4, "date": "2026-03-21", "amount": -5800, "amountCurrency": -5800, "account": {"id": 467553712}}]}
    └─ 201 OK (0.4s) id=609090343
    │  response: {"value": {"id": 609090343, "version": 5, "url": "kkpqfuj-amager.tripletex.dev/v2/ledger/voucher/609090343", "date": "2026-03-21", "number": 34, "tempNumber": 0, "year": 2026, "description": "Correction of incorrect amount on account 6300", "voucherType": null, "reverseVoucher": null, "postings": [{"id": 3845644450, "version": 1, "url": "kkpqfuj-amager.tripletex.dev/v2/ledger/posting/3845644450", "voucher": {"id": 609090343, "url": "kkpqfuj-amager.tripletex.dev/v2/ledger/voucher/609090343"}, "date": "2026-03-21", "description": "Correction of incorrect amount on account 6300", "account": {"id": 467553712, "url": "kkpqfuj-amager.tripletex.dev/v2/ledger/account/467553712"}, "amortizationAccount": null, "amortizationStartDate": null, "amortizationEndDate": null, "customer": null, "supplier": null, "employee": null, "project": null, "product": null, "department": null, "vatType": {"id": 0, "url": "kkpqfuj-amager.tripletex.dev/v2/ledger/vatType/0"}, "amount": 0.0, "amountCurrency": 0.0, "amountGross": 0.0, "amountGrossCurrency": 0.0, "currency": {"id": 1, "url": "kkpqfuj-amager.tripletex.dev/v2/currency/1"}, "closeGroup": null, "invoiceNumber": "", "termOfPayment": null, "row": 1, "type": null, "externalRef": "", "systemGenerated": false, "taxTransactionType": "(Ikke valgt)", "taxTransactionTypeId": 0, "matched": false, "quantityAmount1": 0, "quantityType1": null, "quantityAmount2": 0, "quantityType2": null, "isVatReadonly": false, "isAmountVatClosed": false, "postingRuleId": 0, "…
  Iteration 15 took 2.4s

──────────────────────────────────────────────────
  ITERATION 16/25
──────────────────────────────────────────────────
  Tokens: prompt=28099 completion=9 total_session=346597
  Messages: 33 (90,449 chars)
  Tool calls (1):
    [1] done()

  ⏳ Verifying task completion (258s remaining)...
  📋 Verification prompt (5643 chars):
    │ TASK: We have discovered errors in the general ledger for January and February 2026. Review all vouchers and find the 4 errors: a posting to the wrong account (account 6500 used instead of 6540, amount 7350 NOK), a duplicate voucher (account 7100, amount 3200 NOK), a missing VAT line (account 6540, amount excl. 11450 NOK missing VAT on account 2710), and an incorrect amount (account 6300, 8200 NOK posted instead of 5800 NOK). Correct all errors with appropriate correction vouchers.
    │ 
    │ 
    │ ACTION LOG (chronological):
    │ CALL: tripletex_api({"method":"GET","path":"/ledger/voucher"})
    │ status=400
    │ CALL: tripletex_api({"method":"GET","path":"/ledger/voucher?dateFrom=2026-01-01&dateTo=2026-02-29"})
    │ CALL: tripletex_api({"method":"GET","path":"/ledger/account","params":{"number":"6500"}})
    │ status=ok
    │ CALL: tripletex_api({"method":"GET","path":"/ledger/account","params":{"number":"6540"}})
    │ status=ok
    │ CALL: tripletex_api({"method":"GET","path":"/ledger/account","params":{"number":"2710"}})
    │ status=ok
    │ CALL: tripletex_api({"method":"GET","path":"/ledger/account","params":{"number":"6300"}})
    │ status=ok
    │ CALL: tripletex_api({"method":"GET","path":"/ledger/account","params":{"number":"7100"}})
    │ status=ok
    │ CALL: tripletex_api({"method":"POST","path":"/ledger/voucher","body":{"date":"2026-03-21","description":"Correction of wrong account posting from 6500 to 6540","postings":[{"row":1,"date":"2026-03-21","amount":7350,"amountCurrency":7350,"account":{"id":467553723}},{"row":2,"date":"2026-03-21","amount":-7350,"amountCurr)
    │ status=ok id=609090233
    │ CALL: tripletex_api({"method":"POST","path":"/ledger/voucher","body":{"date":"2026-03-21","description":"Remove duplicate posting for account 7100","postings":[{"row":1,"date":"2026-03-21","amount":3200,"amountCurrency":3200,"account":{"id":467553758}},{"row":2,"date":"2026-03-21","amount":-3200,"amountCurrency":-3200,)
    │ status=ok id=609090250
    │ CALL: tripletex_api({"method":"POST","path":"/ledger/voucher","body":{"date":"2026-03-21","description":"Correction of missing VAT line on account 2710 for account 6540 expense","postings":[{"row":1,"date":"2026-03-21","amount":11450,"amountCurrency":11450,"account":{"id":467553727}},{"row":2,"date":"2026-03-21","amoun)
    │ status=400
    │ CALL: tripletex_api({"method":"POST","path":"/ledger/voucher","body":{"date":"2026-03-21","description":"Correction of missing VAT line on account 2710 for account 6540 expense","postings":[{"row":1,"date":"2026-03-21","amount":14312.5,"amountCurrency":14312.5,"account":{"id":467553727}},{"row":2,"date":"2026-03-21","a)
    │ status=400
    │ CALL: tripletex_api({"method":"POST","path":"/ledger/voucher","body":{"date":"2026-03-21","description":"Correction of missing VAT line on account 2710 for account 6540 expense","postings":[{"row":1,"date":"2026-03-21","amount":14312.5,"amountCurrency":14312.5,"account":{"id":467553727}},{"row":2,"date":"2026-03-21","a)
    │ status=ok id=609090294
    │ CALL: tripletex_api({"method":"POST","path":"/ledger/voucher","body":{"date":"2026-03-21","description":"Correction of incorrect amount on account 6300","postings":[{"row":1,"date":"2026-03-21","amount":8200,"amountCurrency":8200,"account":{"id":467553712}},{"row":2,"date":"2026-03-21","amount":-5800,"amountCurrency":-)
    │ status=400
    │ CALL: tripletex_api({"method":"POST","path":"/ledger/voucher","body":{"date":"2026-03-21","description":"Correction of incorrect amount on account 6300","postings":[{"row":1,"date":"2026-03-21","amount":5800,"amountCurrency":5800,"account":{"id":467553712}},{"row":2,"date":"2026-03-21","amount":-8200,"amountCurrency":-)
    │ status=400
    │ CALL: tripletex_api({"method":"POST","path":"/ledger/voucher","body":{"date":"2026-03-21","description":"Correction of incorrect amount on account 6300","postings":[{"row":1,"date":"2026-03-21","amount":8200,"amountCurrency":8200,"account":{"id":467553712}},{"row":2,"date":"2026-03-21","amount":-8200,"amountCurrency":-)
    │ status=ok id=609090343
    │ CALL: done({})
    │ 
    │ You are an accounting verification agent. Based ONLY on the action log above, check:
    │ 1. MATH: All amounts, percentages, VAT calculations correct? (e.g. if task says 50% of 274950, invoice total incl VAT must be 137475)
    │ 2. COMPLETENESS: Were all steps in the task done? Look at the CALL entries — if the action log shows the step was performed with status=ok, it WAS done. Do NOT say a step is missing if you can see it in the log!
    │ IMPORTANT: 'Fakturer'/'Invoice' just means create an invoice — do NOT require sending unless the task explicitly says send/sende/enviar/envoyer/senden!
    │ 3. DATA: Names, org numbers, dates match the task?
    │ 4. AMOUNTS: If any created entity shows amount=0 or totalAmount=0 in the response, that is WRONG — the postings failed silently. EXCEPTION: Supplier invoice (supplierInvoice) responses normally show amount=0 — this is OK.
    │ 5. BUDGET vs INVOICE: NEVER flag a mismatch between project budget and invoice total. For fixed-price projects the invoice excl. VAT matches the fixedprice — this is CORRECT. For other projects, invoice is based on actual work/costs. Either way, do NOT fail on budget vs invoice differences.
    │ 
    │ CRITICAL: Be CONSERVATIVE. When in doubt, say PASS.
    │ Only say FAIL for CLEAR, OBJECTIVE, SPECIFIC errors (wrong math, completely missing step, wrong name).
    │ Do NOT say FAIL for: vague concerns, 'might be wrong', uncertain issues, minor stylistic differences, or steps you cannot confirm from the log (absence of evidence is NOT evidence of absence).
    │ If the action log shows all main steps completed with status=ok, say PASS.
    │ 
    │ Reply ONLY with either:
    │ - 'PASS' if everything looks correct or you are unsure
    │ - 'FAIL: <specific issue>' ONLY if there is an obvious, objective error
  🔍 Verification (1626 tokens): PASS

  ✓ DONE — 16 iterations, 346597 tokens, 31.9s

======================================================================
  TASK COMPLETE — total 32.5s
======================================================================

